#
# There is insufficient memory for the Java Runtime Environment to continue.
# Native memory allocation (malloc) failed to allocate 1263520 bytes for Chunk::new
# Possible reasons:
#   The system is out of physical RAM or swap space
#   The process is running with CompressedOops enabled, and the Java Heap may be blocking the growth of the native heap
# Possible solutions:
#   Reduce memory load on the system
#   Increase physical memory or swap space
#   Check if swap backing store is full
#   Decrease Java heap size (-Xmx/-Xms)
#   Decrease number of Java threads
#   Decrease Java thread stack sizes (-Xss)
#   Set larger code cache with -XX:ReservedCodeCacheSize=
#   JVM is running with Unscaled Compressed Oops mode in which the Java heap is
#     placed in the first 4GB address space. The Java Heap base address is the
#     maximum limit for the native heap growth. Please use -XX:HeapBaseMinAddress
#     to set the Java Heap base and to place the Java Heap above 4GB virtual address.
# This output file may be truncated or incomplete.
#
#  Out of Memory Error (arena.cpp:189), pid=14800, tid=9400
#
# JRE version: OpenJDK Runtime Environment (17.0.6) (build 17.0.6+0-b2043.56-10027231)
# Java VM: OpenJDK 64-Bit Server VM (17.0.6+0-b2043.56-10027231, mixed mode, tiered, compressed oops, compressed class ptrs, g1 gc, windows-amd64)
# No core dump will be written. Minidumps are not enabled by default on client versions of Windows
#

---------------  S U M M A R Y ------------

Command Line: --add-opens=java.base/java.util=ALL-UNNAMED --add-opens=java.base/java.lang=ALL-UNNAMED --add-opens=java.base/java.lang.invoke=ALL-UNNAMED --add-opens=java.prefs/java.util.prefs=ALL-UNNAMED --add-opens=java.base/java.nio.charset=ALL-UNNAMED --add-opens=java.base/java.net=ALL-UNNAMED --add-opens=java.base/java.util.concurrent.atomic=ALL-UNNAMED -Xmx2048m -Dfile.encoding=UTF-8 -Duser.country=BR -Duser.language=pt -Duser.variant org.gradle.launcher.daemon.bootstrap.GradleDaemon 8.0

Host: Intel(R) Core(TM) i7-8565U CPU @ 1.80GHz, 8 cores, 7G,  Windows 11 , 64 bit Build 22621 (10.0.22621.3958)
Time: Sun Sep  1 17:25:11 2024 Hora oficial do Brasil elapsed time: 11.495274 seconds (0d 0h 0m 11s)

---------------  T H R E A D  ---------------

Current thread (0x000001ec9cbd9aa0):  JavaThread "C2 CompilerThread1" daemon [_thread_in_native, id=9400, stack(0x00000033bd200000,0x00000033bd300000)]


Current CompileTask:
C2:  11495 9893       4       org.gradle.cache.internal.btree.CachingBlockStore::read (56 bytes)

Stack: [0x00000033bd200000,0x00000033bd300000]
Native frames: (J=compiled Java code, j=interpreted, Vv=VM code, C=native code)
V  [jvm.dll+0x683c9a]
V  [jvm.dll+0x8427a4]
V  [jvm.dll+0x843f9e]
V  [jvm.dll+0x844603]
V  [jvm.dll+0x249b75]
V  [jvm.dll+0xabcac]
V  [jvm.dll+0xac27c]
V  [jvm.dll+0x368857]
V  [jvm.dll+0x332f31]
V  [jvm.dll+0x3323da]
V  [jvm.dll+0x21c201]
V  [jvm.dll+0x21b621]
V  [jvm.dll+0x1a4fdd]
V  [jvm.dll+0x22b098]
V  [jvm.dll+0x229159]
V  [jvm.dll+0x7f81ec]
V  [jvm.dll+0x7f274a]
V  [jvm.dll+0x682ad5]
C  [ucrtbase.dll+0x29333]
C  [KERNEL32.DLL+0x1257d]
C  [ntdll.dll+0x5af28]


---------------  P R O C E S S  ---------------

Threads class SMR info:
_java_thread_list=0x000001eca43adc40, length=136, elements={
0x000001ecfffdbfd0, 0x000001ec9bffb020, 0x000001ec9bffbe90, 0x000001ec9c8256e0,
0x000001ec9c834df0, 0x000001ec9c83b5d0, 0x000001ec9c83b100, 0x000001ec9c83cd80,
0x000001ec9c8472b0, 0x000001ec9c84b730, 0x000001ec9c83a760, 0x000001ec9c837c10,
0x000001ec9cbd9aa0, 0x000001ec9d112e00, 0x000001ec9c8385b0, 0x000001ec9c839dc0,
0x000001ec9c83a290, 0x000001ec9c83ac30, 0x000001ec9c838a80, 0x000001ec9c838f50,
0x000001ec9c839420, 0x000001ec9c8398f0, 0x000001ec9f0769b0, 0x000001ec9f076e80,
0x000001ec9f077cf0, 0x000001ec9f078690, 0x000001ec9f078b60, 0x000001ec9f079030,
0x000001ec9f079500, 0x000001ec9f0781c0, 0x000001ec9f0799d0, 0x000001eca0d8a5d0,
0x000001eca0d875b0, 0x000001eca0d8aaa0, 0x000001eca0d87f50, 0x000001eca0d888f0,
0x000001eca0d89760, 0x000001eca0d89290, 0x000001eca0d8bde0, 0x000001eca0d89c30,
0x000001eca0d84a60, 0x000001eca0d8a100, 0x000001eca0d87a80, 0x000001eca0d870e0,
0x000001eca0d86c10, 0x000001ec9df08b00, 0x000001ec9df08160, 0x000001ec9df09e40,
0x000001ec9df094a0, 0x000001ec9df09970, 0x000001ec9df07c90, 0x000001ec9df0a310,
0x000001ec9df0a7e0, 0x000001ec9df08630, 0x000001ec9df08fd0, 0x000001ec9df06e20,
0x000001ec9df077c0, 0x000001ec9df072f0, 0x000001eca2af1820, 0x000001eca2aec180,
0x000001eca2aed990, 0x000001eca2aeb7e0, 0x000001eca2af1350, 0x000001eca2aef1a0,
0x000001eca2af0010, 0x000001eca2af2b60, 0x000001eca2aeecd0, 0x000001eca2aede60,
0x000001eca2af3030, 0x000001eca2aee800, 0x000001eca2af1cf0, 0x000001eca2aed4c0,
0x000001eca2aef670, 0x000001eca2aee330, 0x000001eca2aecb20, 0x000001eca2aefb40,
0x000001eca2aebcb0, 0x000001eca2aecff0, 0x000001eca2aec650, 0x000001eca2af04e0,
0x000001eca2af09b0, 0x000001eca2af0e80, 0x000001eca2af21c0, 0x000001eca2af2690,
0x000001ec9f45bb40, 0x000001ec9f459e60, 0x000001ec9f45b670, 0x000001ec9f457310,
0x000001ec9f45d820, 0x000001ec9f458180, 0x000001ec9f455fd0, 0x000001ec9f4577e0,
0x000001ec9f45c4e0, 0x000001ec9f45ce80, 0x000001ec9f459990, 0x000001ec9f4564a0,
0x000001ec9f458650, 0x000001ec9f45c010, 0x000001ec9f45a330, 0x000001ec9f4594c0,
0x000001ec9f458b20, 0x000001ec9f45c9b0, 0x000001ec9f45a800, 0x000001ec9f458ff0,
0x000001ec9f45b1a0, 0x000001ec9f45acd0, 0x000001ec9f45d350, 0x000001ec9f456970,
0x000001ec9f456e40, 0x000001ec9f457cb0, 0x000001eca2c56c40, 0x000001eca2c510d0,
0x000001eca2c575e0, 0x000001eca2c528e0, 0x000001eca2c58920, 0x000001eca2c51f40,
0x000001eca2c52db0, 0x000001eca2c545c0, 0x000001eca2c57110, 0x000001eca2c540f0,
0x000001eca2c57f80, 0x000001eca2c54f60, 0x000001eca2c515a0, 0x000001eca2c53280,
0x000001eca2c54a90, 0x000001eca2c53c20, 0x000001eca2c562a0, 0x000001eca2c56770,
0x000001eca2944fb0, 0x000001eca2945e20, 0x000001eca29484a0, 0x000001eca2948970,
0x000001eca2947b00, 0x000001eca2945480, 0x000001eca2947fd0, 0x000001eca2945950
}

Java Threads: ( => current thread )
  0x000001ecfffdbfd0 JavaThread "main" [_thread_blocked, id=15300, stack(0x00000033bbf00000,0x00000033bc000000)]
  0x000001ec9bffb020 JavaThread "Reference Handler" daemon [_thread_blocked, id=13740, stack(0x00000033bc600000,0x00000033bc700000)]
  0x000001ec9bffbe90 JavaThread "Finalizer" daemon [_thread_blocked, id=15936, stack(0x00000033bc700000,0x00000033bc800000)]
  0x000001ec9c8256e0 JavaThread "Signal Dispatcher" daemon [_thread_blocked, id=3788, stack(0x00000033bc800000,0x00000033bc900000)]
  0x000001ec9c834df0 JavaThread "Attach Listener" daemon [_thread_blocked, id=16280, stack(0x00000033bc900000,0x00000033bca00000)]
  0x000001ec9c83b5d0 JavaThread "Service Thread" daemon [_thread_blocked, id=11520, stack(0x00000033bca00000,0x00000033bcb00000)]
  0x000001ec9c83b100 JavaThread "Monitor Deflation Thread" daemon [_thread_blocked, id=7644, stack(0x00000033bcb00000,0x00000033bcc00000)]
  0x000001ec9c83cd80 JavaThread "C2 CompilerThread0" daemon [_thread_in_native, id=3504, stack(0x00000033bcc00000,0x00000033bcd00000)]
  0x000001ec9c8472b0 JavaThread "C1 CompilerThread0" daemon [_thread_in_native, id=9024, stack(0x00000033bcd00000,0x00000033bce00000)]
  0x000001ec9c84b730 JavaThread "Sweeper thread" daemon [_thread_blocked, id=10024, stack(0x00000033bce00000,0x00000033bcf00000)]
  0x000001ec9c83a760 JavaThread "Common-Cleaner" daemon [_thread_blocked, id=14496, stack(0x00000033bcf00000,0x00000033bd000000)]
  0x000001ec9c837c10 JavaThread "Notification Thread" daemon [_thread_blocked, id=17364, stack(0x00000033bd000000,0x00000033bd100000)]
=>0x000001ec9cbd9aa0 JavaThread "C2 CompilerThread1" daemon [_thread_in_native, id=9400, stack(0x00000033bd200000,0x00000033bd300000)]
  0x000001ec9d112e00 JavaThread "C2 CompilerThread2" daemon [_thread_in_native, id=9768, stack(0x00000033bd300000,0x00000033bd400000)]
  0x000001ec9c8385b0 JavaThread "Daemon health stats" [_thread_blocked, id=7788, stack(0x00000033bd800000,0x00000033bd900000)]
  0x000001ec9c839dc0 JavaThread "Incoming local TCP Connector on port 52839" [_thread_in_native, id=5444, stack(0x00000033bd900000,0x00000033bda00000)]
  0x000001ec9c83a290 JavaThread "Daemon periodic checks" [_thread_blocked, id=7804, stack(0x00000033bda00000,0x00000033bdb00000)]
  0x000001ec9c83ac30 JavaThread "Daemon" [_thread_blocked, id=12044, stack(0x00000033bdb00000,0x00000033bdc00000)]
  0x000001ec9c838a80 JavaThread "Handler for socket connection from /127.0.0.1:52839 to /127.0.0.1:52840" [_thread_in_native, id=14204, stack(0x00000033bdc00000,0x00000033bdd00000)]
  0x000001ec9c838f50 JavaThread "Cancel handler" [_thread_blocked, id=12656, stack(0x00000033bdd00000,0x00000033bde00000)]
  0x000001ec9c839420 JavaThread "Daemon worker" [_thread_blocked, id=16760, stack(0x00000033bde00000,0x00000033bdf00000)]
  0x000001ec9c8398f0 JavaThread "Asynchronous log dispatcher for DefaultDaemonConnection: socket connection from /127.0.0.1:52839 to /127.0.0.1:52840" [_thread_blocked, id=4404, stack(0x00000033bdf00000,0x00000033be000000)]
  0x000001ec9f0769b0 JavaThread "Stdin handler" [_thread_blocked, id=16728, stack(0x00000033be000000,0x00000033be100000)]
  0x000001ec9f076e80 JavaThread "Daemon client event forwarder" [_thread_blocked, id=11776, stack(0x00000033be100000,0x00000033be200000)]
  0x000001ec9f077cf0 JavaThread "Cache worker for journal cache (C:\Users\scher\.gradle\caches\journal-1)" [_thread_blocked, id=12568, stack(0x00000033be600000,0x00000033be700000)]
  0x000001ec9f078690 JavaThread "File lock request listener" [_thread_in_native, id=9492, stack(0x00000033be700000,0x00000033be800000)]
  0x000001ec9f078b60 JavaThread "Cache worker for file hash cache (C:\Users\scher\.gradle\caches\8.0\fileHashes)" [_thread_blocked, id=9912, stack(0x00000033be800000,0x00000033be900000)]
  0x000001ec9f079030 JavaThread "File watcher server" daemon [_thread_in_native, id=4160, stack(0x00000033be900000,0x00000033bea00000)]
  0x000001ec9f079500 JavaThread "File watcher consumer" daemon [_thread_blocked, id=3636, stack(0x00000033bea00000,0x00000033beb00000)]
  0x000001ec9f0781c0 JavaThread "jar transforms" [_thread_blocked, id=15972, stack(0x00000033beb00000,0x00000033bec00000)]
  0x000001ec9f0799d0 JavaThread "jar transforms Thread 2" [_thread_blocked, id=13416, stack(0x00000033bec00000,0x00000033bed00000)]
  0x000001eca0d8a5d0 JavaThread "jar transforms Thread 3" [_thread_blocked, id=12920, stack(0x00000033bed00000,0x00000033bee00000)]
  0x000001eca0d875b0 JavaThread "jar transforms Thread 4" [_thread_blocked, id=3660, stack(0x00000033bee00000,0x00000033bef00000)]
  0x000001eca0d8aaa0 JavaThread "jar transforms Thread 5" [_thread_blocked, id=16796, stack(0x00000033bef00000,0x00000033bf000000)]
  0x000001eca0d87f50 JavaThread "jar transforms Thread 6" [_thread_blocked, id=13404, stack(0x00000033bf000000,0x00000033bf100000)]
  0x000001eca0d888f0 JavaThread "jar transforms Thread 7" [_thread_blocked, id=15380, stack(0x00000033bf100000,0x00000033bf200000)]
  0x000001eca0d89760 JavaThread "jar transforms Thread 8" [_thread_blocked, id=16684, stack(0x00000033bf200000,0x00000033bf300000)]
  0x000001eca0d89290 JavaThread "Cache worker for checksums cache (C:\Users\scher\Documents\PROJETOS ANDROID\RECICLAAI\.gradle\8.0\checksums)" [_thread_blocked, id=3640, stack(0x00000033bf300000,0x00000033bf400000)]
  0x000001eca0d8bde0 JavaThread "Cache worker for cache directory md-rule (C:\Users\scher\.gradle\caches\8.0\md-rule)" [_thread_blocked, id=6544, stack(0x00000033bf400000,0x00000033bf500000)]
  0x000001eca0d89c30 JavaThread "Cache worker for file content cache (C:\Users\scher\.gradle\caches\8.0\fileContent)" [_thread_blocked, id=8400, stack(0x00000033bf500000,0x00000033bf600000)]
  0x000001eca0d84a60 JavaThread "Cache worker for file hash cache (C:\Users\scher\Documents\PROJETOS ANDROID\RECICLAAI\.gradle\8.0\fileHashes)" [_thread_blocked, id=3836, stack(0x00000033bf600000,0x00000033bf700000)]
  0x000001eca0d8a100 JavaThread "Cache worker for cache directory md-supplier (C:\Users\scher\.gradle\caches\8.0\md-supplier)" [_thread_blocked, id=12996, stack(0x00000033bf700000,0x00000033bf800000)]
  0x000001eca0d87a80 JavaThread "Cache worker for execution history cache (C:\Users\scher\.gradle\caches\8.0\executionHistory)" [_thread_blocked, id=14144, stack(0x00000033bf800000,0x00000033bf900000)]
  0x000001eca0d870e0 JavaThread "Cache worker for dependencies-accessors (C:\Users\scher\Documents\PROJETOS ANDROID\RECICLAAI\.gradle\8.0\dependencies-accessors)" [_thread_blocked, id=12052, stack(0x00000033bf900000,0x00000033bfa00000)]
  0x000001eca0d86c10 JavaThread "Cache worker for Build Output Cleanup Cache (C:\Users\scher\Documents\PROJETOS ANDROID\RECICLAAI\.gradle\buildOutputCleanup)" [_thread_blocked, id=17332, stack(0x00000033bfa00000,0x00000033bfb00000)]
  0x000001ec9df08b00 JavaThread "Unconstrained build operations" [_thread_blocked, id=9652, stack(0x00000033bfb00000,0x00000033bfc00000)]
  0x000001ec9df08160 JavaThread "Unconstrained build operations Thread 2" [_thread_blocked, id=14976, stack(0x00000033bfc00000,0x00000033bfd00000)]
  0x000001ec9df09e40 JavaThread "Unconstrained build operations Thread 3" [_thread_blocked, id=4712, stack(0x00000033bfd00000,0x00000033bfe00000)]
  0x000001ec9df094a0 JavaThread "Unconstrained build operations Thread 4" [_thread_blocked, id=6552, stack(0x00000033bfe00000,0x00000033bff00000)]
  0x000001ec9df09970 JavaThread "Unconstrained build operations Thread 5" [_thread_blocked, id=14940, stack(0x00000033bff00000,0x00000033c0000000)]
  0x000001ec9df07c90 JavaThread "Unconstrained build operations Thread 6" [_thread_blocked, id=8296, stack(0x00000033c0000000,0x00000033c0100000)]
  0x000001ec9df0a310 JavaThread "Unconstrained build operations Thread 7" [_thread_blocked, id=6908, stack(0x00000033c0100000,0x00000033c0200000)]
  0x000001ec9df0a7e0 JavaThread "Unconstrained build operations Thread 8" [_thread_blocked, id=9416, stack(0x00000033c0200000,0x00000033c0300000)]
  0x000001ec9df08630 JavaThread "Unconstrained build operations Thread 9" [_thread_blocked, id=11508, stack(0x00000033c0300000,0x00000033c0400000)]
  0x000001ec9df08fd0 JavaThread "Unconstrained build operations Thread 10" [_thread_blocked, id=14568, stack(0x00000033c0400000,0x00000033c0500000)]
  0x000001ec9df06e20 JavaThread "Unconstrained build operations Thread 11" [_thread_blocked, id=4744, stack(0x00000033c0500000,0x00000033c0600000)]
  0x000001ec9df077c0 JavaThread "Unconstrained build operations Thread 12" [_thread_blocked, id=3220, stack(0x00000033c0600000,0x00000033c0700000)]
  0x000001ec9df072f0 JavaThread "Unconstrained build operations Thread 13" [_thread_blocked, id=15504, stack(0x00000033c0700000,0x00000033c0800000)]
  0x000001eca2af1820 JavaThread "Unconstrained build operations Thread 14" [_thread_blocked, id=8240, stack(0x00000033c0800000,0x00000033c0900000)]
  0x000001eca2aec180 JavaThread "Unconstrained build operations Thread 15" [_thread_blocked, id=5588, stack(0x00000033c0900000,0x00000033c0a00000)]
  0x000001eca2aed990 JavaThread "Unconstrained build operations Thread 16" [_thread_blocked, id=10744, stack(0x00000033c0a00000,0x00000033c0b00000)]
  0x000001eca2aeb7e0 JavaThread "Unconstrained build operations Thread 17" [_thread_blocked, id=3356, stack(0x00000033c0b00000,0x00000033c0c00000)]
  0x000001eca2af1350 JavaThread "Unconstrained build operations Thread 18" [_thread_in_Java, id=12564, stack(0x00000033c0c00000,0x00000033c0d00000)]
  0x000001eca2aef1a0 JavaThread "Unconstrained build operations Thread 19" [_thread_blocked, id=11988, stack(0x00000033c0d00000,0x00000033c0e00000)]
  0x000001eca2af0010 JavaThread "Unconstrained build operations Thread 20" [_thread_blocked, id=9464, stack(0x00000033c0e00000,0x00000033c0f00000)]
  0x000001eca2af2b60 JavaThread "Unconstrained build operations Thread 21" [_thread_blocked, id=15732, stack(0x00000033c0f00000,0x00000033c1000000)]
  0x000001eca2aeecd0 JavaThread "Unconstrained build operations Thread 22" [_thread_blocked, id=16448, stack(0x00000033c1000000,0x00000033c1100000)]
  0x000001eca2aede60 JavaThread "Unconstrained build operations Thread 23" [_thread_blocked, id=1744, stack(0x00000033c1100000,0x00000033c1200000)]
  0x000001eca2af3030 JavaThread "Unconstrained build operations Thread 24" [_thread_blocked, id=6944, stack(0x00000033c1200000,0x00000033c1300000)]
  0x000001eca2aee800 JavaThread "Unconstrained build operations Thread 25" [_thread_blocked, id=12556, stack(0x00000033c1300000,0x00000033c1400000)]
  0x000001eca2af1cf0 JavaThread "Unconstrained build operations Thread 26" [_thread_blocked, id=15644, stack(0x00000033c1400000,0x00000033c1500000)]
  0x000001eca2aed4c0 JavaThread "Unconstrained build operations Thread 27" [_thread_blocked, id=5608, stack(0x00000033c1500000,0x00000033c1600000)]
  0x000001eca2aef670 JavaThread "Unconstrained build operations Thread 28" [_thread_blocked, id=12076, stack(0x00000033c1600000,0x00000033c1700000)]
  0x000001eca2aee330 JavaThread "Unconstrained build operations Thread 29" [_thread_blocked, id=2112, stack(0x00000033c1700000,0x00000033c1800000)]
  0x000001eca2aecb20 JavaThread "Unconstrained build operations Thread 30" [_thread_blocked, id=13492, stack(0x00000033c1800000,0x00000033c1900000)]
  0x000001eca2aefb40 JavaThread "Unconstrained build operations Thread 31" [_thread_blocked, id=5720, stack(0x00000033c1900000,0x00000033c1a00000)]
  0x000001eca2aebcb0 JavaThread "Unconstrained build operations Thread 32" [_thread_blocked, id=6100, stack(0x00000033c1a00000,0x00000033c1b00000)]
  0x000001eca2aecff0 JavaThread "Unconstrained build operations Thread 33" [_thread_blocked, id=2584, stack(0x00000033c1b00000,0x00000033c1c00000)]
  0x000001eca2aec650 JavaThread "Unconstrained build operations Thread 34" [_thread_blocked, id=13160, stack(0x00000033c1c00000,0x00000033c1d00000)]
  0x000001eca2af04e0 JavaThread "Unconstrained build operations Thread 35" [_thread_blocked, id=12700, stack(0x00000033c1d00000,0x00000033c1e00000)]
  0x000001eca2af09b0 JavaThread "Unconstrained build operations Thread 36" [_thread_blocked, id=9976, stack(0x00000033c1e00000,0x00000033c1f00000)]
  0x000001eca2af0e80 JavaThread "Unconstrained build operations Thread 37" [_thread_blocked, id=8660, stack(0x00000033c1f00000,0x00000033c2000000)]
  0x000001eca2af21c0 JavaThread "Unconstrained build operations Thread 38" [_thread_blocked, id=4320, stack(0x00000033c2000000,0x00000033c2100000)]
  0x000001eca2af2690 JavaThread "Unconstrained build operations Thread 39" [_thread_blocked, id=11580, stack(0x00000033c2100000,0x00000033c2200000)]
  0x000001ec9f45bb40 JavaThread "Unconstrained build operations Thread 40" [_thread_blocked, id=3868, stack(0x00000033c2200000,0x00000033c2300000)]
  0x000001ec9f459e60 JavaThread "Unconstrained build operations Thread 41" [_thread_blocked, id=17280, stack(0x00000033c2300000,0x00000033c2400000)]
  0x000001ec9f45b670 JavaThread "Unconstrained build operations Thread 42" [_thread_blocked, id=4168, stack(0x00000033c2400000,0x00000033c2500000)]
  0x000001ec9f457310 JavaThread "Unconstrained build operations Thread 43" [_thread_blocked, id=14784, stack(0x00000033c2500000,0x00000033c2600000)]
  0x000001ec9f45d820 JavaThread "Unconstrained build operations Thread 44" [_thread_blocked, id=10624, stack(0x00000033c2600000,0x00000033c2700000)]
  0x000001ec9f458180 JavaThread "Unconstrained build operations Thread 45" [_thread_blocked, id=14188, stack(0x00000033c2700000,0x00000033c2800000)]
  0x000001ec9f455fd0 JavaThread "Unconstrained build operations Thread 46" [_thread_blocked, id=5096, stack(0x00000033c2800000,0x00000033c2900000)]
  0x000001ec9f4577e0 JavaThread "Unconstrained build operations Thread 47" [_thread_blocked, id=10084, stack(0x00000033c2900000,0x00000033c2a00000)]
  0x000001ec9f45c4e0 JavaThread "Unconstrained build operations Thread 48" [_thread_blocked, id=12628, stack(0x00000033c2a00000,0x00000033c2b00000)]
  0x000001ec9f45ce80 JavaThread "Unconstrained build operations Thread 49" [_thread_blocked, id=13448, stack(0x00000033c2b00000,0x00000033c2c00000)]
  0x000001ec9f459990 JavaThread "Unconstrained build operations Thread 50" [_thread_blocked, id=4012, stack(0x00000033c2c00000,0x00000033c2d00000)]
  0x000001ec9f4564a0 JavaThread "Unconstrained build operations Thread 51" [_thread_blocked, id=6636, stack(0x00000033c2d00000,0x00000033c2e00000)]
  0x000001ec9f458650 JavaThread "Unconstrained build operations Thread 52" [_thread_blocked, id=6072, stack(0x00000033c2e00000,0x00000033c2f00000)]
  0x000001ec9f45c010 JavaThread "Unconstrained build operations Thread 53" [_thread_blocked, id=15756, stack(0x00000033c2f00000,0x00000033c3000000)]
  0x000001ec9f45a330 JavaThread "Unconstrained build operations Thread 54" [_thread_blocked, id=10888, stack(0x00000033c3000000,0x00000033c3100000)]
  0x000001ec9f4594c0 JavaThread "Unconstrained build operations Thread 55" [_thread_blocked, id=2756, stack(0x00000033c3100000,0x00000033c3200000)]
  0x000001ec9f458b20 JavaThread "Unconstrained build operations Thread 56" [_thread_blocked, id=11528, stack(0x00000033c3200000,0x00000033c3300000)]
  0x000001ec9f45c9b0 JavaThread "Unconstrained build operations Thread 57" [_thread_blocked, id=1524, stack(0x00000033c3300000,0x00000033c3400000)]
  0x000001ec9f45a800 JavaThread "Unconstrained build operations Thread 58" [_thread_blocked, id=9388, stack(0x00000033c3400000,0x00000033c3500000)]
  0x000001ec9f458ff0 JavaThread "Unconstrained build operations Thread 59" [_thread_blocked, id=15104, stack(0x00000033c3500000,0x00000033c3600000)]
  0x000001ec9f45b1a0 JavaThread "Unconstrained build operations Thread 60" [_thread_blocked, id=9844, stack(0x00000033c3600000,0x00000033c3700000)]
  0x000001ec9f45acd0 JavaThread "Unconstrained build operations Thread 61" [_thread_blocked, id=7052, stack(0x00000033c3700000,0x00000033c3800000)]
  0x000001ec9f45d350 JavaThread "Unconstrained build operations Thread 62" [_thread_blocked, id=3824, stack(0x00000033c3800000,0x00000033c3900000)]
  0x000001ec9f456970 JavaThread "Unconstrained build operations Thread 63" [_thread_blocked, id=8504, stack(0x00000033c3900000,0x00000033c3a00000)]
  0x000001ec9f456e40 JavaThread "Unconstrained build operations Thread 64" [_thread_blocked, id=10632, stack(0x00000033c3a00000,0x00000033c3b00000)]
  0x000001ec9f457cb0 JavaThread "Unconstrained build operations Thread 65" [_thread_blocked, id=7136, stack(0x00000033c3b00000,0x00000033c3c00000)]
  0x000001eca2c56c40 JavaThread "Unconstrained build operations Thread 66" [_thread_blocked, id=16624, stack(0x00000033c3c00000,0x00000033c3d00000)]
  0x000001eca2c510d0 JavaThread "Unconstrained build operations Thread 67" [_thread_blocked, id=3328, stack(0x00000033c3d00000,0x00000033c3e00000)]
  0x000001eca2c575e0 JavaThread "Unconstrained build operations Thread 68" [_thread_blocked, id=10288, stack(0x00000033c3e00000,0x00000033c3f00000)]
  0x000001eca2c528e0 JavaThread "Unconstrained build operations Thread 69" [_thread_blocked, id=4144, stack(0x00000033c3f00000,0x00000033c4000000)]
  0x000001eca2c58920 JavaThread "Unconstrained build operations Thread 70" [_thread_blocked, id=17192, stack(0x00000033c4000000,0x00000033c4100000)]
  0x000001eca2c51f40 JavaThread "Unconstrained build operations Thread 71" [_thread_blocked, id=8052, stack(0x00000033c4100000,0x00000033c4200000)]
  0x000001eca2c52db0 JavaThread "Unconstrained build operations Thread 72" [_thread_blocked, id=4592, stack(0x00000033c4200000,0x00000033c4300000)]
  0x000001eca2c545c0 JavaThread "Unconstrained build operations Thread 73" [_thread_blocked, id=15508, stack(0x00000033c4300000,0x00000033c4400000)]
  0x000001eca2c57110 JavaThread "Unconstrained build operations Thread 74" [_thread_blocked, id=308, stack(0x00000033c4400000,0x00000033c4500000)]
  0x000001eca2c540f0 JavaThread "Unconstrained build operations Thread 75" [_thread_blocked, id=9640, stack(0x00000033c4500000,0x00000033c4600000)]
  0x000001eca2c57f80 JavaThread "Unconstrained build operations Thread 76" [_thread_blocked, id=13940, stack(0x00000033c4600000,0x00000033c4700000)]
  0x000001eca2c54f60 JavaThread "Unconstrained build operations Thread 77" [_thread_blocked, id=3816, stack(0x00000033c4700000,0x00000033c4800000)]
  0x000001eca2c515a0 JavaThread "Unconstrained build operations Thread 78" [_thread_blocked, id=17348, stack(0x00000033c4800000,0x00000033c4900000)]
  0x000001eca2c53280 JavaThread "Unconstrained build operations Thread 79" [_thread_blocked, id=1600, stack(0x00000033c4900000,0x00000033c4a00000)]
  0x000001eca2c54a90 JavaThread "Unconstrained build operations Thread 80" [_thread_blocked, id=16008, stack(0x00000033c4a00000,0x00000033c4b00000)]
  0x000001eca2c53c20 JavaThread "Memory manager" [_thread_blocked, id=14856, stack(0x00000033c4b00000,0x00000033c4c00000)]
  0x000001eca2c562a0 JavaThread "included builds" [_thread_blocked, id=5692, stack(0x00000033c4d00000,0x00000033c4e00000)]
  0x000001eca2c56770 JavaThread "Execution worker" [_thread_blocked, id=3312, stack(0x00000033c4e00000,0x00000033c4f00000)]
  0x000001eca2944fb0 JavaThread "Execution worker Thread 2" [_thread_blocked, id=15944, stack(0x00000033c4f00000,0x00000033c5000000)]
  0x000001eca2945e20 JavaThread "Execution worker Thread 3" [_thread_blocked, id=13384, stack(0x00000033c5000000,0x00000033c5100000)]
  0x000001eca29484a0 JavaThread "Execution worker Thread 4" [_thread_blocked, id=5748, stack(0x00000033c5100000,0x00000033c5200000)]
  0x000001eca2948970 JavaThread "Execution worker Thread 5" [_thread_blocked, id=4116, stack(0x00000033c5200000,0x00000033c5300000)]
  0x000001eca2947b00 JavaThread "Execution worker Thread 6" [_thread_blocked, id=8672, stack(0x00000033c5300000,0x00000033c5400000)]
  0x000001eca2945480 JavaThread "Execution worker Thread 7" [_thread_blocked, id=16432, stack(0x00000033c5400000,0x00000033c5500000)]
  0x000001eca2947fd0 JavaThread "Cache worker for execution history cache (C:\Users\scher\Documents\PROJETOS ANDROID\RECICLAAI\.gradle\8.0\executionHistory)" [_thread_blocked, id=7508, stack(0x00000033c5500000,0x00000033c5600000)]
  0x000001eca2945950 JavaThread "idea-tooling-model-converter" [_thread_blocked, id=15208, stack(0x00000033c5600000,0x00000033c5700000)]

Other Threads:
  0x000001ec9c813330 VMThread "VM Thread" [stack: 0x00000033bc500000,0x00000033bc600000] [id=15260]
  0x000001ec821e3180 WatcherThread [stack: 0x00000033bd100000,0x00000033bd200000] [id=17228]
  0x000001ec821cba70 GCTaskThread "GC Thread#0" [stack: 0x00000033bc000000,0x00000033bc100000] [id=9112]
  0x000001ec9d6065e0 GCTaskThread "GC Thread#1" [stack: 0x00000033bd400000,0x00000033bd500000] [id=8252]
  0x000001ec9d606890 GCTaskThread "GC Thread#2" [stack: 0x00000033bd500000,0x00000033bd600000] [id=16144]
  0x000001ec9cf8cb60 GCTaskThread "GC Thread#3" [stack: 0x00000033bd600000,0x00000033bd700000] [id=10068]
  0x000001ec9e3c3d50 GCTaskThread "GC Thread#4" [stack: 0x00000033bd700000,0x00000033bd800000] [id=15456]
  0x000001ec9fd86fa0 GCTaskThread "GC Thread#5" [stack: 0x00000033be200000,0x00000033be300000] [id=12292]
  0x000001ec9d92c900 GCTaskThread "GC Thread#6" [stack: 0x00000033be300000,0x00000033be400000] [id=4908]
  0x000001ec9f227b20 GCTaskThread "GC Thread#7" [stack: 0x00000033be400000,0x00000033be500000] [id=12668]
  0x000001ec821dc9b0 ConcurrentGCThread "G1 Main Marker" [stack: 0x00000033bc100000,0x00000033bc200000] [id=16392]
  0x000001ec821dd3c0 ConcurrentGCThread "G1 Conc#0" [stack: 0x00000033bc200000,0x00000033bc300000] [id=5568]
  0x000001ec9f049690 ConcurrentGCThread "G1 Conc#1" [stack: 0x00000033be500000,0x00000033be600000] [id=11916]
  0x000001ec8222d9f0 ConcurrentGCThread "G1 Refine#0" [stack: 0x00000033bc300000,0x00000033bc400000] [id=8280]
  0x000001eca290ef30 ConcurrentGCThread "G1 Refine#1" [stack: 0x00000033c4c00000,0x00000033c4d00000] [id=14808]
  0x000001eca290ccb0 ConcurrentGCThread "G1 Refine#2" [stack: 0x00000033c5700000,0x00000033c5800000] [id=16868]
  0x000001eca290db10 ConcurrentGCThread "G1 Refine#3" [stack: 0x00000033c5800000,0x00000033c5900000] [id=6728]
  0x000001ec8222e410 ConcurrentGCThread "G1 Service" [stack: 0x00000033bc400000,0x00000033bc500000] [id=13488]

Threads with active compile tasks:
C2 CompilerThread0    11535 9374   !   4       org.gradle.api.internal.attributes.DefaultImmutableAttributesFactory::doConcatIsolatable (128 bytes)
C2 CompilerThread1    11535 9893       4       org.gradle.cache.internal.btree.CachingBlockStore::read (56 bytes)
C2 CompilerThread2    11535 9697       4       java.lang.String::split (327 bytes)

VM state: not at safepoint (normal execution)

VM Mutex/Monitor currently owned by a thread: None

Heap address: 0x0000000080000000, size: 2048 MB, Compressed Oops mode: 32-bit

CDS archive(s) not mapped
Compressed class space mapped at: 0x0000000100000000-0x0000000140000000, reserved size: 1073741824
Narrow klass base: 0x0000000000000000, Narrow klass shift: 3, Narrow klass range: 0x140000000

GC Precious Log:
 CPUs: 8 total, 8 available
 Memory: 8072M
 Large Page Support: Disabled
 NUMA Support: Disabled
 Compressed Oops: Enabled (32-bit)
 Heap Region Size: 1M
 Heap Min Capacity: 8M
 Heap Initial Capacity: 128M
 Heap Max Capacity: 2G
 Pre-touch: Disabled
 Parallel Workers: 8
 Concurrent Workers: 2
 Concurrent Refinement Workers: 8
 Periodic GC: Disabled

Heap:
 garbage-first heap   total 253952K, used 200213K [0x0000000080000000, 0x0000000100000000)
  region size 1024K, 71 young (72704K), 4 survivors (4096K)
 Metaspace       used 94372K, committed 95232K, reserved 1138688K
  class space    used 12714K, committed 13120K, reserved 1048576K

Heap Regions: E=young(eden), S=young(survivor), O=old, HS=humongous(starts), HC=humongous(continues), CS=collection set, F=free, OA=open archive, CA=closed archive, TAMS=top-at-mark-start (previous, next)
|   0|0x0000000080000000, 0x0000000080100000, 0x0000000080100000|100%|HS|  |TAMS 0x0000000080100000, 0x0000000080000000| Complete 
|   1|0x0000000080100000, 0x0000000080200000, 0x0000000080200000|100%|HC|  |TAMS 0x0000000080200000, 0x0000000080100000| Complete 
|   2|0x0000000080200000, 0x0000000080300000, 0x0000000080300000|100%|HC|  |TAMS 0x0000000080300000, 0x0000000080200000| Complete 
|   3|0x0000000080300000, 0x0000000080400000, 0x0000000080400000|100%|HC|  |TAMS 0x0000000080400000, 0x0000000080300000| Complete 
|   4|0x0000000080400000, 0x0000000080500000, 0x0000000080500000|100%| O|  |TAMS 0x0000000080500000, 0x0000000080400000| Untracked 
|   5|0x0000000080500000, 0x0000000080600000, 0x0000000080600000|100%| O|  |TAMS 0x0000000080600000, 0x0000000080500000| Untracked 
|   6|0x0000000080600000, 0x0000000080700000, 0x0000000080700000|100%| O|  |TAMS 0x0000000080700000, 0x0000000080600000| Untracked 
|   7|0x0000000080700000, 0x0000000080800000, 0x0000000080800000|100%| O|  |TAMS 0x0000000080800000, 0x0000000080700000| Untracked 
|   8|0x0000000080800000, 0x0000000080900000, 0x0000000080900000|100%| O|  |TAMS 0x0000000080900000, 0x0000000080800000| Untracked 
|   9|0x0000000080900000, 0x0000000080a00000, 0x0000000080a00000|100%| O|  |TAMS 0x0000000080a00000, 0x0000000080900000| Untracked 
|  10|0x0000000080a00000, 0x0000000080b00000, 0x0000000080b00000|100%| O|  |TAMS 0x0000000080b00000, 0x0000000080a00000| Untracked 
|  11|0x0000000080b00000, 0x0000000080c00000, 0x0000000080c00000|100%| O|  |TAMS 0x0000000080c00000, 0x0000000080b00000| Untracked 
|  12|0x0000000080c00000, 0x0000000080d00000, 0x0000000080d00000|100%| O|  |TAMS 0x0000000080d00000, 0x0000000080c00000| Untracked 
|  13|0x0000000080d00000, 0x0000000080e00000, 0x0000000080e00000|100%| O|  |TAMS 0x0000000080e00000, 0x0000000080d00000| Untracked 
|  14|0x0000000080e00000, 0x0000000080f00000, 0x0000000080f00000|100%| O|  |TAMS 0x0000000080f00000, 0x0000000080e00000| Untracked 
|  15|0x0000000080f00000, 0x0000000081000000, 0x0000000081000000|100%| O|  |TAMS 0x0000000081000000, 0x0000000080f00000| Untracked 
|  16|0x0000000081000000, 0x0000000081100000, 0x0000000081100000|100%| O|  |TAMS 0x0000000081100000, 0x0000000081000000| Untracked 
|  17|0x0000000081100000, 0x0000000081200000, 0x0000000081200000|100%| O|  |TAMS 0x0000000081200000, 0x0000000081100000| Untracked 
|  18|0x0000000081200000, 0x0000000081300000, 0x0000000081300000|100%| O|  |TAMS 0x0000000081300000, 0x0000000081200000| Untracked 
|  19|0x0000000081300000, 0x0000000081400000, 0x0000000081400000|100%|HS|  |TAMS 0x0000000081400000, 0x0000000081300000| Complete 
|  20|0x0000000081400000, 0x0000000081500000, 0x0000000081500000|100%|HC|  |TAMS 0x0000000081500000, 0x0000000081400000| Complete 
|  21|0x0000000081500000, 0x0000000081600000, 0x0000000081600000|100%|HS|  |TAMS 0x0000000081600000, 0x0000000081500000| Complete 
|  22|0x0000000081600000, 0x0000000081700000, 0x0000000081700000|100%|HC|  |TAMS 0x0000000081700000, 0x0000000081600000| Complete 
|  23|0x0000000081700000, 0x0000000081800000, 0x0000000081800000|100%|HC|  |TAMS 0x0000000081800000, 0x0000000081700000| Complete 
|  24|0x0000000081800000, 0x0000000081900000, 0x0000000081900000|100%| O|  |TAMS 0x0000000081900000, 0x0000000081800000| Untracked 
|  25|0x0000000081900000, 0x0000000081a00000, 0x0000000081a00000|100%| O|  |TAMS 0x0000000081a00000, 0x0000000081900000| Untracked 
|  26|0x0000000081a00000, 0x0000000081b00000, 0x0000000081b00000|100%| O|  |TAMS 0x0000000081b00000, 0x0000000081a00000| Untracked 
|  27|0x0000000081b00000, 0x0000000081c00000, 0x0000000081c00000|100%|HS|  |TAMS 0x0000000081c00000, 0x0000000081b00000| Complete 
|  28|0x0000000081c00000, 0x0000000081d00000, 0x0000000081d00000|100%|HC|  |TAMS 0x0000000081d00000, 0x0000000081c00000| Complete 
|  29|0x0000000081d00000, 0x0000000081e00000, 0x0000000081e00000|100%|HC|  |TAMS 0x0000000081e00000, 0x0000000081d00000| Complete 
|  30|0x0000000081e00000, 0x0000000081f00000, 0x0000000081f00000|100%| O|  |TAMS 0x0000000081f00000, 0x0000000081e00000| Untracked 
|  31|0x0000000081f00000, 0x0000000082000000, 0x0000000082000000|100%| O|  |TAMS 0x0000000082000000, 0x0000000081f00000| Untracked 
|  32|0x0000000082000000, 0x0000000082100000, 0x0000000082100000|100%| O|  |TAMS 0x0000000082100000, 0x0000000082000000| Complete 
|  33|0x0000000082100000, 0x0000000082200000, 0x0000000082200000|100%|HS|  |TAMS 0x0000000082200000, 0x0000000082100000| Complete 
|  34|0x0000000082200000, 0x0000000082300000, 0x0000000082300000|100%|HC|  |TAMS 0x0000000082300000, 0x0000000082200000| Complete 
|  35|0x0000000082300000, 0x0000000082400000, 0x0000000082400000|100%| O|  |TAMS 0x0000000082400000, 0x0000000082300000| Untracked 
|  36|0x0000000082400000, 0x0000000082500000, 0x0000000082500000|100%| O|  |TAMS 0x0000000082500000, 0x0000000082400000| Untracked 
|  37|0x0000000082500000, 0x0000000082600000, 0x0000000082600000|100%| O|  |TAMS 0x0000000082500000, 0x0000000082500000| Untracked 
|  38|0x0000000082600000, 0x0000000082700000, 0x0000000082700000|100%| O|  |TAMS 0x0000000082700000, 0x0000000082600000| Untracked 
|  39|0x0000000082700000, 0x0000000082800000, 0x0000000082800000|100%| O|  |TAMS 0x0000000082800000, 0x0000000082700000| Untracked 
|  40|0x0000000082800000, 0x0000000082900000, 0x0000000082900000|100%| O|  |TAMS 0x0000000082900000, 0x0000000082800000| Untracked 
|  41|0x0000000082900000, 0x0000000082a00000, 0x0000000082a00000|100%| O|  |TAMS 0x0000000082a00000, 0x0000000082900000| Untracked 
|  42|0x0000000082a00000, 0x0000000082b00000, 0x0000000082b00000|100%| O|  |TAMS 0x0000000082b00000, 0x0000000082a00000| Untracked 
|  43|0x0000000082b00000, 0x0000000082c00000, 0x0000000082c00000|100%| O|  |TAMS 0x0000000082c00000, 0x0000000082b00000| Untracked 
|  44|0x0000000082c00000, 0x0000000082d00000, 0x0000000082d00000|100%| O|  |TAMS 0x0000000082d00000, 0x0000000082c00000| Untracked 
|  45|0x0000000082d00000, 0x0000000082e00000, 0x0000000082e00000|100%|HS|  |TAMS 0x0000000082e00000, 0x0000000082d00000| Complete 
|  46|0x0000000082e00000, 0x0000000082f00000, 0x0000000082f00000|100%|HC|  |TAMS 0x0000000082f00000, 0x0000000082e00000| Complete 
|  47|0x0000000082f00000, 0x0000000083000000, 0x0000000083000000|100%|HC|  |TAMS 0x0000000083000000, 0x0000000082f00000| Complete 
|  48|0x0000000083000000, 0x0000000083100000, 0x0000000083100000|100%|HC|  |TAMS 0x0000000083100000, 0x0000000083000000| Complete 
|  49|0x0000000083100000, 0x0000000083200000, 0x0000000083200000|100%|HC|  |TAMS 0x0000000083200000, 0x0000000083100000| Complete 
|  50|0x0000000083200000, 0x0000000083300000, 0x0000000083300000|100%|HC|  |TAMS 0x0000000083300000, 0x0000000083200000| Complete 
|  51|0x0000000083300000, 0x0000000083400000, 0x0000000083400000|100%|HC|  |TAMS 0x0000000083400000, 0x0000000083300000| Complete 
|  52|0x0000000083400000, 0x0000000083500000, 0x0000000083500000|100%|HC|  |TAMS 0x0000000083500000, 0x0000000083400000| Complete 
|  53|0x0000000083500000, 0x0000000083600000, 0x0000000083600000|100%|HC|  |TAMS 0x0000000083600000, 0x0000000083500000| Complete 
|  54|0x0000000083600000, 0x0000000083700000, 0x0000000083700000|100%|HC|  |TAMS 0x0000000083700000, 0x0000000083600000| Complete 
|  55|0x0000000083700000, 0x0000000083800000, 0x0000000083800000|100%|HC|  |TAMS 0x0000000083800000, 0x0000000083700000| Complete 
|  56|0x0000000083800000, 0x0000000083900000, 0x0000000083900000|100%|HC|  |TAMS 0x0000000083900000, 0x0000000083800000| Complete 
|  57|0x0000000083900000, 0x0000000083a00000, 0x0000000083a00000|100%|HS|  |TAMS 0x0000000083a00000, 0x0000000083900000| Complete 
|  58|0x0000000083a00000, 0x0000000083b00000, 0x0000000083b00000|100%|HC|  |TAMS 0x0000000083b00000, 0x0000000083a00000| Complete 
|  59|0x0000000083b00000, 0x0000000083c00000, 0x0000000083c00000|100%|HC|  |TAMS 0x0000000083c00000, 0x0000000083b00000| Complete 
|  60|0x0000000083c00000, 0x0000000083d00000, 0x0000000083d00000|100%|HS|  |TAMS 0x0000000083d00000, 0x0000000083c00000| Complete 
|  61|0x0000000083d00000, 0x0000000083e00000, 0x0000000083e00000|100%|HC|  |TAMS 0x0000000083e00000, 0x0000000083d00000| Complete 
|  62|0x0000000083e00000, 0x0000000083f00000, 0x0000000083f00000|100%|HC|  |TAMS 0x0000000083f00000, 0x0000000083e00000| Complete 
|  63|0x0000000083f00000, 0x0000000084000000, 0x0000000084000000|100%| O|  |TAMS 0x0000000084000000, 0x0000000083f00000| Untracked 
|  64|0x0000000084000000, 0x0000000084100000, 0x0000000084100000|100%| O|  |TAMS 0x0000000084100000, 0x0000000084000000| Untracked 
|  65|0x0000000084100000, 0x0000000084200000, 0x0000000084200000|100%| O|  |TAMS 0x0000000084200000, 0x0000000084100000| Untracked 
|  66|0x0000000084200000, 0x0000000084300000, 0x0000000084300000|100%| O|  |TAMS 0x0000000084300000, 0x0000000084200000| Untracked 
|  67|0x0000000084300000, 0x0000000084400000, 0x0000000084400000|100%| O|  |TAMS 0x0000000084400000, 0x0000000084300000| Untracked 
|  68|0x0000000084400000, 0x0000000084500000, 0x0000000084500000|100%| O|  |TAMS 0x0000000084500000, 0x0000000084400000| Untracked 
|  69|0x0000000084500000, 0x0000000084600000, 0x0000000084600000|100%| O|  |TAMS 0x0000000084600000, 0x0000000084500000| Untracked 
|  70|0x0000000084600000, 0x0000000084700000, 0x0000000084700000|100%| O|  |TAMS 0x0000000084700000, 0x0000000084600000| Untracked 
|  71|0x0000000084700000, 0x0000000084800000, 0x0000000084800000|100%|HS|  |TAMS 0x0000000084800000, 0x0000000084700000| Complete 
|  72|0x0000000084800000, 0x0000000084900000, 0x0000000084900000|100%|HS|  |TAMS 0x0000000084900000, 0x0000000084800000| Complete 
|  73|0x0000000084900000, 0x0000000084a00000, 0x0000000084a00000|100%|HS|  |TAMS 0x0000000084a00000, 0x0000000084900000| Complete 
|  74|0x0000000084a00000, 0x0000000084b00000, 0x0000000084b00000|100%| O|  |TAMS 0x0000000084b00000, 0x0000000084a00000| Untracked 
|  75|0x0000000084b00000, 0x0000000084c00000, 0x0000000084c00000|100%| O|  |TAMS 0x0000000084c00000, 0x0000000084b00000| Untracked 
|  76|0x0000000084c00000, 0x0000000084d00000, 0x0000000084d00000|100%| O|  |TAMS 0x0000000084d00000, 0x0000000084c00000| Untracked 
|  77|0x0000000084d00000, 0x0000000084e00000, 0x0000000084e00000|100%| O|  |TAMS 0x0000000084e00000, 0x0000000084d00000| Untracked 
|  78|0x0000000084e00000, 0x0000000084f00000, 0x0000000084f00000|100%| O|  |TAMS 0x0000000084f00000, 0x0000000084e00000| Untracked 
|  79|0x0000000084f00000, 0x0000000085000000, 0x0000000085000000|100%| O|  |TAMS 0x0000000085000000, 0x0000000084f00000| Untracked 
|  80|0x0000000085000000, 0x0000000085100000, 0x0000000085100000|100%| O|  |TAMS 0x0000000085100000, 0x0000000085000000| Untracked 
|  81|0x0000000085100000, 0x0000000085200000, 0x0000000085200000|100%| O|  |TAMS 0x0000000085200000, 0x0000000085100000| Untracked 
|  82|0x0000000085200000, 0x0000000085300000, 0x0000000085300000|100%| O|  |TAMS 0x0000000085300000, 0x0000000085200000| Untracked 
|  83|0x0000000085300000, 0x0000000085400000, 0x0000000085400000|100%| O|  |TAMS 0x0000000085400000, 0x0000000085300000| Untracked 
|  84|0x0000000085400000, 0x0000000085500000, 0x0000000085500000|100%| O|  |TAMS 0x0000000085500000, 0x0000000085400000| Untracked 
|  85|0x0000000085500000, 0x0000000085600000, 0x0000000085600000|100%| O|  |TAMS 0x0000000085600000, 0x0000000085500000| Untracked 
|  86|0x0000000085600000, 0x0000000085700000, 0x0000000085700000|100%| O|  |TAMS 0x0000000085700000, 0x0000000085600000| Untracked 
|  87|0x0000000085700000, 0x0000000085800000, 0x0000000085800000|100%| O|  |TAMS 0x0000000085800000, 0x0000000085700000| Untracked 
|  88|0x0000000085800000, 0x0000000085900000, 0x0000000085900000|100%| O|  |TAMS 0x0000000085900000, 0x0000000085800000| Untracked 
|  89|0x0000000085900000, 0x0000000085a00000, 0x0000000085a00000|100%|HS|  |TAMS 0x0000000085a00000, 0x0000000085900000| Complete 
|  90|0x0000000085a00000, 0x0000000085b00000, 0x0000000085b00000|100%|HC|  |TAMS 0x0000000085b00000, 0x0000000085a00000| Complete 
|  91|0x0000000085b00000, 0x0000000085c00000, 0x0000000085c00000|100%|HS|  |TAMS 0x0000000085c00000, 0x0000000085b00000| Complete 
|  92|0x0000000085c00000, 0x0000000085d00000, 0x0000000085d00000|100%|HC|  |TAMS 0x0000000085d00000, 0x0000000085c00000| Complete 
|  93|0x0000000085d00000, 0x0000000085e00000, 0x0000000085e00000|100%|HC|  |TAMS 0x0000000085e00000, 0x0000000085d00000| Complete 
|  94|0x0000000085e00000, 0x0000000085f00000, 0x0000000085f00000|100%|HS|  |TAMS 0x0000000085f00000, 0x0000000085e00000| Complete 
|  95|0x0000000085f00000, 0x0000000086000000, 0x0000000086000000|100%|HC|  |TAMS 0x0000000086000000, 0x0000000085f00000| Complete 
|  96|0x0000000086000000, 0x0000000086100000, 0x0000000086100000|100%|HC|  |TAMS 0x0000000086100000, 0x0000000086000000| Complete 
|  97|0x0000000086100000, 0x0000000086200000, 0x0000000086200000|100%|HS|  |TAMS 0x0000000086200000, 0x0000000086100000| Complete 
|  98|0x0000000086200000, 0x0000000086300000, 0x0000000086300000|100%|HC|  |TAMS 0x0000000086300000, 0x0000000086200000| Complete 
|  99|0x0000000086300000, 0x0000000086400000, 0x0000000086400000|100%|HC|  |TAMS 0x0000000086400000, 0x0000000086300000| Complete 
| 100|0x0000000086400000, 0x0000000086500000, 0x0000000086500000|100%|HC|  |TAMS 0x0000000086500000, 0x0000000086400000| Complete 
| 101|0x0000000086500000, 0x0000000086600000, 0x0000000086600000|100%|HC|  |TAMS 0x0000000086600000, 0x0000000086500000| Complete 
| 102|0x0000000086600000, 0x0000000086700000, 0x0000000086700000|100%|HC|  |TAMS 0x0000000086700000, 0x0000000086600000| Complete 
| 103|0x0000000086700000, 0x0000000086800000, 0x0000000086800000|100%|HC|  |TAMS 0x0000000086800000, 0x0000000086700000| Complete 
| 104|0x0000000086800000, 0x0000000086900000, 0x0000000086900000|100%|HC|  |TAMS 0x0000000086900000, 0x0000000086800000| Complete 
| 105|0x0000000086900000, 0x0000000086a00000, 0x0000000086a00000|100%|HC|  |TAMS 0x0000000086a00000, 0x0000000086900000| Complete 
| 106|0x0000000086a00000, 0x0000000086b00000, 0x0000000086b00000|100%|HC|  |TAMS 0x0000000086b00000, 0x0000000086a00000| Complete 
| 107|0x0000000086b00000, 0x0000000086c00000, 0x0000000086c00000|100%|HC|  |TAMS 0x0000000086c00000, 0x0000000086b00000| Complete 
| 108|0x0000000086c00000, 0x0000000086d00000, 0x0000000086d00000|100%|HC|  |TAMS 0x0000000086d00000, 0x0000000086c00000| Complete 
| 109|0x0000000086d00000, 0x0000000086e00000, 0x0000000086e00000|100%|HS|  |TAMS 0x0000000086e00000, 0x0000000086d00000| Complete 
| 110|0x0000000086e00000, 0x0000000086f00000, 0x0000000086f00000|100%|HC|  |TAMS 0x0000000086f00000, 0x0000000086e00000| Complete 
| 111|0x0000000086f00000, 0x0000000087000000, 0x0000000087000000|100%| O|  |TAMS 0x0000000087000000, 0x0000000086f00000| Untracked 
| 112|0x0000000087000000, 0x0000000087100000, 0x0000000087100000|100%| O|  |TAMS 0x0000000087100000, 0x0000000087000000| Untracked 
| 113|0x0000000087100000, 0x0000000087200000, 0x0000000087200000|100%| O|  |TAMS 0x0000000087151600, 0x0000000087100000| Untracked 
| 114|0x0000000087200000, 0x0000000087300000, 0x0000000087300000|100%| O|  |TAMS 0x0000000087200000, 0x0000000087200000| Untracked 
| 115|0x0000000087300000, 0x0000000087400000, 0x0000000087400000|100%| O|  |TAMS 0x0000000087300000, 0x0000000087300000| Untracked 
| 116|0x0000000087400000, 0x0000000087500000, 0x0000000087500000|100%| O|  |TAMS 0x0000000087400000, 0x0000000087400000| Untracked 
| 117|0x0000000087500000, 0x0000000087600000, 0x0000000087600000|100%| O|  |TAMS 0x0000000087500000, 0x0000000087500000| Untracked 
| 118|0x0000000087600000, 0x0000000087700000, 0x0000000087700000|100%| O|  |TAMS 0x0000000087600000, 0x0000000087600000| Untracked 
| 119|0x0000000087700000, 0x0000000087800000, 0x0000000087800000|100%| O|  |TAMS 0x0000000087700000, 0x0000000087700000| Untracked 
| 120|0x0000000087800000, 0x0000000087900000, 0x0000000087900000|100%| O|  |TAMS 0x0000000087800000, 0x0000000087800000| Untracked 
| 121|0x0000000087900000, 0x0000000087a00000, 0x0000000087a00000|100%| O|  |TAMS 0x0000000087900000, 0x0000000087900000| Untracked 
| 122|0x0000000087a00000, 0x0000000087b00000, 0x0000000087b00000|100%| O|  |TAMS 0x0000000087a00000, 0x0000000087a00000| Untracked 
| 123|0x0000000087b00000, 0x0000000087c00000, 0x0000000087c00000|100%| O|  |TAMS 0x0000000087b00000, 0x0000000087b00000| Untracked 
| 124|0x0000000087c00000, 0x0000000087d00000, 0x0000000087d00000|100%| O|  |TAMS 0x0000000087c00000, 0x0000000087c00000| Untracked 
| 125|0x0000000087d00000, 0x0000000087d85600, 0x0000000087e00000| 52%| O|  |TAMS 0x0000000087d00000, 0x0000000087d00000| Untracked 
| 126|0x0000000087e00000, 0x0000000087f00000, 0x0000000087f00000|100%|HS|  |TAMS 0x0000000087e00000, 0x0000000087e00000| Complete 
| 127|0x0000000087f00000, 0x0000000087f00000, 0x0000000088000000|  0%| F|  |TAMS 0x0000000087f00000, 0x0000000087f00000| Untracked 
| 128|0x0000000088000000, 0x0000000088000000, 0x0000000088100000|  0%| F|  |TAMS 0x0000000088000000, 0x0000000088000000| Untracked 
| 129|0x0000000088100000, 0x0000000088100000, 0x0000000088200000|  0%| F|  |TAMS 0x0000000088100000, 0x0000000088100000| Untracked 
| 130|0x0000000088200000, 0x0000000088200000, 0x0000000088300000|  0%| F|  |TAMS 0x0000000088200000, 0x0000000088200000| Untracked 
| 131|0x0000000088300000, 0x0000000088300000, 0x0000000088400000|  0%| F|  |TAMS 0x0000000088300000, 0x0000000088300000| Untracked 
| 132|0x0000000088400000, 0x0000000088400000, 0x0000000088500000|  0%| F|  |TAMS 0x0000000088400000, 0x0000000088400000| Untracked 
| 133|0x0000000088500000, 0x0000000088500000, 0x0000000088600000|  0%| F|  |TAMS 0x0000000088500000, 0x0000000088500000| Untracked 
| 134|0x0000000088600000, 0x0000000088600000, 0x0000000088700000|  0%| F|  |TAMS 0x0000000088600000, 0x0000000088600000| Untracked 
| 135|0x0000000088700000, 0x0000000088700000, 0x0000000088800000|  0%| F|  |TAMS 0x0000000088700000, 0x0000000088700000| Untracked 
| 136|0x0000000088800000, 0x0000000088800000, 0x0000000088900000|  0%| F|  |TAMS 0x0000000088800000, 0x0000000088800000| Untracked 
| 137|0x0000000088900000, 0x0000000088900000, 0x0000000088a00000|  0%| F|  |TAMS 0x0000000088900000, 0x0000000088900000| Untracked 
| 138|0x0000000088a00000, 0x0000000088a00000, 0x0000000088b00000|  0%| F|  |TAMS 0x0000000088a00000, 0x0000000088a00000| Untracked 
| 139|0x0000000088b00000, 0x0000000088b00000, 0x0000000088c00000|  0%| F|  |TAMS 0x0000000088b00000, 0x0000000088b00000| Untracked 
| 140|0x0000000088c00000, 0x0000000088c00000, 0x0000000088d00000|  0%| F|  |TAMS 0x0000000088c00000, 0x0000000088c00000| Untracked 
| 141|0x0000000088d00000, 0x0000000088d00000, 0x0000000088e00000|  0%| F|  |TAMS 0x0000000088d00000, 0x0000000088d00000| Untracked 
| 142|0x0000000088e00000, 0x0000000088e00000, 0x0000000088f00000|  0%| F|  |TAMS 0x0000000088e00000, 0x0000000088e00000| Untracked 
| 143|0x0000000088f00000, 0x0000000088f00000, 0x0000000089000000|  0%| F|  |TAMS 0x0000000088f00000, 0x0000000088f00000| Untracked 
| 144|0x0000000089000000, 0x0000000089000000, 0x0000000089100000|  0%| F|  |TAMS 0x0000000089000000, 0x0000000089000000| Untracked 
| 145|0x0000000089100000, 0x0000000089100000, 0x0000000089200000|  0%| F|  |TAMS 0x0000000089100000, 0x0000000089100000| Untracked 
| 146|0x0000000089200000, 0x0000000089200000, 0x0000000089300000|  0%| F|  |TAMS 0x0000000089200000, 0x0000000089200000| Untracked 
| 147|0x0000000089300000, 0x0000000089300000, 0x0000000089400000|  0%| F|  |TAMS 0x0000000089300000, 0x0000000089300000| Untracked 
| 148|0x0000000089400000, 0x0000000089400000, 0x0000000089500000|  0%| F|  |TAMS 0x0000000089400000, 0x0000000089400000| Untracked 
| 149|0x0000000089500000, 0x0000000089500000, 0x0000000089600000|  0%| F|  |TAMS 0x0000000089500000, 0x0000000089500000| Untracked 
| 150|0x0000000089600000, 0x0000000089600000, 0x0000000089700000|  0%| F|  |TAMS 0x0000000089600000, 0x0000000089600000| Untracked 
| 151|0x0000000089700000, 0x0000000089700000, 0x0000000089800000|  0%| F|  |TAMS 0x0000000089700000, 0x0000000089700000| Untracked 
| 152|0x0000000089800000, 0x0000000089800000, 0x0000000089900000|  0%| F|  |TAMS 0x0000000089800000, 0x0000000089800000| Untracked 
| 153|0x0000000089900000, 0x0000000089900000, 0x0000000089a00000|  0%| F|  |TAMS 0x0000000089900000, 0x0000000089900000| Untracked 
| 154|0x0000000089a00000, 0x0000000089a00000, 0x0000000089b00000|  0%| F|  |TAMS 0x0000000089a00000, 0x0000000089a00000| Untracked 
| 155|0x0000000089b00000, 0x0000000089b00000, 0x0000000089c00000|  0%| F|  |TAMS 0x0000000089b00000, 0x0000000089b00000| Untracked 
| 156|0x0000000089c00000, 0x0000000089c00000, 0x0000000089d00000|  0%| F|  |TAMS 0x0000000089c00000, 0x0000000089c00000| Untracked 
| 157|0x0000000089d00000, 0x0000000089d00000, 0x0000000089e00000|  0%| F|  |TAMS 0x0000000089d00000, 0x0000000089d00000| Untracked 
| 158|0x0000000089e00000, 0x0000000089e00000, 0x0000000089f00000|  0%| F|  |TAMS 0x0000000089e00000, 0x0000000089e00000| Untracked 
| 159|0x0000000089f00000, 0x0000000089f00000, 0x000000008a000000|  0%| F|  |TAMS 0x0000000089f00000, 0x0000000089f00000| Untracked 
| 160|0x000000008a000000, 0x000000008a000000, 0x000000008a100000|  0%| F|  |TAMS 0x000000008a000000, 0x000000008a000000| Untracked 
| 161|0x000000008a100000, 0x000000008a100000, 0x000000008a200000|  0%| F|  |TAMS 0x000000008a100000, 0x000000008a100000| Untracked 
| 162|0x000000008a200000, 0x000000008a200000, 0x000000008a300000|  0%| F|  |TAMS 0x000000008a200000, 0x000000008a200000| Untracked 
| 163|0x000000008a300000, 0x000000008a300000, 0x000000008a400000|  0%| F|  |TAMS 0x000000008a300000, 0x000000008a300000| Untracked 
| 164|0x000000008a400000, 0x000000008a400000, 0x000000008a500000|  0%| F|  |TAMS 0x000000008a400000, 0x000000008a400000| Untracked 
| 165|0x000000008a500000, 0x000000008a500000, 0x000000008a600000|  0%| F|  |TAMS 0x000000008a500000, 0x000000008a500000| Untracked 
| 166|0x000000008a600000, 0x000000008a600000, 0x000000008a700000|  0%| F|  |TAMS 0x000000008a600000, 0x000000008a600000| Untracked 
| 167|0x000000008a700000, 0x000000008a700000, 0x000000008a800000|  0%| F|  |TAMS 0x000000008a700000, 0x000000008a700000| Untracked 
| 168|0x000000008a800000, 0x000000008a800000, 0x000000008a900000|  0%| F|  |TAMS 0x000000008a800000, 0x000000008a800000| Untracked 
| 169|0x000000008a900000, 0x000000008a900000, 0x000000008aa00000|  0%| F|  |TAMS 0x000000008a900000, 0x000000008a900000| Untracked 
| 170|0x000000008aa00000, 0x000000008aa00000, 0x000000008ab00000|  0%| F|  |TAMS 0x000000008aa00000, 0x000000008aa00000| Untracked 
| 171|0x000000008ab00000, 0x000000008ab00000, 0x000000008ac00000|  0%| F|  |TAMS 0x000000008ab00000, 0x000000008ab00000| Untracked 
| 172|0x000000008ac00000, 0x000000008ac00000, 0x000000008ad00000|  0%| F|  |TAMS 0x000000008ac00000, 0x000000008ac00000| Untracked 
| 173|0x000000008ad00000, 0x000000008ad00000, 0x000000008ae00000|  0%| F|  |TAMS 0x000000008ad00000, 0x000000008ad00000| Untracked 
| 174|0x000000008ae00000, 0x000000008ae00000, 0x000000008af00000|  0%| F|  |TAMS 0x000000008ae00000, 0x000000008ae00000| Untracked 
| 175|0x000000008af00000, 0x000000008af00000, 0x000000008b000000|  0%| F|  |TAMS 0x000000008af00000, 0x000000008af00000| Untracked 
| 176|0x000000008b000000, 0x000000008b018318, 0x000000008b100000|  9%| E|  |TAMS 0x000000008b000000, 0x000000008b000000| Complete 
| 177|0x000000008b100000, 0x000000008b200000, 0x000000008b200000|100%| E|  |TAMS 0x000000008b100000, 0x000000008b100000| Complete 
| 178|0x000000008b200000, 0x000000008b300000, 0x000000008b300000|100%| E|CS|TAMS 0x000000008b200000, 0x000000008b200000| Complete 
| 179|0x000000008b300000, 0x000000008b400000, 0x000000008b400000|100%| E|CS|TAMS 0x000000008b300000, 0x000000008b300000| Complete 
| 180|0x000000008b400000, 0x000000008b500000, 0x000000008b500000|100%| E|CS|TAMS 0x000000008b400000, 0x000000008b400000| Complete 
| 181|0x000000008b500000, 0x000000008b600000, 0x000000008b600000|100%| E|CS|TAMS 0x000000008b500000, 0x000000008b500000| Complete 
| 182|0x000000008b600000, 0x000000008b700000, 0x000000008b700000|100%| E|CS|TAMS 0x000000008b600000, 0x000000008b600000| Complete 
| 183|0x000000008b700000, 0x000000008b800000, 0x000000008b800000|100%| E|CS|TAMS 0x000000008b700000, 0x000000008b700000| Complete 
| 184|0x000000008b800000, 0x000000008b900000, 0x000000008b900000|100%| E|CS|TAMS 0x000000008b800000, 0x000000008b800000| Complete 
| 185|0x000000008b900000, 0x000000008ba00000, 0x000000008ba00000|100%| E|CS|TAMS 0x000000008b900000, 0x000000008b900000| Complete 
| 186|0x000000008ba00000, 0x000000008bb00000, 0x000000008bb00000|100%| E|CS|TAMS 0x000000008ba00000, 0x000000008ba00000| Complete 
| 187|0x000000008bb00000, 0x000000008bc00000, 0x000000008bc00000|100%| E|CS|TAMS 0x000000008bb00000, 0x000000008bb00000| Complete 
| 188|0x000000008bc00000, 0x000000008bd00000, 0x000000008bd00000|100%| E|CS|TAMS 0x000000008bc00000, 0x000000008bc00000| Complete 
| 189|0x000000008bd00000, 0x000000008be00000, 0x000000008be00000|100%| E|CS|TAMS 0x000000008bd00000, 0x000000008bd00000| Complete 
| 190|0x000000008be00000, 0x000000008bf00000, 0x000000008bf00000|100%| E|CS|TAMS 0x000000008be00000, 0x000000008be00000| Complete 
| 191|0x000000008bf00000, 0x000000008c000000, 0x000000008c000000|100%| E|CS|TAMS 0x000000008bf00000, 0x000000008bf00000| Complete 
| 192|0x000000008c000000, 0x000000008c100000, 0x000000008c100000|100%| E|CS|TAMS 0x000000008c000000, 0x000000008c000000| Complete 
| 193|0x000000008c100000, 0x000000008c200000, 0x000000008c200000|100%| S|CS|TAMS 0x000000008c100000, 0x000000008c100000| Complete 
| 194|0x000000008c200000, 0x000000008c300000, 0x000000008c300000|100%| S|CS|TAMS 0x000000008c200000, 0x000000008c200000| Complete 
| 195|0x000000008c300000, 0x000000008c400000, 0x000000008c400000|100%| S|CS|TAMS 0x000000008c300000, 0x000000008c300000| Complete 
| 196|0x000000008c400000, 0x000000008c500000, 0x000000008c500000|100%| S|CS|TAMS 0x000000008c400000, 0x000000008c400000| Complete 
| 197|0x000000008c500000, 0x000000008c600000, 0x000000008c600000|100%| E|CS|TAMS 0x000000008c500000, 0x000000008c500000| Complete 
| 198|0x000000008c600000, 0x000000008c700000, 0x000000008c700000|100%| E|CS|TAMS 0x000000008c600000, 0x000000008c600000| Complete 
| 199|0x000000008c700000, 0x000000008c800000, 0x000000008c800000|100%| E|CS|TAMS 0x000000008c700000, 0x000000008c700000| Complete 
| 200|0x000000008c800000, 0x000000008c900000, 0x000000008c900000|100%| E|CS|TAMS 0x000000008c800000, 0x000000008c800000| Complete 
| 201|0x000000008c900000, 0x000000008ca00000, 0x000000008ca00000|100%| E|CS|TAMS 0x000000008c900000, 0x000000008c900000| Complete 
| 202|0x000000008ca00000, 0x000000008cb00000, 0x000000008cb00000|100%| E|CS|TAMS 0x000000008ca00000, 0x000000008ca00000| Complete 
| 203|0x000000008cb00000, 0x000000008cc00000, 0x000000008cc00000|100%| E|CS|TAMS 0x000000008cb00000, 0x000000008cb00000| Complete 
| 204|0x000000008cc00000, 0x000000008cd00000, 0x000000008cd00000|100%| E|CS|TAMS 0x000000008cc00000, 0x000000008cc00000| Complete 
| 205|0x000000008cd00000, 0x000000008ce00000, 0x000000008ce00000|100%| E|CS|TAMS 0x000000008cd00000, 0x000000008cd00000| Complete 
| 206|0x000000008ce00000, 0x000000008cf00000, 0x000000008cf00000|100%| E|CS|TAMS 0x000000008ce00000, 0x000000008ce00000| Complete 
| 207|0x000000008cf00000, 0x000000008d000000, 0x000000008d000000|100%| E|CS|TAMS 0x000000008cf00000, 0x000000008cf00000| Complete 
| 208|0x000000008d000000, 0x000000008d100000, 0x000000008d100000|100%| E|CS|TAMS 0x000000008d000000, 0x000000008d000000| Complete 
| 209|0x000000008d100000, 0x000000008d200000, 0x000000008d200000|100%| E|CS|TAMS 0x000000008d100000, 0x000000008d100000| Complete 
| 210|0x000000008d200000, 0x000000008d300000, 0x000000008d300000|100%| E|CS|TAMS 0x000000008d200000, 0x000000008d200000| Complete 
| 211|0x000000008d300000, 0x000000008d400000, 0x000000008d400000|100%| E|CS|TAMS 0x000000008d300000, 0x000000008d300000| Complete 
| 212|0x000000008d400000, 0x000000008d500000, 0x000000008d500000|100%| E|CS|TAMS 0x000000008d400000, 0x000000008d400000| Complete 
| 213|0x000000008d500000, 0x000000008d600000, 0x000000008d600000|100%| E|CS|TAMS 0x000000008d500000, 0x000000008d500000| Complete 
| 214|0x000000008d600000, 0x000000008d700000, 0x000000008d700000|100%| E|CS|TAMS 0x000000008d600000, 0x000000008d600000| Complete 
| 215|0x000000008d700000, 0x000000008d800000, 0x000000008d800000|100%| E|CS|TAMS 0x000000008d700000, 0x000000008d700000| Complete 
| 216|0x000000008d800000, 0x000000008d900000, 0x000000008d900000|100%| E|CS|TAMS 0x000000008d800000, 0x000000008d800000| Complete 
| 217|0x000000008d900000, 0x000000008da00000, 0x000000008da00000|100%| E|CS|TAMS 0x000000008d900000, 0x000000008d900000| Complete 
| 218|0x000000008da00000, 0x000000008db00000, 0x000000008db00000|100%| E|CS|TAMS 0x000000008da00000, 0x000000008da00000| Complete 
| 219|0x000000008db00000, 0x000000008dc00000, 0x000000008dc00000|100%| E|CS|TAMS 0x000000008db00000, 0x000000008db00000| Complete 
| 220|0x000000008dc00000, 0x000000008dd00000, 0x000000008dd00000|100%| E|CS|TAMS 0x000000008dc00000, 0x000000008dc00000| Complete 
| 221|0x000000008dd00000, 0x000000008de00000, 0x000000008de00000|100%| E|CS|TAMS 0x000000008dd00000, 0x000000008dd00000| Complete 
| 222|0x000000008de00000, 0x000000008df00000, 0x000000008df00000|100%| E|CS|TAMS 0x000000008de00000, 0x000000008de00000| Complete 
| 223|0x000000008df00000, 0x000000008e000000, 0x000000008e000000|100%| E|CS|TAMS 0x000000008df00000, 0x000000008df00000| Complete 
| 224|0x000000008e000000, 0x000000008e100000, 0x000000008e100000|100%| E|CS|TAMS 0x000000008e000000, 0x000000008e000000| Complete 
| 225|0x000000008e100000, 0x000000008e200000, 0x000000008e200000|100%| E|CS|TAMS 0x000000008e100000, 0x000000008e100000| Complete 
| 226|0x000000008e200000, 0x000000008e300000, 0x000000008e300000|100%| E|CS|TAMS 0x000000008e200000, 0x000000008e200000| Complete 
| 227|0x000000008e300000, 0x000000008e400000, 0x000000008e400000|100%| E|CS|TAMS 0x000000008e300000, 0x000000008e300000| Complete 
| 228|0x000000008e400000, 0x000000008e500000, 0x000000008e500000|100%| E|CS|TAMS 0x000000008e400000, 0x000000008e400000| Complete 
| 229|0x000000008e500000, 0x000000008e600000, 0x000000008e600000|100%| E|CS|TAMS 0x000000008e500000, 0x000000008e500000| Complete 
| 230|0x000000008e600000, 0x000000008e700000, 0x000000008e700000|100%| E|CS|TAMS 0x000000008e600000, 0x000000008e600000| Complete 
| 231|0x000000008e700000, 0x000000008e800000, 0x000000008e800000|100%| E|CS|TAMS 0x000000008e700000, 0x000000008e700000| Complete 
| 232|0x000000008e800000, 0x000000008e900000, 0x000000008e900000|100%| E|CS|TAMS 0x000000008e800000, 0x000000008e800000| Complete 
| 233|0x000000008e900000, 0x000000008ea00000, 0x000000008ea00000|100%| E|CS|TAMS 0x000000008e900000, 0x000000008e900000| Complete 
| 234|0x000000008ea00000, 0x000000008eb00000, 0x000000008eb00000|100%| E|CS|TAMS 0x000000008ea00000, 0x000000008ea00000| Complete 
| 235|0x000000008eb00000, 0x000000008ec00000, 0x000000008ec00000|100%| E|CS|TAMS 0x000000008eb00000, 0x000000008eb00000| Complete 
| 236|0x000000008ec00000, 0x000000008ed00000, 0x000000008ed00000|100%| E|CS|TAMS 0x000000008ec00000, 0x000000008ec00000| Complete 
| 237|0x000000008ed00000, 0x000000008ee00000, 0x000000008ee00000|100%| E|CS|TAMS 0x000000008ed00000, 0x000000008ed00000| Complete 
| 238|0x000000008ee00000, 0x000000008ef00000, 0x000000008ef00000|100%| E|CS|TAMS 0x000000008ee00000, 0x000000008ee00000| Complete 
| 239|0x000000008ef00000, 0x000000008f000000, 0x000000008f000000|100%| E|CS|TAMS 0x000000008ef00000, 0x000000008ef00000| Complete 
| 240|0x000000008f000000, 0x000000008f100000, 0x000000008f100000|100%| E|CS|TAMS 0x000000008f000000, 0x000000008f000000| Complete 
| 241|0x000000008f100000, 0x000000008f200000, 0x000000008f200000|100%| E|CS|TAMS 0x000000008f100000, 0x000000008f100000| Complete 
| 242|0x000000008f200000, 0x000000008f300000, 0x000000008f300000|100%| E|CS|TAMS 0x000000008f200000, 0x000000008f200000| Complete 
| 243|0x000000008f300000, 0x000000008f400000, 0x000000008f400000|100%| E|CS|TAMS 0x000000008f300000, 0x000000008f300000| Complete 
| 244|0x000000008f400000, 0x000000008f500000, 0x000000008f500000|100%| E|CS|TAMS 0x000000008f400000, 0x000000008f400000| Complete 
| 245|0x000000008f500000, 0x000000008f600000, 0x000000008f600000|100%| E|CS|TAMS 0x000000008f500000, 0x000000008f500000| Complete 
| 246|0x000000008f600000, 0x000000008f700000, 0x000000008f700000|100%| E|CS|TAMS 0x000000008f600000, 0x000000008f600000| Complete 
| 247|0x000000008f700000, 0x000000008f800000, 0x000000008f800000|100%| E|CS|TAMS 0x000000008f700000, 0x000000008f700000| Complete 

Card table byte_map: [0x000001ec94d70000,0x000001ec95170000] _byte_map_base: 0x000001ec94970000

Marking Bits (Prev, Next): (CMBitMap*) 0x000001ec821cc0c0, (CMBitMap*) 0x000001ec821cc080
 Prev Bits: [0x000001ec97570000, 0x000001ec99570000)
 Next Bits: [0x000001ec95570000, 0x000001ec97570000)

Polling page: 0x000001ec81930000

Metaspace:

Usage:
  Non-class:     79.74 MB used.
      Class:     12.42 MB used.
       Both:     92.16 MB used.

Virtual space:
  Non-class space:       88.00 MB reserved,      80.19 MB ( 91%) committed,  11 nodes.
      Class space:        1.00 GB reserved,      12.81 MB (  1%) committed,  1 nodes.
             Both:        1.09 GB reserved,      93.00 MB (  8%) committed. 

Chunk freelists:
   Non-Class:  2.92 MB
       Class:  3.17 MB
        Both:  6.09 MB

MaxMetaspaceSize: unlimited
CompressedClassSpaceSize: 1.00 GB
Initial GC threshold: 21.00 MB
Current GC threshold: 150.94 MB
CDS: off
MetaspaceReclaimPolicy: balanced
 - commit_granule_bytes: 65536.
 - commit_granule_words: 8192.
 - virtual_space_node_default_size: 1048576.
 - enlarge_chunks_in_place: 1.
 - new_chunks_are_fully_committed: 0.
 - uncommit_free_chunks: 1.
 - use_allocation_guard: 0.
 - handle_deallocations: 1.


Internal statistics:

num_allocs_failed_limit: 12.
num_arena_births: 998.
num_arena_deaths: 0.
num_vsnodes_births: 12.
num_vsnodes_deaths: 0.
num_space_committed: 1487.
num_space_uncommitted: 0.
num_chunks_returned_to_freelist: 12.
num_chunks_taken_from_freelist: 4515.
num_chunk_merges: 12.
num_chunk_splits: 2968.
num_chunks_enlarged: 1963.
num_purges: 0.
num_inconsistent_stats: 0.

CodeHeap 'non-profiled nmethods': size=120000Kb used=5132Kb max_used=5484Kb free=114867Kb
 bounds [0x000001ec8d100000, 0x000001ec8d660000, 0x000001ec94630000]
CodeHeap 'profiled nmethods': size=120000Kb used=16744Kb max_used=17537Kb free=103255Kb
 bounds [0x000001ec85630000, 0x000001ec86760000, 0x000001ec8cb60000]
CodeHeap 'non-nmethods': size=5760Kb used=2415Kb max_used=2529Kb free=3344Kb
 bounds [0x000001ec8cb60000, 0x000001ec8ce00000, 0x000001ec8d100000]
 total_blobs=9557 nmethods=8612 adapters=857
 compilation: enabled
              stopped_count=0, restarted_count=0
 full_count=0

Compilation events (20 events):
Event: 11.451 Thread 0x000001ec9c8472b0 10025       3       org.gradle.internal.io.StreamByteBuffer::createWithChunkSizeInDefaultRange (12 bytes)
Event: 11.452 Thread 0x000001ec9c8472b0 nmethod 10025 0x000001ec85a85190 code [0x000001ec85a85360, 0x000001ec85a85708]
Event: 11.452 Thread 0x000001ec9c8472b0 10026       3       org.gradle.cache.internal.btree.StateCheckBlockStore::flush (31 bytes)
Event: 11.452 Thread 0x000001ec9c8472b0 nmethod 10026 0x000001ec85a84d10 code [0x000001ec85a84ec0, 0x000001ec85a850a8]
Event: 11.452 Thread 0x000001ec9c8472b0 10027       3       org.gradle.cache.internal.btree.FreeListBlockStore::flush (10 bytes)
Event: 11.452 Thread 0x000001ec9c8472b0 nmethod 10027 0x000001ec85e12e10 code [0x000001ec85e12fc0, 0x000001ec85e13188]
Event: 11.464 Thread 0x000001ec9c8472b0 10029       3       java.nio.file.FileTreeWalker$Event::<init> (9 bytes)
Event: 11.464 Thread 0x000001ec9c8472b0 nmethod 10029 0x000001ec85e12810 code [0x000001ec85e129c0, 0x000001ec85e12cd8]
Event: 11.468 Thread 0x000001ec9c8472b0 10030   !   3       sun.nio.fs.WindowsNativeDispatcher::FindFirstFile (38 bytes)
Event: 11.468 Thread 0x000001ec9c8472b0 nmethod 10030 0x000001ec85e11f90 code [0x000001ec85e12180, 0x000001ec85e125b8]
Event: 11.468 Thread 0x000001ec9c8472b0 10031       3       sun.nio.fs.WindowsNativeDispatcher$FirstFile::<init> (5 bytes)
Event: 11.468 Thread 0x000001ec9c8472b0 nmethod 10031 0x000001ec85e8c290 code [0x000001ec85e8c420, 0x000001ec85e8c578]
Event: 11.475 Thread 0x000001ec9c8472b0 10034   !   3       sun.nio.fs.WindowsDirectoryStream::<init> (175 bytes)
Event: 11.478 Thread 0x000001ec9c8472b0 nmethod 10034 0x000001ec85c5b510 code [0x000001ec85c5b900, 0x000001ec85c5d348]
Event: 11.478 Thread 0x000001ec9c8472b0 10037       3       java.util.AbstractCollection::remove (67 bytes)
Event: 11.479 Thread 0x000001ec9c8472b0 nmethod 10037 0x000001ec85ee4710 code [0x000001ec85ee4960, 0x000001ec85ee52d8]
Event: 11.479 Thread 0x000001ec9c8472b0 10035       3       sun.nio.fs.WindowsFileAttributes::getBufferForFindData (7 bytes)
Event: 11.480 Thread 0x000001ec9c8472b0 nmethod 10035 0x000001ec85e11910 code [0x000001ec85e11ae0, 0x000001ec85e11e18]
Event: 11.480 Thread 0x000001ec9c8472b0 10036       3       sun.nio.fs.WindowsFileSystemProvider::newDirectoryStream (31 bytes)
Event: 11.480 Thread 0x000001ec9c8472b0 nmethod 10036 0x000001ec85c97410 code [0x000001ec85c97640, 0x000001ec85c980a8]

GC Heap History (20 events):
Event: 4.818 GC heap before
{Heap before GC invocations=19 (full 0):
 garbage-first heap   total 114688K, used 91729K [0x0000000080000000, 0x0000000100000000)
  region size 1024K, 28 young (28672K), 3 survivors (3072K)
 Metaspace       used 49141K, committed 49536K, reserved 1097728K
  class space    used 6422K, committed 6592K, reserved 1048576K
}
Event: 4.823 GC heap after
{Heap after GC invocations=20 (full 0):
 garbage-first heap   total 114688K, used 69561K [0x0000000080000000, 0x0000000100000000)
  region size 1024K, 4 young (4096K), 4 survivors (4096K)
 Metaspace       used 49141K, committed 49536K, reserved 1097728K
  class space    used 6422K, committed 6592K, reserved 1048576K
}
Event: 4.834 GC heap before
{Heap before GC invocations=20 (full 0):
 garbage-first heap   total 114688K, used 70585K [0x0000000080000000, 0x0000000100000000)
  region size 1024K, 5 young (5120K), 4 survivors (4096K)
 Metaspace       used 49149K, committed 49536K, reserved 1097728K
  class space    used 6422K, committed 6592K, reserved 1048576K
}
Event: 4.840 GC heap after
{Heap after GC invocations=21 (full 0):
 garbage-first heap   total 114688K, used 70164K [0x0000000080000000, 0x0000000100000000)
  region size 1024K, 1 young (1024K), 1 survivors (1024K)
 Metaspace       used 49149K, committed 49536K, reserved 1097728K
  class space    used 6422K, committed 6592K, reserved 1048576K
}
Event: 5.105 GC heap before
{Heap before GC invocations=21 (full 0):
 garbage-first heap   total 114688K, used 93716K [0x0000000080000000, 0x0000000100000000)
  region size 1024K, 24 young (24576K), 1 survivors (1024K)
 Metaspace       used 50804K, committed 51264K, reserved 1097728K
  class space    used 6713K, committed 6912K, reserved 1048576K
}
Event: 5.108 GC heap after
{Heap after GC invocations=22 (full 0):
 garbage-first heap   total 114688K, used 72061K [0x0000000080000000, 0x0000000100000000)
  region size 1024K, 3 young (3072K), 3 survivors (3072K)
 Metaspace       used 50804K, committed 51264K, reserved 1097728K
  class space    used 6713K, committed 6912K, reserved 1048576K
}
Event: 5.408 GC heap before
{Heap before GC invocations=23 (full 0):
 garbage-first heap   total 126976K, used 93565K [0x0000000080000000, 0x0000000100000000)
  region size 1024K, 24 young (24576K), 3 survivors (3072K)
 Metaspace       used 53443K, committed 53952K, reserved 1097728K
  class space    used 7147K, committed 7360K, reserved 1048576K
}
Event: 5.411 GC heap after
{Heap after GC invocations=24 (full 0):
 garbage-first heap   total 126976K, used 73291K [0x0000000080000000, 0x0000000100000000)
  region size 1024K, 2 young (2048K), 2 survivors (2048K)
 Metaspace       used 53443K, committed 53952K, reserved 1097728K
  class space    used 7147K, committed 7360K, reserved 1048576K
}
Event: 5.807 GC heap before
{Heap before GC invocations=24 (full 0):
 garbage-first heap   total 126976K, used 99915K [0x0000000080000000, 0x0000000100000000)
  region size 1024K, 29 young (29696K), 2 survivors (2048K)
 Metaspace       used 54505K, committed 55040K, reserved 1097728K
  class space    used 7257K, committed 7488K, reserved 1048576K
}
Event: 5.811 GC heap after
{Heap after GC invocations=25 (full 0):
 garbage-first heap   total 253952K, used 75898K [0x0000000080000000, 0x0000000100000000)
  region size 1024K, 4 young (4096K), 4 survivors (4096K)
 Metaspace       used 54505K, committed 55040K, reserved 1097728K
  class space    used 7257K, committed 7488K, reserved 1048576K
}
Event: 7.268 GC heap before
{Heap before GC invocations=26 (full 0):
 garbage-first heap   total 253952K, used 187514K [0x0000000080000000, 0x0000000100000000)
  region size 1024K, 103 young (105472K), 4 survivors (4096K)
 Metaspace       used 66648K, committed 67264K, reserved 1114112K
  class space    used 8846K, committed 9152K, reserved 1048576K
}
Event: 7.280 GC heap after
{Heap after GC invocations=27 (full 0):
 garbage-first heap   total 253952K, used 90059K [0x0000000080000000, 0x0000000100000000)
  region size 1024K, 13 young (13312K), 13 survivors (13312K)
 Metaspace       used 66648K, committed 67264K, reserved 1114112K
  class space    used 8846K, committed 9152K, reserved 1048576K
}
Event: 7.291 GC heap before
{Heap before GC invocations=27 (full 0):
 garbage-first heap   total 253952K, used 91083K [0x0000000080000000, 0x0000000100000000)
  region size 1024K, 14 young (14336K), 13 survivors (13312K)
 Metaspace       used 66734K, committed 67392K, reserved 1114112K
  class space    used 8855K, committed 9152K, reserved 1048576K
}
Event: 7.298 GC heap after
{Heap after GC invocations=28 (full 0):
 garbage-first heap   total 253952K, used 90603K [0x0000000080000000, 0x0000000100000000)
  region size 1024K, 2 young (2048K), 2 survivors (2048K)
 Metaspace       used 66734K, committed 67392K, reserved 1114112K
  class space    used 8855K, committed 9152K, reserved 1048576K
}
Event: 8.385 GC heap before
{Heap before GC invocations=28 (full 0):
 garbage-first heap   total 253952K, used 186859K [0x0000000080000000, 0x0000000100000000)
  region size 1024K, 96 young (98304K), 2 survivors (2048K)
 Metaspace       used 73732K, committed 74368K, reserved 1114112K
  class space    used 9931K, committed 10240K, reserved 1048576K
}
Event: 8.392 GC heap after
{Heap after GC invocations=29 (full 0):
 garbage-first heap   total 253952K, used 95683K [0x0000000080000000, 0x0000000100000000)
  region size 1024K, 7 young (7168K), 7 survivors (7168K)
 Metaspace       used 73732K, committed 74368K, reserved 1114112K
  class space    used 9931K, committed 10240K, reserved 1048576K
}
Event: 9.793 GC heap before
{Heap before GC invocations=29 (full 0):
 garbage-first heap   total 253952K, used 214467K [0x0000000080000000, 0x0000000100000000)
  region size 1024K, 101 young (103424K), 7 survivors (7168K)
 Metaspace       used 83363K, committed 84032K, reserved 1122304K
  class space    used 11251K, committed 11584K, reserved 1048576K
}
Event: 9.806 GC heap after
{Heap after GC invocations=30 (full 0):
 garbage-first heap   total 253952K, used 128325K [0x0000000080000000, 0x0000000100000000)
  region size 1024K, 13 young (13312K), 13 survivors (13312K)
 Metaspace       used 83363K, committed 84032K, reserved 1122304K
  class space    used 11251K, committed 11584K, reserved 1048576K
}
Event: 10.769 GC heap before
{Heap before GC invocations=30 (full 0):
 garbage-first heap   total 253952K, used 179525K [0x0000000080000000, 0x0000000100000000)
  region size 1024K, 64 young (65536K), 13 survivors (13312K)
 Metaspace       used 91212K, committed 91968K, reserved 1130496K
  class space    used 12422K, committed 12800K, reserved 1048576K
}
Event: 10.783 GC heap after
{Heap after GC invocations=31 (full 0):
 garbage-first heap   total 253952K, used 132629K [0x0000000080000000, 0x0000000100000000)
  region size 1024K, 4 young (4096K), 4 survivors (4096K)
 Metaspace       used 91212K, committed 91968K, reserved 1130496K
  class space    used 12422K, committed 12800K, reserved 1048576K
}

Dll operation events (2 events):
Event: 0.006 Loaded shared library C:\Program Files\Android\Android Studio\jbr\bin\java.dll
Event: 0.413 Loaded shared library C:\Program Files\Android\Android Studio\jbr\bin\verify.dll

Deoptimization events (20 events):
Event: 11.367 Thread 0x000001eca0d87a80 Uncommon trap: trap_request=0xffffffc6 fr.pc=0x000001ec8d57e1d8 relative=0x0000000000000958
Event: 11.367 Thread 0x000001eca0d87a80 Uncommon trap: reason=bimorphic_or_optimized_type_check action=maybe_recompile pc=0x000001ec8d57e1d8 method=java.io.BufferedInputStream.read1([BII)I @ 39 c2
Event: 11.367 Thread 0x000001eca0d87a80 DEOPT PACKING pc=0x000001ec8d57e1d8 sp=0x00000033bf8fe530
Event: 11.367 Thread 0x000001eca0d87a80 DEOPT UNPACKING pc=0x000001ec8cbb69a3 sp=0x00000033bf8fe448 mode 2
Event: 11.369 Thread 0x000001eca2af1350 Uncommon trap: trap_request=0xffffff45 fr.pc=0x000001ec8d416390 relative=0x0000000000000550
Event: 11.369 Thread 0x000001eca2af1350 Uncommon trap: reason=unstable_if action=reinterpret pc=0x000001ec8d416390 method=java.lang.StringLatin1.compareToCI([B[B)I @ 68 c2
Event: 11.369 Thread 0x000001eca2af1350 DEOPT PACKING pc=0x000001ec8d416390 sp=0x00000033c0cfb5b0
Event: 11.369 Thread 0x000001eca2af1350 DEOPT UNPACKING pc=0x000001ec8cbb69a3 sp=0x00000033c0cfb4a0 mode 2
Event: 11.369 Thread 0x000001eca2af1350 Uncommon trap: trap_request=0xffffff45 fr.pc=0x000001ec8d26acc4 relative=0x0000000000000504
Event: 11.369 Thread 0x000001eca2af1350 Uncommon trap: reason=unstable_if action=reinterpret pc=0x000001ec8d26acc4 method=java.lang.StringLatin1.compareToCI([B[B)I @ 68 c2
Event: 11.369 Thread 0x000001eca2af1350 DEOPT PACKING pc=0x000001ec8d26acc4 sp=0x00000033c0cfb510
Event: 11.369 Thread 0x000001eca2af1350 DEOPT UNPACKING pc=0x000001ec8cbb69a3 sp=0x00000033c0cfb498 mode 2
Event: 11.384 Thread 0x000001eca2c54a90 Uncommon trap: trap_request=0xffffff45 fr.pc=0x000001ec8d214004 relative=0x0000000000000264
Event: 11.384 Thread 0x000001eca2c54a90 Uncommon trap: reason=unstable_if action=reinterpret pc=0x000001ec8d214004 method=java.util.concurrent.ConcurrentHashMap.get(Ljava/lang/Object;)Ljava/lang/Object; @ 86 c2
Event: 11.385 Thread 0x000001eca2c54a90 DEOPT PACKING pc=0x000001ec8d214004 sp=0x00000033c4afda60
Event: 11.385 Thread 0x000001eca2c54a90 DEOPT UNPACKING pc=0x000001ec8cbb69a3 sp=0x00000033c4afd9d8 mode 2
Event: 11.386 Thread 0x000001eca2c54a90 Uncommon trap: trap_request=0xffffff45 fr.pc=0x000001ec8d399d5c relative=0x000000000000159c
Event: 11.386 Thread 0x000001eca2c54a90 Uncommon trap: reason=unstable_if action=reinterpret pc=0x000001ec8d399d5c method=java.util.concurrent.ConcurrentHashMap.computeIfAbsent(Ljava/lang/Object;Ljava/util/function/Function;)Ljava/lang/Object; @ 279 c2
Event: 11.386 Thread 0x000001eca2c54a90 DEOPT PACKING pc=0x000001ec8d399d5c sp=0x00000033c4afdda0
Event: 11.386 Thread 0x000001eca2c54a90 DEOPT UNPACKING pc=0x000001ec8cbb69a3 sp=0x00000033c4afdd28 mode 2

Classes unloaded (0 events):
No events

Classes redefined (0 events):
No events

Internal exceptions (20 events):
Event: 10.317 Thread 0x000001ec9c839420 Exception <a 'sun/nio/fs/WindowsException'{0x000000008dd5b3a8}> (0x000000008dd5b3a8) 
thrown [s\src\hotspot\share\prims\jni.cpp, line 517]
Event: 10.317 Thread 0x000001ec9c839420 Exception <a 'sun/nio/fs/WindowsException'{0x000000008dd5c770}> (0x000000008dd5c770) 
thrown [s\src\hotspot\share\prims\jni.cpp, line 517]
Event: 10.345 Thread 0x000001ec9c839420 Exception <a 'java/lang/NoSuchMethodError'{0x000000008dc83be0}: 'java.lang.Object java.lang.invoke.DirectMethodHandle$Holder.invokeSpecial(java.lang.Object, java.lang.Object, long, java.lang.Object, java.lang.Object, java.lang.Object, java.lang.Object, java.lang.Object, java.lang.Object, java.lang.Object, java.lang.Object)'> (0x000000008dc83be0) 
thrown [s\src\hotspot\share\interpreter\linkResolver.cpp, line 771]
Event: 10.345 Thread 0x000001ec9c839420 Exception <a 'java/lang/NoSuchMethodError'{0x000000008dc889e8}: 'java.lang.Object java.lang.invoke.DelegatingMethodHandle$Holder.reinvoke_L(java.lang.Object, long, java.lang.Object, java.lang.Object, java.lang.Object, java.lang.Object, java.lang.Object, java.lang.Object, java.lang.Object, java.lang.Object)'> (0x000000008dc889e8) 
thrown [s\src\hotspot\share\interpreter\linkResolver.cpp, line 771]
Event: 10.348 Thread 0x000001ec9c839420 Exception <a 'java/lang/NoSuchMethodError'{0x000000008dcab8c8}: 'java.lang.Object java.lang.invoke.DirectMethodHandle$Holder.invokeSpecial(java.lang.Object, java.lang.Object, java.lang.Object, java.lang.Object, java.lang.Object, java.lang.Object, java.lang.Object, java.lang.Object, java.lang.Object, java.lang.Object)'> (0x000000008dcab8c8) 
thrown [s\src\hotspot\share\interpreter\linkResolver.cpp, line 771]
Event: 10.348 Thread 0x000001ec9c839420 Exception <a 'java/lang/NoSuchMethodError'{0x000000008dcb0560}: 'java.lang.Object java.lang.invoke.Invokers$Holder.linkToTargetMethod(java.lang.Object, java.lang.Object, java.lang.Object, java.lang.Object, java.lang.Object, java.lang.Object, java.lang.Object, java.lang.Object, java.lang.Object)'> (0x000000008dcb0560) 
thrown [s\src\hotspot\share\interpreter\linkResolver.cpp, line 771]
Event: 10.517 Thread 0x000001ec9c839420 Exception <a 'java/lang/NoSuchMethodError'{0x000000008d113bb0}: 'java.lang.Object java.lang.invoke.DirectMethodHandle$Holder.newInvokeSpecial(java.lang.Object, java.lang.Object, java.lang.Object, java.lang.Object, int, java.lang.Object)'> (0x000000008d113bb0) 
thrown [s\src\hotspot\share\interpreter\linkResolver.cpp, line 771]
Event: 10.518 Thread 0x000001ec9c839420 Exception <a 'java/lang/NoSuchMethodError'{0x000000008d118c18}: 'java.lang.Object java.lang.invoke.Invokers$Holder.linkToTargetMethod(java.lang.Object, java.lang.Object, java.lang.Object, int, java.lang.Object, java.lang.Object)'> (0x000000008d118c18) 
thrown [s\src\hotspot\share\interpreter\linkResolver.cpp, line 771]
Event: 10.538 Thread 0x000001ec9c839420 Exception <a 'java/lang/IncompatibleClassChangeError'{0x000000008d006350}: Found class java.lang.Object, but interface was expected> (0x000000008d006350) 
thrown [s\src\hotspot\share\interpreter\linkResolver.cpp, line 838]
Event: 10.566 Thread 0x000001ec9f458180 Exception <a 'java/lang/IncompatibleClassChangeError'{0x000000008cf7da90}: Found class java.lang.Object, but interface was expected> (0x000000008cf7da90) 
thrown [s\src\hotspot\share\interpreter\linkResolver.cpp, line 838]
Event: 10.583 Thread 0x000001ec9f458180 Exception <a 'java/lang/NoSuchMethodError'{0x000000008ce78f68}: 'int java.lang.invoke.DirectMethodHandle$Holder.invokeStaticInit(java.lang.Object, java.lang.Object, java.lang.Object, java.lang.Object, java.lang.Object)'> (0x000000008ce78f68) 
thrown [s\src\hotspot\share\interpreter\linkResolver.cpp, line 771]
Event: 10.608 Thread 0x000001ec9c839420 Exception <a 'java/lang/NoSuchMethodError'{0x000000008cd5e320}: 'int java.lang.invoke.DirectMethodHandle$Holder.invokeSpecialIFC(java.lang.Object, java.lang.Object, java.lang.Object)'> (0x000000008cd5e320) 
thrown [s\src\hotspot\share\interpreter\linkResolver.cpp, line 771]
Event: 10.656 Thread 0x000001ec9c839420 Exception <a 'java/lang/NoSuchMethodError'{0x000000008cafb8e0}: 'void java.lang.invoke.DirectMethodHandle$Holder.invokeSpecial(java.lang.Object, java.lang.Object, java.lang.Object, java.lang.Object, int, java.lang.Object, java.lang.Object)'> (0x000000008cafb8e0) 
thrown [s\src\hotspot\share\interpreter\linkResolver.cpp, line 771]
Event: 11.339 Thread 0x000001eca2af21c0 Exception <a 'java/lang/NoSuchMethodError'{0x000000008d98a7e8}: 'java.lang.Object java.lang.invoke.DirectMethodHandle$Holder.invokeSpecialIFC(java.lang.Object, java.lang.Object, java.lang.Object)'> (0x000000008d98a7e8) 
thrown [s\src\hotspot\share\interpreter\linkResolver.cpp, line 771]
Event: 11.339 Thread 0x000001eca2c528e0 Exception <a 'java/lang/NoSuchMethodError'{0x000000008d9a5948}: 'java.lang.Object java.lang.invoke.DirectMethodHandle$Holder.invokeSpecialIFC(java.lang.Object, java.lang.Object, java.lang.Object)'> (0x000000008d9a5948) 
thrown [s\src\hotspot\share\interpreter\linkResolver.cpp, line 771]
Event: 11.339 Thread 0x000001eca2af3030 Exception <a 'java/lang/NoSuchMethodError'{0x000000008d83c870}: 'java.lang.Object java.lang.invoke.DirectMethodHandle$Holder.invokeSpecialIFC(java.lang.Object, java.lang.Object, java.lang.Object)'> (0x000000008d83c870) 
thrown [s\src\hotspot\share\interpreter\linkResolver.cpp, line 771]
Event: 11.339 Thread 0x000001eca2c575e0 Exception <a 'java/lang/NoSuchMethodError'{0x000000008d8217f0}: 'java.lang.Object java.lang.invoke.DirectMethodHandle$Holder.invokeSpecialIFC(java.lang.Object, java.lang.Object, java.lang.Object)'> (0x000000008d8217f0) 
thrown [s\src\hotspot\share\interpreter\linkResolver.cpp, line 771]
Event: 11.339 Thread 0x000001eca2c54a90 Exception <a 'java/lang/NoSuchMethodError'{0x000000008d9dad28}: 'java.lang.Object java.lang.invoke.DirectMethodHandle$Holder.invokeSpecialIFC(java.lang.Object, java.lang.Object, java.lang.Object)'> (0x000000008d9dad28) 
thrown [s\src\hotspot\share\interpreter\linkResolver.cpp, line 771]
Event: 11.340 Thread 0x000001ec9f459990 Exception <a 'java/lang/NoSuchMethodError'{0x000000008d9bfbf8}: 'java.lang.Object java.lang.invoke.DirectMethodHandle$Holder.invokeSpecialIFC(java.lang.Object, java.lang.Object, java.lang.Object)'> (0x000000008d9bfbf8) 
thrown [s\src\hotspot\share\interpreter\linkResolver.cpp, line 771]
Event: 11.340 Thread 0x000001eca2af1350 Exception <a 'java/lang/NoSuchMethodError'{0x000000008d9f5c78}: 'java.lang.Object java.lang.invoke.DirectMethodHandle$Holder.invokeSpecialIFC(java.lang.Object, java.lang.Object, java.lang.Object)'> (0x000000008d9f5c78) 
thrown [s\src\hotspot\share\interpreter\linkResolver.cpp, line 771]

VM Operations (20 events):
Event: 10.856 Executing VM operation: G1Concurrent
Event: 10.862 Executing VM operation: G1Concurrent done
Event: 10.897 Executing VM operation: G1Concurrent
Event: 10.898 Executing VM operation: G1Concurrent done
Event: 11.111 Executing VM operation: HandshakeAllThreads
Event: 11.112 Executing VM operation: HandshakeAllThreads done
Event: 11.140 Executing VM operation: HandshakeAllThreads
Event: 11.141 Executing VM operation: HandshakeAllThreads done
Event: 11.162 Executing VM operation: HandshakeAllThreads
Event: 11.162 Executing VM operation: HandshakeAllThreads done
Event: 11.166 Executing VM operation: ICBufferFull
Event: 11.166 Executing VM operation: ICBufferFull done
Event: 11.246 Executing VM operation: HandshakeAllThreads
Event: 11.247 Executing VM operation: HandshakeAllThreads done
Event: 11.251 Executing VM operation: ICBufferFull
Event: 11.251 Executing VM operation: ICBufferFull done
Event: 11.355 Executing VM operation: HandshakeAllThreads
Event: 11.355 Executing VM operation: HandshakeAllThreads done
Event: 11.390 Executing VM operation: ICBufferFull
Event: 11.390 Executing VM operation: ICBufferFull done

Events (20 events):
Event: 11.175 Thread 0x000001ec9c84b730 flushing nmethod 0x000001ec863fe990
Event: 11.175 Thread 0x000001ec9c84b730 flushing nmethod 0x000001ec8640ce90
Event: 11.175 Thread 0x000001ec9c84b730 flushing nmethod 0x000001ec86414d10
Event: 11.175 Thread 0x000001ec9c84b730 flushing nmethod 0x000001ec8643f490
Event: 11.175 Thread 0x000001ec9c84b730 flushing nmethod 0x000001ec8645bb10
Event: 11.175 Thread 0x000001ec9c84b730 flushing nmethod 0x000001ec86467c10
Event: 11.175 Thread 0x000001ec9c84b730 flushing nmethod 0x000001ec86479c90
Event: 11.176 Thread 0x000001ec9c84b730 flushing nmethod 0x000001ec864b8610
Event: 11.177 Thread 0x000001ec9c84b730 flushing nmethod 0x000001ec8659f190
Event: 11.177 Thread 0x000001ec9c84b730 flushing nmethod 0x000001ec8659f510
Event: 11.177 Thread 0x000001ec9c84b730 flushing nmethod 0x000001ec86600c10
Event: 11.177 Thread 0x000001ec9c84b730 flushing nmethod 0x000001ec86601090
Event: 11.177 Thread 0x000001ec9c84b730 flushing nmethod 0x000001ec86601810
Event: 11.177 Thread 0x000001ec9c84b730 flushing nmethod 0x000001ec86627890
Event: 11.177 Thread 0x000001ec9c84b730 flushing nmethod 0x000001ec86628b90
Event: 11.177 Thread 0x000001ec9c84b730 flushing nmethod 0x000001ec8665da10
Event: 11.339 loading class java/util/concurrent/LinkedBlockingDeque$Itr
Event: 11.339 loading class java/util/concurrent/LinkedBlockingDeque$AbstractItr
Event: 11.339 loading class java/util/concurrent/LinkedBlockingDeque$AbstractItr done
Event: 11.339 loading class java/util/concurrent/LinkedBlockingDeque$Itr done


Dynamic libraries:
0x00007ff6ea2c0000 - 0x00007ff6ea2ca000 	C:\Program Files\Android\Android Studio\jbr\bin\java.exe
0x00007ff882650000 - 0x00007ff882867000 	C:\WINDOWS\SYSTEM32\ntdll.dll
0x00007ff881770000 - 0x00007ff881834000 	C:\WINDOWS\System32\KERNEL32.DLL
0x00007ff87f970000 - 0x00007ff87fd1d000 	C:\WINDOWS\System32\KERNELBASE.dll
0x00007ff87fe40000 - 0x00007ff87ff51000 	C:\WINDOWS\System32\ucrtbase.dll
0x00007ff8699d0000 - 0x00007ff8699e7000 	C:\Program Files\Android\Android Studio\jbr\bin\jli.dll
0x00007ff86a6c0000 - 0x00007ff86a6db000 	C:\Program Files\Android\Android Studio\jbr\bin\VCRUNTIME140.dll
0x00007ff882070000 - 0x00007ff88221e000 	C:\WINDOWS\System32\USER32.dll
0x00007ff87ebc0000 - 0x00007ff87ee53000 	C:\WINDOWS\WinSxS\amd64_microsoft.windows.common-controls_6595b64144ccf1df_6.0.22621.3672_none_2713b9d173822955\COMCTL32.dll
0x00007ff8801c0000 - 0x00007ff8801e6000 	C:\WINDOWS\System32\win32u.dll
0x00007ff880880000 - 0x00007ff8808a9000 	C:\WINDOWS\System32\GDI32.dll
0x00007ff882410000 - 0x00007ff8824b7000 	C:\WINDOWS\System32\msvcrt.dll
0x00007ff8801f0000 - 0x00007ff880309000 	C:\WINDOWS\System32\gdi32full.dll
0x00007ff87fd20000 - 0x00007ff87fdba000 	C:\WINDOWS\System32\msvcp_win.dll
0x00007ff881610000 - 0x00007ff881641000 	C:\WINDOWS\System32\IMM32.DLL
0x00007ff87bc10000 - 0x00007ff87bc1c000 	C:\Program Files\Android\Android Studio\jbr\bin\vcruntime140_1.dll
0x00007ff857f80000 - 0x00007ff85800d000 	C:\Program Files\Android\Android Studio\jbr\bin\msvcp140.dll
0x00007ff83a280000 - 0x00007ff83aeee000 	C:\Program Files\Android\Android Studio\jbr\bin\server\jvm.dll
0x00007ff882550000 - 0x00007ff882602000 	C:\WINDOWS\System32\ADVAPI32.dll
0x00007ff881840000 - 0x00007ff8818e9000 	C:\WINDOWS\System32\sechost.dll
0x00007ff880190000 - 0x00007ff8801b8000 	C:\WINDOWS\System32\bcrypt.dll
0x00007ff881650000 - 0x00007ff881764000 	C:\WINDOWS\System32\RPCRT4.dll
0x00007ff865090000 - 0x00007ff865099000 	C:\WINDOWS\SYSTEM32\WSOCK32.dll
0x00007ff86cc40000 - 0x00007ff86cc74000 	C:\WINDOWS\SYSTEM32\WINMM.dll
0x00007ff87aa90000 - 0x00007ff87aa9a000 	C:\WINDOWS\SYSTEM32\VERSION.dll
0x00007ff882220000 - 0x00007ff882291000 	C:\WINDOWS\System32\WS2_32.dll
0x00007ff87e180000 - 0x00007ff87e198000 	C:\WINDOWS\SYSTEM32\kernel.appcore.dll
0x00007ff878380000 - 0x00007ff87838a000 	C:\Program Files\Android\Android Studio\jbr\bin\jimage.dll
0x00007ff87f2d0000 - 0x00007ff87f502000 	C:\WINDOWS\SYSTEM32\DBGHELP.DLL
0x00007ff880380000 - 0x00007ff88070e000 	C:\WINDOWS\System32\combase.dll
0x00007ff882310000 - 0x00007ff8823e7000 	C:\WINDOWS\System32\OLEAUT32.dll
0x00007ff87f170000 - 0x00007ff87f1a2000 	C:\WINDOWS\SYSTEM32\dbgcore.DLL
0x00007ff87fdc0000 - 0x00007ff87fe3b000 	C:\WINDOWS\System32\bcryptPrimitives.dll
0x00007ff86a190000 - 0x00007ff86a1b5000 	C:\Program Files\Android\Android Studio\jbr\bin\java.dll
0x00007ff86dc90000 - 0x00007ff86dca8000 	C:\Program Files\Android\Android Studio\jbr\bin\zip.dll
0x00007ff880910000 - 0x00007ff881177000 	C:\WINDOWS\System32\SHELL32.dll
0x00007ff87ce10000 - 0x00007ff87d70f000 	C:\WINDOWS\SYSTEM32\windows.storage.dll
0x00007ff87ccd0000 - 0x00007ff87ce0f000 	C:\WINDOWS\SYSTEM32\wintypes.dll
0x00007ff8811e0000 - 0x00007ff8812d9000 	C:\WINDOWS\System32\SHCORE.dll
0x00007ff881180000 - 0x00007ff8811de000 	C:\WINDOWS\System32\shlwapi.dll
0x00007ff87f8a0000 - 0x00007ff87f8c7000 	C:\WINDOWS\SYSTEM32\profapi.dll
0x00007ff86a170000 - 0x00007ff86a189000 	C:\Program Files\Android\Android Studio\jbr\bin\net.dll
0x00007ff87a8b0000 - 0x00007ff87a9e6000 	C:\WINDOWS\SYSTEM32\WINHTTP.dll
0x00007ff87e740000 - 0x00007ff87e7a9000 	C:\WINDOWS\system32\mswsock.dll
0x00007ff86a150000 - 0x00007ff86a166000 	C:\Program Files\Android\Android Studio\jbr\bin\nio.dll
0x00007ff877f90000 - 0x00007ff877fa0000 	C:\Program Files\Android\Android Studio\jbr\bin\verify.dll
0x00007ff878970000 - 0x00007ff878997000 	C:\Users\scher\.gradle\native\68d5fa5c4cc2d200863cafc0d521ce42e7d3e7ee720ec0a83991735586a16f82\windows-amd64\native-platform.dll
0x00007ff8568f0000 - 0x00007ff856a34000 	C:\Users\scher\.gradle\native\e376f236ea51e6404a007f0833ffe2c6e607c4080706a723a18a27aeea778392\windows-amd64\native-platform-file-events.dll
0x00007ff877f80000 - 0x00007ff877f89000 	C:\Program Files\Android\Android Studio\jbr\bin\management.dll
0x00007ff877f70000 - 0x00007ff877f7b000 	C:\Program Files\Android\Android Studio\jbr\bin\management_ext.dll
0x00007ff8818f0000 - 0x00007ff8818f8000 	C:\WINDOWS\System32\PSAPI.DLL
0x00007ff87f610000 - 0x00007ff87f62b000 	C:\WINDOWS\SYSTEM32\CRYPTSP.dll
0x00007ff87e0e0000 - 0x00007ff87e115000 	C:\WINDOWS\system32\rsaenh.dll
0x00007ff87e9a0000 - 0x00007ff87e9c8000 	C:\WINDOWS\SYSTEM32\USERENV.dll
0x00007ff87ea00000 - 0x00007ff87ea0c000 	C:\WINDOWS\SYSTEM32\CRYPTBASE.dll
0x00007ff87db70000 - 0x00007ff87db9d000 	C:\WINDOWS\SYSTEM32\IPHLPAPI.DLL
0x00007ff880870000 - 0x00007ff880879000 	C:\WINDOWS\System32\NSI.dll
0x00007ff87b020000 - 0x00007ff87b039000 	C:\WINDOWS\SYSTEM32\dhcpcsvc6.DLL
0x00007ff87aaa0000 - 0x00007ff87aabf000 	C:\WINDOWS\SYSTEM32\dhcpcsvc.DLL
0x00007ff87dbf0000 - 0x00007ff87dce8000 	C:\WINDOWS\SYSTEM32\DNSAPI.dll
0x00007ff877f60000 - 0x00007ff877f68000 	C:\WINDOWS\system32\wshunix.dll

dbghelp: loaded successfully - version: 4.0.5 - missing functions: none
symbol engine: initialized successfully - sym options: 0x614 - pdb path: .;C:\Program Files\Android\Android Studio\jbr\bin;C:\WINDOWS\SYSTEM32;C:\WINDOWS\WinSxS\amd64_microsoft.windows.common-controls_6595b64144ccf1df_6.0.22621.3672_none_2713b9d173822955;C:\Program Files\Android\Android Studio\jbr\bin\server;C:\Users\scher\.gradle\native\68d5fa5c4cc2d200863cafc0d521ce42e7d3e7ee720ec0a83991735586a16f82\windows-amd64;C:\Users\scher\.gradle\native\e376f236ea51e6404a007f0833ffe2c6e607c4080706a723a18a27aeea778392\windows-amd64

VM Arguments:
jvm_args: --add-opens=java.base/java.util=ALL-UNNAMED --add-opens=java.base/java.lang=ALL-UNNAMED --add-opens=java.base/java.lang.invoke=ALL-UNNAMED --add-opens=java.prefs/java.util.prefs=ALL-UNNAMED --add-opens=java.base/java.nio.charset=ALL-UNNAMED --add-opens=java.base/java.net=ALL-UNNAMED --add-opens=java.base/java.util.concurrent.atomic=ALL-UNNAMED -Xmx2048m -Dfile.encoding=UTF-8 -Duser.country=BR -Duser.language=pt -Duser.variant 
java_command: org.gradle.launcher.daemon.bootstrap.GradleDaemon 8.0
java_class_path (initial): C:\Users\scher\.gradle\wrapper\dists\gradle-8.0-bin\ca5e32bp14vu59qr306oxotwh\gradle-8.0\lib\gradle-launcher-8.0.jar
Launcher Type: SUN_STANDARD

[Global flags]
     intx CICompilerCount                          = 4                                         {product} {ergonomic}
     uint ConcGCThreads                            = 2                                         {product} {ergonomic}
     uint G1ConcRefinementThreads                  = 8                                         {product} {ergonomic}
   size_t G1HeapRegionSize                         = 1048576                                   {product} {ergonomic}
    uintx GCDrainStackTargetSize                   = 64                                        {product} {ergonomic}
   size_t InitialHeapSize                          = 134217728                                 {product} {ergonomic}
   size_t MarkStackSize                            = 4194304                                   {product} {ergonomic}
   size_t MaxHeapSize                              = 2147483648                                {product} {command line}
   size_t MaxNewSize                               = 1287651328                                {product} {ergonomic}
   size_t MinHeapDeltaBytes                        = 1048576                                   {product} {ergonomic}
   size_t MinHeapSize                              = 8388608                                   {product} {ergonomic}
    uintx NonNMethodCodeHeapSize                   = 5839372                                {pd product} {ergonomic}
    uintx NonProfiledCodeHeapSize                  = 122909434                              {pd product} {ergonomic}
    uintx ProfiledCodeHeapSize                     = 122909434                              {pd product} {ergonomic}
    uintx ReservedCodeCacheSize                    = 251658240                              {pd product} {ergonomic}
     bool SegmentedCodeCache                       = true                                      {product} {ergonomic}
   size_t SoftMaxHeapSize                          = 2147483648                             {manageable} {ergonomic}
     bool UseCompressedClassPointers               = true                           {product lp64_product} {ergonomic}
     bool UseCompressedOops                        = true                           {product lp64_product} {ergonomic}
     bool UseG1GC                                  = true                                      {product} {ergonomic}
     bool UseLargePagesIndividualAllocation        = false                                  {pd product} {ergonomic}

Logging:
Log output configuration:
 #0: stdout all=warning uptime,level,tags
 #1: stderr all=off uptime,level,tags

Environment Variables:
PATH=C:\Program Files\Common Files\Oracle\Java\javapath;C:\Program Files (x86)\Embarcadero\Studio\22.0\bin;C:\Users\Public\Documents\Embarcadero\Studio\22.0\Bpl;C:\Program Files (x86)\Embarcadero\Studio\22.0\bin64;C:\Users\Public\Documents\Embarcadero\Studio\22.0\Bpl\Win64;C:\Program Files (x86)\Embarcadero\Studio\21.0\bin;C:\Users\Public\Documents\Embarcadero\Studio\21.0\Bpl;C:\Program Files (x86)\Embarcadero\Studio\21.0\bin64;C:\Users\Public\Documents\Embarcadero\Studio\21.0\Bpl\Win64;C:\Windows\system32;C:\Windows;C:\Windows\System32\Wbem;C:\Windows\System32\WindowsPowerShell\v1.0\;C:\Windows\System32\OpenSSH\;C:\Program Files (x86)\NVIDIA Corporation\PhysX\Common;C:\Program Files\NVIDIA Corporation\NVIDIA NvDLISR;C:\WINDOWS\system32;C:\WINDOWS;C:\WINDOWS\System32\Wbem;C:\WINDOWS\System32\WindowsPowerShell\v1.0\;C:\WINDOWS\System32\OpenSSH\;C:\Program Files\dotnet\;C:\Program Files (x86)\Windows Kits\10\Windows Performance Toolkit\;C:\Program Files\Git\cmd;C:\Users\scher\AppData\Local\Microsoft\WindowsApps;;C:\Users\scher\AppData\Local\Programs\Microsoft VS Code\bin
USERNAME=scher
OS=Windows_NT
PROCESSOR_IDENTIFIER=Intel64 Family 6 Model 142 Stepping 12, GenuineIntel
TMP=C:\Users\scher\AppData\Local\Temp
TEMP=C:\Users\scher\AppData\Local\Temp


JNI global refs:
JNI global refs: 28, weak refs: 10

JNI global refs memory usage: 843, weak refs: 841


---------------  S Y S T E M  ---------------

OS:
 Windows 11 , 64 bit Build 22621 (10.0.22621.3958)
OS uptime: 0 days 14:11 hours
Hyper-V role detected

CPU: total 8 (initial active 8) (4 cores per cpu, 2 threads per core) family 6 model 142 stepping 12 microcode 0xea, cx8, cmov, fxsr, ht, mmx, 3dnowpref, sse, sse2, sse3, ssse3, sse4.1, sse4.2, popcnt, lzcnt, tsc, tscinvbit, avx, avx2, aes, erms, clmul, bmi1, bmi2, adx, fma, vzeroupper, clflush, clflushopt, hv

Memory: 4k page, system-wide physical 8072M (826M free)
TotalPageFile size 10120M (AvailPageFile size 6M)
current process WorkingSet (physical memory assigned to process): 504M, peak: 508M
current process commit charge ("private bytes"): 552M, peak: 555M

vm_info: OpenJDK 64-Bit Server VM (17.0.6+0-b2043.56-10027231) for windows-amd64 JRE (17.0.6+0-b2043.56-10027231), built on Apr 28 2023 00:43:19 by "androidbuild" with MS VC++ 16.10 / 16.11 (VS2019)

END.
