#
# There is insufficient memory for the Java Runtime Environment to continue.
# Native memory allocation (malloc) failed to allocate 1105296 bytes for Chunk::new
# Possible reasons:
#   The system is out of physical RAM or swap space
#   The process is running with CompressedOops enabled, and the Java Heap may be blocking the growth of the native heap
# Possible solutions:
#   Reduce memory load on the system
#   Increase physical memory or swap space
#   Check if swap backing store is full
#   Decrease Java heap size (-Xmx/-Xms)
#   Decrease number of Java threads
#   Decrease Java thread stack sizes (-Xss)
#   Set larger code cache with -XX:ReservedCodeCacheSize=
#   JVM is running with Unscaled Compressed Oops mode in which the Java heap is
#     placed in the first 4GB address space. The Java Heap base address is the
#     maximum limit for the native heap growth. Please use -XX:HeapBaseMinAddress
#     to set the Java Heap base and to place the Java Heap above 4GB virtual address.
# This output file may be truncated or incomplete.
#
#  Out of Memory Error (arena.cpp:189), pid=8088, tid=5124
#
# JRE version: OpenJDK Runtime Environment (17.0.6) (build 17.0.6+0-b2043.56-10027231)
# Java VM: OpenJDK 64-Bit Server VM (17.0.6+0-b2043.56-10027231, mixed mode, tiered, compressed oops, compressed class ptrs, g1 gc, windows-amd64)
# No core dump will be written. Minidumps are not enabled by default on client versions of Windows
#

---------------  S U M M A R Y ------------

Command Line: --add-opens=java.base/java.util=ALL-UNNAMED --add-opens=java.base/java.lang=ALL-UNNAMED --add-opens=java.base/java.lang.invoke=ALL-UNNAMED --add-opens=java.prefs/java.util.prefs=ALL-UNNAMED --add-opens=java.base/java.nio.charset=ALL-UNNAMED --add-opens=java.base/java.net=ALL-UNNAMED --add-opens=java.base/java.util.concurrent.atomic=ALL-UNNAMED -Xmx2048m -Dfile.encoding=UTF-8 -Duser.country=BR -Duser.language=pt -Duser.variant org.gradle.launcher.daemon.bootstrap.GradleDaemon 8.0

Host: Intel(R) Core(TM) i7-8565U CPU @ 1.80GHz, 8 cores, 7G,  Windows 11 , 64 bit Build 22621 (10.0.22621.3958)
Time: Sat Aug 31 19:36:20 2024 Hora oficial do Brasil elapsed time: 6.863952 seconds (0d 0h 0m 6s)

---------------  T H R E A D  ---------------

Current thread (0x0000029961ffb730):  JavaThread "C2 CompilerThread1" daemon [_thread_in_native, id=5124, stack(0x000000c44f700000,0x000000c44f800000)]


Current CompileTask:
C2:   6863 7614   !   4       java.lang.reflect.Executable::sharedToGenericString (255 bytes)

Stack: [0x000000c44f700000,0x000000c44f800000]
Native frames: (J=compiled Java code, j=interpreted, Vv=VM code, C=native code)
V  [jvm.dll+0x683c9a]
V  [jvm.dll+0x8427a4]
V  [jvm.dll+0x843f9e]
V  [jvm.dll+0x844603]
V  [jvm.dll+0x249b75]
V  [jvm.dll+0xabcac]
V  [jvm.dll+0xac27c]
V  [jvm.dll+0x368857]
V  [jvm.dll+0x1bced2]
V  [jvm.dll+0x21c359]
V  [jvm.dll+0x21b621]
V  [jvm.dll+0x1a4fdd]
V  [jvm.dll+0x22b098]
V  [jvm.dll+0x229159]
V  [jvm.dll+0x7f81ec]
V  [jvm.dll+0x7f274a]
V  [jvm.dll+0x682ad5]
C  [ucrtbase.dll+0x29333]
C  [KERNEL32.DLL+0x1257d]
C  [ntdll.dll+0x5af28]


---------------  P R O C E S S  ---------------

Threads class SMR info:
_java_thread_list=0x0000029962d2cf90, length=126, elements={
0x00000299474f0950, 0x000002996135d260, 0x000002996135e0d0, 0x0000029961345e40,
0x00000299613469f0, 0x00000299613494b0, 0x0000029961c37400, 0x0000029961c38400,
0x0000029961c38df0, 0x0000029961c44540, 0x0000029961dd18f0, 0x0000029961dd3e20,
0x0000029961ffb730, 0x00000299636d1440, 0x00000299638eea60, 0x0000029964631fc0,
0x0000029962d65310, 0x00000299636bc6d0, 0x00000299636bcba0, 0x00000299645bbf20,
0x0000029962eb6cb0, 0x000002996308c240, 0x000002996308ed90, 0x000002996308cbe0,
0x000002996308fc00, 0x000002996308e8c0, 0x000002996308d580, 0x000002996308f260,
0x000002996308c710, 0x000002996308d0b0, 0x000002996308e3f0, 0x000002996308da50,
0x000002996308df20, 0x000002996308f730, 0x000002996779fdb0, 0x00000299677a1f60,
0x00000299677a5df0, 0x00000299677a4110, 0x000002996779ef40, 0x00000299677a4ab0,
0x000002996779e5a0, 0x000002996779ea70, 0x00000299677a5920, 0x00000299677a3770,
0x00000299677a10f0, 0x00000299677a0c20, 0x00000299677a15c0, 0x00000299677a1a90,
0x00000299677a4f80, 0x000002996440dc60, 0x000002996440b110, 0x00000299644080f0,
0x000002996440b5e0, 0x0000029964409430, 0x0000029964409dd0, 0x000002996440f940,
0x000002996440a2a0, 0x00000299644085c0, 0x000002996440cdf0, 0x000002996440d2c0,
0x0000029964408a90, 0x000002996440e600, 0x000002996440ead0, 0x000002996440c920,
0x000002996440efa0, 0x000002996440ac40, 0x000002996440f470, 0x000002996440e130,
0x000002996440d790, 0x0000029964408f60, 0x0000029964409900, 0x000002996440a770,
0x000002996440bab0, 0x000002996440bf80, 0x000002996440c450, 0x00000299683c1ed0,
0x00000299683c23a0, 0x00000299683c4080, 0x00000299683c4ef0, 0x00000299683c2870,
0x00000299683c4550, 0x00000299683c4a20, 0x00000299683c2d40, 0x00000299683c3210,
0x00000299683c3bb0, 0x00000299683c06c0, 0x00000299683c36e0, 0x00000299683bf850,
0x00000299683c0b90, 0x00000299683bfd20, 0x00000299683bd6a0, 0x00000299683c1a00,
0x00000299683c1530, 0x00000299683bdb70, 0x00000299683be040, 0x00000299683be510,
0x00000299683bf380, 0x00000299683be9e0, 0x00000299683c1060, 0x00000299683beeb0,
0x00000299683c01f0, 0x0000029966be0b50, 0x0000029966be1e90, 0x0000029966be2360,
0x0000029966be5850, 0x0000029966be3b70, 0x0000029966be01b0, 0x0000029966be49e0,
0x0000029966be4040, 0x0000029966bdfce0, 0x0000029966be61f0, 0x0000029966be14f0,
0x0000029966be4510, 0x0000029966be5380, 0x0000029966be4eb0, 0x0000029966be1020,
0x0000029966be19c0, 0x0000029966be5d20, 0x0000029966be66c0, 0x0000029966be0680,
0x0000029966bdee70, 0x0000029966bdf340, 0x0000029966bdf810, 0x0000029966be2830,
0x0000029966be2d00, 0x0000029964b8beb0
}

Java Threads: ( => current thread )
  0x00000299474f0950 JavaThread "main" [_thread_blocked, id=12740, stack(0x000000c44e400000,0x000000c44e500000)]
  0x000002996135d260 JavaThread "Reference Handler" daemon [_thread_blocked, id=3504, stack(0x000000c44eb00000,0x000000c44ec00000)]
  0x000002996135e0d0 JavaThread "Finalizer" daemon [_thread_blocked, id=12040, stack(0x000000c44ec00000,0x000000c44ed00000)]
  0x0000029961345e40 JavaThread "Signal Dispatcher" daemon [_thread_blocked, id=15204, stack(0x000000c44ed00000,0x000000c44ee00000)]
  0x00000299613469f0 JavaThread "Attach Listener" daemon [_thread_blocked, id=15004, stack(0x000000c44ee00000,0x000000c44ef00000)]
  0x00000299613494b0 JavaThread "Service Thread" daemon [_thread_blocked, id=12928, stack(0x000000c44ef00000,0x000000c44f000000)]
  0x0000029961c37400 JavaThread "Monitor Deflation Thread" daemon [_thread_blocked, id=3492, stack(0x000000c44f000000,0x000000c44f100000)]
  0x0000029961c38400 JavaThread "C2 CompilerThread0" daemon [_thread_in_native, id=1940, stack(0x000000c44f100000,0x000000c44f200000)]
  0x0000029961c38df0 JavaThread "C1 CompilerThread0" daemon [_thread_blocked, id=8136, stack(0x000000c44f200000,0x000000c44f300000)]
  0x0000029961c44540 JavaThread "Sweeper thread" daemon [_thread_blocked, id=10312, stack(0x000000c44f300000,0x000000c44f400000)]
  0x0000029961dd18f0 JavaThread "Common-Cleaner" daemon [_thread_blocked, id=12668, stack(0x000000c44f400000,0x000000c44f500000)]
  0x0000029961dd3e20 JavaThread "Notification Thread" daemon [_thread_blocked, id=11360, stack(0x000000c44f500000,0x000000c44f600000)]
=>0x0000029961ffb730 JavaThread "C2 CompilerThread1" daemon [_thread_in_native, id=5124, stack(0x000000c44f700000,0x000000c44f800000)]
  0x00000299636d1440 JavaThread "C2 CompilerThread2" daemon [_thread_in_native, id=15084, stack(0x000000c44fc00000,0x000000c44fd00000)]
  0x00000299638eea60 JavaThread "Daemon health stats" [_thread_blocked, id=1172, stack(0x000000c44fd00000,0x000000c44fe00000)]
  0x0000029964631fc0 JavaThread "Incoming local TCP Connector on port 51519" [_thread_in_native, id=10352, stack(0x000000c44fe00000,0x000000c44ff00000)]
  0x0000029962d65310 JavaThread "Daemon periodic checks" [_thread_blocked, id=8456, stack(0x000000c44ff00000,0x000000c450000000)]
  0x00000299636bc6d0 JavaThread "Daemon" [_thread_blocked, id=3864, stack(0x000000c450000000,0x000000c450100000)]
  0x00000299636bcba0 JavaThread "Handler for socket connection from /127.0.0.1:51519 to /127.0.0.1:51520" [_thread_in_native, id=9492, stack(0x000000c450100000,0x000000c450200000)]
  0x00000299645bbf20 JavaThread "Cancel handler" [_thread_blocked, id=2504, stack(0x000000c450200000,0x000000c450300000)]
  0x0000029962eb6cb0 JavaThread "Daemon worker" [_thread_in_Java, id=12116, stack(0x000000c450300000,0x000000c450400000)]
  0x000002996308c240 JavaThread "Asynchronous log dispatcher for DefaultDaemonConnection: socket connection from /127.0.0.1:51519 to /127.0.0.1:51520" [_thread_blocked, id=14464, stack(0x000000c450400000,0x000000c450500000)]
  0x000002996308ed90 JavaThread "Stdin handler" [_thread_blocked, id=11380, stack(0x000000c450500000,0x000000c450600000)]
  0x000002996308cbe0 JavaThread "Daemon client event forwarder" [_thread_blocked, id=15036, stack(0x000000c450600000,0x000000c450700000)]
  0x000002996308fc00 JavaThread "Cache worker for journal cache (C:\Users\scher\.gradle\caches\journal-1)" [_thread_blocked, id=3792, stack(0x000000c450b00000,0x000000c450c00000)]
  0x000002996308e8c0 JavaThread "File lock request listener" [_thread_in_native, id=13876, stack(0x000000c450c00000,0x000000c450d00000)]
  0x000002996308d580 JavaThread "Cache worker for file hash cache (C:\Users\scher\.gradle\caches\8.0\fileHashes)" [_thread_blocked, id=9584, stack(0x000000c450d00000,0x000000c450e00000)]
  0x000002996308f260 JavaThread "File watcher server" daemon [_thread_in_native, id=8028, stack(0x000000c450e00000,0x000000c450f00000)]
  0x000002996308c710 JavaThread "File watcher consumer" daemon [_thread_blocked, id=2016, stack(0x000000c450f00000,0x000000c451000000)]
  0x000002996308d0b0 JavaThread "jar transforms" [_thread_blocked, id=6392, stack(0x000000c451000000,0x000000c451100000)]
  0x000002996308e3f0 JavaThread "jar transforms Thread 2" [_thread_blocked, id=1932, stack(0x000000c451100000,0x000000c451200000)]
  0x000002996308da50 JavaThread "jar transforms Thread 3" [_thread_blocked, id=13672, stack(0x000000c451200000,0x000000c451300000)]
  0x000002996308df20 JavaThread "jar transforms Thread 4" [_thread_blocked, id=14840, stack(0x000000c451300000,0x000000c451400000)]
  0x000002996308f730 JavaThread "jar transforms Thread 5" [_thread_blocked, id=10980, stack(0x000000c451400000,0x000000c451500000)]
  0x000002996779fdb0 JavaThread "jar transforms Thread 6" [_thread_blocked, id=7844, stack(0x000000c451500000,0x000000c451600000)]
  0x00000299677a1f60 JavaThread "jar transforms Thread 7" [_thread_blocked, id=3048, stack(0x000000c451600000,0x000000c451700000)]
  0x00000299677a5df0 JavaThread "jar transforms Thread 8" [_thread_blocked, id=12652, stack(0x000000c451700000,0x000000c451800000)]
  0x00000299677a4110 JavaThread "Cache worker for checksums cache (C:\Users\scher\Documents\PROJETOS ANDROID\RECICLAAI\.gradle\8.0\checksums)" [_thread_blocked, id=4144, stack(0x000000c451800000,0x000000c451900000)]
  0x000002996779ef40 JavaThread "Cache worker for cache directory md-rule (C:\Users\scher\.gradle\caches\8.0\md-rule)" [_thread_blocked, id=11464, stack(0x000000c451900000,0x000000c451a00000)]
  0x00000299677a4ab0 JavaThread "Cache worker for file content cache (C:\Users\scher\.gradle\caches\8.0\fileContent)" [_thread_blocked, id=13216, stack(0x000000c451a00000,0x000000c451b00000)]
  0x000002996779e5a0 JavaThread "Cache worker for file hash cache (C:\Users\scher\Documents\PROJETOS ANDROID\RECICLAAI\.gradle\8.0\fileHashes)" [_thread_blocked, id=10176, stack(0x000000c451b00000,0x000000c451c00000)]
  0x000002996779ea70 JavaThread "Cache worker for cache directory md-supplier (C:\Users\scher\.gradle\caches\8.0\md-supplier)" [_thread_blocked, id=11356, stack(0x000000c451c00000,0x000000c451d00000)]
  0x00000299677a5920 JavaThread "Cache worker for execution history cache (C:\Users\scher\.gradle\caches\8.0\executionHistory)" [_thread_blocked, id=7704, stack(0x000000c451d00000,0x000000c451e00000)]
  0x00000299677a3770 JavaThread "Cache worker for dependencies-accessors (C:\Users\scher\Documents\PROJETOS ANDROID\RECICLAAI\.gradle\8.0\dependencies-accessors)" [_thread_blocked, id=15160, stack(0x000000c451e00000,0x000000c451f00000)]
  0x00000299677a10f0 JavaThread "Cache worker for Build Output Cleanup Cache (C:\Users\scher\Documents\PROJETOS ANDROID\RECICLAAI\.gradle\buildOutputCleanup)" [_thread_blocked, id=4036, stack(0x000000c451f00000,0x000000c452000000)]
  0x00000299677a0c20 JavaThread "Unconstrained build operations" [_thread_blocked, id=13176, stack(0x000000c452000000,0x000000c452100000)]
  0x00000299677a15c0 JavaThread "Unconstrained build operations Thread 2" [_thread_blocked, id=3200, stack(0x000000c452100000,0x000000c452200000)]
  0x00000299677a1a90 JavaThread "Unconstrained build operations Thread 3" [_thread_blocked, id=8548, stack(0x000000c452200000,0x000000c452300000)]
  0x00000299677a4f80 JavaThread "Unconstrained build operations Thread 4" [_thread_blocked, id=2256, stack(0x000000c452300000,0x000000c452400000)]
  0x000002996440dc60 JavaThread "Unconstrained build operations Thread 5" [_thread_blocked, id=13056, stack(0x000000c452400000,0x000000c452500000)]
  0x000002996440b110 JavaThread "Unconstrained build operations Thread 6" [_thread_blocked, id=10956, stack(0x000000c452500000,0x000000c452600000)]
  0x00000299644080f0 JavaThread "Unconstrained build operations Thread 7" [_thread_blocked, id=12596, stack(0x000000c452600000,0x000000c452700000)]
  0x000002996440b5e0 JavaThread "Unconstrained build operations Thread 8" [_thread_blocked, id=8728, stack(0x000000c452700000,0x000000c452800000)]
  0x0000029964409430 JavaThread "Unconstrained build operations Thread 9" [_thread_blocked, id=8168, stack(0x000000c452800000,0x000000c452900000)]
  0x0000029964409dd0 JavaThread "Unconstrained build operations Thread 10" [_thread_blocked, id=10768, stack(0x000000c452900000,0x000000c452a00000)]
  0x000002996440f940 JavaThread "Unconstrained build operations Thread 11" [_thread_blocked, id=11688, stack(0x000000c452a00000,0x000000c452b00000)]
  0x000002996440a2a0 JavaThread "Unconstrained build operations Thread 12" [_thread_blocked, id=1700, stack(0x000000c452b00000,0x000000c452c00000)]
  0x00000299644085c0 JavaThread "Unconstrained build operations Thread 13" [_thread_blocked, id=15184, stack(0x000000c452c00000,0x000000c452d00000)]
  0x000002996440cdf0 JavaThread "Unconstrained build operations Thread 14" [_thread_blocked, id=10036, stack(0x000000c452d00000,0x000000c452e00000)]
  0x000002996440d2c0 JavaThread "Unconstrained build operations Thread 15" [_thread_blocked, id=14328, stack(0x000000c452e00000,0x000000c452f00000)]
  0x0000029964408a90 JavaThread "Unconstrained build operations Thread 16" [_thread_blocked, id=7284, stack(0x000000c452f00000,0x000000c453000000)]
  0x000002996440e600 JavaThread "Unconstrained build operations Thread 17" [_thread_blocked, id=11536, stack(0x000000c453000000,0x000000c453100000)]
  0x000002996440ead0 JavaThread "Unconstrained build operations Thread 18" [_thread_blocked, id=13872, stack(0x000000c453100000,0x000000c453200000)]
  0x000002996440c920 JavaThread "Unconstrained build operations Thread 19" [_thread_blocked, id=14608, stack(0x000000c453200000,0x000000c453300000)]
  0x000002996440efa0 JavaThread "Unconstrained build operations Thread 20" [_thread_blocked, id=1788, stack(0x000000c453300000,0x000000c453400000)]
  0x000002996440ac40 JavaThread "Unconstrained build operations Thread 21" [_thread_blocked, id=8640, stack(0x000000c453400000,0x000000c453500000)]
  0x000002996440f470 JavaThread "Unconstrained build operations Thread 22" [_thread_blocked, id=1268, stack(0x000000c453500000,0x000000c453600000)]
  0x000002996440e130 JavaThread "Unconstrained build operations Thread 23" [_thread_blocked, id=12800, stack(0x000000c453600000,0x000000c453700000)]
  0x000002996440d790 JavaThread "Unconstrained build operations Thread 24" [_thread_blocked, id=8948, stack(0x000000c453700000,0x000000c453800000)]
  0x0000029964408f60 JavaThread "Unconstrained build operations Thread 25" [_thread_blocked, id=3056, stack(0x000000c453800000,0x000000c453900000)]
  0x0000029964409900 JavaThread "Unconstrained build operations Thread 26" [_thread_blocked, id=8868, stack(0x000000c453900000,0x000000c453a00000)]
  0x000002996440a770 JavaThread "Unconstrained build operations Thread 27" [_thread_blocked, id=7340, stack(0x000000c453a00000,0x000000c453b00000)]
  0x000002996440bab0 JavaThread "Unconstrained build operations Thread 28" [_thread_blocked, id=13508, stack(0x000000c453b00000,0x000000c453c00000)]
  0x000002996440bf80 JavaThread "Unconstrained build operations Thread 29" [_thread_blocked, id=14832, stack(0x000000c453c00000,0x000000c453d00000)]
  0x000002996440c450 JavaThread "Unconstrained build operations Thread 30" [_thread_blocked, id=13388, stack(0x000000c453d00000,0x000000c453e00000)]
  0x00000299683c1ed0 JavaThread "Unconstrained build operations Thread 31" [_thread_blocked, id=3088, stack(0x000000c453e00000,0x000000c453f00000)]
  0x00000299683c23a0 JavaThread "Unconstrained build operations Thread 32" [_thread_blocked, id=15188, stack(0x000000c453f00000,0x000000c454000000)]
  0x00000299683c4080 JavaThread "Unconstrained build operations Thread 33" [_thread_blocked, id=14932, stack(0x000000c454000000,0x000000c454100000)]
  0x00000299683c4ef0 JavaThread "Unconstrained build operations Thread 34" [_thread_blocked, id=2600, stack(0x000000c454100000,0x000000c454200000)]
  0x00000299683c2870 JavaThread "Unconstrained build operations Thread 35" [_thread_blocked, id=4900, stack(0x000000c454200000,0x000000c454300000)]
  0x00000299683c4550 JavaThread "Unconstrained build operations Thread 36" [_thread_blocked, id=12872, stack(0x000000c454300000,0x000000c454400000)]
  0x00000299683c4a20 JavaThread "Unconstrained build operations Thread 37" [_thread_blocked, id=11284, stack(0x000000c454400000,0x000000c454500000)]
  0x00000299683c2d40 JavaThread "Unconstrained build operations Thread 38" [_thread_blocked, id=14936, stack(0x000000c454500000,0x000000c454600000)]
  0x00000299683c3210 JavaThread "Unconstrained build operations Thread 39" [_thread_blocked, id=8068, stack(0x000000c454600000,0x000000c454700000)]
  0x00000299683c3bb0 JavaThread "Unconstrained build operations Thread 40" [_thread_blocked, id=1864, stack(0x000000c454700000,0x000000c454800000)]
  0x00000299683c06c0 JavaThread "Unconstrained build operations Thread 41" [_thread_blocked, id=15164, stack(0x000000c454800000,0x000000c454900000)]
  0x00000299683c36e0 JavaThread "Unconstrained build operations Thread 42" [_thread_blocked, id=13740, stack(0x000000c454900000,0x000000c454a00000)]
  0x00000299683bf850 JavaThread "Unconstrained build operations Thread 43" [_thread_blocked, id=8160, stack(0x000000c454a00000,0x000000c454b00000)]
  0x00000299683c0b90 JavaThread "Unconstrained build operations Thread 44" [_thread_blocked, id=12936, stack(0x000000c454b00000,0x000000c454c00000)]
  0x00000299683bfd20 JavaThread "Unconstrained build operations Thread 45" [_thread_blocked, id=15320, stack(0x000000c454c00000,0x000000c454d00000)]
  0x00000299683bd6a0 JavaThread "Unconstrained build operations Thread 46" [_thread_blocked, id=12692, stack(0x000000c454d00000,0x000000c454e00000)]
  0x00000299683c1a00 JavaThread "Unconstrained build operations Thread 47" [_thread_blocked, id=5216, stack(0x000000c454e00000,0x000000c454f00000)]
  0x00000299683c1530 JavaThread "Unconstrained build operations Thread 48" [_thread_blocked, id=1284, stack(0x000000c454f00000,0x000000c455000000)]
  0x00000299683bdb70 JavaThread "Unconstrained build operations Thread 49" [_thread_blocked, id=8360, stack(0x000000c455000000,0x000000c455100000)]
  0x00000299683be040 JavaThread "Unconstrained build operations Thread 50" [_thread_blocked, id=14616, stack(0x000000c455100000,0x000000c455200000)]
  0x00000299683be510 JavaThread "Unconstrained build operations Thread 51" [_thread_blocked, id=15068, stack(0x000000c455200000,0x000000c455300000)]
  0x00000299683bf380 JavaThread "Unconstrained build operations Thread 52" [_thread_blocked, id=12536, stack(0x000000c455300000,0x000000c455400000)]
  0x00000299683be9e0 JavaThread "Unconstrained build operations Thread 53" [_thread_blocked, id=11908, stack(0x000000c455400000,0x000000c455500000)]
  0x00000299683c1060 JavaThread "Unconstrained build operations Thread 54" [_thread_blocked, id=15064, stack(0x000000c455500000,0x000000c455600000)]
  0x00000299683beeb0 JavaThread "Unconstrained build operations Thread 55" [_thread_blocked, id=13212, stack(0x000000c455600000,0x000000c455700000)]
  0x00000299683c01f0 JavaThread "Unconstrained build operations Thread 56" [_thread_blocked, id=10436, stack(0x000000c455700000,0x000000c455800000)]
  0x0000029966be0b50 JavaThread "Unconstrained build operations Thread 57" [_thread_blocked, id=2488, stack(0x000000c455800000,0x000000c455900000)]
  0x0000029966be1e90 JavaThread "Unconstrained build operations Thread 58" [_thread_blocked, id=4624, stack(0x000000c455900000,0x000000c455a00000)]
  0x0000029966be2360 JavaThread "Unconstrained build operations Thread 59" [_thread_blocked, id=10672, stack(0x000000c455a00000,0x000000c455b00000)]
  0x0000029966be5850 JavaThread "Unconstrained build operations Thread 60" [_thread_blocked, id=12404, stack(0x000000c455b00000,0x000000c455c00000)]
  0x0000029966be3b70 JavaThread "Unconstrained build operations Thread 61" [_thread_blocked, id=8408, stack(0x000000c455c00000,0x000000c455d00000)]
  0x0000029966be01b0 JavaThread "Unconstrained build operations Thread 62" [_thread_blocked, id=5776, stack(0x000000c455d00000,0x000000c455e00000)]
  0x0000029966be49e0 JavaThread "Unconstrained build operations Thread 63" [_thread_blocked, id=3600, stack(0x000000c455e00000,0x000000c455f00000)]
  0x0000029966be4040 JavaThread "Unconstrained build operations Thread 64" [_thread_blocked, id=3672, stack(0x000000c455f00000,0x000000c456000000)]
  0x0000029966bdfce0 JavaThread "Unconstrained build operations Thread 65" [_thread_blocked, id=14744, stack(0x000000c456000000,0x000000c456100000)]
  0x0000029966be61f0 JavaThread "Unconstrained build operations Thread 66" [_thread_blocked, id=1692, stack(0x000000c456100000,0x000000c456200000)]
  0x0000029966be14f0 JavaThread "Unconstrained build operations Thread 67" [_thread_blocked, id=9428, stack(0x000000c456200000,0x000000c456300000)]
  0x0000029966be4510 JavaThread "Unconstrained build operations Thread 68" [_thread_blocked, id=5076, stack(0x000000c456300000,0x000000c456400000)]
  0x0000029966be5380 JavaThread "Unconstrained build operations Thread 69" [_thread_blocked, id=10084, stack(0x000000c456400000,0x000000c456500000)]
  0x0000029966be4eb0 JavaThread "Unconstrained build operations Thread 70" [_thread_blocked, id=15324, stack(0x000000c456500000,0x000000c456600000)]
  0x0000029966be1020 JavaThread "Unconstrained build operations Thread 71" [_thread_blocked, id=13172, stack(0x000000c456600000,0x000000c456700000)]
  0x0000029966be19c0 JavaThread "Unconstrained build operations Thread 72" [_thread_blocked, id=14524, stack(0x000000c456700000,0x000000c456800000)]
  0x0000029966be5d20 JavaThread "Unconstrained build operations Thread 73" [_thread_blocked, id=1240, stack(0x000000c456800000,0x000000c456900000)]
  0x0000029966be66c0 JavaThread "Unconstrained build operations Thread 74" [_thread_blocked, id=3004, stack(0x000000c456900000,0x000000c456a00000)]
  0x0000029966be0680 JavaThread "Unconstrained build operations Thread 75" [_thread_blocked, id=15328, stack(0x000000c456a00000,0x000000c456b00000)]
  0x0000029966bdee70 JavaThread "Unconstrained build operations Thread 76" [_thread_blocked, id=12924, stack(0x000000c456b00000,0x000000c456c00000)]
  0x0000029966bdf340 JavaThread "Unconstrained build operations Thread 77" [_thread_blocked, id=14372, stack(0x000000c456c00000,0x000000c456d00000)]
  0x0000029966bdf810 JavaThread "Unconstrained build operations Thread 78" [_thread_blocked, id=14768, stack(0x000000c456d00000,0x000000c456e00000)]
  0x0000029966be2830 JavaThread "Unconstrained build operations Thread 79" [_thread_blocked, id=7620, stack(0x000000c456e00000,0x000000c456f00000)]
  0x0000029966be2d00 JavaThread "Unconstrained build operations Thread 80" [_thread_blocked, id=1420, stack(0x000000c456f00000,0x000000c457000000)]
  0x0000029964b8beb0 JavaThread "Memory manager" [_thread_blocked, id=14092, stack(0x000000c457000000,0x000000c457100000)]

Other Threads:
  0x0000029961c13330 VMThread "VM Thread" [stack: 0x000000c44ea00000,0x000000c44eb00000] [id=11376]
  0x0000029947580c30 WatcherThread [stack: 0x000000c44f600000,0x000000c44f700000] [id=6500]
  0x000002994754ea20 GCTaskThread "GC Thread#0" [stack: 0x000000c44e500000,0x000000c44e600000] [id=14472]
  0x0000029962add3a0 GCTaskThread "GC Thread#1" [stack: 0x000000c44f800000,0x000000c44f900000] [id=10688]
  0x0000029962add650 GCTaskThread "GC Thread#2" [stack: 0x000000c44f900000,0x000000c44fa00000] [id=13564]
  0x0000029962cb74f0 GCTaskThread "GC Thread#3" [stack: 0x000000c44fa00000,0x000000c44fb00000] [id=9796]
  0x00000299630a4210 GCTaskThread "GC Thread#4" [stack: 0x000000c44fb00000,0x000000c44fc00000] [id=8652]
  0x000002996454ba80 GCTaskThread "GC Thread#5" [stack: 0x000000c450700000,0x000000c450800000] [id=12032]
  0x000002996479cd30 GCTaskThread "GC Thread#6" [stack: 0x000000c450800000,0x000000c450900000] [id=14656]
  0x0000029962b4cdf0 GCTaskThread "GC Thread#7" [stack: 0x000000c450900000,0x000000c450a00000] [id=9044]
  0x000002994755f960 ConcurrentGCThread "G1 Main Marker" [stack: 0x000000c44e600000,0x000000c44e700000] [id=6912]
  0x0000029947560370 ConcurrentGCThread "G1 Conc#0" [stack: 0x000000c44e700000,0x000000c44e800000] [id=7348]
  0x0000029962b4d0a0 ConcurrentGCThread "G1 Conc#1" [stack: 0x000000c450a00000,0x000000c450b00000] [id=6988]
  0x00000299611a24d0 ConcurrentGCThread "G1 Refine#0" [stack: 0x000000c44e800000,0x000000c44e900000] [id=7044]
  0x00000299475a8c30 ConcurrentGCThread "G1 Service" [stack: 0x000000c44e900000,0x000000c44ea00000] [id=848]

Threads with active compile tasks:
C2 CompilerThread0     6882 7587 %     4       org.gradle.internal.instantiation.generator.AbstractClassGenerator::inspectType @ 207 (560 bytes)
C2 CompilerThread1     6882 7614   !   4       java.lang.reflect.Executable::sharedToGenericString (255 bytes)
C2 CompilerThread2     6882 7892       4       java.net.URL::equals (27 bytes)

VM state: not at safepoint (normal execution)

VM Mutex/Monitor currently owned by a thread: None

Heap address: 0x0000000080000000, size: 2048 MB, Compressed Oops mode: 32-bit

CDS archive(s) not mapped
Compressed class space mapped at: 0x0000000100000000-0x0000000140000000, reserved size: 1073741824
Narrow klass base: 0x0000000000000000, Narrow klass shift: 3, Narrow klass range: 0x140000000

GC Precious Log:
 CPUs: 8 total, 8 available
 Memory: 8072M
 Large Page Support: Disabled
 NUMA Support: Disabled
 Compressed Oops: Enabled (32-bit)
 Heap Region Size: 1M
 Heap Min Capacity: 8M
 Heap Initial Capacity: 128M
 Heap Max Capacity: 2G
 Pre-touch: Disabled
 Parallel Workers: 8
 Concurrent Workers: 2
 Concurrent Refinement Workers: 8
 Periodic GC: Disabled

Heap:
 garbage-first heap   total 253952K, used 182023K [0x0000000080000000, 0x0000000100000000)
  region size 1024K, 92 young (94208K), 9 survivors (9216K)
 Metaspace       used 77799K, committed 78464K, reserved 1122304K
  class space    used 10561K, committed 10880K, reserved 1048576K

Heap Regions: E=young(eden), S=young(survivor), O=old, HS=humongous(starts), HC=humongous(continues), CS=collection set, F=free, OA=open archive, CA=closed archive, TAMS=top-at-mark-start (previous, next)
|   0|0x0000000080000000, 0x0000000080100000, 0x0000000080100000|100%|HS|  |TAMS 0x0000000080100000, 0x0000000080000000| Complete 
|   1|0x0000000080100000, 0x0000000080200000, 0x0000000080200000|100%|HC|  |TAMS 0x0000000080200000, 0x0000000080100000| Complete 
|   2|0x0000000080200000, 0x0000000080300000, 0x0000000080300000|100%|HC|  |TAMS 0x0000000080300000, 0x0000000080200000| Complete 
|   3|0x0000000080300000, 0x0000000080400000, 0x0000000080400000|100%|HC|  |TAMS 0x0000000080400000, 0x0000000080300000| Complete 
|   4|0x0000000080400000, 0x0000000080500000, 0x0000000080500000|100%| O|  |TAMS 0x0000000080500000, 0x0000000080400000| Untracked 
|   5|0x0000000080500000, 0x0000000080600000, 0x0000000080600000|100%|HS|  |TAMS 0x0000000080500000, 0x0000000080500000| Complete 
|   6|0x0000000080600000, 0x0000000080700000, 0x0000000080700000|100%| O|  |TAMS 0x0000000080700000, 0x0000000080600000| Untracked 
|   7|0x0000000080700000, 0x0000000080800000, 0x0000000080800000|100%| O|  |TAMS 0x0000000080800000, 0x0000000080700000| Untracked 
|   8|0x0000000080800000, 0x0000000080900000, 0x0000000080900000|100%| O|  |TAMS 0x0000000080900000, 0x0000000080800000| Untracked 
|   9|0x0000000080900000, 0x0000000080a00000, 0x0000000080a00000|100%| O|  |TAMS 0x0000000080a00000, 0x0000000080900000| Untracked 
|  10|0x0000000080a00000, 0x0000000080b00000, 0x0000000080b00000|100%| O|  |TAMS 0x0000000080b00000, 0x0000000080a00000| Untracked 
|  11|0x0000000080b00000, 0x0000000080c00000, 0x0000000080c00000|100%| O|  |TAMS 0x0000000080b00000, 0x0000000080b00000| Untracked 
|  12|0x0000000080c00000, 0x0000000080d00000, 0x0000000080d00000|100%| O|  |TAMS 0x0000000080d00000, 0x0000000080c00000| Untracked 
|  13|0x0000000080d00000, 0x0000000080e00000, 0x0000000080e00000|100%| O|  |TAMS 0x0000000080e00000, 0x0000000080d00000| Untracked 
|  14|0x0000000080e00000, 0x0000000080f00000, 0x0000000080f00000|100%| O|  |TAMS 0x0000000080f00000, 0x0000000080e00000| Untracked 
|  15|0x0000000080f00000, 0x0000000081000000, 0x0000000081000000|100%| O|  |TAMS 0x0000000081000000, 0x0000000080f00000| Untracked 
|  16|0x0000000081000000, 0x0000000081100000, 0x0000000081100000|100%| O|  |TAMS 0x0000000081100000, 0x0000000081000000| Untracked 
|  17|0x0000000081100000, 0x0000000081200000, 0x0000000081200000|100%| O|  |TAMS 0x0000000081200000, 0x0000000081100000| Untracked 
|  18|0x0000000081200000, 0x0000000081300000, 0x0000000081300000|100%| O|  |TAMS 0x0000000081300000, 0x0000000081200000| Untracked 
|  19|0x0000000081300000, 0x0000000081400000, 0x0000000081400000|100%|HS|  |TAMS 0x0000000081400000, 0x0000000081300000| Complete 
|  20|0x0000000081400000, 0x0000000081500000, 0x0000000081500000|100%|HC|  |TAMS 0x0000000081500000, 0x0000000081400000| Complete 
|  21|0x0000000081500000, 0x0000000081600000, 0x0000000081600000|100%|HS|  |TAMS 0x0000000081600000, 0x0000000081500000| Complete 
|  22|0x0000000081600000, 0x0000000081700000, 0x0000000081700000|100%|HC|  |TAMS 0x0000000081700000, 0x0000000081600000| Complete 
|  23|0x0000000081700000, 0x0000000081800000, 0x0000000081800000|100%|HC|  |TAMS 0x0000000081800000, 0x0000000081700000| Complete 
|  24|0x0000000081800000, 0x0000000081900000, 0x0000000081900000|100%| O|  |TAMS 0x0000000081900000, 0x0000000081800000| Untracked 
|  25|0x0000000081900000, 0x0000000081a00000, 0x0000000081a00000|100%| O|  |TAMS 0x0000000081a00000, 0x0000000081900000| Untracked 
|  26|0x0000000081a00000, 0x0000000081b00000, 0x0000000081b00000|100%| O|  |TAMS 0x0000000081b00000, 0x0000000081a00000| Untracked 
|  27|0x0000000081b00000, 0x0000000081c00000, 0x0000000081c00000|100%| O|  |TAMS 0x0000000081c00000, 0x0000000081b00000| Untracked 
|  28|0x0000000081c00000, 0x0000000081d00000, 0x0000000081d00000|100%|HS|  |TAMS 0x0000000081d00000, 0x0000000081c00000| Complete 
|  29|0x0000000081d00000, 0x0000000081e00000, 0x0000000081e00000|100%|HC|  |TAMS 0x0000000081e00000, 0x0000000081d00000| Complete 
|  30|0x0000000081e00000, 0x0000000081f00000, 0x0000000081f00000|100%|HC|  |TAMS 0x0000000081f00000, 0x0000000081e00000| Complete 
|  31|0x0000000081f00000, 0x0000000082000000, 0x0000000082000000|100%| O|  |TAMS 0x0000000082000000, 0x0000000081f00000| Untracked 
|  32|0x0000000082000000, 0x0000000082100000, 0x0000000082100000|100%|HS|  |TAMS 0x0000000082100000, 0x0000000082000000| Complete 
|  33|0x0000000082100000, 0x0000000082200000, 0x0000000082200000|100%|HC|  |TAMS 0x0000000082200000, 0x0000000082100000| Complete 
|  34|0x0000000082200000, 0x0000000082300000, 0x0000000082300000|100%|HC|  |TAMS 0x0000000082300000, 0x0000000082200000| Complete 
|  35|0x0000000082300000, 0x0000000082400000, 0x0000000082400000|100%|HC|  |TAMS 0x0000000082400000, 0x0000000082300000| Complete 
|  36|0x0000000082400000, 0x0000000082500000, 0x0000000082500000|100%|HC|  |TAMS 0x0000000082500000, 0x0000000082400000| Complete 
|  37|0x0000000082500000, 0x0000000082600000, 0x0000000082600000|100%|HC|  |TAMS 0x0000000082600000, 0x0000000082500000| Complete 
|  38|0x0000000082600000, 0x0000000082700000, 0x0000000082700000|100%|HC|  |TAMS 0x0000000082700000, 0x0000000082600000| Complete 
|  39|0x0000000082700000, 0x0000000082800000, 0x0000000082800000|100%|HC|  |TAMS 0x0000000082800000, 0x0000000082700000| Complete 
|  40|0x0000000082800000, 0x0000000082900000, 0x0000000082900000|100%|HC|  |TAMS 0x0000000082900000, 0x0000000082800000| Complete 
|  41|0x0000000082900000, 0x0000000082a00000, 0x0000000082a00000|100%|HC|  |TAMS 0x0000000082a00000, 0x0000000082900000| Complete 
|  42|0x0000000082a00000, 0x0000000082b00000, 0x0000000082b00000|100%|HC|  |TAMS 0x0000000082b00000, 0x0000000082a00000| Complete 
|  43|0x0000000082b00000, 0x0000000082c00000, 0x0000000082c00000|100%|HC|  |TAMS 0x0000000082c00000, 0x0000000082b00000| Complete 
|  44|0x0000000082c00000, 0x0000000082d00000, 0x0000000082d00000|100%| O|  |TAMS 0x0000000082d00000, 0x0000000082c00000| Untracked 
|  45|0x0000000082d00000, 0x0000000082e00000, 0x0000000082e00000|100%|HS|  |TAMS 0x0000000082e00000, 0x0000000082d00000| Complete 
|  46|0x0000000082e00000, 0x0000000082f00000, 0x0000000082f00000|100%|HC|  |TAMS 0x0000000082f00000, 0x0000000082e00000| Complete 
|  47|0x0000000082f00000, 0x0000000083000000, 0x0000000083000000|100%| O|  |TAMS 0x0000000083000000, 0x0000000082f00000| Untracked 
|  48|0x0000000083000000, 0x0000000083100000, 0x0000000083100000|100%| O|  |TAMS 0x0000000083100000, 0x0000000083000000| Untracked 
|  49|0x0000000083100000, 0x0000000083200000, 0x0000000083200000|100%| O|  |TAMS 0x0000000083200000, 0x0000000083100000| Untracked 
|  50|0x0000000083200000, 0x0000000083300000, 0x0000000083300000|100%| O|  |TAMS 0x0000000083300000, 0x0000000083200000| Untracked 
|  51|0x0000000083300000, 0x0000000083400000, 0x0000000083400000|100%| O|  |TAMS 0x0000000083400000, 0x0000000083300000| Untracked 
|  52|0x0000000083400000, 0x0000000083500000, 0x0000000083500000|100%| O|  |TAMS 0x0000000083500000, 0x0000000083400000| Untracked 
|  53|0x0000000083500000, 0x0000000083600000, 0x0000000083600000|100%| O|  |TAMS 0x0000000083600000, 0x0000000083500000| Untracked 
|  54|0x0000000083600000, 0x0000000083700000, 0x0000000083700000|100%| O|  |TAMS 0x0000000083700000, 0x0000000083600000| Untracked 
|  55|0x0000000083700000, 0x0000000083800000, 0x0000000083800000|100%| O|  |TAMS 0x0000000083800000, 0x0000000083700000| Untracked 
|  56|0x0000000083800000, 0x0000000083900000, 0x0000000083900000|100%|HS|  |TAMS 0x0000000083900000, 0x0000000083800000| Complete 
|  57|0x0000000083900000, 0x0000000083a00000, 0x0000000083a00000|100%|HC|  |TAMS 0x0000000083a00000, 0x0000000083900000| Complete 
|  58|0x0000000083a00000, 0x0000000083b00000, 0x0000000083b00000|100%|HC|  |TAMS 0x0000000083b00000, 0x0000000083a00000| Complete 
|  59|0x0000000083b00000, 0x0000000083c00000, 0x0000000083c00000|100%|HS|  |TAMS 0x0000000083c00000, 0x0000000083b00000| Complete 
|  60|0x0000000083c00000, 0x0000000083d00000, 0x0000000083d00000|100%|HC|  |TAMS 0x0000000083d00000, 0x0000000083c00000| Complete 
|  61|0x0000000083d00000, 0x0000000083e00000, 0x0000000083e00000|100%|HC|  |TAMS 0x0000000083e00000, 0x0000000083d00000| Complete 
|  62|0x0000000083e00000, 0x0000000083f00000, 0x0000000083f00000|100%| O|  |TAMS 0x0000000083f00000, 0x0000000083e00000| Untracked 
|  63|0x0000000083f00000, 0x0000000084000000, 0x0000000084000000|100%| O|  |TAMS 0x0000000084000000, 0x0000000083f00000| Untracked 
|  64|0x0000000084000000, 0x0000000084100000, 0x0000000084100000|100%| O|  |TAMS 0x0000000084100000, 0x0000000084000000| Untracked 
|  65|0x0000000084100000, 0x0000000084200000, 0x0000000084200000|100%| O|  |TAMS 0x0000000084200000, 0x0000000084100000| Untracked 
|  66|0x0000000084200000, 0x0000000084300000, 0x0000000084300000|100%| O|  |TAMS 0x0000000084300000, 0x0000000084200000| Untracked 
|  67|0x0000000084300000, 0x0000000084400000, 0x0000000084400000|100%| O|  |TAMS 0x00000000843f2a00, 0x0000000084300000| Untracked 
|  68|0x0000000084400000, 0x0000000084500000, 0x0000000084500000|100%| O|  |TAMS 0x0000000084400000, 0x0000000084400000| Untracked 
|  69|0x0000000084500000, 0x0000000084600000, 0x0000000084600000|100%| O|  |TAMS 0x0000000084500000, 0x0000000084500000| Untracked 
|  70|0x0000000084600000, 0x0000000084700000, 0x0000000084700000|100%| O|  |TAMS 0x0000000084600000, 0x0000000084600000| Untracked 
|  71|0x0000000084700000, 0x0000000084800000, 0x0000000084800000|100%| O|  |TAMS 0x0000000084700000, 0x0000000084700000| Untracked 
|  72|0x0000000084800000, 0x0000000084900000, 0x0000000084900000|100%|HS|  |TAMS 0x0000000084800000, 0x0000000084800000| Complete 
|  73|0x0000000084900000, 0x0000000084a00000, 0x0000000084a00000|100%|HS|  |TAMS 0x0000000084900000, 0x0000000084900000| Complete 
|  74|0x0000000084a00000, 0x0000000084b00000, 0x0000000084b00000|100%|HS|  |TAMS 0x0000000084a00000, 0x0000000084a00000| Complete 
|  75|0x0000000084b00000, 0x0000000084c00000, 0x0000000084c00000|100%|HS|  |TAMS 0x0000000084b00000, 0x0000000084b00000| Complete 
|  76|0x0000000084c00000, 0x0000000084d00000, 0x0000000084d00000|100%|HC|  |TAMS 0x0000000084c00000, 0x0000000084c00000| Complete 
|  77|0x0000000084d00000, 0x0000000084e00000, 0x0000000084e00000|100%|HS|  |TAMS 0x0000000084d00000, 0x0000000084d00000| Complete 
|  78|0x0000000084e00000, 0x0000000084f00000, 0x0000000084f00000|100%|HC|  |TAMS 0x0000000084e00000, 0x0000000084e00000| Complete 
|  79|0x0000000084f00000, 0x0000000085000000, 0x0000000085000000|100%|HC|  |TAMS 0x0000000084f00000, 0x0000000084f00000| Complete 
|  80|0x0000000085000000, 0x0000000085100000, 0x0000000085100000|100%| O|  |TAMS 0x0000000085000000, 0x0000000085000000| Untracked 
|  81|0x0000000085100000, 0x0000000085200000, 0x0000000085200000|100%| O|  |TAMS 0x0000000085100000, 0x0000000085100000| Untracked 
|  82|0x0000000085200000, 0x0000000085300000, 0x0000000085300000|100%| O|  |TAMS 0x0000000085200000, 0x0000000085200000| Untracked 
|  83|0x0000000085300000, 0x0000000085400000, 0x0000000085400000|100%| O|  |TAMS 0x0000000085300000, 0x0000000085300000| Untracked 
|  84|0x0000000085400000, 0x0000000085500000, 0x0000000085500000|100%| O|  |TAMS 0x0000000085400000, 0x0000000085400000| Untracked 
|  85|0x0000000085500000, 0x0000000085600000, 0x0000000085600000|100%| O|  |TAMS 0x0000000085500000, 0x0000000085500000| Untracked 
|  86|0x0000000085600000, 0x0000000085700000, 0x0000000085700000|100%| O|  |TAMS 0x0000000085600000, 0x0000000085600000| Untracked 
|  87|0x0000000085700000, 0x0000000085800000, 0x0000000085800000|100%| O|  |TAMS 0x0000000085700000, 0x0000000085700000| Untracked 
|  88|0x0000000085800000, 0x000000008586dc00, 0x0000000085900000| 42%| O|  |TAMS 0x0000000085800000, 0x0000000085800000| Untracked 
|  89|0x0000000085900000, 0x0000000085900000, 0x0000000085a00000|  0%| F|  |TAMS 0x0000000085900000, 0x0000000085900000| Untracked 
|  90|0x0000000085a00000, 0x0000000085a00000, 0x0000000085b00000|  0%| F|  |TAMS 0x0000000085a00000, 0x0000000085a00000| Untracked 
|  91|0x0000000085b00000, 0x0000000085b00000, 0x0000000085c00000|  0%| F|  |TAMS 0x0000000085b00000, 0x0000000085b00000| Untracked 
|  92|0x0000000085c00000, 0x0000000085c00000, 0x0000000085d00000|  0%| F|  |TAMS 0x0000000085c00000, 0x0000000085c00000| Untracked 
|  93|0x0000000085d00000, 0x0000000085d00000, 0x0000000085e00000|  0%| F|  |TAMS 0x0000000085d00000, 0x0000000085d00000| Untracked 
|  94|0x0000000085e00000, 0x0000000085e00000, 0x0000000085f00000|  0%| F|  |TAMS 0x0000000085e00000, 0x0000000085e00000| Untracked 
|  95|0x0000000085f00000, 0x0000000085f00000, 0x0000000086000000|  0%| F|  |TAMS 0x0000000085f00000, 0x0000000085f00000| Untracked 
|  96|0x0000000086000000, 0x0000000086000000, 0x0000000086100000|  0%| F|  |TAMS 0x0000000086000000, 0x0000000086000000| Untracked 
|  97|0x0000000086100000, 0x0000000086100000, 0x0000000086200000|  0%| F|  |TAMS 0x0000000086100000, 0x0000000086100000| Untracked 
|  98|0x0000000086200000, 0x0000000086200000, 0x0000000086300000|  0%| F|  |TAMS 0x0000000086200000, 0x0000000086200000| Untracked 
|  99|0x0000000086300000, 0x0000000086300000, 0x0000000086400000|  0%| F|  |TAMS 0x0000000086300000, 0x0000000086300000| Untracked 
| 100|0x0000000086400000, 0x0000000086400000, 0x0000000086500000|  0%| F|  |TAMS 0x0000000086400000, 0x0000000086400000| Untracked 
| 101|0x0000000086500000, 0x0000000086500000, 0x0000000086600000|  0%| F|  |TAMS 0x0000000086500000, 0x0000000086500000| Untracked 
| 102|0x0000000086600000, 0x0000000086600000, 0x0000000086700000|  0%| F|  |TAMS 0x0000000086600000, 0x0000000086600000| Untracked 
| 103|0x0000000086700000, 0x0000000086700000, 0x0000000086800000|  0%| F|  |TAMS 0x0000000086700000, 0x0000000086700000| Untracked 
| 104|0x0000000086800000, 0x0000000086800000, 0x0000000086900000|  0%| F|  |TAMS 0x0000000086800000, 0x0000000086800000| Untracked 
| 105|0x0000000086900000, 0x0000000086900000, 0x0000000086a00000|  0%| F|  |TAMS 0x0000000086900000, 0x0000000086900000| Untracked 
| 106|0x0000000086a00000, 0x0000000086a00000, 0x0000000086b00000|  0%| F|  |TAMS 0x0000000086a00000, 0x0000000086a00000| Untracked 
| 107|0x0000000086b00000, 0x0000000086b00000, 0x0000000086c00000|  0%| F|  |TAMS 0x0000000086b00000, 0x0000000086b00000| Untracked 
| 108|0x0000000086c00000, 0x0000000086c00000, 0x0000000086d00000|  0%| F|  |TAMS 0x0000000086c00000, 0x0000000086c00000| Untracked 
| 109|0x0000000086d00000, 0x0000000086d00000, 0x0000000086e00000|  0%| F|  |TAMS 0x0000000086d00000, 0x0000000086d00000| Untracked 
| 110|0x0000000086e00000, 0x0000000086e00000, 0x0000000086f00000|  0%| F|  |TAMS 0x0000000086e00000, 0x0000000086e00000| Untracked 
| 111|0x0000000086f00000, 0x0000000086f00000, 0x0000000087000000|  0%| F|  |TAMS 0x0000000086f00000, 0x0000000086f00000| Untracked 
| 112|0x0000000087000000, 0x0000000087000000, 0x0000000087100000|  0%| F|  |TAMS 0x0000000087000000, 0x0000000087000000| Untracked 
| 113|0x0000000087100000, 0x0000000087100000, 0x0000000087200000|  0%| F|  |TAMS 0x0000000087100000, 0x0000000087100000| Untracked 
| 114|0x0000000087200000, 0x0000000087200000, 0x0000000087300000|  0%| F|  |TAMS 0x0000000087200000, 0x0000000087200000| Untracked 
| 115|0x0000000087300000, 0x0000000087300000, 0x0000000087400000|  0%| F|  |TAMS 0x0000000087300000, 0x0000000087300000| Untracked 
| 116|0x0000000087400000, 0x0000000087400000, 0x0000000087500000|  0%| F|  |TAMS 0x0000000087400000, 0x0000000087400000| Untracked 
| 117|0x0000000087500000, 0x0000000087500000, 0x0000000087600000|  0%| F|  |TAMS 0x0000000087500000, 0x0000000087500000| Untracked 
| 118|0x0000000087600000, 0x0000000087600000, 0x0000000087700000|  0%| F|  |TAMS 0x0000000087600000, 0x0000000087600000| Untracked 
| 119|0x0000000087700000, 0x0000000087700000, 0x0000000087800000|  0%| F|  |TAMS 0x0000000087700000, 0x0000000087700000| Untracked 
| 120|0x0000000087800000, 0x0000000087800000, 0x0000000087900000|  0%| F|  |TAMS 0x0000000087800000, 0x0000000087800000| Untracked 
| 121|0x0000000087900000, 0x0000000087900000, 0x0000000087a00000|  0%| F|  |TAMS 0x0000000087900000, 0x0000000087900000| Untracked 
| 122|0x0000000087a00000, 0x0000000087a00000, 0x0000000087b00000|  0%| F|  |TAMS 0x0000000087a00000, 0x0000000087a00000| Untracked 
| 123|0x0000000087b00000, 0x0000000087b00000, 0x0000000087c00000|  0%| F|  |TAMS 0x0000000087b00000, 0x0000000087b00000| Untracked 
| 124|0x0000000087c00000, 0x0000000087c00000, 0x0000000087d00000|  0%| F|  |TAMS 0x0000000087c00000, 0x0000000087c00000| Untracked 
| 125|0x0000000087d00000, 0x0000000087d00000, 0x0000000087e00000|  0%| F|  |TAMS 0x0000000087d00000, 0x0000000087d00000| Untracked 
| 126|0x0000000087e00000, 0x0000000087e00000, 0x0000000087f00000|  0%| F|  |TAMS 0x0000000087e00000, 0x0000000087e00000| Untracked 
| 127|0x0000000087f00000, 0x0000000087f00000, 0x0000000088000000|  0%| F|  |TAMS 0x0000000087f00000, 0x0000000087f00000| Untracked 
| 128|0x0000000088000000, 0x0000000088000000, 0x0000000088100000|  0%| F|  |TAMS 0x0000000088000000, 0x0000000088000000| Untracked 
| 129|0x0000000088100000, 0x0000000088100000, 0x0000000088200000|  0%| F|  |TAMS 0x0000000088100000, 0x0000000088100000| Untracked 
| 130|0x0000000088200000, 0x0000000088200000, 0x0000000088300000|  0%| F|  |TAMS 0x0000000088200000, 0x0000000088200000| Untracked 
| 131|0x0000000088300000, 0x0000000088300000, 0x0000000088400000|  0%| F|  |TAMS 0x0000000088300000, 0x0000000088300000| Untracked 
| 132|0x0000000088400000, 0x0000000088400000, 0x0000000088500000|  0%| F|  |TAMS 0x0000000088400000, 0x0000000088400000| Untracked 
| 133|0x0000000088500000, 0x0000000088554220, 0x0000000088600000| 32%| S|CS|TAMS 0x0000000088500000, 0x0000000088500000| Complete 
| 134|0x0000000088600000, 0x0000000088700000, 0x0000000088700000|100%| S|CS|TAMS 0x0000000088600000, 0x0000000088600000| Complete 
| 135|0x0000000088700000, 0x0000000088800000, 0x0000000088800000|100%| S|CS|TAMS 0x0000000088700000, 0x0000000088700000| Complete 
| 136|0x0000000088800000, 0x0000000088900000, 0x0000000088900000|100%| S|CS|TAMS 0x0000000088800000, 0x0000000088800000| Complete 
| 137|0x0000000088900000, 0x0000000088a00000, 0x0000000088a00000|100%| S|CS|TAMS 0x0000000088900000, 0x0000000088900000| Complete 
| 138|0x0000000088a00000, 0x0000000088b00000, 0x0000000088b00000|100%| S|CS|TAMS 0x0000000088a00000, 0x0000000088a00000| Complete 
| 139|0x0000000088b00000, 0x0000000088c00000, 0x0000000088c00000|100%| S|CS|TAMS 0x0000000088b00000, 0x0000000088b00000| Complete 
| 140|0x0000000088c00000, 0x0000000088d00000, 0x0000000088d00000|100%| S|CS|TAMS 0x0000000088c00000, 0x0000000088c00000| Complete 
| 141|0x0000000088d00000, 0x0000000088e00000, 0x0000000088e00000|100%| S|CS|TAMS 0x0000000088d00000, 0x0000000088d00000| Complete 
| 142|0x0000000088e00000, 0x0000000088e00000, 0x0000000088f00000|  0%| F|  |TAMS 0x0000000088e00000, 0x0000000088e00000| Untracked 
| 143|0x0000000088f00000, 0x0000000088f00000, 0x0000000089000000|  0%| F|  |TAMS 0x0000000088f00000, 0x0000000088f00000| Untracked 
| 144|0x0000000089000000, 0x0000000089000000, 0x0000000089100000|  0%| F|  |TAMS 0x0000000089000000, 0x0000000089000000| Untracked 
| 145|0x0000000089100000, 0x0000000089100000, 0x0000000089200000|  0%| F|  |TAMS 0x0000000089100000, 0x0000000089100000| Untracked 
| 146|0x0000000089200000, 0x0000000089200000, 0x0000000089300000|  0%| F|  |TAMS 0x0000000089200000, 0x0000000089200000| Untracked 
| 147|0x0000000089300000, 0x0000000089300000, 0x0000000089400000|  0%| F|  |TAMS 0x0000000089300000, 0x0000000089300000| Untracked 
| 148|0x0000000089400000, 0x0000000089400000, 0x0000000089500000|  0%| F|  |TAMS 0x0000000089400000, 0x0000000089400000| Untracked 
| 149|0x0000000089500000, 0x0000000089500000, 0x0000000089600000|  0%| F|  |TAMS 0x0000000089500000, 0x0000000089500000| Untracked 
| 150|0x0000000089600000, 0x0000000089600000, 0x0000000089700000|  0%| F|  |TAMS 0x0000000089600000, 0x0000000089600000| Untracked 
| 151|0x0000000089700000, 0x0000000089700000, 0x0000000089800000|  0%| F|  |TAMS 0x0000000089700000, 0x0000000089700000| Untracked 
| 152|0x0000000089800000, 0x0000000089800000, 0x0000000089900000|  0%| F|  |TAMS 0x0000000089800000, 0x0000000089800000| Untracked 
| 153|0x0000000089900000, 0x0000000089900000, 0x0000000089a00000|  0%| F|  |TAMS 0x0000000089900000, 0x0000000089900000| Untracked 
| 154|0x0000000089a00000, 0x0000000089a00000, 0x0000000089b00000|  0%| F|  |TAMS 0x0000000089a00000, 0x0000000089a00000| Untracked 
| 155|0x0000000089b00000, 0x0000000089b00000, 0x0000000089c00000|  0%| F|  |TAMS 0x0000000089b00000, 0x0000000089b00000| Untracked 
| 156|0x0000000089c00000, 0x0000000089c00000, 0x0000000089d00000|  0%| F|  |TAMS 0x0000000089c00000, 0x0000000089c00000| Untracked 
| 157|0x0000000089d00000, 0x0000000089d00000, 0x0000000089e00000|  0%| F|  |TAMS 0x0000000089d00000, 0x0000000089d00000| Untracked 
| 158|0x0000000089e00000, 0x0000000089e00000, 0x0000000089f00000|  0%| F|  |TAMS 0x0000000089e00000, 0x0000000089e00000| Untracked 
| 159|0x0000000089f00000, 0x0000000089f00000, 0x000000008a000000|  0%| F|  |TAMS 0x0000000089f00000, 0x0000000089f00000| Untracked 
| 160|0x000000008a000000, 0x000000008a000000, 0x000000008a100000|  0%| F|  |TAMS 0x000000008a000000, 0x000000008a000000| Untracked 
| 161|0x000000008a100000, 0x000000008a100000, 0x000000008a200000|  0%| F|  |TAMS 0x000000008a100000, 0x000000008a100000| Untracked 
| 162|0x000000008a200000, 0x000000008a200000, 0x000000008a300000|  0%| F|  |TAMS 0x000000008a200000, 0x000000008a200000| Untracked 
| 163|0x000000008a300000, 0x000000008a300000, 0x000000008a400000|  0%| F|  |TAMS 0x000000008a300000, 0x000000008a300000| Untracked 
| 164|0x000000008a400000, 0x000000008a400000, 0x000000008a500000|  0%| F|  |TAMS 0x000000008a400000, 0x000000008a400000| Untracked 
| 165|0x000000008a500000, 0x000000008a600000, 0x000000008a600000|100%| E|  |TAMS 0x000000008a500000, 0x000000008a500000| Complete 
| 166|0x000000008a600000, 0x000000008a700000, 0x000000008a700000|100%| E|CS|TAMS 0x000000008a600000, 0x000000008a600000| Complete 
| 167|0x000000008a700000, 0x000000008a800000, 0x000000008a800000|100%| E|CS|TAMS 0x000000008a700000, 0x000000008a700000| Complete 
| 168|0x000000008a800000, 0x000000008a900000, 0x000000008a900000|100%| E|CS|TAMS 0x000000008a800000, 0x000000008a800000| Complete 
| 169|0x000000008a900000, 0x000000008aa00000, 0x000000008aa00000|100%| E|CS|TAMS 0x000000008a900000, 0x000000008a900000| Complete 
| 170|0x000000008aa00000, 0x000000008ab00000, 0x000000008ab00000|100%| E|CS|TAMS 0x000000008aa00000, 0x000000008aa00000| Complete 
| 171|0x000000008ab00000, 0x000000008ac00000, 0x000000008ac00000|100%| E|CS|TAMS 0x000000008ab00000, 0x000000008ab00000| Complete 
| 172|0x000000008ac00000, 0x000000008ad00000, 0x000000008ad00000|100%| E|CS|TAMS 0x000000008ac00000, 0x000000008ac00000| Complete 
| 173|0x000000008ad00000, 0x000000008ae00000, 0x000000008ae00000|100%| E|CS|TAMS 0x000000008ad00000, 0x000000008ad00000| Complete 
| 174|0x000000008ae00000, 0x000000008af00000, 0x000000008af00000|100%| E|CS|TAMS 0x000000008ae00000, 0x000000008ae00000| Complete 
| 175|0x000000008af00000, 0x000000008b000000, 0x000000008b000000|100%| E|CS|TAMS 0x000000008af00000, 0x000000008af00000| Complete 
| 176|0x000000008b000000, 0x000000008b100000, 0x000000008b100000|100%| E|CS|TAMS 0x000000008b000000, 0x000000008b000000| Complete 
| 177|0x000000008b100000, 0x000000008b200000, 0x000000008b200000|100%| E|CS|TAMS 0x000000008b100000, 0x000000008b100000| Complete 
| 178|0x000000008b200000, 0x000000008b300000, 0x000000008b300000|100%| E|CS|TAMS 0x000000008b200000, 0x000000008b200000| Complete 
| 179|0x000000008b300000, 0x000000008b400000, 0x000000008b400000|100%| E|CS|TAMS 0x000000008b300000, 0x000000008b300000| Complete 
| 180|0x000000008b400000, 0x000000008b500000, 0x000000008b500000|100%| E|CS|TAMS 0x000000008b400000, 0x000000008b400000| Complete 
| 181|0x000000008b500000, 0x000000008b600000, 0x000000008b600000|100%| E|CS|TAMS 0x000000008b500000, 0x000000008b500000| Complete 
| 182|0x000000008b600000, 0x000000008b700000, 0x000000008b700000|100%| E|CS|TAMS 0x000000008b600000, 0x000000008b600000| Complete 
| 183|0x000000008b700000, 0x000000008b800000, 0x000000008b800000|100%| E|CS|TAMS 0x000000008b700000, 0x000000008b700000| Complete 
| 184|0x000000008b800000, 0x000000008b900000, 0x000000008b900000|100%| E|CS|TAMS 0x000000008b800000, 0x000000008b800000| Complete 
| 185|0x000000008b900000, 0x000000008ba00000, 0x000000008ba00000|100%| E|CS|TAMS 0x000000008b900000, 0x000000008b900000| Complete 
| 186|0x000000008ba00000, 0x000000008bb00000, 0x000000008bb00000|100%| E|CS|TAMS 0x000000008ba00000, 0x000000008ba00000| Complete 
| 187|0x000000008bb00000, 0x000000008bc00000, 0x000000008bc00000|100%| E|CS|TAMS 0x000000008bb00000, 0x000000008bb00000| Complete 
| 188|0x000000008bc00000, 0x000000008bd00000, 0x000000008bd00000|100%| E|CS|TAMS 0x000000008bc00000, 0x000000008bc00000| Complete 
| 189|0x000000008bd00000, 0x000000008be00000, 0x000000008be00000|100%| E|CS|TAMS 0x000000008bd00000, 0x000000008bd00000| Complete 
| 190|0x000000008be00000, 0x000000008bf00000, 0x000000008bf00000|100%| E|CS|TAMS 0x000000008be00000, 0x000000008be00000| Complete 
| 191|0x000000008bf00000, 0x000000008c000000, 0x000000008c000000|100%| E|CS|TAMS 0x000000008bf00000, 0x000000008bf00000| Complete 
| 192|0x000000008c000000, 0x000000008c100000, 0x000000008c100000|100%| E|CS|TAMS 0x000000008c000000, 0x000000008c000000| Complete 
| 193|0x000000008c100000, 0x000000008c200000, 0x000000008c200000|100%| E|CS|TAMS 0x000000008c100000, 0x000000008c100000| Complete 
| 194|0x000000008c200000, 0x000000008c300000, 0x000000008c300000|100%| E|CS|TAMS 0x000000008c200000, 0x000000008c200000| Complete 
| 195|0x000000008c300000, 0x000000008c400000, 0x000000008c400000|100%| E|CS|TAMS 0x000000008c300000, 0x000000008c300000| Complete 
| 196|0x000000008c400000, 0x000000008c500000, 0x000000008c500000|100%| E|CS|TAMS 0x000000008c400000, 0x000000008c400000| Complete 
| 197|0x000000008c500000, 0x000000008c600000, 0x000000008c600000|100%| E|CS|TAMS 0x000000008c500000, 0x000000008c500000| Complete 
| 198|0x000000008c600000, 0x000000008c700000, 0x000000008c700000|100%| E|CS|TAMS 0x000000008c600000, 0x000000008c600000| Complete 
| 199|0x000000008c700000, 0x000000008c800000, 0x000000008c800000|100%| E|CS|TAMS 0x000000008c700000, 0x000000008c700000| Complete 
| 200|0x000000008c800000, 0x000000008c900000, 0x000000008c900000|100%| E|CS|TAMS 0x000000008c800000, 0x000000008c800000| Complete 
| 201|0x000000008c900000, 0x000000008ca00000, 0x000000008ca00000|100%| E|CS|TAMS 0x000000008c900000, 0x000000008c900000| Complete 
| 202|0x000000008ca00000, 0x000000008cb00000, 0x000000008cb00000|100%| E|CS|TAMS 0x000000008ca00000, 0x000000008ca00000| Complete 
| 203|0x000000008cb00000, 0x000000008cc00000, 0x000000008cc00000|100%| E|CS|TAMS 0x000000008cb00000, 0x000000008cb00000| Complete 
| 204|0x000000008cc00000, 0x000000008cd00000, 0x000000008cd00000|100%| E|CS|TAMS 0x000000008cc00000, 0x000000008cc00000| Complete 
| 205|0x000000008cd00000, 0x000000008ce00000, 0x000000008ce00000|100%| E|CS|TAMS 0x000000008cd00000, 0x000000008cd00000| Complete 
| 206|0x000000008ce00000, 0x000000008cf00000, 0x000000008cf00000|100%| E|CS|TAMS 0x000000008ce00000, 0x000000008ce00000| Complete 
| 207|0x000000008cf00000, 0x000000008d000000, 0x000000008d000000|100%| E|CS|TAMS 0x000000008cf00000, 0x000000008cf00000| Complete 
| 208|0x000000008d000000, 0x000000008d100000, 0x000000008d100000|100%| E|CS|TAMS 0x000000008d000000, 0x000000008d000000| Complete 
| 209|0x000000008d100000, 0x000000008d200000, 0x000000008d200000|100%| E|CS|TAMS 0x000000008d100000, 0x000000008d100000| Complete 
| 210|0x000000008d200000, 0x000000008d300000, 0x000000008d300000|100%| E|CS|TAMS 0x000000008d200000, 0x000000008d200000| Complete 
| 211|0x000000008d300000, 0x000000008d400000, 0x000000008d400000|100%| E|CS|TAMS 0x000000008d300000, 0x000000008d300000| Complete 
| 212|0x000000008d400000, 0x000000008d500000, 0x000000008d500000|100%| E|CS|TAMS 0x000000008d400000, 0x000000008d400000| Complete 
| 213|0x000000008d500000, 0x000000008d600000, 0x000000008d600000|100%| E|CS|TAMS 0x000000008d500000, 0x000000008d500000| Complete 
| 214|0x000000008d600000, 0x000000008d700000, 0x000000008d700000|100%| E|CS|TAMS 0x000000008d600000, 0x000000008d600000| Complete 
| 215|0x000000008d700000, 0x000000008d800000, 0x000000008d800000|100%| E|CS|TAMS 0x000000008d700000, 0x000000008d700000| Complete 
| 216|0x000000008d800000, 0x000000008d900000, 0x000000008d900000|100%| E|CS|TAMS 0x000000008d800000, 0x000000008d800000| Complete 
| 217|0x000000008d900000, 0x000000008da00000, 0x000000008da00000|100%| E|  |TAMS 0x000000008d900000, 0x000000008d900000| Complete 
| 218|0x000000008da00000, 0x000000008db00000, 0x000000008db00000|100%| E|CS|TAMS 0x000000008da00000, 0x000000008da00000| Complete 
| 219|0x000000008db00000, 0x000000008dc00000, 0x000000008dc00000|100%| E|CS|TAMS 0x000000008db00000, 0x000000008db00000| Complete 
| 220|0x000000008dc00000, 0x000000008dd00000, 0x000000008dd00000|100%| E|CS|TAMS 0x000000008dc00000, 0x000000008dc00000| Complete 
| 221|0x000000008dd00000, 0x000000008de00000, 0x000000008de00000|100%| E|CS|TAMS 0x000000008dd00000, 0x000000008dd00000| Complete 
| 222|0x000000008de00000, 0x000000008df00000, 0x000000008df00000|100%| E|CS|TAMS 0x000000008de00000, 0x000000008de00000| Complete 
| 223|0x000000008df00000, 0x000000008e000000, 0x000000008e000000|100%| E|CS|TAMS 0x000000008df00000, 0x000000008df00000| Complete 
| 224|0x000000008e000000, 0x000000008e100000, 0x000000008e100000|100%| E|CS|TAMS 0x000000008e000000, 0x000000008e000000| Complete 
| 225|0x000000008e100000, 0x000000008e200000, 0x000000008e200000|100%| E|CS|TAMS 0x000000008e100000, 0x000000008e100000| Complete 
| 226|0x000000008e200000, 0x000000008e300000, 0x000000008e300000|100%| E|CS|TAMS 0x000000008e200000, 0x000000008e200000| Complete 
| 227|0x000000008e300000, 0x000000008e400000, 0x000000008e400000|100%| E|CS|TAMS 0x000000008e300000, 0x000000008e300000| Complete 
| 228|0x000000008e400000, 0x000000008e500000, 0x000000008e500000|100%| E|CS|TAMS 0x000000008e400000, 0x000000008e400000| Complete 
| 229|0x000000008e500000, 0x000000008e600000, 0x000000008e600000|100%| E|CS|TAMS 0x000000008e500000, 0x000000008e500000| Complete 
| 230|0x000000008e600000, 0x000000008e700000, 0x000000008e700000|100%| E|CS|TAMS 0x000000008e600000, 0x000000008e600000| Complete 
| 231|0x000000008e700000, 0x000000008e800000, 0x000000008e800000|100%| E|CS|TAMS 0x000000008e700000, 0x000000008e700000| Complete 
| 232|0x000000008e800000, 0x000000008e900000, 0x000000008e900000|100%| E|CS|TAMS 0x000000008e800000, 0x000000008e800000| Complete 
| 233|0x000000008e900000, 0x000000008ea00000, 0x000000008ea00000|100%| E|CS|TAMS 0x000000008e900000, 0x000000008e900000| Complete 
| 234|0x000000008ea00000, 0x000000008eb00000, 0x000000008eb00000|100%| E|CS|TAMS 0x000000008ea00000, 0x000000008ea00000| Complete 
| 235|0x000000008eb00000, 0x000000008ec00000, 0x000000008ec00000|100%| E|CS|TAMS 0x000000008eb00000, 0x000000008eb00000| Complete 
| 236|0x000000008ec00000, 0x000000008ed00000, 0x000000008ed00000|100%| E|CS|TAMS 0x000000008ec00000, 0x000000008ec00000| Complete 
| 237|0x000000008ed00000, 0x000000008ee00000, 0x000000008ee00000|100%| E|CS|TAMS 0x000000008ed00000, 0x000000008ed00000| Complete 
| 238|0x000000008ee00000, 0x000000008ef00000, 0x000000008ef00000|100%| E|CS|TAMS 0x000000008ee00000, 0x000000008ee00000| Complete 
| 239|0x000000008ef00000, 0x000000008f000000, 0x000000008f000000|100%| E|CS|TAMS 0x000000008ef00000, 0x000000008ef00000| Complete 
| 240|0x000000008f000000, 0x000000008f100000, 0x000000008f100000|100%| E|CS|TAMS 0x000000008f000000, 0x000000008f000000| Complete 
| 241|0x000000008f100000, 0x000000008f200000, 0x000000008f200000|100%| E|CS|TAMS 0x000000008f100000, 0x000000008f100000| Complete 
| 242|0x000000008f200000, 0x000000008f300000, 0x000000008f300000|100%| E|CS|TAMS 0x000000008f200000, 0x000000008f200000| Complete 
| 243|0x000000008f300000, 0x000000008f400000, 0x000000008f400000|100%| E|CS|TAMS 0x000000008f300000, 0x000000008f300000| Complete 
| 244|0x000000008f400000, 0x000000008f500000, 0x000000008f500000|100%| E|CS|TAMS 0x000000008f400000, 0x000000008f400000| Complete 
| 245|0x000000008f500000, 0x000000008f600000, 0x000000008f600000|100%| E|CS|TAMS 0x000000008f500000, 0x000000008f500000| Complete 
| 246|0x000000008f600000, 0x000000008f700000, 0x000000008f700000|100%| E|CS|TAMS 0x000000008f600000, 0x000000008f600000| Complete 
| 247|0x000000008f700000, 0x000000008f800000, 0x000000008f800000|100%| E|CS|TAMS 0x000000008f700000, 0x000000008f700000| Complete 

Card table byte_map: [0x000002995a0e0000,0x000002995a4e0000] _byte_map_base: 0x0000029959ce0000

Marking Bits (Prev, Next): (CMBitMap*) 0x000002994754f070, (CMBitMap*) 0x000002994754f030
 Prev Bits: [0x000002995c8e0000, 0x000002995e8e0000)
 Next Bits: [0x000002995a8e0000, 0x000002995c8e0000)

Polling page: 0x0000029945480000

Metaspace:

Usage:
  Non-class:     65.66 MB used.
      Class:     10.31 MB used.
       Both:     75.98 MB used.

Virtual space:
  Non-class space:       72.00 MB reserved,      66.00 MB ( 92%) committed,  9 nodes.
      Class space:        1.00 GB reserved,      10.62 MB (  1%) committed,  1 nodes.
             Both:        1.07 GB reserved,      76.62 MB (  7%) committed. 

Chunk freelists:
   Non-Class:  1.84 MB
       Class:  1.33 MB
        Both:  3.17 MB

MaxMetaspaceSize: unlimited
CompressedClassSpaceSize: 1.00 GB
Initial GC threshold: 21.00 MB
Current GC threshold: 83.44 MB
CDS: off
MetaspaceReclaimPolicy: balanced
 - commit_granule_bytes: 65536.
 - commit_granule_words: 8192.
 - virtual_space_node_default_size: 1048576.
 - enlarge_chunks_in_place: 1.
 - new_chunks_are_fully_committed: 0.
 - uncommit_free_chunks: 1.
 - use_allocation_guard: 0.
 - handle_deallocations: 1.


Internal statistics:

num_allocs_failed_limit: 3.
num_arena_births: 746.
num_arena_deaths: 0.
num_vsnodes_births: 10.
num_vsnodes_deaths: 0.
num_space_committed: 1226.
num_space_uncommitted: 0.
num_chunks_returned_to_freelist: 3.
num_chunks_taken_from_freelist: 3491.
num_chunk_merges: 3.
num_chunk_splits: 2317.
num_chunks_enlarged: 1566.
num_purges: 0.
num_inconsistent_stats: 0.

CodeHeap 'non-profiled nmethods': size=120000Kb used=4567Kb max_used=4567Kb free=115432Kb
 bounds [0x0000029952480000, 0x0000029952900000, 0x00000299599b0000]
CodeHeap 'profiled nmethods': size=120000Kb used=14110Kb max_used=14110Kb free=105889Kb
 bounds [0x000002994a9b0000, 0x000002994b780000, 0x0000029951ee0000]
CodeHeap 'non-nmethods': size=5760Kb used=2429Kb max_used=2478Kb free=3330Kb
 bounds [0x0000029951ee0000, 0x0000029952160000, 0x0000029952480000]
 total_blobs=8056 nmethods=7160 adapters=806
 compilation: enabled
              stopped_count=0, restarted_count=0
 full_count=0

Compilation events (20 events):
Event: 6.820 Thread 0x0000029961c38df0 7890       3       org.gradle.internal.resources.AbstractResourceLockRegistry::detailsForCurrentThread (54 bytes)
Event: 6.820 Thread 0x0000029961c38df0 nmethod 7890 0x000002994b776590 code [0x000002994b7767c0, 0x000002994b7770f8]
Event: 6.825 Thread 0x0000029961c38df0 7891       3       org.gradle.internal.serialize.kryo.KryoBackedEncoder::writeSmallInt (11 bytes)
Event: 6.825 Thread 0x0000029961c38df0 nmethod 7891 0x000002994b777410 code [0x000002994b7775c0, 0x000002994b777788]
Event: 6.837 Thread 0x00000299636d1440 nmethod 7763 0x00000299528ee290 code [0x00000299528ee5c0, 0x00000299528f1ae8]
Event: 6.837 Thread 0x00000299636d1440 7854       4       java.util.Arrays$ArrayItr::next (36 bytes)
Event: 6.837 Thread 0x00000299636d1440 nmethod 7854 0x00000299528f3210 code [0x00000299528f3380, 0x00000299528f3458]
Event: 6.837 Thread 0x00000299636d1440 7764       4       com.esotericsoftware.kryo.io.Output::writeInt (81 bytes)
Event: 6.841 Thread 0x00000299636d1440 nmethod 7764 0x00000299528f3510 code [0x00000299528f36a0, 0x00000299528f3cc8]
Event: 6.841 Thread 0x00000299636d1440 7817       4       com.esotericsoftware.kryo.io.Input::readInt (6 bytes)
Event: 6.844 Thread 0x00000299636d1440 nmethod 7817 0x00000299528f3f10 code [0x00000299528f40c0, 0x00000299528f45c8]
Event: 6.844 Thread 0x00000299636d1440 7773       4       org.gradle.internal.serialize.kryo.StringDeduplicatingKryoBackedEncoder::writeString (20 bytes)
Event: 6.845 Thread 0x00000299636d1440 nmethod 7773 0x00000299528f4990 code [0x00000299528f4b20, 0x00000299528f4be8]
Event: 6.845 Thread 0x00000299636d1440 7774       4       com.google.common.base.Objects::hashCode (5 bytes)
Event: 6.846 Thread 0x00000299636d1440 nmethod 7774 0x00000299528f4d10 code [0x00000299528f4ea0, 0x00000299528f4ff8]
Event: 6.846 Thread 0x00000299636d1440 7862       4       org.gradle.internal.Actions$NullAction::execute (1 bytes)
Event: 6.846 Thread 0x00000299636d1440 nmethod 7862 0x00000299528f5110 code [0x00000299528f5280, 0x00000299528f52f8]
Event: 6.846 Thread 0x00000299636d1440 7879       4       java.util.jar.Attributes::getValue (9 bytes)
Event: 6.849 Thread 0x00000299636d1440 nmethod 7879 0x00000299528f5410 code [0x00000299528f55c0, 0x00000299528f5968]
Event: 6.849 Thread 0x00000299636d1440 7892       4       java.net.URL::equals (27 bytes)

GC Heap History (20 events):
Event: 3.166 GC heap before
{Heap before GC invocations=14 (full 0):
 garbage-first heap   total 106496K, used 68012K [0x0000000080000000, 0x0000000100000000)
  region size 1024K, 17 young (17408K), 3 survivors (3072K)
 Metaspace       used 42136K, committed 42560K, reserved 1089536K
  class space    used 5624K, committed 5824K, reserved 1048576K
}
Event: 3.169 GC heap after
{Heap after GC invocations=15 (full 0):
 garbage-first heap   total 106496K, used 56777K [0x0000000080000000, 0x0000000100000000)
  region size 1024K, 2 young (2048K), 2 survivors (2048K)
 Metaspace       used 42136K, committed 42560K, reserved 1089536K
  class space    used 5624K, committed 5824K, reserved 1048576K
}
Event: 3.520 GC heap before
{Heap before GC invocations=16 (full 0):
 garbage-first heap   total 106496K, used 87497K [0x0000000080000000, 0x0000000100000000)
  region size 1024K, 30 young (30720K), 2 survivors (2048K)
 Metaspace       used 46501K, committed 46912K, reserved 1089536K
  class space    used 6186K, committed 6400K, reserved 1048576K
}
Event: 3.523 GC heap after
{Heap after GC invocations=17 (full 0):
 garbage-first heap   total 106496K, used 58242K [0x0000000080000000, 0x0000000100000000)
  region size 1024K, 4 young (4096K), 4 survivors (4096K)
 Metaspace       used 46501K, committed 46912K, reserved 1089536K
  class space    used 6186K, committed 6400K, reserved 1048576K
}
Event: 3.562 GC heap before
{Heap before GC invocations=17 (full 0):
 garbage-first heap   total 106496K, used 60290K [0x0000000080000000, 0x0000000100000000)
  region size 1024K, 7 young (7168K), 4 survivors (4096K)
 Metaspace       used 46569K, committed 47040K, reserved 1097728K
  class space    used 6193K, committed 6400K, reserved 1048576K
}
Event: 3.566 GC heap after
{Heap after GC invocations=18 (full 0):
 garbage-first heap   total 106496K, used 59403K [0x0000000080000000, 0x0000000100000000)
  region size 1024K, 4 young (4096K), 4 survivors (4096K)
 Metaspace       used 46569K, committed 47040K, reserved 1097728K
  class space    used 6193K, committed 6400K, reserved 1048576K
}
Event: 3.837 GC heap before
{Heap before GC invocations=19 (full 0):
 garbage-first heap   total 114688K, used 89099K [0x0000000080000000, 0x0000000100000000)
  region size 1024K, 27 young (27648K), 4 survivors (4096K)
 Metaspace       used 49091K, committed 49536K, reserved 1097728K
  class space    used 6423K, committed 6592K, reserved 1048576K
}
Event: 3.840 GC heap after
{Heap after GC invocations=20 (full 0):
 garbage-first heap   total 114688K, used 68527K [0x0000000080000000, 0x0000000100000000)
  region size 1024K, 4 young (4096K), 4 survivors (4096K)
 Metaspace       used 49091K, committed 49536K, reserved 1097728K
  class space    used 6423K, committed 6592K, reserved 1048576K
}
Event: 3.848 GC heap before
{Heap before GC invocations=20 (full 0):
 garbage-first heap   total 114688K, used 69551K [0x0000000080000000, 0x0000000100000000)
  region size 1024K, 5 young (5120K), 4 survivors (4096K)
 Metaspace       used 49099K, committed 49536K, reserved 1097728K
  class space    used 6424K, committed 6592K, reserved 1048576K
}
Event: 3.852 GC heap after
{Heap after GC invocations=21 (full 0):
 garbage-first heap   total 114688K, used 69031K [0x0000000080000000, 0x0000000100000000)
  region size 1024K, 1 young (1024K), 1 survivors (1024K)
 Metaspace       used 49099K, committed 49536K, reserved 1097728K
  class space    used 6424K, committed 6592K, reserved 1048576K
}
Event: 4.035 GC heap before
{Heap before GC invocations=21 (full 0):
 garbage-first heap   total 114688K, used 91559K [0x0000000080000000, 0x0000000100000000)
  region size 1024K, 23 young (23552K), 1 survivors (1024K)
 Metaspace       used 50645K, committed 51136K, reserved 1097728K
  class space    used 6687K, committed 6912K, reserved 1048576K
}
Event: 4.037 GC heap after
{Heap after GC invocations=22 (full 0):
 garbage-first heap   total 114688K, used 70941K [0x0000000080000000, 0x0000000100000000)
  region size 1024K, 3 young (3072K), 3 survivors (3072K)
 Metaspace       used 50645K, committed 51136K, reserved 1097728K
  class space    used 6687K, committed 6912K, reserved 1048576K
}
Event: 4.286 GC heap before
{Heap before GC invocations=23 (full 0):
 garbage-first heap   total 126976K, used 92445K [0x0000000080000000, 0x0000000100000000)
  region size 1024K, 24 young (24576K), 3 survivors (3072K)
 Metaspace       used 52997K, committed 53504K, reserved 1097728K
  class space    used 7094K, committed 7296K, reserved 1048576K
}
Event: 4.289 GC heap after
{Heap after GC invocations=24 (full 0):
 garbage-first heap   total 126976K, used 72536K [0x0000000080000000, 0x0000000100000000)
  region size 1024K, 2 young (2048K), 2 survivors (2048K)
 Metaspace       used 52997K, committed 53504K, reserved 1097728K
  class space    used 7094K, committed 7296K, reserved 1048576K
}
Event: 4.338 GC heap before
{Heap before GC invocations=24 (full 0):
 garbage-first heap   total 126976K, used 75608K [0x0000000080000000, 0x0000000100000000)
  region size 1024K, 6 young (6144K), 2 survivors (2048K)
 Metaspace       used 53568K, committed 54016K, reserved 1097728K
  class space    used 7176K, committed 7360K, reserved 1048576K
}
Event: 4.340 GC heap after
{Heap after GC invocations=25 (full 0):
 garbage-first heap   total 253952K, used 72382K [0x0000000080000000, 0x0000000100000000)
  region size 1024K, 1 young (1024K), 1 survivors (1024K)
 Metaspace       used 53568K, committed 54016K, reserved 1097728K
  class space    used 7176K, committed 7360K, reserved 1048576K
}
Event: 5.135 GC heap before
{Heap before GC invocations=25 (full 0):
 garbage-first heap   total 253952K, used 172734K [0x0000000080000000, 0x0000000100000000)
  region size 1024K, 96 young (98304K), 1 survivors (1024K)
 Metaspace       used 60542K, committed 61120K, reserved 1105920K
  class space    used 8044K, committed 8256K, reserved 1048576K
}
Event: 5.139 GC heap after
{Heap after GC invocations=26 (full 0):
 garbage-first heap   total 253952K, used 85133K [0x0000000080000000, 0x0000000100000000)
  region size 1024K, 10 young (10240K), 10 survivors (10240K)
 Metaspace       used 60542K, committed 61120K, reserved 1105920K
  class space    used 8044K, committed 8256K, reserved 1048576K
}
Event: 6.032 GC heap before
{Heap before GC invocations=26 (full 0):
 garbage-first heap   total 253952K, used 189581K [0x0000000080000000, 0x0000000100000000)
  region size 1024K, 106 young (108544K), 10 survivors (10240K)
 Metaspace       used 69494K, committed 70144K, reserved 1114112K
  class space    used 9239K, committed 9536K, reserved 1048576K
}
Event: 6.039 GC heap after
{Heap after GC invocations=27 (full 0):
 garbage-first heap   total 253952K, used 92935K [0x0000000080000000, 0x0000000100000000)
  region size 1024K, 9 young (9216K), 9 survivors (9216K)
 Metaspace       used 69494K, committed 70144K, reserved 1114112K
  class space    used 9239K, committed 9536K, reserved 1048576K
}

Dll operation events (2 events):
Event: 0.005 Loaded shared library C:\Program Files\Android\Android Studio\jbr\bin\java.dll
Event: 0.351 Loaded shared library C:\Program Files\Android\Android Studio\jbr\bin\verify.dll

Deoptimization events (20 events):
Event: 6.780 Thread 0x0000029962eb6cb0 Uncommon trap: trap_request=0xffffff45 fr.pc=0x000002995268af88 relative=0x0000000000000728
Event: 6.780 Thread 0x0000029962eb6cb0 Uncommon trap: reason=unstable_if action=reinterpret pc=0x000002995268af88 method=org.gradle.util.internal.SimpleMapInterner.intern(Ljava/lang/String;)Ljava/lang/String; @ 1 c2
Event: 6.780 Thread 0x0000029962eb6cb0 DEOPT PACKING pc=0x000002995268af88 sp=0x000000c4503f8740
Event: 6.780 Thread 0x0000029962eb6cb0 DEOPT UNPACKING pc=0x0000029951f369a3 sp=0x000000c4503f8708 mode 2
Event: 6.816 Thread 0x0000029962eb6cb0 Uncommon trap: trap_request=0xffffff45 fr.pc=0x00000299525aefc4 relative=0x0000000000000804
Event: 6.816 Thread 0x0000029962eb6cb0 Uncommon trap: reason=unstable_if action=reinterpret pc=0x00000299525aefc4 method=java.lang.Integer.stringSize(I)I @ 3 c2
Event: 6.816 Thread 0x0000029962eb6cb0 DEOPT PACKING pc=0x00000299525aefc4 sp=0x000000c4503fc8e0
Event: 6.816 Thread 0x0000029962eb6cb0 DEOPT UNPACKING pc=0x0000029951f369a3 sp=0x000000c4503fc830 mode 2
Event: 6.816 Thread 0x0000029962eb6cb0 Uncommon trap: trap_request=0xffffff45 fr.pc=0x00000299525b0244 relative=0x00000000000002a4
Event: 6.816 Thread 0x0000029962eb6cb0 Uncommon trap: reason=unstable_if action=reinterpret pc=0x00000299525b0244 method=java.lang.Integer.getChars(II[B)I @ 4 c2
Event: 6.816 Thread 0x0000029962eb6cb0 DEOPT PACKING pc=0x00000299525b0244 sp=0x000000c4503fc880
Event: 6.816 Thread 0x0000029962eb6cb0 DEOPT UNPACKING pc=0x0000029951f369a3 sp=0x000000c4503fc810 mode 2
Event: 6.819 Thread 0x0000029962eb6cb0 Uncommon trap: trap_request=0xffffff45 fr.pc=0x00000299525afa40 relative=0x00000000000000c0
Event: 6.819 Thread 0x0000029962eb6cb0 Uncommon trap: reason=unstable_if action=reinterpret pc=0x00000299525afa40 method=java.lang.Integer.stringSize(I)I @ 3 c2
Event: 6.819 Thread 0x0000029962eb6cb0 DEOPT PACKING pc=0x00000299525afa40 sp=0x000000c4503fc7f0
Event: 6.819 Thread 0x0000029962eb6cb0 DEOPT UNPACKING pc=0x0000029951f369a3 sp=0x000000c4503fc778 mode 2
Event: 6.823 Thread 0x0000029962eb6cb0 Uncommon trap: trap_request=0xffffff45 fr.pc=0x00000299525b8084 relative=0x0000000000000664
Event: 6.823 Thread 0x0000029962eb6cb0 Uncommon trap: reason=unstable_if action=reinterpret pc=0x00000299525b8084 method=jdk.internal.org.objectweb.asm.Frame.getAbstractTypeFromDescriptor(Ljdk/internal/org/objectweb/asm/SymbolTable;Ljava/lang/String;I)I @ 189 c2
Event: 6.823 Thread 0x0000029962eb6cb0 DEOPT PACKING pc=0x00000299525b8084 sp=0x000000c4503fbf40
Event: 6.823 Thread 0x0000029962eb6cb0 DEOPT UNPACKING pc=0x0000029951f369a3 sp=0x000000c4503fbf00 mode 2

Classes unloaded (0 events):
No events

Classes redefined (0 events):
No events

Internal exceptions (20 events):
Event: 6.095 Thread 0x0000029962eb6cb0 Exception <a 'java/lang/ClassNotFoundException'{0x000000008eb3b560}: build_5lv7fahwyiyox2ea751kber5j$_run_closure1BeanInfo> (0x000000008eb3b560) 
thrown [s\src\hotspot\share\classfile\systemDictionary.cpp, line 256]
Event: 6.095 Thread 0x0000029962eb6cb0 Exception <a 'java/lang/ClassNotFoundException'{0x000000008eb461c0}: build_5lv7fahwyiyox2ea751kber5j$_run_closure1Customizer> (0x000000008eb461c0) 
thrown [s\src\hotspot\share\classfile\systemDictionary.cpp, line 256]
Event: 6.097 Thread 0x0000029962eb6cb0 Exception <a 'java/lang/ClassNotFoundException'{0x000000008eb829f0}: org/gradle/api/JavaVersionBeanInfo> (0x000000008eb829f0) 
thrown [s\src\hotspot\share\classfile\systemDictionary.cpp, line 256]
Event: 6.098 Thread 0x0000029962eb6cb0 Exception <a 'java/lang/ClassNotFoundException'{0x000000008eb98058}: org/gradle/api/JavaVersionCustomizer> (0x000000008eb98058) 
thrown [s\src\hotspot\share\classfile\systemDictionary.cpp, line 256]
Event: 6.099 Thread 0x0000029962eb6cb0 Exception <a 'java/lang/ClassNotFoundException'{0x000000008ebdb958}: com/android/build/gradle/internal/CompileOptions$AgpDecorated_DecoratedBeanInfo> (0x000000008ebdb958) 
thrown [s\src\hotspot\share\classfile\systemDictionary.cpp, line 256]
Event: 6.100 Thread 0x0000029962eb6cb0 Exception <a 'java/lang/ClassNotFoundException'{0x000000008ebe7fc8}: com/android/build/gradle/internal/CompileOptions$AgpDecoratedBeanInfo> (0x000000008ebe7fc8) 
thrown [s\src\hotspot\share\classfile\systemDictionary.cpp, line 256]
Event: 6.100 Thread 0x0000029962eb6cb0 Exception <a 'java/lang/ClassNotFoundException'{0x000000008ebf4cc8}: com/android/build/gradle/internal/CompileOptionsBeanInfo> (0x000000008ebf4cc8) 
thrown [s\src\hotspot\share\classfile\systemDictionary.cpp, line 256]
Event: 6.101 Thread 0x0000029962eb6cb0 Exception <a 'java/lang/ClassNotFoundException'{0x000000008ea019f8}: com/android/build/gradle/internal/CompileOptionsCustomizer> (0x000000008ea019f8) 
thrown [s\src\hotspot\share\classfile\systemDictionary.cpp, line 256]
Event: 6.101 Thread 0x0000029962eb6cb0 Exception <a 'java/lang/ClassNotFoundException'{0x000000008ea192e8}: com/android/build/gradle/internal/CompileOptions$AgpDecoratedCustomizer> (0x000000008ea192e8) 
thrown [s\src\hotspot\share\classfile\systemDictionary.cpp, line 256]
Event: 6.102 Thread 0x0000029962eb6cb0 Exception <a 'java/lang/ClassNotFoundException'{0x000000008ea29058}: com/android/build/gradle/internal/CompileOptions$AgpDecorated_DecoratedCustomizer> (0x000000008ea29058) 
thrown [s\src\hotspot\share\classfile\systemDictionary.cpp, line 256]
Event: 6.543 Thread 0x0000029962eb6cb0 Exception <a 'java/lang/NoSuchMethodError'{0x000000008c0acc90}: 'int java.lang.invoke.DirectMethodHandle$Holder.invokeSpecialIFC(java.lang.Object, java.lang.Object, java.lang.Object, java.lang.Object, java.lang.Object)'> (0x000000008c0acc90) 
thrown [s\src\hotspot\share\interpreter\linkResolver.cpp, line 771]
Event: 6.690 Thread 0x0000029962eb6cb0 Exception <a 'java/lang/ClassNotFoundException'{0x000000008b3ce790}: com/android/build/gradle/internal/api/ApkVariantOutputImpl_DecoratedBeanInfo> (0x000000008b3ce790) 
thrown [s\src\hotspot\share\classfile\systemDictionary.cpp, line 256]
Event: 6.690 Thread 0x0000029962eb6cb0 Exception <a 'java/lang/ClassNotFoundException'{0x000000008b3db5c8}: com/android/build/gradle/internal/api/ApkVariantOutputImplBeanInfo> (0x000000008b3db5c8) 
thrown [s\src\hotspot\share\classfile\systemDictionary.cpp, line 256]
Event: 6.690 Thread 0x0000029962eb6cb0 Exception <a 'java/lang/ClassNotFoundException'{0x000000008b3e8410}: com/android/build/gradle/internal/api/BaseVariantOutputImplBeanInfo> (0x000000008b3e8410) 
thrown [s\src\hotspot\share\classfile\systemDictionary.cpp, line 256]
Event: 6.691 Thread 0x0000029962eb6cb0 Exception <a 'java/lang/ClassNotFoundException'{0x000000008b3f5230}: com/android/build/gradle/internal/api/BaseVariantOutputImplCustomizer> (0x000000008b3f5230) 
thrown [s\src\hotspot\share\classfile\systemDictionary.cpp, line 256]
Event: 6.691 Thread 0x0000029962eb6cb0 Exception <a 'java/lang/ClassNotFoundException'{0x000000008b215458}: com/android/build/gradle/internal/api/ApkVariantOutputImplCustomizer> (0x000000008b215458) 
thrown [s\src\hotspot\share\classfile\systemDictionary.cpp, line 256]
Event: 6.692 Thread 0x0000029962eb6cb0 Exception <a 'java/lang/ClassNotFoundException'{0x000000008b230148}: com/android/build/gradle/internal/api/ApkVariantOutputImpl_DecoratedCustomizer> (0x000000008b230148) 
thrown [s\src\hotspot\share\classfile\systemDictionary.cpp, line 256]
Event: 6.697 Thread 0x0000029962eb6cb0 Exception <a 'java/lang/NoClassDefFoundError'{0x000000008b115d88}: org/jetbrains/kotlin/gradle/plugin/KotlinBasePluginWrapper> (0x000000008b115d88) 
thrown [s\src\hotspot\share\classfile\systemDictionary.cpp, line 245]
Event: 6.780 Thread 0x0000029962eb6cb0 Implicit null exception at 0x000002995268e60f to 0x000002995268ed58
Event: 6.780 Thread 0x0000029962eb6cb0 Implicit null exception at 0x000002995268a894 to 0x000002995268af70

VM Operations (20 events):
Event: 5.135 Executing VM operation: G1CollectForAllocation
Event: 5.139 Executing VM operation: G1CollectForAllocation done
Event: 5.454 Executing VM operation: HandshakeAllThreads
Event: 5.454 Executing VM operation: HandshakeAllThreads done
Event: 5.658 Executing VM operation: ICBufferFull
Event: 5.658 Executing VM operation: ICBufferFull done
Event: 5.940 Executing VM operation: ICBufferFull
Event: 5.940 Executing VM operation: ICBufferFull done
Event: 6.032 Executing VM operation: G1CollectForAllocation
Event: 6.039 Executing VM operation: G1CollectForAllocation done
Event: 6.121 Executing VM operation: HandshakeAllThreads
Event: 6.121 Executing VM operation: HandshakeAllThreads done
Event: 6.313 Executing VM operation: HandshakeAllThreads
Event: 6.314 Executing VM operation: HandshakeAllThreads done
Event: 6.319 Executing VM operation: ICBufferFull
Event: 6.319 Executing VM operation: ICBufferFull done
Event: 6.652 Executing VM operation: ICBufferFull
Event: 6.652 Executing VM operation: ICBufferFull done
Event: 6.810 Executing VM operation: ICBufferFull
Event: 6.810 Executing VM operation: ICBufferFull done

Events (20 events):
Event: 5.519 loading class sun/security/util/ManifestEntryVerifier$SunProviderHolder done
Event: 5.585 loading class java/security/KeyStore$ProtectionParameter
Event: 5.585 loading class java/security/KeyStore$ProtectionParameter done
Event: 5.786 loading class java/security/KeyStore
Event: 5.787 loading class java/security/KeyStore done
Event: 5.787 loading class java/security/KeyStore$1
Event: 5.787 loading class java/security/KeyStore$1 done
Event: 5.865 loading class javax/xml/stream/XMLStreamException
Event: 5.865 loading class javax/xml/stream/XMLStreamException done
Event: 5.876 loading class sun/reflect/annotation/AnnotationInvocationHandler$1
Event: 5.876 loading class sun/reflect/annotation/AnnotationInvocationHandler$1 done
Event: 6.025 loading class java/beans/IntrospectionException
Event: 6.025 loading class java/beans/IntrospectionException done
Event: 6.268 loading class sun/reflect/generics/repository/FieldRepository
Event: 6.269 loading class sun/reflect/generics/repository/FieldRepository done
Event: 6.309 loading class java/util/regex/Pattern$Caret
Event: 6.309 loading class java/util/regex/Pattern$Caret done
Event: 6.314 Thread 0x0000029961c44540 flushing nmethod 0x000002995264b290
Event: 6.821 loading class java/io/NotSerializableException
Event: 6.821 loading class java/io/NotSerializableException done


Dynamic libraries:
0x00007ff62f250000 - 0x00007ff62f25a000 	C:\Program Files\Android\Android Studio\jbr\bin\java.exe
0x00007ffa2d790000 - 0x00007ffa2d9a7000 	C:\WINDOWS\SYSTEM32\ntdll.dll
0x00007ffa2c990000 - 0x00007ffa2ca54000 	C:\WINDOWS\System32\KERNEL32.DLL
0x00007ffa2ade0000 - 0x00007ffa2b18d000 	C:\WINDOWS\System32\KERNELBASE.dll
0x00007ffa2acc0000 - 0x00007ffa2add1000 	C:\WINDOWS\System32\ucrtbase.dll
0x00007ffa21bb0000 - 0x00007ffa21bc7000 	C:\Program Files\Android\Android Studio\jbr\bin\jli.dll
0x00007ffa15a60000 - 0x00007ffa15a7b000 	C:\Program Files\Android\Android Studio\jbr\bin\VCRUNTIME140.dll
0x00007ffa2d2c0000 - 0x00007ffa2d46e000 	C:\WINDOWS\System32\USER32.dll
0x00007ffa2b200000 - 0x00007ffa2b226000 	C:\WINDOWS\System32\win32u.dll
0x00007ffa19e20000 - 0x00007ffa1a0b3000 	C:\WINDOWS\WinSxS\amd64_microsoft.windows.common-controls_6595b64144ccf1df_6.0.22621.3672_none_2713b9d173822955\COMCTL32.dll
0x00007ffa2b6f0000 - 0x00007ffa2b719000 	C:\WINDOWS\System32\GDI32.dll
0x00007ffa2d210000 - 0x00007ffa2d2b7000 	C:\WINDOWS\System32\msvcrt.dll
0x00007ffa2b3a0000 - 0x00007ffa2b4b9000 	C:\WINDOWS\System32\gdi32full.dll
0x00007ffa2aab0000 - 0x00007ffa2ab4a000 	C:\WINDOWS\System32\msvcp_win.dll
0x00007ffa2b720000 - 0x00007ffa2b751000 	C:\WINDOWS\System32\IMM32.DLL
0x00007ffa17cd0000 - 0x00007ffa17cdc000 	C:\Program Files\Android\Android Studio\jbr\bin\vcruntime140_1.dll
0x00007ffa05d70000 - 0x00007ffa05dfd000 	C:\Program Files\Android\Android Studio\jbr\bin\msvcp140.dll
0x00007ff9b4870000 - 0x00007ff9b54de000 	C:\Program Files\Android\Android Studio\jbr\bin\server\jvm.dll
0x00007ffa2d630000 - 0x00007ffa2d6e2000 	C:\WINDOWS\System32\ADVAPI32.dll
0x00007ffa2c770000 - 0x00007ffa2c819000 	C:\WINDOWS\System32\sechost.dll
0x00007ffa2ac90000 - 0x00007ffa2acb8000 	C:\WINDOWS\System32\bcrypt.dll
0x00007ffa2ccf0000 - 0x00007ffa2ce04000 	C:\WINDOWS\System32\RPCRT4.dll
0x00007ffa20890000 - 0x00007ffa208c4000 	C:\WINDOWS\SYSTEM32\WINMM.dll
0x00007ffa084f0000 - 0x00007ffa084f9000 	C:\WINDOWS\SYSTEM32\WSOCK32.dll
0x00007ffa23e60000 - 0x00007ffa23e6a000 	C:\WINDOWS\SYSTEM32\VERSION.dll
0x00007ffa2cc10000 - 0x00007ffa2cc81000 	C:\WINDOWS\System32\WS2_32.dll
0x00007ffa29bb0000 - 0x00007ffa29bc8000 	C:\WINDOWS\SYSTEM32\kernel.appcore.dll
0x00007ffa25930000 - 0x00007ffa2593a000 	C:\Program Files\Android\Android Studio\jbr\bin\jimage.dll
0x00007ffa28610000 - 0x00007ffa28842000 	C:\WINDOWS\SYSTEM32\DBGHELP.DLL
0x00007ffa2ce20000 - 0x00007ffa2d1ae000 	C:\WINDOWS\System32\combase.dll
0x00007ffa2c560000 - 0x00007ffa2c637000 	C:\WINDOWS\System32\OLEAUT32.dll
0x00007ff9fead0000 - 0x00007ff9feb02000 	C:\WINDOWS\SYSTEM32\dbgcore.DLL
0x00007ffa2ac10000 - 0x00007ffa2ac8b000 	C:\WINDOWS\System32\bcryptPrimitives.dll
0x00007ffa22880000 - 0x00007ffa228a5000 	C:\Program Files\Android\Android Studio\jbr\bin\java.dll
0x00007ffa23b50000 - 0x00007ffa23b68000 	C:\Program Files\Android\Android Studio\jbr\bin\zip.dll
0x00007ffa2bcf0000 - 0x00007ffa2c557000 	C:\WINDOWS\System32\SHELL32.dll
0x00007ffa289b0000 - 0x00007ffa292af000 	C:\WINDOWS\SYSTEM32\windows.storage.dll
0x00007ffa28870000 - 0x00007ffa289af000 	C:\WINDOWS\SYSTEM32\wintypes.dll
0x00007ffa2c650000 - 0x00007ffa2c749000 	C:\WINDOWS\System32\SHCORE.dll
0x00007ffa2d1b0000 - 0x00007ffa2d20e000 	C:\WINDOWS\System32\shlwapi.dll
0x00007ffa2a9e0000 - 0x00007ffa2aa07000 	C:\WINDOWS\SYSTEM32\profapi.dll
0x00007ffa21e50000 - 0x00007ffa21e69000 	C:\Program Files\Android\Android Studio\jbr\bin\net.dll
0x00007ffa26520000 - 0x00007ffa26656000 	C:\WINDOWS\SYSTEM32\WINHTTP.dll
0x00007ffa2a020000 - 0x00007ffa2a089000 	C:\WINDOWS\system32\mswsock.dll
0x00007ffa21e30000 - 0x00007ffa21e46000 	C:\Program Files\Android\Android Studio\jbr\bin\nio.dll
0x00007ffa228f0000 - 0x00007ffa22900000 	C:\Program Files\Android\Android Studio\jbr\bin\verify.dll
0x00007ffa259f0000 - 0x00007ffa25a17000 	C:\Users\scher\.gradle\native\68d5fa5c4cc2d200863cafc0d521ce42e7d3e7ee720ec0a83991735586a16f82\windows-amd64\native-platform.dll
0x00007ffa05c20000 - 0x00007ffa05d64000 	C:\Users\scher\.gradle\native\e376f236ea51e6404a007f0833ffe2c6e607c4080706a723a18a27aeea778392\windows-amd64\native-platform-file-events.dll
0x00007ffa180f0000 - 0x00007ffa180f9000 	C:\Program Files\Android\Android Studio\jbr\bin\management.dll
0x00007ffa180e0000 - 0x00007ffa180eb000 	C:\Program Files\Android\Android Studio\jbr\bin\management_ext.dll
0x00007ffa2c820000 - 0x00007ffa2c828000 	C:\WINDOWS\System32\PSAPI.DLL
0x00007ffa2a250000 - 0x00007ffa2a26b000 	C:\WINDOWS\SYSTEM32\CRYPTSP.dll
0x00007ffa29b10000 - 0x00007ffa29b45000 	C:\WINDOWS\system32\rsaenh.dll
0x00007ffa2a0e0000 - 0x00007ffa2a108000 	C:\WINDOWS\SYSTEM32\USERENV.dll
0x00007ffa2a240000 - 0x00007ffa2a24c000 	C:\WINDOWS\SYSTEM32\CRYPTBASE.dll
0x00007ffa29550000 - 0x00007ffa2957d000 	C:\WINDOWS\SYSTEM32\IPHLPAPI.DLL
0x00007ffa2c640000 - 0x00007ffa2c649000 	C:\WINDOWS\System32\NSI.dll
0x00007ffa26500000 - 0x00007ffa26519000 	C:\WINDOWS\SYSTEM32\dhcpcsvc6.DLL
0x00007ffa26440000 - 0x00007ffa2645f000 	C:\WINDOWS\SYSTEM32\dhcpcsvc.DLL
0x00007ffa295d0000 - 0x00007ffa296c8000 	C:\WINDOWS\SYSTEM32\DNSAPI.dll
0x00007ffa23e90000 - 0x00007ffa23e98000 	C:\WINDOWS\system32\wshunix.dll

dbghelp: loaded successfully - version: 4.0.5 - missing functions: none
symbol engine: initialized successfully - sym options: 0x614 - pdb path: .;C:\Program Files\Android\Android Studio\jbr\bin;C:\WINDOWS\SYSTEM32;C:\WINDOWS\WinSxS\amd64_microsoft.windows.common-controls_6595b64144ccf1df_6.0.22621.3672_none_2713b9d173822955;C:\Program Files\Android\Android Studio\jbr\bin\server;C:\Users\scher\.gradle\native\68d5fa5c4cc2d200863cafc0d521ce42e7d3e7ee720ec0a83991735586a16f82\windows-amd64;C:\Users\scher\.gradle\native\e376f236ea51e6404a007f0833ffe2c6e607c4080706a723a18a27aeea778392\windows-amd64

VM Arguments:
jvm_args: --add-opens=java.base/java.util=ALL-UNNAMED --add-opens=java.base/java.lang=ALL-UNNAMED --add-opens=java.base/java.lang.invoke=ALL-UNNAMED --add-opens=java.prefs/java.util.prefs=ALL-UNNAMED --add-opens=java.base/java.nio.charset=ALL-UNNAMED --add-opens=java.base/java.net=ALL-UNNAMED --add-opens=java.base/java.util.concurrent.atomic=ALL-UNNAMED -Xmx2048m -Dfile.encoding=UTF-8 -Duser.country=BR -Duser.language=pt -Duser.variant 
java_command: org.gradle.launcher.daemon.bootstrap.GradleDaemon 8.0
java_class_path (initial): C:\Users\scher\.gradle\wrapper\dists\gradle-8.0-bin\ca5e32bp14vu59qr306oxotwh\gradle-8.0\lib\gradle-launcher-8.0.jar
Launcher Type: SUN_STANDARD

[Global flags]
     intx CICompilerCount                          = 4                                         {product} {ergonomic}
     uint ConcGCThreads                            = 2                                         {product} {ergonomic}
     uint G1ConcRefinementThreads                  = 8                                         {product} {ergonomic}
   size_t G1HeapRegionSize                         = 1048576                                   {product} {ergonomic}
    uintx GCDrainStackTargetSize                   = 64                                        {product} {ergonomic}
   size_t InitialHeapSize                          = 134217728                                 {product} {ergonomic}
   size_t MarkStackSize                            = 4194304                                   {product} {ergonomic}
   size_t MaxHeapSize                              = 2147483648                                {product} {command line}
   size_t MaxNewSize                               = 1287651328                                {product} {ergonomic}
   size_t MinHeapDeltaBytes                        = 1048576                                   {product} {ergonomic}
   size_t MinHeapSize                              = 8388608                                   {product} {ergonomic}
    uintx NonNMethodCodeHeapSize                   = 5839372                                {pd product} {ergonomic}
    uintx NonProfiledCodeHeapSize                  = 122909434                              {pd product} {ergonomic}
    uintx ProfiledCodeHeapSize                     = 122909434                              {pd product} {ergonomic}
    uintx ReservedCodeCacheSize                    = 251658240                              {pd product} {ergonomic}
     bool SegmentedCodeCache                       = true                                      {product} {ergonomic}
   size_t SoftMaxHeapSize                          = 2147483648                             {manageable} {ergonomic}
     bool UseCompressedClassPointers               = true                           {product lp64_product} {ergonomic}
     bool UseCompressedOops                        = true                           {product lp64_product} {ergonomic}
     bool UseG1GC                                  = true                                      {product} {ergonomic}
     bool UseLargePagesIndividualAllocation        = false                                  {pd product} {ergonomic}

Logging:
Log output configuration:
 #0: stdout all=warning uptime,level,tags
 #1: stderr all=off uptime,level,tags

Environment Variables:
PATH=C:\Program Files\Common Files\Oracle\Java\javapath;C:\Program Files (x86)\Embarcadero\Studio\22.0\bin;C:\Users\Public\Documents\Embarcadero\Studio\22.0\Bpl;C:\Program Files (x86)\Embarcadero\Studio\22.0\bin64;C:\Users\Public\Documents\Embarcadero\Studio\22.0\Bpl\Win64;C:\Program Files (x86)\Embarcadero\Studio\21.0\bin;C:\Users\Public\Documents\Embarcadero\Studio\21.0\Bpl;C:\Program Files (x86)\Embarcadero\Studio\21.0\bin64;C:\Users\Public\Documents\Embarcadero\Studio\21.0\Bpl\Win64;C:\Windows\system32;C:\Windows;C:\Windows\System32\Wbem;C:\Windows\System32\WindowsPowerShell\v1.0\;C:\Windows\System32\OpenSSH\;C:\Program Files (x86)\NVIDIA Corporation\PhysX\Common;C:\Program Files\NVIDIA Corporation\NVIDIA NvDLISR;C:\WINDOWS\system32;C:\WINDOWS;C:\WINDOWS\System32\Wbem;C:\WINDOWS\System32\WindowsPowerShell\v1.0\;C:\WINDOWS\System32\OpenSSH\;C:\Program Files\dotnet\;C:\Program Files (x86)\Windows Kits\10\Windows Performance Toolkit\;C:\Program Files\Git\cmd;C:\Users\scher\AppData\Local\Microsoft\WindowsApps;;C:\Users\scher\AppData\Local\Programs\Microsoft VS Code\bin
USERNAME=scher
OS=Windows_NT
PROCESSOR_IDENTIFIER=Intel64 Family 6 Model 142 Stepping 12, GenuineIntel
TMP=C:\Users\scher\AppData\Local\Temp
TEMP=C:\Users\scher\AppData\Local\Temp


JNI global refs:
JNI global refs: 26, weak refs: 0

JNI global refs memory usage: 843, weak refs: 841


---------------  S Y S T E M  ---------------

OS:
 Windows 11 , 64 bit Build 22621 (10.0.22621.3958)
OS uptime: 0 days 3:07 hours
Hyper-V role detected

CPU: total 8 (initial active 8) (4 cores per cpu, 2 threads per core) family 6 model 142 stepping 12 microcode 0xea, cx8, cmov, fxsr, ht, mmx, 3dnowpref, sse, sse2, sse3, ssse3, sse4.1, sse4.2, popcnt, lzcnt, tsc, tscinvbit, avx, avx2, aes, erms, clmul, bmi1, bmi2, adx, fma, vzeroupper, clflush, clflushopt, hv

Memory: 4k page, system-wide physical 8072M (449M free)
TotalPageFile size 10120M (AvailPageFile size 7M)
current process WorkingSet (physical memory assigned to process): 469M, peak: 471M
current process commit charge ("private bytes"): 520M, peak: 523M

vm_info: OpenJDK 64-Bit Server VM (17.0.6+0-b2043.56-10027231) for windows-amd64 JRE (17.0.6+0-b2043.56-10027231), built on Apr 28 2023 00:43:19 by "androidbuild" with MS VC++ 16.10 / 16.11 (VS2019)

END.
