#
# There is insufficient memory for the Java Runtime Environment to continue.
# Native memory allocation (malloc) failed to allocate 1459232 bytes for Chunk::new
# Possible reasons:
#   The system is out of physical RAM or swap space
#   The process is running with CompressedOops enabled, and the Java Heap may be blocking the growth of the native heap
# Possible solutions:
#   Reduce memory load on the system
#   Increase physical memory or swap space
#   Check if swap backing store is full
#   Decrease Java heap size (-Xmx/-Xms)
#   Decrease number of Java threads
#   Decrease Java thread stack sizes (-Xss)
#   Set larger code cache with -XX:ReservedCodeCacheSize=
#   JVM is running with Unscaled Compressed Oops mode in which the Java heap is
#     placed in the first 4GB address space. The Java Heap base address is the
#     maximum limit for the native heap growth. Please use -XX:HeapBaseMinAddress
#     to set the Java Heap base and to place the Java Heap above 4GB virtual address.
# This output file may be truncated or incomplete.
#
#  Out of Memory Error (arena.cpp:189), pid=15656, tid=10596
#
# JRE version: OpenJDK Runtime Environment (17.0.6) (build 17.0.6+0-b2043.56-10027231)
# Java VM: OpenJDK 64-Bit Server VM (17.0.6+0-b2043.56-10027231, mixed mode, tiered, compressed oops, compressed class ptrs, g1 gc, windows-amd64)
# No core dump will be written. Minidumps are not enabled by default on client versions of Windows
#

---------------  S U M M A R Y ------------

Command Line: --add-opens=java.base/java.util=ALL-UNNAMED --add-opens=java.base/java.lang=ALL-UNNAMED --add-opens=java.base/java.lang.invoke=ALL-UNNAMED --add-opens=java.prefs/java.util.prefs=ALL-UNNAMED --add-opens=java.base/java.nio.charset=ALL-UNNAMED --add-opens=java.base/java.net=ALL-UNNAMED --add-opens=java.base/java.util.concurrent.atomic=ALL-UNNAMED -Xmx2048m -Dfile.encoding=UTF-8 -Duser.country=BR -Duser.language=pt -Duser.variant org.gradle.launcher.daemon.bootstrap.GradleDaemon 8.0

Host: Intel(R) Core(TM) i7-8565U CPU @ 1.80GHz, 8 cores, 7G,  Windows 11 , 64 bit Build 22621 (10.0.22621.3958)
Time: Wed Aug 28 21:38:11 2024 Hora oficial do Brasil elapsed time: 6.541595 seconds (0d 0h 0m 6s)

---------------  T H R E A D  ---------------

Current thread (0x000002a4c9094030):  JavaThread "C2 CompilerThread2" daemon [_thread_in_native, id=10596, stack(0x000000c3b9c00000,0x000000c3b9d00000)]


Current CompileTask:
C2:   6541 6871       4       java.beans.Introspector::addMethod (196 bytes)

Stack: [0x000000c3b9c00000,0x000000c3b9d00000]
Native frames: (J=compiled Java code, j=interpreted, Vv=VM code, C=native code)
V  [jvm.dll+0x683c9a]
V  [jvm.dll+0x8427a4]
V  [jvm.dll+0x843f9e]
V  [jvm.dll+0x844603]
V  [jvm.dll+0x249b75]
V  [jvm.dll+0xabcac]
V  [jvm.dll+0xac27c]
V  [jvm.dll+0x368857]
V  [jvm.dll+0x1bced2]
V  [jvm.dll+0x21c359]
V  [jvm.dll+0x21b621]
V  [jvm.dll+0x1a4fdd]
V  [jvm.dll+0x22b098]
V  [jvm.dll+0x229159]
V  [jvm.dll+0x7f81ec]
V  [jvm.dll+0x7f274a]
V  [jvm.dll+0x682ad5]
C  [ucrtbase.dll+0x29333]
C  [KERNEL32.DLL+0x1257d]
C  [ntdll.dll+0x5af28]


---------------  P R O C E S S  ---------------

Threads class SMR info:
_java_thread_list=0x000002a4c46e4670, length=127, elements={
0x000002a4a732e770, 0x000002a4c1c41260, 0x000002a4c1c04030, 0x000002a4c1c566b0,
0x000002a4c1c57260, 0x000002a4c1c651a0, 0x000002a4c1c65b50, 0x000002a4c1c66830,
0x000002a4c1c678e0, 0x000002a4c1c76f80, 0x000002a4c1df7560, 0x000002a4c1df9a40,
0x000002a4c4921b60, 0x000002a4c29589b0, 0x000002a4c41e3d80, 0x000002a4c42da430,
0x000002a4c230a6b0, 0x000002a4c1fa55e0, 0x000002a4c1fa5ab0, 0x000002a4c1fa3ca0,
0x000002a4c1fa4170, 0x000002a4c1fa4640, 0x000002a4c1fa3300, 0x000002a4c1fa1fc0,
0x000002a4c4738660, 0x000002a4c1fa37d0, 0x000002a4c1fa4fe0, 0x000002a4c1fa2960,
0x000002a4c1fa1620, 0x000002a4c1fa1af0, 0x000002a4c1fa2490, 0x000002a4c46e9f00,
0x000002a4c46ea3d0, 0x000002a4c46e6a10, 0x000002a4c46e86f0, 0x000002a4c46ecf20,
0x000002a4c46eb240, 0x000002a4c46ec0b0, 0x000002a4c46e9090, 0x000002a4c46eb710,
0x000002a4c46ed8c0, 0x000002a4c46e9560, 0x000002a4c46e6070, 0x000002a4c46eca50,
0x000002a4c46e6ee0, 0x000002a4c46e8bc0, 0x000002a4c46e73b0, 0x000002a4c46e7880,
0x000002a4c46e9a30, 0x000002a4c8a30d70, 0x000002a4c8a32a50, 0x000002a4c8a37c20,
0x000002a4c8a380f0, 0x000002a4c8a31be0, 0x000002a4c8a320b0, 0x000002a4c8a32580,
0x000002a4c8a355a0, 0x000002a4c8a35a70, 0x000002a4c8a350d0, 0x000002a4c8a35f40,
0x000002a4c8a33d90, 0x000002a4c8a31240, 0x000002a4c8a36410, 0x000002a4c8a31710,
0x000002a4c8a32f20, 0x000002a4c8a385c0, 0x000002a4c8a333f0, 0x000002a4c8a34260,
0x000002a4c8a36db0, 0x000002a4c8a34730, 0x000002a4c8a338c0, 0x000002a4c8a368e0,
0x000002a4c8a34c00, 0x000002a4c8a37280, 0x000002a4c8a37750, 0x000002a4c7c41d40,
0x000002a4c7c44d60, 0x000002a4c7c48250, 0x000002a4c7c42210, 0x000002a4c7c473e0,
0x000002a4c7c48720, 0x000002a4c7c45700, 0x000002a4c7c443c0, 0x000002a4c7c48bf0,
0x000002a4c7c45230, 0x000002a4c7c45bd0, 0x000002a4c7c460a0, 0x000002a4c7c46570,
0x000002a4c7c478b0, 0x000002a4c7c426e0, 0x000002a4c7c46f10, 0x000002a4c7c43550,
0x000002a4c7c43a20, 0x000002a4c7c42bb0, 0x000002a4c7c46a40, 0x000002a4c7c47d80,
0x000002a4c7c490c0, 0x000002a4c7c41870, 0x000002a4c7c43080, 0x000002a4c7c43ef0,
0x000002a4c7c44890, 0x000002a4c5921530, 0x000002a4c591e040, 0x000002a4c5921060,
0x000002a4c591fd20, 0x000002a4c591e510, 0x000002a4c59201f0, 0x000002a4c591db70,
0x000002a4c591eeb0, 0x000002a4c591f850, 0x000002a4c591e9e0, 0x000002a4c59206c0,
0x000002a4c591f380, 0x000002a4c5920b90, 0x000002a4c7cdba50, 0x000002a4c7cd98a0,
0x000002a4c7cdb580, 0x000002a4c7cdbf20, 0x000002a4c7cd9d70, 0x000002a4c7cdd260,
0x000002a4c7cdc3f0, 0x000002a4c7cdc8c0, 0x000002a4c7cdabe0, 0x000002a4c7cda240,
0x000002a4c7cda710, 0x000002a4c2249f40, 0x000002a4c9094030
}

Java Threads: ( => current thread )
  0x000002a4a732e770 JavaThread "main" [_thread_blocked, id=11100, stack(0x000000c3b7300000,0x000000c3b7400000)]
  0x000002a4c1c41260 JavaThread "Reference Handler" daemon [_thread_blocked, id=13608, stack(0x000000c3b7a00000,0x000000c3b7b00000)]
  0x000002a4c1c04030 JavaThread "Finalizer" daemon [_thread_blocked, id=15248, stack(0x000000c3b7b00000,0x000000c3b7c00000)]
  0x000002a4c1c566b0 JavaThread "Signal Dispatcher" daemon [_thread_blocked, id=852, stack(0x000000c3b7c00000,0x000000c3b7d00000)]
  0x000002a4c1c57260 JavaThread "Attach Listener" daemon [_thread_blocked, id=11912, stack(0x000000c3b7d00000,0x000000c3b7e00000)]
  0x000002a4c1c651a0 JavaThread "Service Thread" daemon [_thread_blocked, id=16488, stack(0x000000c3b7e00000,0x000000c3b7f00000)]
  0x000002a4c1c65b50 JavaThread "Monitor Deflation Thread" daemon [_thread_blocked, id=272, stack(0x000000c3b7f00000,0x000000c3b8000000)]
  0x000002a4c1c66830 JavaThread "C2 CompilerThread0" daemon [_thread_in_native, id=10616, stack(0x000000c3b8000000,0x000000c3b8100000)]
  0x000002a4c1c678e0 JavaThread "C1 CompilerThread0" daemon [_thread_blocked, id=11112, stack(0x000000c3b8100000,0x000000c3b8200000)]
  0x000002a4c1c76f80 JavaThread "Sweeper thread" daemon [_thread_blocked, id=10764, stack(0x000000c3b8200000,0x000000c3b8300000)]
  0x000002a4c1df7560 JavaThread "Common-Cleaner" daemon [_thread_blocked, id=13444, stack(0x000000c3b8300000,0x000000c3b8400000)]
  0x000002a4c1df9a40 JavaThread "Notification Thread" daemon [_thread_blocked, id=8432, stack(0x000000c3b8400000,0x000000c3b8500000)]
  0x000002a4c4921b60 JavaThread "Daemon health stats" [_thread_blocked, id=8488, stack(0x000000c3b8c00000,0x000000c3b8d00000)]
  0x000002a4c29589b0 JavaThread "Incoming local TCP Connector on port 53058" [_thread_in_native, id=12096, stack(0x000000c3b8d00000,0x000000c3b8e00000)]
  0x000002a4c41e3d80 JavaThread "Daemon periodic checks" [_thread_blocked, id=5132, stack(0x000000c3b8e00000,0x000000c3b8f00000)]
  0x000002a4c42da430 JavaThread "Daemon" [_thread_blocked, id=8056, stack(0x000000c3b8600000,0x000000c3b8700000)]
  0x000002a4c230a6b0 JavaThread "Handler for socket connection from /127.0.0.1:53058 to /127.0.0.1:53059" [_thread_in_native, id=16392, stack(0x000000c3b8b00000,0x000000c3b8c00000)]
  0x000002a4c1fa55e0 JavaThread "Cancel handler" [_thread_blocked, id=16464, stack(0x000000c3b8f00000,0x000000c3b9000000)]
  0x000002a4c1fa5ab0 JavaThread "Daemon worker" [_thread_in_vm, id=7840, stack(0x000000c3b9000000,0x000000c3b9100000)]
  0x000002a4c1fa3ca0 JavaThread "Asynchronous log dispatcher for DefaultDaemonConnection: socket connection from /127.0.0.1:53058 to /127.0.0.1:53059" [_thread_blocked, id=1560, stack(0x000000c3b9100000,0x000000c3b9200000)]
  0x000002a4c1fa4170 JavaThread "Stdin handler" [_thread_blocked, id=13216, stack(0x000000c3b9200000,0x000000c3b9300000)]
  0x000002a4c1fa4640 JavaThread "Daemon client event forwarder" [_thread_blocked, id=10228, stack(0x000000c3b9300000,0x000000c3b9400000)]
  0x000002a4c1fa3300 JavaThread "Cache worker for journal cache (C:\Users\scher\.gradle\caches\journal-1)" [_thread_blocked, id=11128, stack(0x000000c3b9800000,0x000000c3b9900000)]
  0x000002a4c1fa1fc0 JavaThread "File lock request listener" [_thread_in_native, id=580, stack(0x000000c3b9900000,0x000000c3b9a00000)]
  0x000002a4c4738660 JavaThread "C2 CompilerThread1" daemon [_thread_in_native, id=2884, stack(0x000000c3b9a00000,0x000000c3b9b00000)]
  0x000002a4c1fa37d0 JavaThread "Cache worker for file hash cache (C:\Users\scher\.gradle\caches\8.0\fileHashes)" [_thread_blocked, id=15272, stack(0x000000c3b9b00000,0x000000c3b9c00000)]
  0x000002a4c1fa4fe0 JavaThread "File watcher server" daemon [_thread_in_native, id=11060, stack(0x000000c3b9d00000,0x000000c3b9e00000)]
  0x000002a4c1fa2960 JavaThread "File watcher consumer" daemon [_thread_blocked, id=12272, stack(0x000000c3b9e00000,0x000000c3b9f00000)]
  0x000002a4c1fa1620 JavaThread "Cache worker for checksums cache (C:\Users\scher\Documents\PROJETOS ANDROID\RECICLAAI\.gradle\8.0\checksums)" [_thread_blocked, id=13820, stack(0x000000c3b9f00000,0x000000c3ba000000)]
  0x000002a4c1fa1af0 JavaThread "Cache worker for cache directory md-rule (C:\Users\scher\.gradle\caches\8.0\md-rule)" [_thread_blocked, id=8224, stack(0x000000c3ba000000,0x000000c3ba100000)]
  0x000002a4c1fa2490 JavaThread "Cache worker for file content cache (C:\Users\scher\.gradle\caches\8.0\fileContent)" [_thread_blocked, id=15768, stack(0x000000c3ba100000,0x000000c3ba200000)]
  0x000002a4c46e9f00 JavaThread "Cache worker for file hash cache (C:\Users\scher\Documents\PROJETOS ANDROID\RECICLAAI\.gradle\8.0\fileHashes)" [_thread_blocked, id=13804, stack(0x000000c3ba200000,0x000000c3ba300000)]
  0x000002a4c46ea3d0 JavaThread "Cache worker for cache directory md-supplier (C:\Users\scher\.gradle\caches\8.0\md-supplier)" [_thread_blocked, id=6700, stack(0x000000c3ba300000,0x000000c3ba400000)]
  0x000002a4c46e6a10 JavaThread "Cache worker for execution history cache (C:\Users\scher\.gradle\caches\8.0\executionHistory)" [_thread_blocked, id=11744, stack(0x000000c3ba400000,0x000000c3ba500000)]
  0x000002a4c46e86f0 JavaThread "jar transforms" [_thread_blocked, id=3164, stack(0x000000c3ba500000,0x000000c3ba600000)]
  0x000002a4c46ecf20 JavaThread "jar transforms Thread 2" [_thread_blocked, id=17096, stack(0x000000c3ba600000,0x000000c3ba700000)]
  0x000002a4c46eb240 JavaThread "jar transforms Thread 3" [_thread_blocked, id=9600, stack(0x000000c3ba800000,0x000000c3ba900000)]
  0x000002a4c46ec0b0 JavaThread "jar transforms Thread 4" [_thread_blocked, id=6412, stack(0x000000c3ba900000,0x000000c3baa00000)]
  0x000002a4c46e9090 JavaThread "Cache worker for dependencies-accessors (C:\Users\scher\Documents\PROJETOS ANDROID\RECICLAAI\.gradle\8.0\dependencies-accessors)" [_thread_blocked, id=13808, stack(0x000000c3baa00000,0x000000c3bab00000)]
  0x000002a4c46eb710 JavaThread "jar transforms Thread 5" [_thread_blocked, id=1984, stack(0x000000c3bab00000,0x000000c3bac00000)]
  0x000002a4c46ed8c0 JavaThread "Cache worker for Build Output Cleanup Cache (C:\Users\scher\Documents\PROJETOS ANDROID\RECICLAAI\.gradle\buildOutputCleanup)" [_thread_blocked, id=11216, stack(0x000000c3bac00000,0x000000c3bad00000)]
  0x000002a4c46e9560 JavaThread "Unconstrained build operations" [_thread_blocked, id=14892, stack(0x000000c3bad00000,0x000000c3bae00000)]
  0x000002a4c46e6070 JavaThread "Unconstrained build operations Thread 2" [_thread_blocked, id=15836, stack(0x000000c3bae00000,0x000000c3baf00000)]
  0x000002a4c46eca50 JavaThread "Unconstrained build operations Thread 3" [_thread_blocked, id=12720, stack(0x000000c3baf00000,0x000000c3bb000000)]
  0x000002a4c46e6ee0 JavaThread "Unconstrained build operations Thread 4" [_thread_blocked, id=8120, stack(0x000000c3bb000000,0x000000c3bb100000)]
  0x000002a4c46e8bc0 JavaThread "Unconstrained build operations Thread 5" [_thread_blocked, id=6852, stack(0x000000c3bb100000,0x000000c3bb200000)]
  0x000002a4c46e73b0 JavaThread "Unconstrained build operations Thread 6" [_thread_blocked, id=13684, stack(0x000000c3bb200000,0x000000c3bb300000)]
  0x000002a4c46e7880 JavaThread "Unconstrained build operations Thread 7" [_thread_blocked, id=1412, stack(0x000000c3bb300000,0x000000c3bb400000)]
  0x000002a4c46e9a30 JavaThread "Unconstrained build operations Thread 8" [_thread_blocked, id=1848, stack(0x000000c3bb400000,0x000000c3bb500000)]
  0x000002a4c8a30d70 JavaThread "Unconstrained build operations Thread 9" [_thread_blocked, id=9552, stack(0x000000c3bb500000,0x000000c3bb600000)]
  0x000002a4c8a32a50 JavaThread "Unconstrained build operations Thread 10" [_thread_blocked, id=13840, stack(0x000000c3bb600000,0x000000c3bb700000)]
  0x000002a4c8a37c20 JavaThread "Unconstrained build operations Thread 11" [_thread_blocked, id=8632, stack(0x000000c3bb700000,0x000000c3bb800000)]
  0x000002a4c8a380f0 JavaThread "Unconstrained build operations Thread 12" [_thread_blocked, id=7484, stack(0x000000c3bb800000,0x000000c3bb900000)]
  0x000002a4c8a31be0 JavaThread "Unconstrained build operations Thread 13" [_thread_blocked, id=13172, stack(0x000000c3bb900000,0x000000c3bba00000)]
  0x000002a4c8a320b0 JavaThread "Unconstrained build operations Thread 14" [_thread_blocked, id=15392, stack(0x000000c3bba00000,0x000000c3bbb00000)]
  0x000002a4c8a32580 JavaThread "Unconstrained build operations Thread 15" [_thread_blocked, id=8336, stack(0x000000c3bbb00000,0x000000c3bbc00000)]
  0x000002a4c8a355a0 JavaThread "Unconstrained build operations Thread 16" [_thread_blocked, id=2440, stack(0x000000c3bbc00000,0x000000c3bbd00000)]
  0x000002a4c8a35a70 JavaThread "Unconstrained build operations Thread 17" [_thread_blocked, id=11400, stack(0x000000c3bbd00000,0x000000c3bbe00000)]
  0x000002a4c8a350d0 JavaThread "Unconstrained build operations Thread 18" [_thread_blocked, id=6596, stack(0x000000c3bbe00000,0x000000c3bbf00000)]
  0x000002a4c8a35f40 JavaThread "Unconstrained build operations Thread 19" [_thread_blocked, id=14492, stack(0x000000c3bbf00000,0x000000c3bc000000)]
  0x000002a4c8a33d90 JavaThread "Unconstrained build operations Thread 20" [_thread_blocked, id=14692, stack(0x000000c3bc000000,0x000000c3bc100000)]
  0x000002a4c8a31240 JavaThread "Unconstrained build operations Thread 21" [_thread_blocked, id=8784, stack(0x000000c3bc100000,0x000000c3bc200000)]
  0x000002a4c8a36410 JavaThread "Unconstrained build operations Thread 22" [_thread_blocked, id=13104, stack(0x000000c3bc200000,0x000000c3bc300000)]
  0x000002a4c8a31710 JavaThread "Unconstrained build operations Thread 23" [_thread_blocked, id=14196, stack(0x000000c3bc300000,0x000000c3bc400000)]
  0x000002a4c8a32f20 JavaThread "Unconstrained build operations Thread 24" [_thread_blocked, id=10824, stack(0x000000c3bc400000,0x000000c3bc500000)]
  0x000002a4c8a385c0 JavaThread "Unconstrained build operations Thread 25" [_thread_blocked, id=4908, stack(0x000000c3bc500000,0x000000c3bc600000)]
  0x000002a4c8a333f0 JavaThread "Unconstrained build operations Thread 26" [_thread_blocked, id=7764, stack(0x000000c3bc600000,0x000000c3bc700000)]
  0x000002a4c8a34260 JavaThread "Unconstrained build operations Thread 27" [_thread_blocked, id=6496, stack(0x000000c3bc700000,0x000000c3bc800000)]
  0x000002a4c8a36db0 JavaThread "Unconstrained build operations Thread 28" [_thread_blocked, id=6768, stack(0x000000c3bc800000,0x000000c3bc900000)]
  0x000002a4c8a34730 JavaThread "Unconstrained build operations Thread 29" [_thread_blocked, id=17284, stack(0x000000c3bc900000,0x000000c3bca00000)]
  0x000002a4c8a338c0 JavaThread "Unconstrained build operations Thread 30" [_thread_blocked, id=16812, stack(0x000000c3bca00000,0x000000c3bcb00000)]
  0x000002a4c8a368e0 JavaThread "Unconstrained build operations Thread 31" [_thread_blocked, id=17332, stack(0x000000c3bcb00000,0x000000c3bcc00000)]
  0x000002a4c8a34c00 JavaThread "Unconstrained build operations Thread 32" [_thread_blocked, id=14788, stack(0x000000c3bcc00000,0x000000c3bcd00000)]
  0x000002a4c8a37280 JavaThread "Unconstrained build operations Thread 33" [_thread_blocked, id=14340, stack(0x000000c3bcd00000,0x000000c3bce00000)]
  0x000002a4c8a37750 JavaThread "Unconstrained build operations Thread 34" [_thread_blocked, id=17320, stack(0x000000c3bce00000,0x000000c3bcf00000)]
  0x000002a4c7c41d40 JavaThread "Unconstrained build operations Thread 35" [_thread_blocked, id=2408, stack(0x000000c3bcf00000,0x000000c3bd000000)]
  0x000002a4c7c44d60 JavaThread "Unconstrained build operations Thread 36" [_thread_blocked, id=15084, stack(0x000000c3bd000000,0x000000c3bd100000)]
  0x000002a4c7c48250 JavaThread "Unconstrained build operations Thread 37" [_thread_blocked, id=14460, stack(0x000000c3bd100000,0x000000c3bd200000)]
  0x000002a4c7c42210 JavaThread "Unconstrained build operations Thread 38" [_thread_blocked, id=13452, stack(0x000000c3bd200000,0x000000c3bd300000)]
  0x000002a4c7c473e0 JavaThread "Unconstrained build operations Thread 39" [_thread_blocked, id=11788, stack(0x000000c3bd300000,0x000000c3bd400000)]
  0x000002a4c7c48720 JavaThread "Unconstrained build operations Thread 40" [_thread_blocked, id=9232, stack(0x000000c3bd400000,0x000000c3bd500000)]
  0x000002a4c7c45700 JavaThread "Unconstrained build operations Thread 41" [_thread_blocked, id=15700, stack(0x000000c3bd500000,0x000000c3bd600000)]
  0x000002a4c7c443c0 JavaThread "Unconstrained build operations Thread 42" [_thread_blocked, id=8012, stack(0x000000c3bd600000,0x000000c3bd700000)]
  0x000002a4c7c48bf0 JavaThread "Unconstrained build operations Thread 43" [_thread_blocked, id=3836, stack(0x000000c3bd700000,0x000000c3bd800000)]
  0x000002a4c7c45230 JavaThread "Unconstrained build operations Thread 44" [_thread_blocked, id=13348, stack(0x000000c3bd800000,0x000000c3bd900000)]
  0x000002a4c7c45bd0 JavaThread "Unconstrained build operations Thread 45" [_thread_blocked, id=13428, stack(0x000000c3bd900000,0x000000c3bda00000)]
  0x000002a4c7c460a0 JavaThread "Unconstrained build operations Thread 46" [_thread_blocked, id=1236, stack(0x000000c3bda00000,0x000000c3bdb00000)]
  0x000002a4c7c46570 JavaThread "Unconstrained build operations Thread 47" [_thread_blocked, id=12732, stack(0x000000c3bdb00000,0x000000c3bdc00000)]
  0x000002a4c7c478b0 JavaThread "Unconstrained build operations Thread 48" [_thread_blocked, id=2932, stack(0x000000c3bdc00000,0x000000c3bdd00000)]
  0x000002a4c7c426e0 JavaThread "Unconstrained build operations Thread 49" [_thread_blocked, id=15812, stack(0x000000c3bdd00000,0x000000c3bde00000)]
  0x000002a4c7c46f10 JavaThread "Unconstrained build operations Thread 50" [_thread_blocked, id=3796, stack(0x000000c3bde00000,0x000000c3bdf00000)]
  0x000002a4c7c43550 JavaThread "Unconstrained build operations Thread 51" [_thread_blocked, id=14032, stack(0x000000c3bdf00000,0x000000c3be000000)]
  0x000002a4c7c43a20 JavaThread "Unconstrained build operations Thread 52" [_thread_blocked, id=16916, stack(0x000000c3be000000,0x000000c3be100000)]
  0x000002a4c7c42bb0 JavaThread "Unconstrained build operations Thread 53" [_thread_blocked, id=6876, stack(0x000000c3be100000,0x000000c3be200000)]
  0x000002a4c7c46a40 JavaThread "Unconstrained build operations Thread 54" [_thread_blocked, id=16328, stack(0x000000c3be200000,0x000000c3be300000)]
  0x000002a4c7c47d80 JavaThread "Unconstrained build operations Thread 55" [_thread_blocked, id=7624, stack(0x000000c3be300000,0x000000c3be400000)]
  0x000002a4c7c490c0 JavaThread "Unconstrained build operations Thread 56" [_thread_blocked, id=3132, stack(0x000000c3be400000,0x000000c3be500000)]
  0x000002a4c7c41870 JavaThread "Unconstrained build operations Thread 57" [_thread_blocked, id=12116, stack(0x000000c3be500000,0x000000c3be600000)]
  0x000002a4c7c43080 JavaThread "Unconstrained build operations Thread 58" [_thread_blocked, id=6884, stack(0x000000c3be600000,0x000000c3be700000)]
  0x000002a4c7c43ef0 JavaThread "Unconstrained build operations Thread 59" [_thread_blocked, id=12844, stack(0x000000c3be700000,0x000000c3be800000)]
  0x000002a4c7c44890 JavaThread "Unconstrained build operations Thread 60" [_thread_blocked, id=11176, stack(0x000000c3be800000,0x000000c3be900000)]
  0x000002a4c5921530 JavaThread "Unconstrained build operations Thread 61" [_thread_blocked, id=17132, stack(0x000000c3be900000,0x000000c3bea00000)]
  0x000002a4c591e040 JavaThread "Unconstrained build operations Thread 62" [_thread_blocked, id=8772, stack(0x000000c3bea00000,0x000000c3beb00000)]
  0x000002a4c5921060 JavaThread "Unconstrained build operations Thread 63" [_thread_blocked, id=2732, stack(0x000000c3beb00000,0x000000c3bec00000)]
  0x000002a4c591fd20 JavaThread "Unconstrained build operations Thread 64" [_thread_blocked, id=8908, stack(0x000000c3bec00000,0x000000c3bed00000)]
  0x000002a4c591e510 JavaThread "Unconstrained build operations Thread 65" [_thread_blocked, id=3236, stack(0x000000c3bed00000,0x000000c3bee00000)]
  0x000002a4c59201f0 JavaThread "Unconstrained build operations Thread 66" [_thread_blocked, id=1640, stack(0x000000c3bee00000,0x000000c3bef00000)]
  0x000002a4c591db70 JavaThread "Unconstrained build operations Thread 67" [_thread_blocked, id=9732, stack(0x000000c3bef00000,0x000000c3bf000000)]
  0x000002a4c591eeb0 JavaThread "Unconstrained build operations Thread 68" [_thread_blocked, id=13412, stack(0x000000c3bf000000,0x000000c3bf100000)]
  0x000002a4c591f850 JavaThread "Unconstrained build operations Thread 69" [_thread_blocked, id=3608, stack(0x000000c3bf100000,0x000000c3bf200000)]
  0x000002a4c591e9e0 JavaThread "Unconstrained build operations Thread 70" [_thread_blocked, id=15212, stack(0x000000c3bf200000,0x000000c3bf300000)]
  0x000002a4c59206c0 JavaThread "Unconstrained build operations Thread 71" [_thread_blocked, id=8492, stack(0x000000c3bf300000,0x000000c3bf400000)]
  0x000002a4c591f380 JavaThread "Unconstrained build operations Thread 72" [_thread_blocked, id=16544, stack(0x000000c3bf400000,0x000000c3bf500000)]
  0x000002a4c5920b90 JavaThread "Unconstrained build operations Thread 73" [_thread_blocked, id=16000, stack(0x000000c3bf500000,0x000000c3bf600000)]
  0x000002a4c7cdba50 JavaThread "Unconstrained build operations Thread 74" [_thread_blocked, id=5892, stack(0x000000c3bf600000,0x000000c3bf700000)]
  0x000002a4c7cd98a0 JavaThread "Unconstrained build operations Thread 75" [_thread_blocked, id=8952, stack(0x000000c3bf700000,0x000000c3bf800000)]
  0x000002a4c7cdb580 JavaThread "Unconstrained build operations Thread 76" [_thread_blocked, id=17244, stack(0x000000c3bf800000,0x000000c3bf900000)]
  0x000002a4c7cdbf20 JavaThread "Unconstrained build operations Thread 77" [_thread_blocked, id=11956, stack(0x000000c3bf900000,0x000000c3bfa00000)]
  0x000002a4c7cd9d70 JavaThread "Unconstrained build operations Thread 78" [_thread_blocked, id=3604, stack(0x000000c3bfa00000,0x000000c3bfb00000)]
  0x000002a4c7cdd260 JavaThread "Unconstrained build operations Thread 79" [_thread_blocked, id=1296, stack(0x000000c3bfb00000,0x000000c3bfc00000)]
  0x000002a4c7cdc3f0 JavaThread "Unconstrained build operations Thread 80" [_thread_blocked, id=12416, stack(0x000000c3bfc00000,0x000000c3bfd00000)]
  0x000002a4c7cdc8c0 JavaThread "jar transforms Thread 6" [_thread_blocked, id=2264, stack(0x000000c3bfd00000,0x000000c3bfe00000)]
  0x000002a4c7cdabe0 JavaThread "jar transforms Thread 7" [_thread_blocked, id=14656, stack(0x000000c3bfe00000,0x000000c3bff00000)]
  0x000002a4c7cda240 JavaThread "jar transforms Thread 8" [_thread_blocked, id=2276, stack(0x000000c3bff00000,0x000000c3c0000000)]
  0x000002a4c7cda710 JavaThread "build event listener" [_thread_blocked, id=3496, stack(0x000000c3c0000000,0x000000c3c0100000)]
  0x000002a4c2249f40 JavaThread "Memory manager" [_thread_blocked, id=9520, stack(0x000000c3c0100000,0x000000c3c0200000)]
=>0x000002a4c9094030 JavaThread "C2 CompilerThread2" daemon [_thread_in_native, id=10596, stack(0x000000c3b9c00000,0x000000c3b9d00000)]

Other Threads:
  0x000002a4c0e7ebd0 VMThread "VM Thread" [stack: 0x000000c3b7900000,0x000000c3b7a00000] [id=14668]
  0x000002a4c1c06890 WatcherThread [stack: 0x000000c3b8500000,0x000000c3b8600000] [id=7112]
  0x000002a4a738c750 GCTaskThread "GC Thread#0" [stack: 0x000000c3b7400000,0x000000c3b7500000] [id=5376]
  0x000002a4c22a9270 GCTaskThread "GC Thread#1" [stack: 0x000000c3b8800000,0x000000c3b8900000] [id=8596]
  0x000002a4c2b6a2b0 GCTaskThread "GC Thread#2" [stack: 0x000000c3b8900000,0x000000c3b8a00000] [id=10308]
  0x000002a4c1ffe810 GCTaskThread "GC Thread#3" [stack: 0x000000c3b8a00000,0x000000c3b8b00000] [id=14048]
  0x000002a4c32113d0 GCTaskThread "GC Thread#4" [stack: 0x000000c3b8700000,0x000000c3b8800000] [id=1936]
  0x000002a4c4c799e0 GCTaskThread "GC Thread#5" [stack: 0x000000c3b9400000,0x000000c3b9500000] [id=16908]
  0x000002a4c3275bb0 GCTaskThread "GC Thread#6" [stack: 0x000000c3b9500000,0x000000c3b9600000] [id=6880]
  0x000002a4c45feb90 GCTaskThread "GC Thread#7" [stack: 0x000000c3b9600000,0x000000c3b9700000] [id=5864]
  0x000002a4a739d690 ConcurrentGCThread "G1 Main Marker" [stack: 0x000000c3b7500000,0x000000c3b7600000] [id=9868]
  0x000002a4a739e0a0 ConcurrentGCThread "G1 Conc#0" [stack: 0x000000c3b7600000,0x000000c3b7700000] [id=11448]
  0x000002a4c3788a10 ConcurrentGCThread "G1 Conc#1" [stack: 0x000000c3b9700000,0x000000c3b9800000] [id=11184]
  0x000002a4a73ee950 ConcurrentGCThread "G1 Refine#0" [stack: 0x000000c3b7700000,0x000000c3b7800000] [id=17068]
  0x000002a4c496e800 ConcurrentGCThread "G1 Refine#1" [stack: 0x000000c3ba700000,0x000000c3ba800000] [id=12344]
  0x000002a4c0cec3f0 ConcurrentGCThread "G1 Service" [stack: 0x000000c3b7800000,0x000000c3b7900000] [id=5236]

Threads with active compile tasks:
C2 CompilerThread0     6563 6862       4       com.sun.beans.TypeResolver::resolve (37 bytes)
C2 CompilerThread1     6563 6872   !   4       com.sun.beans.TypeResolver::resolve (261 bytes)
C2 CompilerThread2     6563 6871       4       java.beans.Introspector::addMethod (196 bytes)

VM state: not at safepoint (normal execution)

VM Mutex/Monitor currently owned by a thread:  ([mutex/lock_event])
[0x000002a4a732a330] SystemDictionary_lock - owner thread: 0x0000000000000000

Heap address: 0x0000000080000000, size: 2048 MB, Compressed Oops mode: 32-bit

CDS archive(s) not mapped
Compressed class space mapped at: 0x0000000100000000-0x0000000140000000, reserved size: 1073741824
Narrow klass base: 0x0000000000000000, Narrow klass shift: 3, Narrow klass range: 0x140000000

GC Precious Log:
 CPUs: 8 total, 8 available
 Memory: 8072M
 Large Page Support: Disabled
 NUMA Support: Disabled
 Compressed Oops: Enabled (32-bit)
 Heap Region Size: 1M
 Heap Min Capacity: 8M
 Heap Initial Capacity: 128M
 Heap Max Capacity: 2G
 Pre-touch: Disabled
 Parallel Workers: 8
 Concurrent Workers: 2
 Concurrent Refinement Workers: 8
 Periodic GC: Disabled

Heap:
 garbage-first heap   total 188416K, used 66904K [0x0000000080000000, 0x0000000100000000)
  region size 1024K, 13 young (13312K), 4 survivors (4096K)
 Metaspace       used 69888K, committed 70464K, reserved 1114112K
  class space    used 9261K, committed 9536K, reserved 1048576K

Heap Regions: E=young(eden), S=young(survivor), O=old, HS=humongous(starts), HC=humongous(continues), CS=collection set, F=free, OA=open archive, CA=closed archive, TAMS=top-at-mark-start (previous, next)
|   0|0x0000000080000000, 0x0000000080100000, 0x0000000080100000|100%|HS|  |TAMS 0x0000000080100000, 0x0000000080100000| Complete 
|   1|0x0000000080100000, 0x0000000080200000, 0x0000000080200000|100%|HC|  |TAMS 0x0000000080200000, 0x0000000080200000| Complete 
|   2|0x0000000080200000, 0x0000000080300000, 0x0000000080300000|100%|HC|  |TAMS 0x0000000080300000, 0x0000000080300000| Complete 
|   3|0x0000000080300000, 0x0000000080400000, 0x0000000080400000|100%|HC|  |TAMS 0x0000000080400000, 0x0000000080400000| Complete 
|   4|0x0000000080400000, 0x0000000080500000, 0x0000000080500000|100%| O|  |TAMS 0x0000000080500000, 0x0000000080500000| Untracked 
|   5|0x0000000080500000, 0x0000000080600000, 0x0000000080600000|100%| O|  |TAMS 0x0000000080600000, 0x0000000080600000| Untracked 
|   6|0x0000000080600000, 0x0000000080700000, 0x0000000080700000|100%| O|  |TAMS 0x0000000080700000, 0x0000000080700000| Untracked 
|   7|0x0000000080700000, 0x0000000080800000, 0x0000000080800000|100%| O|  |TAMS 0x0000000080800000, 0x0000000080800000| Untracked 
|   8|0x0000000080800000, 0x0000000080900000, 0x0000000080900000|100%| O|  |TAMS 0x0000000080900000, 0x0000000080900000| Untracked 
|   9|0x0000000080900000, 0x0000000080a00000, 0x0000000080a00000|100%| O|  |TAMS 0x0000000080a00000, 0x0000000080a00000| Untracked 
|  10|0x0000000080a00000, 0x0000000080b00000, 0x0000000080b00000|100%| O|  |TAMS 0x0000000080b00000, 0x0000000080b00000| Untracked 
|  11|0x0000000080b00000, 0x0000000080c00000, 0x0000000080c00000|100%| O|  |TAMS 0x0000000080c00000, 0x0000000080c00000| Untracked 
|  12|0x0000000080c00000, 0x0000000080d00000, 0x0000000080d00000|100%| O|  |TAMS 0x0000000080d00000, 0x0000000080d00000| Untracked 
|  13|0x0000000080d00000, 0x0000000080e00000, 0x0000000080e00000|100%| O|  |TAMS 0x0000000080e00000, 0x0000000080e00000| Untracked 
|  14|0x0000000080e00000, 0x0000000080f00000, 0x0000000080f00000|100%| O|  |TAMS 0x0000000080f00000, 0x0000000080f00000| Untracked 
|  15|0x0000000080f00000, 0x0000000081000000, 0x0000000081000000|100%| O|  |TAMS 0x0000000081000000, 0x0000000081000000| Untracked 
|  16|0x0000000081000000, 0x0000000081100000, 0x0000000081100000|100%| O|  |TAMS 0x0000000081100000, 0x0000000081100000| Untracked 
|  17|0x0000000081100000, 0x0000000081200000, 0x0000000081200000|100%| O|  |TAMS 0x0000000081200000, 0x0000000081200000| Untracked 
|  18|0x0000000081200000, 0x0000000081300000, 0x0000000081300000|100%| O|  |TAMS 0x0000000081300000, 0x0000000081300000| Untracked 
|  19|0x0000000081300000, 0x0000000081400000, 0x0000000081400000|100%| O|  |TAMS 0x0000000081400000, 0x0000000081400000| Untracked 
|  20|0x0000000081400000, 0x0000000081500000, 0x0000000081500000|100%| O|  |TAMS 0x0000000081500000, 0x0000000081500000| Untracked 
|  21|0x0000000081500000, 0x0000000081600000, 0x0000000081600000|100%| O|  |TAMS 0x0000000081600000, 0x0000000081600000| Untracked 
|  22|0x0000000081600000, 0x0000000081700000, 0x0000000081700000|100%| O|  |TAMS 0x0000000081700000, 0x0000000081700000| Untracked 
|  23|0x0000000081700000, 0x0000000081800000, 0x0000000081800000|100%| O|  |TAMS 0x0000000081800000, 0x0000000081800000| Untracked 
|  24|0x0000000081800000, 0x0000000081900000, 0x0000000081900000|100%| O|  |TAMS 0x0000000081900000, 0x0000000081900000| Untracked 
|  25|0x0000000081900000, 0x0000000081a00000, 0x0000000081a00000|100%| O|  |TAMS 0x0000000081a00000, 0x0000000081a00000| Untracked 
|  26|0x0000000081a00000, 0x0000000081b00000, 0x0000000081b00000|100%| O|  |TAMS 0x0000000081b00000, 0x0000000081b00000| Untracked 
|  27|0x0000000081b00000, 0x0000000081c00000, 0x0000000081c00000|100%| O|  |TAMS 0x0000000081c00000, 0x0000000081c00000| Untracked 
|  28|0x0000000081c00000, 0x0000000081d00000, 0x0000000081d00000|100%| O|  |TAMS 0x0000000081d00000, 0x0000000081d00000| Untracked 
|  29|0x0000000081d00000, 0x0000000081e00000, 0x0000000081e00000|100%| O|  |TAMS 0x0000000081e00000, 0x0000000081e00000| Untracked 
|  30|0x0000000081e00000, 0x0000000081f00000, 0x0000000081f00000|100%| O|  |TAMS 0x0000000081f00000, 0x0000000081f00000| Untracked 
|  31|0x0000000081f00000, 0x0000000082000000, 0x0000000082000000|100%| O|  |TAMS 0x0000000082000000, 0x0000000082000000| Untracked 
|  32|0x0000000082000000, 0x0000000082100000, 0x0000000082100000|100%| O|  |TAMS 0x0000000082100000, 0x0000000082100000| Untracked 
|  33|0x0000000082100000, 0x0000000082200000, 0x0000000082200000|100%|HS|  |TAMS 0x0000000082200000, 0x0000000082200000| Complete 
|  34|0x0000000082200000, 0x0000000082300000, 0x0000000082300000|100%|HS|  |TAMS 0x0000000082300000, 0x0000000082300000| Complete 
|  35|0x0000000082300000, 0x0000000082400000, 0x0000000082400000|100%|HS|  |TAMS 0x0000000082400000, 0x0000000082400000| Complete 
|  36|0x0000000082400000, 0x0000000082500000, 0x0000000082500000|100%| O|  |TAMS 0x0000000082500000, 0x0000000082500000| Untracked 
|  37|0x0000000082500000, 0x0000000082600000, 0x0000000082600000|100%| O|  |TAMS 0x0000000082600000, 0x0000000082600000| Untracked 
|  38|0x0000000082600000, 0x0000000082700000, 0x0000000082700000|100%| O|  |TAMS 0x0000000082700000, 0x0000000082700000| Untracked 
|  39|0x0000000082700000, 0x0000000082800000, 0x0000000082800000|100%| O|  |TAMS 0x0000000082700000, 0x0000000082800000| Untracked 
|  40|0x0000000082800000, 0x0000000082900000, 0x0000000082900000|100%| O|  |TAMS 0x0000000082900000, 0x0000000082900000| Untracked 
|  41|0x0000000082900000, 0x0000000082a00000, 0x0000000082a00000|100%| O|  |TAMS 0x0000000082a00000, 0x0000000082a00000| Untracked 
|  42|0x0000000082a00000, 0x0000000082b00000, 0x0000000082b00000|100%| O|  |TAMS 0x0000000082b00000, 0x0000000082b00000| Untracked 
|  43|0x0000000082b00000, 0x0000000082c00000, 0x0000000082c00000|100%| O|  |TAMS 0x0000000082c00000, 0x0000000082c00000| Untracked 
|  44|0x0000000082c00000, 0x0000000082d00000, 0x0000000082d00000|100%| O|  |TAMS 0x0000000082d00000, 0x0000000082d00000| Untracked 
|  45|0x0000000082d00000, 0x0000000082e00000, 0x0000000082e00000|100%| O|  |TAMS 0x0000000082e00000, 0x0000000082e00000| Untracked 
|  46|0x0000000082e00000, 0x0000000082f00000, 0x0000000082f00000|100%| O|  |TAMS 0x0000000082f00000, 0x0000000082f00000| Untracked 
|  47|0x0000000082f00000, 0x0000000083000000, 0x0000000083000000|100%| O|  |TAMS 0x0000000083000000, 0x0000000083000000| Untracked 
|  48|0x0000000083000000, 0x0000000083100000, 0x0000000083100000|100%| O|  |TAMS 0x0000000083100000, 0x0000000083100000| Untracked 
|  49|0x0000000083100000, 0x0000000083200000, 0x0000000083200000|100%| O|  |TAMS 0x0000000083200000, 0x0000000083200000| Untracked 
|  50|0x0000000083200000, 0x0000000083300000, 0x0000000083300000|100%| O|  |TAMS 0x0000000083300000, 0x0000000083300000| Untracked 
|  51|0x0000000083300000, 0x0000000083400000, 0x0000000083400000|100%| O|  |TAMS 0x000000008334f600, 0x0000000083400000| Untracked 
|  52|0x0000000083400000, 0x0000000083500000, 0x0000000083500000|100%| O|  |TAMS 0x0000000083400000, 0x0000000083500000| Untracked 
|  53|0x0000000083500000, 0x000000008352e600, 0x0000000083600000| 18%| O|  |TAMS 0x0000000083500000, 0x000000008352e600| Untracked 
|  54|0x0000000083600000, 0x0000000083700000, 0x0000000083700000|100%|HS|  |TAMS 0x0000000083600000, 0x0000000083600000| Complete 
|  55|0x0000000083700000, 0x0000000083700000, 0x0000000083800000|  0%| F|  |TAMS 0x0000000083700000, 0x0000000083700000| Untracked 
|  56|0x0000000083800000, 0x0000000083800000, 0x0000000083900000|  0%| F|  |TAMS 0x0000000083800000, 0x0000000083800000| Untracked 
|  57|0x0000000083900000, 0x0000000083900000, 0x0000000083a00000|  0%| F|  |TAMS 0x0000000083900000, 0x0000000083900000| Untracked 
|  58|0x0000000083a00000, 0x0000000083a00000, 0x0000000083b00000|  0%| F|  |TAMS 0x0000000083a00000, 0x0000000083a00000| Untracked 
|  59|0x0000000083b00000, 0x0000000083b00000, 0x0000000083c00000|  0%| F|  |TAMS 0x0000000083b00000, 0x0000000083b00000| Untracked 
|  60|0x0000000083c00000, 0x0000000083c00000, 0x0000000083d00000|  0%| F|  |TAMS 0x0000000083c00000, 0x0000000083c00000| Untracked 
|  61|0x0000000083d00000, 0x0000000083d00000, 0x0000000083e00000|  0%| F|  |TAMS 0x0000000083d00000, 0x0000000083d00000| Untracked 
|  62|0x0000000083e00000, 0x0000000083e00000, 0x0000000083f00000|  0%| F|  |TAMS 0x0000000083e00000, 0x0000000083e00000| Untracked 
|  63|0x0000000083f00000, 0x0000000083f00000, 0x0000000084000000|  0%| F|  |TAMS 0x0000000083f00000, 0x0000000083f00000| Untracked 
|  64|0x0000000084000000, 0x0000000084000000, 0x0000000084100000|  0%| F|  |TAMS 0x0000000084000000, 0x0000000084000000| Untracked 
|  65|0x0000000084100000, 0x0000000084100000, 0x0000000084200000|  0%| F|  |TAMS 0x0000000084100000, 0x0000000084100000| Untracked 
|  66|0x0000000084200000, 0x0000000084200000, 0x0000000084300000|  0%| F|  |TAMS 0x0000000084200000, 0x0000000084200000| Untracked 
|  67|0x0000000084300000, 0x0000000084300000, 0x0000000084400000|  0%| F|  |TAMS 0x0000000084300000, 0x0000000084300000| Untracked 
|  68|0x0000000084400000, 0x0000000084400000, 0x0000000084500000|  0%| F|  |TAMS 0x0000000084400000, 0x0000000084400000| Untracked 
|  69|0x0000000084500000, 0x0000000084500000, 0x0000000084600000|  0%| F|  |TAMS 0x0000000084500000, 0x0000000084500000| Untracked 
|  70|0x0000000084600000, 0x0000000084600000, 0x0000000084700000|  0%| F|  |TAMS 0x0000000084600000, 0x0000000084600000| Untracked 
|  71|0x0000000084700000, 0x0000000084700000, 0x0000000084800000|  0%| F|  |TAMS 0x0000000084700000, 0x0000000084700000| Untracked 
|  72|0x0000000084800000, 0x0000000084800000, 0x0000000084900000|  0%| F|  |TAMS 0x0000000084800000, 0x0000000084800000| Untracked 
|  73|0x0000000084900000, 0x0000000084900000, 0x0000000084a00000|  0%| F|  |TAMS 0x0000000084900000, 0x0000000084900000| Untracked 
|  74|0x0000000084a00000, 0x0000000084a00000, 0x0000000084b00000|  0%| F|  |TAMS 0x0000000084a00000, 0x0000000084a00000| Untracked 
|  75|0x0000000084b00000, 0x0000000084b00000, 0x0000000084c00000|  0%| F|  |TAMS 0x0000000084b00000, 0x0000000084b00000| Untracked 
|  76|0x0000000084c00000, 0x0000000084c00000, 0x0000000084d00000|  0%| F|  |TAMS 0x0000000084c00000, 0x0000000084c00000| Untracked 
|  77|0x0000000084d00000, 0x0000000084d00000, 0x0000000084e00000|  0%| F|  |TAMS 0x0000000084d00000, 0x0000000084d00000| Untracked 
|  78|0x0000000084e00000, 0x0000000084e00000, 0x0000000084f00000|  0%| F|  |TAMS 0x0000000084e00000, 0x0000000084e00000| Untracked 
|  79|0x0000000084f00000, 0x0000000084f00000, 0x0000000085000000|  0%| F|  |TAMS 0x0000000084f00000, 0x0000000084f00000| Untracked 
|  80|0x0000000085000000, 0x0000000085000000, 0x0000000085100000|  0%| F|  |TAMS 0x0000000085000000, 0x0000000085000000| Untracked 
|  81|0x0000000085100000, 0x0000000085100000, 0x0000000085200000|  0%| F|  |TAMS 0x0000000085100000, 0x0000000085100000| Untracked 
|  82|0x0000000085200000, 0x0000000085200000, 0x0000000085300000|  0%| F|  |TAMS 0x0000000085200000, 0x0000000085200000| Untracked 
|  83|0x0000000085300000, 0x0000000085300000, 0x0000000085400000|  0%| F|  |TAMS 0x0000000085300000, 0x0000000085300000| Untracked 
|  84|0x0000000085400000, 0x0000000085427ae0, 0x0000000085500000| 15%| S|CS|TAMS 0x0000000085400000, 0x0000000085400000| Complete 
|  85|0x0000000085500000, 0x0000000085600000, 0x0000000085600000|100%| S|CS|TAMS 0x0000000085500000, 0x0000000085500000| Complete 
|  86|0x0000000085600000, 0x0000000085700000, 0x0000000085700000|100%| S|CS|TAMS 0x0000000085600000, 0x0000000085600000| Complete 
|  87|0x0000000085700000, 0x0000000085800000, 0x0000000085800000|100%| S|CS|TAMS 0x0000000085700000, 0x0000000085700000| Complete 
|  88|0x0000000085800000, 0x0000000085800000, 0x0000000085900000|  0%| F|  |TAMS 0x0000000085800000, 0x0000000085800000| Untracked 
|  89|0x0000000085900000, 0x0000000085900000, 0x0000000085a00000|  0%| F|  |TAMS 0x0000000085900000, 0x0000000085900000| Untracked 
|  90|0x0000000085a00000, 0x0000000085a00000, 0x0000000085b00000|  0%| F|  |TAMS 0x0000000085a00000, 0x0000000085a00000| Untracked 
|  91|0x0000000085b00000, 0x0000000085b00000, 0x0000000085c00000|  0%| F|  |TAMS 0x0000000085b00000, 0x0000000085b00000| Untracked 
|  92|0x0000000085c00000, 0x0000000085c00000, 0x0000000085d00000|  0%| F|  |TAMS 0x0000000085c00000, 0x0000000085c00000| Untracked 
|  93|0x0000000085d00000, 0x0000000085d00000, 0x0000000085e00000|  0%| F|  |TAMS 0x0000000085d00000, 0x0000000085d00000| Untracked 
|  94|0x0000000085e00000, 0x0000000085e00000, 0x0000000085f00000|  0%| F|  |TAMS 0x0000000085e00000, 0x0000000085e00000| Untracked 
|  95|0x0000000085f00000, 0x0000000085f00000, 0x0000000086000000|  0%| F|  |TAMS 0x0000000085f00000, 0x0000000085f00000| Untracked 
|  96|0x0000000086000000, 0x0000000086000000, 0x0000000086100000|  0%| F|  |TAMS 0x0000000086000000, 0x0000000086000000| Untracked 
|  97|0x0000000086100000, 0x0000000086100000, 0x0000000086200000|  0%| F|  |TAMS 0x0000000086100000, 0x0000000086100000| Untracked 
|  98|0x0000000086200000, 0x0000000086200000, 0x0000000086300000|  0%| F|  |TAMS 0x0000000086200000, 0x0000000086200000| Untracked 
|  99|0x0000000086300000, 0x0000000086300000, 0x0000000086400000|  0%| F|  |TAMS 0x0000000086300000, 0x0000000086300000| Untracked 
| 100|0x0000000086400000, 0x0000000086400000, 0x0000000086500000|  0%| F|  |TAMS 0x0000000086400000, 0x0000000086400000| Untracked 
| 101|0x0000000086500000, 0x0000000086500000, 0x0000000086600000|  0%| F|  |TAMS 0x0000000086500000, 0x0000000086500000| Untracked 
| 102|0x0000000086600000, 0x0000000086600000, 0x0000000086700000|  0%| F|  |TAMS 0x0000000086600000, 0x0000000086600000| Untracked 
| 103|0x0000000086700000, 0x0000000086700000, 0x0000000086800000|  0%| F|  |TAMS 0x0000000086700000, 0x0000000086700000| Untracked 
| 104|0x0000000086800000, 0x0000000086800000, 0x0000000086900000|  0%| F|  |TAMS 0x0000000086800000, 0x0000000086800000| Untracked 
| 105|0x0000000086900000, 0x0000000086900000, 0x0000000086a00000|  0%| F|  |TAMS 0x0000000086900000, 0x0000000086900000| Untracked 
| 106|0x0000000086a00000, 0x0000000086a00000, 0x0000000086b00000|  0%| F|  |TAMS 0x0000000086a00000, 0x0000000086a00000| Untracked 
| 107|0x0000000086b00000, 0x0000000086b00000, 0x0000000086c00000|  0%| F|  |TAMS 0x0000000086b00000, 0x0000000086b00000| Untracked 
| 108|0x0000000086c00000, 0x0000000086c00000, 0x0000000086d00000|  0%| F|  |TAMS 0x0000000086c00000, 0x0000000086c00000| Untracked 
| 109|0x0000000086d00000, 0x0000000086d00000, 0x0000000086e00000|  0%| F|  |TAMS 0x0000000086d00000, 0x0000000086d00000| Untracked 
| 110|0x0000000086e00000, 0x0000000086e00000, 0x0000000086f00000|  0%| F|  |TAMS 0x0000000086e00000, 0x0000000086e00000| Untracked 
| 111|0x0000000086f00000, 0x0000000086f00000, 0x0000000087000000|  0%| F|  |TAMS 0x0000000086f00000, 0x0000000086f00000| Untracked 
| 112|0x0000000087000000, 0x0000000087000000, 0x0000000087100000|  0%| F|  |TAMS 0x0000000087000000, 0x0000000087000000| Untracked 
| 113|0x0000000087100000, 0x0000000087100000, 0x0000000087200000|  0%| F|  |TAMS 0x0000000087100000, 0x0000000087100000| Untracked 
| 114|0x0000000087200000, 0x0000000087200000, 0x0000000087300000|  0%| F|  |TAMS 0x0000000087200000, 0x0000000087200000| Untracked 
| 115|0x0000000087300000, 0x0000000087300000, 0x0000000087400000|  0%| F|  |TAMS 0x0000000087300000, 0x0000000087300000| Untracked 
| 116|0x0000000087400000, 0x0000000087400000, 0x0000000087500000|  0%| F|  |TAMS 0x0000000087400000, 0x0000000087400000| Untracked 
| 117|0x0000000087500000, 0x0000000087500000, 0x0000000087600000|  0%| F|  |TAMS 0x0000000087500000, 0x0000000087500000| Untracked 
| 118|0x0000000087600000, 0x0000000087600000, 0x0000000087700000|  0%| F|  |TAMS 0x0000000087600000, 0x0000000087600000| Untracked 
| 119|0x0000000087700000, 0x0000000087700000, 0x0000000087800000|  0%| F|  |TAMS 0x0000000087700000, 0x0000000087700000| Untracked 
| 120|0x0000000087800000, 0x0000000087800000, 0x0000000087900000|  0%| F|  |TAMS 0x0000000087800000, 0x0000000087800000| Untracked 
| 121|0x0000000087900000, 0x0000000087900000, 0x0000000087a00000|  0%| F|  |TAMS 0x0000000087900000, 0x0000000087900000| Untracked 
| 122|0x0000000087a00000, 0x0000000087a00000, 0x0000000087b00000|  0%| F|  |TAMS 0x0000000087a00000, 0x0000000087a00000| Untracked 
| 123|0x0000000087b00000, 0x0000000087b00000, 0x0000000087c00000|  0%| F|  |TAMS 0x0000000087b00000, 0x0000000087b00000| Untracked 
| 124|0x0000000087c00000, 0x0000000087c00000, 0x0000000087d00000|  0%| F|  |TAMS 0x0000000087c00000, 0x0000000087c00000| Untracked 
| 125|0x0000000087d00000, 0x0000000087d00000, 0x0000000087e00000|  0%| F|  |TAMS 0x0000000087d00000, 0x0000000087d00000| Untracked 
| 126|0x0000000087e00000, 0x0000000087e00000, 0x0000000087f00000|  0%| F|  |TAMS 0x0000000087e00000, 0x0000000087e00000| Untracked 
| 127|0x0000000087f00000, 0x0000000087f00000, 0x0000000088000000|  0%| F|  |TAMS 0x0000000087f00000, 0x0000000087f00000| Untracked 
| 128|0x0000000088000000, 0x0000000088000000, 0x0000000088100000|  0%| F|  |TAMS 0x0000000088000000, 0x0000000088000000| Untracked 
| 129|0x0000000088100000, 0x0000000088100000, 0x0000000088200000|  0%| F|  |TAMS 0x0000000088100000, 0x0000000088100000| Untracked 
| 130|0x0000000088200000, 0x0000000088200000, 0x0000000088300000|  0%| F|  |TAMS 0x0000000088200000, 0x0000000088200000| Untracked 
| 131|0x0000000088300000, 0x0000000088300000, 0x0000000088400000|  0%| F|  |TAMS 0x0000000088300000, 0x0000000088300000| Untracked 
| 132|0x0000000088400000, 0x0000000088400000, 0x0000000088500000|  0%| F|  |TAMS 0x0000000088400000, 0x0000000088400000| Untracked 
| 133|0x0000000088500000, 0x0000000088500000, 0x0000000088600000|  0%| F|  |TAMS 0x0000000088500000, 0x0000000088500000| Untracked 
| 134|0x0000000088600000, 0x0000000088600000, 0x0000000088700000|  0%| F|  |TAMS 0x0000000088600000, 0x0000000088600000| Untracked 
| 135|0x0000000088700000, 0x0000000088700000, 0x0000000088800000|  0%| F|  |TAMS 0x0000000088700000, 0x0000000088700000| Untracked 
| 136|0x0000000088800000, 0x0000000088800000, 0x0000000088900000|  0%| F|  |TAMS 0x0000000088800000, 0x0000000088800000| Untracked 
| 137|0x0000000088900000, 0x0000000088900000, 0x0000000088a00000|  0%| F|  |TAMS 0x0000000088900000, 0x0000000088900000| Untracked 
| 138|0x0000000088a00000, 0x0000000088a00000, 0x0000000088b00000|  0%| F|  |TAMS 0x0000000088a00000, 0x0000000088a00000| Untracked 
| 139|0x0000000088b00000, 0x0000000088b00000, 0x0000000088c00000|  0%| F|  |TAMS 0x0000000088b00000, 0x0000000088b00000| Untracked 
| 140|0x0000000088c00000, 0x0000000088c00000, 0x0000000088d00000|  0%| F|  |TAMS 0x0000000088c00000, 0x0000000088c00000| Untracked 
| 141|0x0000000088d00000, 0x0000000088d00000, 0x0000000088e00000|  0%| F|  |TAMS 0x0000000088d00000, 0x0000000088d00000| Untracked 
| 142|0x0000000088e00000, 0x0000000088e00000, 0x0000000088f00000|  0%| F|  |TAMS 0x0000000088e00000, 0x0000000088e00000| Untracked 
| 143|0x0000000088f00000, 0x0000000088f00000, 0x0000000089000000|  0%| F|  |TAMS 0x0000000088f00000, 0x0000000088f00000| Untracked 
| 144|0x0000000089000000, 0x0000000089000000, 0x0000000089100000|  0%| F|  |TAMS 0x0000000089000000, 0x0000000089000000| Untracked 
| 145|0x0000000089100000, 0x0000000089100000, 0x0000000089200000|  0%| F|  |TAMS 0x0000000089100000, 0x0000000089100000| Untracked 
| 146|0x0000000089200000, 0x0000000089200000, 0x0000000089300000|  0%| F|  |TAMS 0x0000000089200000, 0x0000000089200000| Untracked 
| 147|0x0000000089300000, 0x0000000089300000, 0x0000000089400000|  0%| F|  |TAMS 0x0000000089300000, 0x0000000089300000| Untracked 
| 148|0x0000000089400000, 0x0000000089400000, 0x0000000089500000|  0%| F|  |TAMS 0x0000000089400000, 0x0000000089400000| Untracked 
| 149|0x0000000089500000, 0x0000000089500000, 0x0000000089600000|  0%| F|  |TAMS 0x0000000089500000, 0x0000000089500000| Untracked 
| 150|0x0000000089600000, 0x0000000089600000, 0x0000000089700000|  0%| F|  |TAMS 0x0000000089600000, 0x0000000089600000| Untracked 
| 151|0x0000000089700000, 0x0000000089700000, 0x0000000089800000|  0%| F|  |TAMS 0x0000000089700000, 0x0000000089700000| Untracked 
| 152|0x0000000089800000, 0x0000000089800000, 0x0000000089900000|  0%| F|  |TAMS 0x0000000089800000, 0x0000000089800000| Untracked 
| 153|0x0000000089900000, 0x0000000089900000, 0x0000000089a00000|  0%| F|  |TAMS 0x0000000089900000, 0x0000000089900000| Untracked 
| 154|0x0000000089a00000, 0x0000000089a00000, 0x0000000089b00000|  0%| F|  |TAMS 0x0000000089a00000, 0x0000000089a00000| Untracked 
| 155|0x0000000089b00000, 0x0000000089b00000, 0x0000000089c00000|  0%| F|  |TAMS 0x0000000089b00000, 0x0000000089b00000| Untracked 
| 156|0x0000000089c00000, 0x0000000089c00000, 0x0000000089d00000|  0%| F|  |TAMS 0x0000000089c00000, 0x0000000089c00000| Untracked 
| 157|0x0000000089d00000, 0x0000000089d00000, 0x0000000089e00000|  0%| F|  |TAMS 0x0000000089d00000, 0x0000000089d00000| Untracked 
| 158|0x0000000089e00000, 0x0000000089e00000, 0x0000000089f00000|  0%| F|  |TAMS 0x0000000089e00000, 0x0000000089e00000| Untracked 
| 159|0x0000000089f00000, 0x0000000089f00000, 0x000000008a000000|  0%| F|  |TAMS 0x0000000089f00000, 0x0000000089f00000| Untracked 
| 160|0x000000008a000000, 0x000000008a000000, 0x000000008a100000|  0%| F|  |TAMS 0x000000008a000000, 0x000000008a000000| Untracked 
| 161|0x000000008a100000, 0x000000008a100000, 0x000000008a200000|  0%| F|  |TAMS 0x000000008a100000, 0x000000008a100000| Untracked 
| 162|0x000000008a200000, 0x000000008a200000, 0x000000008a300000|  0%| F|  |TAMS 0x000000008a200000, 0x000000008a200000| Untracked 
| 163|0x000000008a300000, 0x000000008a300000, 0x000000008a400000|  0%| F|  |TAMS 0x000000008a300000, 0x000000008a300000| Untracked 
| 164|0x000000008a400000, 0x000000008a400000, 0x000000008a500000|  0%| F|  |TAMS 0x000000008a400000, 0x000000008a400000| Untracked 
| 165|0x000000008a500000, 0x000000008a500000, 0x000000008a600000|  0%| F|  |TAMS 0x000000008a500000, 0x000000008a500000| Untracked 
| 166|0x000000008a600000, 0x000000008a600000, 0x000000008a700000|  0%| F|  |TAMS 0x000000008a600000, 0x000000008a600000| Untracked 
| 167|0x000000008a700000, 0x000000008a700000, 0x000000008a800000|  0%| F|  |TAMS 0x000000008a700000, 0x000000008a700000| Untracked 
| 168|0x000000008a800000, 0x000000008a800000, 0x000000008a900000|  0%| F|  |TAMS 0x000000008a800000, 0x000000008a800000| Untracked 
| 169|0x000000008a900000, 0x000000008a900000, 0x000000008aa00000|  0%| F|  |TAMS 0x000000008a900000, 0x000000008a900000| Untracked 
| 170|0x000000008aa00000, 0x000000008aa00000, 0x000000008ab00000|  0%| F|  |TAMS 0x000000008aa00000, 0x000000008aa00000| Untracked 
| 171|0x000000008ab00000, 0x000000008ab00000, 0x000000008ac00000|  0%| F|  |TAMS 0x000000008ab00000, 0x000000008ab00000| Untracked 
| 172|0x000000008ac00000, 0x000000008ac00000, 0x000000008ad00000|  0%| F|  |TAMS 0x000000008ac00000, 0x000000008ac00000| Untracked 
| 173|0x000000008ad00000, 0x000000008ad00000, 0x000000008ae00000|  0%| F|  |TAMS 0x000000008ad00000, 0x000000008ad00000| Untracked 
| 174|0x000000008ae00000, 0x000000008ae00000, 0x000000008af00000|  0%| F|  |TAMS 0x000000008ae00000, 0x000000008ae00000| Untracked 
| 175|0x000000008af00000, 0x000000008af80800, 0x000000008b000000| 50%| E|  |TAMS 0x000000008af00000, 0x000000008af00000| Complete 
| 176|0x000000008b000000, 0x000000008b100000, 0x000000008b100000|100%| E|CS|TAMS 0x000000008b000000, 0x000000008b000000| Complete 
| 177|0x000000008b100000, 0x000000008b200000, 0x000000008b200000|100%| E|CS|TAMS 0x000000008b100000, 0x000000008b100000| Complete 
| 178|0x000000008b200000, 0x000000008b300000, 0x000000008b300000|100%| E|CS|TAMS 0x000000008b200000, 0x000000008b200000| Complete 
| 179|0x000000008b300000, 0x000000008b400000, 0x000000008b400000|100%| E|CS|TAMS 0x000000008b300000, 0x000000008b300000| Complete 
| 180|0x000000008b400000, 0x000000008b500000, 0x000000008b500000|100%| E|CS|TAMS 0x000000008b400000, 0x000000008b400000| Complete 
| 181|0x000000008b500000, 0x000000008b600000, 0x000000008b600000|100%| E|CS|TAMS 0x000000008b500000, 0x000000008b500000| Complete 
| 182|0x000000008b600000, 0x000000008b700000, 0x000000008b700000|100%| E|CS|TAMS 0x000000008b600000, 0x000000008b600000| Complete 
| 183|0x000000008b700000, 0x000000008b800000, 0x000000008b800000|100%| E|CS|TAMS 0x000000008b700000, 0x000000008b700000| Complete 

Card table byte_map: [0x000002a4b9f20000,0x000002a4ba320000] _byte_map_base: 0x000002a4b9b20000

Marking Bits (Prev, Next): (CMBitMap*) 0x000002a4a738cd60, (CMBitMap*) 0x000002a4a738cda0
 Prev Bits: [0x000002a4ba720000, 0x000002a4bc720000)
 Next Bits: [0x000002a4bc720000, 0x000002a4be720000)

Polling page: 0x000002a4a5300000

Metaspace:

Usage:
  Non-class:     59.25 MB used.
      Class:      9.05 MB used.
       Both:     68.30 MB used.

Virtual space:
  Non-class space:       64.00 MB reserved,      59.50 MB ( 93%) committed,  8 nodes.
      Class space:        1.00 GB reserved,       9.31 MB ( <1%) committed,  1 nodes.
             Both:        1.06 GB reserved,      68.81 MB (  6%) committed. 

Chunk freelists:
   Non-Class:  144.00 KB
       Class:  2.67 MB
        Both:  2.81 MB

MaxMetaspaceSize: unlimited
CompressedClassSpaceSize: 1.00 GB
Initial GC threshold: 21.00 MB
Current GC threshold: 109.81 MB
CDS: off
MetaspaceReclaimPolicy: balanced
 - commit_granule_bytes: 65536.
 - commit_granule_words: 8192.
 - virtual_space_node_default_size: 1048576.
 - enlarge_chunks_in_place: 1.
 - new_chunks_are_fully_committed: 0.
 - uncommit_free_chunks: 1.
 - use_allocation_guard: 0.
 - handle_deallocations: 1.


Internal statistics:

num_allocs_failed_limit: 6.
num_arena_births: 624.
num_arena_deaths: 0.
num_vsnodes_births: 9.
num_vsnodes_deaths: 0.
num_space_committed: 1101.
num_space_uncommitted: 0.
num_chunks_returned_to_freelist: 6.
num_chunks_taken_from_freelist: 2947.
num_chunk_merges: 6.
num_chunk_splits: 1986.
num_chunks_enlarged: 1360.
num_purges: 0.
num_inconsistent_stats: 0.

CodeHeap 'non-profiled nmethods': size=120000Kb used=3791Kb max_used=3791Kb free=116208Kb
 bounds [0x000002a4b22c0000, 0x000002a4b2680000, 0x000002a4b97f0000]
CodeHeap 'profiled nmethods': size=120000Kb used=11993Kb max_used=11993Kb free=108006Kb
 bounds [0x000002a4aa7f0000, 0x000002a4ab3b0000, 0x000002a4b1d20000]
CodeHeap 'non-nmethods': size=5760Kb used=2354Kb max_used=2447Kb free=3405Kb
 bounds [0x000002a4b1d20000, 0x000002a4b1fa0000, 0x000002a4b22c0000]
 total_blobs=7077 nmethods=6196 adapters=793
 compilation: enabled
              stopped_count=0, restarted_count=0
 full_count=0

Compilation events (20 events):
Event: 6.532 Thread 0x000002a4c1c678e0 7026       3       kotlin.text.Regex::<init> (16 bytes)
Event: 6.533 Thread 0x000002a4c1c678e0 nmethod 7026 0x000002a4ab3a2490 code [0x000002a4ab3a26a0, 0x000002a4ab3a2cf8]
Event: 6.533 Thread 0x000002a4c1c678e0 7029       3       java.util.regex.Pattern::Range (37 bytes)
Event: 6.533 Thread 0x000002a4c1c678e0 nmethod 7029 0x000002a4ab3a2f90 code [0x000002a4ab3a31a0, 0x000002a4ab3a39f8]
Event: 6.533 Thread 0x000002a4c1c678e0 7027       3       java.lang.invoke.Invokers$Holder::linkToTargetMethod (10 bytes)
Event: 6.533 Thread 0x000002a4c1c678e0 nmethod 7027 0x000002a4ab3a3c10 code [0x000002a4ab3a3dc0, 0x000002a4ab3a4078]
Event: 6.533 Thread 0x000002a4c1c678e0 7028       3       java.lang.invoke.DirectMethodHandle$Holder::newInvokeSpecial (24 bytes)
Event: 6.533 Thread 0x000002a4c1c678e0 nmethod 7028 0x000002a4ab3a4190 code [0x000002a4ab3a4380, 0x000002a4ab3a4928]
Event: 6.533 Thread 0x000002a4c1c678e0 7030       3       java.util.regex.Pattern$$Lambda$10/0x00000001000c7620::<init> (15 bytes)
Event: 6.534 Thread 0x000002a4c1c678e0 nmethod 7030 0x000002a4ab3a4b10 code [0x000002a4ab3a4ca0, 0x000002a4ab3a4e18]
Event: 6.534 Thread 0x000002a4c1c678e0 7034       3       java.util.regex.Pattern$BmpCharPredicate$$Lambda$11/0x00000001000c7b20::<init> (15 bytes)
Event: 6.534 Thread 0x000002a4c1c678e0 nmethod 7034 0x000002a4ab3a4f10 code [0x000002a4ab3a50c0, 0x000002a4ab3a52d8]
Event: 6.534 Thread 0x000002a4c1c678e0 7033       3       java.util.regex.Pattern$BmpCharPredicate::union (23 bytes)
Event: 6.534 Thread 0x000002a4c1c678e0 nmethod 7033 0x000002a4ab3a5390 code [0x000002a4ab3a55a0, 0x000002a4ab3a5e18]
Event: 6.534 Thread 0x000002a4c1c678e0 7031       3       java.util.regex.Pattern$Dollar::<init> (10 bytes)
Event: 6.534 Thread 0x000002a4c1c678e0 nmethod 7031 0x000002a4ab3a6090 code [0x000002a4ab3a6240, 0x000002a4ab3a6478]
Event: 6.534 Thread 0x000002a4c1c678e0 7032       1       com.android.tools.build.jetifier.processor.transform.TransformationContext::getVersions (5 bytes)
Event: 6.534 Thread 0x000002a4c1c678e0 nmethod 7032 0x000002a4b2673390 code [0x000002a4b2673520, 0x000002a4b26735f8]
Event: 6.539 Thread 0x000002a4c1c678e0 7035       3       org.gradle.api.internal.DefaultNamedDomainObjectCollection::findByNameWithoutRules (11 bytes)
Event: 6.540 Thread 0x000002a4c1c678e0 nmethod 7035 0x000002a4ab3a6590 code [0x000002a4ab3a6740, 0x000002a4ab3a6908]

GC Heap History (20 events):
Event: 4.896 GC heap before
{Heap before GC invocations=16 (full 0):
 garbage-first heap   total 82944K, used 63449K [0x0000000080000000, 0x0000000100000000)
  region size 1024K, 23 young (23552K), 4 survivors (4096K)
 Metaspace       used 54121K, committed 54592K, reserved 1097728K
  class space    used 7169K, committed 7360K, reserved 1048576K
}
Event: 4.899 GC heap after
{Heap after GC invocations=17 (full 0):
 garbage-first heap   total 82944K, used 46264K [0x0000000080000000, 0x0000000100000000)
  region size 1024K, 3 young (3072K), 3 survivors (3072K)
 Metaspace       used 54121K, committed 54592K, reserved 1097728K
  class space    used 7169K, committed 7360K, reserved 1048576K
}
Event: 5.119 GC heap before
{Heap before GC invocations=17 (full 0):
 garbage-first heap   total 82944K, used 62648K [0x0000000080000000, 0x0000000100000000)
  region size 1024K, 20 young (20480K), 3 survivors (3072K)
 Metaspace       used 56901K, committed 57280K, reserved 1105920K
  class space    used 7501K, committed 7680K, reserved 1048576K
}
Event: 5.121 GC heap after
{Heap after GC invocations=18 (full 0):
 garbage-first heap   total 82944K, used 46913K [0x0000000080000000, 0x0000000100000000)
  region size 1024K, 1 young (1024K), 1 survivors (1024K)
 Metaspace       used 56901K, committed 57280K, reserved 1105920K
  class space    used 7501K, committed 7680K, reserved 1048576K
}
Event: 5.395 GC heap before
{Heap before GC invocations=19 (full 0):
 garbage-first heap   total 83968K, used 64321K [0x0000000080000000, 0x0000000100000000)
  region size 1024K, 19 young (19456K), 1 survivors (1024K)
 Metaspace       used 60206K, committed 60736K, reserved 1105920K
  class space    used 7957K, committed 8192K, reserved 1048576K
}
Event: 5.397 GC heap after
{Heap after GC invocations=20 (full 0):
 garbage-first heap   total 83968K, used 47658K [0x0000000080000000, 0x0000000100000000)
  region size 1024K, 2 young (2048K), 2 survivors (2048K)
 Metaspace       used 60206K, committed 60736K, reserved 1105920K
  class space    used 7957K, committed 8192K, reserved 1048576K
}
Event: 5.432 GC heap before
{Heap before GC invocations=20 (full 0):
 garbage-first heap   total 83968K, used 49706K [0x0000000080000000, 0x0000000100000000)
  region size 1024K, 4 young (4096K), 2 survivors (2048K)
 Metaspace       used 60650K, committed 61248K, reserved 1105920K
  class space    used 8020K, committed 8320K, reserved 1048576K
}
Event: 5.434 GC heap after
{Heap after GC invocations=21 (full 0):
 garbage-first heap   total 83968K, used 47956K [0x0000000080000000, 0x0000000100000000)
  region size 1024K, 1 young (1024K), 1 survivors (1024K)
 Metaspace       used 60650K, committed 61248K, reserved 1105920K
  class space    used 8020K, committed 8320K, reserved 1048576K
}
Event: 5.560 GC heap before
{Heap before GC invocations=21 (full 0):
 garbage-first heap   total 83968K, used 58196K [0x0000000080000000, 0x0000000100000000)
  region size 1024K, 12 young (12288K), 1 survivors (1024K)
 Metaspace       used 62743K, committed 63296K, reserved 1105920K
  class space    used 8284K, committed 8576K, reserved 1048576K
}
Event: 5.562 GC heap after
{Heap after GC invocations=22 (full 0):
 garbage-first heap   total 103424K, used 49307K [0x0000000080000000, 0x0000000100000000)
  region size 1024K, 2 young (2048K), 2 survivors (2048K)
 Metaspace       used 62743K, committed 63296K, reserved 1105920K
  class space    used 8284K, committed 8576K, reserved 1048576K
}
Event: 5.795 GC heap before
{Heap before GC invocations=23 (full 0):
 garbage-first heap   total 106496K, used 85147K [0x0000000080000000, 0x0000000100000000)
  region size 1024K, 31 young (31744K), 2 survivors (2048K)
 Metaspace       used 64714K, committed 65280K, reserved 1105920K
  class space    used 8546K, committed 8832K, reserved 1048576K
}
Event: 5.798 GC heap after
{Heap after GC invocations=24 (full 0):
 garbage-first heap   total 106496K, used 52105K [0x0000000080000000, 0x0000000100000000)
  region size 1024K, 4 young (4096K), 4 survivors (4096K)
 Metaspace       used 64714K, committed 65280K, reserved 1105920K
  class space    used 8546K, committed 8832K, reserved 1048576K
}
Event: 5.806 GC heap before
{Heap before GC invocations=24 (full 0):
 garbage-first heap   total 106496K, used 53129K [0x0000000080000000, 0x0000000100000000)
  region size 1024K, 5 young (5120K), 4 survivors (4096K)
 Metaspace       used 64797K, committed 65344K, reserved 1105920K
  class space    used 8555K, committed 8832K, reserved 1048576K
}
Event: 5.808 GC heap after
{Heap after GC invocations=25 (full 0):
 garbage-first heap   total 106496K, used 52076K [0x0000000080000000, 0x0000000100000000)
  region size 1024K, 1 young (1024K), 1 survivors (1024K)
 Metaspace       used 64797K, committed 65344K, reserved 1105920K
  class space    used 8555K, committed 8832K, reserved 1048576K
}
Event: 6.158 GC heap before
{Heap before GC invocations=25 (full 0):
 garbage-first heap   total 106496K, used 81772K [0x0000000080000000, 0x0000000100000000)
  region size 1024K, 30 young (30720K), 1 survivors (1024K)
 Metaspace       used 66929K, committed 67456K, reserved 1114112K
  class space    used 8842K, committed 9088K, reserved 1048576K
}
Event: 6.161 GC heap after
{Heap after GC invocations=26 (full 0):
 garbage-first heap   total 106496K, used 54611K [0x0000000080000000, 0x0000000100000000)
  region size 1024K, 4 young (4096K), 4 survivors (4096K)
 Metaspace       used 66929K, committed 67456K, reserved 1114112K
  class space    used 8842K, committed 9088K, reserved 1048576K
}
Event: 6.313 GC heap before
{Heap before GC invocations=27 (full 0):
 garbage-first heap   total 106496K, used 82259K [0x0000000080000000, 0x0000000100000000)
  region size 1024K, 31 young (31744K), 4 survivors (4096K)
 Metaspace       used 67180K, committed 67776K, reserved 1114112K
  class space    used 8870K, committed 9152K, reserved 1048576K
}
Event: 6.317 GC heap after
{Heap after GC invocations=28 (full 0):
 garbage-first heap   total 106496K, used 56627K [0x0000000080000000, 0x0000000100000000)
  region size 1024K, 3 young (3072K), 3 survivors (3072K)
 Metaspace       used 67180K, committed 67776K, reserved 1114112K
  class space    used 8870K, committed 9152K, reserved 1048576K
}
Event: 6.473 GC heap before
{Heap before GC invocations=28 (full 0):
 garbage-first heap   total 106496K, used 71987K [0x0000000080000000, 0x0000000100000000)
  region size 1024K, 19 young (19456K), 3 survivors (3072K)
 Metaspace       used 69037K, committed 69568K, reserved 1114112K
  class space    used 9139K, committed 9408K, reserved 1048576K
}
Event: 6.476 GC heap after
{Heap after GC invocations=29 (full 0):
 garbage-first heap   total 188416K, used 57688K [0x0000000080000000, 0x0000000100000000)
  region size 1024K, 4 young (4096K), 4 survivors (4096K)
 Metaspace       used 69037K, committed 69568K, reserved 1114112K
  class space    used 9139K, committed 9408K, reserved 1048576K
}

Dll operation events (2 events):
Event: 0.005 Loaded shared library C:\Program Files\Android\Android Studio\jbr\bin\java.dll
Event: 0.276 Loaded shared library C:\Program Files\Android\Android Studio\jbr\bin\verify.dll

Deoptimization events (20 events):
Event: 6.266 Thread 0x000002a4c1fa5ab0 Uncommon trap: trap_request=0xfffffff4 fr.pc=0x000002a4b265d3cc relative=0x0000000000000a2c
Event: 6.266 Thread 0x000002a4c1fa5ab0 Uncommon trap: reason=null_check action=make_not_entrant pc=0x000002a4b265d3cc method=com.sun.beans.introspect.MethodInfo$MethodOrder.compare(Ljava/lang/reflect/Method;Ljava/lang/reflect/Method;)I @ 145 c2
Event: 6.266 Thread 0x000002a4c1fa5ab0 DEOPT PACKING pc=0x000002a4b265d3cc sp=0x000000c3b90f3780
Event: 6.267 Thread 0x000002a4c1fa5ab0 DEOPT UNPACKING pc=0x000002a4b1d769a3 sp=0x000000c3b90f36b0 mode 2
Event: 6.521 Thread 0x000002a4c1fa5ab0 Uncommon trap: trap_request=0xffffff45 fr.pc=0x000002a4b23481b4 relative=0x0000000000000574
Event: 6.521 Thread 0x000002a4c1fa5ab0 Uncommon trap: reason=unstable_if action=reinterpret pc=0x000002a4b23481b4 method=java.lang.AbstractStringBuilder.appendChars(Ljava/lang/String;II)V @ 11 c2
Event: 6.522 Thread 0x000002a4c1fa5ab0 DEOPT PACKING pc=0x000002a4b23481b4 sp=0x000000c3b90f74a0
Event: 6.522 Thread 0x000002a4c1fa5ab0 DEOPT UNPACKING pc=0x000002a4b1d769a3 sp=0x000000c3b90f73d0 mode 2
Event: 6.522 Thread 0x000002a4c1fa5ab0 Uncommon trap: trap_request=0xffffff45 fr.pc=0x000002a4b231a360 relative=0x00000000000004c0
Event: 6.522 Thread 0x000002a4c1fa5ab0 Uncommon trap: reason=unstable_if action=reinterpret pc=0x000002a4b231a360 method=java.lang.AbstractStringBuilder.putStringAt(ILjava/lang/String;II)V @ 8 c2
Event: 6.522 Thread 0x000002a4c1fa5ab0 DEOPT PACKING pc=0x000002a4b231a360 sp=0x000000c3b90f74f0
Event: 6.522 Thread 0x000002a4c1fa5ab0 DEOPT UNPACKING pc=0x000002a4b1d769a3 sp=0x000000c3b90f73d0 mode 2
Event: 6.522 Thread 0x000002a4c1fa5ab0 Uncommon trap: trap_request=0xffffff45 fr.pc=0x000002a4b22fef94 relative=0x0000000000000114
Event: 6.522 Thread 0x000002a4c1fa5ab0 Uncommon trap: reason=unstable_if action=reinterpret pc=0x000002a4b22fef94 method=java.lang.String.getBytes([BIIBI)V @ 6 c2
Event: 6.522 Thread 0x000002a4c1fa5ab0 DEOPT PACKING pc=0x000002a4b22fef94 sp=0x000000c3b90f7370
Event: 6.522 Thread 0x000002a4c1fa5ab0 DEOPT UNPACKING pc=0x000002a4b1d769a3 sp=0x000000c3b90f7338 mode 2
Event: 6.522 Thread 0x000002a4c1fa5ab0 Uncommon trap: trap_request=0xffffff45 fr.pc=0x000002a4b22fead4 relative=0x0000000000000134
Event: 6.522 Thread 0x000002a4c1fa5ab0 Uncommon trap: reason=unstable_if action=reinterpret pc=0x000002a4b22fead4 method=java.lang.AbstractStringBuilder.putStringAt(ILjava/lang/String;II)V @ 8 c2
Event: 6.522 Thread 0x000002a4c1fa5ab0 DEOPT PACKING pc=0x000002a4b22fead4 sp=0x000000c3b90f7470
Event: 6.522 Thread 0x000002a4c1fa5ab0 DEOPT UNPACKING pc=0x000002a4b1d769a3 sp=0x000000c3b90f73b8 mode 2

Classes unloaded (0 events):
No events

Classes redefined (0 events):
No events

Internal exceptions (20 events):
Event: 6.266 Thread 0x000002a4c1fa5ab0 Exception <a 'java/lang/ClassNotFoundException'{0x0000000085292058}: com/android/builder/core/AbstractBuildTypeCustomizer> (0x0000000085292058) 
thrown [s\src\hotspot\share\classfile\systemDictionary.cpp, line 256]
Event: 6.267 Thread 0x000002a4c1fa5ab0 Exception <a 'java/lang/ClassNotFoundException'{0x00000000852bc060}: com/android/build/gradle/internal/dsl/BuildTypeCustomizer> (0x00000000852bc060) 
thrown [s\src\hotspot\share\classfile\systemDictionary.cpp, line 256]
Event: 6.269 Thread 0x000002a4c1fa5ab0 Exception <a 'java/lang/ClassNotFoundException'{0x00000000851458e8}: com/android/build/gradle/internal/dsl/BuildType$AgpDecoratedCustomizer> (0x00000000851458e8) 
thrown [s\src\hotspot\share\classfile\systemDictionary.cpp, line 256]
Event: 6.270 Thread 0x000002a4c1fa5ab0 Exception <a 'java/lang/ClassNotFoundException'{0x0000000085198200}: com/android/build/gradle/internal/dsl/BuildType$AgpDecorated_DecoratedCustomizer> (0x0000000085198200) 
thrown [s\src\hotspot\share\classfile\systemDictionary.cpp, line 256]
Event: 6.274 Thread 0x000002a4c1fa5ab0 Exception <a 'java/lang/ClassNotFoundException'{0x00000000850757d8}: build_5lv7fahwyiyox2ea751kber5j$_run_closure1$_closure4BeanInfo> (0x00000000850757d8) 
thrown [s\src\hotspot\share\classfile\systemDictionary.cpp, line 256]
Event: 6.275 Thread 0x000002a4c1fa5ab0 Exception <a 'java/lang/ClassNotFoundException'{0x000000008507fd38}: build_5lv7fahwyiyox2ea751kber5j$_run_closure1$_closure4Customizer> (0x000000008507fd38) 
thrown [s\src\hotspot\share\classfile\systemDictionary.cpp, line 256]
Event: 6.276 Thread 0x000002a4c1fa5ab0 Exception <a 'java/lang/ClassNotFoundException'{0x00000000850a3bb0}: build_5lv7fahwyiyox2ea751kber5j$_run_closure1BeanInfo> (0x00000000850a3bb0) 
thrown [s\src\hotspot\share\classfile\systemDictionary.cpp, line 256]
Event: 6.276 Thread 0x000002a4c1fa5ab0 Exception <a 'java/lang/ClassNotFoundException'{0x00000000850ae840}: build_5lv7fahwyiyox2ea751kber5j$_run_closure1Customizer> (0x00000000850ae840) 
thrown [s\src\hotspot\share\classfile\systemDictionary.cpp, line 256]
Event: 6.280 Thread 0x000002a4c1fa5ab0 Exception <a 'java/lang/ClassNotFoundException'{0x00000000850e9cb0}: org/gradle/api/JavaVersionBeanInfo> (0x00000000850e9cb0) 
thrown [s\src\hotspot\share\classfile\systemDictionary.cpp, line 256]
Event: 6.280 Thread 0x000002a4c1fa5ab0 Exception <a 'java/lang/ClassNotFoundException'{0x00000000850fe660}: org/gradle/api/JavaVersionCustomizer> (0x00000000850fe660) 
thrown [s\src\hotspot\share\classfile\systemDictionary.cpp, line 256]
Event: 6.282 Thread 0x000002a4c1fa5ab0 Exception <a 'java/lang/ClassNotFoundException'{0x0000000084f42188}: com/android/build/gradle/internal/CompileOptions$AgpDecorated_DecoratedBeanInfo> (0x0000000084f42188) 
thrown [s\src\hotspot\share\classfile\systemDictionary.cpp, line 256]
Event: 6.282 Thread 0x000002a4c1fa5ab0 Exception <a 'java/lang/ClassNotFoundException'{0x0000000084f4e828}: com/android/build/gradle/internal/CompileOptions$AgpDecoratedBeanInfo> (0x0000000084f4e828) 
thrown [s\src\hotspot\share\classfile\systemDictionary.cpp, line 256]
Event: 6.282 Thread 0x000002a4c1fa5ab0 Exception <a 'java/lang/ClassNotFoundException'{0x0000000084f5ad60}: com/android/build/gradle/internal/CompileOptionsBeanInfo> (0x0000000084f5ad60) 
thrown [s\src\hotspot\share\classfile\systemDictionary.cpp, line 256]
Event: 6.283 Thread 0x000002a4c1fa5ab0 Exception <a 'java/lang/ClassNotFoundException'{0x0000000084f672a0}: com/android/build/gradle/internal/CompileOptionsCustomizer> (0x0000000084f672a0) 
thrown [s\src\hotspot\share\classfile\systemDictionary.cpp, line 256]
Event: 6.283 Thread 0x000002a4c1fa5ab0 Exception <a 'java/lang/ClassNotFoundException'{0x0000000084f7ebc0}: com/android/build/gradle/internal/CompileOptions$AgpDecoratedCustomizer> (0x0000000084f7ebc0) 
thrown [s\src\hotspot\share\classfile\systemDictionary.cpp, line 256]
Event: 6.283 Thread 0x000002a4c1fa5ab0 Exception <a 'java/lang/ClassNotFoundException'{0x0000000084f8ec60}: com/android/build/gradle/internal/CompileOptions$AgpDecorated_DecoratedCustomizer> (0x0000000084f8ec60) 
thrown [s\src\hotspot\share\classfile\systemDictionary.cpp, line 256]
Event: 6.286 Thread 0x000002a4c1fa5ab0 Exception <a 'java/lang/ClassNotFoundException'{0x0000000084e06048}: org/gradle/api/internal/artifacts/dsl/dependencies/DefaultDependencyHandler_DecoratedBeanInfo> (0x0000000084e06048) 
thrown [s\src\hotspot\share\classfile\systemDictionary.cpp, line 256]
Event: 6.287 Thread 0x000002a4c1fa5ab0 Exception <a 'java/lang/ClassNotFoundException'{0x0000000084e1d3c0}: org/gradle/api/internal/artifacts/dsl/dependencies/DefaultDependencyHandlerBeanInfo> (0x0000000084e1d3c0) 
thrown [s\src\hotspot\share\classfile\systemDictionary.cpp, line 256]
Event: 6.287 Thread 0x000002a4c1fa5ab0 Exception <a 'java/lang/ClassNotFoundException'{0x0000000084e346f8}: org/gradle/api/internal/artifacts/dsl/dependencies/DefaultDependencyHandlerCustomizer> (0x0000000084e346f8) 
thrown [s\src\hotspot\share\classfile\systemDictionary.cpp, line 256]
Event: 6.289 Thread 0x000002a4c1fa5ab0 Exception <a 'java/lang/ClassNotFoundException'{0x0000000084e72cd0}: org/gradle/api/internal/artifacts/dsl/dependencies/DefaultDependencyHandler_DecoratedCustomizer> (0x0000000084e72cd0) 
thrown [s\src\hotspot\share\classfile\systemDictionary.cpp, line 256]

VM Operations (20 events):
Event: 5.604 Executing VM operation: G1Concurrent
Event: 5.604 Executing VM operation: G1Concurrent done
Event: 5.795 Executing VM operation: G1CollectForAllocation
Event: 5.798 Executing VM operation: G1CollectForAllocation done
Event: 5.806 Executing VM operation: G1CollectForAllocation
Event: 5.808 Executing VM operation: G1CollectForAllocation done
Event: 6.107 Executing VM operation: ICBufferFull
Event: 6.107 Executing VM operation: ICBufferFull done
Event: 6.158 Executing VM operation: G1CollectForAllocation
Event: 6.161 Executing VM operation: G1CollectForAllocation done
Event: 6.187 Executing VM operation: G1Concurrent
Event: 6.189 Executing VM operation: G1Concurrent done
Event: 6.201 Executing VM operation: G1Concurrent
Event: 6.201 Executing VM operation: G1Concurrent done
Event: 6.310 Executing VM operation: HandshakeAllThreads
Event: 6.310 Executing VM operation: HandshakeAllThreads done
Event: 6.313 Executing VM operation: G1CollectForAllocation
Event: 6.317 Executing VM operation: G1CollectForAllocation done
Event: 6.473 Executing VM operation: G1TryInitiateConcMark
Event: 6.476 Executing VM operation: G1TryInitiateConcMark done

Events (20 events):
Event: 5.910 loading class javax/xml/stream/XMLStreamException
Event: 5.911 loading class javax/xml/stream/XMLStreamException done
Event: 5.922 loading class sun/reflect/annotation/AnnotationInvocationHandler$1
Event: 5.922 loading class sun/reflect/annotation/AnnotationInvocationHandler$1 done
Event: 6.103 Thread 0x000002a4c4961ae0 Thread exited: 0x000002a4c4961ae0
Event: 6.117 loading class org/xml/sax/Locator
Event: 6.117 loading class org/xml/sax/Locator done
Event: 6.117 loading class org/xml/sax/SAXParseException
Event: 6.118 loading class org/xml/sax/SAXParseException done
Event: 6.119 loading class org/xml/sax/Attributes
Event: 6.119 loading class org/xml/sax/Attributes done
Event: 6.212 loading class java/beans/IntrospectionException
Event: 6.212 loading class java/beans/IntrospectionException done
Event: 6.215 Thread 0x000002a4c9094030 Thread added: 0x000002a4c9094030
Event: 6.482 loading class sun/reflect/generics/repository/FieldRepository
Event: 6.482 loading class sun/reflect/generics/repository/FieldRepository done
Event: 6.491 loading class jdk/internal/vm/annotation/ForceInline
Event: 6.491 loading class jdk/internal/vm/annotation/ForceInline done
Event: 6.522 loading class java/util/regex/Pattern$Caret
Event: 6.522 loading class java/util/regex/Pattern$Caret done


Dynamic libraries:
0x00007ff63c730000 - 0x00007ff63c73a000 	C:\Program Files\Android\Android Studio\jbr\bin\java.exe
0x00007ffd37bf0000 - 0x00007ffd37e07000 	C:\WINDOWS\SYSTEM32\ntdll.dll
0x00007ffd36830000 - 0x00007ffd368f4000 	C:\WINDOWS\System32\KERNEL32.DLL
0x00007ffd35570000 - 0x00007ffd3591d000 	C:\WINDOWS\System32\KERNELBASE.dll
0x00007ffd35260000 - 0x00007ffd35371000 	C:\WINDOWS\System32\ucrtbase.dll
0x00007ffd27580000 - 0x00007ffd27597000 	C:\Program Files\Android\Android Studio\jbr\bin\jli.dll
0x00007ffd26cf0000 - 0x00007ffd26d0b000 	C:\Program Files\Android\Android Studio\jbr\bin\VCRUNTIME140.dll
0x00007ffd360b0000 - 0x00007ffd3625e000 	C:\WINDOWS\System32\USER32.dll
0x00007ffd35420000 - 0x00007ffd35446000 	C:\WINDOWS\System32\win32u.dll
0x00007ffd34150000 - 0x00007ffd343e3000 	C:\WINDOWS\WinSxS\amd64_microsoft.windows.common-controls_6595b64144ccf1df_6.0.22621.3672_none_2713b9d173822955\COMCTL32.dll
0x00007ffd37b00000 - 0x00007ffd37b29000 	C:\WINDOWS\System32\GDI32.dll
0x00007ffd35140000 - 0x00007ffd35259000 	C:\WINDOWS\System32\gdi32full.dll
0x00007ffd35920000 - 0x00007ffd359c7000 	C:\WINDOWS\System32\msvcrt.dll
0x00007ffd35380000 - 0x00007ffd3541a000 	C:\WINDOWS\System32\msvcp_win.dll
0x00007ffd36060000 - 0x00007ffd36091000 	C:\WINDOWS\System32\IMM32.DLL
0x00007ffd271f0000 - 0x00007ffd271fc000 	C:\Program Files\Android\Android Studio\jbr\bin\vcruntime140_1.dll
0x00007ffd18b30000 - 0x00007ffd18bbd000 	C:\Program Files\Android\Android Studio\jbr\bin\msvcp140.dll
0x00007ffceeb40000 - 0x00007ffcef7ae000 	C:\Program Files\Android\Android Studio\jbr\bin\server\jvm.dll
0x00007ffd35b20000 - 0x00007ffd35bd2000 	C:\WINDOWS\System32\ADVAPI32.dll
0x00007ffd36410000 - 0x00007ffd364b9000 	C:\WINDOWS\System32\sechost.dll
0x00007ffd35540000 - 0x00007ffd35568000 	C:\WINDOWS\System32\bcrypt.dll
0x00007ffd35a00000 - 0x00007ffd35b14000 	C:\WINDOWS\System32\RPCRT4.dll
0x00007ffd159b0000 - 0x00007ffd159b9000 	C:\WINDOWS\SYSTEM32\WSOCK32.dll
0x00007ffd2ef40000 - 0x00007ffd2ef74000 	C:\WINDOWS\SYSTEM32\WINMM.dll
0x00007ffd2de20000 - 0x00007ffd2de2a000 	C:\WINDOWS\SYSTEM32\VERSION.dll
0x00007ffd37b30000 - 0x00007ffd37ba1000 	C:\WINDOWS\System32\WS2_32.dll
0x00007ffd33700000 - 0x00007ffd33718000 	C:\WINDOWS\SYSTEM32\kernel.appcore.dll
0x00007ffd2f130000 - 0x00007ffd2f13a000 	C:\Program Files\Android\Android Studio\jbr\bin\jimage.dll
0x00007ffd34860000 - 0x00007ffd34a92000 	C:\WINDOWS\SYSTEM32\DBGHELP.DLL
0x00007ffd37710000 - 0x00007ffd37a9d000 	C:\WINDOWS\System32\combase.dll
0x00007ffd364c0000 - 0x00007ffd36597000 	C:\WINDOWS\System32\OLEAUT32.dll
0x00007ffd34700000 - 0x00007ffd34732000 	C:\WINDOWS\SYSTEM32\dbgcore.DLL
0x00007ffd354c0000 - 0x00007ffd3553b000 	C:\WINDOWS\System32\bcryptPrimitives.dll
0x00007ffd2f060000 - 0x00007ffd2f085000 	C:\Program Files\Android\Android Studio\jbr\bin\java.dll
0x00007ffd2f110000 - 0x00007ffd2f128000 	C:\Program Files\Android\Android Studio\jbr\bin\zip.dll
0x00007ffd36ea0000 - 0x00007ffd37708000 	C:\WINDOWS\System32\SHELL32.dll
0x00007ffd323b0000 - 0x00007ffd32cae000 	C:\WINDOWS\SYSTEM32\windows.storage.dll
0x00007ffd32250000 - 0x00007ffd3238f000 	C:\WINDOWS\SYSTEM32\wintypes.dll
0x00007ffd36ca0000 - 0x00007ffd36d99000 	C:\WINDOWS\System32\SHCORE.dll
0x00007ffd36770000 - 0x00007ffd367ce000 	C:\WINDOWS\System32\shlwapi.dll
0x00007ffd34e40000 - 0x00007ffd34e61000 	C:\WINDOWS\SYSTEM32\profapi.dll
0x00007ffd2b9e0000 - 0x00007ffd2b9f9000 	C:\Program Files\Android\Android Studio\jbr\bin\net.dll
0x00007ffd2dba0000 - 0x00007ffd2dcd6000 	C:\WINDOWS\SYSTEM32\WINHTTP.dll
0x00007ffd33cb0000 - 0x00007ffd33d19000 	C:\WINDOWS\system32\mswsock.dll
0x00007ffd2a1c0000 - 0x00007ffd2a1d6000 	C:\Program Files\Android\Android Studio\jbr\bin\nio.dll
0x00007ffd2a1b0000 - 0x00007ffd2a1c0000 	C:\Program Files\Android\Android Studio\jbr\bin\verify.dll
0x00007ffd1ed50000 - 0x00007ffd1ed77000 	C:\Users\scher\.gradle\native\68d5fa5c4cc2d200863cafc0d521ce42e7d3e7ee720ec0a83991735586a16f82\windows-amd64\native-platform.dll
0x00007ffcf3d80000 - 0x00007ffcf3ec4000 	C:\Users\scher\.gradle\native\e376f236ea51e6404a007f0833ffe2c6e607c4080706a723a18a27aeea778392\windows-amd64\native-platform-file-events.dll
0x00007ffd27570000 - 0x00007ffd27579000 	C:\Program Files\Android\Android Studio\jbr\bin\management.dll
0x00007ffd27420000 - 0x00007ffd2742b000 	C:\Program Files\Android\Android Studio\jbr\bin\management_ext.dll
0x00007ffd359f0000 - 0x00007ffd359f8000 	C:\WINDOWS\System32\PSAPI.DLL
0x00007ffd34ba0000 - 0x00007ffd34bbb000 	C:\WINDOWS\SYSTEM32\CRYPTSP.dll
0x00007ffd33660000 - 0x00007ffd33695000 	C:\WINDOWS\system32\rsaenh.dll
0x00007ffd33f60000 - 0x00007ffd33f88000 	C:\WINDOWS\SYSTEM32\USERENV.dll
0x00007ffd33f90000 - 0x00007ffd33f9c000 	C:\WINDOWS\SYSTEM32\CRYPTBASE.dll
0x00007ffd330e0000 - 0x00007ffd3310d000 	C:\WINDOWS\SYSTEM32\IPHLPAPI.DLL
0x00007ffd365a0000 - 0x00007ffd365a9000 	C:\WINDOWS\System32\NSI.dll
0x00007ffd2ce10000 - 0x00007ffd2ce29000 	C:\WINDOWS\SYSTEM32\dhcpcsvc6.DLL
0x00007ffd2ca00000 - 0x00007ffd2ca1f000 	C:\WINDOWS\SYSTEM32\dhcpcsvc.DLL
0x00007ffd331d0000 - 0x00007ffd332c8000 	C:\WINDOWS\SYSTEM32\DNSAPI.dll
0x00007ffd27410000 - 0x00007ffd27418000 	C:\WINDOWS\system32\wshunix.dll

dbghelp: loaded successfully - version: 4.0.5 - missing functions: none
symbol engine: initialized successfully - sym options: 0x614 - pdb path: .;C:\Program Files\Android\Android Studio\jbr\bin;C:\WINDOWS\SYSTEM32;C:\WINDOWS\WinSxS\amd64_microsoft.windows.common-controls_6595b64144ccf1df_6.0.22621.3672_none_2713b9d173822955;C:\Program Files\Android\Android Studio\jbr\bin\server;C:\Users\scher\.gradle\native\68d5fa5c4cc2d200863cafc0d521ce42e7d3e7ee720ec0a83991735586a16f82\windows-amd64;C:\Users\scher\.gradle\native\e376f236ea51e6404a007f0833ffe2c6e607c4080706a723a18a27aeea778392\windows-amd64

VM Arguments:
jvm_args: --add-opens=java.base/java.util=ALL-UNNAMED --add-opens=java.base/java.lang=ALL-UNNAMED --add-opens=java.base/java.lang.invoke=ALL-UNNAMED --add-opens=java.prefs/java.util.prefs=ALL-UNNAMED --add-opens=java.base/java.nio.charset=ALL-UNNAMED --add-opens=java.base/java.net=ALL-UNNAMED --add-opens=java.base/java.util.concurrent.atomic=ALL-UNNAMED -Xmx2048m -Dfile.encoding=UTF-8 -Duser.country=BR -Duser.language=pt -Duser.variant 
java_command: org.gradle.launcher.daemon.bootstrap.GradleDaemon 8.0
java_class_path (initial): C:\Users\scher\.gradle\wrapper\dists\gradle-8.0-bin\ca5e32bp14vu59qr306oxotwh\gradle-8.0\lib\gradle-launcher-8.0.jar
Launcher Type: SUN_STANDARD

[Global flags]
     intx CICompilerCount                          = 4                                         {product} {ergonomic}
     uint ConcGCThreads                            = 2                                         {product} {ergonomic}
     uint G1ConcRefinementThreads                  = 8                                         {product} {ergonomic}
   size_t G1HeapRegionSize                         = 1048576                                   {product} {ergonomic}
    uintx GCDrainStackTargetSize                   = 64                                        {product} {ergonomic}
   size_t InitialHeapSize                          = 134217728                                 {product} {ergonomic}
   size_t MarkStackSize                            = 4194304                                   {product} {ergonomic}
   size_t MaxHeapSize                              = 2147483648                                {product} {command line}
   size_t MaxNewSize                               = 1287651328                                {product} {ergonomic}
   size_t MinHeapDeltaBytes                        = 1048576                                   {product} {ergonomic}
   size_t MinHeapSize                              = 8388608                                   {product} {ergonomic}
    uintx NonNMethodCodeHeapSize                   = 5839372                                {pd product} {ergonomic}
    uintx NonProfiledCodeHeapSize                  = 122909434                              {pd product} {ergonomic}
    uintx ProfiledCodeHeapSize                     = 122909434                              {pd product} {ergonomic}
    uintx ReservedCodeCacheSize                    = 251658240                              {pd product} {ergonomic}
     bool SegmentedCodeCache                       = true                                      {product} {ergonomic}
   size_t SoftMaxHeapSize                          = 2147483648                             {manageable} {ergonomic}
     bool UseCompressedClassPointers               = true                           {product lp64_product} {ergonomic}
     bool UseCompressedOops                        = true                           {product lp64_product} {ergonomic}
     bool UseG1GC                                  = true                                      {product} {ergonomic}
     bool UseLargePagesIndividualAllocation        = false                                  {pd product} {ergonomic}

Logging:
Log output configuration:
 #0: stdout all=warning uptime,level,tags
 #1: stderr all=off uptime,level,tags

Environment Variables:
PATH=C:\Program Files\Common Files\Oracle\Java\javapath;C:\Program Files (x86)\Embarcadero\Studio\22.0\bin;C:\Users\Public\Documents\Embarcadero\Studio\22.0\Bpl;C:\Program Files (x86)\Embarcadero\Studio\22.0\bin64;C:\Users\Public\Documents\Embarcadero\Studio\22.0\Bpl\Win64;C:\Program Files (x86)\Embarcadero\Studio\21.0\bin;C:\Users\Public\Documents\Embarcadero\Studio\21.0\Bpl;C:\Program Files (x86)\Embarcadero\Studio\21.0\bin64;C:\Users\Public\Documents\Embarcadero\Studio\21.0\Bpl\Win64;C:\Windows\system32;C:\Windows;C:\Windows\System32\Wbem;C:\Windows\System32\WindowsPowerShell\v1.0\;C:\Windows\System32\OpenSSH\;C:\Program Files (x86)\NVIDIA Corporation\PhysX\Common;C:\Program Files\NVIDIA Corporation\NVIDIA NvDLISR;C:\WINDOWS\system32;C:\WINDOWS;C:\WINDOWS\System32\Wbem;C:\WINDOWS\System32\WindowsPowerShell\v1.0\;C:\WINDOWS\System32\OpenSSH\;C:\Program Files\dotnet\;C:\Program Files (x86)\Windows Kits\10\Windows Performance Toolkit\;C:\Program Files\Git\cmd;C:\Users\scher\AppData\Local\Microsoft\WindowsApps;;C:\Users\scher\AppData\Local\Programs\Microsoft VS Code\bin
USERNAME=scher
OS=Windows_NT
PROCESSOR_IDENTIFIER=Intel64 Family 6 Model 142 Stepping 12, GenuineIntel
TMP=C:\Users\scher\AppData\Local\Temp
TEMP=C:\Users\scher\AppData\Local\Temp


JNI global refs:
JNI global refs: 24, weak refs: 2

JNI global refs memory usage: 843, weak refs: 841


---------------  S Y S T E M  ---------------

OS:
 Windows 11 , 64 bit Build 22621 (10.0.22621.3958)
OS uptime: 0 days 22:37 hours
Hyper-V role detected

CPU: total 8 (initial active 8) (4 cores per cpu, 2 threads per core) family 6 model 142 stepping 12 microcode 0xea, cx8, cmov, fxsr, ht, mmx, 3dnowpref, sse, sse2, sse3, ssse3, sse4.1, sse4.2, popcnt, lzcnt, tsc, tscinvbit, avx, avx2, aes, erms, clmul, bmi1, bmi2, adx, fma, vzeroupper, clflush, clflushopt, hv

Memory: 4k page, system-wide physical 8072M (821M free)
TotalPageFile size 10120M (AvailPageFile size 7M)
current process WorkingSet (physical memory assigned to process): 361M, peak: 361M
current process commit charge ("private bytes"): 472M, peak: 475M

vm_info: OpenJDK 64-Bit Server VM (17.0.6+0-b2043.56-10027231) for windows-amd64 JRE (17.0.6+0-b2043.56-10027231), built on Apr 28 2023 00:43:19 by "androidbuild" with MS VC++ 16.10 / 16.11 (VS2019)

END.
