#
# There is insufficient memory for the Java Runtime Environment to continue.
# Native memory allocation (malloc) failed to allocate 956656 bytes for Chunk::new
# Possible reasons:
#   The system is out of physical RAM or swap space
#   The process is running with CompressedOops enabled, and the Java Heap may be blocking the growth of the native heap
# Possible solutions:
#   Reduce memory load on the system
#   Increase physical memory or swap space
#   Check if swap backing store is full
#   Decrease Java heap size (-Xmx/-Xms)
#   Decrease number of Java threads
#   Decrease Java thread stack sizes (-Xss)
#   Set larger code cache with -XX:ReservedCodeCacheSize=
#   JVM is running with Unscaled Compressed Oops mode in which the Java heap is
#     placed in the first 4GB address space. The Java Heap base address is the
#     maximum limit for the native heap growth. Please use -XX:HeapBaseMinAddress
#     to set the Java Heap base and to place the Java Heap above 4GB virtual address.
# This output file may be truncated or incomplete.
#
#  Out of Memory Error (arena.cpp:189), pid=2040, tid=9836
#
# JRE version: OpenJDK Runtime Environment (17.0.6) (build 17.0.6+0-b2043.56-10027231)
# Java VM: OpenJDK 64-Bit Server VM (17.0.6+0-b2043.56-10027231, mixed mode, tiered, compressed oops, compressed class ptrs, g1 gc, windows-amd64)
# No core dump will be written. Minidumps are not enabled by default on client versions of Windows
#

---------------  S U M M A R Y ------------

Command Line: --add-opens=java.base/java.util=ALL-UNNAMED --add-opens=java.base/java.lang=ALL-UNNAMED --add-opens=java.base/java.lang.invoke=ALL-UNNAMED --add-opens=java.prefs/java.util.prefs=ALL-UNNAMED --add-opens=java.base/java.nio.charset=ALL-UNNAMED --add-opens=java.base/java.net=ALL-UNNAMED --add-opens=java.base/java.util.concurrent.atomic=ALL-UNNAMED -Xmx2048m -Dfile.encoding=UTF-8 -Duser.country=BR -Duser.language=pt -Duser.variant org.gradle.launcher.daemon.bootstrap.GradleDaemon 8.0

Host: Intel(R) Core(TM) i7-8565U CPU @ 1.80GHz, 8 cores, 7G,  Windows 11 , 64 bit Build 22621 (10.0.22621.3958)
Time: Sat Aug 31 19:31:36 2024 Hora oficial do Brasil elapsed time: 3.881722 seconds (0d 0h 0m 3s)

---------------  T H R E A D  ---------------

Current thread (0x00000236a878ee60):  JavaThread "C2 CompilerThread1" daemon [_thread_in_native, id=9836, stack(0x000000f1d7600000,0x000000f1d7700000)]


Current CompileTask:
C2:   3881 3917       4       org.objectweb.asm.Frame::execute (2318 bytes)

Stack: [0x000000f1d7600000,0x000000f1d7700000]
Native frames: (J=compiled Java code, j=interpreted, Vv=VM code, C=native code)
V  [jvm.dll+0x683c9a]
V  [jvm.dll+0x8427a4]
V  [jvm.dll+0x843f9e]
V  [jvm.dll+0x844603]
V  [jvm.dll+0x249b75]
V  [jvm.dll+0xabcac]
V  [jvm.dll+0xac27c]
V  [jvm.dll+0x368802]
V  [jvm.dll+0x1bced2]
V  [jvm.dll+0x21c359]
V  [jvm.dll+0x21b621]
V  [jvm.dll+0x1a4fdd]
V  [jvm.dll+0x22b098]
V  [jvm.dll+0x229159]
V  [jvm.dll+0x7f81ec]
V  [jvm.dll+0x7f274a]
V  [jvm.dll+0x682ad5]
C  [ucrtbase.dll+0x29333]
C  [KERNEL32.DLL+0x1257d]
C  [ntdll.dll+0x5af28]


---------------  P R O C E S S  ---------------

Threads class SMR info:
_java_thread_list=0x00000236ab4c8c70, length=40, elements={
0x000002368ba3d750, 0x00000236a7a1e260, 0x00000236a79f3b10, 0x00000236a7a0a410,
0x00000236a7a0aed0, 0x00000236a8439410, 0x00000236a8439cd0, 0x00000236a843acd0,
0x00000236a843d050, 0x00000236a844a4b0, 0x00000236a85b1b90, 0x00000236a85c1940,
0x00000236a878ee60, 0x00000236a92abe50, 0x00000236ab262660, 0x00000236a9e50890,
0x00000236aba7b800, 0x00000236a9007ac0, 0x00000236a98b1860, 0x00000236a98e7940,
0x00000236aac27d70, 0x00000236aa92bd20, 0x00000236aa92c6c0, 0x00000236aa92d530,
0x00000236aa92cb90, 0x00000236aa92da00, 0x00000236aa92c1f0, 0x00000236aa92d060,
0x00000236aa92a9e0, 0x00000236aa92aeb0, 0x00000236aa92b380, 0x00000236aa92ded0,
0x00000236aa92e3a0, 0x00000236aa92b850, 0x00000236ac550890, 0x00000236ac54e6e0,
0x00000236ac550d60, 0x00000236ac54ebb0, 0x00000236ac54d870, 0x00000236ac54f550
}

Java Threads: ( => current thread )
  0x000002368ba3d750 JavaThread "main" [_thread_blocked, id=5184, stack(0x000000f1d6300000,0x000000f1d6400000)]
  0x00000236a7a1e260 JavaThread "Reference Handler" daemon [_thread_blocked, id=13592, stack(0x000000f1d6a00000,0x000000f1d6b00000)]
  0x00000236a79f3b10 JavaThread "Finalizer" daemon [_thread_blocked, id=12828, stack(0x000000f1d6b00000,0x000000f1d6c00000)]
  0x00000236a7a0a410 JavaThread "Signal Dispatcher" daemon [_thread_blocked, id=14092, stack(0x000000f1d6c00000,0x000000f1d6d00000)]
  0x00000236a7a0aed0 JavaThread "Attach Listener" daemon [_thread_blocked, id=9428, stack(0x000000f1d6d00000,0x000000f1d6e00000)]
  0x00000236a8439410 JavaThread "Service Thread" daemon [_thread_blocked, id=3092, stack(0x000000f1d6e00000,0x000000f1d6f00000)]
  0x00000236a8439cd0 JavaThread "Monitor Deflation Thread" daemon [_thread_blocked, id=5732, stack(0x000000f1d6f00000,0x000000f1d7000000)]
  0x00000236a843acd0 JavaThread "C2 CompilerThread0" daemon [_thread_in_native, id=5612, stack(0x000000f1d7000000,0x000000f1d7100000)]
  0x00000236a843d050 JavaThread "C1 CompilerThread0" daemon [_thread_in_native, id=10348, stack(0x000000f1d7100000,0x000000f1d7200000)]
  0x00000236a844a4b0 JavaThread "Sweeper thread" daemon [_thread_blocked, id=7128, stack(0x000000f1d7200000,0x000000f1d7300000)]
  0x00000236a85b1b90 JavaThread "Common-Cleaner" daemon [_thread_blocked, id=13736, stack(0x000000f1d7300000,0x000000f1d7400000)]
  0x00000236a85c1940 JavaThread "Notification Thread" daemon [_thread_blocked, id=11780, stack(0x000000f1d7400000,0x000000f1d7500000)]
=>0x00000236a878ee60 JavaThread "C2 CompilerThread1" daemon [_thread_in_native, id=9836, stack(0x000000f1d7600000,0x000000f1d7700000)]
  0x00000236a92abe50 JavaThread "C2 CompilerThread2" daemon [_thread_in_native, id=296, stack(0x000000f1d7b00000,0x000000f1d7c00000)]
  0x00000236ab262660 JavaThread "Daemon health stats" [_thread_blocked, id=12736, stack(0x000000f1d7c00000,0x000000f1d7d00000)]
  0x00000236a9e50890 JavaThread "Incoming local TCP Connector on port 51280" [_thread_in_native, id=5356, stack(0x000000f1d7d00000,0x000000f1d7e00000)]
  0x00000236aba7b800 JavaThread "Daemon periodic checks" [_thread_blocked, id=6960, stack(0x000000f1d7e00000,0x000000f1d7f00000)]
  0x00000236a9007ac0 JavaThread "Daemon" [_thread_blocked, id=5820, stack(0x000000f1d7f00000,0x000000f1d8000000)]
  0x00000236a98b1860 JavaThread "Handler for socket connection from /127.0.0.1:51280 to /127.0.0.1:51281" [_thread_in_native, id=9752, stack(0x000000f1d8000000,0x000000f1d8100000)]
  0x00000236a98e7940 JavaThread "Cancel handler" [_thread_blocked, id=2788, stack(0x000000f1d8100000,0x000000f1d8200000)]
  0x00000236aac27d70 JavaThread "Daemon worker" [_thread_in_vm, id=14264, stack(0x000000f1d8200000,0x000000f1d8300000)]
  0x00000236aa92bd20 JavaThread "Asynchronous log dispatcher for DefaultDaemonConnection: socket connection from /127.0.0.1:51280 to /127.0.0.1:51281" [_thread_blocked, id=7320, stack(0x000000f1d8300000,0x000000f1d8400000)]
  0x00000236aa92c6c0 JavaThread "Stdin handler" [_thread_blocked, id=8356, stack(0x000000f1d8400000,0x000000f1d8500000)]
  0x00000236aa92d530 JavaThread "Daemon client event forwarder" [_thread_blocked, id=8200, stack(0x000000f1d8500000,0x000000f1d8600000)]
  0x00000236aa92cb90 JavaThread "Cache worker for journal cache (C:\Users\scher\.gradle\caches\journal-1)" [_thread_blocked, id=3624, stack(0x000000f1d8a00000,0x000000f1d8b00000)]
  0x00000236aa92da00 JavaThread "File lock request listener" [_thread_in_native, id=13676, stack(0x000000f1d8b00000,0x000000f1d8c00000)]
  0x00000236aa92c1f0 JavaThread "Cache worker for file hash cache (C:\Users\scher\.gradle\caches\8.0\fileHashes)" [_thread_blocked, id=2608, stack(0x000000f1d8c00000,0x000000f1d8d00000)]
  0x00000236aa92d060 JavaThread "File watcher server" daemon [_thread_in_native, id=13908, stack(0x000000f1d8d00000,0x000000f1d8e00000)]
  0x00000236aa92a9e0 JavaThread "File watcher consumer" daemon [_thread_blocked, id=13208, stack(0x000000f1d8e00000,0x000000f1d8f00000)]
  0x00000236aa92aeb0 JavaThread "Cache worker for checksums cache (C:\Users\scher\Documents\PROJETOS ANDROID\RECICLAAI\.gradle\8.0\checksums)" [_thread_blocked, id=11620, stack(0x000000f1d8f00000,0x000000f1d9000000)]
  0x00000236aa92b380 JavaThread "Cache worker for cache directory md-rule (C:\Users\scher\.gradle\caches\8.0\md-rule)" [_thread_blocked, id=15304, stack(0x000000f1d9000000,0x000000f1d9100000)]
  0x00000236aa92ded0 JavaThread "Cache worker for file content cache (C:\Users\scher\.gradle\caches\8.0\fileContent)" [_thread_blocked, id=7800, stack(0x000000f1d9100000,0x000000f1d9200000)]
  0x00000236aa92e3a0 JavaThread "Cache worker for file hash cache (C:\Users\scher\Documents\PROJETOS ANDROID\RECICLAAI\.gradle\8.0\fileHashes)" [_thread_blocked, id=13244, stack(0x000000f1d9200000,0x000000f1d9300000)]
  0x00000236aa92b850 JavaThread "Cache worker for cache directory md-supplier (C:\Users\scher\.gradle\caches\8.0\md-supplier)" [_thread_blocked, id=9500, stack(0x000000f1d9300000,0x000000f1d9400000)]
  0x00000236ac550890 JavaThread "Cache worker for execution history cache (C:\Users\scher\.gradle\caches\8.0\executionHistory)" [_thread_blocked, id=9212, stack(0x000000f1d9400000,0x000000f1d9500000)]
  0x00000236ac54e6e0 JavaThread "jar transforms" [_thread_blocked, id=5628, stack(0x000000f1d9500000,0x000000f1d9600000)]
  0x00000236ac550d60 JavaThread "jar transforms Thread 2" [_thread_blocked, id=5320, stack(0x000000f1d9600000,0x000000f1d9700000)]
  0x00000236ac54ebb0 JavaThread "jar transforms Thread 3" [_thread_blocked, id=8104, stack(0x000000f1d9800000,0x000000f1d9900000)]
  0x00000236ac54d870 JavaThread "jar transforms Thread 4" [_thread_blocked, id=3828, stack(0x000000f1d9900000,0x000000f1d9a00000)]
  0x00000236ac54f550 JavaThread "Cache worker for dependencies-accessors (C:\Users\scher\Documents\PROJETOS ANDROID\RECICLAAI\.gradle\8.0\dependencies-accessors)" [_thread_blocked, id=15300, stack(0x000000f1d9a00000,0x000000f1d9b00000)]

Other Threads:
  0x00000236a8413330 VMThread "VM Thread" [stack: 0x000000f1d6900000,0x000000f1d6a00000] [id=5092]
  0x000002368bc86ae0 WatcherThread [stack: 0x000000f1d7500000,0x000000f1d7600000] [id=14696]
  0x000002368bc5d1a0 GCTaskThread "GC Thread#0" [stack: 0x000000f1d6400000,0x000000f1d6500000] [id=13516]
  0x00000236a95aa600 GCTaskThread "GC Thread#1" [stack: 0x000000f1d7700000,0x000000f1d7800000] [id=8548]
  0x00000236a95aa8b0 GCTaskThread "GC Thread#2" [stack: 0x000000f1d7800000,0x000000f1d7900000] [id=9496]
  0x00000236a9314030 GCTaskThread "GC Thread#3" [stack: 0x000000f1d7900000,0x000000f1d7a00000] [id=1420]
  0x00000236a9cbdcf0 GCTaskThread "GC Thread#4" [stack: 0x000000f1d7a00000,0x000000f1d7b00000] [id=12664]
  0x00000236ab155840 GCTaskThread "GC Thread#5" [stack: 0x000000f1d8600000,0x000000f1d8700000] [id=3184]
  0x00000236aa82dcf0 GCTaskThread "GC Thread#6" [stack: 0x000000f1d8700000,0x000000f1d8800000] [id=8876]
  0x00000236aa85b020 GCTaskThread "GC Thread#7" [stack: 0x000000f1d8800000,0x000000f1d8900000] [id=11848]
  0x000002368bc6dff0 ConcurrentGCThread "G1 Main Marker" [stack: 0x000000f1d6500000,0x000000f1d6600000] [id=6856]
  0x000002368bc6f0b0 ConcurrentGCThread "G1 Conc#0" [stack: 0x000000f1d6600000,0x000000f1d6700000] [id=1700]
  0x00000236a9684760 ConcurrentGCThread "G1 Conc#1" [stack: 0x000000f1d8900000,0x000000f1d8a00000] [id=12764]
  0x000002368bcbec90 ConcurrentGCThread "G1 Refine#0" [stack: 0x000000f1d6700000,0x000000f1d6800000] [id=3056]
  0x00000236aa92f960 ConcurrentGCThread "G1 Refine#1" [stack: 0x000000f1d9700000,0x000000f1d9800000] [id=4692]
  0x00000236a785a750 ConcurrentGCThread "G1 Service" [stack: 0x000000f1d6800000,0x000000f1d6900000] [id=14348]

Threads with active compile tasks:
C2 CompilerThread0     3897 4043       4       java.util.regex.Matcher::find (69 bytes)
C2 CompilerThread1     3897 3917       4       org.objectweb.asm.Frame::execute (2318 bytes)
C2 CompilerThread2     3897 4037       4       sun.net.util.URLUtil::urlNoFragString (114 bytes)

VM state: not at safepoint (normal execution)

VM Mutex/Monitor currently owned by a thread: None

Heap address: 0x0000000080000000, size: 2048 MB, Compressed Oops mode: 32-bit

CDS archive(s) not mapped
Compressed class space mapped at: 0x0000000100000000-0x0000000140000000, reserved size: 1073741824
Narrow klass base: 0x0000000000000000, Narrow klass shift: 3, Narrow klass range: 0x140000000

GC Precious Log:
 CPUs: 8 total, 8 available
 Memory: 8072M
 Large Page Support: Disabled
 NUMA Support: Disabled
 Compressed Oops: Enabled (32-bit)
 Heap Region Size: 1M
 Heap Min Capacity: 8M
 Heap Initial Capacity: 128M
 Heap Max Capacity: 2G
 Pre-touch: Disabled
 Parallel Workers: 8
 Concurrent Workers: 2
 Concurrent Refinement Workers: 8
 Periodic GC: Disabled

Heap:
 garbage-first heap   total 82944K, used 35145K [0x0000000080000000, 0x0000000100000000)
  region size 1024K, 6 young (6144K), 3 survivors (3072K)
 Metaspace       used 46794K, committed 47232K, reserved 1097728K
  class space    used 6124K, committed 6336K, reserved 1048576K

Heap Regions: E=young(eden), S=young(survivor), O=old, HS=humongous(starts), HC=humongous(continues), CS=collection set, F=free, OA=open archive, CA=closed archive, TAMS=top-at-mark-start (previous, next)
|   0|0x0000000080000000, 0x0000000080100000, 0x0000000080100000|100%|HS|  |TAMS 0x0000000080100000, 0x0000000080000000| Complete 
|   1|0x0000000080100000, 0x0000000080200000, 0x0000000080200000|100%|HC|  |TAMS 0x0000000080200000, 0x0000000080100000| Complete 
|   2|0x0000000080200000, 0x0000000080300000, 0x0000000080300000|100%|HC|  |TAMS 0x0000000080300000, 0x0000000080200000| Complete 
|   3|0x0000000080300000, 0x0000000080400000, 0x0000000080400000|100%|HC|  |TAMS 0x0000000080400000, 0x0000000080300000| Complete 
|   4|0x0000000080400000, 0x0000000080500000, 0x0000000080500000|100%| O|  |TAMS 0x0000000080500000, 0x0000000080400000| Untracked 
|   5|0x0000000080500000, 0x0000000080600000, 0x0000000080600000|100%| O|  |TAMS 0x0000000080600000, 0x0000000080500000| Untracked 
|   6|0x0000000080600000, 0x0000000080700000, 0x0000000080700000|100%| O|  |TAMS 0x0000000080700000, 0x0000000080600000| Untracked 
|   7|0x0000000080700000, 0x0000000080800000, 0x0000000080800000|100%| O|  |TAMS 0x0000000080800000, 0x0000000080700000| Untracked 
|   8|0x0000000080800000, 0x0000000080900000, 0x0000000080900000|100%| O|  |TAMS 0x0000000080900000, 0x0000000080800000| Untracked 
|   9|0x0000000080900000, 0x0000000080a00000, 0x0000000080a00000|100%| O|  |TAMS 0x0000000080a00000, 0x0000000080900000| Untracked 
|  10|0x0000000080a00000, 0x0000000080b00000, 0x0000000080b00000|100%| O|  |TAMS 0x0000000080b00000, 0x0000000080a00000| Untracked 
|  11|0x0000000080b00000, 0x0000000080b55800, 0x0000000080c00000| 33%| O|  |TAMS 0x0000000080b55800, 0x0000000080b00000| Untracked 
|  12|0x0000000080c00000, 0x0000000080d00000, 0x0000000080d00000|100%| O|  |TAMS 0x0000000080d00000, 0x0000000080c00000| Untracked 
|  13|0x0000000080d00000, 0x0000000080e00000, 0x0000000080e00000|100%| O|  |TAMS 0x0000000080e00000, 0x0000000080d00000| Untracked 
|  14|0x0000000080e00000, 0x0000000080f00000, 0x0000000080f00000|100%| O|  |TAMS 0x0000000080f00000, 0x0000000080e00000| Untracked 
|  15|0x0000000080f00000, 0x0000000081000000, 0x0000000081000000|100%| O|  |TAMS 0x0000000081000000, 0x0000000080f00000| Untracked 
|  16|0x0000000081000000, 0x0000000081100000, 0x0000000081100000|100%| O|  |TAMS 0x0000000081100000, 0x0000000081000000| Untracked 
|  17|0x0000000081100000, 0x0000000081200000, 0x0000000081200000|100%| O|  |TAMS 0x0000000081200000, 0x0000000081100000| Untracked 
|  18|0x0000000081200000, 0x0000000081300000, 0x0000000081300000|100%| O|  |TAMS 0x0000000081300000, 0x0000000081200000| Untracked 
|  19|0x0000000081300000, 0x0000000081400000, 0x0000000081400000|100%| O|  |TAMS 0x0000000081400000, 0x0000000081300000| Untracked 
|  20|0x0000000081400000, 0x0000000081500000, 0x0000000081500000|100%| O|  |TAMS 0x00000000814cd600, 0x0000000081400000| Untracked 
|  21|0x0000000081500000, 0x0000000081600000, 0x0000000081600000|100%| O|  |TAMS 0x0000000081500000, 0x0000000081500000| Untracked 
|  22|0x0000000081600000, 0x0000000081700000, 0x0000000081700000|100%| O|  |TAMS 0x0000000081600000, 0x0000000081600000| Untracked 
|  23|0x0000000081700000, 0x0000000081800000, 0x0000000081800000|100%| O|  |TAMS 0x0000000081700000, 0x0000000081700000| Untracked 
|  24|0x0000000081800000, 0x0000000081900000, 0x0000000081900000|100%| O|  |TAMS 0x0000000081800000, 0x0000000081800000| Untracked 
|  25|0x0000000081900000, 0x0000000081a00000, 0x0000000081a00000|100%| O|  |TAMS 0x0000000081900000, 0x0000000081900000| Untracked 
|  26|0x0000000081a00000, 0x0000000081b00000, 0x0000000081b00000|100%| O|  |TAMS 0x0000000081a00000, 0x0000000081a00000| Untracked 
|  27|0x0000000081b00000, 0x0000000081b62800, 0x0000000081c00000| 38%| O|  |TAMS 0x0000000081b00000, 0x0000000081b00000| Untracked 
|  28|0x0000000081c00000, 0x0000000081d00000, 0x0000000081d00000|100%| O|  |TAMS 0x0000000081c00000, 0x0000000081c00000| Untracked 
|  29|0x0000000081d00000, 0x0000000081e00000, 0x0000000081e00000|100%| O|  |TAMS 0x0000000081d00000, 0x0000000081d00000| Untracked 
|  30|0x0000000081e00000, 0x0000000081f00000, 0x0000000081f00000|100%| O|  |TAMS 0x0000000081e00000, 0x0000000081e00000| Untracked 
|  31|0x0000000081f00000, 0x0000000082000000, 0x0000000082000000|100%|HS|  |TAMS 0x0000000081f00000, 0x0000000081f00000| Complete 
|  32|0x0000000082000000, 0x0000000082000000, 0x0000000082100000|  0%| F|  |TAMS 0x0000000082000000, 0x0000000082000000| Untracked 
|  33|0x0000000082100000, 0x0000000082100000, 0x0000000082200000|  0%| F|  |TAMS 0x0000000082100000, 0x0000000082100000| Untracked 
|  34|0x0000000082200000, 0x0000000082200000, 0x0000000082300000|  0%| F|  |TAMS 0x0000000082200000, 0x0000000082200000| Untracked 
|  35|0x0000000082300000, 0x0000000082300000, 0x0000000082400000|  0%| F|  |TAMS 0x0000000082300000, 0x0000000082300000| Untracked 
|  36|0x0000000082400000, 0x0000000082400000, 0x0000000082500000|  0%| F|  |TAMS 0x0000000082400000, 0x0000000082400000| Untracked 
|  37|0x0000000082500000, 0x0000000082500000, 0x0000000082600000|  0%| F|  |TAMS 0x0000000082500000, 0x0000000082500000| Untracked 
|  38|0x0000000082600000, 0x0000000082600000, 0x0000000082700000|  0%| F|  |TAMS 0x0000000082600000, 0x0000000082600000| Untracked 
|  39|0x0000000082700000, 0x0000000082700000, 0x0000000082800000|  0%| F|  |TAMS 0x0000000082700000, 0x0000000082700000| Untracked 
|  40|0x0000000082800000, 0x0000000082800000, 0x0000000082900000|  0%| F|  |TAMS 0x0000000082800000, 0x0000000082800000| Untracked 
|  41|0x0000000082900000, 0x0000000082900000, 0x0000000082a00000|  0%| F|  |TAMS 0x0000000082900000, 0x0000000082900000| Untracked 
|  42|0x0000000082a00000, 0x0000000082a00000, 0x0000000082b00000|  0%| F|  |TAMS 0x0000000082a00000, 0x0000000082a00000| Untracked 
|  43|0x0000000082b00000, 0x0000000082b00000, 0x0000000082c00000|  0%| F|  |TAMS 0x0000000082b00000, 0x0000000082b00000| Untracked 
|  44|0x0000000082c00000, 0x0000000082c00000, 0x0000000082d00000|  0%| F|  |TAMS 0x0000000082c00000, 0x0000000082c00000| Untracked 
|  45|0x0000000082d00000, 0x0000000082d00000, 0x0000000082e00000|  0%| F|  |TAMS 0x0000000082d00000, 0x0000000082d00000| Untracked 
|  46|0x0000000082e00000, 0x0000000082e00000, 0x0000000082f00000|  0%| F|  |TAMS 0x0000000082e00000, 0x0000000082e00000| Untracked 
|  47|0x0000000082f00000, 0x0000000082f9a488, 0x0000000083000000| 60%| S|CS|TAMS 0x0000000082f00000, 0x0000000082f00000| Complete 
|  48|0x0000000083000000, 0x0000000083100000, 0x0000000083100000|100%| S|CS|TAMS 0x0000000083000000, 0x0000000083000000| Complete 
|  49|0x0000000083100000, 0x0000000083200000, 0x0000000083200000|100%| S|CS|TAMS 0x0000000083100000, 0x0000000083100000| Complete 
|  50|0x0000000083200000, 0x0000000083200000, 0x0000000083300000|  0%| F|  |TAMS 0x0000000083200000, 0x0000000083200000| Untracked 
|  51|0x0000000083300000, 0x0000000083300000, 0x0000000083400000|  0%| F|  |TAMS 0x0000000083300000, 0x0000000083300000| Untracked 
|  52|0x0000000083400000, 0x0000000083400000, 0x0000000083500000|  0%| F|  |TAMS 0x0000000083400000, 0x0000000083400000| Untracked 
|  53|0x0000000083500000, 0x0000000083500000, 0x0000000083600000|  0%| F|  |TAMS 0x0000000083500000, 0x0000000083500000| Untracked 
|  54|0x0000000083600000, 0x0000000083600000, 0x0000000083700000|  0%| F|  |TAMS 0x0000000083600000, 0x0000000083600000| Untracked 
|  55|0x0000000083700000, 0x0000000083700000, 0x0000000083800000|  0%| F|  |TAMS 0x0000000083700000, 0x0000000083700000| Untracked 
|  56|0x0000000083800000, 0x0000000083800000, 0x0000000083900000|  0%| F|  |TAMS 0x0000000083800000, 0x0000000083800000| Untracked 
|  57|0x0000000083900000, 0x0000000083900000, 0x0000000083a00000|  0%| F|  |TAMS 0x0000000083900000, 0x0000000083900000| Untracked 
|  58|0x0000000083a00000, 0x0000000083a00000, 0x0000000083b00000|  0%| F|  |TAMS 0x0000000083a00000, 0x0000000083a00000| Untracked 
|  59|0x0000000083b00000, 0x0000000083b00000, 0x0000000083c00000|  0%| F|  |TAMS 0x0000000083b00000, 0x0000000083b00000| Untracked 
|  60|0x0000000083c00000, 0x0000000083c00000, 0x0000000083d00000|  0%| F|  |TAMS 0x0000000083c00000, 0x0000000083c00000| Untracked 
|  61|0x0000000083d00000, 0x0000000083d00000, 0x0000000083e00000|  0%| F|  |TAMS 0x0000000083d00000, 0x0000000083d00000| Untracked 
|  62|0x0000000083e00000, 0x0000000083e00000, 0x0000000083f00000|  0%| F|  |TAMS 0x0000000083e00000, 0x0000000083e00000| Untracked 
|  63|0x0000000083f00000, 0x0000000083f00000, 0x0000000084000000|  0%| F|  |TAMS 0x0000000083f00000, 0x0000000083f00000| Untracked 
|  64|0x0000000084000000, 0x0000000084000000, 0x0000000084100000|  0%| F|  |TAMS 0x0000000084000000, 0x0000000084000000| Untracked 
|  65|0x0000000084100000, 0x0000000084100000, 0x0000000084200000|  0%| F|  |TAMS 0x0000000084100000, 0x0000000084100000| Untracked 
|  66|0x0000000084200000, 0x0000000084200000, 0x0000000084300000|  0%| F|  |TAMS 0x0000000084200000, 0x0000000084200000| Untracked 
|  67|0x0000000084300000, 0x0000000084300000, 0x0000000084400000|  0%| F|  |TAMS 0x0000000084300000, 0x0000000084300000| Untracked 
|  68|0x0000000084400000, 0x0000000084400000, 0x0000000084500000|  0%| F|  |TAMS 0x0000000084400000, 0x0000000084400000| Untracked 
|  69|0x0000000084500000, 0x0000000084500000, 0x0000000084600000|  0%| F|  |TAMS 0x0000000084500000, 0x0000000084500000| Untracked 
|  70|0x0000000084600000, 0x0000000084600000, 0x0000000084700000|  0%| F|  |TAMS 0x0000000084600000, 0x0000000084600000| Untracked 
|  71|0x0000000084700000, 0x0000000084700000, 0x0000000084800000|  0%| F|  |TAMS 0x0000000084700000, 0x0000000084700000| Untracked 
|  78|0x0000000084e00000, 0x0000000084e00000, 0x0000000084f00000|  0%| F|  |TAMS 0x0000000084e00000, 0x0000000084e00000| Untracked 
|  79|0x0000000084f00000, 0x0000000084f00000, 0x0000000085000000|  0%| F|  |TAMS 0x0000000084f00000, 0x0000000084f00000| Untracked 
|  80|0x0000000085000000, 0x0000000085000000, 0x0000000085100000|  0%| F|  |TAMS 0x0000000085000000, 0x0000000085000000| Untracked 
|  81|0x0000000085100000, 0x0000000085100000, 0x0000000085200000|  0%| F|  |TAMS 0x0000000085100000, 0x0000000085100000| Untracked 
|  82|0x0000000085200000, 0x0000000085200000, 0x0000000085300000|  0%| F|  |TAMS 0x0000000085200000, 0x0000000085200000| Untracked 
|  83|0x0000000085300000, 0x0000000085300000, 0x0000000085400000|  0%| F|  |TAMS 0x0000000085300000, 0x0000000085300000| Untracked 
|  84|0x0000000085400000, 0x0000000085500000, 0x0000000085500000|100%| E|  |TAMS 0x0000000085400000, 0x0000000085400000| Complete 
|  85|0x0000000085500000, 0x0000000085600000, 0x0000000085600000|100%| E|CS|TAMS 0x0000000085500000, 0x0000000085500000| Complete 
| 127|0x0000000087f00000, 0x0000000088000000, 0x0000000088000000|100%| E|  |TAMS 0x0000000087f00000, 0x0000000087f00000| Complete 

Card table byte_map: [0x00000236a0710000,0x00000236a0b10000] _byte_map_base: 0x00000236a0310000

Marking Bits (Prev, Next): (CMBitMap*) 0x000002368bc5d6c0, (CMBitMap*) 0x000002368bc5d700
 Prev Bits: [0x00000236a0f10000, 0x00000236a2f10000)
 Next Bits: [0x00000236a2f10000, 0x00000236a4f10000)

Polling page: 0x000002368bcc0000

Metaspace:

Usage:
  Non-class:     39.73 MB used.
      Class:      5.98 MB used.
       Both:     45.71 MB used.

Virtual space:
  Non-class space:       48.00 MB reserved,      39.94 MB ( 83%) committed,  6 nodes.
      Class space:        1.00 GB reserved,       6.19 MB ( <1%) committed,  1 nodes.
             Both:        1.05 GB reserved,      46.12 MB (  4%) committed. 

Chunk freelists:
   Non-Class:  3.68 MB
       Class:  1.79 MB
        Both:  5.47 MB

MaxMetaspaceSize: unlimited
CompressedClassSpaceSize: 1.00 GB
Initial GC threshold: 21.00 MB
Current GC threshold: 59.00 MB
CDS: off
MetaspaceReclaimPolicy: balanced
 - commit_granule_bytes: 65536.
 - commit_granule_words: 8192.
 - virtual_space_node_default_size: 1048576.
 - enlarge_chunks_in_place: 1.
 - new_chunks_are_fully_committed: 0.
 - uncommit_free_chunks: 1.
 - use_allocation_guard: 0.
 - handle_deallocations: 1.


Internal statistics:

num_allocs_failed_limit: 6.
num_arena_births: 364.
num_arena_deaths: 0.
num_vsnodes_births: 7.
num_vsnodes_deaths: 0.
num_space_committed: 738.
num_space_uncommitted: 0.
num_chunks_returned_to_freelist: 6.
num_chunks_taken_from_freelist: 1755.
num_chunk_merges: 6.
num_chunk_splits: 1178.
num_chunks_enlarged: 820.
num_purges: 0.
num_inconsistent_stats: 0.

CodeHeap 'non-profiled nmethods': size=120000Kb used=2370Kb max_used=2370Kb free=117629Kb
 bounds [0x0000023698370000, 0x00000236985e0000, 0x000002369f8a0000]
CodeHeap 'profiled nmethods': size=120000Kb used=8408Kb max_used=8408Kb free=111592Kb
 bounds [0x00000236908a0000, 0x00000236910e0000, 0x0000023697dd0000]
CodeHeap 'non-nmethods': size=5760Kb used=2289Kb max_used=2350Kb free=3470Kb
 bounds [0x0000023697dd0000, 0x0000023698040000, 0x0000023698370000]
 total_blobs=4839 nmethods=4039 adapters=712
 compilation: enabled
              stopped_count=0, restarted_count=0
 full_count=0

Compilation events (20 events):
Event: 3.854 Thread 0x00000236a843d050 4022       3       org.objectweb.asm.ClassReader::createDebugLabel (23 bytes)
Event: 3.855 Thread 0x00000236a843d050 nmethod 4022 0x00000236910cd810 code [0x00000236910cd9e0, 0x00000236910cde98]
Event: 3.855 Thread 0x00000236a843d050 4023       3       org.objectweb.asm.ClassReader::readClass (7 bytes)
Event: 3.855 Thread 0x00000236a843d050 nmethod 4023 0x00000236910ce090 code [0x00000236910ce260, 0x00000236910ce5c8]
Event: 3.855 Thread 0x00000236a843d050 4024       3       org.objectweb.asm.ClassReader::readStringish (16 bytes)
Event: 3.855 Thread 0x00000236a843d050 nmethod 4024 0x00000236910ce790 code [0x00000236910ce960, 0x00000236910cec68]
Event: 3.855 Thread 0x00000236a843d050 4025       3       org.objectweb.asm.ClassReader::readLabel (20 bytes)
Event: 3.856 Thread 0x00000236a843d050 nmethod 4025 0x00000236910cee10 code [0x00000236910cefc0, 0x00000236910cf3d8]
Event: 3.856 Thread 0x00000236a843d050 4026       3       org.objectweb.asm.ByteVector::enlarge (73 bytes)
Event: 3.856 Thread 0x00000236a843d050 nmethod 4026 0x00000236910cf590 code [0x00000236910cf760, 0x00000236910cfb98]
Event: 3.857 Thread 0x00000236a843d050 4027       3       org.objectweb.asm.Label::accept (65 bytes)
Event: 3.857 Thread 0x00000236a92abe50 4030       4       org.objectweb.asm.ByteVector::put12 (64 bytes)
Event: 3.858 Thread 0x00000236a843d050 nmethod 4027 0x00000236910cfd10 code [0x00000236910cfee0, 0x00000236910d0428]
Event: 3.858 Thread 0x00000236a843d050 4028       3       org.objectweb.asm.Label::addLineNumber (89 bytes)
Event: 3.858 Thread 0x00000236a843d050 nmethod 4028 0x00000236910d0610 code [0x00000236910d07e0, 0x00000236910d0d08]
Event: 3.858 Thread 0x00000236a843d050 4029       3       org.objectweb.asm.MethodWriter::visitLineNumber (50 bytes)
Event: 3.858 Thread 0x00000236a843d050 nmethod 4029 0x00000236910d0e90 code [0x00000236910d1060, 0x00000236910d14f8]
Event: 3.859 Thread 0x00000236a92abe50 nmethod 4030 0x00000236985bec90 code [0x00000236985bee20, 0x00000236985befe8]
Event: 3.873 Thread 0x00000236a92abe50 4031       4       jdk.internal.ref.PhantomCleanable::clean (16 bytes)
Event: 3.876 Thread 0x00000236a92abe50 nmethod 4031 0x00000236985bf190 code [0x00000236985bf320, 0x00000236985bf8c8]

GC Heap History (20 events):
Event: 0.751 GC heap before
{Heap before GC invocations=0 (full 0):
 garbage-first heap   total 131072K, used 26624K [0x0000000080000000, 0x0000000100000000)
  region size 1024K, 23 young (23552K), 0 survivors (0K)
 Metaspace       used 10269K, committed 10432K, reserved 1064960K
  class space    used 1061K, committed 1152K, reserved 1048576K
}
Event: 0.754 GC heap after
{Heap after GC invocations=1 (full 0):
 garbage-first heap   total 131072K, used 10368K [0x0000000080000000, 0x0000000100000000)
  region size 1024K, 3 young (3072K), 3 survivors (3072K)
 Metaspace       used 10269K, committed 10432K, reserved 1064960K
  class space    used 1061K, committed 1152K, reserved 1048576K
}
Event: 1.034 GC heap before
{Heap before GC invocations=1 (full 0):
 garbage-first heap   total 131072K, used 41088K [0x0000000080000000, 0x0000000100000000)
  region size 1024K, 32 young (32768K), 3 survivors (3072K)
 Metaspace       used 11219K, committed 11456K, reserved 1064960K
  class space    used 1165K, committed 1280K, reserved 1048576K
}
Event: 1.038 GC heap after
{Heap after GC invocations=2 (full 0):
 garbage-first heap   total 131072K, used 14678K [0x0000000080000000, 0x0000000100000000)
  region size 1024K, 4 young (4096K), 4 survivors (4096K)
 Metaspace       used 11219K, committed 11456K, reserved 1064960K
  class space    used 1165K, committed 1280K, reserved 1048576K
}
Event: 1.696 GC heap before
{Heap before GC invocations=2 (full 0):
 garbage-first heap   total 131072K, used 52566K [0x0000000080000000, 0x0000000100000000)
  region size 1024K, 42 young (43008K), 4 survivors (4096K)
 Metaspace       used 21250K, committed 21504K, reserved 1073152K
  class space    used 2588K, committed 2752K, reserved 1048576K
}
Event: 1.700 GC heap after
{Heap after GC invocations=3 (full 0):
 garbage-first heap   total 131072K, used 18744K [0x0000000080000000, 0x0000000100000000)
  region size 1024K, 8 young (8192K), 8 survivors (8192K)
 Metaspace       used 21250K, committed 21504K, reserved 1073152K
  class space    used 2588K, committed 2752K, reserved 1048576K
}
Event: 2.146 GC heap before
{Heap before GC invocations=4 (full 0):
 garbage-first heap   total 68608K, used 51512K [0x0000000080000000, 0x0000000100000000)
  region size 1024K, 40 young (40960K), 8 survivors (8192K)
 Metaspace       used 26270K, committed 26560K, reserved 1073152K
  class space    used 3461K, committed 3584K, reserved 1048576K
}
Event: 2.150 GC heap after
{Heap after GC invocations=5 (full 0):
 garbage-first heap   total 68608K, used 21101K [0x0000000080000000, 0x0000000100000000)
  region size 1024K, 3 young (3072K), 3 survivors (3072K)
 Metaspace       used 26270K, committed 26560K, reserved 1073152K
  class space    used 3461K, committed 3584K, reserved 1048576K
}
Event: 2.488 GC heap before
{Heap before GC invocations=5 (full 0):
 garbage-first heap   total 68608K, used 45677K [0x0000000080000000, 0x0000000100000000)
  region size 1024K, 28 young (28672K), 3 survivors (3072K)
 Metaspace       used 30308K, committed 30592K, reserved 1081344K
  class space    used 4119K, committed 4224K, reserved 1048576K
}
Event: 2.491 GC heap after
{Heap after GC invocations=6 (full 0):
 garbage-first heap   total 68608K, used 22332K [0x0000000080000000, 0x0000000100000000)
  region size 1024K, 4 young (4096K), 4 survivors (4096K)
 Metaspace       used 30308K, committed 30592K, reserved 1081344K
  class space    used 4119K, committed 4224K, reserved 1048576K
}
Event: 2.853 GC heap before
{Heap before GC invocations=6 (full 0):
 garbage-first heap   total 68608K, used 48956K [0x0000000080000000, 0x0000000100000000)
  region size 1024K, 30 young (30720K), 4 survivors (4096K)
 Metaspace       used 34819K, committed 35136K, reserved 1081344K
  class space    used 4831K, committed 4992K, reserved 1048576K
}
Event: 2.856 GC heap after
{Heap after GC invocations=7 (full 0):
 garbage-first heap   total 68608K, used 24011K [0x0000000080000000, 0x0000000100000000)
  region size 1024K, 4 young (4096K), 4 survivors (4096K)
 Metaspace       used 34819K, committed 35136K, reserved 1081344K
  class space    used 4831K, committed 4992K, reserved 1048576K
}
Event: 2.905 GC heap before
{Heap before GC invocations=7 (full 0):
 garbage-first heap   total 68608K, used 26059K [0x0000000080000000, 0x0000000100000000)
  region size 1024K, 8 young (8192K), 4 survivors (4096K)
 Metaspace       used 35630K, committed 35968K, reserved 1081344K
  class space    used 4878K, committed 5056K, reserved 1048576K
}
Event: 2.908 GC heap after
{Heap after GC invocations=8 (full 0):
 garbage-first heap   total 68608K, used 24501K [0x0000000080000000, 0x0000000100000000)
  region size 1024K, 3 young (3072K), 3 survivors (3072K)
 Metaspace       used 35630K, committed 35968K, reserved 1081344K
  class space    used 4878K, committed 5056K, reserved 1048576K
}
Event: 3.199 GC heap before
{Heap before GC invocations=9 (full 0):
 garbage-first heap   total 68608K, used 49077K [0x0000000080000000, 0x0000000100000000)
  region size 1024K, 28 young (28672K), 3 survivors (3072K)
 Metaspace       used 40354K, committed 40704K, reserved 1089536K
  class space    used 5357K, committed 5504K, reserved 1048576K
}
Event: 3.203 GC heap after
{Heap after GC invocations=10 (full 0):
 garbage-first heap   total 68608K, used 28462K [0x0000000080000000, 0x0000000100000000)
  region size 1024K, 4 young (4096K), 4 survivors (4096K)
 Metaspace       used 40354K, committed 40704K, reserved 1089536K
  class space    used 5357K, committed 5504K, reserved 1048576K
}
Event: 3.417 GC heap before
{Heap before GC invocations=10 (full 0):
 garbage-first heap   total 68608K, used 53038K [0x0000000080000000, 0x0000000100000000)
  region size 1024K, 26 young (26624K), 4 survivors (4096K)
 Metaspace       used 42531K, committed 42880K, reserved 1089536K
  class space    used 5566K, committed 5696K, reserved 1048576K
}
Event: 3.420 GC heap after
{Heap after GC invocations=11 (full 0):
 garbage-first heap   total 82944K, used 30437K [0x0000000080000000, 0x0000000100000000)
  region size 1024K, 3 young (3072K), 3 survivors (3072K)
 Metaspace       used 42531K, committed 42880K, reserved 1089536K
  class space    used 5566K, committed 5696K, reserved 1048576K
}
Event: 3.869 GC heap before
{Heap before GC invocations=11 (full 0):
 garbage-first heap   total 82944K, used 62181K [0x0000000080000000, 0x0000000100000000)
  region size 1024K, 34 young (34816K), 3 survivors (3072K)
 Metaspace       used 45862K, committed 46208K, reserved 1089536K
  class space    used 6102K, committed 6272K, reserved 1048576K
}
Event: 3.872 GC heap after
{Heap after GC invocations=12 (full 0):
 garbage-first heap   total 82944K, used 33097K [0x0000000080000000, 0x0000000100000000)
  region size 1024K, 3 young (3072K), 3 survivors (3072K)
 Metaspace       used 45862K, committed 46208K, reserved 1089536K
  class space    used 6102K, committed 6272K, reserved 1048576K
}

Dll operation events (2 events):
Event: 0.005 Loaded shared library C:\Program Files\Android\Android Studio\jbr\bin\java.dll
Event: 0.459 Loaded shared library C:\Program Files\Android\Android Studio\jbr\bin\verify.dll

Deoptimization events (20 events):
Event: 3.796 Thread 0x00000236aac27d70 Uncommon trap: trap_request=0xffffff45 fr.pc=0x0000023698504208 relative=0x00000000000002e8
Event: 3.796 Thread 0x00000236aac27d70 Uncommon trap: reason=unstable_if action=reinterpret pc=0x0000023698504208 method=java.util.HashMap.getNode(Ljava/lang/Object;)Ljava/util/HashMap$Node; @ 57 c2
Event: 3.796 Thread 0x00000236aac27d70 DEOPT PACKING pc=0x0000023698504208 sp=0x000000f1d82f8560
Event: 3.796 Thread 0x00000236aac27d70 DEOPT UNPACKING pc=0x0000023697e269a3 sp=0x000000f1d82f8480 mode 2
Event: 3.796 Thread 0x00000236aac27d70 Uncommon trap: trap_request=0xffffff45 fr.pc=0x0000023698540028 relative=0x00000000000007c8
Event: 3.796 Thread 0x00000236aac27d70 Uncommon trap: reason=unstable_if action=reinterpret pc=0x0000023698540028 method=java.util.HashMap.putVal(ILjava/lang/Object;Ljava/lang/Object;ZZ)Ljava/lang/Object; @ 85 c2
Event: 3.796 Thread 0x00000236aac27d70 DEOPT PACKING pc=0x0000023698540028 sp=0x000000f1d82f8530
Event: 3.796 Thread 0x00000236aac27d70 DEOPT UNPACKING pc=0x0000023697e269a3 sp=0x000000f1d82f8460 mode 2
Event: 3.799 Thread 0x00000236aac27d70 Uncommon trap: trap_request=0xffffff45 fr.pc=0x00000236984f6404 relative=0x0000000000000344
Event: 3.799 Thread 0x00000236aac27d70 Uncommon trap: reason=unstable_if action=reinterpret pc=0x00000236984f6404 method=org.gradle.internal.reflect.PropertyAccessorType.isGetGetterName(Ljava/lang/String;)Z @ 14 c2
Event: 3.799 Thread 0x00000236aac27d70 DEOPT PACKING pc=0x00000236984f6404 sp=0x000000f1d82f8fc0
Event: 3.799 Thread 0x00000236aac27d70 DEOPT UNPACKING pc=0x0000023697e269a3 sp=0x000000f1d82f8f18 mode 2
Event: 3.819 Thread 0x00000236aac27d70 Uncommon trap: trap_request=0xffffff45 fr.pc=0x00000236984eff6c relative=0x00000000000000ec
Event: 3.819 Thread 0x00000236aac27d70 Uncommon trap: reason=unstable_if action=reinterpret pc=0x00000236984eff6c method=org.objectweb.asm.ByteVector.putShort(I)Lorg/objectweb/asm/ByteVector; @ 13 c2
Event: 3.819 Thread 0x00000236aac27d70 DEOPT PACKING pc=0x00000236984eff6c sp=0x000000f1d82f8be0
Event: 3.819 Thread 0x00000236aac27d70 DEOPT UNPACKING pc=0x0000023697e269a3 sp=0x000000f1d82f8b78 mode 2
Event: 3.846 Thread 0x00000236aac27d70 Uncommon trap: trap_request=0xffffff45 fr.pc=0x00000236985724c8 relative=0x0000000000001768
Event: 3.846 Thread 0x00000236aac27d70 Uncommon trap: reason=unstable_if action=reinterpret pc=0x00000236985724c8 method=java.util.concurrent.ConcurrentHashMap.computeIfAbsent(Ljava/lang/Object;Ljava/util/function/Function;)Ljava/lang/Object; @ 123 c2
Event: 3.846 Thread 0x00000236aac27d70 DEOPT PACKING pc=0x00000236985724c8 sp=0x000000f1d82f9eb0
Event: 3.846 Thread 0x00000236aac27d70 DEOPT UNPACKING pc=0x0000023697e269a3 sp=0x000000f1d82f9e40 mode 2

Classes unloaded (0 events):
No events

Classes redefined (0 events):
No events

Internal exceptions (20 events):
Event: 3.514 Thread 0x00000236aac27d70 Exception <a 'java/lang/ClassNotFoundException'{0x00000000847ef9f8}: org/gradle/internal/management/DefaultDependencyResolutionManagementCustomizer> (0x00000000847ef9f8) 
thrown [s\src\hotspot\share\classfile\systemDictionary.cpp, line 256]
Event: 3.515 Thread 0x00000236aac27d70 Exception <a 'java/lang/ClassNotFoundException'{0x0000000084616510}: org/gradle/internal/management/DefaultDependencyResolutionManagement_DecoratedCustomizer> (0x0000000084616510) 
thrown [s\src\hotspot\share\classfile\systemDictionary.cpp, line 256]
Event: 3.519 Thread 0x00000236aac27d70 Exception <a 'java/lang/ClassNotFoundException'{0x0000000084662ec0}: org/gradle/api/initialization/resolve/RepositoriesModeBeanInfo> (0x0000000084662ec0) 
thrown [s\src\hotspot\share\classfile\systemDictionary.cpp, line 256]
Event: 3.520 Thread 0x00000236aac27d70 Exception <a 'java/lang/ClassNotFoundException'{0x0000000084667d08}: java/lang/EnumBeanInfo> (0x0000000084667d08) 
thrown [s\src\hotspot\share\classfile\systemDictionary.cpp, line 256]
Event: 3.520 Thread 0x00000236aac27d70 Exception <a 'java/lang/ClassNotFoundException'{0x000000008466cb70}: java/lang/EnumCustomizer> (0x000000008466cb70) 
thrown [s\src\hotspot\share\classfile\systemDictionary.cpp, line 256]
Event: 3.521 Thread 0x00000236aac27d70 Exception <a 'java/lang/ClassNotFoundException'{0x00000000846858f0}: org/gradle/api/initialization/resolve/RepositoriesModeCustomizer> (0x00000000846858f0) 
thrown [s\src\hotspot\share\classfile\systemDictionary.cpp, line 256]
Event: 3.526 Thread 0x00000236aac27d70 Exception <a 'java/lang/ClassNotFoundException'{0x00000000846f3418}: org/gradle/api/internal/provider/DefaultPropertyBeanInfo> (0x00000000846f3418) 
thrown [s\src\hotspot\share\classfile\systemDictionary.cpp, line 256]
Event: 3.527 Thread 0x00000236aac27d70 Exception <a 'java/lang/ClassNotFoundException'{0x0000000084504ac8}: org/gradle/api/internal/provider/AbstractPropertyBeanInfo> (0x0000000084504ac8) 
thrown [s\src\hotspot\share\classfile\systemDictionary.cpp, line 256]
Event: 3.528 Thread 0x00000236aac27d70 Exception <a 'java/lang/ClassNotFoundException'{0x00000000845165b8}: org/gradle/api/internal/provider/AbstractMinimalProviderBeanInfo> (0x00000000845165b8) 
thrown [s\src\hotspot\share\classfile\systemDictionary.cpp, line 256]
Event: 3.528 Thread 0x00000236aac27d70 Exception <a 'java/lang/ClassNotFoundException'{0x00000000845278e0}: org/gradle/api/internal/provider/AbstractMinimalProviderCustomizer> (0x00000000845278e0) 
thrown [s\src\hotspot\share\classfile\systemDictionary.cpp, line 256]
Event: 3.531 Thread 0x00000236aac27d70 Exception <a 'java/lang/ClassNotFoundException'{0x0000000084551a50}: org/gradle/api/internal/provider/AbstractPropertyCustomizer> (0x0000000084551a50) 
thrown [s\src\hotspot\share\classfile\systemDictionary.cpp, line 256]
Event: 3.532 Thread 0x00000236aac27d70 Exception <a 'java/lang/ClassNotFoundException'{0x000000008456e828}: org/gradle/api/internal/provider/DefaultPropertyCustomizer> (0x000000008456e828) 
thrown [s\src\hotspot\share\classfile\systemDictionary.cpp, line 256]
Event: 3.540 Thread 0x00000236aac27d70 Exception <a 'java/lang/ClassNotFoundException'{0x00000000845d7858}: org/gradle/initialization/DefaultProjectDescriptorBeanInfo> (0x00000000845d7858) 
thrown [s\src\hotspot\share\classfile\systemDictionary.cpp, line 256]
Event: 3.541 Thread 0x00000236aac27d70 Exception <a 'java/lang/ClassNotFoundException'{0x00000000845e5d48}: org/gradle/initialization/DefaultProjectDescriptorCustomizer> (0x00000000845e5d48) 
thrown [s\src\hotspot\share\classfile\systemDictionary.cpp, line 256]
Event: 3.543 Thread 0x00000236aac27d70 Implicit null exception at 0x0000023698533aec to 0x0000023698533b90
Event: 3.692 Thread 0x00000236aa92d530 Exception <a 'java/lang/NoSuchMethodError'{0x0000000083c8d700}: static Lorg/gradle/internal/build/event/types/DefaultOperationStartedProgressEvent;.<clinit>()V> (0x0000000083c8d700) 
thrown [s\src\hotspot\share\prims\jni.cpp, line 1108]
Event: 3.693 Thread 0x00000236aa92d530 Exception <a 'java/lang/NoSuchMethodError'{0x0000000083c8ed88}: static Lorg/gradle/internal/build/event/types/AbstractProgressEvent;.<clinit>()V> (0x0000000083c8ed88) 
thrown [s\src\hotspot\share\prims\jni.cpp, line 1108]
Event: 3.694 Thread 0x00000236aa92d530 Exception <a 'java/lang/NoSuchMethodError'{0x0000000083c9f720}: static Lorg/gradle/internal/build/event/types/DefaultProjectConfigurationDescriptor;.<clinit>()V> (0x0000000083c9f720) 
thrown [s\src\hotspot\share\prims\jni.cpp, line 1108]
Event: 3.695 Thread 0x00000236aa92d530 Exception <a 'java/lang/NoSuchMethodError'{0x0000000083ca1cc8}: static Lorg/gradle/internal/build/event/types/DefaultOperationDescriptor;.<clinit>()V> (0x0000000083ca1cc8) 
thrown [s\src\hotspot\share\prims\jni.cpp, line 1108]
Event: 3.698 Thread 0x00000236aa92d530 Exception <a 'java/lang/NoSuchMethodError'{0x0000000083cb6e68}: static Lorg/gradle/internal/operations/OperationIdentifier;.<clinit>()V> (0x0000000083cb6e68) 
thrown [s\src\hotspot\share\prims\jni.cpp, line 1108]

VM Operations (20 events):
Event: 3.111 Executing VM operation: HandshakeAllThreads
Event: 3.111 Executing VM operation: HandshakeAllThreads done
Event: 3.158 Executing VM operation: HandshakeAllThreads
Event: 3.158 Executing VM operation: HandshakeAllThreads done
Event: 3.199 Executing VM operation: G1CollectForAllocation
Event: 3.203 Executing VM operation: G1CollectForAllocation done
Event: 3.373 Executing VM operation: ICBufferFull
Event: 3.373 Executing VM operation: ICBufferFull done
Event: 3.417 Executing VM operation: G1CollectForAllocation
Event: 3.420 Executing VM operation: G1CollectForAllocation done
Event: 3.632 Executing VM operation: HandshakeAllThreads
Event: 3.632 Executing VM operation: HandshakeAllThreads done
Event: 3.675 Executing VM operation: HandshakeAllThreads
Event: 3.675 Executing VM operation: HandshakeAllThreads done
Event: 3.804 Executing VM operation: HandshakeAllThreads
Event: 3.804 Executing VM operation: HandshakeAllThreads done
Event: 3.826 Executing VM operation: ICBufferFull
Event: 3.826 Executing VM operation: ICBufferFull done
Event: 3.869 Executing VM operation: G1CollectForAllocation
Event: 3.873 Executing VM operation: G1CollectForAllocation done

Events (20 events):
Event: 3.692 loading class java/io/ObjectStreamClass$1
Event: 3.692 loading class java/io/ObjectStreamClass$1 done
Event: 3.692 loading class java/io/ObjectStreamClass$MemberSignature
Event: 3.692 loading class java/io/ObjectStreamClass$MemberSignature done
Event: 3.692 loading class java/io/ObjectStreamClass$3
Event: 3.692 loading class java/io/ObjectStreamClass$3 done
Event: 3.693 loading class java/io/ObjectStreamClass$4
Event: 3.693 loading class java/io/ObjectStreamClass$4 done
Event: 3.693 loading class java/io/ObjectStreamClass$5
Event: 3.693 loading class java/io/ObjectStreamClass$5 done
Event: 3.693 loading class java/io/ObjectStreamClass$ClassDataSlot
Event: 3.693 loading class java/io/ObjectStreamClass$ClassDataSlot done
Event: 3.695 loading class jdk/internal/reflect/UnsafeQualifiedStaticLongFieldAccessorImpl
Event: 3.695 loading class jdk/internal/reflect/UnsafeQualifiedStaticLongFieldAccessorImpl done
Event: 3.699 loading class java/io/SerialCallbackContext
Event: 3.699 loading class java/io/SerialCallbackContext done
Event: 3.750 loading class java/util/DualPivotQuicksort
Event: 3.751 loading class java/util/DualPivotQuicksort done
Event: 3.821 loading class java/lang/StringIndexOutOfBoundsException
Event: 3.821 loading class java/lang/StringIndexOutOfBoundsException done


Dynamic libraries:
0x00007ff6688f0000 - 0x00007ff6688fa000 	C:\Program Files\Android\Android Studio\jbr\bin\java.exe
0x00007ffa2d790000 - 0x00007ffa2d9a7000 	C:\WINDOWS\SYSTEM32\ntdll.dll
0x00007ffa2c990000 - 0x00007ffa2ca54000 	C:\WINDOWS\System32\KERNEL32.DLL
0x00007ffa2ade0000 - 0x00007ffa2b18d000 	C:\WINDOWS\System32\KERNELBASE.dll
0x00007ffa2acc0000 - 0x00007ffa2add1000 	C:\WINDOWS\System32\ucrtbase.dll
0x00007ffa21bb0000 - 0x00007ffa21bc7000 	C:\Program Files\Android\Android Studio\jbr\bin\jli.dll
0x00007ffa18170000 - 0x00007ffa1818b000 	C:\Program Files\Android\Android Studio\jbr\bin\VCRUNTIME140.dll
0x00007ffa2d2c0000 - 0x00007ffa2d46e000 	C:\WINDOWS\System32\USER32.dll
0x00007ffa2b200000 - 0x00007ffa2b226000 	C:\WINDOWS\System32\win32u.dll
0x00007ffa19e20000 - 0x00007ffa1a0b3000 	C:\WINDOWS\WinSxS\amd64_microsoft.windows.common-controls_6595b64144ccf1df_6.0.22621.3672_none_2713b9d173822955\COMCTL32.dll
0x00007ffa2b6f0000 - 0x00007ffa2b719000 	C:\WINDOWS\System32\GDI32.dll
0x00007ffa2d210000 - 0x00007ffa2d2b7000 	C:\WINDOWS\System32\msvcrt.dll
0x00007ffa2b3a0000 - 0x00007ffa2b4b9000 	C:\WINDOWS\System32\gdi32full.dll
0x00007ffa2aab0000 - 0x00007ffa2ab4a000 	C:\WINDOWS\System32\msvcp_win.dll
0x00007ffa2b720000 - 0x00007ffa2b751000 	C:\WINDOWS\System32\IMM32.DLL
0x00007ffa18160000 - 0x00007ffa1816c000 	C:\Program Files\Android\Android Studio\jbr\bin\vcruntime140_1.dll
0x00007ff9dc3a0000 - 0x00007ff9dc42d000 	C:\Program Files\Android\Android Studio\jbr\bin\msvcp140.dll
0x00007ff9b4870000 - 0x00007ff9b54de000 	C:\Program Files\Android\Android Studio\jbr\bin\server\jvm.dll
0x00007ffa2d630000 - 0x00007ffa2d6e2000 	C:\WINDOWS\System32\ADVAPI32.dll
0x00007ffa2c770000 - 0x00007ffa2c819000 	C:\WINDOWS\System32\sechost.dll
0x00007ffa2ac90000 - 0x00007ffa2acb8000 	C:\WINDOWS\System32\bcrypt.dll
0x00007ffa2ccf0000 - 0x00007ffa2ce04000 	C:\WINDOWS\System32\RPCRT4.dll
0x00007ffa084f0000 - 0x00007ffa084f9000 	C:\WINDOWS\SYSTEM32\WSOCK32.dll
0x00007ffa20890000 - 0x00007ffa208c4000 	C:\WINDOWS\SYSTEM32\WINMM.dll
0x00007ffa2cc10000 - 0x00007ffa2cc81000 	C:\WINDOWS\System32\WS2_32.dll
0x00007ffa23e60000 - 0x00007ffa23e6a000 	C:\WINDOWS\SYSTEM32\VERSION.dll
0x00007ffa29bb0000 - 0x00007ffa29bc8000 	C:\WINDOWS\SYSTEM32\kernel.appcore.dll
0x00007ffa25930000 - 0x00007ffa2593a000 	C:\Program Files\Android\Android Studio\jbr\bin\jimage.dll
0x00007ffa28610000 - 0x00007ffa28842000 	C:\WINDOWS\SYSTEM32\DBGHELP.DLL
0x00007ffa2ce20000 - 0x00007ffa2d1ae000 	C:\WINDOWS\System32\combase.dll
0x00007ffa2c560000 - 0x00007ffa2c637000 	C:\WINDOWS\System32\OLEAUT32.dll
0x00007ff9fead0000 - 0x00007ff9feb02000 	C:\WINDOWS\SYSTEM32\dbgcore.DLL
0x00007ffa2ac10000 - 0x00007ffa2ac8b000 	C:\WINDOWS\System32\bcryptPrimitives.dll
0x00007ffa22880000 - 0x00007ffa228a5000 	C:\Program Files\Android\Android Studio\jbr\bin\java.dll
0x00007ffa23b50000 - 0x00007ffa23b68000 	C:\Program Files\Android\Android Studio\jbr\bin\zip.dll
0x00007ffa2bcf0000 - 0x00007ffa2c557000 	C:\WINDOWS\System32\SHELL32.dll
0x00007ffa289b0000 - 0x00007ffa292af000 	C:\WINDOWS\SYSTEM32\windows.storage.dll
0x00007ffa28870000 - 0x00007ffa289af000 	C:\WINDOWS\SYSTEM32\wintypes.dll
0x00007ffa2c650000 - 0x00007ffa2c749000 	C:\WINDOWS\System32\SHCORE.dll
0x00007ffa2d1b0000 - 0x00007ffa2d20e000 	C:\WINDOWS\System32\shlwapi.dll
0x00007ffa2a9e0000 - 0x00007ffa2aa07000 	C:\WINDOWS\SYSTEM32\profapi.dll
0x00007ffa21e50000 - 0x00007ffa21e69000 	C:\Program Files\Android\Android Studio\jbr\bin\net.dll
0x00007ffa26520000 - 0x00007ffa26656000 	C:\WINDOWS\SYSTEM32\WINHTTP.dll
0x00007ffa2a020000 - 0x00007ffa2a089000 	C:\WINDOWS\system32\mswsock.dll
0x00007ffa21e30000 - 0x00007ffa21e46000 	C:\Program Files\Android\Android Studio\jbr\bin\nio.dll
0x00007ffa228f0000 - 0x00007ffa22900000 	C:\Program Files\Android\Android Studio\jbr\bin\verify.dll
0x00007ffa259f0000 - 0x00007ffa25a17000 	C:\Users\scher\.gradle\native\68d5fa5c4cc2d200863cafc0d521ce42e7d3e7ee720ec0a83991735586a16f82\windows-amd64\native-platform.dll
0x00007ff9b7520000 - 0x00007ff9b7664000 	C:\Users\scher\.gradle\native\e376f236ea51e6404a007f0833ffe2c6e607c4080706a723a18a27aeea778392\windows-amd64\native-platform-file-events.dll
0x00007ffa180f0000 - 0x00007ffa180f9000 	C:\Program Files\Android\Android Studio\jbr\bin\management.dll
0x00007ffa180e0000 - 0x00007ffa180eb000 	C:\Program Files\Android\Android Studio\jbr\bin\management_ext.dll
0x00007ffa2c820000 - 0x00007ffa2c828000 	C:\WINDOWS\System32\PSAPI.DLL
0x00007ffa2a250000 - 0x00007ffa2a26b000 	C:\WINDOWS\SYSTEM32\CRYPTSP.dll
0x00007ffa29b10000 - 0x00007ffa29b45000 	C:\WINDOWS\system32\rsaenh.dll
0x00007ffa2a0e0000 - 0x00007ffa2a108000 	C:\WINDOWS\SYSTEM32\USERENV.dll
0x00007ffa2a240000 - 0x00007ffa2a24c000 	C:\WINDOWS\SYSTEM32\CRYPTBASE.dll
0x00007ffa29550000 - 0x00007ffa2957d000 	C:\WINDOWS\SYSTEM32\IPHLPAPI.DLL
0x00007ffa2c640000 - 0x00007ffa2c649000 	C:\WINDOWS\System32\NSI.dll
0x00007ffa26500000 - 0x00007ffa26519000 	C:\WINDOWS\SYSTEM32\dhcpcsvc6.DLL
0x00007ffa26440000 - 0x00007ffa2645f000 	C:\WINDOWS\SYSTEM32\dhcpcsvc.DLL
0x00007ffa295d0000 - 0x00007ffa296c8000 	C:\WINDOWS\SYSTEM32\DNSAPI.dll
0x00007ffa23e90000 - 0x00007ffa23e98000 	C:\WINDOWS\system32\wshunix.dll

dbghelp: loaded successfully - version: 4.0.5 - missing functions: none
symbol engine: initialized successfully - sym options: 0x614 - pdb path: .;C:\Program Files\Android\Android Studio\jbr\bin;C:\WINDOWS\SYSTEM32;C:\WINDOWS\WinSxS\amd64_microsoft.windows.common-controls_6595b64144ccf1df_6.0.22621.3672_none_2713b9d173822955;C:\Program Files\Android\Android Studio\jbr\bin\server;C:\Users\scher\.gradle\native\68d5fa5c4cc2d200863cafc0d521ce42e7d3e7ee720ec0a83991735586a16f82\windows-amd64;C:\Users\scher\.gradle\native\e376f236ea51e6404a007f0833ffe2c6e607c4080706a723a18a27aeea778392\windows-amd64

VM Arguments:
jvm_args: --add-opens=java.base/java.util=ALL-UNNAMED --add-opens=java.base/java.lang=ALL-UNNAMED --add-opens=java.base/java.lang.invoke=ALL-UNNAMED --add-opens=java.prefs/java.util.prefs=ALL-UNNAMED --add-opens=java.base/java.nio.charset=ALL-UNNAMED --add-opens=java.base/java.net=ALL-UNNAMED --add-opens=java.base/java.util.concurrent.atomic=ALL-UNNAMED -Xmx2048m -Dfile.encoding=UTF-8 -Duser.country=BR -Duser.language=pt -Duser.variant 
java_command: org.gradle.launcher.daemon.bootstrap.GradleDaemon 8.0
java_class_path (initial): C:\Users\scher\.gradle\wrapper\dists\gradle-8.0-bin\ca5e32bp14vu59qr306oxotwh\gradle-8.0\lib\gradle-launcher-8.0.jar
Launcher Type: SUN_STANDARD

[Global flags]
     intx CICompilerCount                          = 4                                         {product} {ergonomic}
     uint ConcGCThreads                            = 2                                         {product} {ergonomic}
     uint G1ConcRefinementThreads                  = 8                                         {product} {ergonomic}
   size_t G1HeapRegionSize                         = 1048576                                   {product} {ergonomic}
    uintx GCDrainStackTargetSize                   = 64                                        {product} {ergonomic}
   size_t InitialHeapSize                          = 134217728                                 {product} {ergonomic}
   size_t MarkStackSize                            = 4194304                                   {product} {ergonomic}
   size_t MaxHeapSize                              = 2147483648                                {product} {command line}
   size_t MaxNewSize                               = 1287651328                                {product} {ergonomic}
   size_t MinHeapDeltaBytes                        = 1048576                                   {product} {ergonomic}
   size_t MinHeapSize                              = 8388608                                   {product} {ergonomic}
    uintx NonNMethodCodeHeapSize                   = 5839372                                {pd product} {ergonomic}
    uintx NonProfiledCodeHeapSize                  = 122909434                              {pd product} {ergonomic}
    uintx ProfiledCodeHeapSize                     = 122909434                              {pd product} {ergonomic}
    uintx ReservedCodeCacheSize                    = 251658240                              {pd product} {ergonomic}
     bool SegmentedCodeCache                       = true                                      {product} {ergonomic}
   size_t SoftMaxHeapSize                          = 2147483648                             {manageable} {ergonomic}
     bool UseCompressedClassPointers               = true                           {product lp64_product} {ergonomic}
     bool UseCompressedOops                        = true                           {product lp64_product} {ergonomic}
     bool UseG1GC                                  = true                                      {product} {ergonomic}
     bool UseLargePagesIndividualAllocation        = false                                  {pd product} {ergonomic}

Logging:
Log output configuration:
 #0: stdout all=warning uptime,level,tags
 #1: stderr all=off uptime,level,tags

Environment Variables:
PATH=C:\Program Files\Common Files\Oracle\Java\javapath;C:\Program Files (x86)\Embarcadero\Studio\22.0\bin;C:\Users\Public\Documents\Embarcadero\Studio\22.0\Bpl;C:\Program Files (x86)\Embarcadero\Studio\22.0\bin64;C:\Users\Public\Documents\Embarcadero\Studio\22.0\Bpl\Win64;C:\Program Files (x86)\Embarcadero\Studio\21.0\bin;C:\Users\Public\Documents\Embarcadero\Studio\21.0\Bpl;C:\Program Files (x86)\Embarcadero\Studio\21.0\bin64;C:\Users\Public\Documents\Embarcadero\Studio\21.0\Bpl\Win64;C:\Windows\system32;C:\Windows;C:\Windows\System32\Wbem;C:\Windows\System32\WindowsPowerShell\v1.0\;C:\Windows\System32\OpenSSH\;C:\Program Files (x86)\NVIDIA Corporation\PhysX\Common;C:\Program Files\NVIDIA Corporation\NVIDIA NvDLISR;C:\WINDOWS\system32;C:\WINDOWS;C:\WINDOWS\System32\Wbem;C:\WINDOWS\System32\WindowsPowerShell\v1.0\;C:\WINDOWS\System32\OpenSSH\;C:\Program Files\dotnet\;C:\Program Files (x86)\Windows Kits\10\Windows Performance Toolkit\;C:\Program Files\Git\cmd;C:\Users\scher\AppData\Local\Microsoft\WindowsApps;;C:\Users\scher\AppData\Local\Programs\Microsoft VS Code\bin
USERNAME=scher
OS=Windows_NT
PROCESSOR_IDENTIFIER=Intel64 Family 6 Model 142 Stepping 12, GenuineIntel
TMP=C:\Users\scher\AppData\Local\Temp
TEMP=C:\Users\scher\AppData\Local\Temp


JNI global refs:
JNI global refs: 25, weak refs: 0

JNI global refs memory usage: 843, weak refs: 841


---------------  S Y S T E M  ---------------

OS:
 Windows 11 , 64 bit Build 22621 (10.0.22621.3958)
OS uptime: 0 days 3:02 hours
Hyper-V role detected

CPU: total 8 (initial active 8) (4 cores per cpu, 2 threads per core) family 6 model 142 stepping 12 microcode 0xea, cx8, cmov, fxsr, ht, mmx, 3dnowpref, sse, sse2, sse3, ssse3, sse4.1, sse4.2, popcnt, lzcnt, tsc, tscinvbit, avx, avx2, aes, erms, clmul, bmi1, bmi2, adx, fma, vzeroupper, clflush, clflushopt, hv

Memory: 4k page, system-wide physical 8072M (586M free)
TotalPageFile size 10120M (AvailPageFile size 5M)
current process WorkingSet (physical memory assigned to process): 252M, peak: 254M
current process commit charge ("private bytes"): 287M, peak: 290M

vm_info: OpenJDK 64-Bit Server VM (17.0.6+0-b2043.56-10027231) for windows-amd64 JRE (17.0.6+0-b2043.56-10027231), built on Apr 28 2023 00:43:19 by "androidbuild" with MS VC++ 16.10 / 16.11 (VS2019)

END.
