#
# There is insufficient memory for the Java Runtime Environment to continue.
# Native memory allocation (mmap) failed to map 13631488 bytes for G1 virtual space
# Possible reasons:
#   The system is out of physical RAM or swap space
#   The process is running with CompressedOops enabled, and the Java Heap may be blocking the growth of the native heap
# Possible solutions:
#   Reduce memory load on the system
#   Increase physical memory or swap space
#   Check if swap backing store is full
#   Decrease Java heap size (-Xmx/-Xms)
#   Decrease number of Java threads
#   Decrease Java thread stack sizes (-Xss)
#   Set larger code cache with -XX:ReservedCodeCacheSize=
#   JVM is running with Unscaled Compressed Oops mode in which the Java heap is
#     placed in the first 4GB address space. The Java Heap base address is the
#     maximum limit for the native heap growth. Please use -XX:HeapBaseMinAddress
#     to set the Java Heap base and to place the Java Heap above 4GB virtual address.
# This output file may be truncated or incomplete.
#
#  Out of Memory Error (os_windows.cpp:3769), pid=1860, tid=12124
#
# JRE version: OpenJDK Runtime Environment (17.0.6) (build 17.0.6+0-b2043.56-10027231)
# Java VM: OpenJDK 64-Bit Server VM (17.0.6+0-b2043.56-10027231, mixed mode, tiered, compressed oops, compressed class ptrs, g1 gc, windows-amd64)
# No core dump will be written. Minidumps are not enabled by default on client versions of Windows
#

---------------  S U M M A R Y ------------

Command Line: --add-opens=java.base/java.util=ALL-UNNAMED --add-opens=java.base/java.lang=ALL-UNNAMED --add-opens=java.base/java.lang.invoke=ALL-UNNAMED --add-opens=java.prefs/java.util.prefs=ALL-UNNAMED --add-opens=java.base/java.nio.charset=ALL-UNNAMED --add-opens=java.base/java.net=ALL-UNNAMED --add-opens=java.base/java.util.concurrent.atomic=ALL-UNNAMED -Xmx2048m -Dfile.encoding=UTF-8 -Duser.country=BR -Duser.language=pt -Duser.variant org.gradle.launcher.daemon.bootstrap.GradleDaemon 8.0

Host: Intel(R) Core(TM) i7-8565U CPU @ 1.80GHz, 8 cores, 7G,  Windows 11 , 64 bit Build 22621 (10.0.22621.3958)
Time: Sun Sep  1 17:23:47 2024 Hora oficial do Brasil elapsed time: 10.036873 seconds (0d 0h 0m 10s)

---------------  T H R E A D  ---------------

Current thread (0x00000182aac92220):  VMThread "VM Thread" [stack: 0x00000038b0900000,0x00000038b0a00000] [id=12124]

Stack: [0x00000038b0900000,0x00000038b0a00000]
Native frames: (J=compiled Java code, j=interpreted, Vv=VM code, C=native code)
V  [jvm.dll+0x683c9a]
V  [jvm.dll+0x8427a4]
V  [jvm.dll+0x843f9e]
V  [jvm.dll+0x844603]
V  [jvm.dll+0x249b75]
V  [jvm.dll+0x680b69]
V  [jvm.dll+0x67505a]
V  [jvm.dll+0x309acb]
V  [jvm.dll+0x310f86]
V  [jvm.dll+0x3608ee]
V  [jvm.dll+0x360b1f]
V  [jvm.dll+0x2dfbf8]
V  [jvm.dll+0x2e2ce6]
V  [jvm.dll+0x2ed478]
V  [jvm.dll+0x322150]
V  [jvm.dll+0x848ccb]
V  [jvm.dll+0x849a04]
V  [jvm.dll+0x849f1d]
V  [jvm.dll+0x84a2f4]
V  [jvm.dll+0x84a3c0]
V  [jvm.dll+0x7f274a]
V  [jvm.dll+0x682ad5]
C  [ucrtbase.dll+0x29333]
C  [KERNEL32.DLL+0x1257d]
C  [ntdll.dll+0x5af28]

VM_Operation (0x00000038b05ff4b0): G1Concurrent, mode: safepoint, requested by thread 0x000001828eefe500


---------------  P R O C E S S  ---------------

Threads class SMR info:
_java_thread_list=0x00000182b07be280, length=136, elements={
0x000001828ee90c40, 0x00000182ab813260, 0x00000182ab8140d0, 0x00000182aaca9fa0,
0x00000182aacaae10, 0x00000182aacae940, 0x00000182ab833a10, 0x00000182ab835320,
0x00000182ab837a60, 0x00000182ab838770, 0x00000182ab9cc540, 0x00000182ab9cca10,
0x00000182ae9ec020, 0x00000182acf1f3f0, 0x00000182adead0e0, 0x00000182ad1616f0,
0x00000182acacb4b0, 0x00000182ae3c2a70, 0x00000182ae78dab0, 0x00000182acd40800,
0x00000182acd3eb20, 0x00000182acd3f990, 0x00000182acd3e650, 0x00000182acd3eff0,
0x00000182acd3fe60, 0x00000182acd42010, 0x00000182acd3f4c0, 0x00000182acd40330,
0x00000182acd40cd0, 0x00000182acd411a0, 0x00000182acd41670, 0x00000182acd41b40,
0x00000182af8633d0, 0x00000182af865580, 0x00000182af862560, 0x00000182af866d90,
0x00000182af861220, 0x00000182af864be0, 0x00000182af8668c0, 0x00000182af864710,
0x00000182af8616f0, 0x00000182af865f20, 0x00000182af85fee0, 0x00000182af8663f0,
0x00000182af860880, 0x00000182af8638a0, 0x00000182af863d70, 0x00000182af867730,
0x00000182af864240, 0x00000182af862090, 0x00000182af862a30, 0x00000182af862f00,
0x00000182b0fb8e90, 0x00000182b0fb9830, 0x00000182b0fb4b30, 0x00000182b0fb8020,
0x00000182b0fb2e50, 0x00000182b0fb4660, 0x00000182b0fb6810, 0x00000182b0fb9360,
0x00000182b0fb5000, 0x00000182b0fb89c0, 0x00000182b0fb3320, 0x00000182b0fb84f0,
0x00000182b0fb2980, 0x00000182b0fb9d00, 0x00000182b0fb24b0, 0x00000182b0fb37f0,
0x00000182b0fb3cc0, 0x00000182b0fb4190, 0x00000182b0fb54d0, 0x00000182b0fb59a0,
0x00000182b0fb6ce0, 0x00000182b0fb5e70, 0x00000182b0fb71b0, 0x00000182b0fb6340,
0x00000182b0fb7680, 0x00000182b0fb7b50, 0x00000182b33c5b60, 0x00000182b33c2b40,
0x00000182b33bfff0, 0x00000182b33c1cd0, 0x00000182b33bf180, 0x00000182b33c2670,
0x00000182b33becb0, 0x00000182b33c5690, 0x00000182b33c0e60, 0x00000182b33c3010,
0x00000182b33c34e0, 0x00000182b33c04c0, 0x00000182b33c6030, 0x00000182b33c39b0,
0x00000182b33c3e80, 0x00000182b33c0990, 0x00000182b33c4cf0, 0x00000182b33bf650,
0x00000182b33c1330, 0x00000182b33c1800, 0x00000182b33bfb20, 0x00000182b33c51c0,
0x00000182b33c4350, 0x00000182b33c21a0, 0x00000182b33c4820, 0x00000182b33be7e0,
0x00000182b153d6f0, 0x00000182b153b070, 0x00000182b153a6d0, 0x00000182b1539390,
0x00000182b153d220, 0x00000182b153cd50, 0x00000182b1539860, 0x00000182b1539d30,
0x00000182b153e090, 0x00000182b153c880, 0x00000182b1538050, 0x00000182b153e560,
0x00000182b1536d10, 0x00000182b153c3b0, 0x00000182b153aba0, 0x00000182b1538520,
0x00000182b153dbc0, 0x00000182b153a200, 0x00000182b15371e0, 0x00000182ae8f9d50,
0x00000182b1538ec0, 0x00000182ae6e1f00, 0x00000182ac9f5970, 0x00000182ac9fab40,
0x00000182ac9f5e40, 0x00000182ac9f8990, 0x00000182ac9f84c0, 0x00000182ac9f8e60,
0x00000182ac9f6310, 0x00000182ac9f54a0, 0x00000182ac9fb010, 0x00000182ac9f4b00
}

Java Threads: ( => current thread )
  0x000001828ee90c40 JavaThread "main" [_thread_blocked, id=10672, stack(0x00000038b0300000,0x00000038b0400000)]
  0x00000182ab813260 JavaThread "Reference Handler" daemon [_thread_blocked, id=2368, stack(0x00000038b0a00000,0x00000038b0b00000)]
  0x00000182ab8140d0 JavaThread "Finalizer" daemon [_thread_blocked, id=15192, stack(0x00000038b0b00000,0x00000038b0c00000)]
  0x00000182aaca9fa0 JavaThread "Signal Dispatcher" daemon [_thread_blocked, id=6876, stack(0x00000038b0c00000,0x00000038b0d00000)]
  0x00000182aacaae10 JavaThread "Attach Listener" daemon [_thread_blocked, id=10588, stack(0x00000038b0d00000,0x00000038b0e00000)]
  0x00000182aacae940 JavaThread "Service Thread" daemon [_thread_blocked, id=6840, stack(0x00000038b0e00000,0x00000038b0f00000)]
  0x00000182ab833a10 JavaThread "Monitor Deflation Thread" daemon [_thread_blocked, id=10388, stack(0x00000038b0f00000,0x00000038b1000000)]
  0x00000182ab835320 JavaThread "C2 CompilerThread0" daemon [_thread_in_native, id=1216, stack(0x00000038b1000000,0x00000038b1100000)]
  0x00000182ab837a60 JavaThread "C1 CompilerThread0" daemon [_thread_blocked, id=3644, stack(0x00000038b1100000,0x00000038b1200000)]
  0x00000182ab838770 JavaThread "Sweeper thread" daemon [_thread_blocked, id=7520, stack(0x00000038b1200000,0x00000038b1300000)]
  0x00000182ab9cc540 JavaThread "Common-Cleaner" daemon [_thread_blocked, id=10016, stack(0x00000038b1300000,0x00000038b1400000)]
  0x00000182ab9cca10 JavaThread "Notification Thread" daemon [_thread_blocked, id=14100, stack(0x00000038b1400000,0x00000038b1500000)]
  0x00000182ae9ec020 JavaThread "Daemon health stats" [_thread_blocked, id=9660, stack(0x00000038b1c00000,0x00000038b1d00000)]
  0x00000182acf1f3f0 JavaThread "Incoming local TCP Connector on port 52824" [_thread_in_native, id=11556, stack(0x00000038b1d00000,0x00000038b1e00000)]
  0x00000182adead0e0 JavaThread "Daemon periodic checks" [_thread_blocked, id=7668, stack(0x00000038b1e00000,0x00000038b1f00000)]
  0x00000182ad1616f0 JavaThread "Daemon" [_thread_blocked, id=16948, stack(0x00000038b1f00000,0x00000038b2000000)]
  0x00000182acacb4b0 JavaThread "Handler for socket connection from /127.0.0.1:52824 to /127.0.0.1:52825" [_thread_in_native, id=15860, stack(0x00000038b2000000,0x00000038b2100000)]
  0x00000182ae3c2a70 JavaThread "Cancel handler" [_thread_blocked, id=10424, stack(0x00000038b2100000,0x00000038b2200000)]
  0x00000182ae78dab0 JavaThread "Daemon worker" [_thread_blocked, id=4668, stack(0x00000038b2200000,0x00000038b2300000)]
  0x00000182acd40800 JavaThread "Asynchronous log dispatcher for DefaultDaemonConnection: socket connection from /127.0.0.1:52824 to /127.0.0.1:52825" [_thread_blocked, id=8752, stack(0x00000038b2300000,0x00000038b2400000)]
  0x00000182acd3eb20 JavaThread "Stdin handler" [_thread_blocked, id=13696, stack(0x00000038b2400000,0x00000038b2500000)]
  0x00000182acd3f990 JavaThread "Daemon client event forwarder" [_thread_blocked, id=16096, stack(0x00000038b2500000,0x00000038b2600000)]
  0x00000182acd3e650 JavaThread "Cache worker for journal cache (C:\Users\scher\.gradle\caches\journal-1)" [_thread_blocked, id=16324, stack(0x00000038b1700000,0x00000038b1800000)]
  0x00000182acd3eff0 JavaThread "File lock request listener" [_thread_in_native, id=6892, stack(0x00000038b2a00000,0x00000038b2b00000)]
  0x00000182acd3fe60 JavaThread "Cache worker for file hash cache (C:\Users\scher\.gradle\caches\8.0\fileHashes)" [_thread_blocked, id=15420, stack(0x00000038b2b00000,0x00000038b2c00000)]
  0x00000182acd42010 JavaThread "File watcher server" daemon [_thread_in_native, id=8316, stack(0x00000038b2d00000,0x00000038b2e00000)]
  0x00000182acd3f4c0 JavaThread "File watcher consumer" daemon [_thread_blocked, id=12140, stack(0x00000038b2e00000,0x00000038b2f00000)]
  0x00000182acd40330 JavaThread "jar transforms" [_thread_blocked, id=6932, stack(0x00000038b2f00000,0x00000038b3000000)]
  0x00000182acd40cd0 JavaThread "jar transforms Thread 2" [_thread_blocked, id=12028, stack(0x00000038b3000000,0x00000038b3100000)]
  0x00000182acd411a0 JavaThread "jar transforms Thread 3" [_thread_blocked, id=16456, stack(0x00000038b3100000,0x00000038b3200000)]
  0x00000182acd41670 JavaThread "jar transforms Thread 4" [_thread_blocked, id=8636, stack(0x00000038b3200000,0x00000038b3300000)]
  0x00000182acd41b40 JavaThread "jar transforms Thread 5" [_thread_blocked, id=12676, stack(0x00000038b3300000,0x00000038b3400000)]
  0x00000182af8633d0 JavaThread "jar transforms Thread 6" [_thread_blocked, id=4252, stack(0x00000038b3400000,0x00000038b3500000)]
  0x00000182af865580 JavaThread "jar transforms Thread 7" [_thread_blocked, id=4032, stack(0x00000038b3500000,0x00000038b3600000)]
  0x00000182af862560 JavaThread "jar transforms Thread 8" [_thread_blocked, id=1628, stack(0x00000038b3600000,0x00000038b3700000)]
  0x00000182af866d90 JavaThread "Cache worker for checksums cache (C:\Users\scher\Documents\PROJETOS ANDROID\RECICLAAI\.gradle\8.0\checksums)" [_thread_blocked, id=17396, stack(0x00000038b3700000,0x00000038b3800000)]
  0x00000182af861220 JavaThread "Cache worker for cache directory md-rule (C:\Users\scher\.gradle\caches\8.0\md-rule)" [_thread_blocked, id=1512, stack(0x00000038b3800000,0x00000038b3900000)]
  0x00000182af864be0 JavaThread "Cache worker for file content cache (C:\Users\scher\.gradle\caches\8.0\fileContent)" [_thread_blocked, id=16080, stack(0x00000038b3900000,0x00000038b3a00000)]
  0x00000182af8668c0 JavaThread "Cache worker for file hash cache (C:\Users\scher\Documents\PROJETOS ANDROID\RECICLAAI\.gradle\8.0\fileHashes)" [_thread_blocked, id=5200, stack(0x00000038b3a00000,0x00000038b3b00000)]
  0x00000182af864710 JavaThread "Cache worker for cache directory md-supplier (C:\Users\scher\.gradle\caches\8.0\md-supplier)" [_thread_blocked, id=12192, stack(0x00000038b3b00000,0x00000038b3c00000)]
  0x00000182af8616f0 JavaThread "Cache worker for execution history cache (C:\Users\scher\.gradle\caches\8.0\executionHistory)" [_thread_blocked, id=11540, stack(0x00000038b3c00000,0x00000038b3d00000)]
  0x00000182af865f20 JavaThread "Cache worker for dependencies-accessors (C:\Users\scher\Documents\PROJETOS ANDROID\RECICLAAI\.gradle\8.0\dependencies-accessors)" [_thread_blocked, id=16652, stack(0x00000038b3d00000,0x00000038b3e00000)]
  0x00000182af85fee0 JavaThread "Cache worker for Build Output Cleanup Cache (C:\Users\scher\Documents\PROJETOS ANDROID\RECICLAAI\.gradle\buildOutputCleanup)" [_thread_blocked, id=6848, stack(0x00000038b3e00000,0x00000038b3f00000)]
  0x00000182af8663f0 JavaThread "Unconstrained build operations" [_thread_blocked, id=11360, stack(0x00000038b3f00000,0x00000038b4000000)]
  0x00000182af860880 JavaThread "Unconstrained build operations Thread 2" [_thread_blocked, id=16680, stack(0x00000038b4000000,0x00000038b4100000)]
  0x00000182af8638a0 JavaThread "Unconstrained build operations Thread 3" [_thread_blocked, id=6828, stack(0x00000038b4100000,0x00000038b4200000)]
  0x00000182af863d70 JavaThread "Unconstrained build operations Thread 4" [_thread_blocked, id=17172, stack(0x00000038b4200000,0x00000038b4300000)]
  0x00000182af867730 JavaThread "Unconstrained build operations Thread 5" [_thread_blocked, id=15272, stack(0x00000038b4300000,0x00000038b4400000)]
  0x00000182af864240 JavaThread "Unconstrained build operations Thread 6" [_thread_blocked, id=14600, stack(0x00000038b4400000,0x00000038b4500000)]
  0x00000182af862090 JavaThread "Unconstrained build operations Thread 7" [_thread_blocked, id=15616, stack(0x00000038b4500000,0x00000038b4600000)]
  0x00000182af862a30 JavaThread "Unconstrained build operations Thread 8" [_thread_blocked, id=13324, stack(0x00000038b4600000,0x00000038b4700000)]
  0x00000182af862f00 JavaThread "Unconstrained build operations Thread 9" [_thread_blocked, id=15980, stack(0x00000038b4700000,0x00000038b4800000)]
  0x00000182b0fb8e90 JavaThread "Unconstrained build operations Thread 10" [_thread_blocked, id=9300, stack(0x00000038b4800000,0x00000038b4900000)]
  0x00000182b0fb9830 JavaThread "Unconstrained build operations Thread 11" [_thread_blocked, id=12904, stack(0x00000038b4900000,0x00000038b4a00000)]
  0x00000182b0fb4b30 JavaThread "Unconstrained build operations Thread 12" [_thread_blocked, id=11924, stack(0x00000038b4a00000,0x00000038b4b00000)]
  0x00000182b0fb8020 JavaThread "Unconstrained build operations Thread 13" [_thread_blocked, id=15692, stack(0x00000038b4b00000,0x00000038b4c00000)]
  0x00000182b0fb2e50 JavaThread "Unconstrained build operations Thread 14" [_thread_blocked, id=6996, stack(0x00000038b4c00000,0x00000038b4d00000)]
  0x00000182b0fb4660 JavaThread "Unconstrained build operations Thread 15" [_thread_blocked, id=6084, stack(0x00000038b4d00000,0x00000038b4e00000)]
  0x00000182b0fb6810 JavaThread "Unconstrained build operations Thread 16" [_thread_blocked, id=17388, stack(0x00000038b4e00000,0x00000038b4f00000)]
  0x00000182b0fb9360 JavaThread "Unconstrained build operations Thread 17" [_thread_blocked, id=6780, stack(0x00000038b4f00000,0x00000038b5000000)]
  0x00000182b0fb5000 JavaThread "Unconstrained build operations Thread 18" [_thread_blocked, id=8556, stack(0x00000038b5000000,0x00000038b5100000)]
  0x00000182b0fb89c0 JavaThread "Unconstrained build operations Thread 19" [_thread_blocked, id=11324, stack(0x00000038b5100000,0x00000038b5200000)]
  0x00000182b0fb3320 JavaThread "Unconstrained build operations Thread 20" [_thread_blocked, id=296, stack(0x00000038b5200000,0x00000038b5300000)]
  0x00000182b0fb84f0 JavaThread "Unconstrained build operations Thread 21" [_thread_blocked, id=16364, stack(0x00000038b5300000,0x00000038b5400000)]
  0x00000182b0fb2980 JavaThread "Unconstrained build operations Thread 22" [_thread_blocked, id=15992, stack(0x00000038b5400000,0x00000038b5500000)]
  0x00000182b0fb9d00 JavaThread "Unconstrained build operations Thread 23" [_thread_blocked, id=2248, stack(0x00000038b5500000,0x00000038b5600000)]
  0x00000182b0fb24b0 JavaThread "Unconstrained build operations Thread 24" [_thread_blocked, id=352, stack(0x00000038b5600000,0x00000038b5700000)]
  0x00000182b0fb37f0 JavaThread "Unconstrained build operations Thread 25" [_thread_blocked, id=15024, stack(0x00000038b5700000,0x00000038b5800000)]
  0x00000182b0fb3cc0 JavaThread "Unconstrained build operations Thread 26" [_thread_blocked, id=3364, stack(0x00000038b5800000,0x00000038b5900000)]
  0x00000182b0fb4190 JavaThread "Unconstrained build operations Thread 27" [_thread_blocked, id=16464, stack(0x00000038b5900000,0x00000038b5a00000)]
  0x00000182b0fb54d0 JavaThread "Unconstrained build operations Thread 28" [_thread_blocked, id=1624, stack(0x00000038b5a00000,0x00000038b5b00000)]
  0x00000182b0fb59a0 JavaThread "Unconstrained build operations Thread 29" [_thread_blocked, id=1228, stack(0x00000038b5b00000,0x00000038b5c00000)]
  0x00000182b0fb6ce0 JavaThread "Unconstrained build operations Thread 30" [_thread_blocked, id=3484, stack(0x00000038b5c00000,0x00000038b5d00000)]
  0x00000182b0fb5e70 JavaThread "Unconstrained build operations Thread 31" [_thread_blocked, id=14436, stack(0x00000038b5d00000,0x00000038b5e00000)]
  0x00000182b0fb71b0 JavaThread "Unconstrained build operations Thread 32" [_thread_blocked, id=6800, stack(0x00000038b5e00000,0x00000038b5f00000)]
  0x00000182b0fb6340 JavaThread "Unconstrained build operations Thread 33" [_thread_blocked, id=16264, stack(0x00000038b5f00000,0x00000038b6000000)]
  0x00000182b0fb7680 JavaThread "Unconstrained build operations Thread 34" [_thread_blocked, id=9316, stack(0x00000038b6000000,0x00000038b6100000)]
  0x00000182b0fb7b50 JavaThread "Unconstrained build operations Thread 35" [_thread_blocked, id=11716, stack(0x00000038b6100000,0x00000038b6200000)]
  0x00000182b33c5b60 JavaThread "Unconstrained build operations Thread 36" [_thread_blocked, id=9752, stack(0x00000038b6200000,0x00000038b6300000)]
  0x00000182b33c2b40 JavaThread "Unconstrained build operations Thread 37" [_thread_blocked, id=15476, stack(0x00000038b6300000,0x00000038b6400000)]
  0x00000182b33bfff0 JavaThread "Unconstrained build operations Thread 38" [_thread_blocked, id=16600, stack(0x00000038b6400000,0x00000038b6500000)]
  0x00000182b33c1cd0 JavaThread "Unconstrained build operations Thread 39" [_thread_blocked, id=7496, stack(0x00000038b6500000,0x00000038b6600000)]
  0x00000182b33bf180 JavaThread "Unconstrained build operations Thread 40" [_thread_blocked, id=10384, stack(0x00000038b6600000,0x00000038b6700000)]
  0x00000182b33c2670 JavaThread "Unconstrained build operations Thread 41" [_thread_blocked, id=15660, stack(0x00000038b6700000,0x00000038b6800000)]
  0x00000182b33becb0 JavaThread "Unconstrained build operations Thread 42" [_thread_blocked, id=12396, stack(0x00000038b6800000,0x00000038b6900000)]
  0x00000182b33c5690 JavaThread "Unconstrained build operations Thread 43" [_thread_blocked, id=5804, stack(0x00000038b6900000,0x00000038b6a00000)]
  0x00000182b33c0e60 JavaThread "Unconstrained build operations Thread 44" [_thread_blocked, id=16188, stack(0x00000038b6a00000,0x00000038b6b00000)]
  0x00000182b33c3010 JavaThread "Unconstrained build operations Thread 45" [_thread_blocked, id=6776, stack(0x00000038b6b00000,0x00000038b6c00000)]
  0x00000182b33c34e0 JavaThread "Unconstrained build operations Thread 46" [_thread_blocked, id=112, stack(0x00000038b6c00000,0x00000038b6d00000)]
  0x00000182b33c04c0 JavaThread "Unconstrained build operations Thread 47" [_thread_blocked, id=16348, stack(0x00000038b6d00000,0x00000038b6e00000)]
  0x00000182b33c6030 JavaThread "Unconstrained build operations Thread 48" [_thread_blocked, id=16740, stack(0x00000038b6e00000,0x00000038b6f00000)]
  0x00000182b33c39b0 JavaThread "Unconstrained build operations Thread 49" [_thread_blocked, id=8348, stack(0x00000038b6f00000,0x00000038b7000000)]
  0x00000182b33c3e80 JavaThread "Unconstrained build operations Thread 50" [_thread_blocked, id=16592, stack(0x00000038b7000000,0x00000038b7100000)]
  0x00000182b33c0990 JavaThread "Unconstrained build operations Thread 51" [_thread_blocked, id=6400, stack(0x00000038b7100000,0x00000038b7200000)]
  0x00000182b33c4cf0 JavaThread "Unconstrained build operations Thread 52" [_thread_blocked, id=13712, stack(0x00000038b7200000,0x00000038b7300000)]
  0x00000182b33bf650 JavaThread "Unconstrained build operations Thread 53" [_thread_blocked, id=16804, stack(0x00000038b7300000,0x00000038b7400000)]
  0x00000182b33c1330 JavaThread "Unconstrained build operations Thread 54" [_thread_blocked, id=13112, stack(0x00000038b7400000,0x00000038b7500000)]
  0x00000182b33c1800 JavaThread "Unconstrained build operations Thread 55" [_thread_blocked, id=10636, stack(0x00000038b7500000,0x00000038b7600000)]
  0x00000182b33bfb20 JavaThread "Unconstrained build operations Thread 56" [_thread_blocked, id=3008, stack(0x00000038b7600000,0x00000038b7700000)]
  0x00000182b33c51c0 JavaThread "Unconstrained build operations Thread 57" [_thread_blocked, id=3572, stack(0x00000038b7700000,0x00000038b7800000)]
  0x00000182b33c4350 JavaThread "Unconstrained build operations Thread 58" [_thread_blocked, id=1952, stack(0x00000038b7800000,0x00000038b7900000)]
  0x00000182b33c21a0 JavaThread "Unconstrained build operations Thread 59" [_thread_blocked, id=13308, stack(0x00000038b7900000,0x00000038b7a00000)]
  0x00000182b33c4820 JavaThread "Unconstrained build operations Thread 60" [_thread_blocked, id=2128, stack(0x00000038b7a00000,0x00000038b7b00000)]
  0x00000182b33be7e0 JavaThread "Unconstrained build operations Thread 61" [_thread_blocked, id=784, stack(0x00000038b7b00000,0x00000038b7c00000)]
  0x00000182b153d6f0 JavaThread "Unconstrained build operations Thread 62" [_thread_blocked, id=11744, stack(0x00000038b7c00000,0x00000038b7d00000)]
  0x00000182b153b070 JavaThread "Unconstrained build operations Thread 63" [_thread_blocked, id=12896, stack(0x00000038b7d00000,0x00000038b7e00000)]
  0x00000182b153a6d0 JavaThread "Unconstrained build operations Thread 64" [_thread_blocked, id=11492, stack(0x00000038b7e00000,0x00000038b7f00000)]
  0x00000182b1539390 JavaThread "Unconstrained build operations Thread 65" [_thread_blocked, id=11300, stack(0x00000038b7f00000,0x00000038b8000000)]
  0x00000182b153d220 JavaThread "Unconstrained build operations Thread 66" [_thread_blocked, id=1268, stack(0x00000038b8000000,0x00000038b8100000)]
  0x00000182b153cd50 JavaThread "Unconstrained build operations Thread 67" [_thread_blocked, id=13096, stack(0x00000038b8100000,0x00000038b8200000)]
  0x00000182b1539860 JavaThread "Unconstrained build operations Thread 68" [_thread_blocked, id=11260, stack(0x00000038b8200000,0x00000038b8300000)]
  0x00000182b1539d30 JavaThread "Unconstrained build operations Thread 69" [_thread_blocked, id=17252, stack(0x00000038b8300000,0x00000038b8400000)]
  0x00000182b153e090 JavaThread "Unconstrained build operations Thread 70" [_thread_blocked, id=15492, stack(0x00000038b8400000,0x00000038b8500000)]
  0x00000182b153c880 JavaThread "Unconstrained build operations Thread 71" [_thread_blocked, id=1044, stack(0x00000038b8500000,0x00000038b8600000)]
  0x00000182b1538050 JavaThread "Unconstrained build operations Thread 72" [_thread_blocked, id=9708, stack(0x00000038b8600000,0x00000038b8700000)]
  0x00000182b153e560 JavaThread "Unconstrained build operations Thread 73" [_thread_blocked, id=13136, stack(0x00000038b8700000,0x00000038b8800000)]
  0x00000182b1536d10 JavaThread "Unconstrained build operations Thread 74" [_thread_blocked, id=5080, stack(0x00000038b8800000,0x00000038b8900000)]
  0x00000182b153c3b0 JavaThread "Unconstrained build operations Thread 75" [_thread_blocked, id=12240, stack(0x00000038b8900000,0x00000038b8a00000)]
  0x00000182b153aba0 JavaThread "Unconstrained build operations Thread 76" [_thread_blocked, id=8344, stack(0x00000038b8a00000,0x00000038b8b00000)]
  0x00000182b1538520 JavaThread "Unconstrained build operations Thread 77" [_thread_blocked, id=3864, stack(0x00000038b8b00000,0x00000038b8c00000)]
  0x00000182b153dbc0 JavaThread "Unconstrained build operations Thread 78" [_thread_blocked, id=13936, stack(0x00000038b8c00000,0x00000038b8d00000)]
  0x00000182b153a200 JavaThread "Unconstrained build operations Thread 79" [_thread_blocked, id=12284, stack(0x00000038b8d00000,0x00000038b8e00000)]
  0x00000182b15371e0 JavaThread "Unconstrained build operations Thread 80" [_thread_blocked, id=1252, stack(0x00000038b8e00000,0x00000038b8f00000)]
  0x00000182ae8f9d50 JavaThread "C2 CompilerThread1" daemon [_thread_blocked, id=10980, stack(0x00000038b1600000,0x00000038b1700000)]
  0x00000182b1538ec0 JavaThread "Memory manager" [_thread_blocked, id=15440, stack(0x00000038b8f00000,0x00000038b9000000)]
  0x00000182ae6e1f00 JavaThread "C2 CompilerThread2" daemon [_thread_blocked, id=11284, stack(0x00000038b2c00000,0x00000038b2d00000)]
  0x00000182ac9f5970 JavaThread "included builds" [_thread_blocked, id=8632, stack(0x00000038b9000000,0x00000038b9100000)]
  0x00000182ac9fab40 JavaThread "Execution worker" [_thread_blocked, id=2080, stack(0x00000038b9100000,0x00000038b9200000)]
  0x00000182ac9f5e40 JavaThread "Execution worker Thread 2" [_thread_blocked, id=3860, stack(0x00000038b9200000,0x00000038b9300000)]
  0x00000182ac9f8990 JavaThread "Execution worker Thread 3" [_thread_blocked, id=12084, stack(0x00000038b9300000,0x00000038b9400000)]
  0x00000182ac9f84c0 JavaThread "Execution worker Thread 4" [_thread_blocked, id=13288, stack(0x00000038b9400000,0x00000038b9500000)]
  0x00000182ac9f8e60 JavaThread "Execution worker Thread 5" [_thread_blocked, id=6816, stack(0x00000038b9500000,0x00000038b9600000)]
  0x00000182ac9f6310 JavaThread "Execution worker Thread 6" [_thread_blocked, id=1684, stack(0x00000038b9600000,0x00000038b9700000)]
  0x00000182ac9f54a0 JavaThread "Execution worker Thread 7" [_thread_blocked, id=11512, stack(0x00000038b9700000,0x00000038b9800000)]
  0x00000182ac9fb010 JavaThread "Cache worker for execution history cache (C:\Users\scher\Documents\PROJETOS ANDROID\RECICLAAI\.gradle\8.0\executionHistory)" [_thread_blocked, id=7228, stack(0x00000038b9800000,0x00000038b9900000)]
  0x00000182ac9f4b00 JavaThread "idea-tooling-model-converter" [_thread_blocked, id=14172, stack(0x00000038b9900000,0x00000038b9a00000)]

Other Threads:
=>0x00000182aac92220 VMThread "VM Thread" [stack: 0x00000038b0900000,0x00000038b0a00000] [id=12124]
  0x00000182ab9ceef0 WatcherThread [stack: 0x00000038b1500000,0x00000038b1600000] [id=14268]
  0x000001828eeed5c0 GCTaskThread "GC Thread#0" [stack: 0x00000038b0400000,0x00000038b0500000] [id=10996]
  0x00000182abe24090 GCTaskThread "GC Thread#1" [stack: 0x00000038b1800000,0x00000038b1900000] [id=10832]
  0x00000182abe24340 GCTaskThread "GC Thread#2" [stack: 0x00000038b1900000,0x00000038b1a00000] [id=8164]
  0x00000182ac58c850 GCTaskThread "GC Thread#3" [stack: 0x00000038b1a00000,0x00000038b1b00000] [id=6380]
  0x00000182ac780040 GCTaskThread "GC Thread#4" [stack: 0x00000038b1b00000,0x00000038b1c00000] [id=16832]
  0x00000182ae3c2f40 GCTaskThread "GC Thread#5" [stack: 0x00000038b2600000,0x00000038b2700000] [id=12340]
  0x00000182ae3c4700 GCTaskThread "GC Thread#6" [stack: 0x00000038b2700000,0x00000038b2800000] [id=9576]
  0x00000182add42f30 GCTaskThread "GC Thread#7" [stack: 0x00000038b2800000,0x00000038b2900000] [id=13768]
  0x000001828eefe500 ConcurrentGCThread "G1 Main Marker" [stack: 0x00000038b0500000,0x00000038b0600000] [id=7764]
  0x000001828eefef10 ConcurrentGCThread "G1 Conc#0" [stack: 0x00000038b0600000,0x00000038b0700000] [id=14344]
  0x00000182ad275d20 ConcurrentGCThread "G1 Conc#1" [stack: 0x00000038b2900000,0x00000038b2a00000] [id=9076]
  0x000001828ef4e8b0 ConcurrentGCThread "G1 Refine#0" [stack: 0x00000038b0700000,0x00000038b0800000] [id=12188]
  0x00000182aaaec460 ConcurrentGCThread "G1 Service" [stack: 0x00000038b0800000,0x00000038b0900000] [id=312]

Threads with active compile tasks:
C2 CompilerThread0    10067 9168 %     4       groovy.lang.MetaClassImpl::inheritInterfaceNewMetaMethods @ 100 (195 bytes)
C2 CompilerThread1    10067 9305       4       org.objectweb.asm.Frame::putAbstractType (379 bytes)

VM state: at safepoint (normal execution)

VM Mutex/Monitor currently owned by a thread:  ([mutex/lock_event])
[0x000001828ee8bd50] Threads_lock - owner thread: 0x00000182aac92220
[0x000001828ee8cd10] Heap_lock - owner thread: 0x000001828eefe500

Heap address: 0x0000000080000000, size: 2048 MB, Compressed Oops mode: 32-bit

CDS archive(s) not mapped
Compressed class space mapped at: 0x0000000100000000-0x0000000140000000, reserved size: 1073741824
Narrow klass base: 0x0000000000000000, Narrow klass shift: 3, Narrow klass range: 0x140000000

GC Precious Log:
 CPUs: 8 total, 8 available
 Memory: 8072M
 Large Page Support: Disabled
 NUMA Support: Disabled
 Compressed Oops: Enabled (32-bit)
 Heap Region Size: 1M
 Heap Min Capacity: 8M
 Heap Initial Capacity: 128M
 Heap Max Capacity: 2G
 Pre-touch: Disabled
 Parallel Workers: 8
 Concurrent Workers: 2
 Concurrent Refinement Workers: 8
 Periodic GC: Disabled

Heap:
 garbage-first heap   total 217088K, used 136283K [0x0000000080000000, 0x0000000100000000)
  region size 1024K, 6 young (6144K), 2 survivors (2048K)
 Metaspace       used 88081K, committed 88704K, reserved 1130496K
  class space    used 11947K, committed 12224K, reserved 1048576K

Heap Regions: E=young(eden), S=young(survivor), O=old, HS=humongous(starts), HC=humongous(continues), CS=collection set, F=free, OA=open archive, CA=closed archive, TAMS=top-at-mark-start (previous, next)
|   0|0x0000000080000000, 0x0000000080100000, 0x0000000080100000|100%|HS|  |TAMS 0x0000000080100000, 0x0000000080000000| Complete 
|   1|0x0000000080100000, 0x0000000080200000, 0x0000000080200000|100%|HC|  |TAMS 0x0000000080200000, 0x0000000080100000| Complete 
|   2|0x0000000080200000, 0x0000000080300000, 0x0000000080300000|100%|HC|  |TAMS 0x0000000080300000, 0x0000000080200000| Complete 
|   3|0x0000000080300000, 0x0000000080400000, 0x0000000080400000|100%|HC|  |TAMS 0x0000000080400000, 0x0000000080300000| Complete 
|   4|0x0000000080400000, 0x0000000080500000, 0x0000000080500000|100%| O|  |TAMS 0x0000000080500000, 0x0000000080400000| Untracked 
|   5|0x0000000080500000, 0x0000000080600000, 0x0000000080600000|100%| O|  |TAMS 0x0000000080600000, 0x0000000080500000| Updating 
|   6|0x0000000080600000, 0x0000000080700000, 0x0000000080700000|100%| O|  |TAMS 0x0000000080700000, 0x0000000080600000| Untracked 
|   7|0x0000000080700000, 0x0000000080800000, 0x0000000080800000|100%| O|  |TAMS 0x0000000080800000, 0x0000000080700000| Updating 
|   8|0x0000000080800000, 0x0000000080900000, 0x0000000080900000|100%| O|  |TAMS 0x0000000080900000, 0x0000000080800000| Untracked 
|   9|0x0000000080900000, 0x0000000080a00000, 0x0000000080a00000|100%| O|  |TAMS 0x0000000080a00000, 0x0000000080900000| Untracked 
|  10|0x0000000080a00000, 0x0000000080b00000, 0x0000000080b00000|100%| O|  |TAMS 0x0000000080b00000, 0x0000000080a00000| Untracked 
|  11|0x0000000080b00000, 0x0000000080c00000, 0x0000000080c00000|100%| O|  |TAMS 0x0000000080c00000, 0x0000000080b00000| Untracked 
|  12|0x0000000080c00000, 0x0000000080d00000, 0x0000000080d00000|100%| O|  |TAMS 0x0000000080d00000, 0x0000000080c00000| Untracked 
|  13|0x0000000080d00000, 0x0000000080e00000, 0x0000000080e00000|100%| O|  |TAMS 0x0000000080e00000, 0x0000000080d00000| Updating 
|  14|0x0000000080e00000, 0x0000000080f00000, 0x0000000080f00000|100%| O|  |TAMS 0x0000000080f00000, 0x0000000080e00000| Untracked 
|  15|0x0000000080f00000, 0x0000000081000000, 0x0000000081000000|100%| O|  |TAMS 0x0000000081000000, 0x0000000080f00000| Untracked 
|  16|0x0000000081000000, 0x0000000081100000, 0x0000000081100000|100%| O|  |TAMS 0x0000000081100000, 0x0000000081000000| Untracked 
|  17|0x0000000081100000, 0x0000000081200000, 0x0000000081200000|100%| O|  |TAMS 0x0000000081200000, 0x0000000081100000| Untracked 
|  18|0x0000000081200000, 0x0000000081300000, 0x0000000081300000|100%| O|  |TAMS 0x0000000081300000, 0x0000000081200000| Untracked 
|  19|0x0000000081300000, 0x0000000081400000, 0x0000000081400000|100%|HS|  |TAMS 0x0000000081400000, 0x0000000081300000| Complete 
|  20|0x0000000081400000, 0x0000000081500000, 0x0000000081500000|100%|HC|  |TAMS 0x0000000081500000, 0x0000000081400000| Complete 
|  21|0x0000000081500000, 0x0000000081600000, 0x0000000081600000|100%|HS|  |TAMS 0x0000000081600000, 0x0000000081500000| Complete 
|  22|0x0000000081600000, 0x0000000081700000, 0x0000000081700000|100%|HC|  |TAMS 0x0000000081700000, 0x0000000081600000| Complete 
|  23|0x0000000081700000, 0x0000000081800000, 0x0000000081800000|100%|HC|  |TAMS 0x0000000081800000, 0x0000000081700000| Complete 
|  24|0x0000000081800000, 0x0000000081900000, 0x0000000081900000|100%| O|  |TAMS 0x0000000081900000, 0x0000000081800000| Untracked 
|  25|0x0000000081900000, 0x0000000081a00000, 0x0000000081a00000|100%| O|  |TAMS 0x0000000081a00000, 0x0000000081900000| Untracked 
|  26|0x0000000081a00000, 0x0000000081b00000, 0x0000000081b00000|100%| O|  |TAMS 0x0000000081b00000, 0x0000000081a00000| Untracked 
|  27|0x0000000081b00000, 0x0000000081c00000, 0x0000000081c00000|100%| O|  |TAMS 0x0000000081c00000, 0x0000000081b00000| Untracked 
|  28|0x0000000081c00000, 0x0000000081d00000, 0x0000000081d00000|100%|HS|  |TAMS 0x0000000081d00000, 0x0000000081c00000| Complete 
|  29|0x0000000081d00000, 0x0000000081e00000, 0x0000000081e00000|100%|HC|  |TAMS 0x0000000081e00000, 0x0000000081d00000| Complete 
|  30|0x0000000081e00000, 0x0000000081f00000, 0x0000000081f00000|100%|HC|  |TAMS 0x0000000081f00000, 0x0000000081e00000| Complete 
|  31|0x0000000081f00000, 0x0000000082000000, 0x0000000082000000|100%| O|  |TAMS 0x0000000082000000, 0x0000000081f00000| Untracked 
|  32|0x0000000082000000, 0x0000000082100000, 0x0000000082100000|100%| O|  |TAMS 0x0000000082100000, 0x0000000082000000| Untracked 
|  33|0x0000000082100000, 0x0000000082200000, 0x0000000082200000|100%|HS|  |TAMS 0x0000000082200000, 0x0000000082100000| Complete 
|  34|0x0000000082200000, 0x0000000082300000, 0x0000000082300000|100%|HC|  |TAMS 0x0000000082300000, 0x0000000082200000| Complete 
|  35|0x0000000082300000, 0x0000000082400000, 0x0000000082400000|100%|HC|  |TAMS 0x0000000082400000, 0x0000000082300000| Complete 
|  36|0x0000000082400000, 0x0000000082500000, 0x0000000082500000|100%|HC|  |TAMS 0x0000000082500000, 0x0000000082400000| Complete 
|  37|0x0000000082500000, 0x0000000082600000, 0x0000000082600000|100%|HC|  |TAMS 0x0000000082600000, 0x0000000082500000| Complete 
|  38|0x0000000082600000, 0x0000000082700000, 0x0000000082700000|100%|HC|  |TAMS 0x0000000082700000, 0x0000000082600000| Complete 
|  39|0x0000000082700000, 0x0000000082800000, 0x0000000082800000|100%|HC|  |TAMS 0x0000000082800000, 0x0000000082700000| Complete 
|  40|0x0000000082800000, 0x0000000082900000, 0x0000000082900000|100%|HC|  |TAMS 0x0000000082900000, 0x0000000082800000| Complete 
|  41|0x0000000082900000, 0x0000000082a00000, 0x0000000082a00000|100%|HC|  |TAMS 0x0000000082a00000, 0x0000000082900000| Complete 
|  42|0x0000000082a00000, 0x0000000082b00000, 0x0000000082b00000|100%|HC|  |TAMS 0x0000000082b00000, 0x0000000082a00000| Complete 
|  43|0x0000000082b00000, 0x0000000082c00000, 0x0000000082c00000|100%|HC|  |TAMS 0x0000000082c00000, 0x0000000082b00000| Complete 
|  44|0x0000000082c00000, 0x0000000082d00000, 0x0000000082d00000|100%|HC|  |TAMS 0x0000000082d00000, 0x0000000082c00000| Complete 
|  45|0x0000000082d00000, 0x0000000082e00000, 0x0000000082e00000|100%|HS|  |TAMS 0x0000000082d00000, 0x0000000082d00000| Complete 
|  46|0x0000000082e00000, 0x0000000082f00000, 0x0000000082f00000|100%|HS|  |TAMS 0x0000000082f00000, 0x0000000082e00000| Complete 
|  47|0x0000000082f00000, 0x0000000083000000, 0x0000000083000000|100%|HC|  |TAMS 0x0000000083000000, 0x0000000082f00000| Complete 
|  48|0x0000000083000000, 0x0000000083100000, 0x0000000083100000|100%| O|  |TAMS 0x0000000083100000, 0x0000000083000000| Untracked 
|  49|0x0000000083100000, 0x0000000083200000, 0x0000000083200000|100%| O|  |TAMS 0x0000000083200000, 0x0000000083100000| Untracked 
|  50|0x0000000083200000, 0x0000000083300000, 0x0000000083300000|100%| O|  |TAMS 0x0000000083300000, 0x0000000083200000| Untracked 
|  51|0x0000000083300000, 0x0000000083400000, 0x0000000083400000|100%| O|  |TAMS 0x0000000083400000, 0x0000000083300000| Untracked 
|  52|0x0000000083400000, 0x0000000083500000, 0x0000000083500000|100%| O|  |TAMS 0x0000000083500000, 0x0000000083400000| Untracked 
|  53|0x0000000083500000, 0x0000000083600000, 0x0000000083600000|100%| O|  |TAMS 0x0000000083600000, 0x0000000083500000| Untracked 
|  54|0x0000000083600000, 0x0000000083700000, 0x0000000083700000|100%| O|  |TAMS 0x0000000083700000, 0x0000000083600000| Updating 
|  55|0x0000000083700000, 0x0000000083800000, 0x0000000083800000|100%| O|  |TAMS 0x0000000083800000, 0x0000000083700000| Untracked 
|  56|0x0000000083800000, 0x0000000083900000, 0x0000000083900000|100%|HS|  |TAMS 0x0000000083900000, 0x0000000083800000| Complete 
|  57|0x0000000083900000, 0x0000000083a00000, 0x0000000083a00000|100%|HC|  |TAMS 0x0000000083a00000, 0x0000000083900000| Complete 
|  58|0x0000000083a00000, 0x0000000083b00000, 0x0000000083b00000|100%|HC|  |TAMS 0x0000000083b00000, 0x0000000083a00000| Complete 
|  59|0x0000000083b00000, 0x0000000083c00000, 0x0000000083c00000|100%|HS|  |TAMS 0x0000000083c00000, 0x0000000083b00000| Complete 
|  60|0x0000000083c00000, 0x0000000083d00000, 0x0000000083d00000|100%|HC|  |TAMS 0x0000000083d00000, 0x0000000083c00000| Complete 
|  61|0x0000000083d00000, 0x0000000083e00000, 0x0000000083e00000|100%|HC|  |TAMS 0x0000000083e00000, 0x0000000083d00000| Complete 
|  62|0x0000000083e00000, 0x0000000083f00000, 0x0000000083f00000|100%| O|  |TAMS 0x0000000083f00000, 0x0000000083e00000| Untracked 
|  63|0x0000000083f00000, 0x0000000084000000, 0x0000000084000000|100%| O|  |TAMS 0x0000000084000000, 0x0000000083f00000| Updating 
|  64|0x0000000084000000, 0x0000000084100000, 0x0000000084100000|100%| O|  |TAMS 0x0000000084100000, 0x0000000084000000| Untracked 
|  65|0x0000000084100000, 0x0000000084200000, 0x0000000084200000|100%| O|  |TAMS 0x0000000084200000, 0x0000000084100000| Untracked 
|  66|0x0000000084200000, 0x0000000084300000, 0x0000000084300000|100%| O|  |TAMS 0x0000000084300000, 0x0000000084200000| Untracked 
|  67|0x0000000084300000, 0x0000000084400000, 0x0000000084400000|100%| O|  |TAMS 0x0000000084400000, 0x0000000084300000| Untracked 
|  68|0x0000000084400000, 0x0000000084500000, 0x0000000084500000|100%| O|  |TAMS 0x0000000084500000, 0x0000000084400000| Updating 
|  69|0x0000000084500000, 0x0000000084600000, 0x0000000084600000|100%| O|  |TAMS 0x0000000084600000, 0x0000000084500000| Untracked 
|  70|0x0000000084600000, 0x0000000084700000, 0x0000000084700000|100%| O|  |TAMS 0x0000000084700000, 0x0000000084600000| Updating 
|  71|0x0000000084700000, 0x0000000084800000, 0x0000000084800000|100%| O|  |TAMS 0x0000000084800000, 0x0000000084700000| Untracked 
|  72|0x0000000084800000, 0x0000000084900000, 0x0000000084900000|100%| O|  |TAMS 0x0000000084900000, 0x0000000084800000| Untracked 
|  73|0x0000000084900000, 0x0000000084a00000, 0x0000000084a00000|100%| O|  |TAMS 0x0000000084a00000, 0x0000000084900000| Untracked 
|  74|0x0000000084a00000, 0x0000000084b00000, 0x0000000084b00000|100%| O|  |TAMS 0x0000000084b00000, 0x0000000084a00000| Untracked 
|  75|0x0000000084b00000, 0x0000000084c00000, 0x0000000084c00000|100%|HS|  |TAMS 0x0000000084c00000, 0x0000000084b00000| Complete 
|  76|0x0000000084c00000, 0x0000000084d00000, 0x0000000084d00000|100%|HS|  |TAMS 0x0000000084d00000, 0x0000000084c00000| Complete 
|  77|0x0000000084d00000, 0x0000000084e00000, 0x0000000084e00000|100%|HS|  |TAMS 0x0000000084e00000, 0x0000000084d00000| Complete 
|  78|0x0000000084e00000, 0x0000000084f00000, 0x0000000084f00000|100%| O|  |TAMS 0x0000000084f00000, 0x0000000084e00000| Untracked 
|  79|0x0000000084f00000, 0x0000000085000000, 0x0000000085000000|100%| O|  |TAMS 0x0000000085000000, 0x0000000084f00000| Untracked 
|  80|0x0000000085000000, 0x0000000085100000, 0x0000000085100000|100%| O|  |TAMS 0x0000000085100000, 0x0000000085000000| Untracked 
|  81|0x0000000085100000, 0x0000000085200000, 0x0000000085200000|100%| O|  |TAMS 0x0000000085200000, 0x0000000085100000| Untracked 
|  82|0x0000000085200000, 0x0000000085300000, 0x0000000085300000|100%| O|  |TAMS 0x0000000085300000, 0x0000000085200000| Untracked 
|  83|0x0000000085300000, 0x0000000085400000, 0x0000000085400000|100%| O|  |TAMS 0x0000000085400000, 0x0000000085300000| Untracked 
|  84|0x0000000085400000, 0x0000000085500000, 0x0000000085500000|100%| O|  |TAMS 0x0000000085500000, 0x0000000085400000| Untracked 
|  85|0x0000000085500000, 0x0000000085600000, 0x0000000085600000|100%| O|  |TAMS 0x0000000085600000, 0x0000000085500000| Untracked 
|  86|0x0000000085600000, 0x0000000085700000, 0x0000000085700000|100%| O|  |TAMS 0x0000000085700000, 0x0000000085600000| Updating 
|  87|0x0000000085700000, 0x0000000085800000, 0x0000000085800000|100%| O|  |TAMS 0x0000000085800000, 0x0000000085700000| Untracked 
|  88|0x0000000085800000, 0x0000000085900000, 0x0000000085900000|100%| O|  |TAMS 0x0000000085900000, 0x0000000085800000| Untracked 
|  89|0x0000000085900000, 0x0000000085a00000, 0x0000000085a00000|100%| O|  |TAMS 0x0000000085a00000, 0x0000000085900000| Untracked 
|  90|0x0000000085a00000, 0x0000000085b00000, 0x0000000085b00000|100%| O|  |TAMS 0x0000000085b00000, 0x0000000085a00000| Untracked 
|  91|0x0000000085b00000, 0x0000000085c00000, 0x0000000085c00000|100%| O|  |TAMS 0x0000000085c00000, 0x0000000085b00000| Untracked 
|  92|0x0000000085c00000, 0x0000000085d00000, 0x0000000085d00000|100%| O|  |TAMS 0x0000000085d00000, 0x0000000085c00000| Untracked 
|  93|0x0000000085d00000, 0x0000000085e00000, 0x0000000085e00000|100%| O|  |TAMS 0x0000000085e00000, 0x0000000085d00000| Untracked 
|  94|0x0000000085e00000, 0x0000000085f00000, 0x0000000085f00000|100%| O|  |TAMS 0x0000000085f00000, 0x0000000085e00000| Untracked 
|  95|0x0000000085f00000, 0x0000000086000000, 0x0000000086000000|100%| O|  |TAMS 0x0000000086000000, 0x0000000085f00000| Untracked 
|  96|0x0000000086000000, 0x0000000086100000, 0x0000000086100000|100%| O|  |TAMS 0x0000000086100000, 0x0000000086000000| Updating 
|  97|0x0000000086100000, 0x0000000086200000, 0x0000000086200000|100%| O|  |TAMS 0x0000000086200000, 0x0000000086100000| Untracked 
|  98|0x0000000086200000, 0x0000000086300000, 0x0000000086300000|100%| O|  |TAMS 0x0000000086300000, 0x0000000086200000| Updating 
|  99|0x0000000086300000, 0x0000000086400000, 0x0000000086400000|100%|HS|  |TAMS 0x0000000086400000, 0x0000000086300000| Complete 
| 100|0x0000000086400000, 0x0000000086500000, 0x0000000086500000|100%|HC|  |TAMS 0x0000000086500000, 0x0000000086400000| Complete 
| 101|0x0000000086500000, 0x0000000086600000, 0x0000000086600000|100%|HS|  |TAMS 0x0000000086600000, 0x0000000086500000| Complete 
| 102|0x0000000086600000, 0x0000000086700000, 0x0000000086700000|100%|HC|  |TAMS 0x0000000086700000, 0x0000000086600000| Complete 
| 103|0x0000000086700000, 0x0000000086800000, 0x0000000086800000|100%|HC|  |TAMS 0x0000000086800000, 0x0000000086700000| Complete 
| 104|0x0000000086800000, 0x0000000086900000, 0x0000000086900000|100%|HS|  |TAMS 0x0000000086900000, 0x0000000086800000| Complete 
| 105|0x0000000086900000, 0x0000000086a00000, 0x0000000086a00000|100%|HC|  |TAMS 0x0000000086a00000, 0x0000000086900000| Complete 
| 106|0x0000000086a00000, 0x0000000086b00000, 0x0000000086b00000|100%|HC|  |TAMS 0x0000000086b00000, 0x0000000086a00000| Complete 
| 107|0x0000000086b00000, 0x0000000086c00000, 0x0000000086c00000|100%|HS|  |TAMS 0x0000000086c00000, 0x0000000086b00000| Complete 
| 108|0x0000000086c00000, 0x0000000086d00000, 0x0000000086d00000|100%|HC|  |TAMS 0x0000000086d00000, 0x0000000086c00000| Complete 
| 109|0x0000000086d00000, 0x0000000086e00000, 0x0000000086e00000|100%|HC|  |TAMS 0x0000000086e00000, 0x0000000086d00000| Complete 
| 110|0x0000000086e00000, 0x0000000086f00000, 0x0000000086f00000|100%|HC|  |TAMS 0x0000000086f00000, 0x0000000086e00000| Complete 
| 111|0x0000000086f00000, 0x0000000087000000, 0x0000000087000000|100%|HC|  |TAMS 0x0000000087000000, 0x0000000086f00000| Complete 
| 112|0x0000000087000000, 0x0000000087100000, 0x0000000087100000|100%|HC|  |TAMS 0x0000000087100000, 0x0000000087000000| Complete 
| 113|0x0000000087100000, 0x0000000087200000, 0x0000000087200000|100%|HC|  |TAMS 0x0000000087200000, 0x0000000087100000| Complete 
| 114|0x0000000087200000, 0x0000000087300000, 0x0000000087300000|100%|HC|  |TAMS 0x0000000087300000, 0x0000000087200000| Complete 
| 115|0x0000000087300000, 0x0000000087400000, 0x0000000087400000|100%|HC|  |TAMS 0x0000000087400000, 0x0000000087300000| Complete 
| 116|0x0000000087400000, 0x0000000087500000, 0x0000000087500000|100%|HC|  |TAMS 0x0000000087500000, 0x0000000087400000| Complete 
| 117|0x0000000087500000, 0x0000000087600000, 0x0000000087600000|100%|HC|  |TAMS 0x0000000087600000, 0x0000000087500000| Complete 
| 118|0x0000000087600000, 0x0000000087700000, 0x0000000087700000|100%|HC|  |TAMS 0x0000000087700000, 0x0000000087600000| Complete 
| 119|0x0000000087700000, 0x0000000087800000, 0x0000000087800000|100%|HS|  |TAMS 0x0000000087800000, 0x0000000087700000| Complete 
| 120|0x0000000087800000, 0x0000000087900000, 0x0000000087900000|100%|HC|  |TAMS 0x0000000087900000, 0x0000000087800000| Complete 
| 121|0x0000000087900000, 0x0000000087a00000, 0x0000000087a00000|100%| O|  |TAMS 0x0000000087a00000, 0x0000000087900000| Untracked 
| 122|0x0000000087a00000, 0x0000000087b00000, 0x0000000087b00000|100%| O|  |TAMS 0x0000000087b00000, 0x0000000087a00000| Untracked 
| 123|0x0000000087b00000, 0x0000000087c00000, 0x0000000087c00000|100%| O|  |TAMS 0x0000000087c00000, 0x0000000087b00000| Updating 
| 124|0x0000000087c00000, 0x0000000087d00000, 0x0000000087d00000|100%| O|  |TAMS 0x0000000087d00000, 0x0000000087c00000| Untracked 
| 125|0x0000000087d00000, 0x0000000087e00000, 0x0000000087e00000|100%| O|  |TAMS 0x0000000087e00000, 0x0000000087d00000| Updating 
| 126|0x0000000087e00000, 0x0000000087f00000, 0x0000000087f00000|100%| O|  |TAMS 0x0000000087f00000, 0x0000000087e00000| Untracked 
| 127|0x0000000087f00000, 0x0000000088000000, 0x0000000088000000|100%| O|  |TAMS 0x0000000088000000, 0x0000000087f00000| Untracked 
| 128|0x0000000088000000, 0x00000000880b4a00, 0x0000000088100000| 70%| O|  |TAMS 0x00000000880b4a00, 0x0000000088000000| Updating 
| 129|0x0000000088100000, 0x0000000088100000, 0x0000000088200000|  0%| F|  |TAMS 0x0000000088100000, 0x0000000088100000| Untracked 
| 130|0x0000000088200000, 0x0000000088200000, 0x0000000088300000|  0%| F|  |TAMS 0x0000000088200000, 0x0000000088200000| Untracked 
| 131|0x0000000088300000, 0x0000000088300000, 0x0000000088400000|  0%| F|  |TAMS 0x0000000088300000, 0x0000000088300000| Untracked 
| 132|0x0000000088400000, 0x0000000088400000, 0x0000000088500000|  0%| F|  |TAMS 0x0000000088400000, 0x0000000088400000| Untracked 
| 133|0x0000000088500000, 0x0000000088500000, 0x0000000088600000|  0%| F|  |TAMS 0x0000000088500000, 0x0000000088500000| Untracked 
| 134|0x0000000088600000, 0x0000000088600000, 0x0000000088700000|  0%| F|  |TAMS 0x0000000088600000, 0x0000000088600000| Untracked 
| 135|0x0000000088700000, 0x0000000088700000, 0x0000000088800000|  0%| F|  |TAMS 0x0000000088700000, 0x0000000088700000| Untracked 
| 136|0x0000000088800000, 0x0000000088800000, 0x0000000088900000|  0%| F|  |TAMS 0x0000000088800000, 0x0000000088800000| Untracked 
| 137|0x0000000088900000, 0x0000000088900000, 0x0000000088a00000|  0%| F|  |TAMS 0x0000000088900000, 0x0000000088900000| Untracked 
| 138|0x0000000088a00000, 0x0000000088a00000, 0x0000000088b00000|  0%| F|  |TAMS 0x0000000088a00000, 0x0000000088a00000| Untracked 
| 139|0x0000000088b00000, 0x0000000088b00000, 0x0000000088c00000|  0%| F|  |TAMS 0x0000000088b00000, 0x0000000088b00000| Untracked 
| 140|0x0000000088c00000, 0x0000000088c00000, 0x0000000088d00000|  0%| F|  |TAMS 0x0000000088c00000, 0x0000000088c00000| Untracked 
| 141|0x0000000088d00000, 0x0000000088d00000, 0x0000000088e00000|  0%| F|  |TAMS 0x0000000088d00000, 0x0000000088d00000| Untracked 
| 142|0x0000000088e00000, 0x0000000088e00000, 0x0000000088f00000|  0%| F|  |TAMS 0x0000000088e00000, 0x0000000088e00000| Untracked 
| 143|0x0000000088f00000, 0x0000000088f00000, 0x0000000089000000|  0%| F|  |TAMS 0x0000000088f00000, 0x0000000088f00000| Untracked 
| 144|0x0000000089000000, 0x0000000089000000, 0x0000000089100000|  0%| F|  |TAMS 0x0000000089000000, 0x0000000089000000| Untracked 
| 145|0x0000000089100000, 0x0000000089100000, 0x0000000089200000|  0%| F|  |TAMS 0x0000000089100000, 0x0000000089100000| Untracked 
| 146|0x0000000089200000, 0x0000000089200000, 0x0000000089300000|  0%| F|  |TAMS 0x0000000089200000, 0x0000000089200000| Untracked 
| 147|0x0000000089300000, 0x0000000089300000, 0x0000000089400000|  0%| F|  |TAMS 0x0000000089300000, 0x0000000089300000| Untracked 
| 148|0x0000000089400000, 0x0000000089400000, 0x0000000089500000|  0%| F|  |TAMS 0x0000000089400000, 0x0000000089400000| Untracked 
| 149|0x0000000089500000, 0x0000000089500000, 0x0000000089600000|  0%| F|  |TAMS 0x0000000089500000, 0x0000000089500000| Untracked 
| 150|0x0000000089600000, 0x0000000089600000, 0x0000000089700000|  0%| F|  |TAMS 0x0000000089600000, 0x0000000089600000| Untracked 
| 151|0x0000000089700000, 0x0000000089700000, 0x0000000089800000|  0%| F|  |TAMS 0x0000000089700000, 0x0000000089700000| Untracked 
| 152|0x0000000089800000, 0x0000000089800000, 0x0000000089900000|  0%| F|  |TAMS 0x0000000089800000, 0x0000000089800000| Untracked 
| 153|0x0000000089900000, 0x0000000089900000, 0x0000000089a00000|  0%| F|  |TAMS 0x0000000089900000, 0x0000000089900000| Untracked 
| 154|0x0000000089a00000, 0x0000000089a00000, 0x0000000089b00000|  0%| F|  |TAMS 0x0000000089a00000, 0x0000000089a00000| Untracked 
| 155|0x0000000089b00000, 0x0000000089b00000, 0x0000000089c00000|  0%| F|  |TAMS 0x0000000089b00000, 0x0000000089b00000| Untracked 
| 156|0x0000000089c00000, 0x0000000089c00000, 0x0000000089d00000|  0%| F|  |TAMS 0x0000000089c00000, 0x0000000089c00000| Untracked 
| 157|0x0000000089d00000, 0x0000000089d00000, 0x0000000089e00000|  0%| F|  |TAMS 0x0000000089d00000, 0x0000000089d00000| Untracked 
| 158|0x0000000089e00000, 0x0000000089e00000, 0x0000000089f00000|  0%| F|  |TAMS 0x0000000089e00000, 0x0000000089e00000| Untracked 
| 159|0x0000000089f00000, 0x0000000089f00000, 0x000000008a000000|  0%| F|  |TAMS 0x0000000089f00000, 0x0000000089f00000| Untracked 
| 160|0x000000008a000000, 0x000000008a000000, 0x000000008a100000|  0%| F|  |TAMS 0x000000008a000000, 0x000000008a000000| Untracked 
| 161|0x000000008a100000, 0x000000008a100000, 0x000000008a200000|  0%| F|  |TAMS 0x000000008a100000, 0x000000008a100000| Untracked 
| 162|0x000000008a200000, 0x000000008a200000, 0x000000008a300000|  0%| F|  |TAMS 0x000000008a200000, 0x000000008a200000| Untracked 
| 163|0x000000008a300000, 0x000000008a300000, 0x000000008a400000|  0%| F|  |TAMS 0x000000008a300000, 0x000000008a300000| Untracked 
| 164|0x000000008a400000, 0x000000008a400000, 0x000000008a500000|  0%| F|  |TAMS 0x000000008a400000, 0x000000008a400000| Untracked 
| 165|0x000000008a500000, 0x000000008a500000, 0x000000008a600000|  0%| F|  |TAMS 0x000000008a500000, 0x000000008a500000| Untracked 
| 166|0x000000008a600000, 0x000000008a600000, 0x000000008a700000|  0%| F|  |TAMS 0x000000008a600000, 0x000000008a600000| Untracked 
| 167|0x000000008a700000, 0x000000008a700000, 0x000000008a800000|  0%| F|  |TAMS 0x000000008a700000, 0x000000008a700000| Untracked 
| 168|0x000000008a800000, 0x000000008a800000, 0x000000008a900000|  0%| F|  |TAMS 0x000000008a800000, 0x000000008a800000| Untracked 
| 169|0x000000008a900000, 0x000000008a900000, 0x000000008aa00000|  0%| F|  |TAMS 0x000000008a900000, 0x000000008a900000| Untracked 
| 170|0x000000008aa00000, 0x000000008aa00000, 0x000000008ab00000|  0%| F|  |TAMS 0x000000008aa00000, 0x000000008aa00000| Untracked 
| 171|0x000000008ab00000, 0x000000008ab00000, 0x000000008ac00000|  0%| F|  |TAMS 0x000000008ab00000, 0x000000008ab00000| Untracked 
| 172|0x000000008ac00000, 0x000000008ac00000, 0x000000008ad00000|  0%| F|  |TAMS 0x000000008ac00000, 0x000000008ac00000| Untracked 
| 173|0x000000008ad00000, 0x000000008ad00000, 0x000000008ae00000|  0%| F|  |TAMS 0x000000008ad00000, 0x000000008ad00000| Untracked 
| 174|0x000000008ae00000, 0x000000008ae00000, 0x000000008af00000|  0%| F|  |TAMS 0x000000008ae00000, 0x000000008ae00000| Untracked 
| 175|0x000000008af00000, 0x000000008af00000, 0x000000008b000000|  0%| F|  |TAMS 0x000000008af00000, 0x000000008af00000| Untracked 
| 176|0x000000008b000000, 0x000000008b000000, 0x000000008b100000|  0%| F|  |TAMS 0x000000008b000000, 0x000000008b000000| Untracked 
| 177|0x000000008b100000, 0x000000008b100000, 0x000000008b200000|  0%| F|  |TAMS 0x000000008b100000, 0x000000008b100000| Untracked 
| 178|0x000000008b200000, 0x000000008b200000, 0x000000008b300000|  0%| F|  |TAMS 0x000000008b200000, 0x000000008b200000| Untracked 
| 179|0x000000008b300000, 0x000000008b300000, 0x000000008b400000|  0%| F|  |TAMS 0x000000008b300000, 0x000000008b300000| Untracked 
| 180|0x000000008b400000, 0x000000008b400000, 0x000000008b500000|  0%| F|  |TAMS 0x000000008b400000, 0x000000008b400000| Untracked 
| 181|0x000000008b500000, 0x000000008b500000, 0x000000008b600000|  0%| F|  |TAMS 0x000000008b500000, 0x000000008b500000| Untracked 
| 182|0x000000008b600000, 0x000000008b600000, 0x000000008b700000|  0%| F|  |TAMS 0x000000008b600000, 0x000000008b600000| Untracked 
| 183|0x000000008b700000, 0x000000008b700000, 0x000000008b800000|  0%| F|  |TAMS 0x000000008b700000, 0x000000008b700000| Untracked 
| 184|0x000000008b800000, 0x000000008b800000, 0x000000008b900000|  0%| F|  |TAMS 0x000000008b800000, 0x000000008b800000| Untracked 
| 185|0x000000008b900000, 0x000000008b900000, 0x000000008ba00000|  0%| F|  |TAMS 0x000000008b900000, 0x000000008b900000| Untracked 
| 186|0x000000008ba00000, 0x000000008ba00000, 0x000000008bb00000|  0%| F|  |TAMS 0x000000008ba00000, 0x000000008ba00000| Untracked 
| 187|0x000000008bb00000, 0x000000008bb00000, 0x000000008bc00000|  0%| F|  |TAMS 0x000000008bb00000, 0x000000008bb00000| Untracked 
| 188|0x000000008bc00000, 0x000000008bc00000, 0x000000008bd00000|  0%| F|  |TAMS 0x000000008bc00000, 0x000000008bc00000| Untracked 
| 189|0x000000008bd00000, 0x000000008bd00000, 0x000000008be00000|  0%| F|  |TAMS 0x000000008bd00000, 0x000000008bd00000| Untracked 
| 190|0x000000008be00000, 0x000000008be00000, 0x000000008bf00000|  0%| F|  |TAMS 0x000000008be00000, 0x000000008be00000| Untracked 
| 191|0x000000008bf00000, 0x000000008bf00000, 0x000000008c000000|  0%| F|  |TAMS 0x000000008bf00000, 0x000000008bf00000| Untracked 
| 192|0x000000008c000000, 0x000000008c000000, 0x000000008c100000|  0%| F|  |TAMS 0x000000008c000000, 0x000000008c000000| Untracked 
| 193|0x000000008c100000, 0x000000008c100000, 0x000000008c200000|  0%| F|  |TAMS 0x000000008c100000, 0x000000008c100000| Untracked 
| 194|0x000000008c200000, 0x000000008c200000, 0x000000008c300000|  0%| F|  |TAMS 0x000000008c200000, 0x000000008c200000| Untracked 
| 195|0x000000008c300000, 0x000000008c300000, 0x000000008c400000|  0%| F|  |TAMS 0x000000008c300000, 0x000000008c300000| Untracked 
| 196|0x000000008c400000, 0x000000008c400000, 0x000000008c500000|  0%| F|  |TAMS 0x000000008c400000, 0x000000008c400000| Untracked 
| 197|0x000000008c500000, 0x000000008c562550, 0x000000008c600000| 38%| S|CS|TAMS 0x000000008c500000, 0x000000008c500000| Complete 
| 198|0x000000008c600000, 0x000000008c700000, 0x000000008c700000|100%| S|CS|TAMS 0x000000008c600000, 0x000000008c600000| Complete 
| 199|0x000000008c700000, 0x000000008c700000, 0x000000008c800000|  0%| F|  |TAMS 0x000000008c700000, 0x000000008c700000| Untracked 
| 200|0x000000008c800000, 0x000000008c800000, 0x000000008c900000|  0%| F|  |TAMS 0x000000008c800000, 0x000000008c800000| Untracked 
| 201|0x000000008c900000, 0x000000008c900000, 0x000000008ca00000|  0%| F|  |TAMS 0x000000008c900000, 0x000000008c900000| Untracked 
| 202|0x000000008ca00000, 0x000000008ca00000, 0x000000008cb00000|  0%| F|  |TAMS 0x000000008ca00000, 0x000000008ca00000| Untracked 
| 203|0x000000008cb00000, 0x000000008cb00000, 0x000000008cc00000|  0%| F|  |TAMS 0x000000008cb00000, 0x000000008cb00000| Untracked 
| 204|0x000000008cc00000, 0x000000008cc00000, 0x000000008cd00000|  0%| F|  |TAMS 0x000000008cc00000, 0x000000008cc00000| Untracked 
| 205|0x000000008cd00000, 0x000000008cd00000, 0x000000008ce00000|  0%| F|  |TAMS 0x000000008cd00000, 0x000000008cd00000| Untracked 
| 206|0x000000008ce00000, 0x000000008ce00000, 0x000000008cf00000|  0%| F|  |TAMS 0x000000008ce00000, 0x000000008ce00000| Untracked 
| 207|0x000000008cf00000, 0x000000008cf00000, 0x000000008d000000|  0%| F|  |TAMS 0x000000008cf00000, 0x000000008cf00000| Untracked 
| 208|0x000000008d000000, 0x000000008d080800, 0x000000008d100000| 50%| E|  |TAMS 0x000000008d000000, 0x000000008d000000| Complete 
| 209|0x000000008d100000, 0x000000008d200000, 0x000000008d200000|100%| E|CS|TAMS 0x000000008d100000, 0x000000008d100000| Complete 
| 210|0x000000008d200000, 0x000000008d300000, 0x000000008d300000|100%| E|CS|TAMS 0x000000008d200000, 0x000000008d200000| Complete 
| 211|0x000000008d300000, 0x000000008d400000, 0x000000008d400000|100%| E|CS|TAMS 0x000000008d300000, 0x000000008d300000| Complete 

Card table byte_map: [0x00000182a39a0000,0x00000182a3da0000] _byte_map_base: 0x00000182a35a0000

Marking Bits (Prev, Next): (CMBitMap*) 0x000001828eeedbd0, (CMBitMap*) 0x000001828eeedc10
 Prev Bits: [0x00000182a41a0000, 0x00000182a61a0000)
 Next Bits: [0x00000182a61a0000, 0x00000182a81a0000)

Polling page: 0x0000018293b00000

Metaspace:

Usage:
  Non-class:     74.35 MB used.
      Class:     11.67 MB used.
       Both:     86.02 MB used.

Virtual space:
  Non-class space:       80.00 MB reserved,      74.69 MB ( 93%) committed,  10 nodes.
      Class space:        1.00 GB reserved,      11.94 MB (  1%) committed,  1 nodes.
             Both:        1.08 GB reserved,      86.62 MB (  8%) committed. 

Chunk freelists:
   Non-Class:  1.28 MB
       Class:  16.00 KB
        Both:  1.30 MB

MaxMetaspaceSize: unlimited
CompressedClassSpaceSize: 1.00 GB
Initial GC threshold: 21.00 MB
Current GC threshold: 136.38 MB
CDS: off
MetaspaceReclaimPolicy: balanced
 - commit_granule_bytes: 65536.
 - commit_granule_words: 8192.
 - virtual_space_node_default_size: 1048576.
 - enlarge_chunks_in_place: 1.
 - new_chunks_are_fully_committed: 0.
 - uncommit_free_chunks: 1.
 - use_allocation_guard: 0.
 - handle_deallocations: 1.


Internal statistics:

num_allocs_failed_limit: 3.
num_arena_births: 856.
num_arena_deaths: 4.
num_vsnodes_births: 11.
num_vsnodes_deaths: 0.
num_space_committed: 1386.
num_space_uncommitted: 0.
num_chunks_returned_to_freelist: 10.
num_chunks_taken_from_freelist: 4079.
num_chunk_merges: 3.
num_chunk_splits: 2703.
num_chunks_enlarged: 1831.
num_purges: 4.
num_inconsistent_stats: 0.

CodeHeap 'non-profiled nmethods': size=120000Kb used=5252Kb max_used=5252Kb free=114747Kb
 bounds [0x000001829b5f0000, 0x000001829bb20000, 0x00000182a2b20000]
CodeHeap 'profiled nmethods': size=120000Kb used=16793Kb max_used=16793Kb free=103206Kb
 bounds [0x0000018293b20000, 0x0000018294b90000, 0x000001829b050000]
CodeHeap 'non-nmethods': size=5760Kb used=2383Kb max_used=2469Kb free=3377Kb
 bounds [0x000001829b050000, 0x000001829b2d0000, 0x000001829b5f0000]
 total_blobs=9384 nmethods=8467 adapters=828
 compilation: enabled
              stopped_count=0, restarted_count=0
 full_count=0

Compilation events (20 events):
Event: 10.002 Thread 0x00000182ab837a60 nmethod 9297 0x000001829bb10390 code [0x000001829bb10520, 0x000001829bb105f8]
Event: 10.002 Thread 0x00000182ab837a60 9298   !   3       org.codehaus.groovy.runtime.typehandling.DefaultTypeTransformation::compareToWithEqualityCheck (437 bytes)
Event: 10.007 Thread 0x00000182ab837a60 nmethod 9298 0x0000018294b76b90 code [0x0000018294b772c0, 0x0000018294b7c338]
Event: 10.010 Thread 0x00000182ab837a60 9299       3       org.gradle.initialization.MixInLegacyTypesClassLoader$TransformingAdapter::visitMethod (129 bytes)
Event: 10.011 Thread 0x00000182ab837a60 nmethod 9299 0x0000018294b7d210 code [0x0000018294b7d540, 0x0000018294b7ea58]
Event: 10.011 Thread 0x00000182ab837a60 9301       3       org.objectweb.asm.MethodWriter::putMethodInfo (1274 bytes)
Event: 10.015 Thread 0x00000182ab837a60 nmethod 9301 0x0000018294b7f110 code [0x0000018294b7f7a0, 0x0000018294b81d28]
Event: 10.015 Thread 0x00000182ab837a60 9302       3       org.objectweb.asm.Attribute::computeAttributesSize (62 bytes)
Event: 10.015 Thread 0x00000182ab837a60 nmethod 9302 0x0000018294b83010 code [0x0000018294b831e0, 0x0000018294b83508]
Event: 10.015 Thread 0x00000182ab837a60 9303       3       org.objectweb.asm.MethodWriter::computeMethodInfoSize (571 bytes)
Event: 10.016 Thread 0x00000182ae6e1f00 9304       4       org.objectweb.asm.Label::resolve (219 bytes)
Event: 10.016 Thread 0x00000182ab837a60 nmethod 9303 0x0000018294b83690 code [0x0000018294b839c0, 0x0000018294b84968]
Event: 10.016 Thread 0x00000182ab837a60 9300       3       org.objectweb.asm.Attribute::putAttributes (78 bytes)
Event: 10.017 Thread 0x00000182ab837a60 nmethod 9300 0x0000018294b85010 code [0x0000018294b85260, 0x0000018294b85738]
Event: 10.022 Thread 0x00000182ae6e1f00 nmethod 9304 0x000001829bb10690 code [0x000001829bb10820, 0x000001829bb10bb8]
Event: 10.022 Thread 0x00000182ae8f9d50 9305       4       org.objectweb.asm.Frame::putAbstractType (379 bytes)
Event: 10.024 Thread 0x00000182ae6e1f00 9306       4       org.objectweb.asm.ByteVector::<init> (13 bytes)
Event: 10.024 Thread 0x00000182ab837a60 9307       3       org.objectweb.asm.MethodWriter::canCopyMethodAttributes (163 bytes)
Event: 10.025 Thread 0x00000182ab837a60 nmethod 9307 0x0000018294b85a10 code [0x0000018294b85c20, 0x0000018294b862d8]
Event: 10.026 Thread 0x00000182ae6e1f00 nmethod 9306 0x000001829bb10d90 code [0x000001829bb10f20, 0x000001829bb110f8]

GC Heap History (20 events):
Event: 6.321 GC heap before
{Heap before GC invocations=31 (full 0):
 garbage-first heap   total 147456K, used 90446K [0x0000000080000000, 0x0000000100000000)
  region size 1024K, 7 young (7168K), 4 survivors (4096K)
 Metaspace       used 62929K, committed 63488K, reserved 1105920K
  class space    used 8474K, committed 8704K, reserved 1048576K
}
Event: 6.325 GC heap after
{Heap after GC invocations=32 (full 0):
 garbage-first heap   total 177152K, used 87992K [0x0000000080000000, 0x0000000100000000)
  region size 1024K, 1 young (1024K), 1 survivors (1024K)
 Metaspace       used 62929K, committed 63488K, reserved 1105920K
  class space    used 8474K, committed 8704K, reserved 1048576K
}
Event: 6.971 GC heap before
{Heap before GC invocations=32 (full 0):
 garbage-first heap   total 177152K, used 126904K [0x0000000080000000, 0x0000000100000000)
  region size 1024K, 40 young (40960K), 1 survivors (1024K)
 Metaspace       used 70179K, committed 70848K, reserved 1114112K
  class space    used 9392K, committed 9664K, reserved 1048576K
}
Event: 6.975 GC heap after
{Heap after GC invocations=33 (full 0):
 garbage-first heap   total 177152K, used 90492K [0x0000000080000000, 0x0000000100000000)
  region size 1024K, 3 young (3072K), 3 survivors (3072K)
 Metaspace       used 70179K, committed 70848K, reserved 1114112K
  class space    used 9392K, committed 9664K, reserved 1048576K
}
Event: 7.604 GC heap before
{Heap before GC invocations=34 (full 0):
 garbage-first heap   total 183296K, used 145788K [0x0000000080000000, 0x0000000100000000)
  region size 1024K, 51 young (52224K), 3 survivors (3072K)
 Metaspace       used 73935K, committed 74624K, reserved 1114112K
  class space    used 9870K, committed 10176K, reserved 1048576K
}
Event: 7.611 GC heap after
{Heap after GC invocations=35 (full 0):
 garbage-first heap   total 183296K, used 94350K [0x0000000080000000, 0x0000000100000000)
  region size 1024K, 7 young (7168K), 7 survivors (7168K)
 Metaspace       used 73935K, committed 74624K, reserved 1114112K
  class space    used 9870K, committed 10176K, reserved 1048576K
}
Event: 8.131 GC heap before
{Heap before GC invocations=35 (full 0):
 garbage-first heap   total 183296K, used 142478K [0x0000000080000000, 0x0000000100000000)
  region size 1024K, 54 young (55296K), 7 survivors (7168K)
 Metaspace       used 75628K, committed 76288K, reserved 1122304K
  class space    used 10120K, committed 10432K, reserved 1048576K
}
Event: 8.138 GC heap after
{Heap after GC invocations=36 (full 0):
 garbage-first heap   total 183296K, used 98495K [0x0000000080000000, 0x0000000100000000)
  region size 1024K, 5 young (5120K), 5 survivors (5120K)
 Metaspace       used 75628K, committed 76288K, reserved 1122304K
  class space    used 10120K, committed 10432K, reserved 1048576K
}
Event: 8.780 GC heap before
{Heap before GC invocations=37 (full 0):
 garbage-first heap   total 183296K, used 145599K [0x0000000080000000, 0x0000000100000000)
  region size 1024K, 51 young (52224K), 5 survivors (5120K)
 Metaspace       used 81104K, committed 81728K, reserved 1122304K
  class space    used 11066K, committed 11328K, reserved 1048576K
}
Event: 8.785 GC heap after
{Heap after GC invocations=38 (full 0):
 garbage-first heap   total 183296K, used 100963K [0x0000000080000000, 0x0000000100000000)
  region size 1024K, 3 young (3072K), 3 survivors (3072K)
 Metaspace       used 81104K, committed 81728K, reserved 1122304K
  class space    used 11066K, committed 11328K, reserved 1048576K
}
Event: 8.866 GC heap before
{Heap before GC invocations=38 (full 0):
 garbage-first heap   total 183296K, used 106083K [0x0000000080000000, 0x0000000100000000)
  region size 1024K, 8 young (8192K), 3 survivors (3072K)
 Metaspace       used 81531K, committed 82112K, reserved 1122304K
  class space    used 11133K, committed 11392K, reserved 1048576K
}
Event: 8.871 GC heap after
{Heap after GC invocations=39 (full 0):
 garbage-first heap   total 183296K, used 101127K [0x0000000080000000, 0x0000000100000000)
  region size 1024K, 1 young (1024K), 1 survivors (1024K)
 Metaspace       used 81531K, committed 82112K, reserved 1122304K
  class space    used 11133K, committed 11392K, reserved 1048576K
}
Event: 9.111 GC heap before
{Heap before GC invocations=39 (full 0):
 garbage-first heap   total 183296K, used 109319K [0x0000000080000000, 0x0000000100000000)
  region size 1024K, 10 young (10240K), 1 survivors (1024K)
 Metaspace       used 82852K, committed 83520K, reserved 1122304K
  class space    used 11297K, committed 11584K, reserved 1048576K
}
Event: 9.113 GC heap after
{Heap after GC invocations=40 (full 0):
 garbage-first heap   total 183296K, used 101843K [0x0000000080000000, 0x0000000100000000)
  region size 1024K, 2 young (2048K), 2 survivors (2048K)
 Metaspace       used 82852K, committed 83520K, reserved 1122304K
  class space    used 11297K, committed 11584K, reserved 1048576K
}
Event: 9.746 GC heap before
{Heap before GC invocations=41 (full 0):
 garbage-first heap   total 217088K, used 166355K [0x0000000080000000, 0x0000000100000000)
  region size 1024K, 43 young (44032K), 2 survivors (2048K)
 Metaspace       used 86070K, committed 86720K, reserved 1130496K
  class space    used 11781K, committed 12096K, reserved 1048576K
}
Event: 9.753 GC heap after
{Heap after GC invocations=42 (full 0):
 garbage-first heap   total 217088K, used 130967K [0x0000000080000000, 0x0000000100000000)
  region size 1024K, 6 young (6144K), 6 survivors (6144K)
 Metaspace       used 86070K, committed 86720K, reserved 1130496K
  class space    used 11781K, committed 12096K, reserved 1048576K
}
Event: 9.796 GC heap before
{Heap before GC invocations=42 (full 0):
 garbage-first heap   total 217088K, used 135063K [0x0000000080000000, 0x0000000100000000)
  region size 1024K, 10 young (10240K), 6 survivors (6144K)
 Metaspace       used 86377K, committed 86976K, reserved 1130496K
  class space    used 11830K, committed 12096K, reserved 1048576K
}
Event: 9.802 GC heap after
{Heap after GC invocations=43 (full 0):
 garbage-first heap   total 217088K, used 131225K [0x0000000080000000, 0x0000000100000000)
  region size 1024K, 1 young (1024K), 1 survivors (1024K)
 Metaspace       used 86377K, committed 86976K, reserved 1130496K
  class space    used 11830K, committed 12096K, reserved 1048576K
}
Event: 9.952 GC heap before
{Heap before GC invocations=43 (full 0):
 garbage-first heap   total 217088K, used 141465K [0x0000000080000000, 0x0000000100000000)
  region size 1024K, 13 young (13312K), 1 survivors (1024K)
 Metaspace       used 87120K, committed 87680K, reserved 1130496K
  class space    used 11911K, committed 12160K, reserved 1048576K
}
Event: 9.955 GC heap after
{Heap after GC invocations=44 (full 0):
 garbage-first heap   total 217088K, used 132187K [0x0000000080000000, 0x0000000100000000)
  region size 1024K, 2 young (2048K), 2 survivors (2048K)
 Metaspace       used 87120K, committed 87680K, reserved 1130496K
  class space    used 11911K, committed 12160K, reserved 1048576K
}

Dll operation events (2 events):
Event: 0.005 Loaded shared library C:\Program Files\Android\Android Studio\jbr\bin\java.dll
Event: 0.349 Loaded shared library C:\Program Files\Android\Android Studio\jbr\bin\verify.dll

Deoptimization events (20 events):
Event: 9.786 Thread 0x00000182ae78dab0 Uncommon trap: trap_request=0xffffffde fr.pc=0x000001829b8e5e5c relative=0x000000000000005c
Event: 9.786 Thread 0x00000182ae78dab0 Uncommon trap: reason=class_check action=maybe_recompile pc=0x000001829b8e5e5c method=groovy.lang.MetaMethod.isStatic()Z @ 1 c2
Event: 9.786 Thread 0x00000182ae78dab0 DEOPT PACKING pc=0x000001829b8e5e5c sp=0x00000038b22f9b70
Event: 9.786 Thread 0x00000182ae78dab0 DEOPT UNPACKING pc=0x000001829b0a69a3 sp=0x00000038b22f9af8 mode 2
Event: 10.010 Thread 0x00000182ae78dab0 Uncommon trap: trap_request=0xffffff45 fr.pc=0x000001829b9d9cc8 relative=0x00000000000000a8
Event: 10.010 Thread 0x00000182ae78dab0 Uncommon trap: reason=unstable_if action=reinterpret pc=0x000001829b9d9cc8 method=org.objectweb.asm.Attribute.computeAttributesSize(Lorg/objectweb/asm/SymbolTable;II)I @ 47 c2
Event: 10.010 Thread 0x00000182ae78dab0 DEOPT PACKING pc=0x000001829b9d9cc8 sp=0x00000038b22f8db0
Event: 10.010 Thread 0x00000182ae78dab0 DEOPT UNPACKING pc=0x000001829b0a69a3 sp=0x00000038b22f8d30 mode 2
Event: 10.010 Thread 0x00000182ae78dab0 Uncommon trap: trap_request=0xffffff45 fr.pc=0x000001829ba6f9d4 relative=0x0000000000000574
Event: 10.010 Thread 0x00000182ae78dab0 Uncommon trap: reason=unstable_if action=reinterpret pc=0x000001829ba6f9d4 method=org.objectweb.asm.Attribute.computeAttributesSize(Lorg/objectweb/asm/SymbolTable;II)I @ 47 c2
Event: 10.010 Thread 0x00000182ae78dab0 DEOPT PACKING pc=0x000001829ba6f9d4 sp=0x00000038b22f8e00
Event: 10.010 Thread 0x00000182ae78dab0 DEOPT UNPACKING pc=0x000001829b0a69a3 sp=0x00000038b22f8d18 mode 2
Event: 10.010 Thread 0x00000182ae78dab0 Uncommon trap: trap_request=0xffffff45 fr.pc=0x000001829b9db914 relative=0x0000000000000334
Event: 10.010 Thread 0x00000182ae78dab0 Uncommon trap: reason=unstable_if action=reinterpret pc=0x000001829b9db914 method=org.objectweb.asm.Attribute.putAttributes(Lorg/objectweb/asm/SymbolTable;IILorg/objectweb/asm/ByteVector;)V @ 59 c2
Event: 10.010 Thread 0x00000182ae78dab0 DEOPT PACKING pc=0x000001829b9db914 sp=0x00000038b22f8d60
Event: 10.010 Thread 0x00000182ae78dab0 DEOPT UNPACKING pc=0x000001829b0a69a3 sp=0x00000038b22f8d10 mode 2
Event: 10.010 Thread 0x00000182ae78dab0 Uncommon trap: trap_request=0xffffff45 fr.pc=0x000001829ba771d4 relative=0x0000000000002154
Event: 10.010 Thread 0x00000182ae78dab0 Uncommon trap: reason=unstable_if action=reinterpret pc=0x000001829ba771d4 method=org.objectweb.asm.MethodWriter.putMethodInfo(Lorg/objectweb/asm/ByteVector;)V @ 150 c2
Event: 10.010 Thread 0x00000182ae78dab0 DEOPT PACKING pc=0x000001829ba771d4 sp=0x00000038b22f8db0
Event: 10.010 Thread 0x00000182ae78dab0 DEOPT UNPACKING pc=0x000001829b0a69a3 sp=0x00000038b22f8d68 mode 2

Classes unloaded (9 events):
Event: 7.029 Thread 0x00000182aac92220 Unloading class 0x0000000100824560 '_BuildScript_$_run_closure1'
Event: 7.029 Thread 0x00000182aac92220 Unloading class 0x0000000100824000 '_BuildScript_'
Event: 9.193 Thread 0x00000182aac92220 Unloading class 0x0000000100a00c30 '_BuildScript_$_run_closure2'
Event: 9.193 Thread 0x00000182aac92220 Unloading class 0x0000000100a00820 '_BuildScript_$_run_closure1$_closure5'
Event: 9.193 Thread 0x00000182aac92220 Unloading class 0x0000000100a00410 '_BuildScript_$_run_closure1$_closure4$_closure6'
Event: 9.193 Thread 0x00000182aac92220 Unloading class 0x0000000100a00000 '_BuildScript_$_run_closure1$_closure4'
Event: 9.193 Thread 0x00000182aac92220 Unloading class 0x00000001009fd970 '_BuildScript_$_run_closure1$_closure3'
Event: 9.193 Thread 0x00000182aac92220 Unloading class 0x00000001009fd560 '_BuildScript_$_run_closure1'
Event: 9.193 Thread 0x00000182aac92220 Unloading class 0x00000001009fd000 '_BuildScript_'

Classes redefined (0 events):
No events

Internal exceptions (20 events):
Event: 9.809 Thread 0x00000182ae78dab0 Exception <a 'java/lang/ClassNotFoundException'{0x000000008d380270}: org/gradle/internal/extensibility/ExtensionsStorage$ExtensionHolderBeanInfo> (0x000000008d380270) 
thrown [s\src\hotspot\share\classfile\systemDictionary.cpp, line 256]
Event: 9.809 Thread 0x00000182ae78dab0 Exception <a 'java/lang/ClassNotFoundException'{0x000000008d388930}: org/gradle/internal/extensibility/ExtensionsStorage$ExtensionHolderCustomizer> (0x000000008d388930) 
thrown [s\src\hotspot\share\classfile\systemDictionary.cpp, line 256]
Event: 9.820 Thread 0x00000182ae78dab0 Exception <a 'java/lang/ClassNotFoundException'{0x000000008d3e5e58}: org/gradle/internal/service/scopes/ProjectScopeServicesBeanInfo> (0x000000008d3e5e58) 
thrown [s\src\hotspot\share\classfile\systemDictionary.cpp, line 256]
Event: 9.821 Thread 0x00000182ae78dab0 Exception <a 'java/lang/ClassNotFoundException'{0x000000008d3ee1d0}: org/gradle/internal/service/scopes/ProjectScopeServicesCustomizer> (0x000000008d3ee1d0) 
thrown [s\src\hotspot\share\classfile\systemDictionary.cpp, line 256]
Event: 9.823 Thread 0x00000182ae78dab0 Exception <a 'java/lang/ClassNotFoundException'{0x000000008d109598}: org/gradle/api/internal/catalog/DefaultDependenciesAccessorsBeanInfo> (0x000000008d109598) 
thrown [s\src\hotspot\share\classfile\systemDictionary.cpp, line 256]
Event: 9.823 Thread 0x00000182ae78dab0 Exception <a 'java/lang/ClassNotFoundException'{0x000000008d113558}: org/gradle/api/internal/catalog/DefaultDependenciesAccessorsCustomizer> (0x000000008d113558) 
thrown [s\src\hotspot\share\classfile\systemDictionary.cpp, line 256]
Event: 9.826 Thread 0x00000182ae78dab0 Exception <a 'java/lang/ClassNotFoundException'{0x000000008d1351b0}: org/gradle/internal/classpath/DefaultClassPathBeanInfo> (0x000000008d1351b0) 
thrown [s\src\hotspot\share\classfile\systemDictionary.cpp, line 256]
Event: 9.826 Thread 0x00000182ae78dab0 Exception <a 'java/lang/ClassNotFoundException'{0x000000008d13d2b0}: org/gradle/internal/classpath/DefaultClassPathCustomizer> (0x000000008d13d2b0) 
thrown [s\src\hotspot\share\classfile\systemDictionary.cpp, line 256]
Event: 9.831 Thread 0x00000182ae78dab0 Exception <a 'java/lang/ClassNotFoundException'{0x000000008d053428}: org/gradle/internal/classpath/DefaultClassPath$ImmutableUniqueListBeanInfo> (0x000000008d053428) 
thrown [s\src\hotspot\share\classfile\systemDictionary.cpp, line 256]
Event: 9.831 Thread 0x00000182ae78dab0 Exception <a 'java/lang/ClassNotFoundException'{0x000000008d0579c8}: java/util/AbstractListBeanInfo> (0x000000008d0579c8) 
thrown [s\src\hotspot\share\classfile\systemDictionary.cpp, line 256]
Event: 9.831 Thread 0x00000182ae78dab0 Exception <a 'java/lang/ClassNotFoundException'{0x000000008d05bf40}: java/util/AbstractListCustomizer> (0x000000008d05bf40) 
thrown [s\src\hotspot\share\classfile\systemDictionary.cpp, line 256]
Event: 9.832 Thread 0x00000182ae78dab0 Exception <a 'java/lang/ClassNotFoundException'{0x000000008d06f1b8}: org/gradle/internal/classpath/DefaultClassPath$ImmutableUniqueListCustomizer> (0x000000008d06f1b8) 
thrown [s\src\hotspot\share\classfile\systemDictionary.cpp, line 256]
Event: 9.839 Thread 0x00000182ae78dab0 Exception <a 'java/lang/ClassNotFoundException'{0x000000008d0b2250}: org/jetbrains/plugins/gradle/model/DefaultDependencyAccessorsModelBeanInfo> (0x000000008d0b2250) 
thrown [s\src\hotspot\share\classfile\systemDictionary.cpp, line 256]
Event: 9.840 Thread 0x00000182ae78dab0 Exception <a 'java/lang/ClassNotFoundException'{0x000000008d0ba6a8}: org/jetbrains/plugins/gradle/model/DefaultDependencyAccessorsModelCustomizer> (0x000000008d0ba6a8) 
thrown [s\src\hotspot\share\classfile\systemDictionary.cpp, line 256]
Event: 9.846 Thread 0x00000182ac9f4b00 Exception <a 'java/lang/NoSuchMethodError'{0x000000008d2f2a30}: static Lorg/jetbrains/plugins/gradle/tooling/internal/VersionCatalogsModelImpl;.<clinit>()V> (0x000000008d2f2a30) 
thrown [s\src\hotspot\share\prims\jni.cpp, line 1108]
Event: 9.856 Thread 0x00000182ae78dab0 Exception <a 'java/lang/ClassNotFoundException'{0x000000008cc10e68}: org/gradle/api/internal/tasks/DefaultSourceSetContainer_DecoratedBeanInfo> (0x000000008cc10e68) 
thrown [s\src\hotspot\share\classfile\systemDictionary.cpp, line 256]
Event: 9.857 Thread 0x00000182ae78dab0 Exception <a 'java/lang/ClassNotFoundException'{0x000000008cc1add0}: org/gradle/api/internal/tasks/DefaultSourceSetContainerBeanInfo> (0x000000008cc1add0) 
thrown [s\src\hotspot\share\classfile\systemDictionary.cpp, line 256]
Event: 9.857 Thread 0x00000182ae78dab0 Exception <a 'java/lang/ClassNotFoundException'{0x000000008cc24d58}: org/gradle/api/internal/tasks/DefaultSourceSetContainerCustomizer> (0x000000008cc24d58) 
thrown [s\src\hotspot\share\classfile\systemDictionary.cpp, line 256]
Event: 9.858 Thread 0x00000182ae78dab0 Exception <a 'java/lang/ClassNotFoundException'{0x000000008cc3a410}: org/gradle/api/internal/tasks/DefaultSourceSetContainer_DecoratedCustomizer> (0x000000008cc3a410) 
thrown [s\src\hotspot\share\classfile\systemDictionary.cpp, line 256]
Event: 9.912 Thread 0x00000182ac9f4b00 Exception <a 'java/lang/NoSuchMethodError'{0x000000008ca14dd0}: static Lorg/jetbrains/plugins/gradle/tooling/serialization/internal/adapter/kotlin/dsl/InternalKotlinDslScriptsModel;.<clinit>()V> (0x000000008ca14dd0) 
thrown [s\src\hotspot\share\prims\jni.cpp, line 1108]

VM Operations (20 events):
Event: 9.363 Executing VM operation: HandshakeAllThreads done
Event: 9.365 Executing VM operation: HandshakeAllThreads
Event: 9.365 Executing VM operation: HandshakeAllThreads done
Event: 9.375 Executing VM operation: HandshakeAllThreads
Event: 9.375 Executing VM operation: HandshakeAllThreads done
Event: 9.380 Executing VM operation: HandshakeAllThreads
Event: 9.380 Executing VM operation: HandshakeAllThreads done
Event: 9.518 Executing VM operation: HandshakeAllThreads
Event: 9.518 Executing VM operation: HandshakeAllThreads done
Event: 9.520 Executing VM operation: HandshakeAllThreads
Event: 9.520 Executing VM operation: HandshakeAllThreads done
Event: 9.529 Executing VM operation: ICBufferFull
Event: 9.530 Executing VM operation: ICBufferFull done
Event: 9.746 Executing VM operation: G1CollectForAllocation
Event: 9.753 Executing VM operation: G1CollectForAllocation done
Event: 9.796 Executing VM operation: G1CollectForAllocation
Event: 9.802 Executing VM operation: G1CollectForAllocation done
Event: 9.952 Executing VM operation: G1TryInitiateConcMark
Event: 9.955 Executing VM operation: G1TryInitiateConcMark done
Event: 10.031 Executing VM operation: G1Concurrent

Events (20 events):
Event: 9.787 loading class java/lang/NumberCustomizer
Event: 9.787 loading class java/lang/NumberCustomizer done
Event: 9.787 loading class java/lang/NumberCustomizer
Event: 9.787 loading class java/lang/NumberCustomizer done
Event: 9.787 loading class java/lang/IntegerCustomizer
Event: 9.787 loading class java/lang/IntegerCustomizer done
Event: 9.788 loading class java/lang/IntegerCustomizer
Event: 9.788 loading class java/lang/IntegerCustomizer done
Event: 9.788 loading class jdk/internal/ValueBased
Event: 9.788 loading class jdk/internal/ValueBased done
Event: 9.831 loading class java/util/AbstractListBeanInfo
Event: 9.831 loading class java/util/AbstractListBeanInfo done
Event: 9.831 loading class java/util/AbstractListBeanInfo
Event: 9.831 loading class java/util/AbstractListBeanInfo done
Event: 9.831 loading class java/util/AbstractListCustomizer
Event: 9.831 loading class java/util/AbstractListCustomizer done
Event: 9.831 loading class java/util/AbstractListCustomizer
Event: 9.831 loading class java/util/AbstractListCustomizer done
Event: 9.999 loading class java/util/function/LongUnaryOperator
Event: 9.999 loading class java/util/function/LongUnaryOperator done


Dynamic libraries:
0x00007ff6ea2c0000 - 0x00007ff6ea2ca000 	C:\Program Files\Android\Android Studio\jbr\bin\java.exe
0x00007ff882650000 - 0x00007ff882867000 	C:\WINDOWS\SYSTEM32\ntdll.dll
0x00007ff881770000 - 0x00007ff881834000 	C:\WINDOWS\System32\KERNEL32.DLL
0x00007ff87f970000 - 0x00007ff87fd1d000 	C:\WINDOWS\System32\KERNELBASE.dll
0x00007ff87fe40000 - 0x00007ff87ff51000 	C:\WINDOWS\System32\ucrtbase.dll
0x00007ff8699d0000 - 0x00007ff8699e7000 	C:\Program Files\Android\Android Studio\jbr\bin\jli.dll
0x00007ff86a6c0000 - 0x00007ff86a6db000 	C:\Program Files\Android\Android Studio\jbr\bin\VCRUNTIME140.dll
0x00007ff882070000 - 0x00007ff88221e000 	C:\WINDOWS\System32\USER32.dll
0x00007ff87ebc0000 - 0x00007ff87ee53000 	C:\WINDOWS\WinSxS\amd64_microsoft.windows.common-controls_6595b64144ccf1df_6.0.22621.3672_none_2713b9d173822955\COMCTL32.dll
0x00007ff8801c0000 - 0x00007ff8801e6000 	C:\WINDOWS\System32\win32u.dll
0x00007ff882410000 - 0x00007ff8824b7000 	C:\WINDOWS\System32\msvcrt.dll
0x00007ff880880000 - 0x00007ff8808a9000 	C:\WINDOWS\System32\GDI32.dll
0x00007ff8801f0000 - 0x00007ff880309000 	C:\WINDOWS\System32\gdi32full.dll
0x00007ff87fd20000 - 0x00007ff87fdba000 	C:\WINDOWS\System32\msvcp_win.dll
0x00007ff881610000 - 0x00007ff881641000 	C:\WINDOWS\System32\IMM32.DLL
0x00007ff87bc10000 - 0x00007ff87bc1c000 	C:\Program Files\Android\Android Studio\jbr\bin\vcruntime140_1.dll
0x00007ff857f80000 - 0x00007ff85800d000 	C:\Program Files\Android\Android Studio\jbr\bin\msvcp140.dll
0x00007ff83a280000 - 0x00007ff83aeee000 	C:\Program Files\Android\Android Studio\jbr\bin\server\jvm.dll
0x00007ff882550000 - 0x00007ff882602000 	C:\WINDOWS\System32\ADVAPI32.dll
0x00007ff881840000 - 0x00007ff8818e9000 	C:\WINDOWS\System32\sechost.dll
0x00007ff880190000 - 0x00007ff8801b8000 	C:\WINDOWS\System32\bcrypt.dll
0x00007ff881650000 - 0x00007ff881764000 	C:\WINDOWS\System32\RPCRT4.dll
0x00007ff865090000 - 0x00007ff865099000 	C:\WINDOWS\SYSTEM32\WSOCK32.dll
0x00007ff87aa90000 - 0x00007ff87aa9a000 	C:\WINDOWS\SYSTEM32\VERSION.dll
0x00007ff86cc40000 - 0x00007ff86cc74000 	C:\WINDOWS\SYSTEM32\WINMM.dll
0x00007ff882220000 - 0x00007ff882291000 	C:\WINDOWS\System32\WS2_32.dll
0x00007ff87e180000 - 0x00007ff87e198000 	C:\WINDOWS\SYSTEM32\kernel.appcore.dll
0x00007ff878380000 - 0x00007ff87838a000 	C:\Program Files\Android\Android Studio\jbr\bin\jimage.dll
0x00007ff87f2d0000 - 0x00007ff87f502000 	C:\WINDOWS\SYSTEM32\DBGHELP.DLL
0x00007ff880380000 - 0x00007ff88070e000 	C:\WINDOWS\System32\combase.dll
0x00007ff882310000 - 0x00007ff8823e7000 	C:\WINDOWS\System32\OLEAUT32.dll
0x00007ff87f170000 - 0x00007ff87f1a2000 	C:\WINDOWS\SYSTEM32\dbgcore.DLL
0x00007ff87fdc0000 - 0x00007ff87fe3b000 	C:\WINDOWS\System32\bcryptPrimitives.dll
0x00007ff86a190000 - 0x00007ff86a1b5000 	C:\Program Files\Android\Android Studio\jbr\bin\java.dll
0x00007ff86dc90000 - 0x00007ff86dca8000 	C:\Program Files\Android\Android Studio\jbr\bin\zip.dll
0x00007ff880910000 - 0x00007ff881177000 	C:\WINDOWS\System32\SHELL32.dll
0x00007ff87ce10000 - 0x00007ff87d70f000 	C:\WINDOWS\SYSTEM32\windows.storage.dll
0x00007ff87ccd0000 - 0x00007ff87ce0f000 	C:\WINDOWS\SYSTEM32\wintypes.dll
0x00007ff8811e0000 - 0x00007ff8812d9000 	C:\WINDOWS\System32\SHCORE.dll
0x00007ff881180000 - 0x00007ff8811de000 	C:\WINDOWS\System32\shlwapi.dll
0x00007ff87f8a0000 - 0x00007ff87f8c7000 	C:\WINDOWS\SYSTEM32\profapi.dll
0x00007ff86a170000 - 0x00007ff86a189000 	C:\Program Files\Android\Android Studio\jbr\bin\net.dll
0x00007ff87a8b0000 - 0x00007ff87a9e6000 	C:\WINDOWS\SYSTEM32\WINHTTP.dll
0x00007ff87e740000 - 0x00007ff87e7a9000 	C:\WINDOWS\system32\mswsock.dll
0x00007ff86a150000 - 0x00007ff86a166000 	C:\Program Files\Android\Android Studio\jbr\bin\nio.dll
0x00007ff877f90000 - 0x00007ff877fa0000 	C:\Program Files\Android\Android Studio\jbr\bin\verify.dll
0x00007ff878970000 - 0x00007ff878997000 	C:\Users\scher\.gradle\native\68d5fa5c4cc2d200863cafc0d521ce42e7d3e7ee720ec0a83991735586a16f82\windows-amd64\native-platform.dll
0x00007ff8551f0000 - 0x00007ff855334000 	C:\Users\scher\.gradle\native\e376f236ea51e6404a007f0833ffe2c6e607c4080706a723a18a27aeea778392\windows-amd64\native-platform-file-events.dll
0x00007ff877f80000 - 0x00007ff877f89000 	C:\Program Files\Android\Android Studio\jbr\bin\management.dll
0x00007ff877f70000 - 0x00007ff877f7b000 	C:\Program Files\Android\Android Studio\jbr\bin\management_ext.dll
0x00007ff8818f0000 - 0x00007ff8818f8000 	C:\WINDOWS\System32\PSAPI.DLL
0x00007ff87f610000 - 0x00007ff87f62b000 	C:\WINDOWS\SYSTEM32\CRYPTSP.dll
0x00007ff87e0e0000 - 0x00007ff87e115000 	C:\WINDOWS\system32\rsaenh.dll
0x00007ff87e9a0000 - 0x00007ff87e9c8000 	C:\WINDOWS\SYSTEM32\USERENV.dll
0x00007ff87ea00000 - 0x00007ff87ea0c000 	C:\WINDOWS\SYSTEM32\CRYPTBASE.dll
0x00007ff87db70000 - 0x00007ff87db9d000 	C:\WINDOWS\SYSTEM32\IPHLPAPI.DLL
0x00007ff880870000 - 0x00007ff880879000 	C:\WINDOWS\System32\NSI.dll
0x00007ff87b020000 - 0x00007ff87b039000 	C:\WINDOWS\SYSTEM32\dhcpcsvc6.DLL
0x00007ff87aaa0000 - 0x00007ff87aabf000 	C:\WINDOWS\SYSTEM32\dhcpcsvc.DLL
0x00007ff87dbf0000 - 0x00007ff87dce8000 	C:\WINDOWS\SYSTEM32\DNSAPI.dll
0x00007ff877f60000 - 0x00007ff877f68000 	C:\WINDOWS\system32\wshunix.dll

dbghelp: loaded successfully - version: 4.0.5 - missing functions: none
symbol engine: initialized successfully - sym options: 0x614 - pdb path: .;C:\Program Files\Android\Android Studio\jbr\bin;C:\WINDOWS\SYSTEM32;C:\WINDOWS\WinSxS\amd64_microsoft.windows.common-controls_6595b64144ccf1df_6.0.22621.3672_none_2713b9d173822955;C:\Program Files\Android\Android Studio\jbr\bin\server;C:\Users\scher\.gradle\native\68d5fa5c4cc2d200863cafc0d521ce42e7d3e7ee720ec0a83991735586a16f82\windows-amd64;C:\Users\scher\.gradle\native\e376f236ea51e6404a007f0833ffe2c6e607c4080706a723a18a27aeea778392\windows-amd64

VM Arguments:
jvm_args: --add-opens=java.base/java.util=ALL-UNNAMED --add-opens=java.base/java.lang=ALL-UNNAMED --add-opens=java.base/java.lang.invoke=ALL-UNNAMED --add-opens=java.prefs/java.util.prefs=ALL-UNNAMED --add-opens=java.base/java.nio.charset=ALL-UNNAMED --add-opens=java.base/java.net=ALL-UNNAMED --add-opens=java.base/java.util.concurrent.atomic=ALL-UNNAMED -Xmx2048m -Dfile.encoding=UTF-8 -Duser.country=BR -Duser.language=pt -Duser.variant 
java_command: org.gradle.launcher.daemon.bootstrap.GradleDaemon 8.0
java_class_path (initial): C:\Users\scher\.gradle\wrapper\dists\gradle-8.0-bin\ca5e32bp14vu59qr306oxotwh\gradle-8.0\lib\gradle-launcher-8.0.jar
Launcher Type: SUN_STANDARD

[Global flags]
     intx CICompilerCount                          = 4                                         {product} {ergonomic}
     uint ConcGCThreads                            = 2                                         {product} {ergonomic}
     uint G1ConcRefinementThreads                  = 8                                         {product} {ergonomic}
   size_t G1HeapRegionSize                         = 1048576                                   {product} {ergonomic}
    uintx GCDrainStackTargetSize                   = 64                                        {product} {ergonomic}
   size_t InitialHeapSize                          = 134217728                                 {product} {ergonomic}
   size_t MarkStackSize                            = 4194304                                   {product} {ergonomic}
   size_t MaxHeapSize                              = 2147483648                                {product} {command line}
   size_t MaxNewSize                               = 1287651328                                {product} {ergonomic}
   size_t MinHeapDeltaBytes                        = 1048576                                   {product} {ergonomic}
   size_t MinHeapSize                              = 8388608                                   {product} {ergonomic}
    uintx NonNMethodCodeHeapSize                   = 5839372                                {pd product} {ergonomic}
    uintx NonProfiledCodeHeapSize                  = 122909434                              {pd product} {ergonomic}
    uintx ProfiledCodeHeapSize                     = 122909434                              {pd product} {ergonomic}
    uintx ReservedCodeCacheSize                    = 251658240                              {pd product} {ergonomic}
     bool SegmentedCodeCache                       = true                                      {product} {ergonomic}
   size_t SoftMaxHeapSize                          = 2147483648                             {manageable} {ergonomic}
     bool UseCompressedClassPointers               = true                           {product lp64_product} {ergonomic}
     bool UseCompressedOops                        = true                           {product lp64_product} {ergonomic}
     bool UseG1GC                                  = true                                      {product} {ergonomic}
     bool UseLargePagesIndividualAllocation        = false                                  {pd product} {ergonomic}

Logging:
Log output configuration:
 #0: stdout all=warning uptime,level,tags
 #1: stderr all=off uptime,level,tags

Environment Variables:
PATH=C:\Program Files\Common Files\Oracle\Java\javapath;C:\Program Files (x86)\Embarcadero\Studio\22.0\bin;C:\Users\Public\Documents\Embarcadero\Studio\22.0\Bpl;C:\Program Files (x86)\Embarcadero\Studio\22.0\bin64;C:\Users\Public\Documents\Embarcadero\Studio\22.0\Bpl\Win64;C:\Program Files (x86)\Embarcadero\Studio\21.0\bin;C:\Users\Public\Documents\Embarcadero\Studio\21.0\Bpl;C:\Program Files (x86)\Embarcadero\Studio\21.0\bin64;C:\Users\Public\Documents\Embarcadero\Studio\21.0\Bpl\Win64;C:\Windows\system32;C:\Windows;C:\Windows\System32\Wbem;C:\Windows\System32\WindowsPowerShell\v1.0\;C:\Windows\System32\OpenSSH\;C:\Program Files (x86)\NVIDIA Corporation\PhysX\Common;C:\Program Files\NVIDIA Corporation\NVIDIA NvDLISR;C:\WINDOWS\system32;C:\WINDOWS;C:\WINDOWS\System32\Wbem;C:\WINDOWS\System32\WindowsPowerShell\v1.0\;C:\WINDOWS\System32\OpenSSH\;C:\Program Files\dotnet\;C:\Program Files (x86)\Windows Kits\10\Windows Performance Toolkit\;C:\Program Files\Git\cmd;C:\Users\scher\AppData\Local\Microsoft\WindowsApps;;C:\Users\scher\AppData\Local\Programs\Microsoft VS Code\bin
USERNAME=scher
OS=Windows_NT
PROCESSOR_IDENTIFIER=Intel64 Family 6 Model 142 Stepping 12, GenuineIntel
TMP=C:\Users\scher\AppData\Local\Temp
TEMP=C:\Users\scher\AppData\Local\Temp


JNI global refs:
JNI global refs: 27, weak refs: 0

JNI global refs memory usage: 843, weak refs: 841


---------------  S Y S T E M  ---------------

OS:
 Windows 11 , 64 bit Build 22621 (10.0.22621.3958)
OS uptime: 0 days 14:09 hours
Hyper-V role detected

CPU: total 8 (initial active 8) (4 cores per cpu, 2 threads per core) family 6 model 142 stepping 12 microcode 0xea, cx8, cmov, fxsr, ht, mmx, 3dnowpref, sse, sse2, sse3, ssse3, sse4.1, sse4.2, popcnt, lzcnt, tsc, tscinvbit, avx, avx2, aes, erms, clmul, bmi1, bmi2, adx, fma, vzeroupper, clflush, clflushopt, hv

Memory: 4k page, system-wide physical 8072M (681M free)
TotalPageFile size 10120M (AvailPageFile size 12M)
current process WorkingSet (physical memory assigned to process): 475M, peak: 480M
current process commit charge ("private bytes"): 514M, peak: 523M

vm_info: OpenJDK 64-Bit Server VM (17.0.6+0-b2043.56-10027231) for windows-amd64 JRE (17.0.6+0-b2043.56-10027231), built on Apr 28 2023 00:43:19 by "androidbuild" with MS VC++ 16.10 / 16.11 (VS2019)

END.
