#
# There is insufficient memory for the Java Runtime Environment to continue.
# Native memory allocation (mmap) failed to map 26214400 bytes for G1 virtual space
# Possible reasons:
#   The system is out of physical RAM or swap space
#   The process is running with CompressedOops enabled, and the Java Heap may be blocking the growth of the native heap
# Possible solutions:
#   Reduce memory load on the system
#   Increase physical memory or swap space
#   Check if swap backing store is full
#   Decrease Java heap size (-Xmx/-Xms)
#   Decrease number of Java threads
#   Decrease Java thread stack sizes (-Xss)
#   Set larger code cache with -XX:ReservedCodeCacheSize=
#   JVM is running with Unscaled Compressed Oops mode in which the Java heap is
#     placed in the first 4GB address space. The Java Heap base address is the
#     maximum limit for the native heap growth. Please use -XX:HeapBaseMinAddress
#     to set the Java Heap base and to place the Java Heap above 4GB virtual address.
# This output file may be truncated or incomplete.
#
#  Out of Memory Error (os_windows.cpp:3769), pid=16068, tid=2876
#
# JRE version: OpenJDK Runtime Environment (17.0.6) (build 17.0.6+0-b2043.56-10027231)
# Java VM: OpenJDK 64-Bit Server VM (17.0.6+0-b2043.56-10027231, mixed mode, tiered, compressed oops, compressed class ptrs, g1 gc, windows-amd64)
# No core dump will be written. Minidumps are not enabled by default on client versions of Windows
#

---------------  S U M M A R Y ------------

Command Line: --add-opens=java.base/java.util=ALL-UNNAMED --add-opens=java.base/java.lang=ALL-UNNAMED --add-opens=java.base/java.lang.invoke=ALL-UNNAMED --add-opens=java.prefs/java.util.prefs=ALL-UNNAMED --add-opens=java.base/java.nio.charset=ALL-UNNAMED --add-opens=java.base/java.net=ALL-UNNAMED --add-opens=java.base/java.util.concurrent.atomic=ALL-UNNAMED -Xmx2048m -Dfile.encoding=UTF-8 -Duser.country=BR -Duser.language=pt -Duser.variant org.gradle.launcher.daemon.bootstrap.GradleDaemon 8.0

Host: Intel(R) Core(TM) i7-8565U CPU @ 1.80GHz, 8 cores, 7G,  Windows 11 , 64 bit Build 22621 (10.0.22621.3958)
Time: Sat Nov  9 22:32:07 2024 Hora oficial do Brasil elapsed time: 22.631202 seconds (0d 0h 0m 22s)

---------------  T H R E A D  ---------------

Current thread (0x000001ed3d37ea30):  VMThread "VM Thread" [stack: 0x0000006fb2700000,0x0000006fb2800000] [id=2876]

Stack: [0x0000006fb2700000,0x0000006fb2800000]
Native frames: (J=compiled Java code, j=interpreted, Vv=VM code, C=native code)
V  [jvm.dll+0x683c9a]
V  [jvm.dll+0x8427a4]
V  [jvm.dll+0x843f9e]
V  [jvm.dll+0x844603]
V  [jvm.dll+0x249b75]
V  [jvm.dll+0x680b69]
V  [jvm.dll+0x67505a]
V  [jvm.dll+0x309acb]
V  [jvm.dll+0x310f86]
V  [jvm.dll+0x3608ee]
V  [jvm.dll+0x360b1f]
V  [jvm.dll+0x2dfbf8]
V  [jvm.dll+0x2e2ce6]
V  [jvm.dll+0x2ed478]
V  [jvm.dll+0x322150]
V  [jvm.dll+0x848ccb]
V  [jvm.dll+0x849a04]
V  [jvm.dll+0x849f1d]
V  [jvm.dll+0x84a2f4]
V  [jvm.dll+0x84a3c0]
V  [jvm.dll+0x7f274a]
V  [jvm.dll+0x682ad5]
C  [ucrtbase.dll+0x29333]
C  [KERNEL32.DLL+0x1257d]
C  [ntdll.dll+0x5af08]

VM_Operation (0x0000006fb23ff870): G1Concurrent, mode: safepoint, requested by thread 0x000001ed215bdb30


---------------  P R O C E S S  ---------------

Threads class SMR info:
_java_thread_list=0x000001ed47c8a010, length=136, elements={
0x000001ed2154eb20, 0x000001ed3dc13260, 0x000001ed3dc14870, 0x000001ed3d391c60,
0x000001ed3d3929e0, 0x000001ed3d394600, 0x000001ed3d395fc0, 0x000001ed3dc3b7a0,
0x000001ed3dc3c840, 0x000001ed3dc3d9d0, 0x000001ed3ddb4ac0, 0x000001ed3ddb7610,
0x000001ed3ddb6c70, 0x000001ed3ddb4f90, 0x000001ed3ddb3c50, 0x000001ed3ddb4120,
0x000001ed3ddb62d0, 0x000001ed3ddb5460, 0x000001ed3ddb5e00, 0x000001ed3ddb67a0,
0x000001ed3ddb7140, 0x000001ed3ddb45f0, 0x000001ed40f7fd70, 0x000001ed40f80240,
0x000001ed40f85db0, 0x000001ed40f80710, 0x000001ed40f7f8a0, 0x000001ed40f80be0,
0x000001ed40f810b0, 0x000001ed40f84f40, 0x000001ed40f858e0, 0x000001ed40f81580,
0x000001ed40f845a0, 0x000001ed40f823f0, 0x000001ed40f84a70, 0x000001ed40f83c00,
0x000001ed40f86280, 0x000001ed40f86750, 0x000001ed40f86c20, 0x000001ed40f870f0,
0x000001ed40f85410, 0x000001ed40f82d90, 0x000001ed446c0620, 0x000001ed446c74d0,
0x000001ed446c3640, 0x000001ed446c6190, 0x000001ed446c44b0, 0x000001ed446c3b10,
0x000001ed446c5320, 0x000001ed446c4980, 0x000001ed446c0150, 0x000001ed446c0fc0,
0x000001ed446c57f0, 0x000001ed446c6660, 0x000001ed446c1490, 0x000001ed446c1960,
0x000001ed446c6b30, 0x000001ed446c1e30, 0x000001ed3ddb5930, 0x000001ed47a5b8f0,
0x000001ed47a57a60, 0x000001ed47a58da0, 0x000001ed47a5f2b0, 0x000001ed47a5b420,
0x000001ed47a5bdc0, 0x000001ed47a5d5d0, 0x000001ed47a59740, 0x000001ed47a59c10,
0x000001ed47a58400, 0x000001ed47a588d0, 0x000001ed47a5c290, 0x000001ed47a5c760,
0x000001ed47a5aa80, 0x000001ed47a5cc30, 0x000001ed47a59270, 0x000001ed47a5a0e0,
0x000001ed47a5d100, 0x000001ed47a5a5b0, 0x000001ed47a5af50, 0x000001ed47a5e440,
0x000001ed47a5daa0, 0x000001ed47a5df70, 0x000001ed47a5e910, 0x000001ed47a5ede0,
0x000001ed47a57f30, 0x000001ed42ecb2e0, 0x000001ed42ec82c0, 0x000001ed42ecd960,
0x000001ed42ecfb10, 0x000001ed42ec8c60, 0x000001ed42ecd490, 0x000001ed42ecc150,
0x000001ed42eccaf0, 0x000001ed42ecc620, 0x000001ed42ecde30, 0x000001ed42eccfc0,
0x000001ed42ece300, 0x000001ed42ecbc80, 0x000001ed42ec8790, 0x000001ed42ec9130,
0x000001ed42ecf170, 0x000001ed42ece7d0, 0x000001ed42ec9fa0, 0x000001ed42eca470,
0x000001ed42ec9600, 0x000001ed42ececa0, 0x000001ed42ecf640, 0x000001ed42ecb7b0,
0x000001ed42ec9ad0, 0x000001ed42eca940, 0x000001ed42ecae10, 0x000001ed421a7880,
0x000001ed421a6540, 0x000001ed421a9560, 0x000001ed421a8220, 0x000001ed421a86f0,
0x000001ed421a9a30, 0x000001ed421a6070, 0x000001ed421a7d50, 0x000001ed421a6a10,
0x000001ed421a6ee0, 0x000001ed421a73b0, 0x000001ed421a8bc0, 0x000001ed421a9090,
0x000001ed40419400, 0x000001ed40419da0, 0x000001ed4041a270, 0x000001ed40418f30,
0x000001ed4041ba80, 0x000001ed4041b0e0, 0x000001ed40418a60, 0x000001ed404180c0,
0x000001ed4041bf50, 0x000001ed4041dc30, 0x000001ed4041a740, 0x000001ed42eba370
}

Java Threads: ( => current thread )
  0x000001ed2154eb20 JavaThread "main" [_thread_blocked, id=1444, stack(0x0000006fb2100000,0x0000006fb2200000)]
  0x000001ed3dc13260 JavaThread "Reference Handler" daemon [_thread_blocked, id=8312, stack(0x0000006fb2800000,0x0000006fb2900000)]
  0x000001ed3dc14870 JavaThread "Finalizer" daemon [_thread_blocked, id=14428, stack(0x0000006fb2900000,0x0000006fb2a00000)]
  0x000001ed3d391c60 JavaThread "Signal Dispatcher" daemon [_thread_blocked, id=11148, stack(0x0000006fb2a00000,0x0000006fb2b00000)]
  0x000001ed3d3929e0 JavaThread "Attach Listener" daemon [_thread_blocked, id=11464, stack(0x0000006fb2b00000,0x0000006fb2c00000)]
  0x000001ed3d394600 JavaThread "Service Thread" daemon [_thread_blocked, id=3612, stack(0x0000006fb2c00000,0x0000006fb2d00000)]
  0x000001ed3d395fc0 JavaThread "Monitor Deflation Thread" daemon [_thread_blocked, id=6128, stack(0x0000006fb2d00000,0x0000006fb2e00000)]
  0x000001ed3dc3b7a0 JavaThread "C2 CompilerThread0" daemon [_thread_blocked, id=10112, stack(0x0000006fb2e00000,0x0000006fb2f00000)]
  0x000001ed3dc3c840 JavaThread "C1 CompilerThread0" daemon [_thread_blocked, id=10848, stack(0x0000006fb2f00000,0x0000006fb3000000)]
  0x000001ed3dc3d9d0 JavaThread "Sweeper thread" daemon [_thread_blocked, id=13792, stack(0x0000006fb3000000,0x0000006fb3100000)]
  0x000001ed3ddb4ac0 JavaThread "Common-Cleaner" daemon [_thread_blocked, id=3144, stack(0x0000006fb3100000,0x0000006fb3200000)]
  0x000001ed3ddb7610 JavaThread "Notification Thread" daemon [_thread_blocked, id=7776, stack(0x0000006fb3200000,0x0000006fb3300000)]
  0x000001ed3ddb6c70 JavaThread "Daemon health stats" [_thread_blocked, id=4764, stack(0x0000006fb3a00000,0x0000006fb3b00000)]
  0x000001ed3ddb4f90 JavaThread "Incoming local TCP Connector on port 52255" [_thread_in_native, id=4492, stack(0x0000006fb3b00000,0x0000006fb3c00000)]
  0x000001ed3ddb3c50 JavaThread "Daemon periodic checks" [_thread_blocked, id=16040, stack(0x0000006fb3c00000,0x0000006fb3d00000)]
  0x000001ed3ddb4120 JavaThread "Daemon" [_thread_blocked, id=19324, stack(0x0000006fb3d00000,0x0000006fb3e00000)]
  0x000001ed3ddb62d0 JavaThread "Handler for socket connection from /127.0.0.1:52255 to /127.0.0.1:52257" [_thread_in_native, id=12644, stack(0x0000006fb3e00000,0x0000006fb3f00000)]
  0x000001ed3ddb5460 JavaThread "Cancel handler" [_thread_blocked, id=12040, stack(0x0000006fb3f00000,0x0000006fb4000000)]
  0x000001ed3ddb5e00 JavaThread "Daemon worker" [_thread_blocked, id=4172, stack(0x0000006fb4000000,0x0000006fb4100000)]
  0x000001ed3ddb67a0 JavaThread "Asynchronous log dispatcher for DefaultDaemonConnection: socket connection from /127.0.0.1:52255 to /127.0.0.1:52257" [_thread_blocked, id=14408, stack(0x0000006fb4100000,0x0000006fb4200000)]
  0x000001ed3ddb7140 JavaThread "Stdin handler" [_thread_blocked, id=16180, stack(0x0000006fb4200000,0x0000006fb4300000)]
  0x000001ed3ddb45f0 JavaThread "Daemon client event forwarder" [_thread_blocked, id=18768, stack(0x0000006fb4300000,0x0000006fb4400000)]
  0x000001ed40f7fd70 JavaThread "Cache worker for journal cache (C:\Users\scher\.gradle\caches\journal-1)" [_thread_blocked, id=14592, stack(0x0000006fb3400000,0x0000006fb3500000)]
  0x000001ed40f80240 JavaThread "File lock request listener" [_thread_in_native, id=15948, stack(0x0000006fb4700000,0x0000006fb4800000)]
  0x000001ed40f85db0 JavaThread "Cache worker for file hash cache (C:\Users\scher\.gradle\caches\8.0\fileHashes)" [_thread_blocked, id=13620, stack(0x0000006fb4900000,0x0000006fb4a00000)]
  0x000001ed40f80710 JavaThread "File lock release action executor" [_thread_blocked, id=14616, stack(0x0000006fb4b00000,0x0000006fb4c00000)]
  0x000001ed40f7f8a0 JavaThread "File watcher server" daemon [_thread_in_native, id=16504, stack(0x0000006fb4c00000,0x0000006fb4d00000)]
  0x000001ed40f80be0 JavaThread "File watcher consumer" daemon [_thread_blocked, id=13704, stack(0x0000006fb4d00000,0x0000006fb4e00000)]
  0x000001ed40f810b0 JavaThread "jar transforms" [_thread_blocked, id=16496, stack(0x0000006fb4e00000,0x0000006fb4f00000)]
  0x000001ed40f84f40 JavaThread "jar transforms Thread 2" [_thread_blocked, id=9164, stack(0x0000006fb4f00000,0x0000006fb5000000)]
  0x000001ed40f858e0 JavaThread "jar transforms Thread 3" [_thread_blocked, id=12236, stack(0x0000006fb5000000,0x0000006fb5100000)]
  0x000001ed40f81580 JavaThread "jar transforms Thread 4" [_thread_blocked, id=18908, stack(0x0000006fb5100000,0x0000006fb5200000)]
  0x000001ed40f845a0 JavaThread "jar transforms Thread 5" [_thread_blocked, id=11816, stack(0x0000006fb5200000,0x0000006fb5300000)]
  0x000001ed40f823f0 JavaThread "jar transforms Thread 6" [_thread_blocked, id=8804, stack(0x0000006fb5300000,0x0000006fb5400000)]
  0x000001ed40f84a70 JavaThread "jar transforms Thread 7" [_thread_blocked, id=2964, stack(0x0000006fb5400000,0x0000006fb5500000)]
  0x000001ed40f83c00 JavaThread "jar transforms Thread 8" [_thread_blocked, id=11980, stack(0x0000006fb5500000,0x0000006fb5600000)]
  0x000001ed40f86280 JavaThread "Cache worker for checksums cache (C:\Users\scher\Documents\PROJETOS ANDROID\NOVO\RECICLAAI\.gradle\8.0\checksums)" [_thread_blocked, id=15784, stack(0x0000006fb5600000,0x0000006fb5700000)]
  0x000001ed40f86750 JavaThread "Cache worker for cache directory md-rule (C:\Users\scher\.gradle\caches\8.0\md-rule)" [_thread_blocked, id=15256, stack(0x0000006fb5700000,0x0000006fb5800000)]
  0x000001ed40f86c20 JavaThread "Cache worker for file content cache (C:\Users\scher\.gradle\caches\8.0\fileContent)" [_thread_blocked, id=17848, stack(0x0000006fb5800000,0x0000006fb5900000)]
  0x000001ed40f870f0 JavaThread "Cache worker for file hash cache (C:\Users\scher\Documents\PROJETOS ANDROID\NOVO\RECICLAAI\.gradle\8.0\fileHashes)" [_thread_blocked, id=16264, stack(0x0000006fb5900000,0x0000006fb5a00000)]
  0x000001ed40f85410 JavaThread "Cache worker for cache directory md-supplier (C:\Users\scher\.gradle\caches\8.0\md-supplier)" [_thread_blocked, id=4296, stack(0x0000006fb5a00000,0x0000006fb5b00000)]
  0x000001ed40f82d90 JavaThread "Cache worker for execution history cache (C:\Users\scher\.gradle\caches\8.0\executionHistory)" [_thread_blocked, id=12124, stack(0x0000006fb5b00000,0x0000006fb5c00000)]
  0x000001ed446c0620 JavaThread "Cache worker for dependencies-accessors (C:\Users\scher\Documents\PROJETOS ANDROID\NOVO\RECICLAAI\.gradle\8.0\dependencies-accessors)" [_thread_blocked, id=14712, stack(0x0000006fb4a00000,0x0000006fb4b00000)]
  0x000001ed446c74d0 JavaThread "Cache worker for Build Output Cleanup Cache (C:\Users\scher\Documents\PROJETOS ANDROID\NOVO\RECICLAAI\.gradle\buildOutputCleanup)" [_thread_blocked, id=7280, stack(0x0000006fb5d00000,0x0000006fb5e00000)]
  0x000001ed446c3640 JavaThread "Unconstrained build operations" [_thread_blocked, id=2124, stack(0x0000006fb5e00000,0x0000006fb5f00000)]
  0x000001ed446c6190 JavaThread "Unconstrained build operations Thread 2" [_thread_blocked, id=18724, stack(0x0000006fb5f00000,0x0000006fb6000000)]
  0x000001ed446c44b0 JavaThread "Unconstrained build operations Thread 3" [_thread_blocked, id=7556, stack(0x0000006fb6000000,0x0000006fb6100000)]
  0x000001ed446c3b10 JavaThread "Unconstrained build operations Thread 4" [_thread_blocked, id=10600, stack(0x0000006fb6100000,0x0000006fb6200000)]
  0x000001ed446c5320 JavaThread "Unconstrained build operations Thread 5" [_thread_blocked, id=11452, stack(0x0000006fb6200000,0x0000006fb6300000)]
  0x000001ed446c4980 JavaThread "Unconstrained build operations Thread 6" [_thread_blocked, id=16696, stack(0x0000006fb6300000,0x0000006fb6400000)]
  0x000001ed446c0150 JavaThread "Unconstrained build operations Thread 7" [_thread_blocked, id=3380, stack(0x0000006fb6400000,0x0000006fb6500000)]
  0x000001ed446c0fc0 JavaThread "Unconstrained build operations Thread 8" [_thread_blocked, id=18836, stack(0x0000006fb6500000,0x0000006fb6600000)]
  0x000001ed446c57f0 JavaThread "Unconstrained build operations Thread 9" [_thread_blocked, id=272, stack(0x0000006fb6600000,0x0000006fb6700000)]
  0x000001ed446c6660 JavaThread "Unconstrained build operations Thread 10" [_thread_blocked, id=3264, stack(0x0000006fb6700000,0x0000006fb6800000)]
  0x000001ed446c1490 JavaThread "Unconstrained build operations Thread 11" [_thread_blocked, id=16140, stack(0x0000006fb6800000,0x0000006fb6900000)]
  0x000001ed446c1960 JavaThread "Unconstrained build operations Thread 12" [_thread_blocked, id=4680, stack(0x0000006fb6900000,0x0000006fb6a00000)]
  0x000001ed446c6b30 JavaThread "Unconstrained build operations Thread 13" [_thread_blocked, id=17276, stack(0x0000006fb6a00000,0x0000006fb6b00000)]
  0x000001ed446c1e30 JavaThread "Unconstrained build operations Thread 14" [_thread_blocked, id=6616, stack(0x0000006fb6b00000,0x0000006fb6c00000)]
  0x000001ed3ddb5930 JavaThread "Unconstrained build operations Thread 15" [_thread_blocked, id=14800, stack(0x0000006fb6c00000,0x0000006fb6d00000)]
  0x000001ed47a5b8f0 JavaThread "Unconstrained build operations Thread 16" [_thread_blocked, id=18996, stack(0x0000006fb6d00000,0x0000006fb6e00000)]
  0x000001ed47a57a60 JavaThread "Unconstrained build operations Thread 17" [_thread_blocked, id=15340, stack(0x0000006fb6e00000,0x0000006fb6f00000)]
  0x000001ed47a58da0 JavaThread "Unconstrained build operations Thread 18" [_thread_blocked, id=4940, stack(0x0000006fb6f00000,0x0000006fb7000000)]
  0x000001ed47a5f2b0 JavaThread "Unconstrained build operations Thread 19" [_thread_blocked, id=6472, stack(0x0000006fb7000000,0x0000006fb7100000)]
  0x000001ed47a5b420 JavaThread "Unconstrained build operations Thread 20" [_thread_blocked, id=11904, stack(0x0000006fb7100000,0x0000006fb7200000)]
  0x000001ed47a5bdc0 JavaThread "Unconstrained build operations Thread 21" [_thread_blocked, id=3816, stack(0x0000006fb7200000,0x0000006fb7300000)]
  0x000001ed47a5d5d0 JavaThread "Unconstrained build operations Thread 22" [_thread_blocked, id=15604, stack(0x0000006fb7300000,0x0000006fb7400000)]
  0x000001ed47a59740 JavaThread "Unconstrained build operations Thread 23" [_thread_blocked, id=7992, stack(0x0000006fb7400000,0x0000006fb7500000)]
  0x000001ed47a59c10 JavaThread "Unconstrained build operations Thread 24" [_thread_blocked, id=14328, stack(0x0000006fb7500000,0x0000006fb7600000)]
  0x000001ed47a58400 JavaThread "Unconstrained build operations Thread 25" [_thread_blocked, id=18452, stack(0x0000006fb7600000,0x0000006fb7700000)]
  0x000001ed47a588d0 JavaThread "Unconstrained build operations Thread 26" [_thread_blocked, id=14272, stack(0x0000006fb7700000,0x0000006fb7800000)]
  0x000001ed47a5c290 JavaThread "Unconstrained build operations Thread 27" [_thread_blocked, id=6976, stack(0x0000006fb7800000,0x0000006fb7900000)]
  0x000001ed47a5c760 JavaThread "Unconstrained build operations Thread 28" [_thread_blocked, id=7896, stack(0x0000006fb7900000,0x0000006fb7a00000)]
  0x000001ed47a5aa80 JavaThread "Unconstrained build operations Thread 29" [_thread_blocked, id=11112, stack(0x0000006fb7a00000,0x0000006fb7b00000)]
  0x000001ed47a5cc30 JavaThread "Unconstrained build operations Thread 30" [_thread_blocked, id=7560, stack(0x0000006fb7b00000,0x0000006fb7c00000)]
  0x000001ed47a59270 JavaThread "Unconstrained build operations Thread 31" [_thread_blocked, id=2140, stack(0x0000006fb7c00000,0x0000006fb7d00000)]
  0x000001ed47a5a0e0 JavaThread "Unconstrained build operations Thread 32" [_thread_blocked, id=6468, stack(0x0000006fb7d00000,0x0000006fb7e00000)]
  0x000001ed47a5d100 JavaThread "Unconstrained build operations Thread 33" [_thread_blocked, id=1232, stack(0x0000006fb7e00000,0x0000006fb7f00000)]
  0x000001ed47a5a5b0 JavaThread "Unconstrained build operations Thread 34" [_thread_blocked, id=16608, stack(0x0000006fb7f00000,0x0000006fb8000000)]
  0x000001ed47a5af50 JavaThread "Unconstrained build operations Thread 35" [_thread_blocked, id=14908, stack(0x0000006fb8000000,0x0000006fb8100000)]
  0x000001ed47a5e440 JavaThread "Unconstrained build operations Thread 36" [_thread_blocked, id=18428, stack(0x0000006fb8100000,0x0000006fb8200000)]
  0x000001ed47a5daa0 JavaThread "Unconstrained build operations Thread 37" [_thread_blocked, id=14172, stack(0x0000006fb8200000,0x0000006fb8300000)]
  0x000001ed47a5df70 JavaThread "Unconstrained build operations Thread 38" [_thread_blocked, id=6440, stack(0x0000006fb8300000,0x0000006fb8400000)]
  0x000001ed47a5e910 JavaThread "Unconstrained build operations Thread 39" [_thread_blocked, id=13968, stack(0x0000006fb8400000,0x0000006fb8500000)]
  0x000001ed47a5ede0 JavaThread "Unconstrained build operations Thread 40" [_thread_blocked, id=12336, stack(0x0000006fb8500000,0x0000006fb8600000)]
  0x000001ed47a57f30 JavaThread "Unconstrained build operations Thread 41" [_thread_blocked, id=9812, stack(0x0000006fb8600000,0x0000006fb8700000)]
  0x000001ed42ecb2e0 JavaThread "Unconstrained build operations Thread 42" [_thread_blocked, id=7112, stack(0x0000006fb8700000,0x0000006fb8800000)]
  0x000001ed42ec82c0 JavaThread "Unconstrained build operations Thread 43" [_thread_blocked, id=4556, stack(0x0000006fb8800000,0x0000006fb8900000)]
  0x000001ed42ecd960 JavaThread "Unconstrained build operations Thread 44" [_thread_blocked, id=6196, stack(0x0000006fb8900000,0x0000006fb8a00000)]
  0x000001ed42ecfb10 JavaThread "Unconstrained build operations Thread 45" [_thread_blocked, id=16700, stack(0x0000006fb8a00000,0x0000006fb8b00000)]
  0x000001ed42ec8c60 JavaThread "Unconstrained build operations Thread 46" [_thread_blocked, id=18076, stack(0x0000006fb8b00000,0x0000006fb8c00000)]
  0x000001ed42ecd490 JavaThread "Unconstrained build operations Thread 47" [_thread_blocked, id=10920, stack(0x0000006fb8c00000,0x0000006fb8d00000)]
  0x000001ed42ecc150 JavaThread "Unconstrained build operations Thread 48" [_thread_blocked, id=12668, stack(0x0000006fb8d00000,0x0000006fb8e00000)]
  0x000001ed42eccaf0 JavaThread "Unconstrained build operations Thread 49" [_thread_blocked, id=6796, stack(0x0000006fb8e00000,0x0000006fb8f00000)]
  0x000001ed42ecc620 JavaThread "Unconstrained build operations Thread 50" [_thread_blocked, id=8356, stack(0x0000006fb8f00000,0x0000006fb9000000)]
  0x000001ed42ecde30 JavaThread "Unconstrained build operations Thread 51" [_thread_blocked, id=18772, stack(0x0000006fb9000000,0x0000006fb9100000)]
  0x000001ed42eccfc0 JavaThread "Unconstrained build operations Thread 52" [_thread_blocked, id=13608, stack(0x0000006fb9100000,0x0000006fb9200000)]
  0x000001ed42ece300 JavaThread "Unconstrained build operations Thread 53" [_thread_blocked, id=1920, stack(0x0000006fb9200000,0x0000006fb9300000)]
  0x000001ed42ecbc80 JavaThread "Unconstrained build operations Thread 54" [_thread_blocked, id=14668, stack(0x0000006fb9300000,0x0000006fb9400000)]
  0x000001ed42ec8790 JavaThread "Unconstrained build operations Thread 55" [_thread_blocked, id=16648, stack(0x0000006fb9400000,0x0000006fb9500000)]
  0x000001ed42ec9130 JavaThread "Unconstrained build operations Thread 56" [_thread_blocked, id=18892, stack(0x0000006fb9500000,0x0000006fb9600000)]
  0x000001ed42ecf170 JavaThread "Unconstrained build operations Thread 57" [_thread_blocked, id=11352, stack(0x0000006fb9600000,0x0000006fb9700000)]
  0x000001ed42ece7d0 JavaThread "Unconstrained build operations Thread 58" [_thread_blocked, id=18424, stack(0x0000006fb9700000,0x0000006fb9800000)]
  0x000001ed42ec9fa0 JavaThread "Unconstrained build operations Thread 59" [_thread_blocked, id=7948, stack(0x0000006fb9800000,0x0000006fb9900000)]
  0x000001ed42eca470 JavaThread "Unconstrained build operations Thread 60" [_thread_blocked, id=4240, stack(0x0000006fb9900000,0x0000006fb9a00000)]
  0x000001ed42ec9600 JavaThread "Unconstrained build operations Thread 61" [_thread_blocked, id=7976, stack(0x0000006fb9a00000,0x0000006fb9b00000)]
  0x000001ed42ececa0 JavaThread "Unconstrained build operations Thread 62" [_thread_blocked, id=8072, stack(0x0000006fb9b00000,0x0000006fb9c00000)]
  0x000001ed42ecf640 JavaThread "Unconstrained build operations Thread 63" [_thread_blocked, id=3440, stack(0x0000006fb9c00000,0x0000006fb9d00000)]
  0x000001ed42ecb7b0 JavaThread "Unconstrained build operations Thread 64" [_thread_blocked, id=17472, stack(0x0000006fb9d00000,0x0000006fb9e00000)]
  0x000001ed42ec9ad0 JavaThread "Unconstrained build operations Thread 65" [_thread_blocked, id=2796, stack(0x0000006fb9e00000,0x0000006fb9f00000)]
  0x000001ed42eca940 JavaThread "Unconstrained build operations Thread 66" [_thread_blocked, id=14208, stack(0x0000006fb9f00000,0x0000006fba000000)]
  0x000001ed42ecae10 JavaThread "Unconstrained build operations Thread 67" [_thread_blocked, id=15216, stack(0x0000006fba000000,0x0000006fba100000)]
  0x000001ed421a7880 JavaThread "Unconstrained build operations Thread 68" [_thread_blocked, id=18652, stack(0x0000006fba100000,0x0000006fba200000)]
  0x000001ed421a6540 JavaThread "Unconstrained build operations Thread 69" [_thread_blocked, id=10316, stack(0x0000006fba200000,0x0000006fba300000)]
  0x000001ed421a9560 JavaThread "Unconstrained build operations Thread 70" [_thread_blocked, id=13904, stack(0x0000006fba300000,0x0000006fba400000)]
  0x000001ed421a8220 JavaThread "Unconstrained build operations Thread 71" [_thread_blocked, id=17452, stack(0x0000006fba400000,0x0000006fba500000)]
  0x000001ed421a86f0 JavaThread "Unconstrained build operations Thread 72" [_thread_blocked, id=8968, stack(0x0000006fba500000,0x0000006fba600000)]
  0x000001ed421a9a30 JavaThread "Unconstrained build operations Thread 73" [_thread_blocked, id=17516, stack(0x0000006fba600000,0x0000006fba700000)]
  0x000001ed421a6070 JavaThread "Unconstrained build operations Thread 74" [_thread_blocked, id=14856, stack(0x0000006fba700000,0x0000006fba800000)]
  0x000001ed421a7d50 JavaThread "Unconstrained build operations Thread 75" [_thread_blocked, id=15124, stack(0x0000006fba800000,0x0000006fba900000)]
  0x000001ed421a6a10 JavaThread "Unconstrained build operations Thread 76" [_thread_blocked, id=7704, stack(0x0000006fba900000,0x0000006fbaa00000)]
  0x000001ed421a6ee0 JavaThread "Unconstrained build operations Thread 77" [_thread_blocked, id=18300, stack(0x0000006fbaa00000,0x0000006fbab00000)]
  0x000001ed421a73b0 JavaThread "Unconstrained build operations Thread 78" [_thread_blocked, id=2888, stack(0x0000006fbab00000,0x0000006fbac00000)]
  0x000001ed421a8bc0 JavaThread "Unconstrained build operations Thread 79" [_thread_blocked, id=2320, stack(0x0000006fbac00000,0x0000006fbad00000)]
  0x000001ed421a9090 JavaThread "Unconstrained build operations Thread 80" [_thread_blocked, id=15912, stack(0x0000006fbad00000,0x0000006fbae00000)]
  0x000001ed40419400 JavaThread "Memory manager" [_thread_blocked, id=16724, stack(0x0000006fbae00000,0x0000006fbaf00000)]
  0x000001ed40419da0 JavaThread "included builds" [_thread_blocked, id=11524, stack(0x0000006fbaf00000,0x0000006fbb000000)]
  0x000001ed4041a270 JavaThread "Execution worker" [_thread_blocked, id=15800, stack(0x0000006fbb000000,0x0000006fbb100000)]
  0x000001ed40418f30 JavaThread "Execution worker Thread 2" [_thread_blocked, id=3204, stack(0x0000006fbb100000,0x0000006fbb200000)]
  0x000001ed4041ba80 JavaThread "Execution worker Thread 3" [_thread_blocked, id=6744, stack(0x0000006fbb200000,0x0000006fbb300000)]
  0x000001ed4041b0e0 JavaThread "Execution worker Thread 4" [_thread_blocked, id=3672, stack(0x0000006fbb300000,0x0000006fbb400000)]
  0x000001ed40418a60 JavaThread "Execution worker Thread 5" [_thread_blocked, id=17540, stack(0x0000006fbb400000,0x0000006fbb500000)]
  0x000001ed404180c0 JavaThread "Execution worker Thread 6" [_thread_blocked, id=13388, stack(0x0000006fbb500000,0x0000006fbb600000)]
  0x000001ed4041bf50 JavaThread "Execution worker Thread 7" [_thread_blocked, id=9988, stack(0x0000006fbb600000,0x0000006fbb700000)]
  0x000001ed4041dc30 JavaThread "Cache worker for execution history cache (C:\Users\scher\Documents\PROJETOS ANDROID\NOVO\RECICLAAI\.gradle\8.0\executionHistory)" [_thread_blocked, id=14380, stack(0x0000006fbb700000,0x0000006fbb800000)]
  0x000001ed4041a740 JavaThread "idea-tooling-model-converter" [_thread_blocked, id=17096, stack(0x0000006fbb800000,0x0000006fbb900000)]
  0x000001ed42eba370 JavaThread "C2 CompilerThread1" daemon [_thread_blocked, id=13648, stack(0x0000006fb4800000,0x0000006fb4900000)]

Other Threads:
=>0x000001ed3d37ea30 VMThread "VM Thread" [stack: 0x0000006fb2700000,0x0000006fb2800000] [id=2876]
  0x000001ed3ddb18d0 WatcherThread [stack: 0x0000006fb3300000,0x0000006fb3400000] [id=11572]
  0x000001ed215acbf0 GCTaskThread "GC Thread#0" [stack: 0x0000006fb2200000,0x0000006fb2300000] [id=824]
  0x000001ed3e2d8290 GCTaskThread "GC Thread#1" [stack: 0x0000006fb3600000,0x0000006fb3700000] [id=7676]
  0x000001ed3e2d8540 GCTaskThread "GC Thread#2" [stack: 0x0000006fb3700000,0x0000006fb3800000] [id=16788]
  0x000001ed3e9558d0 GCTaskThread "GC Thread#3" [stack: 0x0000006fb3800000,0x0000006fb3900000] [id=6924]
  0x000001ed3ef74f80 GCTaskThread "GC Thread#4" [stack: 0x0000006fb3900000,0x0000006fb3a00000] [id=14768]
  0x000001ed406f9c50 GCTaskThread "GC Thread#5" [stack: 0x0000006fb3500000,0x0000006fb3600000] [id=17056]
  0x000001ed3f72be30 GCTaskThread "GC Thread#6" [stack: 0x0000006fb4400000,0x0000006fb4500000] [id=11400]
  0x000001ed410172c0 GCTaskThread "GC Thread#7" [stack: 0x0000006fb4500000,0x0000006fb4600000] [id=9956]
  0x000001ed215bdb30 ConcurrentGCThread "G1 Main Marker" [stack: 0x0000006fb2300000,0x0000006fb2400000] [id=18080]
  0x000001ed215be540 ConcurrentGCThread "G1 Conc#0" [stack: 0x0000006fb2400000,0x0000006fb2500000] [id=3908]
  0x000001ed3f5e9c60 ConcurrentGCThread "G1 Conc#1" [stack: 0x0000006fb4600000,0x0000006fb4700000] [id=6596]
  0x000001ed2160dce0 ConcurrentGCThread "G1 Refine#0" [stack: 0x0000006fb2500000,0x0000006fb2600000] [id=5020]
  0x000001ed2160e700 ConcurrentGCThread "G1 Service" [stack: 0x0000006fb2600000,0x0000006fb2700000] [id=15176]

Threads with active compile tasks:
C2 CompilerThread0    22663 10580   !   4       java.util.concurrent.locks.AbstractQueuedSynchronizer::acquire (407 bytes)
C2 CompilerThread1    22663 10577       4       org.gradle.internal.snapshot.MediumChildMap::withNode (67 bytes)

VM state: at safepoint (normal execution)

VM Mutex/Monitor currently owned by a thread:  ([mutex/lock_event])
[0x000001ed21549880] Threads_lock - owner thread: 0x000001ed3d37ea30
[0x000001ed215499a0] Heap_lock - owner thread: 0x000001ed215bdb30

Heap address: 0x0000000080000000, size: 2048 MB, Compressed Oops mode: 32-bit

CDS archive(s) not mapped
Compressed class space mapped at: 0x0000000100000000-0x0000000140000000, reserved size: 1073741824
Narrow klass base: 0x0000000000000000, Narrow klass shift: 3, Narrow klass range: 0x140000000

GC Precious Log:
 CPUs: 8 total, 8 available
 Memory: 8072M
 Large Page Support: Disabled
 NUMA Support: Disabled
 Compressed Oops: Enabled (32-bit)
 Heap Region Size: 1M
 Heap Min Capacity: 8M
 Heap Initial Capacity: 128M
 Heap Max Capacity: 2G
 Pre-touch: Disabled
 Parallel Workers: 8
 Concurrent Workers: 2
 Concurrent Refinement Workers: 8
 Periodic GC: Disabled

Heap:
 garbage-first heap   total 220160K, used 146070K [0x0000000080000000, 0x0000000100000000)
  region size 1024K, 14 young (14336K), 6 survivors (6144K)
 Metaspace       used 94307K, committed 95040K, reserved 1138688K
  class space    used 12672K, committed 12992K, reserved 1048576K

Heap Regions: E=young(eden), S=young(survivor), O=old, HS=humongous(starts), HC=humongous(continues), CS=collection set, F=free, OA=open archive, CA=closed archive, TAMS=top-at-mark-start (previous, next)
|   0|0x0000000080000000, 0x0000000080100000, 0x0000000080100000|100%|HS|  |TAMS 0x0000000080100000, 0x0000000080000000| Complete 
|   1|0x0000000080100000, 0x0000000080200000, 0x0000000080200000|100%|HC|  |TAMS 0x0000000080200000, 0x0000000080100000| Complete 
|   2|0x0000000080200000, 0x0000000080300000, 0x0000000080300000|100%|HC|  |TAMS 0x0000000080300000, 0x0000000080200000| Complete 
|   3|0x0000000080300000, 0x0000000080400000, 0x0000000080400000|100%|HC|  |TAMS 0x0000000080400000, 0x0000000080300000| Complete 
|   4|0x0000000080400000, 0x0000000080500000, 0x0000000080500000|100%| O|  |TAMS 0x0000000080500000, 0x0000000080400000| Untracked 
|   5|0x0000000080500000, 0x0000000080600000, 0x0000000080600000|100%| O|  |TAMS 0x0000000080600000, 0x0000000080500000| Untracked 
|   6|0x0000000080600000, 0x0000000080700000, 0x0000000080700000|100%| O|  |TAMS 0x0000000080700000, 0x0000000080600000| Untracked 
|   7|0x0000000080700000, 0x0000000080800000, 0x0000000080800000|100%| O|  |TAMS 0x0000000080800000, 0x0000000080700000| Untracked 
|   8|0x0000000080800000, 0x0000000080900000, 0x0000000080900000|100%| O|  |TAMS 0x0000000080900000, 0x0000000080800000| Untracked 
|   9|0x0000000080900000, 0x0000000080a00000, 0x0000000080a00000|100%| O|  |TAMS 0x0000000080a00000, 0x0000000080900000| Untracked 
|  10|0x0000000080a00000, 0x0000000080b00000, 0x0000000080b00000|100%| O|  |TAMS 0x0000000080b00000, 0x0000000080a00000| Untracked 
|  11|0x0000000080b00000, 0x0000000080c00000, 0x0000000080c00000|100%| O|  |TAMS 0x0000000080c00000, 0x0000000080b00000| Untracked 
|  12|0x0000000080c00000, 0x0000000080d00000, 0x0000000080d00000|100%| O|  |TAMS 0x0000000080d00000, 0x0000000080c00000| Updating 
|  13|0x0000000080d00000, 0x0000000080e00000, 0x0000000080e00000|100%| O|  |TAMS 0x0000000080e00000, 0x0000000080d00000| Untracked 
|  14|0x0000000080e00000, 0x0000000080f00000, 0x0000000080f00000|100%| O|  |TAMS 0x0000000080f00000, 0x0000000080e00000| Untracked 
|  15|0x0000000080f00000, 0x0000000081000000, 0x0000000081000000|100%| O|  |TAMS 0x0000000081000000, 0x0000000080f00000| Untracked 
|  16|0x0000000081000000, 0x0000000081100000, 0x0000000081100000|100%| O|  |TAMS 0x0000000081100000, 0x0000000081000000| Untracked 
|  17|0x0000000081100000, 0x0000000081200000, 0x0000000081200000|100%| O|  |TAMS 0x0000000081200000, 0x0000000081100000| Untracked 
|  18|0x0000000081200000, 0x0000000081300000, 0x0000000081300000|100%| O|  |TAMS 0x0000000081300000, 0x0000000081200000| Untracked 
|  19|0x0000000081300000, 0x0000000081400000, 0x0000000081400000|100%| O|  |TAMS 0x0000000081400000, 0x0000000081300000| Untracked 
|  20|0x0000000081400000, 0x0000000081500000, 0x0000000081500000|100%| O|  |TAMS 0x0000000081500000, 0x0000000081400000| Updating 
|  21|0x0000000081500000, 0x0000000081600000, 0x0000000081600000|100%| O|  |TAMS 0x0000000081600000, 0x0000000081500000| Updating 
|  22|0x0000000081600000, 0x0000000081700000, 0x0000000081700000|100%|HS|  |TAMS 0x0000000081700000, 0x0000000081600000| Complete 
|  23|0x0000000081700000, 0x0000000081800000, 0x0000000081800000|100%|HC|  |TAMS 0x0000000081800000, 0x0000000081700000| Complete 
|  24|0x0000000081800000, 0x0000000081900000, 0x0000000081900000|100%|HS|  |TAMS 0x0000000081900000, 0x0000000081800000| Complete 
|  25|0x0000000081900000, 0x0000000081a00000, 0x0000000081a00000|100%|HC|  |TAMS 0x0000000081a00000, 0x0000000081900000| Complete 
|  26|0x0000000081a00000, 0x0000000081b00000, 0x0000000081b00000|100%|HC|  |TAMS 0x0000000081b00000, 0x0000000081a00000| Complete 
|  27|0x0000000081b00000, 0x0000000081c00000, 0x0000000081c00000|100%|HS|  |TAMS 0x0000000081c00000, 0x0000000081b00000| Complete 
|  28|0x0000000081c00000, 0x0000000081d00000, 0x0000000081d00000|100%|HC|  |TAMS 0x0000000081d00000, 0x0000000081c00000| Complete 
|  29|0x0000000081d00000, 0x0000000081e00000, 0x0000000081e00000|100%|HC|  |TAMS 0x0000000081e00000, 0x0000000081d00000| Complete 
|  30|0x0000000081e00000, 0x0000000081f00000, 0x0000000081f00000|100%| O|  |TAMS 0x0000000081f00000, 0x0000000081e00000| Untracked 
|  31|0x0000000081f00000, 0x0000000082000000, 0x0000000082000000|100%| O|  |TAMS 0x0000000082000000, 0x0000000081f00000| Updating 
|  32|0x0000000082000000, 0x0000000082100000, 0x0000000082100000|100%|HS|  |TAMS 0x0000000082100000, 0x0000000082000000| Complete 
|  33|0x0000000082100000, 0x0000000082200000, 0x0000000082200000|100%|HC|  |TAMS 0x0000000082200000, 0x0000000082100000| Complete 
|  34|0x0000000082200000, 0x0000000082300000, 0x0000000082300000|100%| O|  |TAMS 0x0000000082300000, 0x0000000082200000| Untracked 
|  35|0x0000000082300000, 0x0000000082400000, 0x0000000082400000|100%| O|  |TAMS 0x0000000082400000, 0x0000000082300000| Untracked 
|  36|0x0000000082400000, 0x0000000082500000, 0x0000000082500000|100%| O|  |TAMS 0x0000000082500000, 0x0000000082400000| Untracked 
|  37|0x0000000082500000, 0x0000000082600000, 0x0000000082600000|100%| O|  |TAMS 0x0000000082600000, 0x0000000082500000| Untracked 
|  38|0x0000000082600000, 0x0000000082700000, 0x0000000082700000|100%| O|  |TAMS 0x0000000082700000, 0x0000000082600000| Updating 
|  39|0x0000000082700000, 0x0000000082800000, 0x0000000082800000|100%| O|  |TAMS 0x0000000082800000, 0x0000000082700000| Updating 
|  40|0x0000000082800000, 0x0000000082900000, 0x0000000082900000|100%|HS|  |TAMS 0x0000000082900000, 0x0000000082800000| Complete 
|  41|0x0000000082900000, 0x0000000082a00000, 0x0000000082a00000|100%|HC|  |TAMS 0x0000000082a00000, 0x0000000082900000| Complete 
|  42|0x0000000082a00000, 0x0000000082b00000, 0x0000000082b00000|100%|HC|  |TAMS 0x0000000082b00000, 0x0000000082a00000| Complete 
|  43|0x0000000082b00000, 0x0000000082c00000, 0x0000000082c00000|100%| O|  |TAMS 0x0000000082c00000, 0x0000000082b00000| Untracked 
|  44|0x0000000082c00000, 0x0000000082d00000, 0x0000000082d00000|100%|HS|  |TAMS 0x0000000082d00000, 0x0000000082c00000| Complete 
|  45|0x0000000082d00000, 0x0000000082e00000, 0x0000000082e00000|100%|HC|  |TAMS 0x0000000082e00000, 0x0000000082d00000| Complete 
|  46|0x0000000082e00000, 0x0000000082f00000, 0x0000000082f00000|100%|HC|  |TAMS 0x0000000082f00000, 0x0000000082e00000| Complete 
|  47|0x0000000082f00000, 0x0000000083000000, 0x0000000083000000|100%|HC|  |TAMS 0x0000000083000000, 0x0000000082f00000| Complete 
|  48|0x0000000083000000, 0x0000000083100000, 0x0000000083100000|100%|HC|  |TAMS 0x0000000083100000, 0x0000000083000000| Complete 
|  49|0x0000000083100000, 0x0000000083200000, 0x0000000083200000|100%|HC|  |TAMS 0x0000000083200000, 0x0000000083100000| Complete 
|  50|0x0000000083200000, 0x0000000083300000, 0x0000000083300000|100%|HC|  |TAMS 0x0000000083300000, 0x0000000083200000| Complete 
|  51|0x0000000083300000, 0x0000000083400000, 0x0000000083400000|100%|HC|  |TAMS 0x0000000083400000, 0x0000000083300000| Complete 
|  52|0x0000000083400000, 0x0000000083500000, 0x0000000083500000|100%|HC|  |TAMS 0x0000000083500000, 0x0000000083400000| Complete 
|  53|0x0000000083500000, 0x0000000083600000, 0x0000000083600000|100%|HC|  |TAMS 0x0000000083600000, 0x0000000083500000| Complete 
|  54|0x0000000083600000, 0x0000000083700000, 0x0000000083700000|100%|HC|  |TAMS 0x0000000083700000, 0x0000000083600000| Complete 
|  55|0x0000000083700000, 0x0000000083800000, 0x0000000083800000|100%|HC|  |TAMS 0x0000000083800000, 0x0000000083700000| Complete 
|  56|0x0000000083800000, 0x0000000083900000, 0x0000000083900000|100%|HS|  |TAMS 0x0000000083900000, 0x0000000083800000| Complete 
|  57|0x0000000083900000, 0x0000000083a00000, 0x0000000083a00000|100%|HC|  |TAMS 0x0000000083a00000, 0x0000000083900000| Complete 
|  58|0x0000000083a00000, 0x0000000083b00000, 0x0000000083b00000|100%|HC|  |TAMS 0x0000000083b00000, 0x0000000083a00000| Complete 
|  59|0x0000000083b00000, 0x0000000083c00000, 0x0000000083c00000|100%| O|  |TAMS 0x0000000083c00000, 0x0000000083b00000| Untracked 
|  60|0x0000000083c00000, 0x0000000083d00000, 0x0000000083d00000|100%| O|  |TAMS 0x0000000083d00000, 0x0000000083c00000| Untracked 
|  61|0x0000000083d00000, 0x0000000083e00000, 0x0000000083e00000|100%| O|  |TAMS 0x0000000083e00000, 0x0000000083d00000| Untracked 
|  62|0x0000000083e00000, 0x0000000083f00000, 0x0000000083f00000|100%| O|  |TAMS 0x0000000083f00000, 0x0000000083e00000| Untracked 
|  63|0x0000000083f00000, 0x0000000084000000, 0x0000000084000000|100%| O|  |TAMS 0x0000000084000000, 0x0000000083f00000| Untracked 
|  64|0x0000000084000000, 0x0000000084100000, 0x0000000084100000|100%| O|  |TAMS 0x0000000084100000, 0x0000000084000000| Untracked 
|  65|0x0000000084100000, 0x0000000084200000, 0x0000000084200000|100%| O|  |TAMS 0x0000000084200000, 0x0000000084100000| Untracked 
|  66|0x0000000084200000, 0x0000000084300000, 0x0000000084300000|100%| O|  |TAMS 0x0000000084300000, 0x0000000084200000| Untracked 
|  67|0x0000000084300000, 0x0000000084300000, 0x0000000084400000|  0%| F|  |TAMS 0x0000000084300000, 0x0000000084300000| Untracked 
|  68|0x0000000084400000, 0x0000000084500000, 0x0000000084500000|100%| O|  |TAMS 0x0000000084500000, 0x0000000084400000| Updating 
|  69|0x0000000084500000, 0x0000000084600000, 0x0000000084600000|100%| O|  |TAMS 0x0000000084600000, 0x0000000084500000| Untracked 
|  70|0x0000000084600000, 0x0000000084700000, 0x0000000084700000|100%| O|  |TAMS 0x0000000084700000, 0x0000000084600000| Untracked 
|  71|0x0000000084700000, 0x0000000084800000, 0x0000000084800000|100%|HS|  |TAMS 0x0000000084800000, 0x0000000084700000| Complete 
|  72|0x0000000084800000, 0x0000000084900000, 0x0000000084900000|100%|HS|  |TAMS 0x0000000084900000, 0x0000000084800000| Complete 
|  73|0x0000000084900000, 0x0000000084a00000, 0x0000000084a00000|100%|HS|  |TAMS 0x0000000084a00000, 0x0000000084900000| Complete 
|  74|0x0000000084a00000, 0x0000000084b00000, 0x0000000084b00000|100%| O|  |TAMS 0x0000000084b00000, 0x0000000084a00000| Untracked 
|  75|0x0000000084b00000, 0x0000000084c00000, 0x0000000084c00000|100%| O|  |TAMS 0x0000000084c00000, 0x0000000084b00000| Untracked 
|  76|0x0000000084c00000, 0x0000000084d00000, 0x0000000084d00000|100%| O|  |TAMS 0x0000000084d00000, 0x0000000084c00000| Untracked 
|  77|0x0000000084d00000, 0x0000000084e00000, 0x0000000084e00000|100%| O|  |TAMS 0x0000000084e00000, 0x0000000084d00000| Untracked 
|  78|0x0000000084e00000, 0x0000000084f00000, 0x0000000084f00000|100%| O|  |TAMS 0x0000000084f00000, 0x0000000084e00000| Updating 
|  79|0x0000000084f00000, 0x0000000085000000, 0x0000000085000000|100%| O|  |TAMS 0x0000000085000000, 0x0000000084f00000| Untracked 
|  80|0x0000000085000000, 0x0000000085100000, 0x0000000085100000|100%| O|  |TAMS 0x0000000085100000, 0x0000000085000000| Untracked 
|  81|0x0000000085100000, 0x0000000085200000, 0x0000000085200000|100%| O|  |TAMS 0x0000000085200000, 0x0000000085100000| Untracked 
|  82|0x0000000085200000, 0x0000000085300000, 0x0000000085300000|100%| O|  |TAMS 0x0000000085300000, 0x0000000085200000| Untracked 
|  83|0x0000000085300000, 0x0000000085400000, 0x0000000085400000|100%| O|  |TAMS 0x0000000085400000, 0x0000000085300000| Untracked 
|  84|0x0000000085400000, 0x0000000085500000, 0x0000000085500000|100%| O|  |TAMS 0x0000000085500000, 0x0000000085400000| Updating 
|  85|0x0000000085500000, 0x0000000085600000, 0x0000000085600000|100%| O|  |TAMS 0x0000000085600000, 0x0000000085500000| Updating 
|  86|0x0000000085600000, 0x0000000085700000, 0x0000000085700000|100%| O|  |TAMS 0x0000000085700000, 0x0000000085600000| Untracked 
|  87|0x0000000085700000, 0x0000000085800000, 0x0000000085800000|100%| O|  |TAMS 0x0000000085800000, 0x0000000085700000| Untracked 
|  88|0x0000000085800000, 0x0000000085900000, 0x0000000085900000|100%|HS|  |TAMS 0x0000000085900000, 0x0000000085800000| Complete 
|  89|0x0000000085900000, 0x0000000085a00000, 0x0000000085a00000|100%|HC|  |TAMS 0x0000000085a00000, 0x0000000085900000| Complete 
|  90|0x0000000085a00000, 0x0000000085b00000, 0x0000000085b00000|100%|HS|  |TAMS 0x0000000085b00000, 0x0000000085a00000| Complete 
|  91|0x0000000085b00000, 0x0000000085c00000, 0x0000000085c00000|100%|HC|  |TAMS 0x0000000085c00000, 0x0000000085b00000| Complete 
|  92|0x0000000085c00000, 0x0000000085d00000, 0x0000000085d00000|100%|HC|  |TAMS 0x0000000085d00000, 0x0000000085c00000| Complete 
|  93|0x0000000085d00000, 0x0000000085e00000, 0x0000000085e00000|100%|HS|  |TAMS 0x0000000085e00000, 0x0000000085d00000| Complete 
|  94|0x0000000085e00000, 0x0000000085f00000, 0x0000000085f00000|100%|HC|  |TAMS 0x0000000085f00000, 0x0000000085e00000| Complete 
|  95|0x0000000085f00000, 0x0000000086000000, 0x0000000086000000|100%|HC|  |TAMS 0x0000000086000000, 0x0000000085f00000| Complete 
|  96|0x0000000086000000, 0x0000000086100000, 0x0000000086100000|100%|HS|  |TAMS 0x0000000086100000, 0x0000000086000000| Complete 
|  97|0x0000000086100000, 0x0000000086200000, 0x0000000086200000|100%|HC|  |TAMS 0x0000000086200000, 0x0000000086100000| Complete 
|  98|0x0000000086200000, 0x0000000086300000, 0x0000000086300000|100%|HC|  |TAMS 0x0000000086300000, 0x0000000086200000| Complete 
|  99|0x0000000086300000, 0x0000000086400000, 0x0000000086400000|100%|HC|  |TAMS 0x0000000086400000, 0x0000000086300000| Complete 
| 100|0x0000000086400000, 0x0000000086500000, 0x0000000086500000|100%|HC|  |TAMS 0x0000000086500000, 0x0000000086400000| Complete 
| 101|0x0000000086500000, 0x0000000086600000, 0x0000000086600000|100%|HC|  |TAMS 0x0000000086600000, 0x0000000086500000| Complete 
| 102|0x0000000086600000, 0x0000000086700000, 0x0000000086700000|100%|HC|  |TAMS 0x0000000086700000, 0x0000000086600000| Complete 
| 103|0x0000000086700000, 0x0000000086800000, 0x0000000086800000|100%|HC|  |TAMS 0x0000000086800000, 0x0000000086700000| Complete 
| 104|0x0000000086800000, 0x0000000086900000, 0x0000000086900000|100%|HC|  |TAMS 0x0000000086900000, 0x0000000086800000| Complete 
| 105|0x0000000086900000, 0x0000000086a00000, 0x0000000086a00000|100%|HC|  |TAMS 0x0000000086a00000, 0x0000000086900000| Complete 
| 106|0x0000000086a00000, 0x0000000086b00000, 0x0000000086b00000|100%|HC|  |TAMS 0x0000000086b00000, 0x0000000086a00000| Complete 
| 107|0x0000000086b00000, 0x0000000086c00000, 0x0000000086c00000|100%|HC|  |TAMS 0x0000000086c00000, 0x0000000086b00000| Complete 
| 108|0x0000000086c00000, 0x0000000086d00000, 0x0000000086d00000|100%|HS|  |TAMS 0x0000000086d00000, 0x0000000086c00000| Complete 
| 109|0x0000000086d00000, 0x0000000086e00000, 0x0000000086e00000|100%|HC|  |TAMS 0x0000000086e00000, 0x0000000086d00000| Complete 
| 110|0x0000000086e00000, 0x0000000086f00000, 0x0000000086f00000|100%| O|  |TAMS 0x0000000086f00000, 0x0000000086e00000| Untracked 
| 111|0x0000000086f00000, 0x0000000087000000, 0x0000000087000000|100%| O|  |TAMS 0x0000000087000000, 0x0000000086f00000| Untracked 
| 112|0x0000000087000000, 0x0000000087100000, 0x0000000087100000|100%| O|  |TAMS 0x0000000087100000, 0x0000000087000000| Untracked 
| 113|0x0000000087100000, 0x0000000087200000, 0x0000000087200000|100%| O|  |TAMS 0x0000000087200000, 0x0000000087100000| Untracked 
| 114|0x0000000087200000, 0x0000000087300000, 0x0000000087300000|100%| O|  |TAMS 0x0000000087300000, 0x0000000087200000| Untracked 
| 115|0x0000000087300000, 0x0000000087400000, 0x0000000087400000|100%| O|  |TAMS 0x0000000087400000, 0x0000000087300000| Updating 
| 116|0x0000000087400000, 0x0000000087500000, 0x0000000087500000|100%| O|  |TAMS 0x0000000087500000, 0x0000000087400000| Untracked 
| 117|0x0000000087500000, 0x0000000087600000, 0x0000000087600000|100%| O|  |TAMS 0x0000000087600000, 0x0000000087500000| Updating 
| 118|0x0000000087600000, 0x0000000087700000, 0x0000000087700000|100%| O|  |TAMS 0x0000000087700000, 0x0000000087600000| Updating 
| 119|0x0000000087700000, 0x0000000087800000, 0x0000000087800000|100%| O|  |TAMS 0x0000000087800000, 0x0000000087700000| Untracked 
| 120|0x0000000087800000, 0x0000000087900000, 0x0000000087900000|100%| O|  |TAMS 0x0000000087900000, 0x0000000087800000| Untracked 
| 121|0x0000000087900000, 0x0000000087a00000, 0x0000000087a00000|100%| O|  |TAMS 0x0000000087a00000, 0x0000000087900000| Untracked 
| 122|0x0000000087a00000, 0x0000000087b00000, 0x0000000087b00000|100%| O|  |TAMS 0x0000000087b00000, 0x0000000087a00000| Untracked 
| 123|0x0000000087b00000, 0x0000000087c00000, 0x0000000087c00000|100%| O|  |TAMS 0x0000000087c00000, 0x0000000087b00000| Untracked 
| 124|0x0000000087c00000, 0x0000000087d00000, 0x0000000087d00000|100%| O|  |TAMS 0x0000000087d00000, 0x0000000087c00000| Updating 
| 125|0x0000000087d00000, 0x0000000087e00000, 0x0000000087e00000|100%| O|  |TAMS 0x0000000087e00000, 0x0000000087d00000| Untracked 
| 126|0x0000000087e00000, 0x0000000087f00000, 0x0000000087f00000|100%| O|  |TAMS 0x0000000087f00000, 0x0000000087e00000| Untracked 
| 127|0x0000000087f00000, 0x0000000088000000, 0x0000000088000000|100%| O|  |TAMS 0x0000000088000000, 0x0000000087f00000| Untracked 
| 128|0x0000000088000000, 0x0000000088100000, 0x0000000088100000|100%| O|  |TAMS 0x0000000088100000, 0x0000000088000000| Untracked 
| 129|0x0000000088100000, 0x0000000088200000, 0x0000000088200000|100%| O|  |TAMS 0x0000000088200000, 0x0000000088100000| Untracked 
| 130|0x0000000088200000, 0x00000000882c6200, 0x0000000088300000| 77%| O|  |TAMS 0x00000000882c6200, 0x0000000088200000| Updating 
| 131|0x0000000088300000, 0x0000000088300000, 0x0000000088400000|  0%| F|  |TAMS 0x0000000088300000, 0x0000000088300000| Untracked 
| 132|0x0000000088400000, 0x0000000088400000, 0x0000000088500000|  0%| F|  |TAMS 0x0000000088400000, 0x0000000088400000| Untracked 
| 133|0x0000000088500000, 0x0000000088500000, 0x0000000088600000|  0%| F|  |TAMS 0x0000000088500000, 0x0000000088500000| Untracked 
| 134|0x0000000088600000, 0x0000000088600000, 0x0000000088700000|  0%| F|  |TAMS 0x0000000088600000, 0x0000000088600000| Untracked 
| 135|0x0000000088700000, 0x0000000088700000, 0x0000000088800000|  0%| F|  |TAMS 0x0000000088700000, 0x0000000088700000| Untracked 
| 136|0x0000000088800000, 0x0000000088800000, 0x0000000088900000|  0%| F|  |TAMS 0x0000000088800000, 0x0000000088800000| Untracked 
| 137|0x0000000088900000, 0x0000000088900000, 0x0000000088a00000|  0%| F|  |TAMS 0x0000000088900000, 0x0000000088900000| Untracked 
| 138|0x0000000088a00000, 0x0000000088a00000, 0x0000000088b00000|  0%| F|  |TAMS 0x0000000088a00000, 0x0000000088a00000| Untracked 
| 139|0x0000000088b00000, 0x0000000088b00000, 0x0000000088c00000|  0%| F|  |TAMS 0x0000000088b00000, 0x0000000088b00000| Untracked 
| 140|0x0000000088c00000, 0x0000000088c00000, 0x0000000088d00000|  0%| F|  |TAMS 0x0000000088c00000, 0x0000000088c00000| Untracked 
| 141|0x0000000088d00000, 0x0000000088d00000, 0x0000000088e00000|  0%| F|  |TAMS 0x0000000088d00000, 0x0000000088d00000| Untracked 
| 142|0x0000000088e00000, 0x0000000088e00000, 0x0000000088f00000|  0%| F|  |TAMS 0x0000000088e00000, 0x0000000088e00000| Untracked 
| 143|0x0000000088f00000, 0x0000000088f00000, 0x0000000089000000|  0%| F|  |TAMS 0x0000000088f00000, 0x0000000088f00000| Untracked 
| 144|0x0000000089000000, 0x0000000089000000, 0x0000000089100000|  0%| F|  |TAMS 0x0000000089000000, 0x0000000089000000| Untracked 
| 145|0x0000000089100000, 0x0000000089100000, 0x0000000089200000|  0%| F|  |TAMS 0x0000000089100000, 0x0000000089100000| Untracked 
| 146|0x0000000089200000, 0x0000000089200000, 0x0000000089300000|  0%| F|  |TAMS 0x0000000089200000, 0x0000000089200000| Untracked 
| 147|0x0000000089300000, 0x0000000089300000, 0x0000000089400000|  0%| F|  |TAMS 0x0000000089300000, 0x0000000089300000| Untracked 
| 148|0x0000000089400000, 0x0000000089400000, 0x0000000089500000|  0%| F|  |TAMS 0x0000000089400000, 0x0000000089400000| Untracked 
| 149|0x0000000089500000, 0x0000000089500000, 0x0000000089600000|  0%| F|  |TAMS 0x0000000089500000, 0x0000000089500000| Untracked 
| 150|0x0000000089600000, 0x0000000089600000, 0x0000000089700000|  0%| F|  |TAMS 0x0000000089600000, 0x0000000089600000| Untracked 
| 151|0x0000000089700000, 0x0000000089700000, 0x0000000089800000|  0%| F|  |TAMS 0x0000000089700000, 0x0000000089700000| Untracked 
| 152|0x0000000089800000, 0x0000000089800000, 0x0000000089900000|  0%| F|  |TAMS 0x0000000089800000, 0x0000000089800000| Untracked 
| 153|0x0000000089900000, 0x0000000089900000, 0x0000000089a00000|  0%| F|  |TAMS 0x0000000089900000, 0x0000000089900000| Untracked 
| 154|0x0000000089a00000, 0x0000000089a00000, 0x0000000089b00000|  0%| F|  |TAMS 0x0000000089a00000, 0x0000000089a00000| Untracked 
| 155|0x0000000089b00000, 0x0000000089b00000, 0x0000000089c00000|  0%| F|  |TAMS 0x0000000089b00000, 0x0000000089b00000| Untracked 
| 156|0x0000000089c00000, 0x0000000089c00000, 0x0000000089d00000|  0%| F|  |TAMS 0x0000000089c00000, 0x0000000089c00000| Untracked 
| 157|0x0000000089d00000, 0x0000000089d00000, 0x0000000089e00000|  0%| F|  |TAMS 0x0000000089d00000, 0x0000000089d00000| Untracked 
| 158|0x0000000089e00000, 0x0000000089e00000, 0x0000000089f00000|  0%| F|  |TAMS 0x0000000089e00000, 0x0000000089e00000| Untracked 
| 159|0x0000000089f00000, 0x0000000089fdf700, 0x000000008a000000| 87%| S|CS|TAMS 0x0000000089f00000, 0x0000000089f00000| Complete 
| 160|0x000000008a000000, 0x000000008a100000, 0x000000008a100000|100%| S|CS|TAMS 0x000000008a000000, 0x000000008a000000| Complete 
| 161|0x000000008a100000, 0x000000008a200000, 0x000000008a200000|100%| S|CS|TAMS 0x000000008a100000, 0x000000008a100000| Complete 
| 162|0x000000008a200000, 0x000000008a300000, 0x000000008a300000|100%| S|CS|TAMS 0x000000008a200000, 0x000000008a200000| Complete 
| 163|0x000000008a300000, 0x000000008a400000, 0x000000008a400000|100%| S|CS|TAMS 0x000000008a300000, 0x000000008a300000| Complete 
| 164|0x000000008a400000, 0x000000008a500000, 0x000000008a500000|100%| S|CS|TAMS 0x000000008a400000, 0x000000008a400000| Complete 
| 165|0x000000008a500000, 0x000000008a500000, 0x000000008a600000|  0%| F|  |TAMS 0x000000008a500000, 0x000000008a500000| Untracked 
| 166|0x000000008a600000, 0x000000008a600000, 0x000000008a700000|  0%| F|  |TAMS 0x000000008a600000, 0x000000008a600000| Untracked 
| 167|0x000000008a700000, 0x000000008a700000, 0x000000008a800000|  0%| F|  |TAMS 0x000000008a700000, 0x000000008a700000| Untracked 
| 168|0x000000008a800000, 0x000000008a800000, 0x000000008a900000|  0%| F|  |TAMS 0x000000008a800000, 0x000000008a800000| Untracked 
| 169|0x000000008a900000, 0x000000008a900000, 0x000000008aa00000|  0%| F|  |TAMS 0x000000008a900000, 0x000000008a900000| Untracked 
| 170|0x000000008aa00000, 0x000000008aa00000, 0x000000008ab00000|  0%| F|  |TAMS 0x000000008aa00000, 0x000000008aa00000| Untracked 
| 171|0x000000008ab00000, 0x000000008ab00000, 0x000000008ac00000|  0%| F|  |TAMS 0x000000008ab00000, 0x000000008ab00000| Untracked 
| 172|0x000000008ac00000, 0x000000008ac00000, 0x000000008ad00000|  0%| F|  |TAMS 0x000000008ac00000, 0x000000008ac00000| Untracked 
| 173|0x000000008ad00000, 0x000000008ad00000, 0x000000008ae00000|  0%| F|  |TAMS 0x000000008ad00000, 0x000000008ad00000| Untracked 
| 174|0x000000008ae00000, 0x000000008ae00000, 0x000000008af00000|  0%| F|  |TAMS 0x000000008ae00000, 0x000000008ae00000| Untracked 
| 175|0x000000008af00000, 0x000000008af00000, 0x000000008b000000|  0%| F|  |TAMS 0x000000008af00000, 0x000000008af00000| Untracked 
| 176|0x000000008b000000, 0x000000008b000000, 0x000000008b100000|  0%| F|  |TAMS 0x000000008b000000, 0x000000008b000000| Untracked 
| 177|0x000000008b100000, 0x000000008b100000, 0x000000008b200000|  0%| F|  |TAMS 0x000000008b100000, 0x000000008b100000| Untracked 
| 178|0x000000008b200000, 0x000000008b200000, 0x000000008b300000|  0%| F|  |TAMS 0x000000008b200000, 0x000000008b200000| Untracked 
| 179|0x000000008b300000, 0x000000008b300000, 0x000000008b400000|  0%| F|  |TAMS 0x000000008b300000, 0x000000008b300000| Untracked 
| 180|0x000000008b400000, 0x000000008b400000, 0x000000008b500000|  0%| F|  |TAMS 0x000000008b400000, 0x000000008b400000| Untracked 
| 181|0x000000008b500000, 0x000000008b500000, 0x000000008b600000|  0%| F|  |TAMS 0x000000008b500000, 0x000000008b500000| Untracked 
| 182|0x000000008b600000, 0x000000008b600000, 0x000000008b700000|  0%| F|  |TAMS 0x000000008b600000, 0x000000008b600000| Untracked 
| 183|0x000000008b700000, 0x000000008b700000, 0x000000008b800000|  0%| F|  |TAMS 0x000000008b700000, 0x000000008b700000| Untracked 
| 184|0x000000008b800000, 0x000000008b800000, 0x000000008b900000|  0%| F|  |TAMS 0x000000008b800000, 0x000000008b800000| Untracked 
| 185|0x000000008b900000, 0x000000008b900000, 0x000000008ba00000|  0%| F|  |TAMS 0x000000008b900000, 0x000000008b900000| Untracked 
| 186|0x000000008ba00000, 0x000000008ba00000, 0x000000008bb00000|  0%| F|  |TAMS 0x000000008ba00000, 0x000000008ba00000| Untracked 
| 187|0x000000008bb00000, 0x000000008bb00000, 0x000000008bc00000|  0%| F|  |TAMS 0x000000008bb00000, 0x000000008bb00000| Untracked 
| 188|0x000000008bc00000, 0x000000008bc00000, 0x000000008bd00000|  0%| F|  |TAMS 0x000000008bc00000, 0x000000008bc00000| Untracked 
| 189|0x000000008bd00000, 0x000000008bd00000, 0x000000008be00000|  0%| F|  |TAMS 0x000000008bd00000, 0x000000008bd00000| Untracked 
| 190|0x000000008be00000, 0x000000008be00000, 0x000000008bf00000|  0%| F|  |TAMS 0x000000008be00000, 0x000000008be00000| Untracked 
| 191|0x000000008bf00000, 0x000000008bf00000, 0x000000008c000000|  0%| F|  |TAMS 0x000000008bf00000, 0x000000008bf00000| Untracked 
| 192|0x000000008c000000, 0x000000008c000000, 0x000000008c100000|  0%| F|  |TAMS 0x000000008c000000, 0x000000008c000000| Untracked 
| 193|0x000000008c100000, 0x000000008c100000, 0x000000008c200000|  0%| F|  |TAMS 0x000000008c100000, 0x000000008c100000| Untracked 
| 194|0x000000008c200000, 0x000000008c200000, 0x000000008c300000|  0%| F|  |TAMS 0x000000008c200000, 0x000000008c200000| Untracked 
| 195|0x000000008c300000, 0x000000008c300000, 0x000000008c400000|  0%| F|  |TAMS 0x000000008c300000, 0x000000008c300000| Untracked 
| 196|0x000000008c400000, 0x000000008c400000, 0x000000008c500000|  0%| F|  |TAMS 0x000000008c400000, 0x000000008c400000| Untracked 
| 197|0x000000008c500000, 0x000000008c500000, 0x000000008c600000|  0%| F|  |TAMS 0x000000008c500000, 0x000000008c500000| Untracked 
| 198|0x000000008c600000, 0x000000008c600000, 0x000000008c700000|  0%| F|  |TAMS 0x000000008c600000, 0x000000008c600000| Untracked 
| 199|0x000000008c700000, 0x000000008c700000, 0x000000008c800000|  0%| F|  |TAMS 0x000000008c700000, 0x000000008c700000| Untracked 
| 200|0x000000008c800000, 0x000000008c800000, 0x000000008c900000|  0%| F|  |TAMS 0x000000008c800000, 0x000000008c800000| Untracked 
| 201|0x000000008c900000, 0x000000008c900000, 0x000000008ca00000|  0%| F|  |TAMS 0x000000008c900000, 0x000000008c900000| Untracked 
| 202|0x000000008ca00000, 0x000000008ca00000, 0x000000008cb00000|  0%| F|  |TAMS 0x000000008ca00000, 0x000000008ca00000| Untracked 
| 203|0x000000008cb00000, 0x000000008cb00000, 0x000000008cc00000|  0%| F|  |TAMS 0x000000008cb00000, 0x000000008cb00000| Untracked 
| 204|0x000000008cc00000, 0x000000008cc00000, 0x000000008cd00000|  0%| F|  |TAMS 0x000000008cc00000, 0x000000008cc00000| Untracked 
| 205|0x000000008cd00000, 0x000000008cd00000, 0x000000008ce00000|  0%| F|  |TAMS 0x000000008cd00000, 0x000000008cd00000| Untracked 
| 206|0x000000008ce00000, 0x000000008ce00000, 0x000000008cf00000|  0%| F|  |TAMS 0x000000008ce00000, 0x000000008ce00000| Untracked 
| 207|0x000000008cf00000, 0x000000008cf4a3a0, 0x000000008d000000| 28%| E|  |TAMS 0x000000008cf00000, 0x000000008cf00000| Complete 
| 208|0x000000008d000000, 0x000000008d100000, 0x000000008d100000|100%| E|CS|TAMS 0x000000008d000000, 0x000000008d000000| Complete 
| 209|0x000000008d100000, 0x000000008d200000, 0x000000008d200000|100%| E|CS|TAMS 0x000000008d100000, 0x000000008d100000| Complete 
| 210|0x000000008d200000, 0x000000008d300000, 0x000000008d300000|100%| E|CS|TAMS 0x000000008d200000, 0x000000008d200000| Complete 
| 211|0x000000008d300000, 0x000000008d400000, 0x000000008d400000|100%| E|CS|TAMS 0x000000008d300000, 0x000000008d300000| Complete 
| 212|0x000000008d400000, 0x000000008d500000, 0x000000008d500000|100%| E|CS|TAMS 0x000000008d400000, 0x000000008d400000| Complete 
| 213|0x000000008d500000, 0x000000008d600000, 0x000000008d600000|100%| E|CS|TAMS 0x000000008d500000, 0x000000008d500000| Complete 
| 214|0x000000008d600000, 0x000000008d700000, 0x000000008d700000|100%| E|CS|TAMS 0x000000008d600000, 0x000000008d600000| Complete 

Card table byte_map: [0x000001ed36080000,0x000001ed36480000] _byte_map_base: 0x000001ed35c80000

Marking Bits (Prev, Next): (CMBitMap*) 0x000001ed215ad200, (CMBitMap*) 0x000001ed215ad240
 Prev Bits: [0x000001ed36880000, 0x000001ed38880000)
 Next Bits: [0x000001ed38880000, 0x000001ed3a880000)

Polling page: 0x000001ed21610000

Metaspace:

Usage:
  Non-class:     79.72 MB used.
      Class:     12.38 MB used.
       Both:     92.10 MB used.

Virtual space:
  Non-class space:       88.00 MB reserved,      80.12 MB ( 91%) committed,  11 nodes.
      Class space:        1.00 GB reserved,      12.69 MB (  1%) committed,  1 nodes.
             Both:        1.09 GB reserved,      92.81 MB (  8%) committed. 

Chunk freelists:
   Non-Class:  3.30 MB
       Class:  3.28 MB
        Both:  6.58 MB

MaxMetaspaceSize: unlimited
CompressedClassSpaceSize: 1.00 GB
Initial GC threshold: 21.00 MB
Current GC threshold: 146.69 MB
CDS: off
MetaspaceReclaimPolicy: balanced
 - commit_granule_bytes: 65536.
 - commit_granule_words: 8192.
 - virtual_space_node_default_size: 1048576.
 - enlarge_chunks_in_place: 1.
 - new_chunks_are_fully_committed: 0.
 - uncommit_free_chunks: 1.
 - use_allocation_guard: 0.
 - handle_deallocations: 1.


Internal statistics:

num_allocs_failed_limit: 3.
num_arena_births: 1000.
num_arena_deaths: 0.
num_vsnodes_births: 12.
num_vsnodes_deaths: 0.
num_space_committed: 1484.
num_space_uncommitted: 0.
num_chunks_returned_to_freelist: 3.
num_chunks_taken_from_freelist: 4524.
num_chunk_merges: 3.
num_chunk_splits: 2945.
num_chunks_enlarged: 1943.
num_purges: 0.
num_inconsistent_stats: 0.

CodeHeap 'non-profiled nmethods': size=120000Kb used=5314Kb max_used=5446Kb free=114685Kb
 bounds [0x000001ed2dcf0000, 0x000001ed2e250000, 0x000001ed35220000]
CodeHeap 'profiled nmethods': size=120000Kb used=17924Kb max_used=17924Kb free=102075Kb
 bounds [0x000001ed26220000, 0x000001ed273b0000, 0x000001ed2d750000]
CodeHeap 'non-nmethods': size=5760Kb used=2412Kb max_used=2519Kb free=3347Kb
 bounds [0x000001ed2d750000, 0x000001ed2d9f0000, 0x000001ed2dcf0000]
 total_blobs=10073 nmethods=9131 adapters=852
 compilation: enabled
              stopped_count=0, restarted_count=0
 full_count=0

Compilation events (20 events):
Event: 22.607 Thread 0x000001ed3dc3b7a0 nmethod 10569 0x000001ed2df6a890 code [0x000001ed2df6aa40, 0x000001ed2df6add8]
Event: 22.607 Thread 0x000001ed3dc3b7a0 10573       4       java.lang.Math::multiplyExact (74 bytes)
Event: 22.609 Thread 0x000001ed3dc3b7a0 nmethod 10573 0x000001ed2df6a510 code [0x000001ed2df6a680, 0x000001ed2df6a7d8]
Event: 22.609 Thread 0x000001ed3dc3b7a0 10574       4       org.gradle.internal.snapshot.AbstractIncompleteFileSystemNode::getSnapshot (15 bytes)
Event: 22.610 Thread 0x000001ed3dc3b7a0 nmethod 10574 0x000001ed2df6a090 code [0x000001ed2df6a220, 0x000001ed2df6a358]
Event: 22.611 Thread 0x000001ed3dc3b7a0 10571       4       java.util.concurrent.locks.AbstractQueuedSynchronizer$Node::clearStatus (12 bytes)
Event: 22.611 Thread 0x000001ed3dc3b7a0 nmethod 10571 0x000001ed2df69d90 code [0x000001ed2df69f00, 0x000001ed2df69f78]
Event: 22.612 Thread 0x000001ed3dc3b7a0 10576       4       java.nio.HeapByteBuffer::putInt (31 bytes)
Event: 22.613 Thread 0x000001ed42eba370 nmethod 10572 0x000001ed2df69410 code [0x000001ed2df695c0, 0x000001ed2df69ad8]
Event: 22.613 Thread 0x000001ed42eba370 10577       4       org.gradle.internal.snapshot.MediumChildMap::withNode (67 bytes)
Event: 22.614 Thread 0x000001ed3dc3c840 10578       3       org.gradle.internal.work.DefaultWorkerLeaseService::releaseLocks (15 bytes)
Event: 22.614 Thread 0x000001ed3dc3b7a0 nmethod 10576 0x000001ed2df69010 code [0x000001ed2df69180, 0x000001ed2df69298]
Event: 22.614 Thread 0x000001ed3dc3c840 nmethod 10578 0x000001ed2739df90 code [0x000001ed2739e160, 0x000001ed2739e4a8]
Event: 22.615 Thread 0x000001ed3dc3b7a0 10579       4       com.google.common.cache.LocalCache$AccessQueue::peek (5 bytes)
Event: 22.616 Thread 0x000001ed3dc3b7a0 nmethod 10579 0x000001ed2df68d10 code [0x000001ed2df68e80, 0x000001ed2df68f58]
Event: 22.616 Thread 0x000001ed3dc3b7a0 10580   !   4       java.util.concurrent.locks.AbstractQueuedSynchronizer::acquire (407 bytes)
Event: 22.617 Thread 0x000001ed3dc3c840 10581       3       org.gradle.internal.classloader.ClassLoaderVisitor::visit (80 bytes)
Event: 22.619 Thread 0x000001ed3dc3c840 nmethod 10581 0x000001ed2739e690 code [0x000001ed2739ea40, 0x000001ed273a0978]
Event: 22.621 Thread 0x000001ed3dc3c840 10582   !   3       java.util.concurrent.ThreadPoolExecutor::getTask (177 bytes)
Event: 22.622 Thread 0x000001ed3dc3c840 nmethod 10582 0x000001ed273a1110 code [0x000001ed273a13a0, 0x000001ed273a2238]

GC Heap History (20 events):
Event: 13.831 GC heap before
{Heap before GC invocations=38 (full 0):
 garbage-first heap   total 163840K, used 122706K [0x0000000080000000, 0x0000000100000000)
  region size 1024K, 39 young (39936K), 4 survivors (4096K)
 Metaspace       used 69178K, committed 69824K, reserved 1114112K
  class space    used 9197K, committed 9472K, reserved 1048576K
}
Event: 13.836 GC heap after
{Heap after GC invocations=39 (full 0):
 garbage-first heap   total 163840K, used 89963K [0x0000000080000000, 0x0000000100000000)
  region size 1024K, 4 young (4096K), 4 survivors (4096K)
 Metaspace       used 69178K, committed 69824K, reserved 1114112K
  class space    used 9197K, committed 9472K, reserved 1048576K
}
Event: 14.366 GC heap before
{Heap before GC invocations=40 (full 0):
 garbage-first heap   total 163840K, used 125803K [0x0000000080000000, 0x0000000100000000)
  region size 1024K, 39 young (39936K), 4 survivors (4096K)
 Metaspace       used 70751K, committed 71424K, reserved 1114112K
  class space    used 9416K, committed 9728K, reserved 1048576K
}
Event: 14.373 GC heap after
{Heap after GC invocations=41 (full 0):
 garbage-first heap   total 163840K, used 92385K [0x0000000080000000, 0x0000000100000000)
  region size 1024K, 3 young (3072K), 3 survivors (3072K)
 Metaspace       used 70751K, committed 71424K, reserved 1114112K
  class space    used 9416K, committed 9728K, reserved 1048576K
}
Event: 14.463 GC heap before
{Heap before GC invocations=41 (full 0):
 garbage-first heap   total 163840K, used 96481K [0x0000000080000000, 0x0000000100000000)
  region size 1024K, 8 young (8192K), 3 survivors (3072K)
 Metaspace       used 71239K, committed 71872K, reserved 1114112K
  class space    used 9487K, committed 9792K, reserved 1048576K
}
Event: 14.467 GC heap after
{Heap after GC invocations=42 (full 0):
 garbage-first heap   total 196608K, used 92838K [0x0000000080000000, 0x0000000100000000)
  region size 1024K, 3 young (3072K), 3 survivors (3072K)
 Metaspace       used 71239K, committed 71872K, reserved 1114112K
  class space    used 9487K, committed 9792K, reserved 1048576K
}
Event: 15.688 GC heap before
{Heap before GC invocations=43 (full 0):
 garbage-first heap   total 196608K, used 146086K [0x0000000080000000, 0x0000000100000000)
  region size 1024K, 55 young (56320K), 3 survivors (3072K)
 Metaspace       used 77485K, committed 78144K, reserved 1122304K
  class space    used 10520K, committed 10816K, reserved 1048576K
}
Event: 15.694 GC heap after
{Heap after GC invocations=44 (full 0):
 garbage-first heap   total 196608K, used 97330K [0x0000000080000000, 0x0000000100000000)
  region size 1024K, 8 young (8192K), 8 survivors (8192K)
 Metaspace       used 77485K, committed 78144K, reserved 1122304K
  class space    used 10520K, committed 10816K, reserved 1048576K
}
Event: 17.309 GC heap before
{Heap before GC invocations=45 (full 0):
 garbage-first heap   total 206848K, used 178226K [0x0000000080000000, 0x0000000100000000)
  region size 1024K, 65 young (66560K), 8 survivors (8192K)
 Metaspace       used 82617K, committed 83328K, reserved 1122304K
  class space    used 11157K, committed 11456K, reserved 1048576K
}
Event: 17.320 GC heap after
{Heap after GC invocations=46 (full 0):
 garbage-first heap   total 206848K, used 127495K [0x0000000080000000, 0x0000000100000000)
  region size 1024K, 9 young (9216K), 9 survivors (9216K)
 Metaspace       used 82617K, committed 83328K, reserved 1122304K
  class space    used 11157K, committed 11456K, reserved 1048576K
}
Event: 17.343 GC heap before
{Heap before GC invocations=46 (full 0):
 garbage-first heap   total 206848K, used 128519K [0x0000000080000000, 0x0000000100000000)
  region size 1024K, 10 young (10240K), 9 survivors (9216K)
 Metaspace       used 82714K, committed 83392K, reserved 1122304K
  class space    used 11168K, committed 11456K, reserved 1048576K
}
Event: 17.351 GC heap after
{Heap after GC invocations=47 (full 0):
 garbage-first heap   total 206848K, used 127447K [0x0000000080000000, 0x0000000100000000)
  region size 1024K, 1 young (1024K), 1 survivors (1024K)
 Metaspace       used 82714K, committed 83392K, reserved 1122304K
  class space    used 11168K, committed 11456K, reserved 1048576K
}
Event: 18.418 GC heap before
{Heap before GC invocations=47 (full 0):
 garbage-first heap   total 206848K, used 170455K [0x0000000080000000, 0x0000000100000000)
  region size 1024K, 43 young (44032K), 1 survivors (1024K)
 Metaspace       used 89204K, committed 89984K, reserved 1130496K
  class space    used 12099K, committed 12480K, reserved 1048576K
}
Event: 18.426 GC heap after
{Heap after GC invocations=48 (full 0):
 garbage-first heap   total 206848K, used 129344K [0x0000000080000000, 0x0000000100000000)
  region size 1024K, 3 young (3072K), 3 survivors (3072K)
 Metaspace       used 89204K, committed 89984K, reserved 1130496K
  class space    used 12099K, committed 12480K, reserved 1048576K
}
Event: 21.111 GC heap before
{Heap before GC invocations=49 (full 0):
 garbage-first heap   total 220160K, used 172352K [0x0000000080000000, 0x0000000100000000)
  region size 1024K, 44 young (45056K), 3 survivors (3072K)
 Metaspace       used 93775K, committed 94464K, reserved 1138688K
  class space    used 12630K, committed 12928K, reserved 1048576K
}
Event: 21.122 GC heap after
{Heap after GC invocations=50 (full 0):
 garbage-first heap   total 220160K, used 133630K [0x0000000080000000, 0x0000000100000000)
  region size 1024K, 6 young (6144K), 6 survivors (6144K)
 Metaspace       used 93775K, committed 94464K, reserved 1138688K
  class space    used 12630K, committed 12928K, reserved 1048576K
}
Event: 21.314 GC heap before
{Heap before GC invocations=50 (full 0):
 garbage-first heap   total 220160K, used 136702K [0x0000000080000000, 0x0000000100000000)
  region size 1024K, 10 young (10240K), 6 survivors (6144K)
 Metaspace       used 93950K, committed 94720K, reserved 1138688K
  class space    used 12643K, committed 12992K, reserved 1048576K
}
Event: 21.325 GC heap after
{Heap after GC invocations=51 (full 0):
 garbage-first heap   total 220160K, used 134277K [0x0000000080000000, 0x0000000100000000)
  region size 1024K, 2 young (2048K), 2 survivors (2048K)
 Metaspace       used 93950K, committed 94720K, reserved 1138688K
  class space    used 12643K, committed 12992K, reserved 1048576K
}
Event: 22.499 GC heap before
{Heap before GC invocations=51 (full 0):
 garbage-first heap   total 220160K, used 182405K [0x0000000080000000, 0x0000000100000000)
  region size 1024K, 50 young (51200K), 2 survivors (2048K)
 Metaspace       used 94255K, committed 94976K, reserved 1138688K
  class space    used 12672K, committed 12992K, reserved 1048576K
}
Event: 22.506 GC heap after
{Heap after GC invocations=52 (full 0):
 garbage-first heap   total 220160K, used 138902K [0x0000000080000000, 0x0000000100000000)
  region size 1024K, 6 young (6144K), 6 survivors (6144K)
 Metaspace       used 94255K, committed 94976K, reserved 1138688K
  class space    used 12672K, committed 12992K, reserved 1048576K
}

Dll operation events (2 events):
Event: 0.005 Loaded shared library C:\Program Files\Android\Android Studio\jbr\bin\java.dll
Event: 0.334 Loaded shared library C:\Program Files\Android\Android Studio\jbr\bin\verify.dll

Deoptimization events (20 events):
Event: 22.308 Thread 0x000001ed42ecbc80 Uncommon trap: trap_request=0xffffffde fr.pc=0x000001ed2e06ba48 relative=0x0000000000000308
Event: 22.308 Thread 0x000001ed42ecbc80 Uncommon trap: reason=class_check action=maybe_recompile pc=0x000001ed2e06ba48 method=java.util.concurrent.ConcurrentHashMap.get(Ljava/lang/Object;)Ljava/lang/Object; @ 93 c2
Event: 22.308 Thread 0x000001ed42ecbc80 DEOPT PACKING pc=0x000001ed2e06ba48 sp=0x0000006fb93fe020
Event: 22.308 Thread 0x000001ed42ecbc80 DEOPT UNPACKING pc=0x000001ed2d7a69a3 sp=0x0000006fb93fdf98 mode 2
Event: 22.326 Thread 0x000001ed446c0150 Uncommon trap: trap_request=0xffffff45 fr.pc=0x000001ed2ddb9244 relative=0x00000000000015a4
Event: 22.326 Thread 0x000001ed446c0150 Uncommon trap: reason=unstable_if action=reinterpret pc=0x000001ed2ddb9244 method=java.util.concurrent.ConcurrentHashMap.addCount(JI)V @ 171 c2
Event: 22.326 Thread 0x000001ed446c0150 DEOPT PACKING pc=0x000001ed2ddb9244 sp=0x0000006fb64fe150
Event: 22.326 Thread 0x000001ed446c0150 DEOPT UNPACKING pc=0x000001ed2d7a69a3 sp=0x0000006fb64fe010 mode 2
Event: 22.327 Thread 0x000001ed40f82d90 Uncommon trap: trap_request=0xffffffc6 fr.pc=0x000001ed2de3a7d8 relative=0x0000000000000958
Event: 22.327 Thread 0x000001ed40f82d90 Uncommon trap: reason=bimorphic_or_optimized_type_check action=maybe_recompile pc=0x000001ed2de3a7d8 method=java.io.BufferedInputStream.read1([BII)I @ 39 c2
Event: 22.327 Thread 0x000001ed40f82d90 DEOPT PACKING pc=0x000001ed2de3a7d8 sp=0x0000006fb5bfe000
Event: 22.327 Thread 0x000001ed40f82d90 DEOPT UNPACKING pc=0x000001ed2d7a69a3 sp=0x0000006fb5bfdf18 mode 2
Event: 22.400 Thread 0x000001ed3ddb5e00 Uncommon trap: trap_request=0xffffff45 fr.pc=0x000001ed2e129874 relative=0x0000000000000174
Event: 22.400 Thread 0x000001ed446c0150 Uncommon trap: trap_request=0xffffff45 fr.pc=0x000001ed2e129874 relative=0x0000000000000174
Event: 22.400 Thread 0x000001ed3ddb5e00 Uncommon trap: reason=unstable_if action=reinterpret pc=0x000001ed2e129874 method=java.util.concurrent.locks.ReentrantLock$Sync.tryLock()Z @ 34 c2
Event: 22.400 Thread 0x000001ed446c0150 Uncommon trap: reason=unstable_if action=reinterpret pc=0x000001ed2e129874 method=java.util.concurrent.locks.ReentrantLock$Sync.tryLock()Z @ 34 c2
Event: 22.400 Thread 0x000001ed3ddb5e00 DEOPT PACKING pc=0x000001ed2e129874 sp=0x0000006fb40f83d0
Event: 22.400 Thread 0x000001ed446c0150 DEOPT PACKING pc=0x000001ed2e129874 sp=0x0000006fb64fe720
Event: 22.400 Thread 0x000001ed446c0150 DEOPT UNPACKING pc=0x000001ed2d7a69a3 sp=0x0000006fb64fe6d0 mode 2
Event: 22.400 Thread 0x000001ed3ddb5e00 DEOPT UNPACKING pc=0x000001ed2d7a69a3 sp=0x0000006fb40f8380 mode 2

Classes unloaded (0 events):
No events

Classes redefined (0 events):
No events

Internal exceptions (20 events):
Event: 18.088 Thread 0x000001ed3ddb5e00 Exception <a 'sun/nio/fs/WindowsException'{0x000000008aa7c970}> (0x000000008aa7c970) 
thrown [s\src\hotspot\share\prims\jni.cpp, line 517]
Event: 18.088 Thread 0x000001ed3ddb5e00 Exception <a 'sun/nio/fs/WindowsException'{0x000000008aa7dd38}> (0x000000008aa7dd38) 
thrown [s\src\hotspot\share\prims\jni.cpp, line 517]
Event: 18.088 Thread 0x000001ed3ddb5e00 Exception <a 'sun/nio/fs/WindowsException'{0x000000008aa7f100}> (0x000000008aa7f100) 
thrown [s\src\hotspot\share\prims\jni.cpp, line 517]
Event: 18.118 Thread 0x000001ed3ddb5e00 Exception <a 'java/lang/NoSuchMethodError'{0x000000008a9a65c0}: 'java.lang.Object java.lang.invoke.DirectMethodHandle$Holder.invokeSpecial(java.lang.Object, java.lang.Object, long, java.lang.Object, java.lang.Object, java.lang.Object, java.lang.Object, java.lang.Object, java.lang.Object, java.lang.Object, java.lang.Object)'> (0x000000008a9a65c0) 
thrown [s\src\hotspot\share\interpreter\linkResolver.cpp, line 771]
Event: 18.118 Thread 0x000001ed3ddb5e00 Exception <a 'java/lang/NoSuchMethodError'{0x000000008a9ab3c8}: 'java.lang.Object java.lang.invoke.DelegatingMethodHandle$Holder.reinvoke_L(java.lang.Object, long, java.lang.Object, java.lang.Object, java.lang.Object, java.lang.Object, java.lang.Object, java.lang.Object, java.lang.Object, java.lang.Object)'> (0x000000008a9ab3c8) 
thrown [s\src\hotspot\share\interpreter\linkResolver.cpp, line 771]
Event: 18.120 Thread 0x000001ed3ddb5e00 Exception <a 'java/lang/NoSuchMethodError'{0x000000008a9ce2a8}: 'java.lang.Object java.lang.invoke.DirectMethodHandle$Holder.invokeSpecial(java.lang.Object, java.lang.Object, java.lang.Object, java.lang.Object, java.lang.Object, java.lang.Object, java.lang.Object, java.lang.Object, java.lang.Object, java.lang.Object)'> (0x000000008a9ce2a8) 
thrown [s\src\hotspot\share\interpreter\linkResolver.cpp, line 771]
Event: 18.121 Thread 0x000001ed3ddb5e00 Exception <a 'java/lang/NoSuchMethodError'{0x000000008a9d2f40}: 'java.lang.Object java.lang.invoke.Invokers$Holder.linkToTargetMethod(java.lang.Object, java.lang.Object, java.lang.Object, java.lang.Object, java.lang.Object, java.lang.Object, java.lang.Object, java.lang.Object, java.lang.Object)'> (0x000000008a9d2f40) 
thrown [s\src\hotspot\share\interpreter\linkResolver.cpp, line 771]
Event: 18.384 Thread 0x000001ed3ddb5e00 Exception <a 'java/lang/NoSuchMethodError'{0x0000000089fb81f0}: 'java.lang.Object java.lang.invoke.DirectMethodHandle$Holder.newInvokeSpecial(java.lang.Object, java.lang.Object, java.lang.Object, java.lang.Object, int, java.lang.Object)'> (0x0000000089fb81f0) 
thrown [s\src\hotspot\share\interpreter\linkResolver.cpp, line 771]
Event: 18.384 Thread 0x000001ed3ddb5e00 Exception <a 'java/lang/NoSuchMethodError'{0x0000000089fbd258}: 'java.lang.Object java.lang.invoke.Invokers$Holder.linkToTargetMethod(java.lang.Object, java.lang.Object, java.lang.Object, int, java.lang.Object, java.lang.Object)'> (0x0000000089fbd258) 
thrown [s\src\hotspot\share\interpreter\linkResolver.cpp, line 771]
Event: 18.485 Thread 0x000001ed3ddb5e00 Exception <a 'java/lang/IncompatibleClassChangeError'{0x000000008c9af260}: Found class java.lang.Object, but interface was expected> (0x000000008c9af260) 
thrown [s\src\hotspot\share\interpreter\linkResolver.cpp, line 838]
Event: 20.013 Thread 0x000001ed446c44b0 Exception <a 'java/lang/IncompatibleClassChangeError'{0x000000008d52a150}: Found class java.lang.Object, but interface was expected> (0x000000008d52a150) 
thrown [s\src\hotspot\share\interpreter\linkResolver.cpp, line 838]
Event: 20.032 Thread 0x000001ed446c44b0 Exception <a 'java/lang/NoSuchMethodError'{0x000000008d41a7d0}: 'int java.lang.invoke.DirectMethodHandle$Holder.invokeStaticInit(java.lang.Object, java.lang.Object, java.lang.Object, java.lang.Object, java.lang.Object)'> (0x000000008d41a7d0) 
thrown [s\src\hotspot\share\interpreter\linkResolver.cpp, line 771]
Event: 20.056 Thread 0x000001ed3ddb5e00 Exception <a 'java/lang/NoSuchMethodError'{0x000000008d32cb50}: 'int java.lang.invoke.DirectMethodHandle$Holder.invokeSpecialIFC(java.lang.Object, java.lang.Object, java.lang.Object)'> (0x000000008d32cb50) 
thrown [s\src\hotspot\share\interpreter\linkResolver.cpp, line 771]
Event: 20.122 Thread 0x000001ed3ddb5e00 Exception <a 'java/lang/NoSuchMethodError'{0x000000008d0d8b30}: 'void java.lang.invoke.DirectMethodHandle$Holder.invokeSpecial(java.lang.Object, java.lang.Object, java.lang.Object, java.lang.Object, int, java.lang.Object, java.lang.Object)'> (0x000000008d0d8b30) 
thrown [s\src\hotspot\share\interpreter\linkResolver.cpp, line 771]
Event: 22.021 Thread 0x000001ed446c0150 Exception <a 'java/lang/NoSuchMethodError'{0x000000008d56d460}: 'java.lang.Object java.lang.invoke.DirectMethodHandle$Holder.invokeSpecialIFC(java.lang.Object, java.lang.Object, java.lang.Object)'> (0x000000008d56d460) 
thrown [s\src\hotspot\share\interpreter\linkResolver.cpp, line 771]
Event: 22.021 Thread 0x000001ed446c3640 Exception <a 'java/lang/NoSuchMethodError'{0x000000008d6fe750}: 'java.lang.Object java.lang.invoke.DirectMethodHandle$Holder.invokeSpecialIFC(java.lang.Object, java.lang.Object, java.lang.Object)'> (0x000000008d6fe750) 
thrown [s\src\hotspot\share\interpreter\linkResolver.cpp, line 771]
Event: 22.021 Thread 0x000001ed42ecbc80 Exception <a 'java/lang/NoSuchMethodError'{0x000000008d6f5388}: 'java.lang.Object java.lang.invoke.DirectMethodHandle$Holder.invokeSpecialIFC(java.lang.Object, java.lang.Object, java.lang.Object)'> (0x000000008d6f5388) 
thrown [s\src\hotspot\share\interpreter\linkResolver.cpp, line 771]
Event: 22.401 Thread 0x000001ed446c4980 Exception <a 'java/lang/NoSuchMethodError'{0x000000008b5086a0}: 'void java.lang.invoke.DirectMethodHandle$Holder.invokeVirtual(java.lang.Object, java.lang.Object)'> (0x000000008b5086a0) 
thrown [s\src\hotspot\share\interpreter\linkResolver.cpp, line 771]
Event: 22.401 Thread 0x000001ed446c0150 Exception <a 'java/lang/NoSuchMethodError'{0x000000008b647410}: 'void java.lang.invoke.DirectMethodHandle$Holder.invokeVirtual(java.lang.Object, java.lang.Object)'> (0x000000008b647410) 
thrown [s\src\hotspot\share\interpreter\linkResolver.cpp, line 771]
Event: 22.402 Thread 0x000001ed3ddb5e00 Exception <a 'java/lang/NoSuchMethodError'{0x000000008d68b420}: 'void java.lang.invoke.DirectMethodHandle$Holder.invokeVirtual(java.lang.Object, java.lang.Object)'> (0x000000008d68b420) 
thrown [s\src\hotspot\share\interpreter\linkResolver.cpp, line 771]

VM Operations (20 events):
Event: 20.150 Executing VM operation: Cleanup done
Event: 20.615 Executing VM operation: HandshakeAllThreads
Event: 20.615 Executing VM operation: HandshakeAllThreads done
Event: 20.648 Executing VM operation: HandshakeAllThreads
Event: 20.648 Executing VM operation: HandshakeAllThreads done
Event: 20.649 Executing VM operation: ICBufferFull
Event: 20.649 Executing VM operation: ICBufferFull done
Event: 20.982 Executing VM operation: ICBufferFull
Event: 20.983 Executing VM operation: ICBufferFull done
Event: 21.062 Executing VM operation: HandshakeAllThreads
Event: 21.062 Executing VM operation: HandshakeAllThreads done
Event: 21.111 Executing VM operation: G1CollectForAllocation
Event: 21.123 Executing VM operation: G1CollectForAllocation done
Event: 21.314 Executing VM operation: G1CollectForAllocation
Event: 21.327 Executing VM operation: G1CollectForAllocation done
Event: 22.334 Executing VM operation: Cleanup
Event: 22.335 Executing VM operation: Cleanup done
Event: 22.499 Executing VM operation: G1CollectForAllocation
Event: 22.506 Executing VM operation: G1CollectForAllocation done
Event: 22.623 Executing VM operation: G1Concurrent

Events (20 events):
Event: 20.665 Thread 0x000001ed3dc3d9d0 flushing nmethod 0x000001ed2700b190
Event: 20.665 Thread 0x000001ed3dc3d9d0 flushing nmethod 0x000001ed2700bb90
Event: 20.665 Thread 0x000001ed3dc3d9d0 flushing nmethod 0x000001ed2700cc10
Event: 20.665 Thread 0x000001ed3dc3d9d0 flushing nmethod 0x000001ed2700e190
Event: 20.665 Thread 0x000001ed3dc3d9d0 flushing nmethod 0x000001ed27014710
Event: 20.665 Thread 0x000001ed3dc3d9d0 flushing nmethod 0x000001ed27015110
Event: 20.665 Thread 0x000001ed3dc3d9d0 flushing nmethod 0x000001ed27017610
Event: 20.665 Thread 0x000001ed3dc3d9d0 flushing nmethod 0x000001ed27029d10
Event: 20.665 Thread 0x000001ed3dc3d9d0 flushing nmethod 0x000001ed2703ab90
Event: 20.665 Thread 0x000001ed3dc3d9d0 flushing nmethod 0x000001ed27043310
Event: 20.665 Thread 0x000001ed3dc3d9d0 flushing nmethod 0x000001ed270a6890
Event: 20.665 Thread 0x000001ed3dc3d9d0 flushing nmethod 0x000001ed270e6d10
Event: 20.666 Thread 0x000001ed3dc3d9d0 flushing nmethod 0x000001ed2710a490
Event: 20.666 Thread 0x000001ed3dc3d9d0 flushing nmethod 0x000001ed271bea90
Event: 20.666 Thread 0x000001ed3dc3d9d0 flushing nmethod 0x000001ed271c4190
Event: 20.667 Thread 0x000001ed3dc3d9d0 flushing nmethod 0x000001ed27220410
Event: 20.667 Thread 0x000001ed3dc3d9d0 flushing nmethod 0x000001ed27220890
Event: 20.667 Thread 0x000001ed3dc3d9d0 flushing nmethod 0x000001ed27221010
Event: 21.504 Thread 0x000001ed42eb9950 Thread exited: 0x000001ed42eb9950
Event: 22.092 Thread 0x000001ed42eba370 Thread added: 0x000001ed42eba370


Dynamic libraries:
0x00007ff6b44a0000 - 0x00007ff6b44aa000 	C:\Program Files\Android\Android Studio\jbr\bin\java.exe
0x00007fff8f610000 - 0x00007fff8f827000 	C:\WINDOWS\SYSTEM32\ntdll.dll
0x00007fff8eeb0000 - 0x00007fff8ef74000 	C:\WINDOWS\System32\KERNEL32.DLL
0x00007fff8cdc0000 - 0x00007fff8d177000 	C:\WINDOWS\System32\KERNELBASE.dll
0x00007fff8d220000 - 0x00007fff8d331000 	C:\WINDOWS\System32\ucrtbase.dll
0x00007fff88170000 - 0x00007fff88187000 	C:\Program Files\Android\Android Studio\jbr\bin\jli.dll
0x00007fff7a780000 - 0x00007fff7a79b000 	C:\Program Files\Android\Android Studio\jbr\bin\VCRUNTIME140.dll
0x00007fff8f270000 - 0x00007fff8f41f000 	C:\WINDOWS\System32\USER32.dll
0x00007fff7a310000 - 0x00007fff7a5a3000 	C:\WINDOWS\WinSxS\amd64_microsoft.windows.common-controls_6595b64144ccf1df_6.0.22621.3672_none_2713b9d173822955\COMCTL32.dll
0x00007fff8cad0000 - 0x00007fff8caf6000 	C:\WINDOWS\System32\win32u.dll
0x00007fff8db40000 - 0x00007fff8dbe7000 	C:\WINDOWS\System32\msvcrt.dll
0x00007fff8ef80000 - 0x00007fff8efa9000 	C:\WINDOWS\System32\GDI32.dll
0x00007fff8cb30000 - 0x00007fff8cc48000 	C:\WINDOWS\System32\gdi32full.dll
0x00007fff8d180000 - 0x00007fff8d21a000 	C:\WINDOWS\System32\msvcp_win.dll
0x00007fff8e930000 - 0x00007fff8e961000 	C:\WINDOWS\System32\IMM32.DLL
0x00007fff86d70000 - 0x00007fff86d7c000 	C:\Program Files\Android\Android Studio\jbr\bin\vcruntime140_1.dll
0x00007fff70240000 - 0x00007fff702cd000 	C:\Program Files\Android\Android Studio\jbr\bin\msvcp140.dll
0x00007fff40c60000 - 0x00007fff418ce000 	C:\Program Files\Android\Android Studio\jbr\bin\server\jvm.dll
0x00007fff8d900000 - 0x00007fff8d9b2000 	C:\WINDOWS\System32\ADVAPI32.dll
0x00007fff8e680000 - 0x00007fff8e728000 	C:\WINDOWS\System32\sechost.dll
0x00007fff8cb00000 - 0x00007fff8cb28000 	C:\WINDOWS\System32\bcrypt.dll
0x00007fff8e990000 - 0x00007fff8eaa4000 	C:\WINDOWS\System32\RPCRT4.dll
0x00007fff86ba0000 - 0x00007fff86bd4000 	C:\WINDOWS\SYSTEM32\WINMM.dll
0x00007fff634b0000 - 0x00007fff634b9000 	C:\WINDOWS\SYSTEM32\WSOCK32.dll
0x00007fff86be0000 - 0x00007fff86bea000 	C:\WINDOWS\SYSTEM32\VERSION.dll
0x00007fff8f1e0000 - 0x00007fff8f251000 	C:\WINDOWS\System32\WS2_32.dll
0x00007fff8ba20000 - 0x00007fff8ba38000 	C:\WINDOWS\SYSTEM32\kernel.appcore.dll
0x00007fff5ccb0000 - 0x00007fff5ccba000 	C:\Program Files\Android\Android Studio\jbr\bin\jimage.dll
0x00007fff8a300000 - 0x00007fff8a532000 	C:\WINDOWS\SYSTEM32\DBGHELP.DLL
0x00007fff8eb10000 - 0x00007fff8ee9e000 	C:\WINDOWS\System32\combase.dll
0x00007fff8d820000 - 0x00007fff8d8f7000 	C:\WINDOWS\System32\OLEAUT32.dll
0x00007fff67ec0000 - 0x00007fff67ef2000 	C:\WINDOWS\SYSTEM32\dbgcore.DLL
0x00007fff8c9e0000 - 0x00007fff8ca5b000 	C:\WINDOWS\System32\bcryptPrimitives.dll
0x00007fff552b0000 - 0x00007fff552d5000 	C:\Program Files\Android\Android Studio\jbr\bin\java.dll
0x00007fff55cd0000 - 0x00007fff55ce8000 	C:\Program Files\Android\Android Studio\jbr\bin\zip.dll
0x00007fff8dc50000 - 0x00007fff8e4b9000 	C:\WINDOWS\System32\SHELL32.dll
0x00007fff8a810000 - 0x00007fff8b10f000 	C:\WINDOWS\SYSTEM32\windows.storage.dll
0x00007fff8a6d0000 - 0x00007fff8a80f000 	C:\WINDOWS\SYSTEM32\wintypes.dll
0x00007fff8e730000 - 0x00007fff8e829000 	C:\WINDOWS\System32\SHCORE.dll
0x00007fff8dbf0000 - 0x00007fff8dc4e000 	C:\WINDOWS\System32\shlwapi.dll
0x00007fff8c850000 - 0x00007fff8c877000 	C:\WINDOWS\SYSTEM32\profapi.dll
0x00007fff55c00000 - 0x00007fff55c19000 	C:\Program Files\Android\Android Studio\jbr\bin\net.dll
0x00007fff84da0000 - 0x00007fff84ed6000 	C:\WINDOWS\SYSTEM32\WINHTTP.dll
0x00007fff8be90000 - 0x00007fff8bef9000 	C:\WINDOWS\system32\mswsock.dll
0x00007fff51e10000 - 0x00007fff51e26000 	C:\Program Files\Android\Android Studio\jbr\bin\nio.dll
0x00007fff51d00000 - 0x00007fff51d10000 	C:\Program Files\Android\Android Studio\jbr\bin\verify.dll
0x00007fff04a90000 - 0x00007fff04ab7000 	C:\Users\scher\.gradle\native\68d5fa5c4cc2d200863cafc0d521ce42e7d3e7ee720ec0a83991735586a16f82\windows-amd64\native-platform.dll
0x00007fff55ef0000 - 0x00007fff56034000 	C:\Users\scher\.gradle\native\e376f236ea51e6404a007f0833ffe2c6e607c4080706a723a18a27aeea778392\windows-amd64\native-platform-file-events.dll
0x00007fff4b830000 - 0x00007fff4b839000 	C:\Program Files\Android\Android Studio\jbr\bin\management.dll
0x00007fff45e10000 - 0x00007fff45e1b000 	C:\Program Files\Android\Android Studio\jbr\bin\management_ext.dll
0x00007fff8eea0000 - 0x00007fff8eea8000 	C:\WINDOWS\System32\PSAPI.DLL
0x00007fff8c0d0000 - 0x00007fff8c0eb000 	C:\WINDOWS\SYSTEM32\CRYPTSP.dll
0x00007fff8b980000 - 0x00007fff8b9b5000 	C:\WINDOWS\system32\rsaenh.dll
0x00007fff8bf60000 - 0x00007fff8bf88000 	C:\WINDOWS\SYSTEM32\USERENV.dll
0x00007fff8c0f0000 - 0x00007fff8c0fc000 	C:\WINDOWS\SYSTEM32\CRYPTBASE.dll
0x00007fff8b3e0000 - 0x00007fff8b40d000 	C:\WINDOWS\SYSTEM32\IPHLPAPI.DLL
0x00007fff8efb0000 - 0x00007fff8efb9000 	C:\WINDOWS\System32\NSI.dll
0x00007fff859b0000 - 0x00007fff859c9000 	C:\WINDOWS\SYSTEM32\dhcpcsvc6.DLL
0x00007fff846f0000 - 0x00007fff8470f000 	C:\WINDOWS\SYSTEM32\dhcpcsvc.DLL
0x00007fff8b450000 - 0x00007fff8b552000 	C:\WINDOWS\SYSTEM32\DNSAPI.dll
0x00007fff881a0000 - 0x00007fff881a8000 	C:\WINDOWS\system32\wshunix.dll

dbghelp: loaded successfully - version: 4.0.5 - missing functions: none
symbol engine: initialized successfully - sym options: 0x614 - pdb path: .;C:\Program Files\Android\Android Studio\jbr\bin;C:\WINDOWS\SYSTEM32;C:\WINDOWS\WinSxS\amd64_microsoft.windows.common-controls_6595b64144ccf1df_6.0.22621.3672_none_2713b9d173822955;C:\Program Files\Android\Android Studio\jbr\bin\server;C:\Users\scher\.gradle\native\68d5fa5c4cc2d200863cafc0d521ce42e7d3e7ee720ec0a83991735586a16f82\windows-amd64;C:\Users\scher\.gradle\native\e376f236ea51e6404a007f0833ffe2c6e607c4080706a723a18a27aeea778392\windows-amd64

VM Arguments:
jvm_args: --add-opens=java.base/java.util=ALL-UNNAMED --add-opens=java.base/java.lang=ALL-UNNAMED --add-opens=java.base/java.lang.invoke=ALL-UNNAMED --add-opens=java.prefs/java.util.prefs=ALL-UNNAMED --add-opens=java.base/java.nio.charset=ALL-UNNAMED --add-opens=java.base/java.net=ALL-UNNAMED --add-opens=java.base/java.util.concurrent.atomic=ALL-UNNAMED -Xmx2048m -Dfile.encoding=UTF-8 -Duser.country=BR -Duser.language=pt -Duser.variant 
java_command: org.gradle.launcher.daemon.bootstrap.GradleDaemon 8.0
java_class_path (initial): C:\Users\scher\.gradle\wrapper\dists\gradle-8.0-bin\ca5e32bp14vu59qr306oxotwh\gradle-8.0\lib\gradle-launcher-8.0.jar
Launcher Type: SUN_STANDARD

[Global flags]
     intx CICompilerCount                          = 4                                         {product} {ergonomic}
     uint ConcGCThreads                            = 2                                         {product} {ergonomic}
     uint G1ConcRefinementThreads                  = 8                                         {product} {ergonomic}
   size_t G1HeapRegionSize                         = 1048576                                   {product} {ergonomic}
    uintx GCDrainStackTargetSize                   = 64                                        {product} {ergonomic}
   size_t InitialHeapSize                          = 134217728                                 {product} {ergonomic}
   size_t MarkStackSize                            = 4194304                                   {product} {ergonomic}
   size_t MaxHeapSize                              = 2147483648                                {product} {command line}
   size_t MaxNewSize                               = 1287651328                                {product} {ergonomic}
   size_t MinHeapDeltaBytes                        = 1048576                                   {product} {ergonomic}
   size_t MinHeapSize                              = 8388608                                   {product} {ergonomic}
    uintx NonNMethodCodeHeapSize                   = 5839372                                {pd product} {ergonomic}
    uintx NonProfiledCodeHeapSize                  = 122909434                              {pd product} {ergonomic}
    uintx ProfiledCodeHeapSize                     = 122909434                              {pd product} {ergonomic}
    uintx ReservedCodeCacheSize                    = 251658240                              {pd product} {ergonomic}
     bool SegmentedCodeCache                       = true                                      {product} {ergonomic}
   size_t SoftMaxHeapSize                          = 2147483648                             {manageable} {ergonomic}
     bool UseCompressedClassPointers               = true                           {product lp64_product} {ergonomic}
     bool UseCompressedOops                        = true                           {product lp64_product} {ergonomic}
     bool UseG1GC                                  = true                                      {product} {ergonomic}
     bool UseLargePagesIndividualAllocation        = false                                  {pd product} {ergonomic}

Logging:
Log output configuration:
 #0: stdout all=warning uptime,level,tags
 #1: stderr all=off uptime,level,tags

Environment Variables:
PATH=C:\Program Files\Common Files\Oracle\Java\javapath;C:\Program Files (x86)\Embarcadero\Studio\22.0\bin;C:\Users\Public\Documents\Embarcadero\Studio\22.0\Bpl;C:\Program Files (x86)\Embarcadero\Studio\22.0\bin64;C:\Users\Public\Documents\Embarcadero\Studio\22.0\Bpl\Win64;C:\Program Files (x86)\Embarcadero\Studio\21.0\bin;C:\Users\Public\Documents\Embarcadero\Studio\21.0\Bpl;C:\Program Files (x86)\Embarcadero\Studio\21.0\bin64;C:\Users\Public\Documents\Embarcadero\Studio\21.0\Bpl\Win64;C:\Windows\system32;C:\Windows;C:\Windows\System32\Wbem;C:\Windows\System32\WindowsPowerShell\v1.0\;C:\Windows\System32\OpenSSH\;C:\Program Files (x86)\NVIDIA Corporation\PhysX\Common;C:\Program Files\NVIDIA Corporation\NVIDIA NvDLISR;C:\WINDOWS\system32;C:\WINDOWS;C:\WINDOWS\System32\Wbem;C:\WINDOWS\System32\WindowsPowerShell\v1.0\;C:\WINDOWS\System32\OpenSSH\;C:\Program Files\dotnet\;C:\Program Files (x86)\Windows Kits\10\Windows Performance Toolkit\;C:\Program Files\Git\cmd;C:\Users\scher\AppData\Local\Microsoft\WindowsApps;;C:\Users\scher\AppData\Local\Programs\Microsoft VS Code\bin
USERNAME=scher
OS=Windows_NT
PROCESSOR_IDENTIFIER=Intel64 Family 6 Model 142 Stepping 12, GenuineIntel
TMP=C:\Users\scher\AppData\Local\Temp
TEMP=C:\Users\scher\AppData\Local\Temp


JNI global refs:
JNI global refs: 25, weak refs: 0

JNI global refs memory usage: 843, weak refs: 841


---------------  S Y S T E M  ---------------

OS:
 Windows 11 , 64 bit Build 22621 (10.0.22621.3958)
OS uptime: 2 days 21:28 hours
Hyper-V role detected

CPU: total 8 (initial active 8) (4 cores per cpu, 2 threads per core) family 6 model 142 stepping 12 microcode 0xea, cx8, cmov, fxsr, ht, mmx, 3dnowpref, sse, sse2, sse3, ssse3, sse4.1, sse4.2, popcnt, lzcnt, tsc, tscinvbit, avx, avx2, aes, erms, clmul, bmi1, bmi2, adx, fma, vzeroupper, clflush, clflushopt, hv

Memory: 4k page, system-wide physical 8072M (417M free)
TotalPageFile size 10120M (AvailPageFile size 25M)
current process WorkingSet (physical memory assigned to process): 481M, peak: 489M
current process commit charge ("private bytes"): 517M, peak: 542M

vm_info: OpenJDK 64-Bit Server VM (17.0.6+0-b2043.56-10027231) for windows-amd64 JRE (17.0.6+0-b2043.56-10027231), built on Apr 28 2023 00:43:19 by "androidbuild" with MS VC++ 16.10 / 16.11 (VS2019)

END.
