#
# There is insufficient memory for the Java Runtime Environment to continue.
# Native memory allocation (mmap) failed to map 169869312 bytes for G1 virtual space
# Possible reasons:
#   The system is out of physical RAM or swap space
#   The process is running with CompressedOops enabled, and the Java Heap may be blocking the growth of the native heap
# Possible solutions:
#   Reduce memory load on the system
#   Increase physical memory or swap space
#   Check if swap backing store is full
#   Decrease Java heap size (-Xmx/-Xms)
#   Decrease number of Java threads
#   Decrease Java thread stack sizes (-Xss)
#   Set larger code cache with -XX:ReservedCodeCacheSize=
#   JVM is running with Unscaled Compressed Oops mode in which the Java heap is
#     placed in the first 4GB address space. The Java Heap base address is the
#     maximum limit for the native heap growth. Please use -XX:HeapBaseMinAddress
#     to set the Java Heap base and to place the Java Heap above 4GB virtual address.
# This output file may be truncated or incomplete.
#
#  Out of Memory Error (os_windows.cpp:3769), pid=7584, tid=6816
#
# JRE version: OpenJDK Runtime Environment (17.0.6) (build 17.0.6+0-b2043.56-10027231)
# Java VM: OpenJDK 64-Bit Server VM (17.0.6+0-b2043.56-10027231, mixed mode, tiered, compressed oops, compressed class ptrs, g1 gc, windows-amd64)
# No core dump will be written. Minidumps are not enabled by default on client versions of Windows
#

---------------  S U M M A R Y ------------

Command Line: --add-opens=java.base/java.util=ALL-UNNAMED --add-opens=java.base/java.lang=ALL-UNNAMED --add-opens=java.base/java.lang.invoke=ALL-UNNAMED --add-opens=java.prefs/java.util.prefs=ALL-UNNAMED --add-opens=java.base/java.nio.charset=ALL-UNNAMED --add-opens=java.base/java.net=ALL-UNNAMED --add-opens=java.base/java.util.concurrent.atomic=ALL-UNNAMED -Xmx2048m -Dfile.encoding=UTF-8 -Duser.country=BR -Duser.language=pt -Duser.variant org.gradle.launcher.daemon.bootstrap.GradleDaemon 8.0

Host: Intel(R) Core(TM) i7-8565U CPU @ 1.80GHz, 8 cores, 7G,  Windows 11 , 64 bit Build 22621 (10.0.22621.3958)
Time: Sun Sep  1 01:18:07 2024 Hora oficial do Brasil elapsed time: 11.715365 seconds (0d 0h 0m 11s)

---------------  T H R E A D  ---------------

Current thread (0x000001a57fbd3b40):  VMThread "VM Thread" [stack: 0x0000006433e00000,0x0000006433f00000] [id=6816]

Stack: [0x0000006433e00000,0x0000006433f00000]
Native frames: (J=compiled Java code, j=interpreted, Vv=VM code, C=native code)
V  [jvm.dll+0x683c9a]
V  [jvm.dll+0x8427a4]
V  [jvm.dll+0x843f9e]
V  [jvm.dll+0x844603]
V  [jvm.dll+0x249b75]
V  [jvm.dll+0x680b69]
V  [jvm.dll+0x67505a]
V  [jvm.dll+0x309acb]
V  [jvm.dll+0x310f86]
V  [jvm.dll+0x3608ee]
V  [jvm.dll+0x360b1f]
V  [jvm.dll+0x2dfbf8]
V  [jvm.dll+0x2ddec4]
V  [jvm.dll+0x2dd4cc]
V  [jvm.dll+0x321f3b]
V  [jvm.dll+0x848ccb]
V  [jvm.dll+0x849a04]
V  [jvm.dll+0x849f1d]
V  [jvm.dll+0x84a2f4]
V  [jvm.dll+0x84a3c0]
V  [jvm.dll+0x7f274a]
V  [jvm.dll+0x682ad5]
C  [ucrtbase.dll+0x29333]
C  [KERNEL32.DLL+0x1257d]
C  [ntdll.dll+0x5af28]

VM_Operation (0x000000643d8fad40): G1CollectForAllocation, mode: safepoint, requested by thread 0x000001a510bb8bb0


---------------  P R O C E S S  ---------------

Threads class SMR info:
_java_thread_list=0x000001a5108109a0, length=144, elements={
0x000001a56bd4f2e0, 0x000001a57fbbe260, 0x000001a57fb91550, 0x000001a57fbf27b0,
0x000001a57fbf3360, 0x000001a57fbf5e20, 0x000001a57fbf67d0, 0x000001a57fbf7d70,
0x000001a57fbf8a20, 0x000001a57fc04570, 0x000001a57fd9e340, 0x000001a57fda0820,
0x000001a57ff76520, 0x000001a50774d280, 0x000001a507d3c950, 0x000001a507448350,
0x000001a507cb1550, 0x000001a506f1f680, 0x000001a50744b550, 0x000001a50744c3c0,
0x000001a507448a00, 0x000001a50744bef0, 0x000001a50744ba20, 0x000001a50744abb0,
0x000001a5074493a0, 0x000001a50744b080, 0x000001a50744a6e0, 0x000001a50a2864e0,
0x000001a50a28b1e0, 0x000001a50a28d390, 0x000001a50a289500, 0x000001a50a28dd30,
0x000001a50a28b6b0, 0x000001a50a287820, 0x000001a50a28bb80, 0x000001a50a287cf0,
0x000001a50a2869b0, 0x000001a50a287350, 0x000001a50a2881c0, 0x000001a50a288b60,
0x000001a50a289ea0, 0x000001a50a28a840, 0x000001a50a28ad10, 0x000001a509a7ea10,
0x000001a509a80220, 0x000001a509a7e070, 0x000001a509a7f880, 0x000001a509a81a30,
0x000001a509a7e540, 0x000001a509a7fd50, 0x000001a509a7f3b0, 0x000001a509a7eee0,
0x000001a509a81090, 0x000001a509a81560, 0x000001a509a806f0, 0x000001a509a80bc0,
0x000001a50cff6cb0, 0x000001a50cff5970, 0x000001a50cffd1c0, 0x000001a50cffa670,
0x000001a50cff67e0, 0x000001a50cff9330, 0x000001a50cffc350, 0x000001a50cff5e40,
0x000001a50cff7180, 0x000001a50cff7650, 0x000001a50cff8e60, 0x000001a50cff7ff0,
0x000001a50cffab40, 0x000001a50cffb4e0, 0x000001a50cff7b20, 0x000001a50cffc820,
0x000001a50cff6310, 0x000001a50cff8990, 0x000001a50cff9800, 0x000001a50cff84c0,
0x000001a50cff9cd0, 0x000001a50cffa1a0, 0x000001a50cffb010, 0x000001a50cffb9b0,
0x000001a50cffbe80, 0x000001a50cffccf0, 0x000001a50c226a60, 0x000001a50c226f30,
0x000001a50c227400, 0x000001a50c2243e0, 0x000001a50c225bf0, 0x000001a50c220ef0,
0x000001a50c2278d0, 0x000001a50c2260c0, 0x000001a50c222700, 0x000001a50c220550,
0x000001a50c222bd0, 0x000001a50c220a20, 0x000001a50c221890, 0x000001a50c221d60,
0x000001a50c2213c0, 0x000001a50c225720, 0x000001a50c2230a0, 0x000001a50c2248b0,
0x000001a50c224d80, 0x000001a50c222230, 0x000001a50c225250, 0x000001a50c226590,
0x000001a50c220080, 0x000001a50c223570, 0x000001a50c223a40, 0x000001a50c223f10,
0x000001a50d335c80, 0x000001a50d333fa0, 0x000001a50d331920, 0x000001a50d32edd0,
0x000001a50d331450, 0x000001a50d32f770, 0x000001a50d332790, 0x000001a50d32f2a0,
0x000001a50d333ad0, 0x000001a50d332c60, 0x000001a50d330110, 0x000001a50d331df0,
0x000001a50d32fc40, 0x000001a50d3357b0, 0x000001a50d336620, 0x000001a50d336150,
0x000001a50d3322c0, 0x000001a50d333130, 0x000001a509b125f0, 0x000001a509b0ddc0,
0x000001a509b0e290, 0x000001a509b13930, 0x000001a509b0c0e0, 0x000001a509b12ac0,
0x000001a509b0c5b0, 0x000001a509b0e760, 0x000001a509b0ec30, 0x000001a509b0ca80,
0x000001a510164a60, 0x000001a50a6de5f0, 0x000001a510bb86e0, 0x000001a510bb7d40,
0x000001a510bb8210, 0x000001a510bb8bb0, 0x000001a510bb9080, 0x000001a50ff17fb0
}

Java Threads: ( => current thread )
  0x000001a56bd4f2e0 JavaThread "main" [_thread_blocked, id=3544, stack(0x0000006433800000,0x0000006433900000)]
  0x000001a57fbbe260 JavaThread "Reference Handler" daemon [_thread_blocked, id=1180, stack(0x0000006433f00000,0x0000006434000000)]
  0x000001a57fb91550 JavaThread "Finalizer" daemon [_thread_blocked, id=7548, stack(0x0000006434000000,0x0000006434100000)]
  0x000001a57fbf27b0 JavaThread "Signal Dispatcher" daemon [_thread_blocked, id=7580, stack(0x0000006434100000,0x0000006434200000)]
  0x000001a57fbf3360 JavaThread "Attach Listener" daemon [_thread_blocked, id=4504, stack(0x0000006434200000,0x0000006434300000)]
  0x000001a57fbf5e20 JavaThread "Service Thread" daemon [_thread_blocked, id=8036, stack(0x0000006434300000,0x0000006434400000)]
  0x000001a57fbf67d0 JavaThread "Monitor Deflation Thread" daemon [_thread_blocked, id=7136, stack(0x0000006434400000,0x0000006434500000)]
  0x000001a57fbf7d70 JavaThread "C2 CompilerThread0" daemon [_thread_in_native, id=3980, stack(0x0000006434500000,0x0000006434600000)]
  0x000001a57fbf8a20 JavaThread "C1 CompilerThread0" daemon [_thread_blocked, id=1232, stack(0x0000006434600000,0x0000006434700000)]
  0x000001a57fc04570 JavaThread "Sweeper thread" daemon [_thread_blocked, id=4068, stack(0x0000006434700000,0x0000006434800000)]
  0x000001a57fd9e340 JavaThread "Common-Cleaner" daemon [_thread_blocked, id=14124, stack(0x0000006434800000,0x0000006434900000)]
  0x000001a57fda0820 JavaThread "Notification Thread" daemon [_thread_blocked, id=12708, stack(0x0000006434900000,0x0000006434a00000)]
  0x000001a57ff76520 JavaThread "C2 CompilerThread1" daemon [_thread_blocked, id=1236, stack(0x0000006434b00000,0x0000006434c00000)]
  0x000001a50774d280 JavaThread "Daemon health stats" [_thread_blocked, id=5276, stack(0x0000006435100000,0x0000006435200000)]
  0x000001a507d3c950 JavaThread "Incoming local TCP Connector on port 53264" [_thread_in_native, id=6856, stack(0x0000006435200000,0x0000006435300000)]
  0x000001a507448350 JavaThread "Daemon periodic checks" [_thread_blocked, id=12304, stack(0x0000006435300000,0x0000006435400000)]
  0x000001a507cb1550 JavaThread "Daemon" [_thread_blocked, id=13340, stack(0x0000006435400000,0x0000006435500000)]
  0x000001a506f1f680 JavaThread "Handler for socket connection from /127.0.0.1:53264 to /127.0.0.1:53265" [_thread_in_native, id=1960, stack(0x0000006435500000,0x0000006435600000)]
  0x000001a50744b550 JavaThread "Cancel handler" [_thread_blocked, id=6676, stack(0x0000006435600000,0x0000006435700000)]
  0x000001a50744c3c0 JavaThread "Daemon worker" [_thread_blocked, id=7820, stack(0x0000006435700000,0x0000006435800000)]
  0x000001a507448a00 JavaThread "Asynchronous log dispatcher for DefaultDaemonConnection: socket connection from /127.0.0.1:53264 to /127.0.0.1:53265" [_thread_blocked, id=12220, stack(0x0000006435800000,0x0000006435900000)]
  0x000001a50744bef0 JavaThread "Stdin handler" [_thread_blocked, id=14108, stack(0x0000006435900000,0x0000006435a00000)]
  0x000001a50744ba20 JavaThread "Daemon client event forwarder" [_thread_blocked, id=3100, stack(0x0000006435a00000,0x0000006435b00000)]
  0x000001a50744abb0 JavaThread "Cache worker for journal cache (C:\Users\scher\.gradle\caches\journal-1)" [_thread_blocked, id=14112, stack(0x0000006435f00000,0x0000006436000000)]
  0x000001a5074493a0 JavaThread "File lock request listener" [_thread_in_native, id=15260, stack(0x0000006436000000,0x0000006436100000)]
  0x000001a50744b080 JavaThread "Cache worker for file hash cache (C:\Users\scher\.gradle\caches\8.0\fileHashes)" [_thread_blocked, id=5796, stack(0x0000006436100000,0x0000006436200000)]
  0x000001a50744a6e0 JavaThread "File watcher server" daemon [_thread_blocked, id=10324, stack(0x0000006436200000,0x0000006436300000)]
  0x000001a50a2864e0 JavaThread "File watcher consumer" daemon [_thread_blocked, id=4980, stack(0x0000006436300000,0x0000006436400000)]
  0x000001a50a28b1e0 JavaThread "Cache worker for checksums cache (C:\Users\scher\Documents\PROJETOS ANDROID\RECICLAAI\.gradle\8.0\checksums)" [_thread_blocked, id=12988, stack(0x0000006436400000,0x0000006436500000)]
  0x000001a50a28d390 JavaThread "Cache worker for cache directory md-rule (C:\Users\scher\.gradle\caches\8.0\md-rule)" [_thread_blocked, id=10132, stack(0x0000006436500000,0x0000006436600000)]
  0x000001a50a289500 JavaThread "Cache worker for file content cache (C:\Users\scher\.gradle\caches\8.0\fileContent)" [_thread_blocked, id=13164, stack(0x0000006436600000,0x0000006436700000)]
  0x000001a50a28dd30 JavaThread "Cache worker for file hash cache (C:\Users\scher\Documents\PROJETOS ANDROID\RECICLAAI\.gradle\8.0\fileHashes)" [_thread_blocked, id=3004, stack(0x0000006436700000,0x0000006436800000)]
  0x000001a50a28b6b0 JavaThread "Cache worker for cache directory md-supplier (C:\Users\scher\.gradle\caches\8.0\md-supplier)" [_thread_blocked, id=13328, stack(0x0000006436800000,0x0000006436900000)]
  0x000001a50a287820 JavaThread "Cache worker for execution history cache (C:\Users\scher\.gradle\caches\8.0\executionHistory)" [_thread_blocked, id=11884, stack(0x0000006436900000,0x0000006436a00000)]
  0x000001a50a28bb80 JavaThread "jar transforms" [_thread_blocked, id=2792, stack(0x0000006436a00000,0x0000006436b00000)]
  0x000001a50a287cf0 JavaThread "jar transforms Thread 2" [_thread_blocked, id=7316, stack(0x0000006436b00000,0x0000006436c00000)]
  0x000001a50a2869b0 JavaThread "jar transforms Thread 3" [_thread_blocked, id=9800, stack(0x0000006436c00000,0x0000006436d00000)]
  0x000001a50a287350 JavaThread "jar transforms Thread 4" [_thread_blocked, id=4300, stack(0x0000006436d00000,0x0000006436e00000)]
  0x000001a50a2881c0 JavaThread "Cache worker for dependencies-accessors (C:\Users\scher\Documents\PROJETOS ANDROID\RECICLAAI\.gradle\8.0\dependencies-accessors)" [_thread_blocked, id=12588, stack(0x0000006436e00000,0x0000006436f00000)]
  0x000001a50a288b60 JavaThread "jar transforms Thread 5" [_thread_blocked, id=4376, stack(0x0000006436f00000,0x0000006437000000)]
  0x000001a50a289ea0 JavaThread "Cache worker for Build Output Cleanup Cache (C:\Users\scher\Documents\PROJETOS ANDROID\RECICLAAI\.gradle\buildOutputCleanup)" [_thread_blocked, id=15104, stack(0x0000006437000000,0x0000006437100000)]
  0x000001a50a28a840 JavaThread "Unconstrained build operations" [_thread_blocked, id=13508, stack(0x0000006437100000,0x0000006437200000)]
  0x000001a50a28ad10 JavaThread "Unconstrained build operations Thread 2" [_thread_blocked, id=14784, stack(0x0000006437200000,0x0000006437300000)]
  0x000001a509a7ea10 JavaThread "Unconstrained build operations Thread 3" [_thread_blocked, id=13324, stack(0x0000006437300000,0x0000006437400000)]
  0x000001a509a80220 JavaThread "Unconstrained build operations Thread 4" [_thread_blocked, id=11128, stack(0x0000006437400000,0x0000006437500000)]
  0x000001a509a7e070 JavaThread "Unconstrained build operations Thread 5" [_thread_blocked, id=9396, stack(0x0000006437500000,0x0000006437600000)]
  0x000001a509a7f880 JavaThread "Unconstrained build operations Thread 6" [_thread_blocked, id=2476, stack(0x0000006437600000,0x0000006437700000)]
  0x000001a509a81a30 JavaThread "Unconstrained build operations Thread 7" [_thread_blocked, id=13800, stack(0x0000006437700000,0x0000006437800000)]
  0x000001a509a7e540 JavaThread "Unconstrained build operations Thread 8" [_thread_blocked, id=2804, stack(0x0000006437800000,0x0000006437900000)]
  0x000001a509a7fd50 JavaThread "Unconstrained build operations Thread 9" [_thread_blocked, id=5412, stack(0x0000006437900000,0x0000006437a00000)]
  0x000001a509a7f3b0 JavaThread "Unconstrained build operations Thread 10" [_thread_blocked, id=7244, stack(0x0000006437a00000,0x0000006437b00000)]
  0x000001a509a7eee0 JavaThread "Unconstrained build operations Thread 11" [_thread_blocked, id=12628, stack(0x0000006437b00000,0x0000006437c00000)]
  0x000001a509a81090 JavaThread "Unconstrained build operations Thread 12" [_thread_blocked, id=12188, stack(0x0000006437c00000,0x0000006437d00000)]
  0x000001a509a81560 JavaThread "Unconstrained build operations Thread 13" [_thread_blocked, id=11828, stack(0x0000006437d00000,0x0000006437e00000)]
  0x000001a509a806f0 JavaThread "Unconstrained build operations Thread 14" [_thread_blocked, id=7572, stack(0x0000006437e00000,0x0000006437f00000)]
  0x000001a509a80bc0 JavaThread "Unconstrained build operations Thread 15" [_thread_blocked, id=9764, stack(0x0000006437f00000,0x0000006438000000)]
  0x000001a50cff6cb0 JavaThread "Unconstrained build operations Thread 16" [_thread_blocked, id=7120, stack(0x0000006438000000,0x0000006438100000)]
  0x000001a50cff5970 JavaThread "Unconstrained build operations Thread 17" [_thread_blocked, id=10716, stack(0x0000006438100000,0x0000006438200000)]
  0x000001a50cffd1c0 JavaThread "Unconstrained build operations Thread 18" [_thread_blocked, id=15224, stack(0x0000006438200000,0x0000006438300000)]
  0x000001a50cffa670 JavaThread "Unconstrained build operations Thread 19" [_thread_blocked, id=4960, stack(0x0000006438300000,0x0000006438400000)]
  0x000001a50cff67e0 JavaThread "Unconstrained build operations Thread 20" [_thread_blocked, id=10860, stack(0x0000006438400000,0x0000006438500000)]
  0x000001a50cff9330 JavaThread "Unconstrained build operations Thread 21" [_thread_blocked, id=6884, stack(0x0000006438500000,0x0000006438600000)]
  0x000001a50cffc350 JavaThread "Unconstrained build operations Thread 22" [_thread_blocked, id=4440, stack(0x0000006438600000,0x0000006438700000)]
  0x000001a50cff5e40 JavaThread "Unconstrained build operations Thread 23" [_thread_blocked, id=8996, stack(0x0000006438700000,0x0000006438800000)]
  0x000001a50cff7180 JavaThread "Unconstrained build operations Thread 24" [_thread_blocked, id=13576, stack(0x0000006438800000,0x0000006438900000)]
  0x000001a50cff7650 JavaThread "Unconstrained build operations Thread 25" [_thread_blocked, id=12852, stack(0x0000006438900000,0x0000006438a00000)]
  0x000001a50cff8e60 JavaThread "Unconstrained build operations Thread 26" [_thread_blocked, id=7452, stack(0x0000006438a00000,0x0000006438b00000)]
  0x000001a50cff7ff0 JavaThread "Unconstrained build operations Thread 27" [_thread_blocked, id=10084, stack(0x0000006438b00000,0x0000006438c00000)]
  0x000001a50cffab40 JavaThread "Unconstrained build operations Thread 28" [_thread_blocked, id=13744, stack(0x0000006438c00000,0x0000006438d00000)]
  0x000001a50cffb4e0 JavaThread "Unconstrained build operations Thread 29" [_thread_blocked, id=10124, stack(0x0000006438d00000,0x0000006438e00000)]
  0x000001a50cff7b20 JavaThread "Unconstrained build operations Thread 30" [_thread_blocked, id=1408, stack(0x0000006438e00000,0x0000006438f00000)]
  0x000001a50cffc820 JavaThread "Unconstrained build operations Thread 31" [_thread_blocked, id=11580, stack(0x0000006438f00000,0x0000006439000000)]
  0x000001a50cff6310 JavaThread "Unconstrained build operations Thread 32" [_thread_blocked, id=1752, stack(0x0000006439000000,0x0000006439100000)]
  0x000001a50cff8990 JavaThread "Unconstrained build operations Thread 33" [_thread_blocked, id=8288, stack(0x0000006439100000,0x0000006439200000)]
  0x000001a50cff9800 JavaThread "Unconstrained build operations Thread 34" [_thread_blocked, id=8144, stack(0x0000006439200000,0x0000006439300000)]
  0x000001a50cff84c0 JavaThread "Unconstrained build operations Thread 35" [_thread_blocked, id=11492, stack(0x0000006439300000,0x0000006439400000)]
  0x000001a50cff9cd0 JavaThread "Unconstrained build operations Thread 36" [_thread_blocked, id=9412, stack(0x0000006439400000,0x0000006439500000)]
  0x000001a50cffa1a0 JavaThread "Unconstrained build operations Thread 37" [_thread_blocked, id=11900, stack(0x0000006439500000,0x0000006439600000)]
  0x000001a50cffb010 JavaThread "Unconstrained build operations Thread 38" [_thread_blocked, id=4952, stack(0x0000006439600000,0x0000006439700000)]
  0x000001a50cffb9b0 JavaThread "Unconstrained build operations Thread 39" [_thread_blocked, id=8008, stack(0x0000006439700000,0x0000006439800000)]
  0x000001a50cffbe80 JavaThread "Unconstrained build operations Thread 40" [_thread_blocked, id=6536, stack(0x0000006439800000,0x0000006439900000)]
  0x000001a50cffccf0 JavaThread "Unconstrained build operations Thread 41" [_thread_blocked, id=3432, stack(0x0000006439900000,0x0000006439a00000)]
  0x000001a50c226a60 JavaThread "Unconstrained build operations Thread 42" [_thread_blocked, id=8304, stack(0x0000006439a00000,0x0000006439b00000)]
  0x000001a50c226f30 JavaThread "Unconstrained build operations Thread 43" [_thread_blocked, id=10464, stack(0x0000006439b00000,0x0000006439c00000)]
  0x000001a50c227400 JavaThread "Unconstrained build operations Thread 44" [_thread_blocked, id=1100, stack(0x0000006439c00000,0x0000006439d00000)]
  0x000001a50c2243e0 JavaThread "Unconstrained build operations Thread 45" [_thread_blocked, id=2160, stack(0x0000006439d00000,0x0000006439e00000)]
  0x000001a50c225bf0 JavaThread "Unconstrained build operations Thread 46" [_thread_blocked, id=13492, stack(0x0000006439e00000,0x0000006439f00000)]
  0x000001a50c220ef0 JavaThread "Unconstrained build operations Thread 47" [_thread_blocked, id=9956, stack(0x0000006439f00000,0x000000643a000000)]
  0x000001a50c2278d0 JavaThread "Unconstrained build operations Thread 48" [_thread_blocked, id=7368, stack(0x000000643a000000,0x000000643a100000)]
  0x000001a50c2260c0 JavaThread "Unconstrained build operations Thread 49" [_thread_blocked, id=10624, stack(0x000000643a100000,0x000000643a200000)]
  0x000001a50c222700 JavaThread "Unconstrained build operations Thread 50" [_thread_blocked, id=11156, stack(0x000000643a200000,0x000000643a300000)]
  0x000001a50c220550 JavaThread "Unconstrained build operations Thread 51" [_thread_blocked, id=7968, stack(0x000000643a300000,0x000000643a400000)]
  0x000001a50c222bd0 JavaThread "Unconstrained build operations Thread 52" [_thread_blocked, id=3152, stack(0x000000643a400000,0x000000643a500000)]
  0x000001a50c220a20 JavaThread "Unconstrained build operations Thread 53" [_thread_blocked, id=10440, stack(0x000000643a500000,0x000000643a600000)]
  0x000001a50c221890 JavaThread "Unconstrained build operations Thread 54" [_thread_blocked, id=3592, stack(0x000000643a600000,0x000000643a700000)]
  0x000001a50c221d60 JavaThread "Unconstrained build operations Thread 55" [_thread_blocked, id=6708, stack(0x000000643a700000,0x000000643a800000)]
  0x000001a50c2213c0 JavaThread "Unconstrained build operations Thread 56" [_thread_blocked, id=12896, stack(0x000000643a800000,0x000000643a900000)]
  0x000001a50c225720 JavaThread "Unconstrained build operations Thread 57" [_thread_blocked, id=5764, stack(0x000000643a900000,0x000000643aa00000)]
  0x000001a50c2230a0 JavaThread "Unconstrained build operations Thread 58" [_thread_blocked, id=12648, stack(0x000000643aa00000,0x000000643ab00000)]
  0x000001a50c2248b0 JavaThread "Unconstrained build operations Thread 59" [_thread_blocked, id=3444, stack(0x000000643ab00000,0x000000643ac00000)]
  0x000001a50c224d80 JavaThread "Unconstrained build operations Thread 60" [_thread_blocked, id=6316, stack(0x000000643ac00000,0x000000643ad00000)]
  0x000001a50c222230 JavaThread "Unconstrained build operations Thread 61" [_thread_blocked, id=4556, stack(0x000000643ad00000,0x000000643ae00000)]
  0x000001a50c225250 JavaThread "Unconstrained build operations Thread 62" [_thread_blocked, id=1656, stack(0x000000643ae00000,0x000000643af00000)]
  0x000001a50c226590 JavaThread "Unconstrained build operations Thread 63" [_thread_blocked, id=5332, stack(0x000000643af00000,0x000000643b000000)]
  0x000001a50c220080 JavaThread "Unconstrained build operations Thread 64" [_thread_blocked, id=6768, stack(0x000000643b000000,0x000000643b100000)]
  0x000001a50c223570 JavaThread "Unconstrained build operations Thread 65" [_thread_blocked, id=10608, stack(0x000000643b100000,0x000000643b200000)]
  0x000001a50c223a40 JavaThread "Unconstrained build operations Thread 66" [_thread_blocked, id=1864, stack(0x000000643b200000,0x000000643b300000)]
  0x000001a50c223f10 JavaThread "Unconstrained build operations Thread 67" [_thread_blocked, id=3288, stack(0x000000643b300000,0x000000643b400000)]
  0x000001a50d335c80 JavaThread "Unconstrained build operations Thread 68" [_thread_blocked, id=5992, stack(0x000000643b400000,0x000000643b500000)]
  0x000001a50d333fa0 JavaThread "Unconstrained build operations Thread 69" [_thread_blocked, id=2836, stack(0x000000643b500000,0x000000643b600000)]
  0x000001a50d331920 JavaThread "Unconstrained build operations Thread 70" [_thread_blocked, id=14328, stack(0x000000643b600000,0x000000643b700000)]
  0x000001a50d32edd0 JavaThread "Unconstrained build operations Thread 71" [_thread_blocked, id=14340, stack(0x000000643b700000,0x000000643b800000)]
  0x000001a50d331450 JavaThread "Unconstrained build operations Thread 72" [_thread_blocked, id=8108, stack(0x000000643b800000,0x000000643b900000)]
  0x000001a50d32f770 JavaThread "Unconstrained build operations Thread 73" [_thread_blocked, id=2436, stack(0x000000643b900000,0x000000643ba00000)]
  0x000001a50d332790 JavaThread "Unconstrained build operations Thread 74" [_thread_blocked, id=6320, stack(0x000000643ba00000,0x000000643bb00000)]
  0x000001a50d32f2a0 JavaThread "Unconstrained build operations Thread 75" [_thread_blocked, id=2880, stack(0x000000643bb00000,0x000000643bc00000)]
  0x000001a50d333ad0 JavaThread "Unconstrained build operations Thread 76" [_thread_blocked, id=14180, stack(0x000000643bc00000,0x000000643bd00000)]
  0x000001a50d332c60 JavaThread "Unconstrained build operations Thread 77" [_thread_blocked, id=2564, stack(0x000000643bd00000,0x000000643be00000)]
  0x000001a50d330110 JavaThread "Unconstrained build operations Thread 78" [_thread_blocked, id=1368, stack(0x000000643be00000,0x000000643bf00000)]
  0x000001a50d331df0 JavaThread "Unconstrained build operations Thread 79" [_thread_blocked, id=10916, stack(0x000000643bf00000,0x000000643c000000)]
  0x000001a50d32fc40 JavaThread "Unconstrained build operations Thread 80" [_thread_blocked, id=4684, stack(0x000000643c000000,0x000000643c100000)]
  0x000001a50d3357b0 JavaThread "jar transforms Thread 6" [_thread_blocked, id=9316, stack(0x000000643c100000,0x000000643c200000)]
  0x000001a50d336620 JavaThread "jar transforms Thread 7" [_thread_blocked, id=2896, stack(0x000000643c200000,0x000000643c300000)]
  0x000001a50d336150 JavaThread "jar transforms Thread 8" [_thread_blocked, id=12960, stack(0x000000643c300000,0x000000643c400000)]
  0x000001a50d3322c0 JavaThread "build event listener" [_thread_blocked, id=2300, stack(0x000000643c400000,0x000000643c500000)]
  0x000001a50d333130 JavaThread "Memory manager" [_thread_blocked, id=12116, stack(0x000000643c500000,0x000000643c600000)]
  0x000001a509b125f0 JavaThread "included builds" [_thread_blocked, id=11444, stack(0x000000643c600000,0x000000643c700000)]
  0x000001a509b0ddc0 JavaThread "Execution worker" [_thread_blocked, id=6996, stack(0x000000643c700000,0x000000643c800000)]
  0x000001a509b0e290 JavaThread "Execution worker Thread 2" [_thread_blocked, id=13896, stack(0x000000643c800000,0x000000643c900000)]
  0x000001a509b13930 JavaThread "Execution worker Thread 3" [_thread_blocked, id=9592, stack(0x000000643c900000,0x000000643ca00000)]
  0x000001a509b0c0e0 JavaThread "Execution worker Thread 4" [_thread_blocked, id=3364, stack(0x000000643ca00000,0x000000643cb00000)]
  0x000001a509b12ac0 JavaThread "Execution worker Thread 5" [_thread_blocked, id=6436, stack(0x000000643cb00000,0x000000643cc00000)]
  0x000001a509b0c5b0 JavaThread "Execution worker Thread 6" [_thread_blocked, id=13968, stack(0x000000643cc00000,0x000000643cd00000)]
  0x000001a509b0e760 JavaThread "Execution worker Thread 7" [_thread_blocked, id=7460, stack(0x000000643cd00000,0x000000643ce00000)]
  0x000001a509b0ec30 JavaThread "Cache worker for execution history cache (C:\Users\scher\Documents\PROJETOS ANDROID\RECICLAAI\.gradle\8.0\executionHistory)" [_thread_blocked, id=12884, stack(0x000000643ce00000,0x000000643cf00000)]
  0x000001a509b0ca80 JavaThread "WorkerExecutor Queue" [_thread_blocked, id=15096, stack(0x000000643cf00000,0x000000643d000000)]
  0x000001a510164a60 JavaThread "WorkerExecutor Queue Thread 2" [_thread_blocked, id=12856, stack(0x000000643d000000,0x000000643d100000)]
  0x000001a50a6de5f0 JavaThread "C2 CompilerThread2" daemon [_thread_blocked, id=5528, stack(0x0000006434c00000,0x0000006434d00000)]
  0x000001a510bb86e0 JavaThread "WorkerExecutor Queue Thread 3" [_thread_blocked, id=9280, stack(0x000000643d500000,0x000000643d600000)]
  0x000001a510bb7d40 JavaThread "WorkerExecutor Queue Thread 4" [_thread_blocked, id=10560, stack(0x000000643d600000,0x000000643d700000)]
  0x000001a510bb8210 JavaThread "WorkerExecutor Queue Thread 5" [_thread_blocked, id=14712, stack(0x000000643d700000,0x000000643d800000)]
  0x000001a510bb8bb0 JavaThread "WorkerExecutor Queue Thread 6" [_thread_blocked, id=4172, stack(0x000000643d800000,0x000000643d900000)]
  0x000001a510bb9080 JavaThread "WorkerExecutor Queue Thread 7" [_thread_blocked, id=12456, stack(0x000000643d900000,0x000000643da00000)]
  0x000001a50ff17fb0 JavaThread "WorkerExecutor Queue Thread 8" [_thread_blocked, id=14632, stack(0x000000643da00000,0x000000643db00000)]

Other Threads:
=>0x000001a57fbd3b40 VMThread "VM Thread" [stack: 0x0000006433e00000,0x0000006433f00000] [id=6816]
  0x000001a56bdd6510 WatcherThread [stack: 0x0000006434a00000,0x0000006434b00000] [id=15340]
  0x000001a56bdab3a0 GCTaskThread "GC Thread#0" [stack: 0x0000006433900000,0x0000006433a00000] [id=12964]
  0x000001a5075e0060 GCTaskThread "GC Thread#1" [stack: 0x0000006434d00000,0x0000006434e00000] [id=796]
  0x000001a5075e0310 GCTaskThread "GC Thread#2" [stack: 0x0000006434e00000,0x0000006434f00000] [id=12252]
  0x000001a507349bf0 GCTaskThread "GC Thread#3" [stack: 0x0000006434f00000,0x0000006435000000] [id=15252]
  0x000001a507d67590 GCTaskThread "GC Thread#4" [stack: 0x0000006435000000,0x0000006435100000] [id=10288]
  0x000001a5097d8060 GCTaskThread "GC Thread#5" [stack: 0x0000006435b00000,0x0000006435c00000] [id=12328]
  0x000001a506ee53d0 GCTaskThread "GC Thread#6" [stack: 0x0000006435c00000,0x0000006435d00000] [id=7344]
  0x000001a508077a40 GCTaskThread "GC Thread#7" [stack: 0x0000006435d00000,0x0000006435e00000] [id=13740]
  0x000001a56bdbcaf0 ConcurrentGCThread "G1 Main Marker" [stack: 0x0000006433a00000,0x0000006433b00000] [id=13868]
  0x000001a56bdbd500 ConcurrentGCThread "G1 Conc#0" [stack: 0x0000006433b00000,0x0000006433c00000] [id=12748]
  0x000001a5095a5890 ConcurrentGCThread "G1 Conc#1" [stack: 0x0000006435e00000,0x0000006435f00000] [id=7972]
  0x000001a57f9f80f0 ConcurrentGCThread "G1 Refine#0" [stack: 0x0000006433c00000,0x0000006433d00000] [id=15320]
  0x000001a50d5663b0 ConcurrentGCThread "G1 Refine#1" [stack: 0x000000643d100000,0x000000643d200000] [id=13224]
  0x000001a50d566690 ConcurrentGCThread "G1 Refine#2" [stack: 0x000000643d200000,0x000000643d300000] [id=12224]
  0x000001a50d5674f0 ConcurrentGCThread "G1 Refine#3" [stack: 0x000000643d300000,0x000000643d400000] [id=4812]
  0x000001a50d5677d0 ConcurrentGCThread "G1 Refine#4" [stack: 0x000000643d400000,0x000000643d500000] [id=1532]
  0x000001a57f9fa930 ConcurrentGCThread "G1 Service" [stack: 0x0000006433d00000,0x0000006433e00000] [id=13048]

Threads with active compile tasks:
C2 CompilerThread0    11752 11681       4       com.android.utils.XmlUtils::append (597 bytes)
C1 CompilerThread0    11752 12122       2       com.android.aaptcompiler.android.ResTableConfig::<init> (376 bytes)
C2 CompilerThread1    11752 11722   !   4       java.io.ObjectOutputStream::writeSerialData (223 bytes)
C2 CompilerThread2    11752 11826   !   4       java.io.ObjectInputStream::readSerialData (549 bytes)

VM state: at safepoint (normal execution)

VM Mutex/Monitor currently owned by a thread:  ([mutex/lock_event])
[0x000001a56bd49500] Threads_lock - owner thread: 0x000001a57fbd3b40
[0x000001a56bd48db0] Heap_lock - owner thread: 0x000001a510bb8bb0

Heap address: 0x0000000080000000, size: 2048 MB, Compressed Oops mode: 32-bit

CDS archive(s) not mapped
Compressed class space mapped at: 0x0000000100000000-0x0000000140000000, reserved size: 1073741824
Narrow klass base: 0x0000000000000000, Narrow klass shift: 3, Narrow klass range: 0x140000000

GC Precious Log:
 CPUs: 8 total, 8 available
 Memory: 8072M
 Large Page Support: Disabled
 NUMA Support: Disabled
 Compressed Oops: Enabled (32-bit)
 Heap Region Size: 1M
 Heap Min Capacity: 8M
 Heap Initial Capacity: 128M
 Heap Max Capacity: 2G
 Pre-touch: Disabled
 Parallel Workers: 8
 Concurrent Workers: 2
 Concurrent Refinement Workers: 8
 Periodic GC: Disabled

Heap:
 garbage-first heap   total 200704K, used 140192K [0x0000000080000000, 0x0000000100000000)
  region size 1024K, 4 young (4096K), 4 survivors (4096K)
 Metaspace       used 94731K, committed 95488K, reserved 1138688K
  class space    used 12684K, committed 13056K, reserved 1048576K

Heap Regions: E=young(eden), S=young(survivor), O=old, HS=humongous(starts), HC=humongous(continues), CS=collection set, F=free, OA=open archive, CA=closed archive, TAMS=top-at-mark-start (previous, next)
|   0|0x0000000080000000, 0x0000000080100000, 0x0000000080100000|100%|HS|  |TAMS 0x0000000080100000, 0x0000000080000000| Complete 
|   1|0x0000000080100000, 0x0000000080200000, 0x0000000080200000|100%|HC|  |TAMS 0x0000000080200000, 0x0000000080100000| Complete 
|   2|0x0000000080200000, 0x0000000080300000, 0x0000000080300000|100%|HC|  |TAMS 0x0000000080300000, 0x0000000080200000| Complete 
|   3|0x0000000080300000, 0x0000000080400000, 0x0000000080400000|100%|HC|  |TAMS 0x0000000080400000, 0x0000000080300000| Complete 
|   4|0x0000000080400000, 0x0000000080500000, 0x0000000080500000|100%| O|  |TAMS 0x0000000080500000, 0x0000000080400000| Untracked 
|   5|0x0000000080500000, 0x0000000080600000, 0x0000000080600000|100%| O|  |TAMS 0x0000000080600000, 0x0000000080500000| Untracked 
|   6|0x0000000080600000, 0x0000000080700000, 0x0000000080700000|100%| O|  |TAMS 0x0000000080700000, 0x0000000080600000| Untracked 
|   7|0x0000000080700000, 0x0000000080800000, 0x0000000080800000|100%| O|  |TAMS 0x0000000080800000, 0x0000000080700000| Untracked 
|   8|0x0000000080800000, 0x0000000080900000, 0x0000000080900000|100%| O|  |TAMS 0x0000000080900000, 0x0000000080800000| Untracked 
|   9|0x0000000080900000, 0x0000000080a00000, 0x0000000080a00000|100%| O|  |TAMS 0x0000000080a00000, 0x0000000080900000| Untracked 
|  10|0x0000000080a00000, 0x0000000080b00000, 0x0000000080b00000|100%| O|  |TAMS 0x0000000080b00000, 0x0000000080a00000| Untracked 
|  11|0x0000000080b00000, 0x0000000080c00000, 0x0000000080c00000|100%| O|  |TAMS 0x0000000080c00000, 0x0000000080b00000| Untracked 
|  12|0x0000000080c00000, 0x0000000080d00000, 0x0000000080d00000|100%| O|  |TAMS 0x0000000080d00000, 0x0000000080c00000| Untracked 
|  13|0x0000000080d00000, 0x0000000080e00000, 0x0000000080e00000|100%| O|  |TAMS 0x0000000080e00000, 0x0000000080d00000| Untracked 
|  14|0x0000000080e00000, 0x0000000080f00000, 0x0000000080f00000|100%| O|  |TAMS 0x0000000080f00000, 0x0000000080e00000| Untracked 
|  15|0x0000000080f00000, 0x0000000081000000, 0x0000000081000000|100%| O|  |TAMS 0x0000000081000000, 0x0000000080f00000| Untracked 
|  16|0x0000000081000000, 0x0000000081100000, 0x0000000081100000|100%| O|  |TAMS 0x0000000081100000, 0x0000000081000000| Untracked 
|  17|0x0000000081100000, 0x0000000081200000, 0x0000000081200000|100%| O|  |TAMS 0x0000000081200000, 0x0000000081100000| Untracked 
|  18|0x0000000081200000, 0x0000000081300000, 0x0000000081300000|100%| O|  |TAMS 0x0000000081300000, 0x0000000081200000| Untracked 
|  19|0x0000000081300000, 0x0000000081400000, 0x0000000081400000|100%| O|  |TAMS 0x0000000081400000, 0x0000000081300000| Untracked 
|  20|0x0000000081400000, 0x0000000081500000, 0x0000000081500000|100%| O|  |TAMS 0x0000000081500000, 0x0000000081400000| Untracked 
|  21|0x0000000081500000, 0x0000000081600000, 0x0000000081600000|100%| O|  |TAMS 0x0000000081600000, 0x0000000081500000| Untracked 
|  22|0x0000000081600000, 0x0000000081700000, 0x0000000081700000|100%| O|  |TAMS 0x0000000081700000, 0x0000000081600000| Untracked 
|  23|0x0000000081700000, 0x0000000081800000, 0x0000000081800000|100%| O|  |TAMS 0x0000000081800000, 0x0000000081700000| Untracked 
|  24|0x0000000081800000, 0x0000000081900000, 0x0000000081900000|100%| O|  |TAMS 0x0000000081900000, 0x0000000081800000| Untracked 
|  25|0x0000000081900000, 0x0000000081a00000, 0x0000000081a00000|100%| O|  |TAMS 0x0000000081a00000, 0x0000000081900000| Untracked 
|  26|0x0000000081a00000, 0x0000000081b00000, 0x0000000081b00000|100%| O|  |TAMS 0x0000000081b00000, 0x0000000081a00000| Untracked 
|  27|0x0000000081b00000, 0x0000000081c00000, 0x0000000081c00000|100%| O|  |TAMS 0x0000000081c00000, 0x0000000081b00000| Untracked 
|  28|0x0000000081c00000, 0x0000000081d00000, 0x0000000081d00000|100%| O|  |TAMS 0x0000000081d00000, 0x0000000081c00000| Untracked 
|  29|0x0000000081d00000, 0x0000000081e00000, 0x0000000081e00000|100%| O|  |TAMS 0x0000000081e00000, 0x0000000081d00000| Untracked 
|  30|0x0000000081e00000, 0x0000000081f00000, 0x0000000081f00000|100%| O|  |TAMS 0x0000000081f00000, 0x0000000081e00000| Untracked 
|  31|0x0000000081f00000, 0x0000000082000000, 0x0000000082000000|100%| O|  |TAMS 0x0000000082000000, 0x0000000081f00000| Untracked 
|  32|0x0000000082000000, 0x0000000082100000, 0x0000000082100000|100%| O|  |TAMS 0x0000000082100000, 0x0000000082000000| Untracked 
|  33|0x0000000082100000, 0x0000000082200000, 0x0000000082200000|100%| O|  |TAMS 0x0000000082200000, 0x0000000082100000| Untracked 
|  34|0x0000000082200000, 0x0000000082300000, 0x0000000082300000|100%| O|  |TAMS 0x0000000082300000, 0x0000000082200000| Untracked 
|  35|0x0000000082300000, 0x0000000082400000, 0x0000000082400000|100%| O|  |TAMS 0x0000000082300000, 0x0000000082300000| Untracked 
|  36|0x0000000082400000, 0x0000000082500000, 0x0000000082500000|100%|HS|  |TAMS 0x0000000082500000, 0x0000000082400000| Complete 
|  37|0x0000000082500000, 0x0000000082600000, 0x0000000082600000|100%|HS|  |TAMS 0x0000000082600000, 0x0000000082500000| Complete 
|  38|0x0000000082600000, 0x0000000082700000, 0x0000000082700000|100%| O|  |TAMS 0x0000000082700000, 0x0000000082600000| Untracked 
|  39|0x0000000082700000, 0x0000000082800000, 0x0000000082800000|100%| O|  |TAMS 0x0000000082800000, 0x0000000082700000| Untracked 
|  40|0x0000000082800000, 0x0000000082900000, 0x0000000082900000|100%| O|  |TAMS 0x0000000082800000, 0x0000000082800000| Untracked 
|  41|0x0000000082900000, 0x0000000082a00000, 0x0000000082a00000|100%| O|  |TAMS 0x0000000082a00000, 0x0000000082900000| Untracked 
|  42|0x0000000082a00000, 0x0000000082b00000, 0x0000000082b00000|100%|HS|  |TAMS 0x0000000082b00000, 0x0000000082a00000| Complete 
|  43|0x0000000082b00000, 0x0000000082c00000, 0x0000000082c00000|100%| O|  |TAMS 0x0000000082c00000, 0x0000000082b00000| Untracked 
|  44|0x0000000082c00000, 0x0000000082d00000, 0x0000000082d00000|100%| O|  |TAMS 0x0000000082d00000, 0x0000000082c00000| Untracked 
|  45|0x0000000082d00000, 0x0000000082e00000, 0x0000000082e00000|100%| O|  |TAMS 0x0000000082e00000, 0x0000000082d00000| Untracked 
|  46|0x0000000082e00000, 0x0000000082f00000, 0x0000000082f00000|100%| O|  |TAMS 0x0000000082f00000, 0x0000000082e00000| Untracked 
|  47|0x0000000082f00000, 0x0000000083000000, 0x0000000083000000|100%| O|  |TAMS 0x0000000083000000, 0x0000000082f00000| Untracked 
|  48|0x0000000083000000, 0x0000000083100000, 0x0000000083100000|100%| O|  |TAMS 0x0000000083100000, 0x0000000083000000| Untracked 
|  49|0x0000000083100000, 0x0000000083200000, 0x0000000083200000|100%| O|  |TAMS 0x0000000083200000, 0x0000000083100000| Untracked 
|  50|0x0000000083200000, 0x0000000083300000, 0x0000000083300000|100%| O|  |TAMS 0x0000000083300000, 0x0000000083200000| Untracked 
|  51|0x0000000083300000, 0x0000000083400000, 0x0000000083400000|100%| O|  |TAMS 0x0000000083400000, 0x0000000083300000| Untracked 
|  52|0x0000000083400000, 0x0000000083500000, 0x0000000083500000|100%| O|  |TAMS 0x0000000083500000, 0x0000000083400000| Untracked 
|  53|0x0000000083500000, 0x0000000083600000, 0x0000000083600000|100%| O|  |TAMS 0x0000000083600000, 0x0000000083500000| Untracked 
|  54|0x0000000083600000, 0x0000000083700000, 0x0000000083700000|100%| O|  |TAMS 0x0000000083700000, 0x0000000083600000| Untracked 
|  55|0x0000000083700000, 0x0000000083800000, 0x0000000083800000|100%| O|  |TAMS 0x0000000083800000, 0x0000000083700000| Untracked 
|  56|0x0000000083800000, 0x0000000083900000, 0x0000000083900000|100%| O|  |TAMS 0x0000000083900000, 0x0000000083800000| Untracked 
|  57|0x0000000083900000, 0x0000000083a00000, 0x0000000083a00000|100%| O|  |TAMS 0x0000000083a00000, 0x0000000083900000| Untracked 
|  58|0x0000000083a00000, 0x0000000083b00000, 0x0000000083b00000|100%| O|  |TAMS 0x0000000083b00000, 0x0000000083a00000| Untracked 
|  59|0x0000000083b00000, 0x0000000083c00000, 0x0000000083c00000|100%| O|  |TAMS 0x0000000083c00000, 0x0000000083b00000| Untracked 
|  60|0x0000000083c00000, 0x0000000083d00000, 0x0000000083d00000|100%| O|  |TAMS 0x0000000083d00000, 0x0000000083c00000| Untracked 
|  61|0x0000000083d00000, 0x0000000083e00000, 0x0000000083e00000|100%| O|  |TAMS 0x0000000083e00000, 0x0000000083d00000| Untracked 
|  62|0x0000000083e00000, 0x0000000083f00000, 0x0000000083f00000|100%| O|  |TAMS 0x0000000083f00000, 0x0000000083e00000| Untracked 
|  63|0x0000000083f00000, 0x0000000084000000, 0x0000000084000000|100%| O|  |TAMS 0x0000000084000000, 0x0000000083f00000| Untracked 
|  64|0x0000000084000000, 0x0000000084100000, 0x0000000084100000|100%| O|  |TAMS 0x0000000084000000, 0x0000000084000000| Untracked 
|  65|0x0000000084100000, 0x0000000084200000, 0x0000000084200000|100%| O|  |TAMS 0x0000000084200000, 0x0000000084100000| Untracked 
|  66|0x0000000084200000, 0x0000000084300000, 0x0000000084300000|100%| O|  |TAMS 0x0000000084300000, 0x0000000084200000| Untracked 
|  67|0x0000000084300000, 0x0000000084400000, 0x0000000084400000|100%| O|  |TAMS 0x0000000084400000, 0x0000000084300000| Untracked 
|  68|0x0000000084400000, 0x0000000084500000, 0x0000000084500000|100%| O|  |TAMS 0x0000000084500000, 0x0000000084400000| Untracked 
|  69|0x0000000084500000, 0x0000000084600000, 0x0000000084600000|100%| O|  |TAMS 0x0000000084600000, 0x0000000084500000| Untracked 
|  70|0x0000000084600000, 0x0000000084700000, 0x0000000084700000|100%| O|  |TAMS 0x0000000084624c00, 0x0000000084600000| Untracked 
|  71|0x0000000084700000, 0x0000000084800000, 0x0000000084800000|100%| O|  |TAMS 0x0000000084700000, 0x0000000084700000| Untracked 
|  72|0x0000000084800000, 0x0000000084900000, 0x0000000084900000|100%| O|  |TAMS 0x0000000084800000, 0x0000000084800000| Untracked 
|  73|0x0000000084900000, 0x0000000084a00000, 0x0000000084a00000|100%| O|  |TAMS 0x0000000084900000, 0x0000000084900000| Untracked 
|  74|0x0000000084a00000, 0x0000000084b00000, 0x0000000084b00000|100%| O|  |TAMS 0x0000000084a00000, 0x0000000084a00000| Untracked 
|  75|0x0000000084b00000, 0x0000000084c00000, 0x0000000084c00000|100%| O|  |TAMS 0x0000000084b00000, 0x0000000084b00000| Untracked 
|  76|0x0000000084c00000, 0x0000000084d00000, 0x0000000084d00000|100%| O|  |TAMS 0x0000000084c00000, 0x0000000084c00000| Untracked 
|  77|0x0000000084d00000, 0x0000000084e00000, 0x0000000084e00000|100%| O|  |TAMS 0x0000000084d00000, 0x0000000084d00000| Untracked 
|  78|0x0000000084e00000, 0x0000000084f00000, 0x0000000084f00000|100%| O|  |TAMS 0x0000000084e00000, 0x0000000084e00000| Untracked 
|  79|0x0000000084f00000, 0x0000000085000000, 0x0000000085000000|100%| O|  |TAMS 0x0000000084f00000, 0x0000000084f00000| Untracked 
|  80|0x0000000085000000, 0x0000000085100000, 0x0000000085100000|100%| O|  |TAMS 0x0000000085000000, 0x0000000085000000| Untracked 
|  81|0x0000000085100000, 0x0000000085200000, 0x0000000085200000|100%| O|  |TAMS 0x0000000085100000, 0x0000000085100000| Untracked 
|  82|0x0000000085200000, 0x0000000085300000, 0x0000000085300000|100%| O|  |TAMS 0x0000000085200000, 0x0000000085200000| Untracked 
|  83|0x0000000085300000, 0x0000000085400000, 0x0000000085400000|100%| O|  |TAMS 0x0000000085300000, 0x0000000085300000| Untracked 
|  84|0x0000000085400000, 0x0000000085500000, 0x0000000085500000|100%| O|  |TAMS 0x0000000085400000, 0x0000000085400000| Untracked 
|  85|0x0000000085500000, 0x0000000085600000, 0x0000000085600000|100%| O|  |TAMS 0x0000000085500000, 0x0000000085500000| Untracked 
|  86|0x0000000085600000, 0x0000000085700000, 0x0000000085700000|100%| O|  |TAMS 0x0000000085600000, 0x0000000085600000| Untracked 
|  87|0x0000000085700000, 0x0000000085800000, 0x0000000085800000|100%| O|  |TAMS 0x0000000085700000, 0x0000000085700000| Untracked 
|  88|0x0000000085800000, 0x0000000085900000, 0x0000000085900000|100%| O|  |TAMS 0x0000000085800000, 0x0000000085800000| Untracked 
|  89|0x0000000085900000, 0x0000000085a00000, 0x0000000085a00000|100%| O|  |TAMS 0x0000000085900000, 0x0000000085900000| Untracked 
|  90|0x0000000085a00000, 0x0000000085b00000, 0x0000000085b00000|100%| O|  |TAMS 0x0000000085a00000, 0x0000000085a00000| Untracked 
|  91|0x0000000085b00000, 0x0000000085c00000, 0x0000000085c00000|100%| O|  |TAMS 0x0000000085b00000, 0x0000000085b00000| Untracked 
|  92|0x0000000085c00000, 0x0000000085d00000, 0x0000000085d00000|100%| O|  |TAMS 0x0000000085c00000, 0x0000000085c00000| Untracked 
|  93|0x0000000085d00000, 0x0000000085e00000, 0x0000000085e00000|100%|HS|  |TAMS 0x0000000085d00000, 0x0000000085d00000| Complete 
|  94|0x0000000085e00000, 0x0000000085f00000, 0x0000000085f00000|100%|HC|  |TAMS 0x0000000085e00000, 0x0000000085e00000| Complete 
|  95|0x0000000085f00000, 0x0000000086000000, 0x0000000086000000|100%| O|  |TAMS 0x0000000085f00000, 0x0000000085f00000| Untracked 
|  96|0x0000000086000000, 0x0000000086000000, 0x0000000086100000|  0%| F|  |TAMS 0x0000000086000000, 0x0000000086000000| Untracked 
|  97|0x0000000086100000, 0x0000000086100000, 0x0000000086200000|  0%| F|  |TAMS 0x0000000086100000, 0x0000000086100000| Untracked 
|  98|0x0000000086200000, 0x0000000086200000, 0x0000000086300000|  0%| F|  |TAMS 0x0000000086200000, 0x0000000086200000| Untracked 
|  99|0x0000000086300000, 0x0000000086300000, 0x0000000086400000|  0%| F|  |TAMS 0x0000000086300000, 0x0000000086300000| Untracked 
| 100|0x0000000086400000, 0x0000000086400000, 0x0000000086500000|  0%| F|  |TAMS 0x0000000086400000, 0x0000000086400000| Untracked 
| 101|0x0000000086500000, 0x0000000086500000, 0x0000000086600000|  0%| F|  |TAMS 0x0000000086500000, 0x0000000086500000| Untracked 
| 102|0x0000000086600000, 0x0000000086600000, 0x0000000086700000|  0%| F|  |TAMS 0x0000000086600000, 0x0000000086600000| Untracked 
| 103|0x0000000086700000, 0x0000000086800000, 0x0000000086800000|100%| O|  |TAMS 0x0000000086700000, 0x0000000086700000| Untracked 
| 104|0x0000000086800000, 0x0000000086900000, 0x0000000086900000|100%| O|  |TAMS 0x0000000086800000, 0x0000000086800000| Untracked 
| 105|0x0000000086900000, 0x0000000086a00000, 0x0000000086a00000|100%| O|  |TAMS 0x0000000086900000, 0x0000000086900000| Untracked 
| 106|0x0000000086a00000, 0x0000000086b00000, 0x0000000086b00000|100%| O|  |TAMS 0x0000000086a00000, 0x0000000086a00000| Untracked 
| 107|0x0000000086b00000, 0x0000000086c00000, 0x0000000086c00000|100%| O|  |TAMS 0x0000000086b00000, 0x0000000086b00000| Untracked 
| 108|0x0000000086c00000, 0x0000000086d00000, 0x0000000086d00000|100%| O|  |TAMS 0x0000000086c00000, 0x0000000086c00000| Untracked 
| 109|0x0000000086d00000, 0x0000000086e00000, 0x0000000086e00000|100%| O|  |TAMS 0x0000000086d00000, 0x0000000086d00000| Untracked 
| 110|0x0000000086e00000, 0x0000000086f00000, 0x0000000086f00000|100%| O|  |TAMS 0x0000000086e00000, 0x0000000086e00000| Untracked 
| 111|0x0000000086f00000, 0x0000000087000000, 0x0000000087000000|100%| O|  |TAMS 0x0000000086f00000, 0x0000000086f00000| Untracked 
| 112|0x0000000087000000, 0x0000000087100000, 0x0000000087100000|100%| O|  |TAMS 0x0000000087000000, 0x0000000087000000| Untracked 
| 113|0x0000000087100000, 0x0000000087200000, 0x0000000087200000|100%| O|  |TAMS 0x0000000087100000, 0x0000000087100000| Untracked 
| 114|0x0000000087200000, 0x0000000087300000, 0x0000000087300000|100%| O|  |TAMS 0x0000000087200000, 0x0000000087200000| Untracked 
| 115|0x0000000087300000, 0x0000000087400000, 0x0000000087400000|100%| O|  |TAMS 0x0000000087300000, 0x0000000087300000| Untracked 
| 116|0x0000000087400000, 0x0000000087500000, 0x0000000087500000|100%| O|  |TAMS 0x0000000087400000, 0x0000000087400000| Untracked 
| 117|0x0000000087500000, 0x0000000087600000, 0x0000000087600000|100%| O|  |TAMS 0x0000000087500000, 0x0000000087500000| Untracked 
| 118|0x0000000087600000, 0x0000000087700000, 0x0000000087700000|100%| O|  |TAMS 0x0000000087600000, 0x0000000087600000| Untracked 
| 119|0x0000000087700000, 0x0000000087800000, 0x0000000087800000|100%| O|  |TAMS 0x0000000087700000, 0x0000000087700000| Untracked 
| 120|0x0000000087800000, 0x0000000087900000, 0x0000000087900000|100%| O|  |TAMS 0x0000000087800000, 0x0000000087800000| Untracked 
| 121|0x0000000087900000, 0x0000000087a00000, 0x0000000087a00000|100%| O|  |TAMS 0x0000000087900000, 0x0000000087900000| Untracked 
| 122|0x0000000087a00000, 0x0000000087b00000, 0x0000000087b00000|100%| O|  |TAMS 0x0000000087a00000, 0x0000000087a00000| Untracked 
| 123|0x0000000087b00000, 0x0000000087c00000, 0x0000000087c00000|100%| O|  |TAMS 0x0000000087b00000, 0x0000000087b00000| Untracked 
| 124|0x0000000087c00000, 0x0000000087d00000, 0x0000000087d00000|100%| O|  |TAMS 0x0000000087c00000, 0x0000000087c00000| Untracked 
| 125|0x0000000087d00000, 0x0000000087e00000, 0x0000000087e00000|100%| O|  |TAMS 0x0000000087d00000, 0x0000000087d00000| Untracked 
| 126|0x0000000087e00000, 0x0000000087e00000, 0x0000000087f00000|  0%| F|  |TAMS 0x0000000087e00000, 0x0000000087e00000| Untracked 
| 127|0x0000000087f00000, 0x0000000087f00000, 0x0000000088000000|  0%| F|  |TAMS 0x0000000087f00000, 0x0000000087f00000| Untracked 
| 128|0x0000000088000000, 0x0000000088000000, 0x0000000088100000|  0%| F|  |TAMS 0x0000000088000000, 0x0000000088000000| Untracked 
| 129|0x0000000088100000, 0x0000000088100000, 0x0000000088200000|  0%| F|  |TAMS 0x0000000088100000, 0x0000000088100000| Untracked 
| 130|0x0000000088200000, 0x0000000088200000, 0x0000000088300000|  0%| F|  |TAMS 0x0000000088200000, 0x0000000088200000| Untracked 
| 131|0x0000000088300000, 0x0000000088400000, 0x0000000088400000|100%| O|  |TAMS 0x0000000088300000, 0x0000000088300000| Untracked 
| 132|0x0000000088400000, 0x0000000088500000, 0x0000000088500000|100%| O|  |TAMS 0x0000000088400000, 0x0000000088400000| Untracked 
| 133|0x0000000088500000, 0x0000000088600000, 0x0000000088600000|100%| O|  |TAMS 0x0000000088500000, 0x0000000088500000| Untracked 
| 134|0x0000000088600000, 0x0000000088700000, 0x0000000088700000|100%| O|  |TAMS 0x0000000088600000, 0x0000000088600000| Untracked 
| 135|0x0000000088700000, 0x0000000088800000, 0x0000000088800000|100%| O|  |TAMS 0x0000000088700000, 0x0000000088700000| Untracked 
| 136|0x0000000088800000, 0x0000000088900000, 0x0000000088900000|100%| O|  |TAMS 0x0000000088800000, 0x0000000088800000| Untracked 
| 137|0x0000000088900000, 0x0000000088900000, 0x0000000088a00000|  0%| F|  |TAMS 0x0000000088900000, 0x0000000088900000| Untracked 
| 138|0x0000000088a00000, 0x0000000088a00000, 0x0000000088b00000|  0%| F|  |TAMS 0x0000000088a00000, 0x0000000088a00000| Untracked 
| 139|0x0000000088b00000, 0x0000000088b00000, 0x0000000088c00000|  0%| F|  |TAMS 0x0000000088b00000, 0x0000000088b00000| Untracked 
| 140|0x0000000088c00000, 0x0000000088c00000, 0x0000000088d00000|  0%| F|  |TAMS 0x0000000088c00000, 0x0000000088c00000| Untracked 
| 141|0x0000000088d00000, 0x0000000088d00000, 0x0000000088e00000|  0%| F|  |TAMS 0x0000000088d00000, 0x0000000088d00000| Untracked 
| 142|0x0000000088e00000, 0x0000000088f00000, 0x0000000088f00000|100%| O|  |TAMS 0x0000000088e00000, 0x0000000088e00000| Untracked 
| 143|0x0000000088f00000, 0x0000000088f00000, 0x0000000089000000|  0%| F|  |TAMS 0x0000000088f00000, 0x0000000088f00000| Untracked 
| 144|0x0000000089000000, 0x0000000089000000, 0x0000000089100000|  0%| F|  |TAMS 0x0000000089000000, 0x0000000089000000| Untracked 
| 145|0x0000000089100000, 0x0000000089100000, 0x0000000089200000|  0%| F|  |TAMS 0x0000000089100000, 0x0000000089100000| Untracked 
| 146|0x0000000089200000, 0x0000000089200000, 0x0000000089300000|  0%| F|  |TAMS 0x0000000089200000, 0x0000000089200000| Untracked 
| 147|0x0000000089300000, 0x0000000089300000, 0x0000000089400000|  0%| F|  |TAMS 0x0000000089300000, 0x0000000089300000| Untracked 
| 148|0x0000000089400000, 0x0000000089400000, 0x0000000089500000|  0%| F|  |TAMS 0x0000000089400000, 0x0000000089400000| Untracked 
| 149|0x0000000089500000, 0x0000000089500000, 0x0000000089600000|  0%| F|  |TAMS 0x0000000089500000, 0x0000000089500000| Untracked 
| 150|0x0000000089600000, 0x0000000089600000, 0x0000000089700000|  0%| F|  |TAMS 0x0000000089600000, 0x0000000089600000| Untracked 
| 151|0x0000000089700000, 0x0000000089700000, 0x0000000089800000|  0%| F|  |TAMS 0x0000000089700000, 0x0000000089700000| Untracked 
| 152|0x0000000089800000, 0x0000000089800000, 0x0000000089900000|  0%| F|  |TAMS 0x0000000089800000, 0x0000000089800000| Untracked 
| 153|0x0000000089900000, 0x0000000089900000, 0x0000000089a00000|  0%| F|  |TAMS 0x0000000089900000, 0x0000000089900000| Untracked 
| 154|0x0000000089a00000, 0x0000000089ae82f0, 0x0000000089b00000| 90%| S|CS|TAMS 0x0000000089a00000, 0x0000000089a00000| Complete 
| 155|0x0000000089b00000, 0x0000000089c00000, 0x0000000089c00000|100%| S|CS|TAMS 0x0000000089b00000, 0x0000000089b00000| Complete 
| 156|0x0000000089c00000, 0x0000000089d00000, 0x0000000089d00000|100%| S|CS|TAMS 0x0000000089c00000, 0x0000000089c00000| Complete 
| 157|0x0000000089d00000, 0x0000000089e00000, 0x0000000089e00000|100%| S|CS|TAMS 0x0000000089d00000, 0x0000000089d00000| Complete 
| 158|0x0000000089e00000, 0x0000000089e00000, 0x0000000089f00000|  0%| F|  |TAMS 0x0000000089e00000, 0x0000000089e00000| Untracked 
| 159|0x0000000089f00000, 0x0000000089f00000, 0x000000008a000000|  0%| F|  |TAMS 0x0000000089f00000, 0x0000000089f00000| Untracked 
| 160|0x000000008a000000, 0x000000008a000000, 0x000000008a100000|  0%| F|  |TAMS 0x000000008a000000, 0x000000008a000000| Untracked 
| 161|0x000000008a100000, 0x000000008a100000, 0x000000008a200000|  0%| F|  |TAMS 0x000000008a100000, 0x000000008a100000| Untracked 
| 162|0x000000008a200000, 0x000000008a200000, 0x000000008a300000|  0%| F|  |TAMS 0x000000008a200000, 0x000000008a200000| Untracked 
| 163|0x000000008a300000, 0x000000008a300000, 0x000000008a400000|  0%| F|  |TAMS 0x000000008a300000, 0x000000008a300000| Untracked 
| 164|0x000000008a400000, 0x000000008a400000, 0x000000008a500000|  0%| F|  |TAMS 0x000000008a400000, 0x000000008a400000| Untracked 
| 165|0x000000008a500000, 0x000000008a500000, 0x000000008a600000|  0%| F|  |TAMS 0x000000008a500000, 0x000000008a500000| Untracked 
| 166|0x000000008a600000, 0x000000008a600000, 0x000000008a700000|  0%| F|  |TAMS 0x000000008a600000, 0x000000008a600000| Untracked 
| 167|0x000000008a700000, 0x000000008a700000, 0x000000008a800000|  0%| F|  |TAMS 0x000000008a700000, 0x000000008a700000| Untracked 
| 168|0x000000008a800000, 0x000000008a800000, 0x000000008a900000|  0%| F|  |TAMS 0x000000008a800000, 0x000000008a800000| Untracked 
| 169|0x000000008a900000, 0x000000008a900000, 0x000000008aa00000|  0%| F|  |TAMS 0x000000008a900000, 0x000000008a900000| Untracked 
| 170|0x000000008aa00000, 0x000000008aa00000, 0x000000008ab00000|  0%| F|  |TAMS 0x000000008aa00000, 0x000000008aa00000| Untracked 
| 171|0x000000008ab00000, 0x000000008ab00000, 0x000000008ac00000|  0%| F|  |TAMS 0x000000008ab00000, 0x000000008ab00000| Untracked 
| 172|0x000000008ac00000, 0x000000008ac00000, 0x000000008ad00000|  0%| F|  |TAMS 0x000000008ac00000, 0x000000008ac00000| Untracked 
| 173|0x000000008ad00000, 0x000000008ad00000, 0x000000008ae00000|  0%| F|  |TAMS 0x000000008ad00000, 0x000000008ad00000| Untracked 
| 174|0x000000008ae00000, 0x000000008ae00000, 0x000000008af00000|  0%| F|  |TAMS 0x000000008ae00000, 0x000000008ae00000| Untracked 
| 175|0x000000008af00000, 0x000000008af00000, 0x000000008b000000|  0%| F|  |TAMS 0x000000008af00000, 0x000000008af00000| Untracked 
| 176|0x000000008b000000, 0x000000008b000000, 0x000000008b100000|  0%| F|  |TAMS 0x000000008b000000, 0x000000008b000000| Untracked 
| 177|0x000000008b100000, 0x000000008b100000, 0x000000008b200000|  0%| F|  |TAMS 0x000000008b100000, 0x000000008b100000| Untracked 
| 178|0x000000008b200000, 0x000000008b200000, 0x000000008b300000|  0%| F|  |TAMS 0x000000008b200000, 0x000000008b200000| Untracked 
| 179|0x000000008b300000, 0x000000008b300000, 0x000000008b400000|  0%| F|  |TAMS 0x000000008b300000, 0x000000008b300000| Untracked 
| 180|0x000000008b400000, 0x000000008b400000, 0x000000008b500000|  0%| F|  |TAMS 0x000000008b400000, 0x000000008b400000| Untracked 
| 181|0x000000008b500000, 0x000000008b500000, 0x000000008b600000|  0%| F|  |TAMS 0x000000008b500000, 0x000000008b500000| Untracked 
| 182|0x000000008b600000, 0x000000008b600000, 0x000000008b700000|  0%| F|  |TAMS 0x000000008b600000, 0x000000008b600000| Untracked 
| 183|0x000000008b700000, 0x000000008b700000, 0x000000008b800000|  0%| F|  |TAMS 0x000000008b700000, 0x000000008b700000| Untracked 
| 184|0x000000008b800000, 0x000000008b800000, 0x000000008b900000|  0%| F|  |TAMS 0x000000008b800000, 0x000000008b800000| Untracked 
| 185|0x000000008b900000, 0x000000008b900000, 0x000000008ba00000|  0%| F|  |TAMS 0x000000008b900000, 0x000000008b900000| Untracked 
| 186|0x000000008ba00000, 0x000000008ba00000, 0x000000008bb00000|  0%| F|  |TAMS 0x000000008ba00000, 0x000000008ba00000| Untracked 
| 187|0x000000008bb00000, 0x000000008bb00000, 0x000000008bc00000|  0%| F|  |TAMS 0x000000008bb00000, 0x000000008bb00000| Untracked 
| 188|0x000000008bc00000, 0x000000008bc00000, 0x000000008bd00000|  0%| F|  |TAMS 0x000000008bc00000, 0x000000008bc00000| Untracked 
|2041|0x00000000ff900000, 0x00000000ffa00000, 0x00000000ffa00000|100%| O|  |TAMS 0x00000000ff900000, 0x00000000ff900000| Untracked 
|2042|0x00000000ffa00000, 0x00000000ffb00000, 0x00000000ffb00000|100%| O|  |TAMS 0x00000000ffa00000, 0x00000000ffa00000| Untracked 
|2043|0x00000000ffb00000, 0x00000000ffc00000, 0x00000000ffc00000|100%| O|  |TAMS 0x00000000ffb00000, 0x00000000ffb00000| Untracked 
|2044|0x00000000ffc00000, 0x00000000ffd00000, 0x00000000ffd00000|100%| O|  |TAMS 0x00000000ffc00000, 0x00000000ffc00000| Untracked 
|2045|0x00000000ffd00000, 0x00000000ffe00000, 0x00000000ffe00000|100%| O|  |TAMS 0x00000000ffd00000, 0x00000000ffd00000| Untracked 
|2046|0x00000000ffe00000, 0x00000000fff00000, 0x00000000fff00000|100%| O|  |TAMS 0x00000000ffe00000, 0x00000000ffe00000| Untracked 
|2047|0x00000000fff00000, 0x0000000100000000, 0x0000000100000000|100%| O|  |TAMS 0x00000000fff00000, 0x00000000fff00000| Untracked 

Card table byte_map: [0x000001a57e940000,0x000001a57ed40000] _byte_map_base: 0x000001a57e540000

Marking Bits (Prev, Next): (CMBitMap*) 0x000001a56bdab9f0, (CMBitMap*) 0x000001a56bdab9b0
 Prev Bits: [0x000001a502000000, 0x000001a504000000)
 Next Bits: [0x000001a500000000, 0x000001a502000000)

Polling page: 0x000001a569c70000

Metaspace:

Usage:
  Non-class:     80.12 MB used.
      Class:     12.39 MB used.
       Both:     92.51 MB used.

Virtual space:
  Non-class space:       88.00 MB reserved,      80.50 MB ( 91%) committed,  11 nodes.
      Class space:        1.00 GB reserved,      12.75 MB (  1%) committed,  1 nodes.
             Both:        1.09 GB reserved,      93.25 MB (  8%) committed. 

Chunk freelists:
   Non-Class:  2.81 MB
       Class:  3.28 MB
        Both:  6.09 MB

MaxMetaspaceSize: unlimited
CompressedClassSpaceSize: 1.00 GB
Initial GC threshold: 21.00 MB
Current GC threshold: 142.94 MB
CDS: off
MetaspaceReclaimPolicy: balanced
 - commit_granule_bytes: 65536.
 - commit_granule_words: 8192.
 - virtual_space_node_default_size: 1048576.
 - enlarge_chunks_in_place: 1.
 - new_chunks_are_fully_committed: 0.
 - uncommit_free_chunks: 1.
 - use_allocation_guard: 0.
 - handle_deallocations: 1.


Internal statistics:

num_allocs_failed_limit: 6.
num_arena_births: 1072.
num_arena_deaths: 0.
num_vsnodes_births: 12.
num_vsnodes_deaths: 0.
num_space_committed: 1490.
num_space_uncommitted: 0.
num_chunks_returned_to_freelist: 6.
num_chunks_taken_from_freelist: 4591.
num_chunk_merges: 6.
num_chunk_splits: 3004.
num_chunks_enlarged: 1956.
num_purges: 0.
num_inconsistent_stats: 0.

CodeHeap 'non-profiled nmethods': size=120000Kb used=6626Kb max_used=6626Kb free=113374Kb
 bounds [0x000001a576ce0000, 0x000001a577360000, 0x000001a57e210000]
CodeHeap 'profiled nmethods': size=120000Kb used=20758Kb max_used=20758Kb free=99241Kb
 bounds [0x000001a56f210000, 0x000001a570660000, 0x000001a576740000]
CodeHeap 'non-nmethods': size=5760Kb used=2387Kb max_used=2522Kb free=3372Kb
 bounds [0x000001a576740000, 0x000001a5769d0000, 0x000001a576ce0000]
 total_blobs=11350 nmethods=10431 adapters=831
 compilation: enabled
              stopped_count=0, restarted_count=0
 full_count=0

Compilation events (20 events):
Event: 11.693 Thread 0x000001a57fbf8a20 nmethod 12135 0x000001a570650a90 code [0x000001a570650d00, 0x000001a5706513f8]
Event: 11.694 Thread 0x000001a57fbf8a20 12153       2       kotlin.comparisons.ComparisonsKt__ComparisonsKt::nullsFirst$lambda$3$ComparisonsKt__ComparisonsKt (41 bytes)
Event: 11.694 Thread 0x000001a57fbf8a20 nmethod 12153 0x000001a570651810 code [0x000001a570651a00, 0x000001a570651d08]
Event: 11.694 Thread 0x000001a57fbf8a20 12117       2       com.android.aaptcompiler.ResourceConfigValue::<init> (17 bytes)
Event: 11.696 Thread 0x000001a57fbf8a20 nmethod 12117 0x000001a570651f10 code [0x000001a570652140, 0x000001a5706526d8]
Event: 11.696 Thread 0x000001a57fbf8a20 12147       2       com.sun.xml.internal.stream.events.CharacterEvent::isWhiteSpace (21 bytes)
Event: 11.696 Thread 0x000001a57fbf8a20 nmethod 12147 0x000001a570652a10 code [0x000001a570652ba0, 0x000001a570652ce8]
Event: 11.697 Thread 0x000001a57fbf8a20 12164       2       com.sun.org.apache.xerces.internal.impl.XMLEntityScanner::skipString (122 bytes)
Event: 11.699 Thread 0x000001a57fbf8a20 nmethod 12164 0x000001a570652d90 code [0x000001a570652f80, 0x000001a570653478]
Event: 11.699 Thread 0x000001a57fbf8a20 12165       2       com.android.aaptcompiler.ResourceGroup::findOrCreateEntry (119 bytes)
Event: 11.701 Thread 0x000001a57fbf8a20 nmethod 12165 0x000001a570653810 code [0x000001a570653a60, 0x000001a570654138]
Event: 11.701 Thread 0x000001a57fbf8a20 12166       2       com.android.aaptcompiler.ResourceEntry::findOrCreateValue (56 bytes)
Event: 11.703 Thread 0x000001a57fbf8a20 nmethod 12166 0x000001a570654510 code [0x000001a570654760, 0x000001a570654ca8]
Event: 11.703 Thread 0x000001a57fbf8a20 12168       1       com.google.protobuf.GeneratedMessageV3$Builder::getUnknownFields (5 bytes)
Event: 11.703 Thread 0x000001a57fbf8a20 nmethod 12168 0x000001a577358510 code [0x000001a5773586a0, 0x000001a577358778]
Event: 11.703 Thread 0x000001a57fbf8a20 12167       2       java.lang.AbstractStringBuilder::checkRangeSIOOBE (63 bytes)
Event: 11.703 Thread 0x000001a57fbf8a20 nmethod 12167 0x000001a570655010 code [0x000001a570655220, 0x000001a5706555d8]
Event: 11.704 Thread 0x000001a57fbf8a20 12121       2       com.android.aaptcompiler.ConfigDescription::<init> (50 bytes)
Event: 11.704 Thread 0x000001a57fbf8a20 nmethod 12121 0x000001a570655890 code [0x000001a570655a80, 0x000001a570655ed8]
Event: 11.704 Thread 0x000001a57fbf8a20 12122       2       com.android.aaptcompiler.android.ResTableConfig::<init> (376 bytes)

GC Heap History (20 events):
Event: 6.524 GC heap after
{Heap after GC invocations=25 (full 0):
 garbage-first heap   total 152576K, used 65062K [0x0000000080000000, 0x0000000100000000)
  region size 1024K, 8 young (8192K), 8 survivors (8192K)
 Metaspace       used 77128K, committed 77696K, reserved 1122304K
  class space    used 10469K, committed 10752K, reserved 1048576K
}
Event: 7.072 GC heap before
{Heap before GC invocations=25 (full 0):
 garbage-first heap   total 152576K, used 122406K [0x0000000080000000, 0x0000000100000000)
  region size 1024K, 64 young (65536K), 8 survivors (8192K)
 Metaspace       used 82287K, committed 82944K, reserved 1122304K
  class space    used 11202K, committed 11520K, reserved 1048576K
}
Event: 7.079 GC heap after
{Heap after GC invocations=26 (full 0):
 garbage-first heap   total 152576K, used 70936K [0x0000000080000000, 0x0000000100000000)
  region size 1024K, 6 young (6144K), 6 survivors (6144K)
 Metaspace       used 82287K, committed 82944K, reserved 1122304K
  class space    used 11202K, committed 11520K, reserved 1048576K
}
Event: 7.897 GC heap before
{Heap before GC invocations=26 (full 0):
 garbage-first heap   total 152576K, used 122136K [0x0000000080000000, 0x0000000100000000)
  region size 1024K, 56 young (57344K), 6 survivors (6144K)
 Metaspace       used 86143K, committed 86784K, reserved 1130496K
  class space    used 11765K, committed 12096K, reserved 1048576K
}
Event: 7.905 GC heap after
{Heap after GC invocations=27 (full 0):
 garbage-first heap   total 152576K, used 77966K [0x0000000080000000, 0x0000000100000000)
  region size 1024K, 7 young (7168K), 7 survivors (7168K)
 Metaspace       used 86143K, committed 86784K, reserved 1130496K
  class space    used 11765K, committed 12096K, reserved 1048576K
}
Event: 8.354 GC heap before
{Heap before GC invocations=27 (full 0):
 garbage-first heap   total 152576K, used 121998K [0x0000000080000000, 0x0000000100000000)
  region size 1024K, 51 young (52224K), 7 survivors (7168K)
 Metaspace       used 87117K, committed 87808K, reserved 1130496K
  class space    used 11953K, committed 12288K, reserved 1048576K
}
Event: 8.364 GC heap after
{Heap after GC invocations=28 (full 0):
 garbage-first heap   total 152576K, used 83387K [0x0000000080000000, 0x0000000100000000)
  region size 1024K, 6 young (6144K), 6 survivors (6144K)
 Metaspace       used 87117K, committed 87808K, reserved 1130496K
  class space    used 11953K, committed 12288K, reserved 1048576K
}
Event: 8.747 GC heap before
{Heap before GC invocations=29 (full 0):
 garbage-first heap   total 160768K, used 121275K [0x0000000080000000, 0x0000000100000000)
  region size 1024K, 44 young (45056K), 6 survivors (6144K)
 Metaspace       used 87676K, committed 88384K, reserved 1130496K
  class space    used 12011K, committed 12352K, reserved 1048576K
}
Event: 8.756 GC heap after
{Heap after GC invocations=30 (full 0):
 garbage-first heap   total 160768K, used 85821K [0x0000000080000000, 0x0000000100000000)
  region size 1024K, 4 young (4096K), 4 survivors (4096K)
 Metaspace       used 87676K, committed 88384K, reserved 1130496K
  class space    used 12011K, committed 12352K, reserved 1048576K
}
Event: 8.784 GC heap before
{Heap before GC invocations=30 (full 0):
 garbage-first heap   total 160768K, used 87869K [0x0000000080000000, 0x0000000100000000)
  region size 1024K, 7 young (7168K), 4 survivors (4096K)
 Metaspace       used 87689K, committed 88384K, reserved 1130496K
  class space    used 12011K, committed 12352K, reserved 1048576K
}
Event: 8.791 GC heap after
{Heap after GC invocations=31 (full 0):
 garbage-first heap   total 193536K, used 85905K [0x0000000080000000, 0x0000000100000000)
  region size 1024K, 1 young (1024K), 1 survivors (1024K)
 Metaspace       used 87689K, committed 88384K, reserved 1130496K
  class space    used 12011K, committed 12352K, reserved 1048576K
}
Event: 9.855 GC heap before
{Heap before GC invocations=31 (full 0):
 garbage-first heap   total 193536K, used 152465K [0x0000000080000000, 0x0000000100000000)
  region size 1024K, 67 young (68608K), 1 survivors (1024K)
 Metaspace       used 90687K, committed 91392K, reserved 1130496K
  class space    used 12330K, committed 12672K, reserved 1048576K
}
Event: 9.863 GC heap after
{Heap after GC invocations=32 (full 0):
 garbage-first heap   total 193536K, used 96886K [0x0000000080000000, 0x0000000100000000)
  region size 1024K, 9 young (9216K), 9 survivors (9216K)
 Metaspace       used 90687K, committed 91392K, reserved 1130496K
  class space    used 12330K, committed 12672K, reserved 1048576K
}
Event: 10.574 GC heap before
{Heap before GC invocations=32 (full 0):
 garbage-first heap   total 193536K, used 169590K [0x0000000080000000, 0x0000000100000000)
  region size 1024K, 64 young (65536K), 9 survivors (9216K)
 Metaspace       used 91232K, committed 91904K, reserved 1130496K
  class space    used 12378K, committed 12672K, reserved 1048576K
}
Event: 10.593 GC heap after
{Heap after GC invocations=33 (full 0):
 garbage-first heap   total 200704K, used 119553K [0x0000000080000000, 0x0000000100000000)
  region size 1024K, 8 young (8192K), 8 survivors (8192K)
 Metaspace       used 91232K, committed 91904K, reserved 1130496K
  class space    used 12378K, committed 12672K, reserved 1048576K
}
Event: 11.214 GC heap before
{Heap before GC invocations=33 (full 0):
 garbage-first heap   total 200704K, used 172801K [0x0000000080000000, 0x0000000100000000)
  region size 1024K, 45 young (46080K), 8 survivors (8192K)
 Metaspace       used 91401K, committed 92096K, reserved 1130496K
  class space    used 12387K, committed 12736K, reserved 1048576K
}
Event: 11.232 GC heap after
{Heap after GC invocations=34 (full 0):
 garbage-first heap   total 200704K, used 138033K [0x0000000080000000, 0x0000000100000000)
  region size 1024K, 6 young (6144K), 6 survivors (6144K)
 Metaspace       used 91401K, committed 92096K, reserved 1130496K
  class space    used 12387K, committed 12736K, reserved 1048576K
}
Event: 11.424 GC heap before
{Heap before GC invocations=34 (full 0):
 garbage-first heap   total 200704K, used 175921K [0x0000000080000000, 0x0000000100000000)
  region size 1024K, 31 young (31744K), 6 survivors (6144K)
 Metaspace       used 91939K, committed 92736K, reserved 1130496K
  class space    used 12431K, committed 12800K, reserved 1048576K
}
Event: 11.435 GC heap after
{Heap after GC invocations=35 (full 0):
 garbage-first heap   total 200704K, used 135869K [0x0000000080000000, 0x0000000100000000)
  region size 1024K, 4 young (4096K), 4 survivors (4096K)
 Metaspace       used 91939K, committed 92736K, reserved 1130496K
  class space    used 12431K, committed 12800K, reserved 1048576K
}
Event: 11.706 GC heap before
{Heap before GC invocations=35 (full 0):
 garbage-first heap   total 200704K, used 162493K [0x0000000080000000, 0x0000000100000000)
  region size 1024K, 31 young (31744K), 4 survivors (4096K)
 Metaspace       used 94731K, committed 95488K, reserved 1138688K
  class space    used 12684K, committed 13056K, reserved 1048576K
}

Dll operation events (2 events):
Event: 0.006 Loaded shared library C:\Program Files\Android\Android Studio\jbr\bin\java.dll
Event: 0.306 Loaded shared library C:\Program Files\Android\Android Studio\jbr\bin\verify.dll

Deoptimization events (20 events):
Event: 11.599 Thread 0x000001a509b0c5b0 Uncommon trap: trap_request=0xffffffc6 fr.pc=0x000001a577271810 relative=0x00000000000013f0
Event: 11.599 Thread 0x000001a509b0c5b0 Uncommon trap: reason=bimorphic_or_optimized_type_check action=maybe_recompile pc=0x000001a577271810 method=org.apache.xerces.dom.ParentNode.setOwnerDocument(Lorg/apache/xerces/dom/CoreDocumentImpl;)V @ 31 c2
Event: 11.599 Thread 0x000001a509b0c5b0 DEOPT PACKING pc=0x000001a577271810 sp=0x000000643ccfa630
Event: 11.599 Thread 0x000001a509b0c5b0 DEOPT UNPACKING pc=0x000001a5767969a3 sp=0x000000643ccfa5b8 mode 2
Event: 11.599 Thread 0x000001a509b0c5b0 Uncommon trap: trap_request=0xffffffde fr.pc=0x000001a57726f98c relative=0x000000000000054c
Event: 11.599 Thread 0x000001a509b0c5b0 Uncommon trap: reason=class_check action=maybe_recompile pc=0x000001a57726f98c method=org.apache.xerces.dom.ParentNode.internalRemoveChild(Lorg/w3c/dom/Node;Z)Lorg/w3c/dom/Node; @ 42 c2
Event: 11.599 Thread 0x000001a509b0c5b0 DEOPT PACKING pc=0x000001a57726f98c sp=0x000000643ccfa740
Event: 11.599 Thread 0x000001a509b0c5b0 DEOPT UNPACKING pc=0x000001a5767969a3 sp=0x000000643ccfa688 mode 2
Event: 11.599 Thread 0x000001a509b0c5b0 Uncommon trap: trap_request=0xffffffde fr.pc=0x000001a57726f98c relative=0x000000000000054c
Event: 11.599 Thread 0x000001a509b0c5b0 Uncommon trap: reason=class_check action=maybe_recompile pc=0x000001a57726f98c method=org.apache.xerces.dom.ParentNode.internalRemoveChild(Lorg/w3c/dom/Node;Z)Lorg/w3c/dom/Node; @ 42 c2
Event: 11.599 Thread 0x000001a509b0c5b0 DEOPT PACKING pc=0x000001a57726f98c sp=0x000000643ccfa740
Event: 11.599 Thread 0x000001a509b0c5b0 DEOPT UNPACKING pc=0x000001a5767969a3 sp=0x000000643ccfa688 mode 2
Event: 11.609 Thread 0x000001a509b0c5b0 Uncommon trap: trap_request=0xffffffc6 fr.pc=0x000001a577271810 relative=0x00000000000013f0
Event: 11.609 Thread 0x000001a509b0c5b0 Uncommon trap: reason=bimorphic_or_optimized_type_check action=maybe_recompile pc=0x000001a577271810 method=org.apache.xerces.dom.ParentNode.setOwnerDocument(Lorg/apache/xerces/dom/CoreDocumentImpl;)V @ 31 c2
Event: 11.609 Thread 0x000001a509b0c5b0 DEOPT PACKING pc=0x000001a577271810 sp=0x000000643ccfa630
Event: 11.609 Thread 0x000001a509b0c5b0 DEOPT UNPACKING pc=0x000001a5767969a3 sp=0x000000643ccfa5b8 mode 2
Event: 11.644 Thread 0x000001a510164a60 DEOPT PACKING pc=0x000001a5705e1f04 sp=0x000000643d0fd650
Event: 11.644 Thread 0x000001a510164a60 DEOPT UNPACKING pc=0x000001a576797143 sp=0x000000643d0fcb18 mode 0
Event: 11.690 Thread 0x000001a50a28dd30 DEOPT PACKING pc=0x000001a5703e3a31 sp=0x00000064367fe820
Event: 11.690 Thread 0x000001a50a28dd30 DEOPT UNPACKING pc=0x000001a576797143 sp=0x00000064367fdcc0 mode 0

Classes unloaded (0 events):
No events

Classes redefined (0 events):
No events

Internal exceptions (20 events):
Event: 11.631 Thread 0x000001a509b0c5b0 Exception <a 'sun/nio/fs/WindowsException'{0x000000008a62f180}> (0x000000008a62f180) 
thrown [s\src\hotspot\share\prims\jni.cpp, line 517]
Event: 11.633 Thread 0x000001a509b0c5b0 Exception <a 'sun/nio/fs/WindowsException'{0x000000008a64c470}> (0x000000008a64c470) 
thrown [s\src\hotspot\share\prims\jni.cpp, line 517]
Event: 11.637 Thread 0x000001a509b0c5b0 Exception <a 'sun/nio/fs/WindowsException'{0x000000008a64d7a0}> (0x000000008a64d7a0) 
thrown [s\src\hotspot\share\prims\jni.cpp, line 517]
Event: 11.639 Thread 0x000001a509b0c5b0 Exception <a 'sun/nio/fs/WindowsException'{0x000000008a686de8}> (0x000000008a686de8) 
thrown [s\src\hotspot\share\prims\jni.cpp, line 517]
Event: 11.641 Thread 0x000001a509b0c5b0 Exception <a 'sun/nio/fs/WindowsException'{0x000000008a6880b8}> (0x000000008a6880b8) 
thrown [s\src\hotspot\share\prims\jni.cpp, line 517]
Event: 11.643 Thread 0x000001a509b0c5b0 Exception <a 'sun/nio/fs/WindowsException'{0x000000008a693770}> (0x000000008a693770) 
thrown [s\src\hotspot\share\prims\jni.cpp, line 517]
Event: 11.645 Thread 0x000001a509b0c5b0 Exception <a 'sun/nio/fs/WindowsException'{0x000000008a6abad8}> (0x000000008a6abad8) 
thrown [s\src\hotspot\share\prims\jni.cpp, line 517]
Event: 11.647 Thread 0x000001a509b0c5b0 Exception <a 'sun/nio/fs/WindowsException'{0x000000008a6ace38}> (0x000000008a6ace38) 
thrown [s\src\hotspot\share\prims\jni.cpp, line 517]
Event: 11.649 Thread 0x000001a509b0c5b0 Exception <a 'sun/nio/fs/WindowsException'{0x000000008a6df308}> (0x000000008a6df308) 
thrown [s\src\hotspot\share\prims\jni.cpp, line 517]
Event: 11.654 Thread 0x000001a509b0c5b0 Exception <a 'sun/nio/fs/WindowsException'{0x000000008a6e04b8}> (0x000000008a6e04b8) 
thrown [s\src\hotspot\share\prims\jni.cpp, line 517]
Event: 11.656 Thread 0x000001a509b0c5b0 Exception <a 'sun/nio/fs/WindowsException'{0x000000008a555b30}> (0x000000008a555b30) 
thrown [s\src\hotspot\share\prims\jni.cpp, line 517]
Event: 11.659 Thread 0x000001a509b0c5b0 Exception <a 'sun/nio/fs/WindowsException'{0x000000008a576930}> (0x000000008a576930) 
thrown [s\src\hotspot\share\prims\jni.cpp, line 517]
Event: 11.663 Thread 0x000001a509b0c5b0 Exception <a 'sun/nio/fs/WindowsException'{0x000000008a577c38}> (0x000000008a577c38) 
thrown [s\src\hotspot\share\prims\jni.cpp, line 517]
Event: 11.666 Thread 0x000001a509b0c5b0 Exception <a 'sun/nio/fs/WindowsException'{0x000000008a5e4830}> (0x000000008a5e4830) 
thrown [s\src\hotspot\share\prims\jni.cpp, line 517]
Event: 11.668 Thread 0x000001a509b0c5b0 Exception <a 'sun/nio/fs/WindowsException'{0x000000008a5e5aa0}> (0x000000008a5e5aa0) 
thrown [s\src\hotspot\share\prims\jni.cpp, line 517]
Event: 11.670 Thread 0x000001a509b0c5b0 Exception <a 'sun/nio/fs/WindowsException'{0x000000008a45e630}> (0x000000008a45e630) 
thrown [s\src\hotspot\share\prims\jni.cpp, line 517]
Event: 11.672 Thread 0x000001a509b0c5b0 Exception <a 'sun/nio/fs/WindowsException'{0x000000008a493c20}> (0x000000008a493c20) 
thrown [s\src\hotspot\share\prims\jni.cpp, line 517]
Event: 11.675 Thread 0x000001a509b0c5b0 Exception <a 'sun/nio/fs/WindowsException'{0x000000008a495140}> (0x000000008a495140) 
thrown [s\src\hotspot\share\prims\jni.cpp, line 517]
Event: 11.677 Thread 0x000001a509b0c5b0 Exception <a 'sun/nio/fs/WindowsException'{0x000000008a4e22d0}> (0x000000008a4e22d0) 
thrown [s\src\hotspot\share\prims\jni.cpp, line 517]
Event: 11.679 Thread 0x000001a509b0c5b0 Exception <a 'sun/nio/fs/WindowsException'{0x000000008a4e35a8}> (0x000000008a4e35a8) 
thrown [s\src\hotspot\share\prims\jni.cpp, line 517]

VM Operations (20 events):
Event: 9.649 Executing VM operation: ICBufferFull done
Event: 9.766 Executing VM operation: HandshakeAllThreads
Event: 9.767 Executing VM operation: HandshakeAllThreads done
Event: 9.798 Executing VM operation: HandshakeAllThreads
Event: 9.798 Executing VM operation: HandshakeAllThreads done
Event: 9.855 Executing VM operation: G1CollectForAllocation
Event: 9.864 Executing VM operation: G1CollectForAllocation done
Event: 10.214 Executing VM operation: HandshakeAllThreads
Event: 10.214 Executing VM operation: HandshakeAllThreads done
Event: 10.276 Executing VM operation: HandshakeAllThreads
Event: 10.277 Executing VM operation: HandshakeAllThreads done
Event: 10.485 Executing VM operation: ICBufferFull
Event: 10.485 Executing VM operation: ICBufferFull done
Event: 10.574 Executing VM operation: G1CollectForAllocation
Event: 10.593 Executing VM operation: G1CollectForAllocation done
Event: 11.214 Executing VM operation: G1CollectForAllocation
Event: 11.232 Executing VM operation: G1CollectForAllocation done
Event: 11.424 Executing VM operation: G1CollectForAllocation
Event: 11.436 Executing VM operation: G1CollectForAllocation done
Event: 11.706 Executing VM operation: G1CollectForAllocation

Events (20 events):
Event: 11.458 loading class com/sun/xml/internal/stream/events/CharacterEvent
Event: 11.458 loading class javax/xml/stream/events/Characters
Event: 11.459 loading class javax/xml/stream/events/Characters done
Event: 11.459 loading class com/sun/xml/internal/stream/events/CharacterEvent done
Event: 11.464 loading class java/util/Spliterators$2Adapter
Event: 11.464 loading class java/util/PrimitiveIterator$OfInt
Event: 11.464 loading class java/util/PrimitiveIterator
Event: 11.464 loading class java/util/PrimitiveIterator done
Event: 11.464 loading class java/util/PrimitiveIterator$OfInt done
Event: 11.464 loading class java/util/Spliterators$2Adapter done
Event: 11.465 loading class com/sun/xml/internal/stream/events/EndElementEvent
Event: 11.465 loading class javax/xml/stream/events/EndElement
Event: 11.465 loading class javax/xml/stream/events/EndElement done
Event: 11.465 loading class com/sun/xml/internal/stream/events/EndElementEvent done
Event: 11.469 loading class java/lang/StringUTF16$CodePointsSpliterator
Event: 11.470 loading class java/lang/StringUTF16$CodePointsSpliterator done
Event: 11.604 loading class java/nio/file/StandardCopyOption
Event: 11.604 loading class java/nio/file/StandardCopyOption done
Event: 11.604 loading class sun/nio/fs/WindowsFileCopy
Event: 11.605 loading class sun/nio/fs/WindowsFileCopy done


Dynamic libraries:
0x00007ff70c0b0000 - 0x00007ff70c0ba000 	C:\Program Files\Android\Android Studio\jbr\bin\java.exe
0x00007ffa2d790000 - 0x00007ffa2d9a7000 	C:\WINDOWS\SYSTEM32\ntdll.dll
0x00007ffa2c990000 - 0x00007ffa2ca54000 	C:\WINDOWS\System32\KERNEL32.DLL
0x00007ffa2ade0000 - 0x00007ffa2b18d000 	C:\WINDOWS\System32\KERNELBASE.dll
0x00007ffa2acc0000 - 0x00007ffa2add1000 	C:\WINDOWS\System32\ucrtbase.dll
0x00007ff9cb6b0000 - 0x00007ff9cb6c7000 	C:\Program Files\Android\Android Studio\jbr\bin\jli.dll
0x00007ffa264e0000 - 0x00007ffa264fb000 	C:\Program Files\Android\Android Studio\jbr\bin\VCRUNTIME140.dll
0x00007ffa2d2c0000 - 0x00007ffa2d46e000 	C:\WINDOWS\System32\USER32.dll
0x00007ffa19e20000 - 0x00007ffa1a0b3000 	C:\WINDOWS\WinSxS\amd64_microsoft.windows.common-controls_6595b64144ccf1df_6.0.22621.3672_none_2713b9d173822955\COMCTL32.dll
0x00007ffa2b200000 - 0x00007ffa2b226000 	C:\WINDOWS\System32\win32u.dll
0x00007ffa2d210000 - 0x00007ffa2d2b7000 	C:\WINDOWS\System32\msvcrt.dll
0x00007ffa2b6f0000 - 0x00007ffa2b719000 	C:\WINDOWS\System32\GDI32.dll
0x00007ffa2b3a0000 - 0x00007ffa2b4b9000 	C:\WINDOWS\System32\gdi32full.dll
0x00007ffa2aab0000 - 0x00007ffa2ab4a000 	C:\WINDOWS\System32\msvcp_win.dll
0x00007ffa2b720000 - 0x00007ffa2b751000 	C:\WINDOWS\System32\IMM32.DLL
0x00007ffa264d0000 - 0x00007ffa264dc000 	C:\Program Files\Android\Android Studio\jbr\bin\vcruntime140_1.dll
0x00007ffa1a5b0000 - 0x00007ffa1a63d000 	C:\Program Files\Android\Android Studio\jbr\bin\msvcp140.dll
0x00007ff9cb9a0000 - 0x00007ff9cc60e000 	C:\Program Files\Android\Android Studio\jbr\bin\server\jvm.dll
0x00007ffa2d630000 - 0x00007ffa2d6e2000 	C:\WINDOWS\System32\ADVAPI32.dll
0x00007ffa2c770000 - 0x00007ffa2c819000 	C:\WINDOWS\System32\sechost.dll
0x00007ffa2ac90000 - 0x00007ffa2acb8000 	C:\WINDOWS\System32\bcrypt.dll
0x00007ffa2ccf0000 - 0x00007ffa2ce04000 	C:\WINDOWS\System32\RPCRT4.dll
0x00007ffa20890000 - 0x00007ffa208c4000 	C:\WINDOWS\SYSTEM32\WINMM.dll
0x00007ffa084f0000 - 0x00007ffa084f9000 	C:\WINDOWS\SYSTEM32\WSOCK32.dll
0x00007ffa23e60000 - 0x00007ffa23e6a000 	C:\WINDOWS\SYSTEM32\VERSION.dll
0x00007ffa2cc10000 - 0x00007ffa2cc81000 	C:\WINDOWS\System32\WS2_32.dll
0x00007ffa29bb0000 - 0x00007ffa29bc8000 	C:\WINDOWS\SYSTEM32\kernel.appcore.dll
0x00007ffa0afb0000 - 0x00007ffa0afba000 	C:\Program Files\Android\Android Studio\jbr\bin\jimage.dll
0x00007ffa28610000 - 0x00007ffa28842000 	C:\WINDOWS\SYSTEM32\DBGHELP.DLL
0x00007ffa2ce20000 - 0x00007ffa2d1ae000 	C:\WINDOWS\System32\combase.dll
0x00007ffa2c560000 - 0x00007ffa2c637000 	C:\WINDOWS\System32\OLEAUT32.dll
0x00007ff9fead0000 - 0x00007ff9feb02000 	C:\WINDOWS\SYSTEM32\dbgcore.DLL
0x00007ffa2ac10000 - 0x00007ffa2ac8b000 	C:\WINDOWS\System32\bcryptPrimitives.dll
0x00007ffa0af80000 - 0x00007ffa0afa5000 	C:\Program Files\Android\Android Studio\jbr\bin\java.dll
0x00007ff9d8190000 - 0x00007ff9d81a8000 	C:\Program Files\Android\Android Studio\jbr\bin\zip.dll
0x00007ffa2bcf0000 - 0x00007ffa2c557000 	C:\WINDOWS\System32\SHELL32.dll
0x00007ffa289b0000 - 0x00007ffa292af000 	C:\WINDOWS\SYSTEM32\windows.storage.dll
0x00007ffa28870000 - 0x00007ffa289af000 	C:\WINDOWS\SYSTEM32\wintypes.dll
0x00007ffa2c650000 - 0x00007ffa2c749000 	C:\WINDOWS\System32\SHCORE.dll
0x00007ffa2d1b0000 - 0x00007ffa2d20e000 	C:\WINDOWS\System32\shlwapi.dll
0x00007ffa2a9e0000 - 0x00007ffa2aa07000 	C:\WINDOWS\SYSTEM32\profapi.dll
0x00007ff9d8170000 - 0x00007ff9d8189000 	C:\Program Files\Android\Android Studio\jbr\bin\net.dll
0x00007ffa26520000 - 0x00007ffa26656000 	C:\WINDOWS\SYSTEM32\WINHTTP.dll
0x00007ffa2a020000 - 0x00007ffa2a089000 	C:\WINDOWS\system32\mswsock.dll
0x00007ff9cb980000 - 0x00007ff9cb996000 	C:\Program Files\Android\Android Studio\jbr\bin\nio.dll
0x00007ffa007e0000 - 0x00007ffa007f0000 	C:\Program Files\Android\Android Studio\jbr\bin\verify.dll
0x00007ffa25a30000 - 0x00007ffa25a57000 	C:\Users\scher\.gradle\native\68d5fa5c4cc2d200863cafc0d521ce42e7d3e7ee720ec0a83991735586a16f82\windows-amd64\native-platform.dll
0x00007ffa15b40000 - 0x00007ffa15c84000 	C:\Users\scher\.gradle\native\e376f236ea51e6404a007f0833ffe2c6e607c4080706a723a18a27aeea778392\windows-amd64\native-platform-file-events.dll
0x00007ffa005f0000 - 0x00007ffa005f9000 	C:\Program Files\Android\Android Studio\jbr\bin\management.dll
0x00007ff9fed60000 - 0x00007ff9fed6b000 	C:\Program Files\Android\Android Studio\jbr\bin\management_ext.dll
0x00007ffa2c820000 - 0x00007ffa2c828000 	C:\WINDOWS\System32\PSAPI.DLL
0x00007ffa2a250000 - 0x00007ffa2a26b000 	C:\WINDOWS\SYSTEM32\CRYPTSP.dll
0x00007ffa29b10000 - 0x00007ffa29b45000 	C:\WINDOWS\system32\rsaenh.dll
0x00007ffa2a0e0000 - 0x00007ffa2a108000 	C:\WINDOWS\SYSTEM32\USERENV.dll
0x00007ffa2a240000 - 0x00007ffa2a24c000 	C:\WINDOWS\SYSTEM32\CRYPTBASE.dll
0x00007ffa29550000 - 0x00007ffa2957d000 	C:\WINDOWS\SYSTEM32\IPHLPAPI.DLL
0x00007ffa2c640000 - 0x00007ffa2c649000 	C:\WINDOWS\System32\NSI.dll
0x00007ffa26500000 - 0x00007ffa26519000 	C:\WINDOWS\SYSTEM32\dhcpcsvc6.DLL
0x00007ffa26440000 - 0x00007ffa2645f000 	C:\WINDOWS\SYSTEM32\dhcpcsvc.DLL
0x00007ffa295d0000 - 0x00007ffa296c8000 	C:\WINDOWS\SYSTEM32\DNSAPI.dll
0x00007ff9f7ae0000 - 0x00007ff9f7ae8000 	C:\WINDOWS\system32\wshunix.dll
0x00007ffa29bd0000 - 0x00007ffa29c04000 	C:\WINDOWS\SYSTEM32\ntmarta.dll

dbghelp: loaded successfully - version: 4.0.5 - missing functions: none
symbol engine: initialized successfully - sym options: 0x614 - pdb path: .;C:\Program Files\Android\Android Studio\jbr\bin;C:\WINDOWS\SYSTEM32;C:\WINDOWS\WinSxS\amd64_microsoft.windows.common-controls_6595b64144ccf1df_6.0.22621.3672_none_2713b9d173822955;C:\Program Files\Android\Android Studio\jbr\bin\server;C:\Users\scher\.gradle\native\68d5fa5c4cc2d200863cafc0d521ce42e7d3e7ee720ec0a83991735586a16f82\windows-amd64;C:\Users\scher\.gradle\native\e376f236ea51e6404a007f0833ffe2c6e607c4080706a723a18a27aeea778392\windows-amd64

VM Arguments:
jvm_args: --add-opens=java.base/java.util=ALL-UNNAMED --add-opens=java.base/java.lang=ALL-UNNAMED --add-opens=java.base/java.lang.invoke=ALL-UNNAMED --add-opens=java.prefs/java.util.prefs=ALL-UNNAMED --add-opens=java.base/java.nio.charset=ALL-UNNAMED --add-opens=java.base/java.net=ALL-UNNAMED --add-opens=java.base/java.util.concurrent.atomic=ALL-UNNAMED -Xmx2048m -Dfile.encoding=UTF-8 -Duser.country=BR -Duser.language=pt -Duser.variant 
java_command: org.gradle.launcher.daemon.bootstrap.GradleDaemon 8.0
java_class_path (initial): C:\Users\scher\.gradle\wrapper\dists\gradle-8.0-bin\ca5e32bp14vu59qr306oxotwh\gradle-8.0\lib\gradle-launcher-8.0.jar
Launcher Type: SUN_STANDARD

[Global flags]
     intx CICompilerCount                          = 4                                         {product} {ergonomic}
     uint ConcGCThreads                            = 2                                         {product} {ergonomic}
     uint G1ConcRefinementThreads                  = 8                                         {product} {ergonomic}
   size_t G1HeapRegionSize                         = 1048576                                   {product} {ergonomic}
    uintx GCDrainStackTargetSize                   = 64                                        {product} {ergonomic}
   size_t InitialHeapSize                          = 134217728                                 {product} {ergonomic}
   size_t MarkStackSize                            = 4194304                                   {product} {ergonomic}
   size_t MaxHeapSize                              = 2147483648                                {product} {command line}
   size_t MaxNewSize                               = 1287651328                                {product} {ergonomic}
   size_t MinHeapDeltaBytes                        = 1048576                                   {product} {ergonomic}
   size_t MinHeapSize                              = 8388608                                   {product} {ergonomic}
    uintx NonNMethodCodeHeapSize                   = 5839372                                {pd product} {ergonomic}
    uintx NonProfiledCodeHeapSize                  = 122909434                              {pd product} {ergonomic}
    uintx ProfiledCodeHeapSize                     = 122909434                              {pd product} {ergonomic}
    uintx ReservedCodeCacheSize                    = 251658240                              {pd product} {ergonomic}
     bool SegmentedCodeCache                       = true                                      {product} {ergonomic}
   size_t SoftMaxHeapSize                          = 2147483648                             {manageable} {ergonomic}
     bool UseCompressedClassPointers               = true                           {product lp64_product} {ergonomic}
     bool UseCompressedOops                        = true                           {product lp64_product} {ergonomic}
     bool UseG1GC                                  = true                                      {product} {ergonomic}
     bool UseLargePagesIndividualAllocation        = false                                  {pd product} {ergonomic}

Logging:
Log output configuration:
 #0: stdout all=warning uptime,level,tags
 #1: stderr all=off uptime,level,tags

Environment Variables:
PATH=C:\Program Files\Common Files\Oracle\Java\javapath;C:\Program Files (x86)\Embarcadero\Studio\22.0\bin;C:\Users\Public\Documents\Embarcadero\Studio\22.0\Bpl;C:\Program Files (x86)\Embarcadero\Studio\22.0\bin64;C:\Users\Public\Documents\Embarcadero\Studio\22.0\Bpl\Win64;C:\Program Files (x86)\Embarcadero\Studio\21.0\bin;C:\Users\Public\Documents\Embarcadero\Studio\21.0\Bpl;C:\Program Files (x86)\Embarcadero\Studio\21.0\bin64;C:\Users\Public\Documents\Embarcadero\Studio\21.0\Bpl\Win64;C:\Windows\system32;C:\Windows;C:\Windows\System32\Wbem;C:\Windows\System32\WindowsPowerShell\v1.0\;C:\Windows\System32\OpenSSH\;C:\Program Files (x86)\NVIDIA Corporation\PhysX\Common;C:\Program Files\NVIDIA Corporation\NVIDIA NvDLISR;C:\WINDOWS\system32;C:\WINDOWS;C:\WINDOWS\System32\Wbem;C:\WINDOWS\System32\WindowsPowerShell\v1.0\;C:\WINDOWS\System32\OpenSSH\;C:\Program Files\dotnet\;C:\Program Files (x86)\Windows Kits\10\Windows Performance Toolkit\;C:\Program Files\Git\cmd;C:\Users\scher\AppData\Local\Microsoft\WindowsApps;;C:\Users\scher\AppData\Local\Programs\Microsoft VS Code\bin
USERNAME=scher
OS=Windows_NT
PROCESSOR_IDENTIFIER=Intel64 Family 6 Model 142 Stepping 12, GenuineIntel
TMP=C:\Users\scher\AppData\Local\Temp
TEMP=C:\Users\scher\AppData\Local\Temp


JNI global refs:
JNI global refs: 27, weak refs: 22

JNI global refs memory usage: 843, weak refs: 841


---------------  S Y S T E M  ---------------

OS:
 Windows 11 , 64 bit Build 22621 (10.0.22621.3958)
OS uptime: 0 days 8:49 hours
Hyper-V role detected

CPU: total 8 (initial active 8) (4 cores per cpu, 2 threads per core) family 6 model 142 stepping 12 microcode 0xea, cx8, cmov, fxsr, ht, mmx, 3dnowpref, sse, sse2, sse3, ssse3, sse4.1, sse4.2, popcnt, lzcnt, tsc, tscinvbit, avx, avx2, aes, erms, clmul, bmi1, bmi2, adx, fma, vzeroupper, clflush, clflushopt, hv

Memory: 4k page, system-wide physical 8072M (571M free)
TotalPageFile size 10120M (AvailPageFile size 76M)
current process WorkingSet (physical memory assigned to process): 473M, peak: 473M
current process commit charge ("private bytes"): 510M, peak: 672M

vm_info: OpenJDK 64-Bit Server VM (17.0.6+0-b2043.56-10027231) for windows-amd64 JRE (17.0.6+0-b2043.56-10027231), built on Apr 28 2023 00:43:19 by "androidbuild" with MS VC++ 16.10 / 16.11 (VS2019)

END.
