#
# There is insufficient memory for the Java Runtime Environment to continue.
# Native memory allocation (mmap) failed to map 26214400 bytes for G1 virtual space
# Possible reasons:
#   The system is out of physical RAM or swap space
#   The process is running with CompressedOops enabled, and the Java Heap may be blocking the growth of the native heap
# Possible solutions:
#   Reduce memory load on the system
#   Increase physical memory or swap space
#   Check if swap backing store is full
#   Decrease Java heap size (-Xmx/-Xms)
#   Decrease number of Java threads
#   Decrease Java thread stack sizes (-Xss)
#   Set larger code cache with -XX:ReservedCodeCacheSize=
#   JVM is running with Unscaled Compressed Oops mode in which the Java heap is
#     placed in the first 4GB address space. The Java Heap base address is the
#     maximum limit for the native heap growth. Please use -XX:HeapBaseMinAddress
#     to set the Java Heap base and to place the Java Heap above 4GB virtual address.
# This output file may be truncated or incomplete.
#
#  Out of Memory Error (os_windows.cpp:3769), pid=14692, tid=9232
#
# JRE version: OpenJDK Runtime Environment (17.0.6) (build 17.0.6+0-b2043.56-10027231)
# Java VM: OpenJDK 64-Bit Server VM (17.0.6+0-b2043.56-10027231, mixed mode, tiered, compressed oops, compressed class ptrs, g1 gc, windows-amd64)
# No core dump will be written. Minidumps are not enabled by default on client versions of Windows
#

---------------  S U M M A R Y ------------

Command Line: --add-opens=java.base/java.util=ALL-UNNAMED --add-opens=java.base/java.lang=ALL-UNNAMED --add-opens=java.base/java.lang.invoke=ALL-UNNAMED --add-opens=java.prefs/java.util.prefs=ALL-UNNAMED --add-opens=java.base/java.nio.charset=ALL-UNNAMED --add-opens=java.base/java.net=ALL-UNNAMED --add-opens=java.base/java.util.concurrent.atomic=ALL-UNNAMED -Xmx2048m -Dfile.encoding=UTF-8 -Duser.country=BR -Duser.language=pt -Duser.variant org.gradle.launcher.daemon.bootstrap.GradleDaemon 8.0

Host: Intel(R) Core(TM) i7-8565U CPU @ 1.80GHz, 8 cores, 7G,  Windows 11 , 64 bit Build 22621 (10.0.22621.3958)
Time: Wed Aug 28 21:42:24 2024 Hora oficial do Brasil elapsed time: 5.081532 seconds (0d 0h 0m 5s)

---------------  T H R E A D  ---------------

Current thread (0x000001d77f1a3f20):  VMThread "VM Thread" [stack: 0x00000006abc00000,0x00000006abd00000] [id=9232]

Stack: [0x00000006abc00000,0x00000006abd00000]
Native frames: (J=compiled Java code, j=interpreted, Vv=VM code, C=native code)
V  [jvm.dll+0x683c9a]
V  [jvm.dll+0x8427a4]
V  [jvm.dll+0x843f9e]
V  [jvm.dll+0x844603]
V  [jvm.dll+0x249b75]
V  [jvm.dll+0x680b69]
V  [jvm.dll+0x67505a]
V  [jvm.dll+0x309acb]
V  [jvm.dll+0x310f86]
V  [jvm.dll+0x3608ee]
V  [jvm.dll+0x360b1f]
V  [jvm.dll+0x2dfbf8]
V  [jvm.dll+0x2ddec4]
V  [jvm.dll+0x2dd4cc]
V  [jvm.dll+0x321f3b]
V  [jvm.dll+0x848ccb]
V  [jvm.dll+0x849a04]
V  [jvm.dll+0x849f1d]
V  [jvm.dll+0x84a2f4]
V  [jvm.dll+0x84a3c0]
V  [jvm.dll+0x7f274a]
V  [jvm.dll+0x682ad5]
C  [ucrtbase.dll+0x29333]
C  [KERNEL32.DLL+0x1257d]
C  [ntdll.dll+0x5af28]

VM_Operation (0x00000006ad5f6480): G1CollectForAllocation, mode: safepoint, requested by thread 0x000001d7167343a0


---------------  P R O C E S S  ---------------

Threads class SMR info:
_java_thread_list=0x000001d71b147ca0, length=127, elements={
0x000001d7783801f0, 0x000001d77fc13260, 0x000001d77fc148e0, 0x000001d77f1b6830,
0x000001d77f1b75b0, 0x000001d77f1b95e0, 0x000001d77fc3d010, 0x000001d77fc3dda0,
0x000001d77fc3e840, 0x000001d77fc3ff70, 0x000001d77fdb0d10, 0x000001d77fdb4610,
0x000001d77ff9b700, 0x000001d7150fd450, 0x000001d716733ed0, 0x000001d716735210,
0x000001d7167356e0, 0x000001d7167321f0, 0x000001d716731d20, 0x000001d716734870,
0x000001d7167343a0, 0x000001d716734d40, 0x000001d7167326c0, 0x000001d716732b90,
0x000001d716733530, 0x000001d716733a00, 0x000001d715ee7410, 0x000001d715ee65a0,
0x000001d715ee8c20, 0x000001d715ee6f40, 0x000001d715ee90f0, 0x000001d715ee78e0,
0x000001d715ee7db0, 0x000001d715ee8280, 0x000001d715ee60d0, 0x000001d715ee95c0,
0x000001d715ee9a90, 0x000001d717b16a90, 0x000001d717b148e0, 0x000001d717b19ab0,
0x000001d717b1a920, 0x000001d717b1bc60, 0x000001d717b1adf0, 0x000001d717b1b2c0,
0x000001d717b1b790, 0x000001d717b15750, 0x000001d717b14410, 0x000001d717b18c40,
0x000001d717b15280, 0x000001d717b16f60, 0x000001d717b14db0, 0x000001d717b15c20,
0x000001d717b160f0, 0x000001d717b165c0, 0x000001d717b17430, 0x000001d717b17dd0,
0x000001d717b17900, 0x000001d71b0a8470, 0x000001d71b0ab960, 0x000001d71b0acca0,
0x000001d71b0a8940, 0x000001d71b0ac300, 0x000001d71b0aa620, 0x000001d71b0adb10,
0x000001d71b0a92e0, 0x000001d71b0af320, 0x000001d71b0a8e10, 0x000001d71b0ae980,
0x000001d71b0a97b0, 0x000001d71b0abe30, 0x000001d71b0ad170, 0x000001d71b0ac7d0,
0x000001d71b0aaaf0, 0x000001d71b0ad640, 0x000001d71b0aafc0, 0x000001d71b0a9c80,
0x000001d71b0aa150, 0x000001d71b0ab490, 0x000001d71b0af7f0, 0x000001d71b0adfe0,
0x000001d71b0ae4b0, 0x000001d71b0aee50, 0x000001d71b0a7fa0, 0x000001d71ad971f0,
0x000001d71ad993a0, 0x000001d71ad959e0, 0x000001d71ad96d20, 0x000001d71ad99d40,
0x000001d71ad96850, 0x000001d71ad95eb0, 0x000001d71ad976c0, 0x000001d71ad98060,
0x000001d71ad98ed0, 0x000001d71ad98530, 0x000001d71ad95040, 0x000001d71ad9a210,
0x000001d71ad9a6e0, 0x000001d71ad9abb0, 0x000001d71ad95510, 0x000001d71ad96380,
0x000001d71ad94b70, 0x000001d71ad9b080, 0x000001d71ad9b550, 0x000001d71ad99870,
0x000001d71ad97b90, 0x000001d71ad98a00, 0x000001d71ad9ba20, 0x000001d71ad9bef0,
0x000001d71ad946a0, 0x000001d71a99b160, 0x000001d71a998610, 0x000001d71a99d7e0,
0x000001d71a99eb20, 0x000001d71a99bfd0, 0x000001d71a998140, 0x000001d71a998ae0,
0x000001d71a99c970, 0x000001d71a99b630, 0x000001d71a999e20, 0x000001d71a99e180,
0x000001d71a99dcb0, 0x000001d71a99e650, 0x000001d71a99c4a0, 0x000001d71a99d310,
0x000001d71a998fb0, 0x000001d71a9977a0, 0x000001d71a99a2f0
}

Java Threads: ( => current thread )
  0x000001d7783801f0 JavaThread "main" [_thread_blocked, id=17320, stack(0x00000006ab600000,0x00000006ab700000)]
  0x000001d77fc13260 JavaThread "Reference Handler" daemon [_thread_blocked, id=15700, stack(0x00000006abd00000,0x00000006abe00000)]
  0x000001d77fc148e0 JavaThread "Finalizer" daemon [_thread_blocked, id=8012, stack(0x00000006abe00000,0x00000006abf00000)]
  0x000001d77f1b6830 JavaThread "Signal Dispatcher" daemon [_thread_blocked, id=3836, stack(0x00000006abf00000,0x00000006ac000000)]
  0x000001d77f1b75b0 JavaThread "Attach Listener" daemon [_thread_blocked, id=13348, stack(0x00000006ac000000,0x00000006ac100000)]
  0x000001d77f1b95e0 JavaThread "Service Thread" daemon [_thread_blocked, id=13428, stack(0x00000006ac100000,0x00000006ac200000)]
  0x000001d77fc3d010 JavaThread "Monitor Deflation Thread" daemon [_thread_blocked, id=1236, stack(0x00000006ac200000,0x00000006ac300000)]
  0x000001d77fc3dda0 JavaThread "C2 CompilerThread0" daemon [_thread_blocked, id=12732, stack(0x00000006ac300000,0x00000006ac400000)]
  0x000001d77fc3e840 JavaThread "C1 CompilerThread0" daemon [_thread_blocked, id=2932, stack(0x00000006ac400000,0x00000006ac500000)]
  0x000001d77fc3ff70 JavaThread "Sweeper thread" daemon [_thread_blocked, id=15812, stack(0x00000006ac500000,0x00000006ac600000)]
  0x000001d77fdb0d10 JavaThread "Common-Cleaner" daemon [_thread_blocked, id=3796, stack(0x00000006ac600000,0x00000006ac700000)]
  0x000001d77fdb4610 JavaThread "Notification Thread" daemon [_thread_blocked, id=14032, stack(0x00000006ac700000,0x00000006ac800000)]
  0x000001d77ff9b700 JavaThread "C2 CompilerThread1" daemon [_thread_blocked, id=6876, stack(0x00000006ac900000,0x00000006aca00000)]
  0x000001d7150fd450 JavaThread "C2 CompilerThread2" daemon [_thread_in_native, id=16328, stack(0x00000006aca00000,0x00000006acb00000)]
  0x000001d716733ed0 JavaThread "Daemon health stats" [_thread_blocked, id=12844, stack(0x00000006acf00000,0x00000006ad000000)]
  0x000001d716735210 JavaThread "Incoming local TCP Connector on port 53100" [_thread_in_native, id=11176, stack(0x00000006ad000000,0x00000006ad100000)]
  0x000001d7167356e0 JavaThread "Daemon periodic checks" [_thread_blocked, id=17132, stack(0x00000006ad100000,0x00000006ad200000)]
  0x000001d7167321f0 JavaThread "Daemon" [_thread_blocked, id=8772, stack(0x00000006ad200000,0x00000006ad300000)]
  0x000001d716731d20 JavaThread "Handler for socket connection from /127.0.0.1:53100 to /127.0.0.1:53101" [_thread_in_native, id=2732, stack(0x00000006ad300000,0x00000006ad400000)]
  0x000001d716734870 JavaThread "Cancel handler" [_thread_blocked, id=8908, stack(0x00000006ad400000,0x00000006ad500000)]
  0x000001d7167343a0 JavaThread "Daemon worker" [_thread_blocked, id=3236, stack(0x00000006ad500000,0x00000006ad600000)]
  0x000001d716734d40 JavaThread "Asynchronous log dispatcher for DefaultDaemonConnection: socket connection from /127.0.0.1:53100 to /127.0.0.1:53101" [_thread_blocked, id=13412, stack(0x00000006ad600000,0x00000006ad700000)]
  0x000001d7167326c0 JavaThread "Stdin handler" [_thread_blocked, id=3608, stack(0x00000006ad700000,0x00000006ad800000)]
  0x000001d716732b90 JavaThread "Daemon client event forwarder" [_thread_blocked, id=15212, stack(0x00000006ad800000,0x00000006ad900000)]
  0x000001d716733530 JavaThread "Cache worker for journal cache (C:\Users\scher\.gradle\caches\journal-1)" [_thread_blocked, id=8952, stack(0x00000006add00000,0x00000006ade00000)]
  0x000001d716733a00 JavaThread "File lock request listener" [_thread_in_native, id=17244, stack(0x00000006ade00000,0x00000006adf00000)]
  0x000001d715ee7410 JavaThread "Cache worker for file hash cache (C:\Users\scher\.gradle\caches\8.0\fileHashes)" [_thread_blocked, id=11956, stack(0x00000006adf00000,0x00000006ae000000)]
  0x000001d715ee65a0 JavaThread "File watcher server" daemon [_thread_in_native, id=3604, stack(0x00000006ae000000,0x00000006ae100000)]
  0x000001d715ee8c20 JavaThread "File watcher consumer" daemon [_thread_blocked, id=1296, stack(0x00000006ae100000,0x00000006ae200000)]
  0x000001d715ee6f40 JavaThread "Cache worker for checksums cache (C:\Users\scher\Documents\PROJETOS ANDROID\RECICLAAI\.gradle\8.0\checksums)" [_thread_blocked, id=12416, stack(0x00000006ae200000,0x00000006ae300000)]
  0x000001d715ee90f0 JavaThread "Cache worker for cache directory md-rule (C:\Users\scher\.gradle\caches\8.0\md-rule)" [_thread_blocked, id=2264, stack(0x00000006ae300000,0x00000006ae400000)]
  0x000001d715ee78e0 JavaThread "Cache worker for file content cache (C:\Users\scher\.gradle\caches\8.0\fileContent)" [_thread_blocked, id=14656, stack(0x00000006ae400000,0x00000006ae500000)]
  0x000001d715ee7db0 JavaThread "Cache worker for file hash cache (C:\Users\scher\Documents\PROJETOS ANDROID\RECICLAAI\.gradle\8.0\fileHashes)" [_thread_blocked, id=2276, stack(0x00000006ae500000,0x00000006ae600000)]
  0x000001d715ee8280 JavaThread "Cache worker for cache directory md-supplier (C:\Users\scher\.gradle\caches\8.0\md-supplier)" [_thread_blocked, id=3496, stack(0x00000006ae600000,0x00000006ae700000)]
  0x000001d715ee60d0 JavaThread "Cache worker for execution history cache (C:\Users\scher\.gradle\caches\8.0\executionHistory)" [_thread_blocked, id=9520, stack(0x00000006ae700000,0x00000006ae800000)]
  0x000001d715ee95c0 JavaThread "jar transforms" [_thread_blocked, id=11280, stack(0x00000006ae800000,0x00000006ae900000)]
  0x000001d715ee9a90 JavaThread "jar transforms Thread 2" [_thread_blocked, id=13436, stack(0x00000006ae900000,0x00000006aea00000)]
  0x000001d717b16a90 JavaThread "jar transforms Thread 3" [_thread_blocked, id=15604, stack(0x00000006aeb00000,0x00000006aec00000)]
  0x000001d717b148e0 JavaThread "jar transforms Thread 4" [_thread_blocked, id=7692, stack(0x00000006aec00000,0x00000006aed00000)]
  0x000001d717b19ab0 JavaThread "Cache worker for dependencies-accessors (C:\Users\scher\Documents\PROJETOS ANDROID\RECICLAAI\.gradle\8.0\dependencies-accessors)" [_thread_blocked, id=15656, stack(0x00000006aed00000,0x00000006aee00000)]
  0x000001d717b1a920 JavaThread "jar transforms Thread 5" [_thread_blocked, id=7480, stack(0x00000006aee00000,0x00000006aef00000)]
  0x000001d717b1bc60 JavaThread "Cache worker for Build Output Cleanup Cache (C:\Users\scher\Documents\PROJETOS ANDROID\RECICLAAI\.gradle\buildOutputCleanup)" [_thread_blocked, id=7536, stack(0x00000006aef00000,0x00000006af000000)]
  0x000001d717b1adf0 JavaThread "Unconstrained build operations" [_thread_blocked, id=17336, stack(0x00000006af000000,0x00000006af100000)]
  0x000001d717b1b2c0 JavaThread "Unconstrained build operations Thread 2" [_thread_blocked, id=9132, stack(0x00000006af100000,0x00000006af200000)]
  0x000001d717b1b790 JavaThread "Unconstrained build operations Thread 3" [_thread_blocked, id=12168, stack(0x00000006af200000,0x00000006af300000)]
  0x000001d717b15750 JavaThread "Unconstrained build operations Thread 4" [_thread_blocked, id=3788, stack(0x00000006af300000,0x00000006af400000)]
  0x000001d717b14410 JavaThread "Unconstrained build operations Thread 5" [_thread_blocked, id=5588, stack(0x00000006af400000,0x00000006af500000)]
  0x000001d717b18c40 JavaThread "Unconstrained build operations Thread 6" [_thread_blocked, id=10380, stack(0x00000006af500000,0x00000006af600000)]
  0x000001d717b15280 JavaThread "Unconstrained build operations Thread 7" [_thread_blocked, id=16596, stack(0x00000006af600000,0x00000006af700000)]
  0x000001d717b16f60 JavaThread "Unconstrained build operations Thread 8" [_thread_blocked, id=7996, stack(0x00000006af700000,0x00000006af800000)]
  0x000001d717b14db0 JavaThread "Unconstrained build operations Thread 9" [_thread_blocked, id=8044, stack(0x00000006af800000,0x00000006af900000)]
  0x000001d717b15c20 JavaThread "Unconstrained build operations Thread 10" [_thread_blocked, id=16248, stack(0x00000006af900000,0x00000006afa00000)]
  0x000001d717b160f0 JavaThread "Unconstrained build operations Thread 11" [_thread_blocked, id=12820, stack(0x00000006afa00000,0x00000006afb00000)]
  0x000001d717b165c0 JavaThread "Unconstrained build operations Thread 12" [_thread_blocked, id=13116, stack(0x00000006afb00000,0x00000006afc00000)]
  0x000001d717b17430 JavaThread "Unconstrained build operations Thread 13" [_thread_blocked, id=15908, stack(0x00000006afc00000,0x00000006afd00000)]
  0x000001d717b17dd0 JavaThread "Unconstrained build operations Thread 14" [_thread_blocked, id=7340, stack(0x00000006afd00000,0x00000006afe00000)]
  0x000001d717b17900 JavaThread "Unconstrained build operations Thread 15" [_thread_blocked, id=17176, stack(0x00000006afe00000,0x00000006aff00000)]
  0x000001d71b0a8470 JavaThread "Unconstrained build operations Thread 16" [_thread_blocked, id=14068, stack(0x00000006aff00000,0x00000006b0000000)]
  0x000001d71b0ab960 JavaThread "Unconstrained build operations Thread 17" [_thread_blocked, id=2644, stack(0x00000006b0000000,0x00000006b0100000)]
  0x000001d71b0acca0 JavaThread "Unconstrained build operations Thread 18" [_thread_blocked, id=16960, stack(0x00000006b0100000,0x00000006b0200000)]
  0x000001d71b0a8940 JavaThread "Unconstrained build operations Thread 19" [_thread_blocked, id=8424, stack(0x00000006b0200000,0x00000006b0300000)]
  0x000001d71b0ac300 JavaThread "Unconstrained build operations Thread 20" [_thread_blocked, id=16124, stack(0x00000006b0300000,0x00000006b0400000)]
  0x000001d71b0aa620 JavaThread "Unconstrained build operations Thread 21" [_thread_blocked, id=8140, stack(0x00000006b0400000,0x00000006b0500000)]
  0x000001d71b0adb10 JavaThread "Unconstrained build operations Thread 22" [_thread_blocked, id=15904, stack(0x00000006b0500000,0x00000006b0600000)]
  0x000001d71b0a92e0 JavaThread "Unconstrained build operations Thread 23" [_thread_blocked, id=12468, stack(0x00000006b0600000,0x00000006b0700000)]
  0x000001d71b0af320 JavaThread "Unconstrained build operations Thread 24" [_thread_blocked, id=8736, stack(0x00000006b0700000,0x00000006b0800000)]
  0x000001d71b0a8e10 JavaThread "Unconstrained build operations Thread 25" [_thread_blocked, id=9604, stack(0x00000006b0800000,0x00000006b0900000)]
  0x000001d71b0ae980 JavaThread "Unconstrained build operations Thread 26" [_thread_blocked, id=16456, stack(0x00000006b0900000,0x00000006b0a00000)]
  0x000001d71b0a97b0 JavaThread "Unconstrained build operations Thread 27" [_thread_blocked, id=5424, stack(0x00000006b0a00000,0x00000006b0b00000)]
  0x000001d71b0abe30 JavaThread "Unconstrained build operations Thread 28" [_thread_blocked, id=12696, stack(0x00000006b0b00000,0x00000006b0c00000)]
  0x000001d71b0ad170 JavaThread "Unconstrained build operations Thread 29" [_thread_blocked, id=15924, stack(0x00000006b0c00000,0x00000006b0d00000)]
  0x000001d71b0ac7d0 JavaThread "Unconstrained build operations Thread 30" [_thread_blocked, id=9056, stack(0x00000006b0d00000,0x00000006b0e00000)]
  0x000001d71b0aaaf0 JavaThread "Unconstrained build operations Thread 31" [_thread_blocked, id=12208, stack(0x00000006b0e00000,0x00000006b0f00000)]
  0x000001d71b0ad640 JavaThread "Unconstrained build operations Thread 32" [_thread_blocked, id=2580, stack(0x00000006b0f00000,0x00000006b1000000)]
  0x000001d71b0aafc0 JavaThread "Unconstrained build operations Thread 33" [_thread_blocked, id=14188, stack(0x00000006b1000000,0x00000006b1100000)]
  0x000001d71b0a9c80 JavaThread "Unconstrained build operations Thread 34" [_thread_blocked, id=8232, stack(0x00000006b1100000,0x00000006b1200000)]
  0x000001d71b0aa150 JavaThread "Unconstrained build operations Thread 35" [_thread_blocked, id=9892, stack(0x00000006b1200000,0x00000006b1300000)]
  0x000001d71b0ab490 JavaThread "Unconstrained build operations Thread 36" [_thread_blocked, id=3732, stack(0x00000006b1300000,0x00000006b1400000)]
  0x000001d71b0af7f0 JavaThread "Unconstrained build operations Thread 37" [_thread_blocked, id=11388, stack(0x00000006b1400000,0x00000006b1500000)]
  0x000001d71b0adfe0 JavaThread "Unconstrained build operations Thread 38" [_thread_blocked, id=11796, stack(0x00000006b1500000,0x00000006b1600000)]
  0x000001d71b0ae4b0 JavaThread "Unconstrained build operations Thread 39" [_thread_blocked, id=6864, stack(0x00000006b1600000,0x00000006b1700000)]
  0x000001d71b0aee50 JavaThread "Unconstrained build operations Thread 40" [_thread_blocked, id=13136, stack(0x00000006b1700000,0x00000006b1800000)]
  0x000001d71b0a7fa0 JavaThread "Unconstrained build operations Thread 41" [_thread_blocked, id=12684, stack(0x00000006b1800000,0x00000006b1900000)]
  0x000001d71ad971f0 JavaThread "Unconstrained build operations Thread 42" [_thread_blocked, id=14088, stack(0x00000006b1900000,0x00000006b1a00000)]
  0x000001d71ad993a0 JavaThread "Unconstrained build operations Thread 43" [_thread_blocked, id=16176, stack(0x00000006b1a00000,0x00000006b1b00000)]
  0x000001d71ad959e0 JavaThread "Unconstrained build operations Thread 44" [_thread_blocked, id=3500, stack(0x00000006b1b00000,0x00000006b1c00000)]
  0x000001d71ad96d20 JavaThread "Unconstrained build operations Thread 45" [_thread_blocked, id=5956, stack(0x00000006b1c00000,0x00000006b1d00000)]
  0x000001d71ad99d40 JavaThread "Unconstrained build operations Thread 46" [_thread_blocked, id=4564, stack(0x00000006b1d00000,0x00000006b1e00000)]
  0x000001d71ad96850 JavaThread "Unconstrained build operations Thread 47" [_thread_blocked, id=15460, stack(0x00000006b1e00000,0x00000006b1f00000)]
  0x000001d71ad95eb0 JavaThread "Unconstrained build operations Thread 48" [_thread_blocked, id=14288, stack(0x00000006b1f00000,0x00000006b2000000)]
  0x000001d71ad976c0 JavaThread "Unconstrained build operations Thread 49" [_thread_blocked, id=2796, stack(0x00000006b2000000,0x00000006b2100000)]
  0x000001d71ad98060 JavaThread "Unconstrained build operations Thread 50" [_thread_blocked, id=16688, stack(0x00000006b2100000,0x00000006b2200000)]
  0x000001d71ad98ed0 JavaThread "Unconstrained build operations Thread 51" [_thread_blocked, id=8528, stack(0x00000006b2200000,0x00000006b2300000)]
  0x000001d71ad98530 JavaThread "Unconstrained build operations Thread 52" [_thread_blocked, id=16460, stack(0x00000006b2300000,0x00000006b2400000)]
  0x000001d71ad95040 JavaThread "Unconstrained build operations Thread 53" [_thread_blocked, id=16720, stack(0x00000006b2400000,0x00000006b2500000)]
  0x000001d71ad9a210 JavaThread "Unconstrained build operations Thread 54" [_thread_blocked, id=17188, stack(0x00000006b2500000,0x00000006b2600000)]
  0x000001d71ad9a6e0 JavaThread "Unconstrained build operations Thread 55" [_thread_blocked, id=15368, stack(0x00000006b2600000,0x00000006b2700000)]
  0x000001d71ad9abb0 JavaThread "Unconstrained build operations Thread 56" [_thread_blocked, id=11920, stack(0x00000006b2700000,0x00000006b2800000)]
  0x000001d71ad95510 JavaThread "Unconstrained build operations Thread 57" [_thread_blocked, id=4108, stack(0x00000006b2800000,0x00000006b2900000)]
  0x000001d71ad96380 JavaThread "Unconstrained build operations Thread 58" [_thread_blocked, id=14320, stack(0x00000006b2900000,0x00000006b2a00000)]
  0x000001d71ad94b70 JavaThread "Unconstrained build operations Thread 59" [_thread_blocked, id=14012, stack(0x00000006b2a00000,0x00000006b2b00000)]
  0x000001d71ad9b080 JavaThread "Unconstrained build operations Thread 60" [_thread_blocked, id=7932, stack(0x00000006b2b00000,0x00000006b2c00000)]
  0x000001d71ad9b550 JavaThread "Unconstrained build operations Thread 61" [_thread_blocked, id=2804, stack(0x00000006b2c00000,0x00000006b2d00000)]
  0x000001d71ad99870 JavaThread "Unconstrained build operations Thread 62" [_thread_blocked, id=16048, stack(0x00000006b2d00000,0x00000006b2e00000)]
  0x000001d71ad97b90 JavaThread "Unconstrained build operations Thread 63" [_thread_blocked, id=16388, stack(0x00000006b2e00000,0x00000006b2f00000)]
  0x000001d71ad98a00 JavaThread "Unconstrained build operations Thread 64" [_thread_blocked, id=16832, stack(0x00000006b2f00000,0x00000006b3000000)]
  0x000001d71ad9ba20 JavaThread "Unconstrained build operations Thread 65" [_thread_blocked, id=7052, stack(0x00000006b3000000,0x00000006b3100000)]
  0x000001d71ad9bef0 JavaThread "Unconstrained build operations Thread 66" [_thread_blocked, id=12356, stack(0x00000006b3100000,0x00000006b3200000)]
  0x000001d71ad946a0 JavaThread "Unconstrained build operations Thread 67" [_thread_blocked, id=8804, stack(0x00000006b3200000,0x00000006b3300000)]
  0x000001d71a99b160 JavaThread "Unconstrained build operations Thread 68" [_thread_blocked, id=8484, stack(0x00000006b3300000,0x00000006b3400000)]
  0x000001d71a998610 JavaThread "Unconstrained build operations Thread 69" [_thread_blocked, id=11004, stack(0x00000006b3400000,0x00000006b3500000)]
  0x000001d71a99d7e0 JavaThread "Unconstrained build operations Thread 70" [_thread_blocked, id=12904, stack(0x00000006b3500000,0x00000006b3600000)]
  0x000001d71a99eb20 JavaThread "Unconstrained build operations Thread 71" [_thread_blocked, id=15660, stack(0x00000006b3600000,0x00000006b3700000)]
  0x000001d71a99bfd0 JavaThread "Unconstrained build operations Thread 72" [_thread_blocked, id=4056, stack(0x00000006b3700000,0x00000006b3800000)]
  0x000001d71a998140 JavaThread "Unconstrained build operations Thread 73" [_thread_blocked, id=10408, stack(0x00000006b3800000,0x00000006b3900000)]
  0x000001d71a998ae0 JavaThread "Unconstrained build operations Thread 74" [_thread_blocked, id=1504, stack(0x00000006b3900000,0x00000006b3a00000)]
  0x000001d71a99c970 JavaThread "Unconstrained build operations Thread 75" [_thread_blocked, id=7980, stack(0x00000006b3a00000,0x00000006b3b00000)]
  0x000001d71a99b630 JavaThread "Unconstrained build operations Thread 76" [_thread_blocked, id=15984, stack(0x00000006b3b00000,0x00000006b3c00000)]
  0x000001d71a999e20 JavaThread "Unconstrained build operations Thread 77" [_thread_blocked, id=13016, stack(0x00000006b3c00000,0x00000006b3d00000)]
  0x000001d71a99e180 JavaThread "Unconstrained build operations Thread 78" [_thread_blocked, id=17344, stack(0x00000006b3d00000,0x00000006b3e00000)]
  0x000001d71a99dcb0 JavaThread "Unconstrained build operations Thread 79" [_thread_blocked, id=13384, stack(0x00000006b3e00000,0x00000006b3f00000)]
  0x000001d71a99e650 JavaThread "Unconstrained build operations Thread 80" [_thread_blocked, id=14080, stack(0x00000006b3f00000,0x00000006b4000000)]
  0x000001d71a99c4a0 JavaThread "jar transforms Thread 6" [_thread_blocked, id=10384, stack(0x00000006b4000000,0x00000006b4100000)]
  0x000001d71a99d310 JavaThread "jar transforms Thread 7" [_thread_blocked, id=16028, stack(0x00000006b4100000,0x00000006b4200000)]
  0x000001d71a998fb0 JavaThread "jar transforms Thread 8" [_thread_blocked, id=17324, stack(0x00000006b4200000,0x00000006b4300000)]
  0x000001d71a9977a0 JavaThread "build event listener" [_thread_blocked, id=12084, stack(0x00000006b4300000,0x00000006b4400000)]
  0x000001d71a99a2f0 JavaThread "Memory manager" [_thread_blocked, id=5460, stack(0x00000006b4400000,0x00000006b4500000)]

Other Threads:
=>0x000001d77f1a3f20 VMThread "VM Thread" [stack: 0x00000006abc00000,0x00000006abd00000] [id=9232]
  0x000001d77fdae9e0 WatcherThread [stack: 0x00000006ac800000,0x00000006ac900000] [id=16916]
  0x000001d7783dbc90 GCTaskThread "GC Thread#0" [stack: 0x00000006ab700000,0x00000006ab800000] [id=2408]
  0x000001d7157baba0 GCTaskThread "GC Thread#1" [stack: 0x00000006acb00000,0x00000006acc00000] [id=7624]
  0x000001d7157bae50 GCTaskThread "GC Thread#2" [stack: 0x00000006acc00000,0x00000006acd00000] [id=3132]
  0x000001d7159ada90 GCTaskThread "GC Thread#3" [stack: 0x00000006acd00000,0x00000006ace00000] [id=12116]
  0x000001d716123350 GCTaskThread "GC Thread#4" [stack: 0x00000006ace00000,0x00000006acf00000] [id=6884]
  0x000001d7174fec40 GCTaskThread "GC Thread#5" [stack: 0x00000006ad900000,0x00000006ada00000] [id=8492]
  0x000001d7174feef0 GCTaskThread "GC Thread#6" [stack: 0x00000006ada00000,0x00000006adb00000] [id=16544]
  0x000001d7174ff1a0 GCTaskThread "GC Thread#7" [stack: 0x00000006adb00000,0x00000006adc00000] [id=16000]
  0x000001d7783ecbd0 ConcurrentGCThread "G1 Main Marker" [stack: 0x00000006ab800000,0x00000006ab900000] [id=15084]
  0x000001d7783ed5e0 ConcurrentGCThread "G1 Conc#0" [stack: 0x00000006ab900000,0x00000006aba00000] [id=14460]
  0x000001d7174ff450 ConcurrentGCThread "G1 Conc#1" [stack: 0x00000006adc00000,0x00000006add00000] [id=5892]
  0x000001d77843de10 ConcurrentGCThread "G1 Refine#0" [stack: 0x00000006aba00000,0x00000006abb00000] [id=13452]
  0x000001d71a22a040 ConcurrentGCThread "G1 Refine#1" [stack: 0x00000006aea00000,0x00000006aeb00000] [id=10596]
  0x000001d77843e830 ConcurrentGCThread "G1 Service" [stack: 0x00000006abb00000,0x00000006abc00000] [id=11788]

Threads with active compile tasks:
C2 CompilerThread0     5099 6411       4       java.lang.Class::annotationData (44 bytes)
C2 CompilerThread1     5099 6323       4       jdk.internal.loader.URLClassPath$JarLoader$2::getBytes (48 bytes)
C2 CompilerThread2     5099 6327   !   4       jdk.internal.loader.Resource::getBytes (244 bytes)

VM state: at safepoint (normal execution)

VM Mutex/Monitor currently owned by a thread:  ([mutex/lock_event])
[0x000001d77837abb0] Threads_lock - owner thread: 0x000001d77f1a3f20
[0x000001d77837b8a0] Heap_lock - owner thread: 0x000001d7167343a0

Heap address: 0x0000000080000000, size: 2048 MB, Compressed Oops mode: 32-bit

CDS archive(s) not mapped
Compressed class space mapped at: 0x0000000100000000-0x0000000140000000, reserved size: 1073741824
Narrow klass base: 0x0000000000000000, Narrow klass shift: 3, Narrow klass range: 0x140000000

GC Precious Log:
 CPUs: 8 total, 8 available
 Memory: 8072M
 Large Page Support: Disabled
 NUMA Support: Disabled
 Compressed Oops: Enabled (32-bit)
 Heap Region Size: 1M
 Heap Min Capacity: 8M
 Heap Initial Capacity: 128M
 Heap Max Capacity: 2G
 Pre-touch: Disabled
 Parallel Workers: 8
 Concurrent Workers: 2
 Concurrent Refinement Workers: 8
 Periodic GC: Disabled

Heap:
 garbage-first heap   total 104448K, used 53294K [0x0000000080000000, 0x0000000100000000)
  region size 1024K, 2 young (2048K), 2 survivors (2048K)
 Metaspace       used 64810K, committed 65280K, reserved 1105920K
  class space    used 8583K, committed 8832K, reserved 1048576K

Heap Regions: E=young(eden), S=young(survivor), O=old, HS=humongous(starts), HC=humongous(continues), CS=collection set, F=free, OA=open archive, CA=closed archive, TAMS=top-at-mark-start (previous, next)
|   0|0x0000000080000000, 0x0000000080100000, 0x0000000080100000|100%|HS|  |TAMS 0x0000000080100000, 0x0000000080000000| Complete 
|   1|0x0000000080100000, 0x0000000080200000, 0x0000000080200000|100%|HC|  |TAMS 0x0000000080200000, 0x0000000080100000| Complete 
|   2|0x0000000080200000, 0x0000000080300000, 0x0000000080300000|100%|HC|  |TAMS 0x0000000080300000, 0x0000000080200000| Complete 
|   3|0x0000000080300000, 0x0000000080400000, 0x0000000080400000|100%|HC|  |TAMS 0x0000000080400000, 0x0000000080300000| Complete 
|   4|0x0000000080400000, 0x0000000080500000, 0x0000000080500000|100%| O|  |TAMS 0x0000000080500000, 0x0000000080400000| Untracked 
|   5|0x0000000080500000, 0x0000000080600000, 0x0000000080600000|100%| O|  |TAMS 0x0000000080600000, 0x0000000080500000| Untracked 
|   6|0x0000000080600000, 0x0000000080700000, 0x0000000080700000|100%| O|  |TAMS 0x0000000080700000, 0x0000000080600000| Untracked 
|   7|0x0000000080700000, 0x0000000080800000, 0x0000000080800000|100%| O|  |TAMS 0x0000000080800000, 0x0000000080700000| Untracked 
|   8|0x0000000080800000, 0x0000000080900000, 0x0000000080900000|100%| O|  |TAMS 0x0000000080900000, 0x0000000080800000| Untracked 
|   9|0x0000000080900000, 0x0000000080a00000, 0x0000000080a00000|100%| O|  |TAMS 0x0000000080a00000, 0x0000000080900000| Untracked 
|  10|0x0000000080a00000, 0x0000000080b00000, 0x0000000080b00000|100%| O|  |TAMS 0x0000000080b00000, 0x0000000080a00000| Untracked 
|  11|0x0000000080b00000, 0x0000000080c00000, 0x0000000080c00000|100%|HS|  |TAMS 0x0000000080c00000, 0x0000000080b00000| Untracked 
|  12|0x0000000080c00000, 0x0000000080d00000, 0x0000000080d00000|100%| O|  |TAMS 0x0000000080d00000, 0x0000000080c00000| Untracked 
|  13|0x0000000080d00000, 0x0000000080e00000, 0x0000000080e00000|100%| O|  |TAMS 0x0000000080e00000, 0x0000000080d00000| Untracked 
|  14|0x0000000080e00000, 0x0000000080f00000, 0x0000000080f00000|100%| O|  |TAMS 0x0000000080f00000, 0x0000000080e00000| Untracked 
|  15|0x0000000080f00000, 0x0000000081000000, 0x0000000081000000|100%| O|  |TAMS 0x0000000081000000, 0x0000000080f00000| Untracked 
|  16|0x0000000081000000, 0x0000000081100000, 0x0000000081100000|100%| O|  |TAMS 0x0000000081100000, 0x0000000081000000| Untracked 
|  17|0x0000000081100000, 0x0000000081200000, 0x0000000081200000|100%| O|  |TAMS 0x0000000081200000, 0x0000000081100000| Untracked 
|  18|0x0000000081200000, 0x0000000081300000, 0x0000000081300000|100%| O|  |TAMS 0x0000000081300000, 0x0000000081200000| Untracked 
|  19|0x0000000081300000, 0x0000000081400000, 0x0000000081400000|100%| O|  |TAMS 0x0000000081400000, 0x0000000081300000| Untracked 
|  20|0x0000000081400000, 0x0000000081500000, 0x0000000081500000|100%| O|  |TAMS 0x0000000081500000, 0x0000000081400000| Untracked 
|  21|0x0000000081500000, 0x0000000081600000, 0x0000000081600000|100%| O|  |TAMS 0x0000000081600000, 0x0000000081500000| Untracked 
|  22|0x0000000081600000, 0x0000000081700000, 0x0000000081700000|100%| O|  |TAMS 0x0000000081700000, 0x0000000081600000| Untracked 
|  23|0x0000000081700000, 0x0000000081800000, 0x0000000081800000|100%| O|  |TAMS 0x0000000081800000, 0x0000000081700000| Untracked 
|  24|0x0000000081800000, 0x0000000081900000, 0x0000000081900000|100%| O|  |TAMS 0x0000000081900000, 0x0000000081800000| Untracked 
|  25|0x0000000081900000, 0x0000000081a00000, 0x0000000081a00000|100%| O|  |TAMS 0x0000000081a00000, 0x0000000081900000| Untracked 
|  26|0x0000000081a00000, 0x0000000081b00000, 0x0000000081b00000|100%| O|  |TAMS 0x0000000081b00000, 0x0000000081a00000| Untracked 
|  27|0x0000000081b00000, 0x0000000081c00000, 0x0000000081c00000|100%| O|  |TAMS 0x0000000081c00000, 0x0000000081b00000| Untracked 
|  28|0x0000000081c00000, 0x0000000081d00000, 0x0000000081d00000|100%| O|  |TAMS 0x0000000081d00000, 0x0000000081c00000| Untracked 
|  29|0x0000000081d00000, 0x0000000081e00000, 0x0000000081e00000|100%| O|  |TAMS 0x0000000081e00000, 0x0000000081d00000| Untracked 
|  30|0x0000000081e00000, 0x0000000081f00000, 0x0000000081f00000|100%|HS|  |TAMS 0x0000000081f00000, 0x0000000081e00000| Complete 
|  31|0x0000000081f00000, 0x0000000082000000, 0x0000000082000000|100%| O|  |TAMS 0x0000000082000000, 0x0000000081f00000| Untracked 
|  32|0x0000000082000000, 0x0000000082100000, 0x0000000082100000|100%| O|  |TAMS 0x0000000082100000, 0x0000000082000000| Untracked 
|  33|0x0000000082100000, 0x0000000082200000, 0x0000000082200000|100%| O|  |TAMS 0x0000000082200000, 0x0000000082100000| Untracked 
|  34|0x0000000082200000, 0x0000000082300000, 0x0000000082300000|100%|HS|  |TAMS 0x0000000082300000, 0x0000000082200000| Complete 
|  35|0x0000000082300000, 0x0000000082400000, 0x0000000082400000|100%|HS|  |TAMS 0x0000000082400000, 0x0000000082300000| Complete 
|  36|0x0000000082400000, 0x0000000082500000, 0x0000000082500000|100%| O|  |TAMS 0x0000000082500000, 0x0000000082400000| Untracked 
|  37|0x0000000082500000, 0x0000000082600000, 0x0000000082600000|100%| O|  |TAMS 0x0000000082600000, 0x0000000082500000| Untracked 
|  38|0x0000000082600000, 0x0000000082700000, 0x0000000082700000|100%| O|  |TAMS 0x0000000082700000, 0x0000000082600000| Untracked 
|  39|0x0000000082700000, 0x0000000082800000, 0x0000000082800000|100%| O|  |TAMS 0x0000000082800000, 0x0000000082700000| Untracked 
|  40|0x0000000082800000, 0x0000000082900000, 0x0000000082900000|100%| O|  |TAMS 0x0000000082900000, 0x0000000082800000| Untracked 
|  41|0x0000000082900000, 0x0000000082a00000, 0x0000000082a00000|100%| O|  |TAMS 0x0000000082a00000, 0x0000000082900000| Untracked 
|  42|0x0000000082a00000, 0x0000000082b00000, 0x0000000082b00000|100%| O|  |TAMS 0x0000000082b00000, 0x0000000082a00000| Untracked 
|  43|0x0000000082b00000, 0x0000000082c00000, 0x0000000082c00000|100%| O|  |TAMS 0x0000000082c00000, 0x0000000082b00000| Untracked 
|  44|0x0000000082c00000, 0x0000000082d00000, 0x0000000082d00000|100%| O|  |TAMS 0x0000000082d00000, 0x0000000082c00000| Untracked 
|  45|0x0000000082d00000, 0x0000000082e00000, 0x0000000082e00000|100%| O|  |TAMS 0x0000000082e00000, 0x0000000082d00000| Untracked 
|  46|0x0000000082e00000, 0x0000000082f00000, 0x0000000082f00000|100%| O|  |TAMS 0x0000000082ebca00, 0x0000000082e00000| Untracked 
|  47|0x0000000082f00000, 0x0000000082f00000, 0x0000000083000000|  0%| F|  |TAMS 0x0000000082f00000, 0x0000000082f00000| Untracked 
|  48|0x0000000083000000, 0x0000000083000000, 0x0000000083100000|  0%| F|  |TAMS 0x0000000083000000, 0x0000000083000000| Untracked 
|  49|0x0000000083100000, 0x0000000083100000, 0x0000000083200000|  0%| F|  |TAMS 0x0000000083100000, 0x0000000083100000| Untracked 
|  50|0x0000000083200000, 0x0000000083300000, 0x0000000083300000|100%| O|  |TAMS 0x0000000083200000, 0x0000000083200000| Untracked 
|  51|0x0000000083300000, 0x0000000083300000, 0x0000000083400000|  0%| F|  |TAMS 0x0000000083300000, 0x0000000083300000| Untracked 
|  52|0x0000000083400000, 0x0000000083500000, 0x0000000083500000|100%| O|  |TAMS 0x0000000083400000, 0x0000000083400000| Untracked 
|  53|0x0000000083500000, 0x0000000083600000, 0x0000000083600000|100%| O|  |TAMS 0x0000000083500000, 0x0000000083500000| Untracked 
|  54|0x0000000083600000, 0x000000008361ec00, 0x0000000083700000| 12%| O|  |TAMS 0x0000000083600000, 0x0000000083600000| Untracked 
|  55|0x0000000083700000, 0x0000000083700000, 0x0000000083800000|  0%| F|  |TAMS 0x0000000083700000, 0x0000000083700000| Untracked 
|  56|0x0000000083800000, 0x0000000083800000, 0x0000000083900000|  0%| F|  |TAMS 0x0000000083800000, 0x0000000083800000| Untracked 
|  57|0x0000000083900000, 0x0000000083900000, 0x0000000083a00000|  0%| F|  |TAMS 0x0000000083900000, 0x0000000083900000| Untracked 
|  58|0x0000000083a00000, 0x0000000083a00000, 0x0000000083b00000|  0%| F|  |TAMS 0x0000000083a00000, 0x0000000083a00000| Untracked 
|  59|0x0000000083b00000, 0x0000000083b00000, 0x0000000083c00000|  0%| F|  |TAMS 0x0000000083b00000, 0x0000000083b00000| Untracked 
|  60|0x0000000083c00000, 0x0000000083c00000, 0x0000000083d00000|  0%| F|  |TAMS 0x0000000083c00000, 0x0000000083c00000| Untracked 
|  61|0x0000000083d00000, 0x0000000083d00000, 0x0000000083e00000|  0%| F|  |TAMS 0x0000000083d00000, 0x0000000083d00000| Untracked 
|  62|0x0000000083e00000, 0x0000000083e00000, 0x0000000083f00000|  0%| F|  |TAMS 0x0000000083e00000, 0x0000000083e00000| Untracked 
|  63|0x0000000083f00000, 0x0000000083f00000, 0x0000000084000000|  0%| F|  |TAMS 0x0000000083f00000, 0x0000000083f00000| Untracked 
|  64|0x0000000084000000, 0x0000000084000000, 0x0000000084100000|  0%| F|  |TAMS 0x0000000084000000, 0x0000000084000000| Untracked 
|  65|0x0000000084100000, 0x0000000084100000, 0x0000000084200000|  0%| F|  |TAMS 0x0000000084100000, 0x0000000084100000| Untracked 
|  66|0x0000000084200000, 0x0000000084200000, 0x0000000084300000|  0%| F|  |TAMS 0x0000000084200000, 0x0000000084200000| Untracked 
|  67|0x0000000084300000, 0x0000000084300000, 0x0000000084400000|  0%| F|  |TAMS 0x0000000084300000, 0x0000000084300000| Untracked 
|  68|0x0000000084400000, 0x0000000084400000, 0x0000000084500000|  0%| F|  |TAMS 0x0000000084400000, 0x0000000084400000| Untracked 
|  69|0x0000000084500000, 0x0000000084500000, 0x0000000084600000|  0%| F|  |TAMS 0x0000000084500000, 0x0000000084500000| Untracked 
|  70|0x0000000084600000, 0x0000000084600000, 0x0000000084700000|  0%| F|  |TAMS 0x0000000084600000, 0x0000000084600000| Untracked 
|  71|0x0000000084700000, 0x0000000084700000, 0x0000000084800000|  0%| F|  |TAMS 0x0000000084700000, 0x0000000084700000| Untracked 
|  72|0x0000000084800000, 0x0000000084800000, 0x0000000084900000|  0%| F|  |TAMS 0x0000000084800000, 0x0000000084800000| Untracked 
|  73|0x0000000084900000, 0x0000000084900000, 0x0000000084a00000|  0%| F|  |TAMS 0x0000000084900000, 0x0000000084900000| Untracked 
|  74|0x0000000084a00000, 0x0000000084a00000, 0x0000000084b00000|  0%| F|  |TAMS 0x0000000084a00000, 0x0000000084a00000| Untracked 
|  75|0x0000000084b00000, 0x0000000084b00000, 0x0000000084c00000|  0%| F|  |TAMS 0x0000000084b00000, 0x0000000084b00000| Untracked 
|  76|0x0000000084c00000, 0x0000000084cecc98, 0x0000000084d00000| 92%| S|CS|TAMS 0x0000000084c00000, 0x0000000084c00000| Complete 
|  77|0x0000000084d00000, 0x0000000084e00000, 0x0000000084e00000|100%| S|CS|TAMS 0x0000000084d00000, 0x0000000084d00000| Complete 
|  78|0x0000000084e00000, 0x0000000084e00000, 0x0000000084f00000|  0%| F|  |TAMS 0x0000000084e00000, 0x0000000084e00000| Untracked 
|  79|0x0000000084f00000, 0x0000000084f00000, 0x0000000085000000|  0%| F|  |TAMS 0x0000000084f00000, 0x0000000084f00000| Untracked 
|  80|0x0000000085000000, 0x0000000085000000, 0x0000000085100000|  0%| F|  |TAMS 0x0000000085000000, 0x0000000085000000| Untracked 
|  81|0x0000000085100000, 0x0000000085100000, 0x0000000085200000|  0%| F|  |TAMS 0x0000000085100000, 0x0000000085100000| Untracked 
|  82|0x0000000085200000, 0x0000000085200000, 0x0000000085300000|  0%| F|  |TAMS 0x0000000085200000, 0x0000000085200000| Untracked 
|  83|0x0000000085300000, 0x0000000085300000, 0x0000000085400000|  0%| F|  |TAMS 0x0000000085300000, 0x0000000085300000| Untracked 
|  84|0x0000000085400000, 0x0000000085400000, 0x0000000085500000|  0%| F|  |TAMS 0x0000000085400000, 0x0000000085400000| Untracked 
|  85|0x0000000085500000, 0x0000000085500000, 0x0000000085600000|  0%| F|  |TAMS 0x0000000085500000, 0x0000000085500000| Untracked 
|  86|0x0000000085600000, 0x0000000085600000, 0x0000000085700000|  0%| F|  |TAMS 0x0000000085600000, 0x0000000085600000| Untracked 
|  87|0x0000000085700000, 0x0000000085700000, 0x0000000085800000|  0%| F|  |TAMS 0x0000000085700000, 0x0000000085700000| Untracked 
|  88|0x0000000085800000, 0x0000000085800000, 0x0000000085900000|  0%| F|  |TAMS 0x0000000085800000, 0x0000000085800000| Untracked 
|  89|0x0000000085900000, 0x0000000085900000, 0x0000000085a00000|  0%| F|  |TAMS 0x0000000085900000, 0x0000000085900000| Untracked 
|  90|0x0000000085a00000, 0x0000000085a00000, 0x0000000085b00000|  0%| F|  |TAMS 0x0000000085a00000, 0x0000000085a00000| Untracked 
|  91|0x0000000085b00000, 0x0000000085b00000, 0x0000000085c00000|  0%| F|  |TAMS 0x0000000085b00000, 0x0000000085b00000| Untracked 
|  92|0x0000000085c00000, 0x0000000085c00000, 0x0000000085d00000|  0%| F|  |TAMS 0x0000000085c00000, 0x0000000085c00000| Untracked 
|  93|0x0000000085d00000, 0x0000000085d00000, 0x0000000085e00000|  0%| F|  |TAMS 0x0000000085d00000, 0x0000000085d00000| Untracked 
|  94|0x0000000085e00000, 0x0000000085e00000, 0x0000000085f00000|  0%| F|  |TAMS 0x0000000085e00000, 0x0000000085e00000| Untracked 
|  95|0x0000000085f00000, 0x0000000085f00000, 0x0000000086000000|  0%| F|  |TAMS 0x0000000085f00000, 0x0000000085f00000| Untracked 
|  96|0x0000000086000000, 0x0000000086000000, 0x0000000086100000|  0%| F|  |TAMS 0x0000000086000000, 0x0000000086000000| Untracked 
|  97|0x0000000086100000, 0x0000000086100000, 0x0000000086200000|  0%| F|  |TAMS 0x0000000086100000, 0x0000000086100000| Untracked 
|  98|0x0000000086200000, 0x0000000086200000, 0x0000000086300000|  0%| F|  |TAMS 0x0000000086200000, 0x0000000086200000| Untracked 
|  99|0x0000000086300000, 0x0000000086300000, 0x0000000086400000|  0%| F|  |TAMS 0x0000000086300000, 0x0000000086300000| Untracked 
| 100|0x0000000086400000, 0x0000000086400000, 0x0000000086500000|  0%| F|  |TAMS 0x0000000086400000, 0x0000000086400000| Untracked 
| 127|0x0000000087f00000, 0x0000000087f00000, 0x0000000088000000|  0%| F|  |TAMS 0x0000000087f00000, 0x0000000087f00000| Untracked 

Card table byte_map: [0x000001d77deb0000,0x000001d77e2b0000] _byte_map_base: 0x000001d77dab0000

Marking Bits (Prev, Next): (CMBitMap*) 0x000001d7783dc2a0, (CMBitMap*) 0x000001d7783dc2e0
 Prev Bits: [0x000001d70f000000, 0x000001d711000000)
 Next Bits: [0x000001d711000000, 0x000001d713000000)

Polling page: 0x000001d778440000

Metaspace:

Usage:
  Non-class:     54.91 MB used.
      Class:      8.38 MB used.
       Both:     63.29 MB used.

Virtual space:
  Non-class space:       56.00 MB reserved,      55.12 MB ( 98%) committed,  7 nodes.
      Class space:        1.00 GB reserved,       8.62 MB ( <1%) committed,  1 nodes.
             Both:        1.05 GB reserved,      63.75 MB (  6%) committed. 

Chunk freelists:
   Non-Class:  896.00 KB
       Class:  3.33 MB
        Both:  4.20 MB

MaxMetaspaceSize: unlimited
CompressedClassSpaceSize: 1.00 GB
Initial GC threshold: 21.00 MB
Current GC threshold: 103.12 MB
CDS: off
MetaspaceReclaimPolicy: balanced
 - commit_granule_bytes: 65536.
 - commit_granule_words: 8192.
 - virtual_space_node_default_size: 1048576.
 - enlarge_chunks_in_place: 1.
 - new_chunks_are_fully_committed: 0.
 - uncommit_free_chunks: 1.
 - use_allocation_guard: 0.
 - handle_deallocations: 1.


Internal statistics:

num_allocs_failed_limit: 6.
num_arena_births: 606.
num_arena_deaths: 0.
num_vsnodes_births: 8.
num_vsnodes_deaths: 0.
num_space_committed: 1020.
num_space_uncommitted: 0.
num_chunks_returned_to_freelist: 6.
num_chunks_taken_from_freelist: 2698.
num_chunk_merges: 6.
num_chunk_splits: 1814.
num_chunks_enlarged: 1237.
num_purges: 0.
num_inconsistent_stats: 0.

CodeHeap 'non-profiled nmethods': size=120000Kb used=3217Kb max_used=3532Kb free=116782Kb
 bounds [0x000001d707ad0000, 0x000001d707e50000, 0x000001d70f000000]
CodeHeap 'profiled nmethods': size=120000Kb used=10675Kb max_used=11377Kb free=109324Kb
 bounds [0x000001d700000000, 0x000001d700b20000, 0x000001d707530000]
CodeHeap 'non-nmethods': size=5760Kb used=2343Kb max_used=2428Kb free=3416Kb
 bounds [0x000001d707530000, 0x000001d7077b0000, 0x000001d707ad0000]
 total_blobs=6502 nmethods=5633 adapters=781
 compilation: enabled
              stopped_count=0, restarted_count=0
 full_count=0

Compilation events (20 events):
Event: 5.062 Thread 0x000001d77fc3e840 6481   !   3       jdk.proxy1.$Proxy5::annotationType (29 bytes)
Event: 5.063 Thread 0x000001d77fc3e840 nmethod 6481 0x000001d70015d510 code [0x000001d70015d6e0, 0x000001d70015dab8]
Event: 5.064 Thread 0x000001d77fc3e840 6482       3       org.gradle.internal.instantiation.generator.AsmBackedClassGenerator$ClassBuilderImpl::access$6500 (4 bytes)
Event: 5.064 Thread 0x000001d77fc3e840 nmethod 6482 0x000001d7001b9910 code [0x000001d7001b9aa0, 0x000001d7001b9b98]
Event: 5.064 Thread 0x000001d77fc3e840 6483       1       org.gradle.internal.instantiation.generator.AsmBackedClassGenerator$ClassBuilderImpl::access$6800 (5 bytes)
Event: 5.064 Thread 0x000001d77fc3e840 nmethod 6483 0x000001d707cc3a10 code [0x000001d707cc3ba0, 0x000001d707cc3c58]
Event: 5.069 Thread 0x000001d77fc3e840 6484       3       org.objectweb.asm.commons.Method::<init> (15 bytes)
Event: 5.069 Thread 0x000001d77fc3e840 nmethod 6484 0x000001d7004b6010 code [0x000001d7004b61c0, 0x000001d7004b63d8]
Event: 5.069 Thread 0x000001d77fc3e840 6486       3       org.objectweb.asm.Frame::getAbstractTypeFromDescriptor (415 bytes)
Event: 5.070 Thread 0x000001d77fc3e840 nmethod 6486 0x000001d7001f9410 code [0x000001d7001f97c0, 0x000001d7001fb3d8]
Event: 5.070 Thread 0x000001d77fc3e840 6489       3       org.objectweb.asm.SymbolTable::addConstantMemberReference (147 bytes)
Event: 5.071 Thread 0x000001d77fc3e840 nmethod 6489 0x000001d7004b4f90 code [0x000001d7004b5200, 0x000001d7004b5ac8]
Event: 5.071 Thread 0x000001d77fc3e840 6490       3       org.objectweb.asm.SymbolTable::hash (20 bytes)
Event: 5.071 Thread 0x000001d77fc3e840 nmethod 6490 0x000001d7004b4a90 code [0x000001d7004b4c40, 0x000001d7004b4e08]
Event: 5.071 Thread 0x000001d77fc3e840 6488       3       org.objectweb.asm.Type::getDescriptor (93 bytes)
Event: 5.071 Thread 0x000001d77fc3e840 nmethod 6488 0x000001d7004b3b10 code [0x000001d7004b3d80, 0x000001d7004b4508]
Event: 5.071 Thread 0x000001d77fc3e840 6487       1       com.android.build.gradle.internal.dsl.decorator.SupportedPropertyType$Collection::getImplementationType (5 bytes)
Event: 5.072 Thread 0x000001d77fc3e840 nmethod 6487 0x000001d707cc3710 code [0x000001d707cc38a0, 0x000001d707cc3978]
Event: 5.072 Thread 0x000001d77fc3e840 6485       1       kotlin.sequences.TransformingSequence::access$getSequence$p (5 bytes)
Event: 5.072 Thread 0x000001d77fc3e840 nmethod 6485 0x000001d707cc3410 code [0x000001d707cc35a0, 0x000001d707cc3658]

GC Heap History (20 events):
Event: 3.335 GC heap after
{Heap after GC invocations=12 (full 0):
 garbage-first heap   total 82944K, used 32588K [0x0000000080000000, 0x0000000100000000)
  region size 1024K, 3 young (3072K), 3 survivors (3072K)
 Metaspace       used 45857K, committed 46272K, reserved 1089536K
  class space    used 6105K, committed 6272K, reserved 1048576K
}
Event: 3.657 GC heap before
{Heap before GC invocations=12 (full 0):
 garbage-first heap   total 82944K, used 63308K [0x0000000080000000, 0x0000000100000000)
  region size 1024K, 32 young (32768K), 3 survivors (3072K)
 Metaspace       used 50231K, committed 50624K, reserved 1097728K
  class space    used 6670K, committed 6848K, reserved 1048576K
}
Event: 3.660 GC heap after
{Heap after GC invocations=13 (full 0):
 garbage-first heap   total 82944K, used 34036K [0x0000000080000000, 0x0000000100000000)
  region size 1024K, 2 young (2048K), 2 survivors (2048K)
 Metaspace       used 50231K, committed 50624K, reserved 1097728K
  class space    used 6670K, committed 6848K, reserved 1048576K
}
Event: 3.963 GC heap before
{Heap before GC invocations=13 (full 0):
 garbage-first heap   total 82944K, used 62708K [0x0000000080000000, 0x0000000100000000)
  region size 1024K, 31 young (31744K), 2 survivors (2048K)
 Metaspace       used 51527K, committed 52032K, reserved 1097728K
  class space    used 6823K, committed 7040K, reserved 1048576K
}
Event: 3.966 GC heap after
{Heap after GC invocations=14 (full 0):
 garbage-first heap   total 82944K, used 36119K [0x0000000080000000, 0x0000000100000000)
  region size 1024K, 4 young (4096K), 4 survivors (4096K)
 Metaspace       used 51527K, committed 52032K, reserved 1097728K
  class space    used 6823K, committed 7040K, reserved 1048576K
}
Event: 4.050 GC heap before
{Heap before GC invocations=14 (full 0):
 garbage-first heap   total 82944K, used 47383K [0x0000000080000000, 0x0000000100000000)
  region size 1024K, 14 young (14336K), 4 survivors (4096K)
 Metaspace       used 51887K, committed 52288K, reserved 1097728K
  class space    used 6870K, committed 7040K, reserved 1048576K
}
Event: 4.053 GC heap after
{Heap after GC invocations=15 (full 0):
 garbage-first heap   total 82944K, used 43202K [0x0000000080000000, 0x0000000100000000)
  region size 1024K, 4 young (4096K), 4 survivors (4096K)
 Metaspace       used 51887K, committed 52288K, reserved 1097728K
  class space    used 6870K, committed 7040K, reserved 1048576K
}
Event: 4.240 GC heap before
{Heap before GC invocations=16 (full 0):
 garbage-first heap   total 82944K, used 64706K [0x0000000080000000, 0x0000000100000000)
  region size 1024K, 24 young (24576K), 4 survivors (4096K)
 Metaspace       used 54346K, committed 54784K, reserved 1097728K
  class space    used 7226K, committed 7424K, reserved 1048576K
}
Event: 4.243 GC heap after
{Heap after GC invocations=17 (full 0):
 garbage-first heap   total 82944K, used 45480K [0x0000000080000000, 0x0000000100000000)
  region size 1024K, 3 young (3072K), 3 survivors (3072K)
 Metaspace       used 54346K, committed 54784K, reserved 1097728K
  class space    used 7226K, committed 7424K, reserved 1048576K
}
Event: 4.444 GC heap before
{Heap before GC invocations=17 (full 0):
 garbage-first heap   total 82944K, used 62888K [0x0000000080000000, 0x0000000100000000)
  region size 1024K, 21 young (21504K), 3 survivors (3072K)
 Metaspace       used 57255K, committed 57664K, reserved 1105920K
  class space    used 7580K, committed 7744K, reserved 1048576K
}
Event: 4.446 GC heap after
{Heap after GC invocations=18 (full 0):
 garbage-first heap   total 82944K, used 45956K [0x0000000080000000, 0x0000000100000000)
  region size 1024K, 1 young (1024K), 1 survivors (1024K)
 Metaspace       used 57255K, committed 57664K, reserved 1105920K
  class space    used 7580K, committed 7744K, reserved 1048576K
}
Event: 4.703 GC heap before
{Heap before GC invocations=19 (full 0):
 garbage-first heap   total 82944K, used 65412K [0x0000000080000000, 0x0000000100000000)
  region size 1024K, 20 young (20480K), 1 survivors (1024K)
 Metaspace       used 60810K, committed 61312K, reserved 1105920K
  class space    used 8071K, committed 8320K, reserved 1048576K
}
Event: 4.705 GC heap after
{Heap after GC invocations=20 (full 0):
 garbage-first heap   total 82944K, used 47005K [0x0000000080000000, 0x0000000100000000)
  region size 1024K, 2 young (2048K), 2 survivors (2048K)
 Metaspace       used 60810K, committed 61312K, reserved 1105920K
  class space    used 8071K, committed 8320K, reserved 1048576K
}
Event: 4.724 GC heap before
{Heap before GC invocations=20 (full 0):
 garbage-first heap   total 82944K, used 49053K [0x0000000080000000, 0x0000000100000000)
  region size 1024K, 4 young (4096K), 2 survivors (2048K)
 Metaspace       used 60992K, committed 61504K, reserved 1105920K
  class space    used 8100K, committed 8384K, reserved 1048576K
}
Event: 4.728 GC heap after
{Heap after GC invocations=21 (full 0):
 garbage-first heap   total 82944K, used 47084K [0x0000000080000000, 0x0000000100000000)
  region size 1024K, 1 young (1024K), 1 survivors (1024K)
 Metaspace       used 60992K, committed 61504K, reserved 1105920K
  class space    used 8100K, committed 8384K, reserved 1048576K
}
Event: 4.827 GC heap before
{Heap before GC invocations=21 (full 0):
 garbage-first heap   total 82944K, used 54252K [0x0000000080000000, 0x0000000100000000)
  region size 1024K, 9 young (9216K), 1 survivors (1024K)
 Metaspace       used 62785K, committed 63360K, reserved 1105920K
  class space    used 8315K, committed 8576K, reserved 1048576K
}
Event: 4.828 GC heap after
{Heap after GC invocations=22 (full 0):
 garbage-first heap   total 82944K, used 48319K [0x0000000080000000, 0x0000000100000000)
  region size 1024K, 2 young (2048K), 2 survivors (2048K)
 Metaspace       used 62785K, committed 63360K, reserved 1105920K
  class space    used 8315K, committed 8576K, reserved 1048576K
}
Event: 4.872 GC heap before
{Heap before GC invocations=23 (full 0):
 garbage-first heap   total 104448K, used 60607K [0x0000000080000000, 0x0000000100000000)
  region size 1024K, 11 young (11264K), 2 survivors (2048K)
 Metaspace       used 62791K, committed 63360K, reserved 1105920K
  class space    used 8315K, committed 8576K, reserved 1048576K
}
Event: 4.875 GC heap after
{Heap after GC invocations=24 (full 0):
 garbage-first heap   total 104448K, used 54201K [0x0000000080000000, 0x0000000100000000)
  region size 1024K, 3 young (3072K), 3 survivors (3072K)
 Metaspace       used 62791K, committed 63360K, reserved 1105920K
  class space    used 8315K, committed 8576K, reserved 1048576K
}
Event: 5.073 GC heap before
{Heap before GC invocations=25 (full 0):
 garbage-first heap   total 104448K, used 77753K [0x0000000080000000, 0x0000000100000000)
  region size 1024K, 24 young (24576K), 3 survivors (3072K)
 Metaspace       used 64810K, committed 65280K, reserved 1105920K
  class space    used 8583K, committed 8832K, reserved 1048576K
}

Dll operation events (2 events):
Event: 0.005 Loaded shared library C:\Program Files\Android\Android Studio\jbr\bin\java.dll
Event: 0.322 Loaded shared library C:\Program Files\Android\Android Studio\jbr\bin\verify.dll

Deoptimization events (20 events):
Event: 4.869 Thread 0x000001d7167343a0 DEOPT PACKING pc=0x000001d700692266 sp=0x00000006ad5f2860
Event: 4.869 Thread 0x000001d7167343a0 DEOPT UNPACKING pc=0x000001d707587143 sp=0x00000006ad5f1ce0 mode 0
Event: 4.870 Thread 0x000001d7167343a0 DEOPT PACKING pc=0x000001d700692266 sp=0x00000006ad5f2860
Event: 4.870 Thread 0x000001d7167343a0 DEOPT UNPACKING pc=0x000001d707587143 sp=0x00000006ad5f1ce0 mode 0
Event: 4.886 Thread 0x000001d7167343a0 DEOPT PACKING pc=0x000001d700691938 sp=0x00000006ad5f2980
Event: 4.886 Thread 0x000001d7167343a0 DEOPT UNPACKING pc=0x000001d707587143 sp=0x00000006ad5f1e00 mode 0
Event: 4.886 Thread 0x000001d7167343a0 DEOPT PACKING pc=0x000001d700691938 sp=0x00000006ad5f2980
Event: 4.886 Thread 0x000001d7167343a0 DEOPT UNPACKING pc=0x000001d707587143 sp=0x00000006ad5f1e00 mode 0
Event: 4.887 Thread 0x000001d7167343a0 DEOPT PACKING pc=0x000001d700691938 sp=0x00000006ad5f2980
Event: 4.887 Thread 0x000001d7167343a0 DEOPT UNPACKING pc=0x000001d707587143 sp=0x00000006ad5f1e00 mode 0
Event: 4.887 Thread 0x000001d7167343a0 DEOPT PACKING pc=0x000001d700691938 sp=0x00000006ad5f2980
Event: 4.887 Thread 0x000001d7167343a0 DEOPT UNPACKING pc=0x000001d707587143 sp=0x00000006ad5f1e00 mode 0
Event: 4.944 Thread 0x000001d7167343a0 Uncommon trap: trap_request=0xffffff45 fr.pc=0x000001d707d5104c relative=0x000000000000304c
Event: 4.944 Thread 0x000001d7167343a0 Uncommon trap: reason=unstable_if action=reinterpret pc=0x000001d707d5104c method=java.util.regex.Pattern.has(I)Z @ 6 c2
Event: 4.944 Thread 0x000001d7167343a0 DEOPT PACKING pc=0x000001d707d5104c sp=0x00000006ad5f6630
Event: 4.944 Thread 0x000001d7167343a0 DEOPT UNPACKING pc=0x000001d7075869a3 sp=0x00000006ad5f65b0 mode 2
Event: 4.987 Thread 0x000001d7167343a0 Uncommon trap: trap_request=0xffffffdc fr.pc=0x000001d707b04dc0 relative=0x00000000000002a0
Event: 4.987 Thread 0x000001d7167343a0 Uncommon trap: reason=class_check action=make_not_entrant pc=0x000001d707b04dc0 method=java.util.ArrayList.toArray([Ljava/lang/Object;)[Ljava/lang/Object; @ 21 c2
Event: 4.987 Thread 0x000001d7167343a0 DEOPT PACKING pc=0x000001d707b04dc0 sp=0x00000006ad5f63f0
Event: 4.987 Thread 0x000001d7167343a0 DEOPT UNPACKING pc=0x000001d7075869a3 sp=0x00000006ad5f63c0 mode 2

Classes unloaded (0 events):
No events

Classes redefined (0 events):
No events

Internal exceptions (20 events):
Event: 4.004 Thread 0x000001d716732b90 Exception <a 'java/lang/NoSuchMethodError'{0x000000008542cde0}: static Lorg/gradle/internal/build/event/types/DefaultProjectConfigurationSuccessResult;.<clinit>()V> (0x000000008542cde0) 
thrown [s\src\hotspot\share\prims\jni.cpp, line 1108]
Event: 4.005 Thread 0x000001d716732b90 Exception <a 'java/lang/NoSuchMethodError'{0x000000008542e0c0}: static Lorg/gradle/internal/build/event/types/AbstractProjectConfigurationResult;.<clinit>()V> (0x000000008542e0c0) 
thrown [s\src\hotspot\share\prims\jni.cpp, line 1108]
Event: 4.005 Thread 0x000001d716732b90 Exception <a 'java/lang/NoSuchMethodError'{0x000000008542f8c8}: static Lorg/gradle/internal/build/event/types/AbstractOperationResult;.<clinit>()V> (0x000000008542f8c8) 
thrown [s\src\hotspot\share\prims\jni.cpp, line 1108]
Event: 4.005 Thread 0x000001d716732b90 Exception <a 'java/lang/NoSuchMethodError'{0x0000000085430ae0}: static Lorg/gradle/internal/build/event/types/AbstractResult;.<clinit>()V> (0x0000000085430ae0) 
thrown [s\src\hotspot\share\prims\jni.cpp, line 1108]
Event: 4.006 Thread 0x000001d716732b90 Exception <a 'java/lang/NoSuchMethodError'{0x00000000854470d0}: static Lorg/gradle/internal/build/event/types/DefaultPluginApplicationResult;.<clinit>()V> (0x00000000854470d0) 
thrown [s\src\hotspot\share\prims\jni.cpp, line 1108]
Event: 4.006 Thread 0x000001d716732b90 Exception <a 'java/lang/NoSuchMethodError'{0x0000000085452888}: static Lorg/gradle/internal/build/event/types/DefaultBinaryPluginIdentifier;.<clinit>()V> (0x0000000085452888) 
thrown [s\src\hotspot\share\prims\jni.cpp, line 1108]
Event: 4.008 Thread 0x000001d716732b90 Exception <a 'java/lang/NoSuchMethodError'{0x0000000085468e58}: static Lorg/gradle/internal/build/event/types/DefaultScriptPluginIdentifier;.<clinit>()V> (0x0000000085468e58) 
thrown [s\src\hotspot\share\prims\jni.cpp, line 1108]
Event: 4.014 Thread 0x000001d7167343a0 Exception <a 'java/lang/ClassNotFoundException'{0x00000000854ab950}: build_5lv7fahwyiyox2ea751kber5jBeanInfo> (0x00000000854ab950) 
thrown [s\src\hotspot\share\classfile\systemDictionary.cpp, line 256]
Event: 4.014 Thread 0x000001d7167343a0 Exception <a 'java/lang/ClassNotFoundException'{0x00000000854b21d0}: build_5lv7fahwyiyox2ea751kber5jCustomizer> (0x00000000854b21d0) 
thrown [s\src\hotspot\share\classfile\systemDictionary.cpp, line 256]
Event: 4.067 Thread 0x000001d7167343a0 Exception <a 'java/lang/ClassNotFoundException'{0x000000008555a240}: org/gradle/api/internal/plugins/DefaultObjectConfigurationActionBeanInfo> (0x000000008555a240) 
thrown [s\src\hotspot\share\classfile\systemDictionary.cpp, line 256]
Event: 4.068 Thread 0x000001d7167343a0 Exception <a 'java/lang/ClassNotFoundException'{0x000000008556c598}: org/gradle/api/internal/plugins/DefaultObjectConfigurationActionCustomizer> (0x000000008556c598) 
thrown [s\src\hotspot\share\classfile\systemDictionary.cpp, line 256]
Event: 4.171 Thread 0x000001d7167343a0 Exception <a 'java/lang/NoSuchMethodError'{0x0000000083f543a0}: 'java.lang.Object java.lang.invoke.DirectMethodHandle$Holder.newInvokeSpecial(java.lang.Object, java.lang.Object, java.lang.Object, java.lang.Object, int)'> (0x0000000083f543a0) 
thrown [s\src\hotspot\share\interpreter\linkResolver.cpp, line 771]
Event: 4.172 Thread 0x000001d7167343a0 Exception <a 'java/lang/NoSuchMethodError'{0x0000000083f59540}: 'java.lang.Object java.lang.invoke.DirectMethodHandle$Holder.invokeSpecial(java.lang.Object, java.lang.Object, java.lang.Object, java.lang.Object, java.lang.Object, int)'> (0x0000000083f59540) 
thrown [s\src\hotspot\share\interpreter\linkResolver.cpp, line 771]
Event: 4.172 Thread 0x000001d7167343a0 Exception <a 'java/lang/NoSuchMethodError'{0x0000000083f5e018}: 'java.lang.Object java.lang.invoke.Invokers$Holder.linkToTargetMethod(java.lang.Object, java.lang.Object, java.lang.Object, int, java.lang.Object)'> (0x0000000083f5e018) 
thrown [s\src\hotspot\share\interpreter\linkResolver.cpp, line 771]
Event: 4.321 Thread 0x000001d7167343a0 Exception <a 'java/lang/NoSuchMethodError'{0x000000008515ee18}: 'int java.lang.invoke.DirectMethodHandle$Holder.invokeInterface(java.lang.Object, java.lang.Object, java.lang.Object, java.lang.Object)'> (0x000000008515ee18) 
thrown [s\src\hotspot\share\interpreter\linkResolver.cpp, line 771]
Event: 4.650 Thread 0x000001d7167343a0 Exception <a 'java/lang/IncompatibleClassChangeError'{0x00000000841a7b80}: Found class java.lang.Object, but interface was expected> (0x00000000841a7b80) 
thrown [s\src\hotspot\share\interpreter\linkResolver.cpp, line 838]
Event: 4.685 Thread 0x000001d7167343a0 Implicit null exception at 0x000001d707e0c660 to 0x000001d707e0c808
Event: 4.685 Thread 0x000001d7167343a0 Implicit null exception at 0x000001d707dc2da0 to 0x000001d707dc2f80
Event: 4.785 Thread 0x000001d7167343a0 Implicit null exception at 0x000001d707c93a8c to 0x000001d707c93bc6
Event: 4.895 Thread 0x000001d7167343a0 Exception <a 'sun/nio/fs/WindowsException'{0x0000000085f044d8}> (0x0000000085f044d8) 
thrown [s\src\hotspot\share\prims\jni.cpp, line 517]

VM Operations (20 events):
Event: 4.705 Executing VM operation: G1CollectForAllocation done
Event: 4.724 Executing VM operation: G1CollectForAllocation
Event: 4.728 Executing VM operation: G1CollectForAllocation done
Event: 4.766 Executing VM operation: HandshakeAllThreads
Event: 4.766 Executing VM operation: HandshakeAllThreads done
Event: 4.790 Executing VM operation: HandshakeAllThreads
Event: 4.790 Executing VM operation: HandshakeAllThreads done
Event: 4.826 Executing VM operation: G1TryInitiateConcMark
Event: 4.828 Executing VM operation: G1TryInitiateConcMark done
Event: 4.855 Executing VM operation: G1Concurrent
Event: 4.857 Executing VM operation: G1Concurrent done
Event: 4.870 Executing VM operation: G1Concurrent
Event: 4.870 Executing VM operation: G1Concurrent done
Event: 4.872 Executing VM operation: G1TryInitiateConcMark
Event: 4.875 Executing VM operation: G1TryInitiateConcMark done
Event: 4.906 Executing VM operation: G1Concurrent
Event: 4.907 Executing VM operation: G1Concurrent done
Event: 4.919 Executing VM operation: G1Concurrent
Event: 4.919 Executing VM operation: G1Concurrent done
Event: 5.072 Executing VM operation: G1CollectForAllocation

Events (20 events):
Event: 4.808 loading class java/security/SignatureException
Event: 4.808 loading class java/security/SignatureException done
Event: 4.811 loading class sun/security/rsa/RSASignature$SHA256withRSA
Event: 4.811 loading class sun/security/rsa/RSASignature$SHA256withRSA done
Event: 4.812 loading class sun/security/provider/DSA$SHA256withDSA
Event: 4.812 loading class sun/security/provider/DSA$SHA256withDSA done
Event: 4.822 loading class java/util/Base64
Event: 4.822 loading class java/util/Base64 done
Event: 4.822 loading class java/util/Base64$Decoder
Event: 4.822 loading class java/util/Base64$Decoder done
Event: 4.822 loading class java/util/Base64$Encoder
Event: 4.822 loading class java/util/Base64$Encoder done
Event: 4.823 loading class java/util/jar/JarVerifier$VerifierStream
Event: 4.823 loading class java/util/jar/JarVerifier$VerifierStream done
Event: 4.823 loading class sun/security/util/ManifestEntryVerifier$SunProviderHolder
Event: 4.823 loading class sun/security/util/ManifestEntryVerifier$SunProviderHolder done
Event: 4.893 loading class java/security/KeyStore$ProtectionParameter
Event: 4.893 loading class java/security/KeyStore$ProtectionParameter done
Event: 4.895 loading class sun/nio/fs/WindowsException
Event: 4.895 loading class sun/nio/fs/WindowsException done


Dynamic libraries:
0x00007ff63c730000 - 0x00007ff63c73a000 	C:\Program Files\Android\Android Studio\jbr\bin\java.exe
0x00007ffd37bf0000 - 0x00007ffd37e07000 	C:\WINDOWS\SYSTEM32\ntdll.dll
0x00007ffd36830000 - 0x00007ffd368f4000 	C:\WINDOWS\System32\KERNEL32.DLL
0x00007ffd35570000 - 0x00007ffd3591d000 	C:\WINDOWS\System32\KERNELBASE.dll
0x00007ffd35260000 - 0x00007ffd35371000 	C:\WINDOWS\System32\ucrtbase.dll
0x00007ffd27580000 - 0x00007ffd27597000 	C:\Program Files\Android\Android Studio\jbr\bin\jli.dll
0x00007ffd27230000 - 0x00007ffd2724b000 	C:\Program Files\Android\Android Studio\jbr\bin\VCRUNTIME140.dll
0x00007ffd360b0000 - 0x00007ffd3625e000 	C:\WINDOWS\System32\USER32.dll
0x00007ffd35420000 - 0x00007ffd35446000 	C:\WINDOWS\System32\win32u.dll
0x00007ffd34150000 - 0x00007ffd343e3000 	C:\WINDOWS\WinSxS\amd64_microsoft.windows.common-controls_6595b64144ccf1df_6.0.22621.3672_none_2713b9d173822955\COMCTL32.dll
0x00007ffd37b00000 - 0x00007ffd37b29000 	C:\WINDOWS\System32\GDI32.dll
0x00007ffd35920000 - 0x00007ffd359c7000 	C:\WINDOWS\System32\msvcrt.dll
0x00007ffd35140000 - 0x00007ffd35259000 	C:\WINDOWS\System32\gdi32full.dll
0x00007ffd35380000 - 0x00007ffd3541a000 	C:\WINDOWS\System32\msvcp_win.dll
0x00007ffd36060000 - 0x00007ffd36091000 	C:\WINDOWS\System32\IMM32.DLL
0x00007ffd27220000 - 0x00007ffd2722c000 	C:\Program Files\Android\Android Studio\jbr\bin\vcruntime140_1.dll
0x00007ffd18b30000 - 0x00007ffd18bbd000 	C:\Program Files\Android\Android Studio\jbr\bin\msvcp140.dll
0x00007ffceeb40000 - 0x00007ffcef7ae000 	C:\Program Files\Android\Android Studio\jbr\bin\server\jvm.dll
0x00007ffd35b20000 - 0x00007ffd35bd2000 	C:\WINDOWS\System32\ADVAPI32.dll
0x00007ffd36410000 - 0x00007ffd364b9000 	C:\WINDOWS\System32\sechost.dll
0x00007ffd35540000 - 0x00007ffd35568000 	C:\WINDOWS\System32\bcrypt.dll
0x00007ffd35a00000 - 0x00007ffd35b14000 	C:\WINDOWS\System32\RPCRT4.dll
0x00007ffd2ef40000 - 0x00007ffd2ef74000 	C:\WINDOWS\SYSTEM32\WINMM.dll
0x00007ffd159b0000 - 0x00007ffd159b9000 	C:\WINDOWS\SYSTEM32\WSOCK32.dll
0x00007ffd2de20000 - 0x00007ffd2de2a000 	C:\WINDOWS\SYSTEM32\VERSION.dll
0x00007ffd37b30000 - 0x00007ffd37ba1000 	C:\WINDOWS\System32\WS2_32.dll
0x00007ffd33700000 - 0x00007ffd33718000 	C:\WINDOWS\SYSTEM32\kernel.appcore.dll
0x00007ffd2f130000 - 0x00007ffd2f13a000 	C:\Program Files\Android\Android Studio\jbr\bin\jimage.dll
0x00007ffd34860000 - 0x00007ffd34a92000 	C:\WINDOWS\SYSTEM32\DBGHELP.DLL
0x00007ffd37710000 - 0x00007ffd37a9d000 	C:\WINDOWS\System32\combase.dll
0x00007ffd364c0000 - 0x00007ffd36597000 	C:\WINDOWS\System32\OLEAUT32.dll
0x00007ffd34700000 - 0x00007ffd34732000 	C:\WINDOWS\SYSTEM32\dbgcore.DLL
0x00007ffd354c0000 - 0x00007ffd3553b000 	C:\WINDOWS\System32\bcryptPrimitives.dll
0x00007ffd2f060000 - 0x00007ffd2f085000 	C:\Program Files\Android\Android Studio\jbr\bin\java.dll
0x00007ffd2f110000 - 0x00007ffd2f128000 	C:\Program Files\Android\Android Studio\jbr\bin\zip.dll
0x00007ffd36ea0000 - 0x00007ffd37708000 	C:\WINDOWS\System32\SHELL32.dll
0x00007ffd323b0000 - 0x00007ffd32cae000 	C:\WINDOWS\SYSTEM32\windows.storage.dll
0x00007ffd32250000 - 0x00007ffd3238f000 	C:\WINDOWS\SYSTEM32\wintypes.dll
0x00007ffd36ca0000 - 0x00007ffd36d99000 	C:\WINDOWS\System32\SHCORE.dll
0x00007ffd36770000 - 0x00007ffd367ce000 	C:\WINDOWS\System32\shlwapi.dll
0x00007ffd34e40000 - 0x00007ffd34e61000 	C:\WINDOWS\SYSTEM32\profapi.dll
0x00007ffd2b9e0000 - 0x00007ffd2b9f9000 	C:\Program Files\Android\Android Studio\jbr\bin\net.dll
0x00007ffd2dba0000 - 0x00007ffd2dcd6000 	C:\WINDOWS\SYSTEM32\WINHTTP.dll
0x00007ffd33cb0000 - 0x00007ffd33d19000 	C:\WINDOWS\system32\mswsock.dll
0x00007ffd2a1c0000 - 0x00007ffd2a1d6000 	C:\Program Files\Android\Android Studio\jbr\bin\nio.dll
0x00007ffd2a1b0000 - 0x00007ffd2a1c0000 	C:\Program Files\Android\Android Studio\jbr\bin\verify.dll
0x00007ffd1ed50000 - 0x00007ffd1ed77000 	C:\Users\scher\.gradle\native\68d5fa5c4cc2d200863cafc0d521ce42e7d3e7ee720ec0a83991735586a16f82\windows-amd64\native-platform.dll
0x00007ffcfe090000 - 0x00007ffcfe1d4000 	C:\Users\scher\.gradle\native\e376f236ea51e6404a007f0833ffe2c6e607c4080706a723a18a27aeea778392\windows-amd64\native-platform-file-events.dll
0x00007ffd27570000 - 0x00007ffd27579000 	C:\Program Files\Android\Android Studio\jbr\bin\management.dll
0x00007ffd27420000 - 0x00007ffd2742b000 	C:\Program Files\Android\Android Studio\jbr\bin\management_ext.dll
0x00007ffd359f0000 - 0x00007ffd359f8000 	C:\WINDOWS\System32\PSAPI.DLL
0x00007ffd34ba0000 - 0x00007ffd34bbb000 	C:\WINDOWS\SYSTEM32\CRYPTSP.dll
0x00007ffd33660000 - 0x00007ffd33695000 	C:\WINDOWS\system32\rsaenh.dll
0x00007ffd33f60000 - 0x00007ffd33f88000 	C:\WINDOWS\SYSTEM32\USERENV.dll
0x00007ffd33f90000 - 0x00007ffd33f9c000 	C:\WINDOWS\SYSTEM32\CRYPTBASE.dll
0x00007ffd330e0000 - 0x00007ffd3310d000 	C:\WINDOWS\SYSTEM32\IPHLPAPI.DLL
0x00007ffd365a0000 - 0x00007ffd365a9000 	C:\WINDOWS\System32\NSI.dll
0x00007ffd2ce10000 - 0x00007ffd2ce29000 	C:\WINDOWS\SYSTEM32\dhcpcsvc6.DLL
0x00007ffd2ca00000 - 0x00007ffd2ca1f000 	C:\WINDOWS\SYSTEM32\dhcpcsvc.DLL
0x00007ffd331d0000 - 0x00007ffd332c8000 	C:\WINDOWS\SYSTEM32\DNSAPI.dll
0x00007ffd27410000 - 0x00007ffd27418000 	C:\WINDOWS\system32\wshunix.dll

dbghelp: loaded successfully - version: 4.0.5 - missing functions: none
symbol engine: initialized successfully - sym options: 0x614 - pdb path: .;C:\Program Files\Android\Android Studio\jbr\bin;C:\WINDOWS\SYSTEM32;C:\WINDOWS\WinSxS\amd64_microsoft.windows.common-controls_6595b64144ccf1df_6.0.22621.3672_none_2713b9d173822955;C:\Program Files\Android\Android Studio\jbr\bin\server;C:\Users\scher\.gradle\native\68d5fa5c4cc2d200863cafc0d521ce42e7d3e7ee720ec0a83991735586a16f82\windows-amd64;C:\Users\scher\.gradle\native\e376f236ea51e6404a007f0833ffe2c6e607c4080706a723a18a27aeea778392\windows-amd64

VM Arguments:
jvm_args: --add-opens=java.base/java.util=ALL-UNNAMED --add-opens=java.base/java.lang=ALL-UNNAMED --add-opens=java.base/java.lang.invoke=ALL-UNNAMED --add-opens=java.prefs/java.util.prefs=ALL-UNNAMED --add-opens=java.base/java.nio.charset=ALL-UNNAMED --add-opens=java.base/java.net=ALL-UNNAMED --add-opens=java.base/java.util.concurrent.atomic=ALL-UNNAMED -Xmx2048m -Dfile.encoding=UTF-8 -Duser.country=BR -Duser.language=pt -Duser.variant 
java_command: org.gradle.launcher.daemon.bootstrap.GradleDaemon 8.0
java_class_path (initial): C:\Users\scher\.gradle\wrapper\dists\gradle-8.0-bin\ca5e32bp14vu59qr306oxotwh\gradle-8.0\lib\gradle-launcher-8.0.jar
Launcher Type: SUN_STANDARD

[Global flags]
     intx CICompilerCount                          = 4                                         {product} {ergonomic}
     uint ConcGCThreads                            = 2                                         {product} {ergonomic}
     uint G1ConcRefinementThreads                  = 8                                         {product} {ergonomic}
   size_t G1HeapRegionSize                         = 1048576                                   {product} {ergonomic}
    uintx GCDrainStackTargetSize                   = 64                                        {product} {ergonomic}
   size_t InitialHeapSize                          = 134217728                                 {product} {ergonomic}
   size_t MarkStackSize                            = 4194304                                   {product} {ergonomic}
   size_t MaxHeapSize                              = 2147483648                                {product} {command line}
   size_t MaxNewSize                               = 1287651328                                {product} {ergonomic}
   size_t MinHeapDeltaBytes                        = 1048576                                   {product} {ergonomic}
   size_t MinHeapSize                              = 8388608                                   {product} {ergonomic}
    uintx NonNMethodCodeHeapSize                   = 5839372                                {pd product} {ergonomic}
    uintx NonProfiledCodeHeapSize                  = 122909434                              {pd product} {ergonomic}
    uintx ProfiledCodeHeapSize                     = 122909434                              {pd product} {ergonomic}
    uintx ReservedCodeCacheSize                    = 251658240                              {pd product} {ergonomic}
     bool SegmentedCodeCache                       = true                                      {product} {ergonomic}
   size_t SoftMaxHeapSize                          = 2147483648                             {manageable} {ergonomic}
     bool UseCompressedClassPointers               = true                           {product lp64_product} {ergonomic}
     bool UseCompressedOops                        = true                           {product lp64_product} {ergonomic}
     bool UseG1GC                                  = true                                      {product} {ergonomic}
     bool UseLargePagesIndividualAllocation        = false                                  {pd product} {ergonomic}

Logging:
Log output configuration:
 #0: stdout all=warning uptime,level,tags
 #1: stderr all=off uptime,level,tags

Environment Variables:
PATH=C:\Program Files\Common Files\Oracle\Java\javapath;C:\Program Files (x86)\Embarcadero\Studio\22.0\bin;C:\Users\Public\Documents\Embarcadero\Studio\22.0\Bpl;C:\Program Files (x86)\Embarcadero\Studio\22.0\bin64;C:\Users\Public\Documents\Embarcadero\Studio\22.0\Bpl\Win64;C:\Program Files (x86)\Embarcadero\Studio\21.0\bin;C:\Users\Public\Documents\Embarcadero\Studio\21.0\Bpl;C:\Program Files (x86)\Embarcadero\Studio\21.0\bin64;C:\Users\Public\Documents\Embarcadero\Studio\21.0\Bpl\Win64;C:\Windows\system32;C:\Windows;C:\Windows\System32\Wbem;C:\Windows\System32\WindowsPowerShell\v1.0\;C:\Windows\System32\OpenSSH\;C:\Program Files (x86)\NVIDIA Corporation\PhysX\Common;C:\Program Files\NVIDIA Corporation\NVIDIA NvDLISR;C:\WINDOWS\system32;C:\WINDOWS;C:\WINDOWS\System32\Wbem;C:\WINDOWS\System32\WindowsPowerShell\v1.0\;C:\WINDOWS\System32\OpenSSH\;C:\Program Files\dotnet\;C:\Program Files (x86)\Windows Kits\10\Windows Performance Toolkit\;C:\Program Files\Git\cmd;C:\Users\scher\AppData\Local\Microsoft\WindowsApps;;C:\Users\scher\AppData\Local\Programs\Microsoft VS Code\bin
USERNAME=scher
OS=Windows_NT
PROCESSOR_IDENTIFIER=Intel64 Family 6 Model 142 Stepping 12, GenuineIntel
TMP=C:\Users\scher\AppData\Local\Temp
TEMP=C:\Users\scher\AppData\Local\Temp


JNI global refs:
JNI global refs: 25, weak refs: 1

JNI global refs memory usage: 843, weak refs: 841


---------------  S Y S T E M  ---------------

OS:
 Windows 11 , 64 bit Build 22621 (10.0.22621.3958)
OS uptime: 0 days 22:41 hours
Hyper-V role detected

CPU: total 8 (initial active 8) (4 cores per cpu, 2 threads per core) family 6 model 142 stepping 12 microcode 0xea, cx8, cmov, fxsr, ht, mmx, 3dnowpref, sse, sse2, sse3, ssse3, sse4.1, sse4.2, popcnt, lzcnt, tsc, tscinvbit, avx, avx2, aes, erms, clmul, bmi1, bmi2, adx, fma, vzeroupper, clflush, clflushopt, hv

Memory: 4k page, system-wide physical 8072M (925M free)
TotalPageFile size 10120M (AvailPageFile size 17M)
current process WorkingSet (physical memory assigned to process): 313M, peak: 314M
current process commit charge ("private bytes"): 352M, peak: 379M

vm_info: OpenJDK 64-Bit Server VM (17.0.6+0-b2043.56-10027231) for windows-amd64 JRE (17.0.6+0-b2043.56-10027231), built on Apr 28 2023 00:43:19 by "androidbuild" with MS VC++ 16.10 / 16.11 (VS2019)

END.
