#
# There is insufficient memory for the Java Runtime Environment to continue.
# Native memory allocation (mmap) failed to map 234881024 bytes for G1 virtual space
# Possible reasons:
#   The system is out of physical RAM or swap space
#   The process is running with CompressedOops enabled, and the Java Heap may be blocking the growth of the native heap
# Possible solutions:
#   Reduce memory load on the system
#   Increase physical memory or swap space
#   Check if swap backing store is full
#   Decrease Java heap size (-Xmx/-Xms)
#   Decrease number of Java threads
#   Decrease Java thread stack sizes (-Xss)
#   Set larger code cache with -XX:ReservedCodeCacheSize=
#   JVM is running with Unscaled Compressed Oops mode in which the Java heap is
#     placed in the first 4GB address space. The Java Heap base address is the
#     maximum limit for the native heap growth. Please use -XX:HeapBaseMinAddress
#     to set the Java Heap base and to place the Java Heap above 4GB virtual address.
# This output file may be truncated or incomplete.
#
#  Out of Memory Error (os_windows.cpp:3769), pid=12852, tid=7984
#
# JRE version: OpenJDK Runtime Environment (17.0.6) (build 17.0.6+0-b2043.56-10027231)
# Java VM: OpenJDK 64-Bit Server VM (17.0.6+0-b2043.56-10027231, mixed mode, tiered, compressed oops, compressed class ptrs, g1 gc, windows-amd64)
# No core dump will be written. Minidumps are not enabled by default on client versions of Windows
#

---------------  S U M M A R Y ------------

Command Line: --add-opens=java.base/java.util=ALL-UNNAMED --add-opens=java.base/java.lang=ALL-UNNAMED --add-opens=java.base/java.lang.invoke=ALL-UNNAMED --add-opens=java.prefs/java.util.prefs=ALL-UNNAMED --add-opens=java.base/java.nio.charset=ALL-UNNAMED --add-opens=java.base/java.net=ALL-UNNAMED --add-opens=java.base/java.util.concurrent.atomic=ALL-UNNAMED -Xmx2048m -Dfile.encoding=UTF-8 -Duser.country=BR -Duser.language=pt -Duser.variant org.gradle.launcher.daemon.bootstrap.GradleDaemon 8.0

Host: Intel(R) Core(TM) i7-8565U CPU @ 1.80GHz, 8 cores, 7G,  Windows 11 , 64 bit Build 22621 (10.0.22621.3958)
Time: Sun Sep  1 17:19:56 2024 Hora oficial do Brasil elapsed time: 11.712804 seconds (0d 0h 0m 11s)

---------------  T H R E A D  ---------------

Current thread (0x000001c12936d9b0):  VMThread "VM Thread" [stack: 0x000000a118800000,0x000000a118900000] [id=7984]

Stack: [0x000000a118800000,0x000000a118900000]
Native frames: (J=compiled Java code, j=interpreted, Vv=VM code, C=native code)
V  [jvm.dll+0x683c9a]
V  [jvm.dll+0x8427a4]
V  [jvm.dll+0x843f9e]
V  [jvm.dll+0x844603]
V  [jvm.dll+0x249b75]
V  [jvm.dll+0x680b69]
V  [jvm.dll+0x67505a]
V  [jvm.dll+0x309acb]
V  [jvm.dll+0x310f86]
V  [jvm.dll+0x3608ee]
V  [jvm.dll+0x360b1f]
V  [jvm.dll+0x2dfbf8]
V  [jvm.dll+0x2ddec4]
V  [jvm.dll+0x2dd4cc]
V  [jvm.dll+0x321f3b]
V  [jvm.dll+0x848ccb]
V  [jvm.dll+0x849a04]
V  [jvm.dll+0x849f1d]
V  [jvm.dll+0x84a2f4]
V  [jvm.dll+0x84a3c0]
V  [jvm.dll+0x7f274a]
V  [jvm.dll+0x682ad5]
C  [ucrtbase.dll+0x29333]
C  [KERNEL32.DLL+0x1257d]
C  [ntdll.dll+0x5af28]

VM_Operation (0x000000a1213f7000): G1CollectForAllocation, mode: safepoint, requested by thread 0x000001c130b62240


---------------  P R O C E S S  ---------------

Threads class SMR info:
_java_thread_list=0x000001c13073b450, length=144, elements={
0x000001c10da62a20, 0x000001c12a413600, 0x000001c12a414380, 0x000001c12a45f290,
0x000001c12a45fd50, 0x000001c12a462720, 0x000001c12a462fe0, 0x000001c12a463bd0,
0x000001c12a464580, 0x000001c12a466e90, 0x000001c12a5d7ef0, 0x000001c12a60b070,
0x000001c12a6c4c80, 0x000001c12a6c5190, 0x000001c12cf3d1b0, 0x000001c12ba2d440,
0x000001c12b28d740, 0x000001c12b873220, 0x000001c12b8736f0, 0x000001c12ba5ba30,
0x000001c12ba5bf00, 0x000001c12b7eee40, 0x000001c12b7f0b20, 0x000001c12b7efcb0,
0x000001c12b7f0180, 0x000001c12b7ef310, 0x000001c12b7f0ff0, 0x000001c12b7f0650,
0x000001c12b7ee970, 0x000001c12b7f14c0, 0x000001c12b7edb00, 0x000001c12b7edfd0,
0x000001c12b7ee4a0, 0x000001c12b7ef7e0, 0x000001c12ff3ab20, 0x000001c12ff384a0,
0x000001c12ff362f0, 0x000001c12ff367c0, 0x000001c12ff35950, 0x000001c12ff36c90,
0x000001c12ff37630, 0x000001c12ff35480, 0x000001c12ff39310, 0x000001c12ff38e40,
0x000001c12ff37b00, 0x000001c12ff39cb0, 0x000001c12ff3a180, 0x000001c12ff3aff0,
0x000001c12ff3b4c0, 0x000001c12ff3b990, 0x000001c12ff3be60, 0x000001c12ff34610,
0x000001c12ff34ae0, 0x000001c12ff34fb0, 0x000001c130b21d50, 0x000001c130b243d0,
0x000001c130b20070, 0x000001c130b1f200, 0x000001c130b22bc0, 0x000001c130b23a30,
0x000001c130b23090, 0x000001c130b1ed30, 0x000001c130b1f6d0, 0x000001c130b1fba0,
0x000001c130b20540, 0x000001c130b20a10, 0x000001c130b213b0, 0x000001c130b1dec0,
0x000001c130b248a0, 0x000001c130b23f00, 0x000001c130b24d70, 0x000001c130b23560,
0x000001c130b25240, 0x000001c130b21880, 0x000001c130b20ee0, 0x000001c130b22220,
0x000001c130b226f0, 0x000001c130b25710, 0x000001c130b1e390, 0x000001c130b1e860,
0x000001c1304412f0, 0x000001c130442fd0, 0x000001c1304434a0, 0x000001c130443970,
0x000001c130442160, 0x000001c130443e40, 0x000001c130441c90, 0x000001c130442b00,
0x000001c130440480, 0x000001c1304417c0, 0x000001c130440e20, 0x000001c130440950,
0x000001c130442630, 0x000001c1300f90f0, 0x000001c1300fa430, 0x000001c1300fffa0,
0x000001c1300fcf80, 0x000001c1300f95c0, 0x000001c130100470, 0x000001c1300fe2c0,
0x000001c130100940, 0x000001c1300fbc40, 0x000001c1300f9a90, 0x000001c1300f9f60,
0x000001c1300fc5e0, 0x000001c1300fb770, 0x000001c1300fadd0, 0x000001c1300fa900,
0x000001c1300fb2a0, 0x000001c1300ffad0, 0x000001c1300fe790, 0x000001c1300fd920,
0x000001c1300fddf0, 0x000001c1300fc110, 0x000001c1300ff130, 0x000001c1300fcab0,
0x000001c1300fd450, 0x000001c1300fec60, 0x000001c1300ff600, 0x000001c130b63580,
0x000001c130b5dee0, 0x000001c130b5e880, 0x000001c130b60560, 0x000001c130b5f220,
0x000001c130b60a30, 0x000001c130b63a50, 0x000001c130b5d070, 0x000001c130b61d70,
0x000001c130b62240, 0x000001c130b5da10, 0x000001c130b643f0, 0x000001c130b648c0,
0x000001c130b630b0, 0x000001c130b5fbc0, 0x000001c130b5ed50, 0x000001c130b5f6f0,
0x000001c13097cbc0, 0x000001c13097d090, 0x000001c13097bd50, 0x000001c13097b880,
0x000001c13097c220, 0x000001c13097c6f0, 0x000001c133db0af0, 0x000001c12fd6d2c0
}

Java Threads: ( => current thread )
  0x000001c10da62a20 JavaThread "main" [_thread_blocked, id=3660, stack(0x000000a118200000,0x000000a118300000)]
  0x000001c12a413600 JavaThread "Reference Handler" daemon [_thread_blocked, id=13144, stack(0x000000a118900000,0x000000a118a00000)]
  0x000001c12a414380 JavaThread "Finalizer" daemon [_thread_blocked, id=12132, stack(0x000000a118a00000,0x000000a118b00000)]
  0x000001c12a45f290 JavaThread "Signal Dispatcher" daemon [_thread_blocked, id=16788, stack(0x000000a118b00000,0x000000a118c00000)]
  0x000001c12a45fd50 JavaThread "Attach Listener" daemon [_thread_blocked, id=16692, stack(0x000000a118c00000,0x000000a118d00000)]
  0x000001c12a462720 JavaThread "Service Thread" daemon [_thread_blocked, id=13532, stack(0x000000a118d00000,0x000000a118e00000)]
  0x000001c12a462fe0 JavaThread "Monitor Deflation Thread" daemon [_thread_blocked, id=12292, stack(0x000000a118e00000,0x000000a118f00000)]
  0x000001c12a463bd0 JavaThread "C2 CompilerThread0" daemon [_thread_blocked, id=15972, stack(0x000000a118f00000,0x000000a119000000)]
  0x000001c12a464580 JavaThread "C1 CompilerThread0" daemon [_thread_blocked, id=10904, stack(0x000000a119000000,0x000000a119100000)]
  0x000001c12a466e90 JavaThread "Sweeper thread" daemon [_thread_blocked, id=16792, stack(0x000000a119100000,0x000000a119200000)]
  0x000001c12a5d7ef0 JavaThread "Common-Cleaner" daemon [_thread_blocked, id=13796, stack(0x000000a119200000,0x000000a119300000)]
  0x000001c12a60b070 JavaThread "Notification Thread" daemon [_thread_blocked, id=3564, stack(0x000000a119300000,0x000000a119400000)]
  0x000001c12a6c4c80 JavaThread "C2 CompilerThread1" daemon [_thread_in_native, id=9124, stack(0x000000a119500000,0x000000a119600000)]
  0x000001c12a6c5190 JavaThread "C2 CompilerThread2" daemon [_thread_in_native, id=16448, stack(0x000000a119600000,0x000000a119700000)]
  0x000001c12cf3d1b0 JavaThread "Daemon health stats" [_thread_blocked, id=13416, stack(0x000000a119b00000,0x000000a119c00000)]
  0x000001c12ba2d440 JavaThread "Incoming local TCP Connector on port 52786" [_thread_in_native, id=12920, stack(0x000000a119c00000,0x000000a119d00000)]
  0x000001c12b28d740 JavaThread "Daemon periodic checks" [_thread_blocked, id=12632, stack(0x000000a119d00000,0x000000a119e00000)]
  0x000001c12b873220 JavaThread "Daemon" [_thread_blocked, id=11508, stack(0x000000a119e00000,0x000000a119f00000)]
  0x000001c12b8736f0 JavaThread "Handler for socket connection from /127.0.0.1:52786 to /127.0.0.1:52787" [_thread_in_native, id=6908, stack(0x000000a119f00000,0x000000a11a000000)]
  0x000001c12ba5ba30 JavaThread "Cancel handler" [_thread_blocked, id=9416, stack(0x000000a11a000000,0x000000a11a100000)]
  0x000001c12ba5bf00 JavaThread "Daemon worker" [_thread_blocked, id=15644, stack(0x000000a11a100000,0x000000a11a200000)]
  0x000001c12b7eee40 JavaThread "Asynchronous log dispatcher for DefaultDaemonConnection: socket connection from /127.0.0.1:52786 to /127.0.0.1:52787" [_thread_blocked, id=5720, stack(0x000000a11a200000,0x000000a11a300000)]
  0x000001c12b7f0b20 JavaThread "Stdin handler" [_thread_blocked, id=12556, stack(0x000000a11a300000,0x000000a11a400000)]
  0x000001c12b7efcb0 JavaThread "Daemon client event forwarder" [_thread_blocked, id=16688, stack(0x000000a11a400000,0x000000a11a500000)]
  0x000001c12b7f0180 JavaThread "Cache worker for journal cache (C:\Users\scher\.gradle\caches\journal-1)" [_thread_blocked, id=2112, stack(0x000000a11a900000,0x000000a11aa00000)]
  0x000001c12b7ef310 JavaThread "File lock request listener" [_thread_in_native, id=13492, stack(0x000000a11aa00000,0x000000a11ab00000)]
  0x000001c12b7f0ff0 JavaThread "Cache worker for file hash cache (C:\Users\scher\.gradle\caches\8.0\fileHashes)" [_thread_blocked, id=6100, stack(0x000000a11ab00000,0x000000a11ac00000)]
  0x000001c12b7f0650 JavaThread "File watcher server" daemon [_thread_blocked, id=2584, stack(0x000000a11ac00000,0x000000a11ad00000)]
  0x000001c12b7ee970 JavaThread "File watcher consumer" daemon [_thread_blocked, id=13160, stack(0x000000a11ad00000,0x000000a11ae00000)]
  0x000001c12b7f14c0 JavaThread "Cache worker for checksums cache (C:\Users\scher\Documents\PROJETOS ANDROID\RECICLAAI\.gradle\8.0\checksums)" [_thread_blocked, id=12700, stack(0x000000a11ae00000,0x000000a11af00000)]
  0x000001c12b7edb00 JavaThread "Cache worker for cache directory md-rule (C:\Users\scher\.gradle\caches\8.0\md-rule)" [_thread_blocked, id=9976, stack(0x000000a11af00000,0x000000a11b000000)]
  0x000001c12b7edfd0 JavaThread "Cache worker for file content cache (C:\Users\scher\.gradle\caches\8.0\fileContent)" [_thread_blocked, id=4320, stack(0x000000a11b000000,0x000000a11b100000)]
  0x000001c12b7ee4a0 JavaThread "Cache worker for file hash cache (C:\Users\scher\Documents\PROJETOS ANDROID\RECICLAAI\.gradle\8.0\fileHashes)" [_thread_blocked, id=11580, stack(0x000000a11b100000,0x000000a11b200000)]
  0x000001c12b7ef7e0 JavaThread "Cache worker for cache directory md-supplier (C:\Users\scher\.gradle\caches\8.0\md-supplier)" [_thread_blocked, id=3868, stack(0x000000a11b200000,0x000000a11b300000)]
  0x000001c12ff3ab20 JavaThread "Cache worker for execution history cache (C:\Users\scher\.gradle\caches\8.0\executionHistory)" [_thread_blocked, id=4168, stack(0x000000a11b300000,0x000000a11b400000)]
  0x000001c12ff384a0 JavaThread "jar transforms" [_thread_blocked, id=14784, stack(0x000000a11b400000,0x000000a11b500000)]
  0x000001c12ff362f0 JavaThread "jar transforms Thread 2" [_thread_blocked, id=10624, stack(0x000000a11b500000,0x000000a11b600000)]
  0x000001c12ff367c0 JavaThread "jar transforms Thread 3" [_thread_blocked, id=14188, stack(0x000000a11b600000,0x000000a11b700000)]
  0x000001c12ff35950 JavaThread "jar transforms Thread 4" [_thread_blocked, id=8296, stack(0x000000a11b900000,0x000000a11ba00000)]
  0x000001c12ff36c90 JavaThread "Cache worker for dependencies-accessors (C:\Users\scher\Documents\PROJETOS ANDROID\RECICLAAI\.gradle\8.0\dependencies-accessors)" [_thread_blocked, id=16684, stack(0x000000a11ba00000,0x000000a11bb00000)]
  0x000001c12ff37630 JavaThread "jar transforms Thread 5" [_thread_blocked, id=15380, stack(0x000000a11bb00000,0x000000a11bc00000)]
  0x000001c12ff35480 JavaThread "Cache worker for Build Output Cleanup Cache (C:\Users\scher\Documents\PROJETOS ANDROID\RECICLAAI\.gradle\buildOutputCleanup)" [_thread_blocked, id=13404, stack(0x000000a11bc00000,0x000000a11bd00000)]
  0x000001c12ff39310 JavaThread "Unconstrained build operations" [_thread_blocked, id=14976, stack(0x000000a11bd00000,0x000000a11be00000)]
  0x000001c12ff38e40 JavaThread "Unconstrained build operations Thread 2" [_thread_blocked, id=14940, stack(0x000000a11be00000,0x000000a11bf00000)]
  0x000001c12ff37b00 JavaThread "Unconstrained build operations Thread 3" [_thread_blocked, id=6552, stack(0x000000a11bf00000,0x000000a11c000000)]
  0x000001c12ff39cb0 JavaThread "Unconstrained build operations Thread 4" [_thread_blocked, id=12052, stack(0x000000a11c000000,0x000000a11c100000)]
  0x000001c12ff3a180 JavaThread "Unconstrained build operations Thread 5" [_thread_blocked, id=4712, stack(0x000000a11c100000,0x000000a11c200000)]
  0x000001c12ff3aff0 JavaThread "Unconstrained build operations Thread 6" [_thread_blocked, id=11308, stack(0x000000a11c200000,0x000000a11c300000)]
  0x000001c12ff3b4c0 JavaThread "Unconstrained build operations Thread 7" [_thread_blocked, id=11968, stack(0x000000a11c300000,0x000000a11c400000)]
  0x000001c12ff3b990 JavaThread "Unconstrained build operations Thread 8" [_thread_blocked, id=13892, stack(0x000000a11c400000,0x000000a11c500000)]
  0x000001c12ff3be60 JavaThread "Unconstrained build operations Thread 9" [_thread_blocked, id=17332, stack(0x000000a11c500000,0x000000a11c600000)]
  0x000001c12ff34610 JavaThread "Unconstrained build operations Thread 10" [_thread_blocked, id=14144, stack(0x000000a11c600000,0x000000a11c700000)]
  0x000001c12ff34ae0 JavaThread "Unconstrained build operations Thread 11" [_thread_blocked, id=12996, stack(0x000000a11c700000,0x000000a11c800000)]
  0x000001c12ff34fb0 JavaThread "Unconstrained build operations Thread 12" [_thread_blocked, id=3836, stack(0x000000a11c800000,0x000000a11c900000)]
  0x000001c130b21d50 JavaThread "Unconstrained build operations Thread 13" [_thread_blocked, id=9652, stack(0x000000a11c900000,0x000000a11ca00000)]
  0x000001c130b243d0 JavaThread "Unconstrained build operations Thread 14" [_thread_blocked, id=15724, stack(0x000000a11ca00000,0x000000a11cb00000)]
  0x000001c130b20070 JavaThread "Unconstrained build operations Thread 15" [_thread_blocked, id=8400, stack(0x000000a11cb00000,0x000000a11cc00000)]
  0x000001c130b1f200 JavaThread "Unconstrained build operations Thread 16" [_thread_blocked, id=6544, stack(0x000000a11cc00000,0x000000a11cd00000)]
  0x000001c130b22bc0 JavaThread "Unconstrained build operations Thread 17" [_thread_blocked, id=3640, stack(0x000000a11cd00000,0x000000a11ce00000)]
  0x000001c130b23a30 JavaThread "Unconstrained build operations Thread 18" [_thread_blocked, id=5096, stack(0x000000a11ce00000,0x000000a11cf00000)]
  0x000001c130b23090 JavaThread "Unconstrained build operations Thread 19" [_thread_blocked, id=10084, stack(0x000000a11cf00000,0x000000a11d000000)]
  0x000001c130b1ed30 JavaThread "Unconstrained build operations Thread 20" [_thread_blocked, id=12628, stack(0x000000a11d000000,0x000000a11d100000)]
  0x000001c130b1f6d0 JavaThread "Unconstrained build operations Thread 21" [_thread_blocked, id=13448, stack(0x000000a11d100000,0x000000a11d200000)]
  0x000001c130b1fba0 JavaThread "Unconstrained build operations Thread 22" [_thread_blocked, id=168, stack(0x000000a11d200000,0x000000a11d300000)]
  0x000001c130b20540 JavaThread "Unconstrained build operations Thread 23" [_thread_blocked, id=4012, stack(0x000000a11d300000,0x000000a11d400000)]
  0x000001c130b20a10 JavaThread "Unconstrained build operations Thread 24" [_thread_blocked, id=6072, stack(0x000000a11d400000,0x000000a11d500000)]
  0x000001c130b213b0 JavaThread "Unconstrained build operations Thread 25" [_thread_blocked, id=15756, stack(0x000000a11d500000,0x000000a11d600000)]
  0x000001c130b1dec0 JavaThread "Unconstrained build operations Thread 26" [_thread_blocked, id=10888, stack(0x000000a11d600000,0x000000a11d700000)]
  0x000001c130b248a0 JavaThread "Unconstrained build operations Thread 27" [_thread_blocked, id=2756, stack(0x000000a11d700000,0x000000a11d800000)]
  0x000001c130b23f00 JavaThread "Unconstrained build operations Thread 28" [_thread_blocked, id=11528, stack(0x000000a11d800000,0x000000a11d900000)]
  0x000001c130b24d70 JavaThread "Unconstrained build operations Thread 29" [_thread_blocked, id=1524, stack(0x000000a11d900000,0x000000a11da00000)]
  0x000001c130b23560 JavaThread "Unconstrained build operations Thread 30" [_thread_blocked, id=4144, stack(0x000000a11da00000,0x000000a11db00000)]
  0x000001c130b25240 JavaThread "Unconstrained build operations Thread 31" [_thread_blocked, id=17192, stack(0x000000a11db00000,0x000000a11dc00000)]
  0x000001c130b21880 JavaThread "Unconstrained build operations Thread 32" [_thread_blocked, id=7136, stack(0x000000a11dc00000,0x000000a11dd00000)]
  0x000001c130b20ee0 JavaThread "Unconstrained build operations Thread 33" [_thread_blocked, id=9388, stack(0x000000a11dd00000,0x000000a11de00000)]
  0x000001c130b22220 JavaThread "Unconstrained build operations Thread 34" [_thread_blocked, id=16164, stack(0x000000a11de00000,0x000000a11df00000)]
  0x000001c130b226f0 JavaThread "Unconstrained build operations Thread 35" [_thread_blocked, id=15104, stack(0x000000a11df00000,0x000000a11e000000)]
  0x000001c130b25710 JavaThread "Unconstrained build operations Thread 36" [_thread_blocked, id=9844, stack(0x000000a11e000000,0x000000a11e100000)]
  0x000001c130b1e390 JavaThread "Unconstrained build operations Thread 37" [_thread_blocked, id=7052, stack(0x000000a11e100000,0x000000a11e200000)]
  0x000001c130b1e860 JavaThread "Unconstrained build operations Thread 38" [_thread_blocked, id=3824, stack(0x000000a11e200000,0x000000a11e300000)]
  0x000001c1304412f0 JavaThread "Unconstrained build operations Thread 39" [_thread_blocked, id=8504, stack(0x000000a11e300000,0x000000a11e400000)]
  0x000001c130442fd0 JavaThread "Unconstrained build operations Thread 40" [_thread_blocked, id=10632, stack(0x000000a11e400000,0x000000a11e500000)]
  0x000001c1304434a0 JavaThread "Unconstrained build operations Thread 41" [_thread_blocked, id=16624, stack(0x000000a11e500000,0x000000a11e600000)]
  0x000001c130443970 JavaThread "Unconstrained build operations Thread 42" [_thread_blocked, id=13680, stack(0x000000a11e600000,0x000000a11e700000)]
  0x000001c130442160 JavaThread "Unconstrained build operations Thread 43" [_thread_blocked, id=10288, stack(0x000000a11e700000,0x000000a11e800000)]
  0x000001c130443e40 JavaThread "Unconstrained build operations Thread 44" [_thread_blocked, id=3328, stack(0x000000a11e800000,0x000000a11e900000)]
  0x000001c130441c90 JavaThread "Unconstrained build operations Thread 45" [_thread_blocked, id=8052, stack(0x000000a11e900000,0x000000a11ea00000)]
  0x000001c130442b00 JavaThread "Unconstrained build operations Thread 46" [_thread_blocked, id=4592, stack(0x000000a11ea00000,0x000000a11eb00000)]
  0x000001c130440480 JavaThread "Unconstrained build operations Thread 47" [_thread_blocked, id=15508, stack(0x000000a11eb00000,0x000000a11ec00000)]
  0x000001c1304417c0 JavaThread "Unconstrained build operations Thread 48" [_thread_blocked, id=308, stack(0x000000a11ec00000,0x000000a11ed00000)]
  0x000001c130440e20 JavaThread "Unconstrained build operations Thread 49" [_thread_blocked, id=9640, stack(0x000000a11ed00000,0x000000a11ee00000)]
  0x000001c130440950 JavaThread "Unconstrained build operations Thread 50" [_thread_blocked, id=13940, stack(0x000000a11ee00000,0x000000a11ef00000)]
  0x000001c130442630 JavaThread "Unconstrained build operations Thread 51" [_thread_blocked, id=3816, stack(0x000000a11ef00000,0x000000a11f000000)]
  0x000001c1300f90f0 JavaThread "Unconstrained build operations Thread 52" [_thread_blocked, id=17348, stack(0x000000a11f000000,0x000000a11f100000)]
  0x000001c1300fa430 JavaThread "Unconstrained build operations Thread 53" [_thread_blocked, id=15640, stack(0x000000a11f100000,0x000000a11f200000)]
  0x000001c1300fffa0 JavaThread "Unconstrained build operations Thread 54" [_thread_blocked, id=15136, stack(0x000000a11f200000,0x000000a11f300000)]
  0x000001c1300fcf80 JavaThread "Unconstrained build operations Thread 55" [_thread_blocked, id=13736, stack(0x000000a11f300000,0x000000a11f400000)]
  0x000001c1300f95c0 JavaThread "Unconstrained build operations Thread 56" [_thread_blocked, id=1600, stack(0x000000a11f400000,0x000000a11f500000)]
  0x000001c130100470 JavaThread "Unconstrained build operations Thread 57" [_thread_blocked, id=16008, stack(0x000000a11f500000,0x000000a11f600000)]
  0x000001c1300fe2c0 JavaThread "Unconstrained build operations Thread 58" [_thread_blocked, id=14856, stack(0x000000a11f600000,0x000000a11f700000)]
  0x000001c130100940 JavaThread "Unconstrained build operations Thread 59" [_thread_blocked, id=14808, stack(0x000000a11f700000,0x000000a11f800000)]
  0x000001c1300fbc40 JavaThread "Unconstrained build operations Thread 60" [_thread_blocked, id=13432, stack(0x000000a11f800000,0x000000a11f900000)]
  0x000001c1300f9a90 JavaThread "Unconstrained build operations Thread 61" [_thread_blocked, id=5692, stack(0x000000a11f900000,0x000000a11fa00000)]
  0x000001c1300f9f60 JavaThread "Unconstrained build operations Thread 62" [_thread_blocked, id=17384, stack(0x000000a11fa00000,0x000000a11fb00000)]
  0x000001c1300fc5e0 JavaThread "Unconstrained build operations Thread 63" [_thread_blocked, id=13904, stack(0x000000a11fb00000,0x000000a11fc00000)]
  0x000001c1300fb770 JavaThread "Unconstrained build operations Thread 64" [_thread_blocked, id=1528, stack(0x000000a11fc00000,0x000000a11fd00000)]
  0x000001c1300fadd0 JavaThread "Unconstrained build operations Thread 65" [_thread_blocked, id=11180, stack(0x000000a11fd00000,0x000000a11fe00000)]
  0x000001c1300fa900 JavaThread "Unconstrained build operations Thread 66" [_thread_blocked, id=11864, stack(0x000000a11fe00000,0x000000a11ff00000)]
  0x000001c1300fb2a0 JavaThread "Unconstrained build operations Thread 67" [_thread_blocked, id=13364, stack(0x000000a11ff00000,0x000000a120000000)]
  0x000001c1300ffad0 JavaThread "Unconstrained build operations Thread 68" [_thread_blocked, id=16472, stack(0x000000a120000000,0x000000a120100000)]
  0x000001c1300fe790 JavaThread "Unconstrained build operations Thread 69" [_thread_blocked, id=16880, stack(0x000000a120100000,0x000000a120200000)]
  0x000001c1300fd920 JavaThread "Unconstrained build operations Thread 70" [_thread_blocked, id=9816, stack(0x000000a120200000,0x000000a120300000)]
  0x000001c1300fddf0 JavaThread "Unconstrained build operations Thread 71" [_thread_blocked, id=14776, stack(0x000000a120300000,0x000000a120400000)]
  0x000001c1300fc110 JavaThread "Unconstrained build operations Thread 72" [_thread_blocked, id=12300, stack(0x000000a120400000,0x000000a120500000)]
  0x000001c1300ff130 JavaThread "Unconstrained build operations Thread 73" [_thread_blocked, id=9328, stack(0x000000a120500000,0x000000a120600000)]
  0x000001c1300fcab0 JavaThread "Unconstrained build operations Thread 74" [_thread_blocked, id=8236, stack(0x000000a120600000,0x000000a120700000)]
  0x000001c1300fd450 JavaThread "Unconstrained build operations Thread 75" [_thread_blocked, id=3312, stack(0x000000a120700000,0x000000a120800000)]
  0x000001c1300fec60 JavaThread "Unconstrained build operations Thread 76" [_thread_blocked, id=12872, stack(0x000000a120800000,0x000000a120900000)]
  0x000001c1300ff600 JavaThread "Unconstrained build operations Thread 77" [_thread_blocked, id=15944, stack(0x000000a120900000,0x000000a120a00000)]
  0x000001c130b63580 JavaThread "Unconstrained build operations Thread 78" [_thread_blocked, id=13384, stack(0x000000a120a00000,0x000000a120b00000)]
  0x000001c130b5dee0 JavaThread "Unconstrained build operations Thread 79" [_thread_blocked, id=5748, stack(0x000000a120b00000,0x000000a120c00000)]
  0x000001c130b5e880 JavaThread "Unconstrained build operations Thread 80" [_thread_blocked, id=4116, stack(0x000000a120c00000,0x000000a120d00000)]
  0x000001c130b60560 JavaThread "jar transforms Thread 6" [_thread_blocked, id=8672, stack(0x000000a120d00000,0x000000a120e00000)]
  0x000001c130b5f220 JavaThread "jar transforms Thread 7" [_thread_blocked, id=16432, stack(0x000000a120e00000,0x000000a120f00000)]
  0x000001c130b60a30 JavaThread "jar transforms Thread 8" [_thread_blocked, id=7508, stack(0x000000a120f00000,0x000000a121000000)]
  0x000001c130b63a50 JavaThread "build event listener" [_thread_blocked, id=15208, stack(0x000000a121000000,0x000000a121100000)]
  0x000001c130b5d070 JavaThread "Memory manager" [_thread_blocked, id=16868, stack(0x000000a121100000,0x000000a121200000)]
  0x000001c130b61d70 JavaThread "included builds" [_thread_blocked, id=6728, stack(0x000000a121200000,0x000000a121300000)]
  0x000001c130b62240 JavaThread "Execution worker" [_thread_blocked, id=4076, stack(0x000000a121300000,0x000000a121400000)]
  0x000001c130b5da10 JavaThread "Execution worker Thread 2" [_thread_blocked, id=16548, stack(0x000000a121400000,0x000000a121500000)]
  0x000001c130b643f0 JavaThread "Execution worker Thread 3" [_thread_blocked, id=11652, stack(0x000000a121500000,0x000000a121600000)]
  0x000001c130b648c0 JavaThread "Execution worker Thread 4" [_thread_blocked, id=8128, stack(0x000000a121600000,0x000000a121700000)]
  0x000001c130b630b0 JavaThread "Execution worker Thread 5" [_thread_blocked, id=11964, stack(0x000000a121700000,0x000000a121800000)]
  0x000001c130b5fbc0 JavaThread "Execution worker Thread 6" [_thread_blocked, id=3108, stack(0x000000a121800000,0x000000a121900000)]
  0x000001c130b5ed50 JavaThread "Execution worker Thread 7" [_thread_blocked, id=3172, stack(0x000000a121900000,0x000000a121a00000)]
  0x000001c130b5f6f0 JavaThread "Cache worker for execution history cache (C:\Users\scher\Documents\PROJETOS ANDROID\RECICLAAI\.gradle\8.0\executionHistory)" [_thread_blocked, id=13348, stack(0x000000a121a00000,0x000000a121b00000)]
  0x000001c13097cbc0 JavaThread "WorkerExecutor Queue" [_thread_blocked, id=1084, stack(0x000000a121d00000,0x000000a121e00000)]
  0x000001c13097d090 JavaThread "WorkerExecutor Queue Thread 2" [_thread_blocked, id=12876, stack(0x000000a121e00000,0x000000a121f00000)]
  0x000001c13097bd50 JavaThread "WorkerExecutor Queue Thread 3" [_thread_blocked, id=1076, stack(0x000000a121f00000,0x000000a122000000)]
  0x000001c13097b880 JavaThread "WorkerExecutor Queue Thread 4" [_thread_blocked, id=1224, stack(0x000000a122000000,0x000000a122100000)]
  0x000001c13097c220 JavaThread "WorkerExecutor Queue Thread 5" [_thread_blocked, id=16172, stack(0x000000a122100000,0x000000a122200000)]
  0x000001c13097c6f0 JavaThread "WorkerExecutor Queue Thread 6" [_thread_blocked, id=13660, stack(0x000000a122200000,0x000000a122300000)]
  0x000001c133db0af0 JavaThread "WorkerExecutor Queue Thread 7" [_thread_blocked, id=11368, stack(0x000000a122300000,0x000000a122400000)]
  0x000001c12fd6d2c0 JavaThread "WorkerExecutor Queue Thread 8" [_thread_blocked, id=6584, stack(0x000000a122400000,0x000000a122500000)]

Other Threads:
=>0x000001c12936d9b0 VMThread "VM Thread" [stack: 0x000000a118800000,0x000000a118900000] [id=7984]
  0x000001c10dae0540 WatcherThread [stack: 0x000000a119400000,0x000000a119500000] [id=15504]
  0x000001c10dabf370 GCTaskThread "GC Thread#0" [stack: 0x000000a118300000,0x000000a118400000] [id=2808]
  0x000001c12a56f2f0 GCTaskThread "GC Thread#1" [stack: 0x000000a119700000,0x000000a119800000] [id=4744]
  0x000001c12ac09ab0 GCTaskThread "GC Thread#2" [stack: 0x000000a119800000,0x000000a119900000] [id=8240]
  0x000001c12a5703d0 GCTaskThread "GC Thread#3" [stack: 0x000000a119900000,0x000000a119a00000] [id=1744]
  0x000001c12a7b44e0 GCTaskThread "GC Thread#4" [stack: 0x000000a119a00000,0x000000a119b00000] [id=16796]
  0x000001c12d0a6010 GCTaskThread "GC Thread#5" [stack: 0x000000a11a500000,0x000000a11a600000] [id=6944]
  0x000001c12b8808d0 GCTaskThread "GC Thread#6" [stack: 0x000000a11a600000,0x000000a11a700000] [id=6636]
  0x000001c12bf08760 GCTaskThread "GC Thread#7" [stack: 0x000000a11a700000,0x000000a11a800000] [id=5608]
  0x000001c10dad11d0 ConcurrentGCThread "G1 Main Marker" [stack: 0x000000a118400000,0x000000a118500000] [id=6028]
  0x000001c10dad1af0 ConcurrentGCThread "G1 Conc#0" [stack: 0x000000a118500000,0x000000a118600000] [id=4404]
  0x000001c12d039170 ConcurrentGCThread "G1 Conc#1" [stack: 0x000000a11a800000,0x000000a11a900000] [id=12076]
  0x000001c1291e6010 ConcurrentGCThread "G1 Refine#0" [stack: 0x000000a118600000,0x000000a118700000] [id=16728]
  0x000001c12d294f30 ConcurrentGCThread "G1 Refine#1" [stack: 0x000000a11b700000,0x000000a11b800000] [id=15732]
  0x000001c12d293b10 ConcurrentGCThread "G1 Refine#2" [stack: 0x000000a11b800000,0x000000a11b900000] [id=14568]
  0x000001c133797760 ConcurrentGCThread "G1 Refine#3" [stack: 0x000000a121b00000,0x000000a121c00000] [id=15228]
  0x000001c133796340 ConcurrentGCThread "G1 Refine#4" [stack: 0x000000a121c00000,0x000000a121d00000] [id=5332]
  0x000001c1291e6940 ConcurrentGCThread "G1 Service" [stack: 0x000000a118700000,0x000000a118800000] [id=14584]

Threads with active compile tasks:
C2 CompilerThread0    11744 13118   !   4       java.net.URLClassLoader$1::run (81 bytes)
C2 CompilerThread1    11744 13116   !   4       java.net.URLClassLoader::findClass (47 bytes)
C2 CompilerThread2    11744 13117       4       java.net.URLClassLoader$1::run (5 bytes)

VM state: at safepoint (normal execution)

VM Mutex/Monitor currently owned by a thread:  ([mutex/lock_event])
[0x000001c10da60ee0] Threads_lock - owner thread: 0x000001c12936d9b0
[0x000001c10da60b80] Heap_lock - owner thread: 0x000001c130b62240

Heap address: 0x0000000080000000, size: 2048 MB, Compressed Oops mode: 32-bit

CDS archive(s) not mapped
Compressed class space mapped at: 0x0000000100000000-0x0000000140000000, reserved size: 1073741824
Narrow klass base: 0x0000000000000000, Narrow klass shift: 3, Narrow klass range: 0x140000000

GC Precious Log:
 CPUs: 8 total, 8 available
 Memory: 8072M
 Large Page Support: Disabled
 NUMA Support: Disabled
 Compressed Oops: Enabled (32-bit)
 Heap Region Size: 1M
 Heap Min Capacity: 8M
 Heap Initial Capacity: 128M
 Heap Max Capacity: 2G
 Pre-touch: Disabled
 Parallel Workers: 8
 Concurrent Workers: 2
 Concurrent Refinement Workers: 8
 Periodic GC: Disabled

Heap:
 garbage-first heap   total 229376K, used 133257K [0x0000000080000000, 0x0000000100000000)
  region size 1024K, 3 young (3072K), 3 survivors (3072K)
 Metaspace       used 99894K, committed 100608K, reserved 1138688K
  class space    used 13338K, committed 13696K, reserved 1048576K

Heap Regions: E=young(eden), S=young(survivor), O=old, HS=humongous(starts), HC=humongous(continues), CS=collection set, F=free, OA=open archive, CA=closed archive, TAMS=top-at-mark-start (previous, next)
|   0|0x0000000080000000, 0x0000000080100000, 0x0000000080100000|100%|HS|  |TAMS 0x0000000080100000, 0x0000000080000000| Complete 
|   1|0x0000000080100000, 0x0000000080200000, 0x0000000080200000|100%|HC|  |TAMS 0x0000000080200000, 0x0000000080100000| Complete 
|   2|0x0000000080200000, 0x0000000080300000, 0x0000000080300000|100%|HC|  |TAMS 0x0000000080300000, 0x0000000080200000| Complete 
|   3|0x0000000080300000, 0x0000000080400000, 0x0000000080400000|100%|HC|  |TAMS 0x0000000080400000, 0x0000000080300000| Complete 
|   4|0x0000000080400000, 0x0000000080500000, 0x0000000080500000|100%| O|  |TAMS 0x0000000080500000, 0x0000000080400000| Untracked 
|   5|0x0000000080500000, 0x0000000080600000, 0x0000000080600000|100%| O|  |TAMS 0x0000000080600000, 0x0000000080500000| Untracked 
|   6|0x0000000080600000, 0x0000000080700000, 0x0000000080700000|100%| O|  |TAMS 0x0000000080700000, 0x0000000080600000| Untracked 
|   7|0x0000000080700000, 0x0000000080800000, 0x0000000080800000|100%| O|  |TAMS 0x0000000080800000, 0x0000000080700000| Untracked 
|   8|0x0000000080800000, 0x0000000080900000, 0x0000000080900000|100%| O|  |TAMS 0x0000000080900000, 0x0000000080800000| Untracked 
|   9|0x0000000080900000, 0x0000000080a00000, 0x0000000080a00000|100%| O|  |TAMS 0x0000000080a00000, 0x0000000080900000| Untracked 
|  10|0x0000000080a00000, 0x0000000080b00000, 0x0000000080b00000|100%| O|  |TAMS 0x0000000080b00000, 0x0000000080a00000| Untracked 
|  11|0x0000000080b00000, 0x0000000080c00000, 0x0000000080c00000|100%| O|  |TAMS 0x0000000080c00000, 0x0000000080b00000| Untracked 
|  12|0x0000000080c00000, 0x0000000080d00000, 0x0000000080d00000|100%| O|  |TAMS 0x0000000080d00000, 0x0000000080c00000| Untracked 
|  13|0x0000000080d00000, 0x0000000080e00000, 0x0000000080e00000|100%| O|  |TAMS 0x0000000080e00000, 0x0000000080d00000| Untracked 
|  14|0x0000000080e00000, 0x0000000080f00000, 0x0000000080f00000|100%| O|  |TAMS 0x0000000080f00000, 0x0000000080e00000| Untracked 
|  15|0x0000000080f00000, 0x0000000081000000, 0x0000000081000000|100%| O|  |TAMS 0x0000000081000000, 0x0000000080f00000| Untracked 
|  16|0x0000000081000000, 0x0000000081100000, 0x0000000081100000|100%| O|  |TAMS 0x0000000081100000, 0x0000000081000000| Untracked 
|  17|0x0000000081100000, 0x0000000081200000, 0x0000000081200000|100%| O|  |TAMS 0x0000000081200000, 0x0000000081100000| Untracked 
|  18|0x0000000081200000, 0x0000000081300000, 0x0000000081300000|100%| O|  |TAMS 0x0000000081300000, 0x0000000081200000| Untracked 
|  19|0x0000000081300000, 0x0000000081400000, 0x0000000081400000|100%| O|  |TAMS 0x0000000081400000, 0x0000000081300000| Untracked 
|  20|0x0000000081400000, 0x0000000081500000, 0x0000000081500000|100%| O|  |TAMS 0x0000000081500000, 0x0000000081400000| Untracked 
|  21|0x0000000081500000, 0x0000000081600000, 0x0000000081600000|100%| O|  |TAMS 0x0000000081600000, 0x0000000081500000| Untracked 
|  22|0x0000000081600000, 0x0000000081700000, 0x0000000081700000|100%| O|  |TAMS 0x0000000081700000, 0x0000000081600000| Untracked 
|  23|0x0000000081700000, 0x0000000081800000, 0x0000000081800000|100%| O|  |TAMS 0x0000000081800000, 0x0000000081700000| Untracked 
|  24|0x0000000081800000, 0x0000000081900000, 0x0000000081900000|100%| O|  |TAMS 0x0000000081900000, 0x0000000081800000| Untracked 
|  25|0x0000000081900000, 0x0000000081a00000, 0x0000000081a00000|100%| O|  |TAMS 0x0000000081a00000, 0x0000000081900000| Untracked 
|  26|0x0000000081a00000, 0x0000000081b00000, 0x0000000081b00000|100%| O|  |TAMS 0x0000000081b00000, 0x0000000081a00000| Untracked 
|  27|0x0000000081b00000, 0x0000000081c00000, 0x0000000081c00000|100%| O|  |TAMS 0x0000000081c00000, 0x0000000081b00000| Untracked 
|  28|0x0000000081c00000, 0x0000000081d00000, 0x0000000081d00000|100%| O|  |TAMS 0x0000000081d00000, 0x0000000081c00000| Untracked 
|  29|0x0000000081d00000, 0x0000000081e00000, 0x0000000081e00000|100%| O|  |TAMS 0x0000000081e00000, 0x0000000081d00000| Untracked 
|  30|0x0000000081e00000, 0x0000000081f00000, 0x0000000081f00000|100%| O|  |TAMS 0x0000000081f00000, 0x0000000081e00000| Untracked 
|  31|0x0000000081f00000, 0x0000000082000000, 0x0000000082000000|100%|HS|  |TAMS 0x0000000082000000, 0x0000000081f00000| Complete 
|  32|0x0000000082000000, 0x0000000082100000, 0x0000000082100000|100%|HS|  |TAMS 0x0000000082100000, 0x0000000082000000| Complete 
|  33|0x0000000082100000, 0x0000000082200000, 0x0000000082200000|100%|HS|  |TAMS 0x0000000082200000, 0x0000000082100000| Complete 
|  34|0x0000000082200000, 0x0000000082300000, 0x0000000082300000|100%| O|  |TAMS 0x0000000082300000, 0x0000000082200000| Untracked 
|  35|0x0000000082300000, 0x0000000082400000, 0x0000000082400000|100%| O|  |TAMS 0x0000000082400000, 0x0000000082300000| Untracked 
|  36|0x0000000082400000, 0x0000000082500000, 0x0000000082500000|100%| O|  |TAMS 0x0000000082500000, 0x0000000082400000| Untracked 
|  37|0x0000000082500000, 0x0000000082600000, 0x0000000082600000|100%| O|  |TAMS 0x0000000082600000, 0x0000000082500000| Untracked 
|  38|0x0000000082600000, 0x0000000082700000, 0x0000000082700000|100%| O|  |TAMS 0x0000000082700000, 0x0000000082600000| Untracked 
|  39|0x0000000082700000, 0x0000000082800000, 0x0000000082800000|100%| O|  |TAMS 0x0000000082800000, 0x0000000082700000| Untracked 
|  40|0x0000000082800000, 0x0000000082900000, 0x0000000082900000|100%| O|  |TAMS 0x0000000082800000, 0x0000000082800000| Untracked 
|  41|0x0000000082900000, 0x0000000082a00000, 0x0000000082a00000|100%| O|  |TAMS 0x0000000082a00000, 0x0000000082900000| Untracked 
|  42|0x0000000082a00000, 0x0000000082b00000, 0x0000000082b00000|100%| O|  |TAMS 0x0000000082b00000, 0x0000000082a00000| Untracked 
|  43|0x0000000082b00000, 0x0000000082c00000, 0x0000000082c00000|100%| O|  |TAMS 0x0000000082c00000, 0x0000000082b00000| Untracked 
|  44|0x0000000082c00000, 0x0000000082d00000, 0x0000000082d00000|100%| O|  |TAMS 0x0000000082d00000, 0x0000000082c00000| Untracked 
|  45|0x0000000082d00000, 0x0000000082e00000, 0x0000000082e00000|100%| O|  |TAMS 0x0000000082e00000, 0x0000000082d00000| Untracked 
|  46|0x0000000082e00000, 0x0000000082f00000, 0x0000000082f00000|100%| O|  |TAMS 0x0000000082f00000, 0x0000000082e00000| Untracked 
|  47|0x0000000082f00000, 0x0000000083000000, 0x0000000083000000|100%| O|  |TAMS 0x0000000083000000, 0x0000000082f00000| Untracked 
|  48|0x0000000083000000, 0x0000000083100000, 0x0000000083100000|100%| O|  |TAMS 0x0000000083100000, 0x0000000083000000| Untracked 
|  49|0x0000000083100000, 0x0000000083200000, 0x0000000083200000|100%| O|  |TAMS 0x0000000083200000, 0x0000000083100000| Untracked 
|  50|0x0000000083200000, 0x0000000083300000, 0x0000000083300000|100%| O|  |TAMS 0x0000000083300000, 0x0000000083200000| Untracked 
|  51|0x0000000083300000, 0x0000000083400000, 0x0000000083400000|100%| O|  |TAMS 0x0000000083400000, 0x0000000083300000| Untracked 
|  52|0x0000000083400000, 0x0000000083500000, 0x0000000083500000|100%| O|  |TAMS 0x0000000083500000, 0x0000000083400000| Untracked 
|  53|0x0000000083500000, 0x0000000083600000, 0x0000000083600000|100%| O|  |TAMS 0x0000000083600000, 0x0000000083500000| Untracked 
|  54|0x0000000083600000, 0x0000000083700000, 0x0000000083700000|100%| O|  |TAMS 0x0000000083700000, 0x0000000083600000| Untracked 
|  55|0x0000000083700000, 0x0000000083800000, 0x0000000083800000|100%| O|  |TAMS 0x0000000083800000, 0x0000000083700000| Untracked 
|  56|0x0000000083800000, 0x0000000083900000, 0x0000000083900000|100%| O|  |TAMS 0x0000000083900000, 0x0000000083800000| Untracked 
|  57|0x0000000083900000, 0x0000000083a00000, 0x0000000083a00000|100%| O|  |TAMS 0x0000000083a00000, 0x0000000083900000| Untracked 
|  58|0x0000000083a00000, 0x0000000083b00000, 0x0000000083b00000|100%| O|  |TAMS 0x0000000083b00000, 0x0000000083a00000| Untracked 
|  59|0x0000000083b00000, 0x0000000083c00000, 0x0000000083c00000|100%| O|  |TAMS 0x0000000083c00000, 0x0000000083b00000| Untracked 
|  60|0x0000000083c00000, 0x0000000083d00000, 0x0000000083d00000|100%| O|  |TAMS 0x0000000083d00000, 0x0000000083c00000| Untracked 
|  61|0x0000000083d00000, 0x0000000083e00000, 0x0000000083e00000|100%| O|  |TAMS 0x0000000083e00000, 0x0000000083d00000| Untracked 
|  62|0x0000000083e00000, 0x0000000083f00000, 0x0000000083f00000|100%| O|  |TAMS 0x0000000083f00000, 0x0000000083e00000| Untracked 
|  63|0x0000000083f00000, 0x0000000084000000, 0x0000000084000000|100%| O|  |TAMS 0x0000000084000000, 0x0000000083f00000| Untracked 
|  64|0x0000000084000000, 0x0000000084100000, 0x0000000084100000|100%| O|  |TAMS 0x0000000084100000, 0x0000000084000000| Untracked 
|  65|0x0000000084100000, 0x0000000084200000, 0x0000000084200000|100%| O|  |TAMS 0x0000000084200000, 0x0000000084100000| Untracked 
|  66|0x0000000084200000, 0x0000000084300000, 0x0000000084300000|100%| O|  |TAMS 0x0000000084300000, 0x0000000084200000| Untracked 
|  67|0x0000000084300000, 0x0000000084400000, 0x0000000084400000|100%| O|  |TAMS 0x0000000084400000, 0x0000000084300000| Untracked 
|  68|0x0000000084400000, 0x0000000084500000, 0x0000000084500000|100%| O|  |TAMS 0x0000000084500000, 0x0000000084400000| Untracked 
|  69|0x0000000084500000, 0x0000000084600000, 0x0000000084600000|100%| O|  |TAMS 0x0000000084600000, 0x0000000084500000| Untracked 
|  70|0x0000000084600000, 0x0000000084700000, 0x0000000084700000|100%| O|  |TAMS 0x0000000084700000, 0x0000000084600000| Untracked 
|  71|0x0000000084700000, 0x0000000084800000, 0x0000000084800000|100%| O|  |TAMS 0x0000000084800000, 0x0000000084700000| Untracked 
|  72|0x0000000084800000, 0x0000000084900000, 0x0000000084900000|100%| O|  |TAMS 0x0000000084900000, 0x0000000084800000| Untracked 
|  73|0x0000000084900000, 0x0000000084a00000, 0x0000000084a00000|100%| O|  |TAMS 0x0000000084a00000, 0x0000000084900000| Untracked 
|  74|0x0000000084a00000, 0x0000000084b00000, 0x0000000084b00000|100%| O|  |TAMS 0x0000000084b00000, 0x0000000084a00000| Untracked 
|  75|0x0000000084b00000, 0x0000000084c00000, 0x0000000084c00000|100%| O|  |TAMS 0x0000000084b00000, 0x0000000084b00000| Untracked 
|  76|0x0000000084c00000, 0x0000000084d00000, 0x0000000084d00000|100%| O|  |TAMS 0x0000000084d00000, 0x0000000084c00000| Untracked 
|  77|0x0000000084d00000, 0x0000000084e00000, 0x0000000084e00000|100%| O|  |TAMS 0x0000000084e00000, 0x0000000084d00000| Untracked 
|  78|0x0000000084e00000, 0x0000000084f00000, 0x0000000084f00000|100%| O|  |TAMS 0x0000000084f00000, 0x0000000084e00000| Untracked 
|  79|0x0000000084f00000, 0x0000000085000000, 0x0000000085000000|100%| O|  |TAMS 0x0000000085000000, 0x0000000084f00000| Untracked 
|  80|0x0000000085000000, 0x0000000085100000, 0x0000000085100000|100%| O|  |TAMS 0x0000000085100000, 0x0000000085000000| Untracked 
|  81|0x0000000085100000, 0x0000000085200000, 0x0000000085200000|100%| O|  |TAMS 0x0000000085200000, 0x0000000085100000| Untracked 
|  82|0x0000000085200000, 0x0000000085300000, 0x0000000085300000|100%| O|  |TAMS 0x0000000085300000, 0x0000000085200000| Untracked 
|  83|0x0000000085300000, 0x0000000085400000, 0x0000000085400000|100%| O|  |TAMS 0x0000000085400000, 0x0000000085300000| Untracked 
|  84|0x0000000085400000, 0x0000000085500000, 0x0000000085500000|100%| O|  |TAMS 0x0000000085500000, 0x0000000085400000| Untracked 
|  85|0x0000000085500000, 0x0000000085600000, 0x0000000085600000|100%| O|  |TAMS 0x0000000085600000, 0x0000000085500000| Untracked 
|  86|0x0000000085600000, 0x0000000085700000, 0x0000000085700000|100%| O|  |TAMS 0x0000000085700000, 0x0000000085600000| Untracked 
|  87|0x0000000085700000, 0x0000000085800000, 0x0000000085800000|100%| O|  |TAMS 0x0000000085800000, 0x0000000085700000| Untracked 
|  88|0x0000000085800000, 0x0000000085900000, 0x0000000085900000|100%| O|  |TAMS 0x0000000085900000, 0x0000000085800000| Untracked 
|  89|0x0000000085900000, 0x0000000085a00000, 0x0000000085a00000|100%| O|  |TAMS 0x0000000085a00000, 0x0000000085900000| Untracked 
|  90|0x0000000085a00000, 0x0000000085b00000, 0x0000000085b00000|100%| O|  |TAMS 0x0000000085b00000, 0x0000000085a00000| Untracked 
|  91|0x0000000085b00000, 0x0000000085c00000, 0x0000000085c00000|100%| O|  |TAMS 0x0000000085c00000, 0x0000000085b00000| Untracked 
|  92|0x0000000085c00000, 0x0000000085d00000, 0x0000000085d00000|100%| O|  |TAMS 0x0000000085d00000, 0x0000000085c00000| Untracked 
|  93|0x0000000085d00000, 0x0000000085e00000, 0x0000000085e00000|100%| O|  |TAMS 0x0000000085e00000, 0x0000000085d00000| Untracked 
|  94|0x0000000085e00000, 0x0000000085f00000, 0x0000000085f00000|100%| O|  |TAMS 0x0000000085f00000, 0x0000000085e00000| Untracked 
|  95|0x0000000085f00000, 0x0000000086000000, 0x0000000086000000|100%| O|  |TAMS 0x0000000086000000, 0x0000000085f00000| Untracked 
|  96|0x0000000086000000, 0x0000000086100000, 0x0000000086100000|100%| O|  |TAMS 0x0000000086100000, 0x0000000086000000| Untracked 
|  97|0x0000000086100000, 0x0000000086200000, 0x0000000086200000|100%| O|  |TAMS 0x0000000086200000, 0x0000000086100000| Untracked 
|  98|0x0000000086200000, 0x0000000086300000, 0x0000000086300000|100%| O|  |TAMS 0x0000000086200000, 0x0000000086200000| Untracked 
|  99|0x0000000086300000, 0x0000000086400000, 0x0000000086400000|100%| O|  |TAMS 0x0000000086300000, 0x0000000086300000| Untracked 
| 100|0x0000000086400000, 0x0000000086500000, 0x0000000086500000|100%| O|  |TAMS 0x0000000086400000, 0x0000000086400000| Untracked 
| 101|0x0000000086500000, 0x0000000086600000, 0x0000000086600000|100%| O|  |TAMS 0x0000000086500000, 0x0000000086500000| Untracked 
| 102|0x0000000086600000, 0x0000000086700000, 0x0000000086700000|100%| O|  |TAMS 0x0000000086600000, 0x0000000086600000| Untracked 
| 103|0x0000000086700000, 0x0000000086800000, 0x0000000086800000|100%| O|  |TAMS 0x0000000086700000, 0x0000000086700000| Untracked 
| 104|0x0000000086800000, 0x0000000086900000, 0x0000000086900000|100%| O|  |TAMS 0x0000000086800000, 0x0000000086800000| Untracked 
| 105|0x0000000086900000, 0x0000000086a00000, 0x0000000086a00000|100%| O|  |TAMS 0x0000000086900000, 0x0000000086900000| Untracked 
| 106|0x0000000086a00000, 0x0000000086b00000, 0x0000000086b00000|100%| O|  |TAMS 0x0000000086a00000, 0x0000000086a00000| Untracked 
| 107|0x0000000086b00000, 0x0000000086c00000, 0x0000000086c00000|100%| O|  |TAMS 0x0000000086b00000, 0x0000000086b00000| Untracked 
| 108|0x0000000086c00000, 0x0000000086d00000, 0x0000000086d00000|100%| O|  |TAMS 0x0000000086c00000, 0x0000000086c00000| Untracked 
| 109|0x0000000086d00000, 0x0000000086e00000, 0x0000000086e00000|100%| O|  |TAMS 0x0000000086d00000, 0x0000000086d00000| Untracked 
| 110|0x0000000086e00000, 0x0000000086f00000, 0x0000000086f00000|100%| O|  |TAMS 0x0000000086e00000, 0x0000000086e00000| Untracked 
| 111|0x0000000086f00000, 0x0000000087000000, 0x0000000087000000|100%| O|  |TAMS 0x0000000086f00000, 0x0000000086f00000| Untracked 
| 112|0x0000000087000000, 0x0000000087100000, 0x0000000087100000|100%| O|  |TAMS 0x0000000087000000, 0x0000000087000000| Untracked 
| 113|0x0000000087100000, 0x0000000087200000, 0x0000000087200000|100%| O|  |TAMS 0x0000000087100000, 0x0000000087100000| Untracked 
| 114|0x0000000087200000, 0x0000000087300000, 0x0000000087300000|100%| O|  |TAMS 0x0000000087200000, 0x0000000087200000| Untracked 
| 115|0x0000000087300000, 0x0000000087400000, 0x0000000087400000|100%| O|  |TAMS 0x0000000087300000, 0x0000000087300000| Untracked 
| 116|0x0000000087400000, 0x0000000087500000, 0x0000000087500000|100%| O|  |TAMS 0x0000000087400000, 0x0000000087400000| Untracked 
| 117|0x0000000087500000, 0x0000000087600000, 0x0000000087600000|100%| O|  |TAMS 0x0000000087500000, 0x0000000087500000| Untracked 
| 118|0x0000000087600000, 0x0000000087700000, 0x0000000087700000|100%| O|  |TAMS 0x0000000087600000, 0x0000000087600000| Untracked 
| 119|0x0000000087700000, 0x0000000087800000, 0x0000000087800000|100%| O|  |TAMS 0x0000000087700000, 0x0000000087700000| Untracked 
| 120|0x0000000087800000, 0x0000000087900000, 0x0000000087900000|100%| O|  |TAMS 0x0000000087800000, 0x0000000087800000| Untracked 
| 121|0x0000000087900000, 0x0000000087a00000, 0x0000000087a00000|100%| O|  |TAMS 0x0000000087900000, 0x0000000087900000| Untracked 
| 122|0x0000000087a00000, 0x0000000087b00000, 0x0000000087b00000|100%| O|  |TAMS 0x0000000087a00000, 0x0000000087a00000| Untracked 
| 123|0x0000000087b00000, 0x0000000087b00000, 0x0000000087c00000|  0%| F|  |TAMS 0x0000000087b00000, 0x0000000087b00000| Untracked 
| 124|0x0000000087c00000, 0x0000000087c00000, 0x0000000087d00000|  0%| F|  |TAMS 0x0000000087c00000, 0x0000000087c00000| Untracked 
| 125|0x0000000087d00000, 0x0000000087d00000, 0x0000000087e00000|  0%| F|  |TAMS 0x0000000087d00000, 0x0000000087d00000| Untracked 
| 126|0x0000000087e00000, 0x0000000087e00000, 0x0000000087f00000|  0%| F|  |TAMS 0x0000000087e00000, 0x0000000087e00000| Untracked 
| 127|0x0000000087f00000, 0x0000000087f00000, 0x0000000088000000|  0%| F|  |TAMS 0x0000000087f00000, 0x0000000087f00000| Untracked 
| 128|0x0000000088000000, 0x0000000088000000, 0x0000000088100000|  0%| F|  |TAMS 0x0000000088000000, 0x0000000088000000| Untracked 
| 129|0x0000000088100000, 0x0000000088100000, 0x0000000088200000|  0%| F|  |TAMS 0x0000000088100000, 0x0000000088100000| Untracked 
| 130|0x0000000088200000, 0x0000000088200000, 0x0000000088300000|  0%| F|  |TAMS 0x0000000088200000, 0x0000000088200000| Untracked 
| 131|0x0000000088300000, 0x0000000088300000, 0x0000000088400000|  0%| F|  |TAMS 0x0000000088300000, 0x0000000088300000| Untracked 
| 132|0x0000000088400000, 0x0000000088400000, 0x0000000088500000|  0%| F|  |TAMS 0x0000000088400000, 0x0000000088400000| Untracked 
| 133|0x0000000088500000, 0x0000000088500000, 0x0000000088600000|  0%| F|  |TAMS 0x0000000088500000, 0x0000000088500000| Untracked 
| 134|0x0000000088600000, 0x0000000088600000, 0x0000000088700000|  0%| F|  |TAMS 0x0000000088600000, 0x0000000088600000| Untracked 
| 135|0x0000000088700000, 0x0000000088700000, 0x0000000088800000|  0%| F|  |TAMS 0x0000000088700000, 0x0000000088700000| Untracked 
| 136|0x0000000088800000, 0x0000000088800000, 0x0000000088900000|  0%| F|  |TAMS 0x0000000088800000, 0x0000000088800000| Untracked 
| 137|0x0000000088900000, 0x0000000088900000, 0x0000000088a00000|  0%| F|  |TAMS 0x0000000088900000, 0x0000000088900000| Untracked 
| 138|0x0000000088a00000, 0x0000000088a00000, 0x0000000088b00000|  0%| F|  |TAMS 0x0000000088a00000, 0x0000000088a00000| Untracked 
| 139|0x0000000088b00000, 0x0000000088b00000, 0x0000000088c00000|  0%| F|  |TAMS 0x0000000088b00000, 0x0000000088b00000| Untracked 
| 140|0x0000000088c00000, 0x0000000088c00000, 0x0000000088d00000|  0%| F|  |TAMS 0x0000000088c00000, 0x0000000088c00000| Untracked 
| 141|0x0000000088d00000, 0x0000000088d00000, 0x0000000088e00000|  0%| F|  |TAMS 0x0000000088d00000, 0x0000000088d00000| Untracked 
| 142|0x0000000088e00000, 0x0000000088e00000, 0x0000000088f00000|  0%| F|  |TAMS 0x0000000088e00000, 0x0000000088e00000| Untracked 
| 143|0x0000000088f00000, 0x0000000088f00000, 0x0000000089000000|  0%| F|  |TAMS 0x0000000088f00000, 0x0000000088f00000| Untracked 
| 144|0x0000000089000000, 0x0000000089100000, 0x0000000089100000|100%| O|  |TAMS 0x0000000089000000, 0x0000000089000000| Untracked 
| 145|0x0000000089100000, 0x0000000089200000, 0x0000000089200000|100%| O|  |TAMS 0x0000000089100000, 0x0000000089100000| Untracked 
| 146|0x0000000089200000, 0x0000000089300000, 0x0000000089300000|100%| O|  |TAMS 0x0000000089200000, 0x0000000089200000| Untracked 
| 147|0x0000000089300000, 0x0000000089400000, 0x0000000089400000|100%| O|  |TAMS 0x0000000089300000, 0x0000000089300000| Untracked 
| 148|0x0000000089400000, 0x0000000089500000, 0x0000000089500000|100%| O|  |TAMS 0x0000000089400000, 0x0000000089400000| Untracked 
| 149|0x0000000089500000, 0x0000000089500000, 0x0000000089600000|  0%| F|  |TAMS 0x0000000089500000, 0x0000000089500000| Untracked 
| 150|0x0000000089600000, 0x0000000089600000, 0x0000000089700000|  0%| F|  |TAMS 0x0000000089600000, 0x0000000089600000| Untracked 
| 151|0x0000000089700000, 0x0000000089700000, 0x0000000089800000|  0%| F|  |TAMS 0x0000000089700000, 0x0000000089700000| Untracked 
| 152|0x0000000089800000, 0x0000000089800000, 0x0000000089900000|  0%| F|  |TAMS 0x0000000089800000, 0x0000000089800000| Untracked 
| 153|0x0000000089900000, 0x0000000089900000, 0x0000000089a00000|  0%| F|  |TAMS 0x0000000089900000, 0x0000000089900000| Untracked 
| 154|0x0000000089a00000, 0x0000000089a00000, 0x0000000089b00000|  0%| F|  |TAMS 0x0000000089a00000, 0x0000000089a00000| Untracked 
| 155|0x0000000089b00000, 0x0000000089b00000, 0x0000000089c00000|  0%| F|  |TAMS 0x0000000089b00000, 0x0000000089b00000| Untracked 
| 156|0x0000000089c00000, 0x0000000089c00000, 0x0000000089d00000|  0%| F|  |TAMS 0x0000000089c00000, 0x0000000089c00000| Untracked 
| 157|0x0000000089d00000, 0x0000000089d00000, 0x0000000089e00000|  0%| F|  |TAMS 0x0000000089d00000, 0x0000000089d00000| Untracked 
| 158|0x0000000089e00000, 0x0000000089e00000, 0x0000000089f00000|  0%| F|  |TAMS 0x0000000089e00000, 0x0000000089e00000| Untracked 
| 159|0x0000000089f00000, 0x0000000089f00000, 0x000000008a000000|  0%| F|  |TAMS 0x0000000089f00000, 0x0000000089f00000| Untracked 
| 160|0x000000008a000000, 0x000000008a000000, 0x000000008a100000|  0%| F|  |TAMS 0x000000008a000000, 0x000000008a000000| Untracked 
| 161|0x000000008a100000, 0x000000008a100000, 0x000000008a200000|  0%| F|  |TAMS 0x000000008a100000, 0x000000008a100000| Untracked 
| 162|0x000000008a200000, 0x000000008a200000, 0x000000008a300000|  0%| F|  |TAMS 0x000000008a200000, 0x000000008a200000| Untracked 
| 163|0x000000008a300000, 0x000000008a300000, 0x000000008a400000|  0%| F|  |TAMS 0x000000008a300000, 0x000000008a300000| Untracked 
| 164|0x000000008a400000, 0x000000008a400000, 0x000000008a500000|  0%| F|  |TAMS 0x000000008a400000, 0x000000008a400000| Untracked 
| 165|0x000000008a500000, 0x000000008a500000, 0x000000008a600000|  0%| F|  |TAMS 0x000000008a500000, 0x000000008a500000| Untracked 
| 166|0x000000008a600000, 0x000000008a600000, 0x000000008a700000|  0%| F|  |TAMS 0x000000008a600000, 0x000000008a600000| Untracked 
| 167|0x000000008a700000, 0x000000008a700000, 0x000000008a800000|  0%| F|  |TAMS 0x000000008a700000, 0x000000008a700000| Untracked 
| 168|0x000000008a800000, 0x000000008a800000, 0x000000008a900000|  0%| F|  |TAMS 0x000000008a800000, 0x000000008a800000| Untracked 
| 169|0x000000008a900000, 0x000000008a900000, 0x000000008aa00000|  0%| F|  |TAMS 0x000000008a900000, 0x000000008a900000| Untracked 
| 170|0x000000008aa00000, 0x000000008aa00000, 0x000000008ab00000|  0%| F|  |TAMS 0x000000008aa00000, 0x000000008aa00000| Untracked 
| 171|0x000000008ab00000, 0x000000008ab00000, 0x000000008ac00000|  0%| F|  |TAMS 0x000000008ab00000, 0x000000008ab00000| Untracked 
| 172|0x000000008ac00000, 0x000000008ac00000, 0x000000008ad00000|  0%| F|  |TAMS 0x000000008ac00000, 0x000000008ac00000| Untracked 
| 173|0x000000008ad00000, 0x000000008ad22510, 0x000000008ae00000| 13%| S|CS|TAMS 0x000000008ad00000, 0x000000008ad00000| Complete 
| 174|0x000000008ae00000, 0x000000008ae00000, 0x000000008af00000|  0%| F|  |TAMS 0x000000008ae00000, 0x000000008ae00000| Untracked 
| 175|0x000000008af00000, 0x000000008af00000, 0x000000008b000000|  0%| F|  |TAMS 0x000000008af00000, 0x000000008af00000| Untracked 
| 176|0x000000008b000000, 0x000000008b100000, 0x000000008b100000|100%| S|CS|TAMS 0x000000008b000000, 0x000000008b000000| Complete 
| 177|0x000000008b100000, 0x000000008b200000, 0x000000008b200000|100%| S|CS|TAMS 0x000000008b100000, 0x000000008b100000| Complete 
| 178|0x000000008b200000, 0x000000008b200000, 0x000000008b300000|  0%| F|  |TAMS 0x000000008b200000, 0x000000008b200000| Untracked 
| 179|0x000000008b300000, 0x000000008b300000, 0x000000008b400000|  0%| F|  |TAMS 0x000000008b300000, 0x000000008b300000| Untracked 
| 180|0x000000008b400000, 0x000000008b400000, 0x000000008b500000|  0%| F|  |TAMS 0x000000008b400000, 0x000000008b400000| Untracked 
| 181|0x000000008b500000, 0x000000008b500000, 0x000000008b600000|  0%| F|  |TAMS 0x000000008b500000, 0x000000008b500000| Untracked 
| 182|0x000000008b600000, 0x000000008b600000, 0x000000008b700000|  0%| F|  |TAMS 0x000000008b600000, 0x000000008b600000| Untracked 
| 183|0x000000008b700000, 0x000000008b700000, 0x000000008b800000|  0%| F|  |TAMS 0x000000008b700000, 0x000000008b700000| Untracked 
| 184|0x000000008b800000, 0x000000008b800000, 0x000000008b900000|  0%| F|  |TAMS 0x000000008b800000, 0x000000008b800000| Untracked 
| 185|0x000000008b900000, 0x000000008b900000, 0x000000008ba00000|  0%| F|  |TAMS 0x000000008b900000, 0x000000008b900000| Untracked 
| 186|0x000000008ba00000, 0x000000008ba00000, 0x000000008bb00000|  0%| F|  |TAMS 0x000000008ba00000, 0x000000008ba00000| Untracked 
| 187|0x000000008bb00000, 0x000000008bb00000, 0x000000008bc00000|  0%| F|  |TAMS 0x000000008bb00000, 0x000000008bb00000| Untracked 
| 188|0x000000008bc00000, 0x000000008bc00000, 0x000000008bd00000|  0%| F|  |TAMS 0x000000008bc00000, 0x000000008bc00000| Untracked 
| 189|0x000000008bd00000, 0x000000008bd00000, 0x000000008be00000|  0%| F|  |TAMS 0x000000008bd00000, 0x000000008bd00000| Untracked 
| 190|0x000000008be00000, 0x000000008be00000, 0x000000008bf00000|  0%| F|  |TAMS 0x000000008be00000, 0x000000008be00000| Untracked 
| 191|0x000000008bf00000, 0x000000008bf00000, 0x000000008c000000|  0%| F|  |TAMS 0x000000008bf00000, 0x000000008bf00000| Untracked 
| 192|0x000000008c000000, 0x000000008c000000, 0x000000008c100000|  0%| F|  |TAMS 0x000000008c000000, 0x000000008c000000| Untracked 
| 193|0x000000008c100000, 0x000000008c100000, 0x000000008c200000|  0%| F|  |TAMS 0x000000008c100000, 0x000000008c100000| Untracked 
| 194|0x000000008c200000, 0x000000008c200000, 0x000000008c300000|  0%| F|  |TAMS 0x000000008c200000, 0x000000008c200000| Untracked 
| 195|0x000000008c300000, 0x000000008c300000, 0x000000008c400000|  0%| F|  |TAMS 0x000000008c300000, 0x000000008c300000| Untracked 
| 196|0x000000008c400000, 0x000000008c400000, 0x000000008c500000|  0%| F|  |TAMS 0x000000008c400000, 0x000000008c400000| Untracked 
| 197|0x000000008c500000, 0x000000008c500000, 0x000000008c600000|  0%| F|  |TAMS 0x000000008c500000, 0x000000008c500000| Untracked 
| 198|0x000000008c600000, 0x000000008c600000, 0x000000008c700000|  0%| F|  |TAMS 0x000000008c600000, 0x000000008c600000| Untracked 
| 199|0x000000008c700000, 0x000000008c700000, 0x000000008c800000|  0%| F|  |TAMS 0x000000008c700000, 0x000000008c700000| Untracked 
| 200|0x000000008c800000, 0x000000008c800000, 0x000000008c900000|  0%| F|  |TAMS 0x000000008c800000, 0x000000008c800000| Untracked 
| 201|0x000000008c900000, 0x000000008c900000, 0x000000008ca00000|  0%| F|  |TAMS 0x000000008c900000, 0x000000008c900000| Untracked 
| 202|0x000000008ca00000, 0x000000008ca00000, 0x000000008cb00000|  0%| F|  |TAMS 0x000000008ca00000, 0x000000008ca00000| Untracked 
| 203|0x000000008cb00000, 0x000000008cb00000, 0x000000008cc00000|  0%| F|  |TAMS 0x000000008cb00000, 0x000000008cb00000| Untracked 
| 204|0x000000008cc00000, 0x000000008cc00000, 0x000000008cd00000|  0%| F|  |TAMS 0x000000008cc00000, 0x000000008cc00000| Untracked 
| 205|0x000000008cd00000, 0x000000008cd00000, 0x000000008ce00000|  0%| F|  |TAMS 0x000000008cd00000, 0x000000008cd00000| Untracked 
| 206|0x000000008ce00000, 0x000000008ce00000, 0x000000008cf00000|  0%| F|  |TAMS 0x000000008ce00000, 0x000000008ce00000| Untracked 
| 207|0x000000008cf00000, 0x000000008cf00000, 0x000000008d000000|  0%| F|  |TAMS 0x000000008cf00000, 0x000000008cf00000| Untracked 
| 208|0x000000008d000000, 0x000000008d000000, 0x000000008d100000|  0%| F|  |TAMS 0x000000008d000000, 0x000000008d000000| Untracked 
| 209|0x000000008d100000, 0x000000008d100000, 0x000000008d200000|  0%| F|  |TAMS 0x000000008d100000, 0x000000008d100000| Untracked 
| 210|0x000000008d200000, 0x000000008d200000, 0x000000008d300000|  0%| F|  |TAMS 0x000000008d200000, 0x000000008d200000| Untracked 
| 211|0x000000008d300000, 0x000000008d300000, 0x000000008d400000|  0%| F|  |TAMS 0x000000008d300000, 0x000000008d300000| Untracked 
| 212|0x000000008d400000, 0x000000008d400000, 0x000000008d500000|  0%| F|  |TAMS 0x000000008d400000, 0x000000008d400000| Untracked 
| 213|0x000000008d500000, 0x000000008d500000, 0x000000008d600000|  0%| F|  |TAMS 0x000000008d500000, 0x000000008d500000| Untracked 
| 214|0x000000008d600000, 0x000000008d600000, 0x000000008d700000|  0%| F|  |TAMS 0x000000008d600000, 0x000000008d600000| Untracked 
| 215|0x000000008d700000, 0x000000008d700000, 0x000000008d800000|  0%| F|  |TAMS 0x000000008d700000, 0x000000008d700000| Untracked 
| 216|0x000000008d800000, 0x000000008d800000, 0x000000008d900000|  0%| F|  |TAMS 0x000000008d800000, 0x000000008d800000| Untracked 
| 217|0x000000008d900000, 0x000000008d900000, 0x000000008da00000|  0%| F|  |TAMS 0x000000008d900000, 0x000000008d900000| Untracked 
| 218|0x000000008da00000, 0x000000008da00000, 0x000000008db00000|  0%| F|  |TAMS 0x000000008da00000, 0x000000008da00000| Untracked 
| 219|0x000000008db00000, 0x000000008db00000, 0x000000008dc00000|  0%| F|  |TAMS 0x000000008db00000, 0x000000008db00000| Untracked 
| 220|0x000000008dc00000, 0x000000008dc00000, 0x000000008dd00000|  0%| F|  |TAMS 0x000000008dc00000, 0x000000008dc00000| Untracked 
| 221|0x000000008dd00000, 0x000000008dd00000, 0x000000008de00000|  0%| F|  |TAMS 0x000000008dd00000, 0x000000008dd00000| Untracked 
| 222|0x000000008de00000, 0x000000008de00000, 0x000000008df00000|  0%| F|  |TAMS 0x000000008de00000, 0x000000008de00000| Untracked 
| 223|0x000000008df00000, 0x000000008df00000, 0x000000008e000000|  0%| F|  |TAMS 0x000000008df00000, 0x000000008df00000| Untracked 

Card table byte_map: [0x000001c1225a0000,0x000001c1229a0000] _byte_map_base: 0x000001c1221a0000

Marking Bits (Prev, Next): (CMBitMap*) 0x000001c10dac08e0, (CMBitMap*) 0x000001c10dac08a0
 Prev Bits: [0x000001c124da0000, 0x000001c126da0000)
 Next Bits: [0x000001c122da0000, 0x000001c124da0000)

Polling page: 0x000001c10db20000

Metaspace:

Usage:
  Non-class:     84.53 MB used.
      Class:     13.03 MB used.
       Both:     97.55 MB used.

Virtual space:
  Non-class space:       88.00 MB reserved,      84.88 MB ( 96%) committed,  11 nodes.
      Class space:        1.00 GB reserved,      13.38 MB (  1%) committed,  1 nodes.
             Both:        1.09 GB reserved,      98.25 MB (  9%) committed. 

Chunk freelists:
   Non-Class:  3.08 MB
       Class:  2.48 MB
        Both:  5.56 MB

MaxMetaspaceSize: unlimited
CompressedClassSpaceSize: 1.00 GB
Initial GC threshold: 21.00 MB
Current GC threshold: 147.19 MB
CDS: off
MetaspaceReclaimPolicy: balanced
 - commit_granule_bytes: 65536.
 - commit_granule_words: 8192.
 - virtual_space_node_default_size: 1048576.
 - enlarge_chunks_in_place: 1.
 - new_chunks_are_fully_committed: 0.
 - uncommit_free_chunks: 1.
 - use_allocation_guard: 0.
 - handle_deallocations: 1.


Internal statistics:

num_allocs_failed_limit: 6.
num_arena_births: 1000.
num_arena_deaths: 14.
num_vsnodes_births: 12.
num_vsnodes_deaths: 0.
num_space_committed: 1570.
num_space_uncommitted: 0.
num_chunks_returned_to_freelist: 27.
num_chunks_taken_from_freelist: 4669.
num_chunk_merges: 15.
num_chunk_splits: 3099.
num_chunks_enlarged: 2083.
num_purges: 2.
num_inconsistent_stats: 0.

CodeHeap 'non-profiled nmethods': size=120000Kb used=7338Kb max_used=7338Kb free=112661Kb
 bounds [0x000001c11a200000, 0x000001c11a930000, 0x000001c121730000]
CodeHeap 'profiled nmethods': size=120000Kb used=22477Kb max_used=22477Kb free=97522Kb
 bounds [0x000001c112730000, 0x000001c113d30000, 0x000001c119c60000]
CodeHeap 'non-nmethods': size=5760Kb used=2401Kb max_used=2499Kb free=3358Kb
 bounds [0x000001c119c60000, 0x000001c119ee0000, 0x000001c11a200000]
 total_blobs=12453 nmethods=11515 adapters=850
 compilation: enabled
              stopped_count=0, restarted_count=0
 full_count=0

Compilation events (20 events):
Event: 11.654 Thread 0x000001c12a464580 13243       1       kotlin.Triple::component2 (5 bytes)
Event: 11.655 Thread 0x000001c12a464580 nmethod 13243 0x000001c11a92a190 code [0x000001c11a92a320, 0x000001c11a92a3f8]
Event: 11.655 Thread 0x000001c12a464580 13244       1       kotlin.Triple::getThird (5 bytes)
Event: 11.655 Thread 0x000001c12a464580 nmethod 13244 0x000001c11a92a490 code [0x000001c11a92a620, 0x000001c11a92a6f8]
Event: 11.655 Thread 0x000001c12a464580 13240       1       kotlin.reflect.jvm.internal.impl.metadata.ProtoBuf$Class::getTypeTable (5 bytes)
Event: 11.655 Thread 0x000001c12a464580 nmethod 13240 0x000001c11a92a790 code [0x000001c11a92a920, 0x000001c11a92a9f8]
Event: 11.670 Thread 0x000001c12a464580 13246       3       kotlin.reflect.jvm.internal.ReflectProperties::lazy (17 bytes)
Event: 11.671 Thread 0x000001c12a464580 nmethod 13246 0x000001c113d20e90 code [0x000001c113d21060, 0x000001c113d21478]
Event: 11.671 Thread 0x000001c12a464580 13248       3       java.nio.charset.Charset::lookup (44 bytes)
Event: 11.671 Thread 0x000001c12a464580 nmethod 13248 0x000001c113d21610 code [0x000001c113d21800, 0x000001c113d21c48]
Event: 11.671 Thread 0x000001c12a464580 13247       3       kotlin.reflect.jvm.internal.ReflectProperties$LazyVal::<init> (23 bytes)
Event: 11.671 Thread 0x000001c12a464580 nmethod 13247 0x000001c113d21e10 code [0x000001c113d21fc0, 0x000001c113d222c8]
Event: 11.673 Thread 0x000001c12a464580 13250       3       kotlin.reflect.jvm.internal.impl.protobuf.CodedOutputStream::writeRawByte (43 bytes)
Event: 11.673 Thread 0x000001c12a464580 nmethod 13250 0x000001c113d22410 code [0x000001c113d225c0, 0x000001c113d22788]
Event: 11.673 Thread 0x000001c12a464580 13249       3       kotlin.reflect.jvm.internal.impl.protobuf.CodedOutputStream::writeRawByte (7 bytes)
Event: 11.673 Thread 0x000001c12a464580 nmethod 13249 0x000001c113d22890 code [0x000001c113d22a20, 0x000001c113d22b68]
Event: 11.673 Thread 0x000001c12a464580 13251       3       kotlin.reflect.jvm.internal.impl.protobuf.CodedOutputStream::computeRawVarint32Size (39 bytes)
Event: 11.673 Thread 0x000001c12a464580 nmethod 13251 0x000001c113d22c10 code [0x000001c113d22dc0, 0x000001c113d23078]
Event: 11.675 Thread 0x000001c12a464580 13252       3       kotlin.reflect.jvm.internal.impl.name.FqNameUnsafe::isRoot (8 bytes)
Event: 11.676 Thread 0x000001c12a464580 nmethod 13252 0x000001c113d23110 code [0x000001c113d232c0, 0x000001c113d23498]

GC Heap History (20 events):
Event: 7.858 GC heap after
{Heap after GC invocations=28 (full 0):
 garbage-first heap   total 159744K, used 77195K [0x0000000080000000, 0x0000000100000000)
  region size 1024K, 8 young (8192K), 8 survivors (8192K)
 Metaspace       used 84199K, committed 84800K, reserved 1122304K
  class space    used 11572K, committed 11840K, reserved 1048576K
}
Event: 8.201 GC heap before
{Heap before GC invocations=28 (full 0):
 garbage-first heap   total 159744K, used 124299K [0x0000000080000000, 0x0000000100000000)
  region size 1024K, 55 young (56320K), 8 survivors (8192K)
 Metaspace       used 85068K, committed 85696K, reserved 1122304K
  class space    used 11731K, committed 12032K, reserved 1048576K
}
Event: 8.209 GC heap after
{Heap after GC invocations=29 (full 0):
 garbage-first heap   total 159744K, used 83696K [0x0000000080000000, 0x0000000100000000)
  region size 1024K, 6 young (6144K), 6 survivors (6144K)
 Metaspace       used 85068K, committed 85696K, reserved 1122304K
  class space    used 11731K, committed 12032K, reserved 1048576K
}
Event: 8.473 GC heap before
{Heap before GC invocations=29 (full 0):
 garbage-first heap   total 159744K, used 126704K [0x0000000080000000, 0x0000000100000000)
  region size 1024K, 49 young (50176K), 6 survivors (6144K)
 Metaspace       used 85409K, committed 86080K, reserved 1130496K
  class space    used 11738K, committed 12032K, reserved 1048576K
}
Event: 8.477 GC heap after
{Heap after GC invocations=30 (full 0):
 garbage-first heap   total 159744K, used 86531K [0x0000000080000000, 0x0000000100000000)
  region size 1024K, 5 young (5120K), 5 survivors (5120K)
 Metaspace       used 85409K, committed 86080K, reserved 1130496K
  class space    used 11738K, committed 12032K, reserved 1048576K
}
Event: 8.970 GC heap before
{Heap before GC invocations=31 (full 0):
 garbage-first heap   total 160768K, used 131587K [0x0000000080000000, 0x0000000100000000)
  region size 1024K, 46 young (47104K), 5 survivors (5120K)
 Metaspace       used 88935K, committed 89600K, reserved 1130496K
  class space    used 12155K, committed 12480K, reserved 1048576K
}
Event: 8.979 GC heap after
{Heap after GC invocations=32 (full 0):
 garbage-first heap   total 160768K, used 99771K [0x0000000080000000, 0x0000000100000000)
  region size 1024K, 6 young (6144K), 6 survivors (6144K)
 Metaspace       used 88935K, committed 89600K, reserved 1130496K
  class space    used 12155K, committed 12480K, reserved 1048576K
}
Event: 8.989 GC heap before
{Heap before GC invocations=32 (full 0):
 garbage-first heap   total 160768K, used 100795K [0x0000000080000000, 0x0000000100000000)
  region size 1024K, 7 young (7168K), 6 survivors (6144K)
 Metaspace       used 88948K, committed 89600K, reserved 1130496K
  class space    used 12155K, committed 12480K, reserved 1048576K
}
Event: 8.994 GC heap after
{Heap after GC invocations=33 (full 0):
 garbage-first heap   total 193536K, used 101063K [0x0000000080000000, 0x0000000100000000)
  region size 1024K, 1 young (1024K), 1 survivors (1024K)
 Metaspace       used 88948K, committed 89600K, reserved 1130496K
  class space    used 12155K, committed 12480K, reserved 1048576K
}
Event: 9.634 GC heap before
{Heap before GC invocations=33 (full 0):
 garbage-first heap   total 193536K, used 156359K [0x0000000080000000, 0x0000000100000000)
  region size 1024K, 47 young (48128K), 1 survivors (1024K)
 Metaspace       used 89761K, committed 90432K, reserved 1130496K
  class space    used 12237K, committed 12544K, reserved 1048576K
}
Event: 9.643 GC heap after
{Heap after GC invocations=34 (full 0):
 garbage-first heap   total 193536K, used 115584K [0x0000000080000000, 0x0000000100000000)
  region size 1024K, 6 young (6144K), 6 survivors (6144K)
 Metaspace       used 89761K, committed 90432K, reserved 1130496K
  class space    used 12237K, committed 12544K, reserved 1048576K
}
Event: 10.014 GC heap before
{Heap before GC invocations=35 (full 0):
 garbage-first heap   total 229376K, used 147328K [0x0000000080000000, 0x0000000100000000)
  region size 1024K, 38 young (38912K), 6 survivors (6144K)
 Metaspace       used 89843K, committed 90496K, reserved 1130496K
  class space    used 12243K, committed 12544K, reserved 1048576K
}
Event: 10.030 GC heap after
{Heap after GC invocations=36 (full 0):
 garbage-first heap   total 229376K, used 122023K [0x0000000080000000, 0x0000000100000000)
  region size 1024K, 5 young (5120K), 5 survivors (5120K)
 Metaspace       used 89843K, committed 90496K, reserved 1130496K
  class space    used 12243K, committed 12544K, reserved 1048576K
}
Event: 10.155 GC heap before
{Heap before GC invocations=36 (full 0):
 garbage-first heap   total 229376K, used 155815K [0x0000000080000000, 0x0000000100000000)
  region size 1024K, 11 young (11264K), 5 survivors (5120K)
 Metaspace       used 90077K, committed 90752K, reserved 1130496K
  class space    used 12269K, committed 12608K, reserved 1048576K
}
Event: 10.162 GC heap after
{Heap after GC invocations=37 (full 0):
 garbage-first heap   total 229376K, used 122985K [0x0000000080000000, 0x0000000100000000)
  region size 1024K, 2 young (2048K), 2 survivors (2048K)
 Metaspace       used 90077K, committed 90752K, reserved 1130496K
  class space    used 12269K, committed 12608K, reserved 1048576K
}
Event: 10.629 GC heap before
{Heap before GC invocations=37 (full 0):
 garbage-first heap   total 229376K, used 171113K [0x0000000080000000, 0x0000000100000000)
  region size 1024K, 50 young (51200K), 2 survivors (2048K)
 Metaspace       used 93266K, committed 93952K, reserved 1130496K
  class space    used 12574K, committed 12928K, reserved 1048576K
}
Event: 10.636 GC heap after
{Heap after GC invocations=38 (full 0):
 garbage-first heap   total 229376K, used 127007K [0x0000000080000000, 0x0000000100000000)
  region size 1024K, 6 young (6144K), 6 survivors (6144K)
 Metaspace       used 93266K, committed 93952K, reserved 1130496K
  class space    used 12574K, committed 12928K, reserved 1048576K
}
Event: 11.103 GC heap before
{Heap before GC invocations=38 (full 0):
 garbage-first heap   total 229376K, used 175135K [0x0000000080000000, 0x0000000100000000)
  region size 1024K, 54 young (55296K), 6 survivors (6144K)
 Metaspace       used 95529K, committed 96192K, reserved 1138688K
  class space    used 12794K, committed 13120K, reserved 1048576K
}
Event: 11.112 GC heap after
{Heap after GC invocations=39 (full 0):
 garbage-first heap   total 229376K, used 132681K [0x0000000080000000, 0x0000000100000000)
  region size 1024K, 7 young (7168K), 7 survivors (7168K)
 Metaspace       used 95529K, committed 96192K, reserved 1138688K
  class space    used 12794K, committed 13120K, reserved 1048576K
}
Event: 11.704 GC heap before
{Heap before GC invocations=39 (full 0):
 garbage-first heap   total 229376K, used 178761K [0x0000000080000000, 0x0000000100000000)
  region size 1024K, 53 young (54272K), 7 survivors (7168K)
 Metaspace       used 99894K, committed 100608K, reserved 1138688K
  class space    used 13338K, committed 13696K, reserved 1048576K
}

Dll operation events (2 events):
Event: 0.005 Loaded shared library C:\Program Files\Android\Android Studio\jbr\bin\java.dll
Event: 0.285 Loaded shared library C:\Program Files\Android\Android Studio\jbr\bin\verify.dll

Deoptimization events (20 events):
Event: 11.159 Thread 0x000001c130b62240 DEOPT PACKING pc=0x000001c11a8fac9c sp=0x000000a1213fa990
Event: 11.159 Thread 0x000001c130b62240 DEOPT UNPACKING pc=0x000001c119cb69a3 sp=0x000000a1213fa948 mode 2
Event: 11.175 Thread 0x000001c13097cbc0 Uncommon trap: trap_request=0xffffff45 fr.pc=0x000001c11a8f8c38 relative=0x0000000000000318
Event: 11.175 Thread 0x000001c13097cbc0 Uncommon trap: reason=unstable_if action=reinterpret pc=0x000001c11a8f8c38 method=com.android.aaptcompiler.Source.equals(Ljava/lang/Object;)Z @ 2 c2
Event: 11.175 Thread 0x000001c13097cbc0 DEOPT PACKING pc=0x000001c11a8f8c38 sp=0x000000a121dfd6e0
Event: 11.175 Thread 0x000001c13097cbc0 DEOPT UNPACKING pc=0x000001c119cb69a3 sp=0x000000a121dfd5a0 mode 2
Event: 11.179 Thread 0x000001c13097cbc0 Uncommon trap: trap_request=0xffffff45 fr.pc=0x000001c11a8f92d0 relative=0x0000000000000330
Event: 11.179 Thread 0x000001c13097cbc0 Uncommon trap: reason=unstable_if action=reinterpret pc=0x000001c11a8f92d0 method=com.android.aaptcompiler.Source.equals(Ljava/lang/Object;)Z @ 2 c2
Event: 11.179 Thread 0x000001c13097cbc0 DEOPT PACKING pc=0x000001c11a8f92d0 sp=0x000000a121dfd650
Event: 11.179 Thread 0x000001c13097cbc0 DEOPT UNPACKING pc=0x000001c119cb69a3 sp=0x000000a121dfd5e0 mode 2
Event: 11.407 Thread 0x000001c130b61d70 Uncommon trap: trap_request=0xffffff45 fr.pc=0x000001c11a3dd300 relative=0x0000000000001840
Event: 11.407 Thread 0x000001c130b61d70 Uncommon trap: reason=unstable_if action=reinterpret pc=0x000001c11a3dd300 method=java.util.concurrent.locks.AbstractQueuedSynchronizer.acquire(Ljava/util/concurrent/locks/AbstractQueuedSynchronizer$Node;IZZZJ)I @ 180 c2
Event: 11.407 Thread 0x000001c130b61d70 DEOPT PACKING pc=0x000001c11a3dd300 sp=0x000000a1212fa7b0
Event: 11.407 Thread 0x000001c130b61d70 DEOPT UNPACKING pc=0x000001c119cb69a3 sp=0x000000a1212fa7a0 mode 2
Event: 11.443 Thread 0x000001c130b62240 DEOPT PACKING pc=0x000001c1136749db sp=0x000000a1213f67c0
Event: 11.443 Thread 0x000001c130b62240 DEOPT UNPACKING pc=0x000001c119cb7143 sp=0x000000a1213f5ce0 mode 0
Event: 11.588 Thread 0x000001c130b62240 Uncommon trap: trap_request=0xffffff45 fr.pc=0x000001c11a30e07c relative=0x0000000000000b1c
Event: 11.588 Thread 0x000001c130b62240 Uncommon trap: reason=unstable_if action=reinterpret pc=0x000001c11a30e07c method=java.util.jar.JarFile.getVersionedEntry(Ljava/lang/String;Ljava/util/jar/JarEntry;)Ljava/util/jar/JarEntry; @ 26 c2
Event: 11.588 Thread 0x000001c130b62240 DEOPT PACKING pc=0x000001c11a30e07c sp=0x000000a1213f5a80
Event: 11.588 Thread 0x000001c130b62240 DEOPT UNPACKING pc=0x000001c119cb69a3 sp=0x000000a1213f5a40 mode 2

Classes unloaded (7 events):
Event: 9.779 Thread 0x000001c12936d9b0 Unloading class 0x0000000100bb5c00 'java/lang/invoke/LambdaForm$DMH+0x0000000100bb5c00'
Event: 9.779 Thread 0x000001c12936d9b0 Unloading class 0x0000000100bb5800 'java/lang/invoke/LambdaForm$DMH+0x0000000100bb5800'
Event: 9.779 Thread 0x000001c12936d9b0 Unloading class 0x0000000100bb5400 'java/lang/invoke/LambdaForm$DMH+0x0000000100bb5400'
Event: 9.779 Thread 0x000001c12936d9b0 Unloading class 0x0000000100bb5000 'java/lang/invoke/LambdaForm$DMH+0x0000000100bb5000'
Event: 9.779 Thread 0x000001c12936d9b0 Unloading class 0x0000000100bb4000 'java/lang/invoke/LambdaForm$DMH+0x0000000100bb4000'
Event: 9.779 Thread 0x000001c12936d9b0 Unloading class 0x0000000100bb4c00 'java/lang/invoke/LambdaForm$DMH+0x0000000100bb4c00'
Event: 9.779 Thread 0x000001c12936d9b0 Unloading class 0x0000000100bb4800 'java/lang/invoke/LambdaForm$DMH+0x0000000100bb4800'

Classes redefined (0 events):
No events

Internal exceptions (20 events):
Event: 10.277 Thread 0x000001c130b643f0 Exception <a 'sun/nio/fs/WindowsException'{0x000000008d2711b0}> (0x000000008d2711b0) 
thrown [s\src\hotspot\share\prims\jni.cpp, line 517]
Event: 10.284 Thread 0x000001c130b643f0 Exception <a 'sun/nio/fs/WindowsException'{0x000000008d2738a8}> (0x000000008d2738a8) 
thrown [s\src\hotspot\share\prims\jni.cpp, line 517]
Event: 10.286 Thread 0x000001c130b643f0 Exception <a 'sun/nio/fs/WindowsException'{0x000000008d274b38}> (0x000000008d274b38) 
thrown [s\src\hotspot\share\prims\jni.cpp, line 517]
Event: 10.296 Thread 0x000001c130b643f0 Exception <a 'sun/nio/fs/WindowsException'{0x000000008d277080}> (0x000000008d277080) 
thrown [s\src\hotspot\share\prims\jni.cpp, line 517]
Event: 10.299 Thread 0x000001c130b643f0 Exception <a 'sun/nio/fs/WindowsException'{0x000000008d2782e8}> (0x000000008d2782e8) 
thrown [s\src\hotspot\share\prims\jni.cpp, line 517]
Event: 10.687 Thread 0x000001c12b7efcb0 Exception <a 'java/lang/NoSuchMethodError'{0x000000008d56d898}: static Lorg/gradle/internal/build/event/types/DefaultTaskFailureResult;.<clinit>()V> (0x000000008d56d898) 
thrown [s\src\hotspot\share\prims\jni.cpp, line 1108]
Event: 10.689 Thread 0x000001c12b7efcb0 Exception <a 'java/lang/NoSuchMethodError'{0x000000008d5ddaf0}: static Lorg/gradle/internal/build/event/types/DefaultFailure;.<clinit>()V> (0x000000008d5ddaf0) 
thrown [s\src\hotspot\share\prims\jni.cpp, line 1108]
Event: 10.708 Thread 0x000001c130b62240 Exception <a 'sun/nio/fs/WindowsException'{0x000000008d3fde48}> (0x000000008d3fde48) 
thrown [s\src\hotspot\share\prims\jni.cpp, line 517]
Event: 10.708 Thread 0x000001c130b62240 Exception <a 'sun/nio/fs/WindowsException'{0x000000008d3fe2e8}> (0x000000008d3fe2e8) 
thrown [s\src\hotspot\share\prims\jni.cpp, line 517]
Event: 10.709 Thread 0x000001c130b62240 Exception <a 'sun/nio/fs/WindowsException'{0x000000008d2034f0}> (0x000000008d2034f0) 
thrown [s\src\hotspot\share\prims\jni.cpp, line 517]
Event: 10.710 Thread 0x000001c130b62240 Exception <a 'sun/nio/fs/WindowsException'{0x000000008d2038e0}> (0x000000008d2038e0) 
thrown [s\src\hotspot\share\prims\jni.cpp, line 517]
Event: 10.711 Thread 0x000001c130b62240 Exception <a 'sun/nio/fs/WindowsException'{0x000000008d205878}> (0x000000008d205878) 
thrown [s\src\hotspot\share\prims\jni.cpp, line 517]
Event: 10.711 Thread 0x000001c130b62240 Exception <a 'sun/nio/fs/WindowsException'{0x000000008d205c30}> (0x000000008d205c30) 
thrown [s\src\hotspot\share\prims\jni.cpp, line 517]
Event: 10.784 Thread 0x000001c130b62240 Implicit null exception at 0x000001c11a883c64 to 0x000001c11a883de8
Event: 10.786 Thread 0x000001c130b62240 Implicit null exception at 0x000001c11a5acdc4 to 0x000001c11a5acf1c
Event: 11.061 Thread 0x000001c130b62240 Implicit null exception at 0x000001c11a61e8f2 to 0x000001c11a61f024
Event: 11.223 Thread 0x000001c130b62240 Exception <a 'sun/nio/fs/WindowsException'{0x000000008d2c6bc8}> (0x000000008d2c6bc8) 
thrown [s\src\hotspot\share\prims\jni.cpp, line 517]
Event: 11.223 Thread 0x000001c130b62240 Exception <a 'sun/nio/fs/WindowsException'{0x000000008d2c6fb8}> (0x000000008d2c6fb8) 
thrown [s\src\hotspot\share\prims\jni.cpp, line 517]
Event: 11.225 Thread 0x000001c130b62240 Exception <a 'sun/nio/fs/WindowsException'{0x000000008d2c8f90}> (0x000000008d2c8f90) 
thrown [s\src\hotspot\share\prims\jni.cpp, line 517]
Event: 11.225 Thread 0x000001c130b62240 Exception <a 'sun/nio/fs/WindowsException'{0x000000008d2c9390}> (0x000000008d2c9390) 
thrown [s\src\hotspot\share\prims\jni.cpp, line 517]

VM Operations (20 events):
Event: 10.556 Executing VM operation: HandshakeAllThreads done
Event: 10.595 Executing VM operation: HandshakeAllThreads
Event: 10.596 Executing VM operation: HandshakeAllThreads done
Event: 10.619 Executing VM operation: HandshakeAllThreads
Event: 10.629 Executing VM operation: HandshakeAllThreads done
Event: 10.629 Executing VM operation: G1CollectForAllocation
Event: 10.636 Executing VM operation: G1CollectForAllocation done
Event: 10.644 Executing VM operation: HandshakeAllThreads
Event: 10.644 Executing VM operation: HandshakeAllThreads done
Event: 10.653 Executing VM operation: HandshakeAllThreads
Event: 10.654 Executing VM operation: HandshakeAllThreads done
Event: 10.992 Executing VM operation: ICBufferFull
Event: 10.993 Executing VM operation: ICBufferFull done
Event: 11.102 Executing VM operation: G1CollectForAllocation
Event: 11.112 Executing VM operation: G1CollectForAllocation done
Event: 11.128 Executing VM operation: HandshakeAllThreads
Event: 11.129 Executing VM operation: HandshakeAllThreads done
Event: 11.271 Executing VM operation: HandshakeAllThreads
Event: 11.272 Executing VM operation: HandshakeAllThreads done
Event: 11.704 Executing VM operation: G1CollectForAllocation

Events (20 events):
Event: 11.136 loading class java/util/TreeMap$DescendingSubMap
Event: 11.136 loading class java/util/TreeMap$NavigableSubMap
Event: 11.137 loading class java/util/TreeMap$NavigableSubMap done
Event: 11.137 loading class java/util/TreeMap$DescendingSubMap done
Event: 11.137 loading class java/util/Collections$ReverseComparator
Event: 11.137 loading class java/util/Collections$ReverseComparator done
Event: 11.137 loading class java/util/TreeMap$DescendingSubMap$DescendingEntrySetView
Event: 11.137 loading class java/util/TreeMap$NavigableSubMap$EntrySetView
Event: 11.137 loading class java/util/TreeMap$NavigableSubMap$EntrySetView done
Event: 11.137 loading class java/util/TreeMap$DescendingSubMap$DescendingEntrySetView done
Event: 11.137 loading class java/util/TreeMap$NavigableSubMap$DescendingSubMapEntryIterator
Event: 11.137 loading class java/util/TreeMap$NavigableSubMap$SubMapIterator
Event: 11.137 loading class java/util/TreeMap$NavigableSubMap$SubMapIterator done
Event: 11.137 loading class java/util/TreeMap$NavigableSubMap$DescendingSubMapEntryIterator done
Event: 11.274 loading class java/nio/charset/UnsupportedCharsetException
Event: 11.274 loading class java/nio/charset/UnsupportedCharsetException done
Event: 11.297 loading class java/util/concurrent/LinkedBlockingDeque$Itr
Event: 11.297 loading class java/util/concurrent/LinkedBlockingDeque$AbstractItr
Event: 11.297 loading class java/util/concurrent/LinkedBlockingDeque$AbstractItr done
Event: 11.297 loading class java/util/concurrent/LinkedBlockingDeque$Itr done


Dynamic libraries:
0x00007ff6ea2c0000 - 0x00007ff6ea2ca000 	C:\Program Files\Android\Android Studio\jbr\bin\java.exe
0x00007ff882650000 - 0x00007ff882867000 	C:\WINDOWS\SYSTEM32\ntdll.dll
0x00007ff881770000 - 0x00007ff881834000 	C:\WINDOWS\System32\KERNEL32.DLL
0x00007ff87f970000 - 0x00007ff87fd1d000 	C:\WINDOWS\System32\KERNELBASE.dll
0x00007ff87fe40000 - 0x00007ff87ff51000 	C:\WINDOWS\System32\ucrtbase.dll
0x00007ff8699d0000 - 0x00007ff8699e7000 	C:\Program Files\Android\Android Studio\jbr\bin\jli.dll
0x00007ff86a6c0000 - 0x00007ff86a6db000 	C:\Program Files\Android\Android Studio\jbr\bin\VCRUNTIME140.dll
0x00007ff882070000 - 0x00007ff88221e000 	C:\WINDOWS\System32\USER32.dll
0x00007ff8801c0000 - 0x00007ff8801e6000 	C:\WINDOWS\System32\win32u.dll
0x00007ff87ebc0000 - 0x00007ff87ee53000 	C:\WINDOWS\WinSxS\amd64_microsoft.windows.common-controls_6595b64144ccf1df_6.0.22621.3672_none_2713b9d173822955\COMCTL32.dll
0x00007ff880880000 - 0x00007ff8808a9000 	C:\WINDOWS\System32\GDI32.dll
0x00007ff882410000 - 0x00007ff8824b7000 	C:\WINDOWS\System32\msvcrt.dll
0x00007ff8801f0000 - 0x00007ff880309000 	C:\WINDOWS\System32\gdi32full.dll
0x00007ff87fd20000 - 0x00007ff87fdba000 	C:\WINDOWS\System32\msvcp_win.dll
0x00007ff881610000 - 0x00007ff881641000 	C:\WINDOWS\System32\IMM32.DLL
0x00007ff87bc10000 - 0x00007ff87bc1c000 	C:\Program Files\Android\Android Studio\jbr\bin\vcruntime140_1.dll
0x00007ff857f80000 - 0x00007ff85800d000 	C:\Program Files\Android\Android Studio\jbr\bin\msvcp140.dll
0x00007ff83a280000 - 0x00007ff83aeee000 	C:\Program Files\Android\Android Studio\jbr\bin\server\jvm.dll
0x00007ff882550000 - 0x00007ff882602000 	C:\WINDOWS\System32\ADVAPI32.dll
0x00007ff881840000 - 0x00007ff8818e9000 	C:\WINDOWS\System32\sechost.dll
0x00007ff880190000 - 0x00007ff8801b8000 	C:\WINDOWS\System32\bcrypt.dll
0x00007ff881650000 - 0x00007ff881764000 	C:\WINDOWS\System32\RPCRT4.dll
0x00007ff865090000 - 0x00007ff865099000 	C:\WINDOWS\SYSTEM32\WSOCK32.dll
0x00007ff87aa90000 - 0x00007ff87aa9a000 	C:\WINDOWS\SYSTEM32\VERSION.dll
0x00007ff86cc40000 - 0x00007ff86cc74000 	C:\WINDOWS\SYSTEM32\WINMM.dll
0x00007ff882220000 - 0x00007ff882291000 	C:\WINDOWS\System32\WS2_32.dll
0x00007ff87e180000 - 0x00007ff87e198000 	C:\WINDOWS\SYSTEM32\kernel.appcore.dll
0x00007ff878380000 - 0x00007ff87838a000 	C:\Program Files\Android\Android Studio\jbr\bin\jimage.dll
0x00007ff87f2d0000 - 0x00007ff87f502000 	C:\WINDOWS\SYSTEM32\DBGHELP.DLL
0x00007ff880380000 - 0x00007ff88070e000 	C:\WINDOWS\System32\combase.dll
0x00007ff882310000 - 0x00007ff8823e7000 	C:\WINDOWS\System32\OLEAUT32.dll
0x00007ff87f170000 - 0x00007ff87f1a2000 	C:\WINDOWS\SYSTEM32\dbgcore.DLL
0x00007ff87fdc0000 - 0x00007ff87fe3b000 	C:\WINDOWS\System32\bcryptPrimitives.dll
0x00007ff86a190000 - 0x00007ff86a1b5000 	C:\Program Files\Android\Android Studio\jbr\bin\java.dll
0x00007ff86dc90000 - 0x00007ff86dca8000 	C:\Program Files\Android\Android Studio\jbr\bin\zip.dll
0x00007ff880910000 - 0x00007ff881177000 	C:\WINDOWS\System32\SHELL32.dll
0x00007ff87ce10000 - 0x00007ff87d70f000 	C:\WINDOWS\SYSTEM32\windows.storage.dll
0x00007ff87ccd0000 - 0x00007ff87ce0f000 	C:\WINDOWS\SYSTEM32\wintypes.dll
0x00007ff8811e0000 - 0x00007ff8812d9000 	C:\WINDOWS\System32\SHCORE.dll
0x00007ff881180000 - 0x00007ff8811de000 	C:\WINDOWS\System32\shlwapi.dll
0x00007ff87f8a0000 - 0x00007ff87f8c7000 	C:\WINDOWS\SYSTEM32\profapi.dll
0x00007ff86a170000 - 0x00007ff86a189000 	C:\Program Files\Android\Android Studio\jbr\bin\net.dll
0x00007ff87a8b0000 - 0x00007ff87a9e6000 	C:\WINDOWS\SYSTEM32\WINHTTP.dll
0x00007ff87e740000 - 0x00007ff87e7a9000 	C:\WINDOWS\system32\mswsock.dll
0x00007ff86a150000 - 0x00007ff86a166000 	C:\Program Files\Android\Android Studio\jbr\bin\nio.dll
0x00007ff877f90000 - 0x00007ff877fa0000 	C:\Program Files\Android\Android Studio\jbr\bin\verify.dll
0x00007ff878970000 - 0x00007ff878997000 	C:\Users\scher\.gradle\native\68d5fa5c4cc2d200863cafc0d521ce42e7d3e7ee720ec0a83991735586a16f82\windows-amd64\native-platform.dll
0x00007ff8568f0000 - 0x00007ff856a34000 	C:\Users\scher\.gradle\native\e376f236ea51e6404a007f0833ffe2c6e607c4080706a723a18a27aeea778392\windows-amd64\native-platform-file-events.dll
0x00007ff877f80000 - 0x00007ff877f89000 	C:\Program Files\Android\Android Studio\jbr\bin\management.dll
0x00007ff877f70000 - 0x00007ff877f7b000 	C:\Program Files\Android\Android Studio\jbr\bin\management_ext.dll
0x00007ff8818f0000 - 0x00007ff8818f8000 	C:\WINDOWS\System32\PSAPI.DLL
0x00007ff87f610000 - 0x00007ff87f62b000 	C:\WINDOWS\SYSTEM32\CRYPTSP.dll
0x00007ff87e0e0000 - 0x00007ff87e115000 	C:\WINDOWS\system32\rsaenh.dll
0x00007ff87e9a0000 - 0x00007ff87e9c8000 	C:\WINDOWS\SYSTEM32\USERENV.dll
0x00007ff87ea00000 - 0x00007ff87ea0c000 	C:\WINDOWS\SYSTEM32\CRYPTBASE.dll
0x00007ff87db70000 - 0x00007ff87db9d000 	C:\WINDOWS\SYSTEM32\IPHLPAPI.DLL
0x00007ff880870000 - 0x00007ff880879000 	C:\WINDOWS\System32\NSI.dll
0x00007ff87b020000 - 0x00007ff87b039000 	C:\WINDOWS\SYSTEM32\dhcpcsvc6.DLL
0x00007ff87aaa0000 - 0x00007ff87aabf000 	C:\WINDOWS\SYSTEM32\dhcpcsvc.DLL
0x00007ff87dbf0000 - 0x00007ff87dce8000 	C:\WINDOWS\SYSTEM32\DNSAPI.dll
0x00007ff877f60000 - 0x00007ff877f68000 	C:\WINDOWS\system32\wshunix.dll
0x00007ff87f240000 - 0x00007ff87f274000 	C:\WINDOWS\SYSTEM32\ntmarta.dll

dbghelp: loaded successfully - version: 4.0.5 - missing functions: none
symbol engine: initialized successfully - sym options: 0x614 - pdb path: .;C:\Program Files\Android\Android Studio\jbr\bin;C:\WINDOWS\SYSTEM32;C:\WINDOWS\WinSxS\amd64_microsoft.windows.common-controls_6595b64144ccf1df_6.0.22621.3672_none_2713b9d173822955;C:\Program Files\Android\Android Studio\jbr\bin\server;C:\Users\scher\.gradle\native\68d5fa5c4cc2d200863cafc0d521ce42e7d3e7ee720ec0a83991735586a16f82\windows-amd64;C:\Users\scher\.gradle\native\e376f236ea51e6404a007f0833ffe2c6e607c4080706a723a18a27aeea778392\windows-amd64

VM Arguments:
jvm_args: --add-opens=java.base/java.util=ALL-UNNAMED --add-opens=java.base/java.lang=ALL-UNNAMED --add-opens=java.base/java.lang.invoke=ALL-UNNAMED --add-opens=java.prefs/java.util.prefs=ALL-UNNAMED --add-opens=java.base/java.nio.charset=ALL-UNNAMED --add-opens=java.base/java.net=ALL-UNNAMED --add-opens=java.base/java.util.concurrent.atomic=ALL-UNNAMED -Xmx2048m -Dfile.encoding=UTF-8 -Duser.country=BR -Duser.language=pt -Duser.variant 
java_command: org.gradle.launcher.daemon.bootstrap.GradleDaemon 8.0
java_class_path (initial): C:\Users\scher\.gradle\wrapper\dists\gradle-8.0-bin\ca5e32bp14vu59qr306oxotwh\gradle-8.0\lib\gradle-launcher-8.0.jar
Launcher Type: SUN_STANDARD

[Global flags]
     intx CICompilerCount                          = 4                                         {product} {ergonomic}
     uint ConcGCThreads                            = 2                                         {product} {ergonomic}
     uint G1ConcRefinementThreads                  = 8                                         {product} {ergonomic}
   size_t G1HeapRegionSize                         = 1048576                                   {product} {ergonomic}
    uintx GCDrainStackTargetSize                   = 64                                        {product} {ergonomic}
   size_t InitialHeapSize                          = 134217728                                 {product} {ergonomic}
   size_t MarkStackSize                            = 4194304                                   {product} {ergonomic}
   size_t MaxHeapSize                              = 2147483648                                {product} {command line}
   size_t MaxNewSize                               = 1287651328                                {product} {ergonomic}
   size_t MinHeapDeltaBytes                        = 1048576                                   {product} {ergonomic}
   size_t MinHeapSize                              = 8388608                                   {product} {ergonomic}
    uintx NonNMethodCodeHeapSize                   = 5839372                                {pd product} {ergonomic}
    uintx NonProfiledCodeHeapSize                  = 122909434                              {pd product} {ergonomic}
    uintx ProfiledCodeHeapSize                     = 122909434                              {pd product} {ergonomic}
    uintx ReservedCodeCacheSize                    = 251658240                              {pd product} {ergonomic}
     bool SegmentedCodeCache                       = true                                      {product} {ergonomic}
   size_t SoftMaxHeapSize                          = 2147483648                             {manageable} {ergonomic}
     bool UseCompressedClassPointers               = true                           {product lp64_product} {ergonomic}
     bool UseCompressedOops                        = true                           {product lp64_product} {ergonomic}
     bool UseG1GC                                  = true                                      {product} {ergonomic}
     bool UseLargePagesIndividualAllocation        = false                                  {pd product} {ergonomic}

Logging:
Log output configuration:
 #0: stdout all=warning uptime,level,tags
 #1: stderr all=off uptime,level,tags

Environment Variables:
PATH=C:\Program Files\Common Files\Oracle\Java\javapath;C:\Program Files (x86)\Embarcadero\Studio\22.0\bin;C:\Users\Public\Documents\Embarcadero\Studio\22.0\Bpl;C:\Program Files (x86)\Embarcadero\Studio\22.0\bin64;C:\Users\Public\Documents\Embarcadero\Studio\22.0\Bpl\Win64;C:\Program Files (x86)\Embarcadero\Studio\21.0\bin;C:\Users\Public\Documents\Embarcadero\Studio\21.0\Bpl;C:\Program Files (x86)\Embarcadero\Studio\21.0\bin64;C:\Users\Public\Documents\Embarcadero\Studio\21.0\Bpl\Win64;C:\Windows\system32;C:\Windows;C:\Windows\System32\Wbem;C:\Windows\System32\WindowsPowerShell\v1.0\;C:\Windows\System32\OpenSSH\;C:\Program Files (x86)\NVIDIA Corporation\PhysX\Common;C:\Program Files\NVIDIA Corporation\NVIDIA NvDLISR;C:\WINDOWS\system32;C:\WINDOWS;C:\WINDOWS\System32\Wbem;C:\WINDOWS\System32\WindowsPowerShell\v1.0\;C:\WINDOWS\System32\OpenSSH\;C:\Program Files\dotnet\;C:\Program Files (x86)\Windows Kits\10\Windows Performance Toolkit\;C:\Program Files\Git\cmd;C:\Users\scher\AppData\Local\Microsoft\WindowsApps;;C:\Users\scher\AppData\Local\Programs\Microsoft VS Code\bin
USERNAME=scher
OS=Windows_NT
PROCESSOR_IDENTIFIER=Intel64 Family 6 Model 142 Stepping 12, GenuineIntel
TMP=C:\Users\scher\AppData\Local\Temp
TEMP=C:\Users\scher\AppData\Local\Temp


JNI global refs:
JNI global refs: 25, weak refs: 7

JNI global refs memory usage: 843, weak refs: 841


---------------  S Y S T E M  ---------------

OS:
 Windows 11 , 64 bit Build 22621 (10.0.22621.3958)
OS uptime: 0 days 14:05 hours
Hyper-V role detected

CPU: total 8 (initial active 8) (4 cores per cpu, 2 threads per core) family 6 model 142 stepping 12 microcode 0xea, cx8, cmov, fxsr, ht, mmx, 3dnowpref, sse, sse2, sse3, ssse3, sse4.1, sse4.2, popcnt, lzcnt, tsc, tscinvbit, avx, avx2, aes, erms, clmul, bmi1, bmi2, adx, fma, vzeroupper, clflush, clflushopt, hv

Memory: 4k page, system-wide physical 8072M (761M free)
TotalPageFile size 10120M (AvailPageFile size 44M)
current process WorkingSet (physical memory assigned to process): 516M, peak: 516M
current process commit charge ("private bytes"): 552M, peak: 774M

vm_info: OpenJDK 64-Bit Server VM (17.0.6+0-b2043.56-10027231) for windows-amd64 JRE (17.0.6+0-b2043.56-10027231), built on Apr 28 2023 00:43:19 by "androidbuild" with MS VC++ 16.10 / 16.11 (VS2019)

END.
