#
# There is insufficient memory for the Java Runtime Environment to continue.
# Native memory allocation (malloc) failed to allocate 2040384 bytes for Chunk::new
# Possible reasons:
#   The system is out of physical RAM or swap space
#   The process is running with CompressedOops enabled, and the Java Heap may be blocking the growth of the native heap
# Possible solutions:
#   Reduce memory load on the system
#   Increase physical memory or swap space
#   Check if swap backing store is full
#   Decrease Java heap size (-Xmx/-Xms)
#   Decrease number of Java threads
#   Decrease Java thread stack sizes (-Xss)
#   Set larger code cache with -XX:ReservedCodeCacheSize=
#   JVM is running with Unscaled Compressed Oops mode in which the Java heap is
#     placed in the first 4GB address space. The Java Heap base address is the
#     maximum limit for the native heap growth. Please use -XX:HeapBaseMinAddress
#     to set the Java Heap base and to place the Java Heap above 4GB virtual address.
# This output file may be truncated or incomplete.
#
#  Out of Memory Error (arena.cpp:189), pid=12440, tid=3924
#
# JRE version: OpenJDK Runtime Environment (17.0.6) (build 17.0.6+0-b2043.56-10027231)
# Java VM: OpenJDK 64-Bit Server VM (17.0.6+0-b2043.56-10027231, mixed mode, tiered, compressed oops, compressed class ptrs, g1 gc, windows-amd64)
# No core dump will be written. Minidumps are not enabled by default on client versions of Windows
#

---------------  S U M M A R Y ------------

Command Line: --add-opens=java.base/java.util=ALL-UNNAMED --add-opens=java.base/java.lang=ALL-UNNAMED --add-opens=java.base/java.lang.invoke=ALL-UNNAMED --add-opens=java.prefs/java.util.prefs=ALL-UNNAMED --add-opens=java.base/java.nio.charset=ALL-UNNAMED --add-opens=java.base/java.net=ALL-UNNAMED --add-opens=java.base/java.util.concurrent.atomic=ALL-UNNAMED -Xmx2048m -Dfile.encoding=UTF-8 -Duser.country=BR -Duser.language=pt -Duser.variant -javaagent:C:\Users\scher\.gradle\wrapper\dists\gradle-8.1-bin\2eyty4r6kz6fpakefpk52nbbm\gradle-8.1\lib\agents\gradle-instrumentation-agent-8.1.jar org.gradle.launcher.daemon.bootstrap.GradleDaemon 8.1

Host: Intel(R) Core(TM) i7-8565U CPU @ 1.80GHz, 8 cores, 7G,  Windows 11 , 64 bit Build 22621 (10.0.22621.3958)
Time: Wed Dec  4 11:59:16 2024 Hora oficial do Brasil elapsed time: 4.996396 seconds (0d 0h 0m 4s)

---------------  T H R E A D  ---------------

Current thread (0x000002077d45cd30):  JavaThread "C2 CompilerThread0" daemon [_thread_in_native, id=3924, stack(0x00000023d6b00000,0x00000023d6c00000)]


Current CompileTask:
C2:   4996 3633       4       org.objectweb.asm.Frame::execute (2318 bytes)

Stack: [0x00000023d6b00000,0x00000023d6c00000]
Native frames: (J=compiled Java code, j=interpreted, Vv=VM code, C=native code)
V  [jvm.dll+0x683c9a]
V  [jvm.dll+0x8427a4]
V  [jvm.dll+0x843f9e]
V  [jvm.dll+0x844603]
V  [jvm.dll+0x249b75]
V  [jvm.dll+0xabcac]
V  [jvm.dll+0xac27c]
V  [jvm.dll+0x368857]
V  [jvm.dll+0x332f31]
V  [jvm.dll+0x3323da]
V  [jvm.dll+0x21c201]
V  [jvm.dll+0x21b621]
V  [jvm.dll+0x1a4fdd]
V  [jvm.dll+0x22b098]
V  [jvm.dll+0x229159]
V  [jvm.dll+0x7f81ec]
V  [jvm.dll+0x7f274a]
V  [jvm.dll+0x682ad5]
C  [ucrtbase.dll+0x29333]
C  [KERNEL32.DLL+0x1257d]
C  [ntdll.dll+0x5af08]


---------------  P R O C E S S  ---------------

Threads class SMR info:
_java_thread_list=0x0000020711f41d00, length=37, elements={
0x000002076fa431d0, 0x000002077d429770, 0x000002077d42a4f0, 0x000002077d44c240,
0x000002077d44cb00, 0x000002077d44d5b0, 0x000002077d44df60, 0x000002077d45cd30,
0x000002077d45d7d0, 0x000002077d4601d0, 0x000002077d5131c0, 0x000002077d712590,
0x000002070f92dc10, 0x000002070ffc8a70, 0x000002070fb4f6b0, 0x000002070f7cf600,
0x000002077da90ee0, 0x000002077da3fde0, 0x000002077da40c50, 0x000002077da402b0,
0x000002077da3eaa0, 0x000002077da3f440, 0x000002077da40780, 0x000002077da3e5d0,
0x000002077da41120, 0x000002077da3ef70, 0x000002077da3f910, 0x000002077da3d760,
0x000002077da3dc30, 0x000002077da3e100, 0x000002070fc83390, 0x000002070fc80840,
0x000002070fc7d350, 0x000002070fc80370, 0x000002070fc7f500, 0x000002070f668040,
0x000002070fc83860
}

Java Threads: ( => current thread )
  0x000002076fa431d0 JavaThread "main" [_thread_blocked, id=3304, stack(0x00000023d5e00000,0x00000023d5f00000)]
  0x000002077d429770 JavaThread "Reference Handler" daemon [_thread_blocked, id=15160, stack(0x00000023d6500000,0x00000023d6600000)]
  0x000002077d42a4f0 JavaThread "Finalizer" daemon [_thread_blocked, id=10540, stack(0x00000023d6600000,0x00000023d6700000)]
  0x000002077d44c240 JavaThread "Signal Dispatcher" daemon [_thread_blocked, id=17012, stack(0x00000023d6700000,0x00000023d6800000)]
  0x000002077d44cb00 JavaThread "Attach Listener" daemon [_thread_blocked, id=4752, stack(0x00000023d6800000,0x00000023d6900000)]
  0x000002077d44d5b0 JavaThread "Service Thread" daemon [_thread_blocked, id=6352, stack(0x00000023d6900000,0x00000023d6a00000)]
  0x000002077d44df60 JavaThread "Monitor Deflation Thread" daemon [_thread_blocked, id=11388, stack(0x00000023d6a00000,0x00000023d6b00000)]
=>0x000002077d45cd30 JavaThread "C2 CompilerThread0" daemon [_thread_in_native, id=3924, stack(0x00000023d6b00000,0x00000023d6c00000)]
  0x000002077d45d7d0 JavaThread "C1 CompilerThread0" daemon [_thread_blocked, id=15512, stack(0x00000023d6c00000,0x00000023d6d00000)]
  0x000002077d4601d0 JavaThread "Sweeper thread" daemon [_thread_blocked, id=14356, stack(0x00000023d6d00000,0x00000023d6e00000)]
  0x000002077d5131c0 JavaThread "Common-Cleaner" daemon [_thread_blocked, id=8972, stack(0x00000023d6e00000,0x00000023d6f00000)]
  0x000002077d712590 JavaThread "Notification Thread" daemon [_thread_blocked, id=7172, stack(0x00000023d6f00000,0x00000023d7000000)]
  0x000002070f92dc10 JavaThread "Daemon health stats" [_thread_blocked, id=17060, stack(0x00000023d7700000,0x00000023d7800000)]
  0x000002070ffc8a70 JavaThread "Incoming local TCP Connector on port 52941" [_thread_in_native, id=8100, stack(0x00000023d7800000,0x00000023d7900000)]
  0x000002070fb4f6b0 JavaThread "Daemon periodic checks" [_thread_blocked, id=2888, stack(0x00000023d7900000,0x00000023d7a00000)]
  0x000002070f7cf600 JavaThread "Daemon" [_thread_blocked, id=4316, stack(0x00000023d7a00000,0x00000023d7b00000)]
  0x000002077da90ee0 JavaThread "Handler for socket connection from /127.0.0.1:52941 to /127.0.0.1:52942" [_thread_in_native, id=4272, stack(0x00000023d7b00000,0x00000023d7c00000)]
  0x000002077da3fde0 JavaThread "Cancel handler" [_thread_blocked, id=16820, stack(0x00000023d7c00000,0x00000023d7d00000)]
  0x000002077da40c50 JavaThread "Daemon worker" [_thread_blocked, id=6744, stack(0x00000023d7d00000,0x00000023d7e00000)]
  0x000002077da402b0 JavaThread "Asynchronous log dispatcher for DefaultDaemonConnection: socket connection from /127.0.0.1:52941 to /127.0.0.1:52942" [_thread_blocked, id=10460, stack(0x00000023d7e00000,0x00000023d7f00000)]
  0x000002077da3eaa0 JavaThread "Stdin handler" [_thread_blocked, id=14076, stack(0x00000023d7f00000,0x00000023d8000000)]
  0x000002077da3f440 JavaThread "Daemon client event forwarder" [_thread_blocked, id=16828, stack(0x00000023d8000000,0x00000023d8100000)]
  0x000002077da40780 JavaThread "Cache worker for journal cache (C:\Users\scher\.gradle\caches\journal-1)" [_thread_blocked, id=16508, stack(0x00000023d8300000,0x00000023d8400000)]
  0x000002077da3e5d0 JavaThread "File lock request listener" [_thread_in_native, id=15312, stack(0x00000023d8400000,0x00000023d8500000)]
  0x000002077da41120 JavaThread "Cache worker for file hash cache (C:\Users\scher\.gradle\caches\8.1\fileHashes)" [_thread_blocked, id=3308, stack(0x00000023d8600000,0x00000023d8700000)]
  0x000002077da3ef70 JavaThread "File watcher server" daemon [_thread_in_native, id=3076, stack(0x00000023d8700000,0x00000023d8800000)]
  0x000002077da3f910 JavaThread "File watcher consumer" daemon [_thread_blocked, id=8284, stack(0x00000023d8800000,0x00000023d8900000)]
  0x000002077da3d760 JavaThread "Cache worker for checksums cache (C:\Users\scher\Documents\PROJETOS ANDROID\NOVO\RECICLAAI\.gradle\8.1\checksums)" [_thread_blocked, id=6748, stack(0x00000023d8900000,0x00000023d8a00000)]
  0x000002077da3dc30 JavaThread "Cache worker for cache directory md-rule (C:\Users\scher\.gradle\caches\8.1\md-rule)" [_thread_blocked, id=11088, stack(0x00000023d8a00000,0x00000023d8b00000)]
  0x000002077da3e100 JavaThread "Cache worker for file content cache (C:\Users\scher\.gradle\caches\8.1\fileContent)" [_thread_blocked, id=12108, stack(0x00000023d8b00000,0x00000023d8c00000)]
  0x000002070fc83390 JavaThread "Cache worker for file hash cache (C:\Users\scher\Documents\PROJETOS ANDROID\NOVO\RECICLAAI\.gradle\8.1\fileHashes)" [_thread_blocked, id=5836, stack(0x00000023d8c00000,0x00000023d8d00000)]
  0x000002070fc80840 JavaThread "Cache worker for cache directory md-supplier (C:\Users\scher\.gradle\caches\8.1\md-supplier)" [_thread_blocked, id=15496, stack(0x00000023d8d00000,0x00000023d8e00000)]
  0x000002070fc7d350 JavaThread "Cache worker for execution history cache (C:\Users\scher\.gradle\caches\8.1\executionHistory)" [_thread_blocked, id=14400, stack(0x00000023d8e00000,0x00000023d8f00000)]
  0x000002070fc80370 JavaThread "jar transforms" [_thread_blocked, id=8680, stack(0x00000023d8f00000,0x00000023d9000000)]
  0x000002070fc7f500 JavaThread "jar transforms Thread 2" [_thread_blocked, id=16352, stack(0x00000023d9100000,0x00000023d9200000)]
  0x000002070f668040 JavaThread "C2 CompilerThread1" daemon [_thread_blocked, id=1028, stack(0x00000023d8500000,0x00000023d8600000)]
  0x000002070fc83860 JavaThread "jar transforms Thread 3" [_thread_blocked, id=15896, stack(0x00000023d9200000,0x00000023d9300000)]

Other Threads:
  0x000002077c892600 VMThread "VM Thread" [stack: 0x00000023d6400000,0x00000023d6500000] [id=15308]
  0x000002077d712a60 WatcherThread [stack: 0x00000023d7000000,0x00000023d7100000] [id=1744]
  0x000002076fa9f170 GCTaskThread "GC Thread#0" [stack: 0x00000023d5f00000,0x00000023d6000000] [id=5952]
  0x000002077dd4ab90 GCTaskThread "GC Thread#1" [stack: 0x00000023d7300000,0x00000023d7400000] [id=6324]
  0x000002077dfcf000 GCTaskThread "GC Thread#2" [stack: 0x00000023d7400000,0x00000023d7500000] [id=2832]
  0x000002077e431040 GCTaskThread "GC Thread#3" [stack: 0x00000023d7500000,0x00000023d7600000] [id=16376]
  0x000002077eb4ac20 GCTaskThread "GC Thread#4" [stack: 0x00000023d7600000,0x00000023d7700000] [id=16664]
  0x000002077ed78a90 GCTaskThread "GC Thread#5" [stack: 0x00000023d7100000,0x00000023d7200000] [id=17356]
  0x000002077ed78d40 GCTaskThread "GC Thread#6" [stack: 0x00000023d7200000,0x00000023d7300000] [id=13352]
  0x000002077ed78ff0 GCTaskThread "GC Thread#7" [stack: 0x00000023d8100000,0x00000023d8200000] [id=7160]
  0x000002076fab00b0 ConcurrentGCThread "G1 Main Marker" [stack: 0x00000023d6000000,0x00000023d6100000] [id=15392]
  0x000002076fab0ac0 ConcurrentGCThread "G1 Conc#0" [stack: 0x00000023d6100000,0x00000023d6200000] [id=12076]
  0x000002070ff6f050 ConcurrentGCThread "G1 Conc#1" [stack: 0x00000023d8200000,0x00000023d8300000] [id=8148]
  0x000002077c7040f0 ConcurrentGCThread "G1 Refine#0" [stack: 0x00000023d6200000,0x00000023d6300000] [id=14580]
  0x0000020710dfa060 ConcurrentGCThread "G1 Refine#1" [stack: 0x00000023d9000000,0x00000023d9100000] [id=2580]
  0x000002077c704b10 ConcurrentGCThread "G1 Service" [stack: 0x00000023d6300000,0x00000023d6400000] [id=10644]

Threads with active compile tasks:
C2 CompilerThread0     5021 3633       4       org.objectweb.asm.Frame::execute (2318 bytes)
C1 CompilerThread0     5021 3788   !   3       sun.nio.fs.WindowsPath::createFromNormalizedPath (65 bytes)
C2 CompilerThread1     5021 3787       4       com.google.common.io.CountingInputStream::read (33 bytes)

VM state: not at safepoint (normal execution)

VM Mutex/Monitor currently owned by a thread: None

Heap address: 0x0000000080000000, size: 2048 MB, Compressed Oops mode: 32-bit

CDS archive(s) not mapped
Compressed class space mapped at: 0x0000000100000000-0x0000000140000000, reserved size: 1073741824
Narrow klass base: 0x0000000000000000, Narrow klass shift: 3, Narrow klass range: 0x140000000

GC Precious Log:
 CPUs: 8 total, 8 available
 Memory: 8072M
 Large Page Support: Disabled
 NUMA Support: Disabled
 Compressed Oops: Enabled (32-bit)
 Heap Region Size: 1M
 Heap Min Capacity: 8M
 Heap Initial Capacity: 128M
 Heap Max Capacity: 2G
 Pre-touch: Disabled
 Parallel Workers: 8
 Concurrent Workers: 2
 Concurrent Refinement Workers: 8
 Periodic GC: Disabled

Heap:
 garbage-first heap   total 86016K, used 31691K [0x0000000080000000, 0x0000000100000000)
  region size 1024K, 5 young (5120K), 4 survivors (4096K)
 Metaspace       used 43588K, committed 43968K, reserved 1089536K
  class space    used 5753K, committed 5888K, reserved 1048576K

Heap Regions: E=young(eden), S=young(survivor), O=old, HS=humongous(starts), HC=humongous(continues), CS=collection set, F=free, OA=open archive, CA=closed archive, TAMS=top-at-mark-start (previous, next)
|   0|0x0000000080000000, 0x0000000080100000, 0x0000000080100000|100%|HS|  |TAMS 0x0000000080100000, 0x0000000080000000| Complete 
|   1|0x0000000080100000, 0x0000000080200000, 0x0000000080200000|100%|HC|  |TAMS 0x0000000080200000, 0x0000000080100000| Complete 
|   2|0x0000000080200000, 0x0000000080300000, 0x0000000080300000|100%|HC|  |TAMS 0x0000000080300000, 0x0000000080200000| Complete 
|   3|0x0000000080300000, 0x0000000080400000, 0x0000000080400000|100%|HC|  |TAMS 0x0000000080400000, 0x0000000080300000| Complete 
|   4|0x0000000080400000, 0x0000000080500000, 0x0000000080500000|100%| O|  |TAMS 0x0000000080500000, 0x0000000080400000| Untracked 
|   5|0x0000000080500000, 0x0000000080600000, 0x0000000080600000|100%| O|  |TAMS 0x0000000080600000, 0x0000000080500000| Untracked 
|   6|0x0000000080600000, 0x0000000080700000, 0x0000000080700000|100%| O|  |TAMS 0x0000000080700000, 0x0000000080600000| Untracked 
|   7|0x0000000080700000, 0x0000000080800000, 0x0000000080800000|100%| O|  |TAMS 0x0000000080800000, 0x0000000080700000| Untracked 
|   8|0x0000000080800000, 0x0000000080900000, 0x0000000080900000|100%| O|  |TAMS 0x0000000080900000, 0x0000000080800000| Untracked 
|   9|0x0000000080900000, 0x0000000080a00000, 0x0000000080a00000|100%| O|  |TAMS 0x0000000080a00000, 0x0000000080900000| Untracked 
|  10|0x0000000080a00000, 0x0000000080b00000, 0x0000000080b00000|100%| O|  |TAMS 0x0000000080b00000, 0x0000000080a00000| Untracked 
|  11|0x0000000080b00000, 0x0000000080b6de00, 0x0000000080c00000| 42%| O|  |TAMS 0x0000000080b6de00, 0x0000000080b00000| Untracked 
|  12|0x0000000080c00000, 0x0000000080d00000, 0x0000000080d00000|100%| O|  |TAMS 0x0000000080d00000, 0x0000000080c00000| Untracked 
|  13|0x0000000080d00000, 0x0000000080e00000, 0x0000000080e00000|100%| O|  |TAMS 0x0000000080e00000, 0x0000000080d00000| Untracked 
|  14|0x0000000080e00000, 0x0000000080f00000, 0x0000000080f00000|100%| O|  |TAMS 0x0000000080f00000, 0x0000000080e00000| Untracked 
|  15|0x0000000080f00000, 0x0000000081000000, 0x0000000081000000|100%| O|  |TAMS 0x0000000081000000, 0x0000000080f00000| Untracked 
|  16|0x0000000081000000, 0x0000000081100000, 0x0000000081100000|100%| O|  |TAMS 0x0000000081100000, 0x0000000081000000| Untracked 
|  17|0x0000000081100000, 0x0000000081200000, 0x0000000081200000|100%| O|  |TAMS 0x0000000081200000, 0x0000000081100000| Untracked 
|  18|0x0000000081200000, 0x0000000081300000, 0x0000000081300000|100%| O|  |TAMS 0x0000000081300000, 0x0000000081200000| Untracked 
|  19|0x0000000081300000, 0x0000000081400000, 0x0000000081400000|100%| O|  |TAMS 0x0000000081400000, 0x0000000081300000| Untracked 
|  20|0x0000000081400000, 0x0000000081500000, 0x0000000081500000|100%| O|  |TAMS 0x00000000814e0800, 0x0000000081400000| Untracked 
|  21|0x0000000081500000, 0x0000000081600000, 0x0000000081600000|100%| O|  |TAMS 0x0000000081500000, 0x0000000081500000| Untracked 
|  22|0x0000000081600000, 0x0000000081700000, 0x0000000081700000|100%| O|  |TAMS 0x0000000081600000, 0x0000000081600000| Untracked 
|  23|0x0000000081700000, 0x0000000081800000, 0x0000000081800000|100%| O|  |TAMS 0x0000000081700000, 0x0000000081700000| Untracked 
|  24|0x0000000081800000, 0x0000000081900000, 0x0000000081900000|100%| O|  |TAMS 0x0000000081800000, 0x0000000081800000| Untracked 
|  25|0x0000000081900000, 0x0000000081900000, 0x0000000081a00000|  0%| F|  |TAMS 0x0000000081900000, 0x0000000081900000| Untracked 
|  26|0x0000000081a00000, 0x0000000081a00000, 0x0000000081b00000|  0%| F|  |TAMS 0x0000000081a00000, 0x0000000081a00000| Untracked 
|  27|0x0000000081b00000, 0x0000000081b00000, 0x0000000081c00000|  0%| F|  |TAMS 0x0000000081b00000, 0x0000000081b00000| Untracked 
|  28|0x0000000081c00000, 0x0000000081c00000, 0x0000000081d00000|  0%| F|  |TAMS 0x0000000081c00000, 0x0000000081c00000| Untracked 
|  29|0x0000000081d00000, 0x0000000081d00000, 0x0000000081e00000|  0%| F|  |TAMS 0x0000000081d00000, 0x0000000081d00000| Untracked 
|  30|0x0000000081e00000, 0x0000000081f00000, 0x0000000081f00000|100%| O|  |TAMS 0x0000000081e00000, 0x0000000081e00000| Untracked 
|  31|0x0000000081f00000, 0x0000000082000000, 0x0000000082000000|100%| O|  |TAMS 0x0000000081f00000, 0x0000000081f00000| Untracked 
|  32|0x0000000082000000, 0x0000000082100000, 0x0000000082100000|100%| O|  |TAMS 0x0000000082000000, 0x0000000082000000| Untracked 
|  33|0x0000000082100000, 0x0000000082100000, 0x0000000082200000|  0%| F|  |TAMS 0x0000000082100000, 0x0000000082100000| Untracked 
|  34|0x0000000082200000, 0x0000000082200000, 0x0000000082300000|  0%| F|  |TAMS 0x0000000082200000, 0x0000000082200000| Untracked 
|  35|0x0000000082300000, 0x0000000082300000, 0x0000000082400000|  0%| F|  |TAMS 0x0000000082300000, 0x0000000082300000| Untracked 
|  36|0x0000000082400000, 0x0000000082400000, 0x0000000082500000|  0%| F|  |TAMS 0x0000000082400000, 0x0000000082400000| Untracked 
|  37|0x0000000082500000, 0x0000000082500000, 0x0000000082600000|  0%| F|  |TAMS 0x0000000082500000, 0x0000000082500000| Untracked 
|  38|0x0000000082600000, 0x0000000082600000, 0x0000000082700000|  0%| F|  |TAMS 0x0000000082600000, 0x0000000082600000| Untracked 
|  39|0x0000000082700000, 0x0000000082700000, 0x0000000082800000|  0%| F|  |TAMS 0x0000000082700000, 0x0000000082700000| Untracked 
|  40|0x0000000082800000, 0x0000000082800000, 0x0000000082900000|  0%| F|  |TAMS 0x0000000082800000, 0x0000000082800000| Untracked 
|  41|0x0000000082900000, 0x0000000082900000, 0x0000000082a00000|  0%| F|  |TAMS 0x0000000082900000, 0x0000000082900000| Untracked 
|  42|0x0000000082a00000, 0x0000000082a00000, 0x0000000082b00000|  0%| F|  |TAMS 0x0000000082a00000, 0x0000000082a00000| Untracked 
|  43|0x0000000082b00000, 0x0000000082b00000, 0x0000000082c00000|  0%| F|  |TAMS 0x0000000082b00000, 0x0000000082b00000| Untracked 
|  44|0x0000000082c00000, 0x0000000082c00000, 0x0000000082d00000|  0%| F|  |TAMS 0x0000000082c00000, 0x0000000082c00000| Untracked 
|  45|0x0000000082d00000, 0x0000000082d84fc0, 0x0000000082e00000| 51%| S|CS|TAMS 0x0000000082d00000, 0x0000000082d00000| Complete 
|  46|0x0000000082e00000, 0x0000000082f00000, 0x0000000082f00000|100%| S|CS|TAMS 0x0000000082e00000, 0x0000000082e00000| Complete 
|  47|0x0000000082f00000, 0x0000000083000000, 0x0000000083000000|100%| S|CS|TAMS 0x0000000082f00000, 0x0000000082f00000| Complete 
|  48|0x0000000083000000, 0x0000000083100000, 0x0000000083100000|100%| S|CS|TAMS 0x0000000083000000, 0x0000000083000000| Complete 
|  49|0x0000000083100000, 0x0000000083100000, 0x0000000083200000|  0%| F|  |TAMS 0x0000000083100000, 0x0000000083100000| Untracked 
|  50|0x0000000083200000, 0x0000000083200000, 0x0000000083300000|  0%| F|  |TAMS 0x0000000083200000, 0x0000000083200000| Untracked 
|  51|0x0000000083300000, 0x0000000083300000, 0x0000000083400000|  0%| F|  |TAMS 0x0000000083300000, 0x0000000083300000| Untracked 
|  52|0x0000000083400000, 0x0000000083400000, 0x0000000083500000|  0%| F|  |TAMS 0x0000000083400000, 0x0000000083400000| Untracked 
|  53|0x0000000083500000, 0x0000000083500000, 0x0000000083600000|  0%| F|  |TAMS 0x0000000083500000, 0x0000000083500000| Untracked 
|  54|0x0000000083600000, 0x0000000083600000, 0x0000000083700000|  0%| F|  |TAMS 0x0000000083600000, 0x0000000083600000| Untracked 
|  55|0x0000000083700000, 0x0000000083700000, 0x0000000083800000|  0%| F|  |TAMS 0x0000000083700000, 0x0000000083700000| Untracked 
|  56|0x0000000083800000, 0x0000000083800000, 0x0000000083900000|  0%| F|  |TAMS 0x0000000083800000, 0x0000000083800000| Untracked 
|  57|0x0000000083900000, 0x0000000083900000, 0x0000000083a00000|  0%| F|  |TAMS 0x0000000083900000, 0x0000000083900000| Untracked 
|  58|0x0000000083a00000, 0x0000000083a00000, 0x0000000083b00000|  0%| F|  |TAMS 0x0000000083a00000, 0x0000000083a00000| Untracked 
|  59|0x0000000083b00000, 0x0000000083b00000, 0x0000000083c00000|  0%| F|  |TAMS 0x0000000083b00000, 0x0000000083b00000| Untracked 
|  60|0x0000000083c00000, 0x0000000083c00000, 0x0000000083d00000|  0%| F|  |TAMS 0x0000000083c00000, 0x0000000083c00000| Untracked 
|  61|0x0000000083d00000, 0x0000000083d00000, 0x0000000083e00000|  0%| F|  |TAMS 0x0000000083d00000, 0x0000000083d00000| Untracked 
|  62|0x0000000083e00000, 0x0000000083e00000, 0x0000000083f00000|  0%| F|  |TAMS 0x0000000083e00000, 0x0000000083e00000| Untracked 
|  63|0x0000000083f00000, 0x0000000083f00000, 0x0000000084000000|  0%| F|  |TAMS 0x0000000083f00000, 0x0000000083f00000| Untracked 
|  64|0x0000000084000000, 0x0000000084000000, 0x0000000084100000|  0%| F|  |TAMS 0x0000000084000000, 0x0000000084000000| Untracked 
|  65|0x0000000084100000, 0x0000000084100000, 0x0000000084200000|  0%| F|  |TAMS 0x0000000084100000, 0x0000000084100000| Untracked 
|  66|0x0000000084200000, 0x0000000084200000, 0x0000000084300000|  0%| F|  |TAMS 0x0000000084200000, 0x0000000084200000| Untracked 
|  67|0x0000000084300000, 0x0000000084300000, 0x0000000084400000|  0%| F|  |TAMS 0x0000000084300000, 0x0000000084300000| Untracked 
|  68|0x0000000084400000, 0x0000000084400000, 0x0000000084500000|  0%| F|  |TAMS 0x0000000084400000, 0x0000000084400000| Untracked 
|  69|0x0000000084500000, 0x0000000084500000, 0x0000000084600000|  0%| F|  |TAMS 0x0000000084500000, 0x0000000084500000| Untracked 
|  70|0x0000000084600000, 0x0000000084600000, 0x0000000084700000|  0%| F|  |TAMS 0x0000000084600000, 0x0000000084600000| Untracked 
|  71|0x0000000084700000, 0x0000000084700000, 0x0000000084800000|  0%| F|  |TAMS 0x0000000084700000, 0x0000000084700000| Untracked 
|  72|0x0000000084800000, 0x0000000084800000, 0x0000000084900000|  0%| F|  |TAMS 0x0000000084800000, 0x0000000084800000| Untracked 
|  73|0x0000000084900000, 0x0000000084900000, 0x0000000084a00000|  0%| F|  |TAMS 0x0000000084900000, 0x0000000084900000| Untracked 
|  74|0x0000000084a00000, 0x0000000084a00000, 0x0000000084b00000|  0%| F|  |TAMS 0x0000000084a00000, 0x0000000084a00000| Untracked 
|  75|0x0000000084b00000, 0x0000000084b00000, 0x0000000084c00000|  0%| F|  |TAMS 0x0000000084b00000, 0x0000000084b00000| Untracked 
|  76|0x0000000084c00000, 0x0000000084c00000, 0x0000000084d00000|  0%| F|  |TAMS 0x0000000084c00000, 0x0000000084c00000| Untracked 
|  77|0x0000000084d00000, 0x0000000084d00000, 0x0000000084e00000|  0%| F|  |TAMS 0x0000000084d00000, 0x0000000084d00000| Untracked 
|  78|0x0000000084e00000, 0x0000000084e00000, 0x0000000084f00000|  0%| F|  |TAMS 0x0000000084e00000, 0x0000000084e00000| Untracked 
|  79|0x0000000084f00000, 0x0000000084f00000, 0x0000000085000000|  0%| F|  |TAMS 0x0000000084f00000, 0x0000000084f00000| Untracked 
|  80|0x0000000085000000, 0x0000000085000000, 0x0000000085100000|  0%| F|  |TAMS 0x0000000085000000, 0x0000000085000000| Untracked 
|  81|0x0000000085100000, 0x0000000085100000, 0x0000000085200000|  0%| F|  |TAMS 0x0000000085100000, 0x0000000085100000| Untracked 
|  82|0x0000000085200000, 0x0000000085200000, 0x0000000085300000|  0%| F|  |TAMS 0x0000000085200000, 0x0000000085200000| Untracked 
| 127|0x0000000087f00000, 0x0000000087fb1620, 0x0000000088000000| 69%| E|  |TAMS 0x0000000087f00000, 0x0000000087f00000| Complete 

Card table byte_map: [0x0000020775590000,0x0000020775990000] _byte_map_base: 0x0000020775190000

Marking Bits (Prev, Next): (CMBitMap*) 0x000002076fa9f780, (CMBitMap*) 0x000002076fa9f7c0
 Prev Bits: [0x0000020775d90000, 0x0000020777d90000)
 Next Bits: [0x0000020777d90000, 0x0000020779d90000)

Polling page: 0x000002076fb00000

Metaspace:

Usage:
  Non-class:     36.95 MB used.
      Class:      5.62 MB used.
       Both:     42.57 MB used.

Virtual space:
  Non-class space:       40.00 MB reserved,      37.19 MB ( 93%) committed,  5 nodes.
      Class space:        1.00 GB reserved,       5.75 MB ( <1%) committed,  1 nodes.
             Both:        1.04 GB reserved,      42.94 MB (  4%) committed. 

Chunk freelists:
   Non-Class:  2.42 MB
       Class:  2.14 MB
        Both:  4.56 MB

MaxMetaspaceSize: unlimited
CompressedClassSpaceSize: 1.00 GB
Initial GC threshold: 21.00 MB
Current GC threshold: 58.88 MB
CDS: off
MetaspaceReclaimPolicy: balanced
 - commit_granule_bytes: 65536.
 - commit_granule_words: 8192.
 - virtual_space_node_default_size: 1048576.
 - enlarge_chunks_in_place: 1.
 - new_chunks_are_fully_committed: 0.
 - uncommit_free_chunks: 1.
 - use_allocation_guard: 0.
 - handle_deallocations: 1.


Internal statistics:

num_allocs_failed_limit: 6.
num_arena_births: 340.
num_arena_deaths: 0.
num_vsnodes_births: 6.
num_vsnodes_deaths: 0.
num_space_committed: 687.
num_space_uncommitted: 0.
num_chunks_returned_to_freelist: 6.
num_chunks_taken_from_freelist: 1564.
num_chunk_merges: 6.
num_chunk_splits: 1063.
num_chunks_enlarged: 762.
num_purges: 0.
num_inconsistent_stats: 0.

CodeHeap 'non-profiled nmethods': size=120000Kb used=2139Kb max_used=2139Kb free=117860Kb
 bounds [0x0000020707ad0000, 0x0000020707d40000, 0x000002070f000000]
CodeHeap 'profiled nmethods': size=120000Kb used=7784Kb max_used=7784Kb free=112215Kb
 bounds [0x0000020700000000, 0x00000207007a0000, 0x0000020707530000]
CodeHeap 'non-nmethods': size=5760Kb used=2286Kb max_used=2316Kb free=3473Kb
 bounds [0x0000020707530000, 0x00000207077a0000, 0x0000020707ad0000]
 total_blobs=4579 nmethods=3786 adapters=705
 compilation: enabled
              stopped_count=0, restarted_count=0
 full_count=0

Compilation events (20 events):
Event: 4.989 Thread 0x000002077d45d7d0 nmethod 3759 0x0000020700784490 code [0x0000020700784740, 0x0000020700785458]
Event: 4.989 Thread 0x000002077d45d7d0 3758       3       com.google.common.reflect.TypeResolver$TypeVariableKey::<init> (16 bytes)
Event: 4.989 Thread 0x000002077d45d7d0 nmethod 3758 0x0000020700785910 code [0x0000020700785ae0, 0x0000020700785f08]
Event: 4.989 Thread 0x000002077d45d7d0 3757       3       sun.reflect.generics.repository.GenericDeclRepository::computeTypeParameters (65 bytes)
Event: 4.989 Thread 0x000002077d45d7d0 nmethod 3757 0x0000020700786090 code [0x00000207007862e0, 0x0000020700787058]
Event: 4.989 Thread 0x000002077d45d7d0 3754       3       com.google.common.base.Preconditions::checkArgument (25 bytes)
Event: 4.989 Thread 0x000002077d45d7d0 nmethod 3754 0x0000020700787510 code [0x00000207007876e0, 0x0000020700787ad8]
Event: 4.989 Thread 0x000002077d45d7d0 3763       3       org.gradle.internal.instantiation.generator.AbstractClassGenerator$PropertyMetadata::hasAnnotation (14 bytes)
Event: 4.990 Thread 0x000002070f668040 nmethod 3761 0x0000020707ce3b10 code [0x0000020707ce3c80, 0x0000020707ce3ed8]
Event: 4.990 Thread 0x000002070f668040 3762       4       java.util.stream.StreamSupport::stream (19 bytes)
Event: 4.990 Thread 0x000002077d45d7d0 nmethod 3763 0x0000020700787c10 code [0x0000020700787f00, 0x0000020700789108]
Event: 4.990 Thread 0x000002077d45d7d0 3764       3       org.gradle.internal.instantiation.generator.AbstractClassGenerator$PropertyMetadata::findAnnotation (22 bytes)
Event: 4.992 Thread 0x000002077d45d7d0 nmethod 3764 0x0000020700789690 code [0x0000020700789960, 0x000002070078aaa8]
Event: 4.992 Thread 0x000002077d45d7d0 3766       3       org.gradle.model.internal.asm.MethodVisitorScope::_INVOKEVIRTUAL (12 bytes)
Event: 4.993 Thread 0x000002077d45d7d0 nmethod 3766 0x000002070078b010 code [0x000002070078b1a0, 0x000002070078b308]
Event: 4.993 Thread 0x000002077d45d7d0 3765       1       org.gradle.internal.instantiation.generator.AsmBackedClassGenerator$ClassBuilderImpl::access$3400 (5 bytes)
Event: 4.993 Thread 0x000002077d45d7d0 nmethod 3765 0x0000020707ce3f90 code [0x0000020707ce4120, 0x0000020707ce41d8]
Event: 4.993 Thread 0x000002077d45d7d0 3767       1       com.google.common.collect.LinkedHashMultimap$ValueSet::access$000 (5 bytes)
Event: 4.993 Thread 0x000002077d45d7d0 nmethod 3767 0x0000020707ce4290 code [0x0000020707ce4420, 0x0000020707ce44d8]
Event: 4.994 Thread 0x000002070f668040 nmethod 3762 0x0000020707ce4590 code [0x0000020707ce4720, 0x0000020707ce4a58]

GC Heap History (16 events):
Event: 0.735 GC heap before
{Heap before GC invocations=0 (full 0):
 garbage-first heap   total 131072K, used 26624K [0x0000000080000000, 0x0000000100000000)
  region size 1024K, 23 young (23552K), 0 survivors (0K)
 Metaspace       used 10456K, committed 10624K, reserved 1064960K
  class space    used 1089K, committed 1152K, reserved 1048576K
}
Event: 0.739 GC heap after
{Heap after GC invocations=1 (full 0):
 garbage-first heap   total 131072K, used 10453K [0x0000000080000000, 0x0000000100000000)
  region size 1024K, 3 young (3072K), 3 survivors (3072K)
 Metaspace       used 10456K, committed 10624K, reserved 1064960K
  class space    used 1089K, committed 1152K, reserved 1048576K
}
Event: 1.053 GC heap before
{Heap before GC invocations=1 (full 0):
 garbage-first heap   total 131072K, used 40149K [0x0000000080000000, 0x0000000100000000)
  region size 1024K, 31 young (31744K), 3 survivors (3072K)
 Metaspace       used 11451K, committed 11648K, reserved 1064960K
  class space    used 1194K, committed 1280K, reserved 1048576K
}
Event: 1.057 GC heap after
{Heap after GC invocations=2 (full 0):
 garbage-first heap   total 131072K, used 13861K [0x0000000080000000, 0x0000000100000000)
  region size 1024K, 4 young (4096K), 4 survivors (4096K)
 Metaspace       used 11451K, committed 11648K, reserved 1064960K
  class space    used 1194K, committed 1280K, reserved 1048576K
}
Event: 2.408 GC heap before
{Heap before GC invocations=2 (full 0):
 garbage-first heap   total 131072K, used 57893K [0x0000000080000000, 0x0000000100000000)
  region size 1024K, 49 young (50176K), 4 survivors (4096K)
 Metaspace       used 21317K, committed 21504K, reserved 1073152K
  class space    used 2597K, committed 2688K, reserved 1048576K
}
Event: 2.413 GC heap after
{Heap after GC invocations=3 (full 0):
 garbage-first heap   total 131072K, used 19018K [0x0000000080000000, 0x0000000100000000)
  region size 1024K, 9 young (9216K), 9 survivors (9216K)
 Metaspace       used 21317K, committed 21504K, reserved 1073152K
  class space    used 2597K, committed 2688K, reserved 1048576K
}
Event: 2.917 GC heap before
{Heap before GC invocations=4 (full 0):
 garbage-first heap   total 71680K, used 52810K [0x0000000080000000, 0x0000000100000000)
  region size 1024K, 42 young (43008K), 9 survivors (9216K)
 Metaspace       used 26041K, committed 26304K, reserved 1073152K
  class space    used 3409K, committed 3520K, reserved 1048576K
}
Event: 2.923 GC heap after
{Heap after GC invocations=5 (full 0):
 garbage-first heap   total 71680K, used 21300K [0x0000000080000000, 0x0000000100000000)
  region size 1024K, 3 young (3072K), 3 survivors (3072K)
 Metaspace       used 26041K, committed 26304K, reserved 1073152K
  class space    used 3409K, committed 3520K, reserved 1048576K
}
Event: 3.556 GC heap before
{Heap before GC invocations=5 (full 0):
 garbage-first heap   total 71680K, used 49972K [0x0000000080000000, 0x0000000100000000)
  region size 1024K, 31 young (31744K), 3 survivors (3072K)
 Metaspace       used 29977K, committed 30272K, reserved 1081344K
  class space    used 4068K, committed 4224K, reserved 1048576K
}
Event: 3.559 GC heap after
{Heap after GC invocations=6 (full 0):
 garbage-first heap   total 71680K, used 22471K [0x0000000080000000, 0x0000000100000000)
  region size 1024K, 4 young (4096K), 4 survivors (4096K)
 Metaspace       used 29977K, committed 30272K, reserved 1081344K
  class space    used 4068K, committed 4224K, reserved 1048576K
}
Event: 3.984 GC heap before
{Heap before GC invocations=6 (full 0):
 garbage-first heap   total 71680K, used 51143K [0x0000000080000000, 0x0000000100000000)
  region size 1024K, 33 young (33792K), 4 survivors (4096K)
 Metaspace       used 34149K, committed 34496K, reserved 1081344K
  class space    used 4716K, committed 4864K, reserved 1048576K
}
Event: 3.987 GC heap after
{Heap after GC invocations=7 (full 0):
 garbage-first heap   total 71680K, used 23821K [0x0000000080000000, 0x0000000100000000)
  region size 1024K, 3 young (3072K), 3 survivors (3072K)
 Metaspace       used 34149K, committed 34496K, reserved 1081344K
  class space    used 4716K, committed 4864K, reserved 1048576K
}
Event: 4.231 GC heap before
{Heap before GC invocations=7 (full 0):
 garbage-first heap   total 71680K, used 32013K [0x0000000080000000, 0x0000000100000000)
  region size 1024K, 12 young (12288K), 3 survivors (3072K)
 Metaspace       used 35619K, committed 35968K, reserved 1081344K
  class space    used 4946K, committed 5120K, reserved 1048576K
}
Event: 4.236 GC heap after
{Heap after GC invocations=8 (full 0):
 garbage-first heap   total 71680K, used 24859K [0x0000000080000000, 0x0000000100000000)
  region size 1024K, 3 young (3072K), 3 survivors (3072K)
 Metaspace       used 35619K, committed 35968K, reserved 1081344K
  class space    used 4946K, committed 5120K, reserved 1048576K
}
Event: 4.652 GC heap before
{Heap before GC invocations=9 (full 0):
 garbage-first heap   total 71680K, used 53531K [0x0000000080000000, 0x0000000100000000)
  region size 1024K, 32 young (32768K), 3 survivors (3072K)
 Metaspace       used 40990K, committed 41344K, reserved 1089536K
  class space    used 5469K, committed 5632K, reserved 1048576K
}
Event: 4.657 GC heap after
{Heap after GC invocations=10 (full 0):
 garbage-first heap   total 86016K, used 28559K [0x0000000080000000, 0x0000000100000000)
  region size 1024K, 4 young (4096K), 4 survivors (4096K)
 Metaspace       used 40990K, committed 41344K, reserved 1089536K
  class space    used 5469K, committed 5632K, reserved 1048576K
}

Dll operation events (3 events):
Event: 0.014 Loaded shared library C:\Program Files\Android\Android Studio\jbr\bin\java.dll
Event: 0.127 Loaded shared library C:\Program Files\Android\Android Studio\jbr\bin\zip.dll
Event: 0.334 Loaded shared library C:\Program Files\Android\Android Studio\jbr\bin\verify.dll

Deoptimization events (20 events):
Event: 4.818 Thread 0x000002077da40c50 Uncommon trap: trap_request=0xffffffbe fr.pc=0x0000020707cc5890 relative=0x00000000000007d0
Event: 4.818 Thread 0x000002077da40c50 Uncommon trap: reason=profile_predicate action=maybe_recompile pc=0x0000020707cc5890 method=java.lang.PublicMethods$MethodList.filter([Ljava/lang/reflect/Method;Ljava/lang/String;[Ljava/lang/Class;Z)Ljava/lang/PublicMethods$MethodList; @ 21 c2
Event: 4.818 Thread 0x000002077da40c50 DEOPT PACKING pc=0x0000020707cc5890 sp=0x00000023d7df9840
Event: 4.818 Thread 0x000002077da40c50 DEOPT UNPACKING pc=0x00000207075869a3 sp=0x00000023d7df97f8 mode 2
Event: 4.859 Thread 0x000002077da40c50 Uncommon trap: trap_request=0xffffffde fr.pc=0x0000020707c1cb24 relative=0x0000000000000084
Event: 4.859 Thread 0x000002077da40c50 Uncommon trap: reason=class_check action=maybe_recompile pc=0x0000020707c1cb24 method=java.util.Collections$SetFromMap.remove(Ljava/lang/Object;)Z @ 5 c2
Event: 4.859 Thread 0x000002077da40c50 DEOPT PACKING pc=0x0000020707c1cb24 sp=0x00000023d7dfb360
Event: 4.859 Thread 0x000002077da40c50 DEOPT UNPACKING pc=0x00000207075869a3 sp=0x00000023d7dfb2f8 mode 2
Event: 4.861 Thread 0x000002077da40c50 Uncommon trap: trap_request=0xffffff45 fr.pc=0x0000020707af8a4c relative=0x000000000000004c
Event: 4.861 Thread 0x000002077da40c50 Uncommon trap: reason=unstable_if action=reinterpret pc=0x0000020707af8a4c method=java.net.URI.match(CJJ)Z @ 19 c2
Event: 4.861 Thread 0x000002077da40c50 DEOPT PACKING pc=0x0000020707af8a4c sp=0x00000023d7dfa9d0
Event: 4.861 Thread 0x000002077da40c50 DEOPT UNPACKING pc=0x00000207075869a3 sp=0x00000023d7dfa958 mode 2
Event: 4.861 Thread 0x000002077da40c50 Uncommon trap: trap_request=0xffffff45 fr.pc=0x0000020707b32ce4 relative=0x00000000000001c4
Event: 4.861 Thread 0x000002077da40c50 Uncommon trap: reason=unstable_if action=reinterpret pc=0x0000020707b32ce4 method=java.net.URI.match(CJJ)Z @ 19 c2
Event: 4.861 Thread 0x000002077da40c50 DEOPT PACKING pc=0x0000020707b32ce4 sp=0x00000023d7dfa940
Event: 4.861 Thread 0x000002077da40c50 DEOPT UNPACKING pc=0x00000207075869a3 sp=0x00000023d7dfa840 mode 2
Event: 4.890 Thread 0x000002077da40c50 Uncommon trap: trap_request=0xffffff45 fr.pc=0x0000020707cb8318 relative=0x0000000000000098
Event: 4.890 Thread 0x000002077da40c50 Uncommon trap: reason=unstable_if action=reinterpret pc=0x0000020707cb8318 method=java.util.regex.Pattern$LastNode.match(Ljava/util/regex/Matcher;ILjava/lang/CharSequence;)Z @ 5 c2
Event: 4.890 Thread 0x000002077da40c50 DEOPT PACKING pc=0x0000020707cb8318 sp=0x00000023d7dfa2a0
Event: 4.890 Thread 0x000002077da40c50 DEOPT UNPACKING pc=0x00000207075869a3 sp=0x00000023d7dfa218 mode 2

Classes unloaded (0 events):
No events

Classes redefined (0 events):
No events

Internal exceptions (20 events):
Event: 4.928 Thread 0x000002077da40c50 Exception <a 'java/lang/ClassNotFoundException'{0x0000000083b7d230}: org/gradle/internal/metaobject/ConfigureDelegateBeanInfo> (0x0000000083b7d230) 
thrown [s\src\hotspot\share\classfile\systemDictionary.cpp, line 256]
Event: 4.929 Thread 0x000002077da40c50 Exception <a 'java/lang/ClassNotFoundException'{0x0000000083b8d848}: org/gradle/internal/metaobject/ConfigureDelegateCustomizer> (0x0000000083b8d848) 
thrown [s\src\hotspot\share\classfile\systemDictionary.cpp, line 256]
Event: 4.937 Thread 0x000002077da40c50 Exception <a 'java/lang/ClassNotFoundException'{0x0000000083be3050}: org/gradle/plugin/management/internal/DefaultPluginManagementSpec_DecoratedBeanInfo> (0x0000000083be3050) 
thrown [s\src\hotspot\share\classfile\systemDictionary.cpp, line 256]
Event: 4.937 Thread 0x000002077da40c50 Exception <a 'java/lang/ClassNotFoundException'{0x0000000083bf7aa8}: org/gradle/plugin/management/internal/DefaultPluginManagementSpecBeanInfo> (0x0000000083bf7aa8) 
thrown [s\src\hotspot\share\classfile\systemDictionary.cpp, line 256]
Event: 4.938 Thread 0x000002077da40c50 Exception <a 'java/lang/ClassNotFoundException'{0x0000000083a0cde8}: org/gradle/plugin/management/internal/DefaultPluginManagementSpecCustomizer> (0x0000000083a0cde8) 
thrown [s\src\hotspot\share\classfile\systemDictionary.cpp, line 256]
Event: 4.939 Thread 0x000002077da40c50 Exception <a 'java/lang/ClassNotFoundException'{0x0000000083a30c30}: org/gradle/plugin/management/internal/DefaultPluginManagementSpec_DecoratedCustomizer> (0x0000000083a30c30) 
thrown [s\src\hotspot\share\classfile\systemDictionary.cpp, line 256]
Event: 4.952 Thread 0x000002077da40c50 Exception <a 'java/lang/ClassNotFoundException'{0x000000008369a0c8}: org/gradle/api/internal/artifacts/dsl/DefaultRepositoryHandler_DecoratedBeanInfo> (0x000000008369a0c8) 
thrown [s\src\hotspot\share\classfile\systemDictionary.cpp, line 256]
Event: 4.953 Thread 0x000002077da40c50 Exception <a 'java/lang/ClassNotFoundException'{0x00000000836b0b60}: org/gradle/api/internal/artifacts/dsl/DefaultRepositoryHandlerBeanInfo> (0x00000000836b0b60) 
thrown [s\src\hotspot\share\classfile\systemDictionary.cpp, line 256]
Event: 4.955 Thread 0x000002077da40c50 Exception <a 'java/lang/ClassNotFoundException'{0x00000000836c7a58}: org/gradle/api/internal/artifacts/DefaultArtifactRepositoryContainerBeanInfo> (0x00000000836c7a58) 
thrown [s\src\hotspot\share\classfile\systemDictionary.cpp, line 256]
Event: 4.955 Thread 0x000002077da40c50 Exception <a 'java/lang/ClassNotFoundException'{0x00000000836db6d0}: org/gradle/api/internal/DefaultNamedDomainObjectListBeanInfo> (0x00000000836db6d0) 
thrown [s\src\hotspot\share\classfile\systemDictionary.cpp, line 256]
Event: 4.956 Thread 0x000002077da40c50 Exception <a 'java/lang/ClassNotFoundException'{0x00000000836ef468}: org/gradle/api/internal/DefaultNamedDomainObjectCollectionBeanInfo> (0x00000000836ef468) 
thrown [s\src\hotspot\share\classfile\systemDictionary.cpp, line 256]
Event: 4.957 Thread 0x000002077da40c50 Exception <a 'java/lang/ClassNotFoundException'{0x0000000083503630}: org/gradle/api/internal/DefaultDomainObjectCollectionBeanInfo> (0x0000000083503630) 
thrown [s\src\hotspot\share\classfile\systemDictionary.cpp, line 256]
Event: 4.957 Thread 0x000002077da40c50 Exception <a 'java/lang/ClassNotFoundException'{0x0000000083509ad8}: java/util/AbstractCollectionBeanInfo> (0x0000000083509ad8) 
thrown [s\src\hotspot\share\classfile\systemDictionary.cpp, line 256]
Event: 4.957 Thread 0x000002077da40c50 Exception <a 'java/lang/ClassNotFoundException'{0x000000008350fee8}: java/util/AbstractCollectionCustomizer> (0x000000008350fee8) 
thrown [s\src\hotspot\share\classfile\systemDictionary.cpp, line 256]
Event: 4.961 Thread 0x000002077da40c50 Exception <a 'java/lang/ClassNotFoundException'{0x000000008352db70}: org/gradle/api/internal/DefaultDomainObjectCollectionCustomizer> (0x000000008352db70) 
thrown [s\src\hotspot\share\classfile\systemDictionary.cpp, line 256]
Event: 4.965 Thread 0x000002077da40c50 Exception <a 'java/lang/ClassNotFoundException'{0x00000000835620d0}: org/gradle/api/internal/DefaultNamedDomainObjectCollectionCustomizer> (0x00000000835620d0) 
thrown [s\src\hotspot\share\classfile\systemDictionary.cpp, line 256]
Event: 4.967 Thread 0x000002077da40c50 Exception <a 'java/lang/ClassNotFoundException'{0x00000000835a28e8}: org/gradle/api/internal/DefaultNamedDomainObjectListCustomizer> (0x00000000835a28e8) 
thrown [s\src\hotspot\share\classfile\systemDictionary.cpp, line 256]
Event: 4.968 Thread 0x000002077da40c50 Exception <a 'java/lang/ClassNotFoundException'{0x00000000835d40e0}: org/gradle/api/internal/artifacts/DefaultArtifactRepositoryContainerCustomizer> (0x00000000835d40e0) 
thrown [s\src\hotspot\share\classfile\systemDictionary.cpp, line 256]
Event: 4.970 Thread 0x000002077da40c50 Exception <a 'java/lang/ClassNotFoundException'{0x00000000835fd5a8}: org/gradle/api/internal/artifacts/dsl/DefaultRepositoryHandlerCustomizer> (0x00000000835fd5a8) 
thrown [s\src\hotspot\share\classfile\systemDictionary.cpp, line 256]
Event: 4.971 Thread 0x000002077da40c50 Exception <a 'java/lang/ClassNotFoundException'{0x0000000083435240}: org/gradle/api/internal/artifacts/dsl/DefaultRepositoryHandler_DecoratedCustomizer> (0x0000000083435240) 
thrown [s\src\hotspot\share\classfile\systemDictionary.cpp, line 256]

VM Operations (20 events):
Event: 4.419 Executing VM operation: HandshakeAllThreads
Event: 4.419 Executing VM operation: HandshakeAllThreads done
Event: 4.451 Executing VM operation: HandshakeAllThreads
Event: 4.451 Executing VM operation: HandshakeAllThreads done
Event: 4.547 Executing VM operation: HandshakeAllThreads
Event: 4.548 Executing VM operation: HandshakeAllThreads done
Event: 4.548 Executing VM operation: HandshakeAllThreads
Event: 4.548 Executing VM operation: HandshakeAllThreads done
Event: 4.552 Executing VM operation: HandshakeAllThreads
Event: 4.552 Executing VM operation: HandshakeAllThreads done
Event: 4.555 Executing VM operation: HandshakeAllThreads
Event: 4.555 Executing VM operation: HandshakeAllThreads done
Event: 4.561 Executing VM operation: HandshakeAllThreads
Event: 4.561 Executing VM operation: HandshakeAllThreads done
Event: 4.616 Executing VM operation: HandshakeAllThreads
Event: 4.616 Executing VM operation: HandshakeAllThreads done
Event: 4.652 Executing VM operation: G1CollectForAllocation
Event: 4.657 Executing VM operation: G1CollectForAllocation done
Event: 4.892 Executing VM operation: ICBufferFull
Event: 4.893 Executing VM operation: ICBufferFull done

Events (20 events):
Event: 4.839 loading class sun/reflect/MagicAccessorImpl done
Event: 4.875 loading class java/util/BitSet$1BitSetSpliterator
Event: 4.875 loading class java/util/BitSet$1BitSetSpliterator done
Event: 4.882 loading class jdk/internal/reflect/UnsafeStaticIntegerFieldAccessorImpl
Event: 4.882 loading class jdk/internal/reflect/UnsafeStaticIntegerFieldAccessorImpl done
Event: 4.886 loading class sun/nio/fs/WindowsException
Event: 4.886 loading class sun/nio/fs/WindowsException done
Event: 4.897 Thread 0x000002070fc83860 Thread added: 0x000002070fc83860
Event: 4.957 loading class java/util/AbstractCollectionBeanInfo
Event: 4.957 loading class java/util/AbstractCollectionBeanInfo done
Event: 4.957 loading class java/util/AbstractCollectionBeanInfo
Event: 4.957 loading class java/util/AbstractCollectionBeanInfo done
Event: 4.957 loading class java/util/AbstractCollectionCustomizer
Event: 4.957 loading class java/util/AbstractCollectionCustomizer done
Event: 4.957 loading class java/util/AbstractCollectionCustomizer
Event: 4.957 loading class java/util/AbstractCollectionCustomizer done
Event: 4.957 loading class sun/reflect/generics/tree/BooleanSignature
Event: 4.957 loading class sun/reflect/generics/tree/BooleanSignature done
Event: 4.958 loading class sun/reflect/generics/reflectiveObjects/GenericArrayTypeImpl
Event: 4.958 loading class sun/reflect/generics/reflectiveObjects/GenericArrayTypeImpl done


Dynamic libraries:
0x00007ff603c10000 - 0x00007ff603c1a000 	C:\Program Files\Android\Android Studio\jbr\bin\java.exe
0x00007ffec4130000 - 0x00007ffec4347000 	C:\WINDOWS\SYSTEM32\ntdll.dll
0x00007ffec3c70000 - 0x00007ffec3d34000 	C:\WINDOWS\System32\KERNEL32.DLL
0x00007ffec17e0000 - 0x00007ffec1b97000 	C:\WINDOWS\System32\KERNELBASE.dll
0x00007ffec1580000 - 0x00007ffec1691000 	C:\WINDOWS\System32\ucrtbase.dll
0x00007ffe45360000 - 0x00007ffe45377000 	C:\Program Files\Android\Android Studio\jbr\bin\jli.dll
0x00007ffeae150000 - 0x00007ffeae16b000 	C:\Program Files\Android\Android Studio\jbr\bin\VCRUNTIME140.dll
0x00007ffec2d60000 - 0x00007ffec2f0f000 	C:\WINDOWS\System32\USER32.dll
0x00007ffec1740000 - 0x00007ffec1766000 	C:\WINDOWS\System32\win32u.dll
0x00007ffeaeef0000 - 0x00007ffeaf183000 	C:\WINDOWS\WinSxS\amd64_microsoft.windows.common-controls_6595b64144ccf1df_6.0.22621.3672_none_2713b9d173822955\COMCTL32.dll
0x00007ffec3a10000 - 0x00007ffec3ab7000 	C:\WINDOWS\System32\msvcrt.dll
0x00007ffec38a0000 - 0x00007ffec38c9000 	C:\WINDOWS\System32\GDI32.dll
0x00007ffec1d10000 - 0x00007ffec1e28000 	C:\WINDOWS\System32\gdi32full.dll
0x00007ffec16a0000 - 0x00007ffec173a000 	C:\WINDOWS\System32\msvcp_win.dll
0x00007ffec38f0000 - 0x00007ffec3921000 	C:\WINDOWS\System32\IMM32.DLL
0x00007ffebc640000 - 0x00007ffebc64c000 	C:\Program Files\Android\Android Studio\jbr\bin\vcruntime140_1.dll
0x00007ffe915b0000 - 0x00007ffe9163d000 	C:\Program Files\Android\Android Studio\jbr\bin\msvcp140.dll
0x00007ffe5ae10000 - 0x00007ffe5ba7e000 	C:\Program Files\Android\Android Studio\jbr\bin\server\jvm.dll
0x00007ffec2f10000 - 0x00007ffec2fc2000 	C:\WINDOWS\System32\ADVAPI32.dll
0x00007ffec3d60000 - 0x00007ffec3e08000 	C:\WINDOWS\System32\sechost.dll
0x00007ffec1e30000 - 0x00007ffec1e58000 	C:\WINDOWS\System32\bcrypt.dll
0x00007ffec30a0000 - 0x00007ffec31b4000 	C:\WINDOWS\System32\RPCRT4.dll
0x00007ffe8b8b0000 - 0x00007ffe8b8b9000 	C:\WINDOWS\SYSTEM32\WSOCK32.dll
0x00007ffebb4a0000 - 0x00007ffebb4aa000 	C:\WINDOWS\SYSTEM32\VERSION.dll
0x00007ffebb7f0000 - 0x00007ffebb824000 	C:\WINDOWS\SYSTEM32\WINMM.dll
0x00007ffec3fd0000 - 0x00007ffec4041000 	C:\WINDOWS\System32\WS2_32.dll
0x00007ffec0540000 - 0x00007ffec0558000 	C:\WINDOWS\SYSTEM32\kernel.appcore.dll
0x00007ffe84880000 - 0x00007ffe8488a000 	C:\Program Files\Android\Android Studio\jbr\bin\jimage.dll
0x00007ffebef90000 - 0x00007ffebf1c2000 	C:\WINDOWS\SYSTEM32\DBGHELP.DLL
0x00007ffec33b0000 - 0x00007ffec373e000 	C:\WINDOWS\System32\combase.dll
0x00007ffec31c0000 - 0x00007ffec3297000 	C:\WINDOWS\System32\OLEAUT32.dll
0x00007ffe9c980000 - 0x00007ffe9c9b2000 	C:\WINDOWS\SYSTEM32\dbgcore.DLL
0x00007ffec1440000 - 0x00007ffec14bb000 	C:\WINDOWS\System32\bcryptPrimitives.dll
0x00007ffe45380000 - 0x00007ffe4538e000 	C:\Program Files\Android\Android Studio\jbr\bin\instrument.dll
0x00007ffe5adc0000 - 0x00007ffe5ade5000 	C:\Program Files\Android\Android Studio\jbr\bin\java.dll
0x00007ffe5ada0000 - 0x00007ffe5adb8000 	C:\Program Files\Android\Android Studio\jbr\bin\zip.dll
0x00007ffec24f0000 - 0x00007ffec2d59000 	C:\WINDOWS\System32\SHELL32.dll
0x00007ffebf330000 - 0x00007ffebfc2f000 	C:\WINDOWS\SYSTEM32\windows.storage.dll
0x00007ffebf1f0000 - 0x00007ffebf32f000 	C:\WINDOWS\SYSTEM32\wintypes.dll
0x00007ffec32a0000 - 0x00007ffec3399000 	C:\WINDOWS\System32\SHCORE.dll
0x00007ffec3930000 - 0x00007ffec398e000 	C:\WINDOWS\System32\shlwapi.dll
0x00007ffec1370000 - 0x00007ffec1397000 	C:\WINDOWS\SYSTEM32\profapi.dll
0x00007ffe4c490000 - 0x00007ffe4c4a9000 	C:\Program Files\Android\Android Studio\jbr\bin\net.dll
0x00007ffeb8cf0000 - 0x00007ffeb8e26000 	C:\WINDOWS\SYSTEM32\WINHTTP.dll
0x00007ffec09b0000 - 0x00007ffec0a19000 	C:\WINDOWS\system32\mswsock.dll
0x00007ffe4c470000 - 0x00007ffe4c486000 	C:\Program Files\Android\Android Studio\jbr\bin\nio.dll
0x00007ffe83600000 - 0x00007ffe83610000 	C:\Program Files\Android\Android Studio\jbr\bin\verify.dll
0x00007ffebc690000 - 0x00007ffebc6b7000 	C:\Users\scher\.gradle\native\68d5fa5c4cc2d200863cafc0d521ce42e7d3e7ee720ec0a83991735586a16f82\windows-amd64\native-platform.dll
0x00007ffe89100000 - 0x00007ffe89244000 	C:\Users\scher\.gradle\native\e376f236ea51e6404a007f0833ffe2c6e607c4080706a723a18a27aeea778392\windows-amd64\native-platform-file-events.dll
0x00007ffe83420000 - 0x00007ffe83429000 	C:\Program Files\Android\Android Studio\jbr\bin\management.dll
0x00007ffe4bd60000 - 0x00007ffe4bd6b000 	C:\Program Files\Android\Android Studio\jbr\bin\management_ext.dll
0x00007ffec40e0000 - 0x00007ffec40e8000 	C:\WINDOWS\System32\PSAPI.DLL
0x00007ffec0bf0000 - 0x00007ffec0c0b000 	C:\WINDOWS\SYSTEM32\CRYPTSP.dll
0x00007ffec04a0000 - 0x00007ffec04d5000 	C:\WINDOWS\system32\rsaenh.dll
0x00007ffec0a70000 - 0x00007ffec0a98000 	C:\WINDOWS\SYSTEM32\USERENV.dll
0x00007ffec0c10000 - 0x00007ffec0c1c000 	C:\WINDOWS\SYSTEM32\CRYPTBASE.dll
0x00007ffebff00000 - 0x00007ffebff2d000 	C:\WINDOWS\SYSTEM32\IPHLPAPI.DLL
0x00007ffec38d0000 - 0x00007ffec38d9000 	C:\WINDOWS\System32\NSI.dll
0x00007ffeb8ae0000 - 0x00007ffeb8af9000 	C:\WINDOWS\SYSTEM32\dhcpcsvc6.DLL
0x00007ffeb8a90000 - 0x00007ffeb8aaf000 	C:\WINDOWS\SYSTEM32\dhcpcsvc.DLL
0x00007ffebff70000 - 0x00007ffec0072000 	C:\WINDOWS\SYSTEM32\DNSAPI.dll
0x00007ffe45390000 - 0x00007ffe45398000 	C:\WINDOWS\system32\wshunix.dll

dbghelp: loaded successfully - version: 4.0.5 - missing functions: none
symbol engine: initialized successfully - sym options: 0x614 - pdb path: .;C:\Program Files\Android\Android Studio\jbr\bin;C:\WINDOWS\SYSTEM32;C:\WINDOWS\WinSxS\amd64_microsoft.windows.common-controls_6595b64144ccf1df_6.0.22621.3672_none_2713b9d173822955;C:\Program Files\Android\Android Studio\jbr\bin\server;C:\Users\scher\.gradle\native\68d5fa5c4cc2d200863cafc0d521ce42e7d3e7ee720ec0a83991735586a16f82\windows-amd64;C:\Users\scher\.gradle\native\e376f236ea51e6404a007f0833ffe2c6e607c4080706a723a18a27aeea778392\windows-amd64

VM Arguments:
jvm_args: --add-opens=java.base/java.util=ALL-UNNAMED --add-opens=java.base/java.lang=ALL-UNNAMED --add-opens=java.base/java.lang.invoke=ALL-UNNAMED --add-opens=java.prefs/java.util.prefs=ALL-UNNAMED --add-opens=java.base/java.nio.charset=ALL-UNNAMED --add-opens=java.base/java.net=ALL-UNNAMED --add-opens=java.base/java.util.concurrent.atomic=ALL-UNNAMED -Xmx2048m -Dfile.encoding=UTF-8 -Duser.country=BR -Duser.language=pt -Duser.variant -javaagent:C:\Users\scher\.gradle\wrapper\dists\gradle-8.1-bin\2eyty4r6kz6fpakefpk52nbbm\gradle-8.1\lib\agents\gradle-instrumentation-agent-8.1.jar 
java_command: org.gradle.launcher.daemon.bootstrap.GradleDaemon 8.1
java_class_path (initial): C:\Users\scher\.gradle\wrapper\dists\gradle-8.1-bin\2eyty4r6kz6fpakefpk52nbbm\gradle-8.1\lib\gradle-launcher-8.1.jar
Launcher Type: SUN_STANDARD

[Global flags]
     intx CICompilerCount                          = 4                                         {product} {ergonomic}
     uint ConcGCThreads                            = 2                                         {product} {ergonomic}
     uint G1ConcRefinementThreads                  = 8                                         {product} {ergonomic}
   size_t G1HeapRegionSize                         = 1048576                                   {product} {ergonomic}
    uintx GCDrainStackTargetSize                   = 64                                        {product} {ergonomic}
   size_t InitialHeapSize                          = 134217728                                 {product} {ergonomic}
   size_t MarkStackSize                            = 4194304                                   {product} {ergonomic}
   size_t MaxHeapSize                              = 2147483648                                {product} {command line}
   size_t MaxNewSize                               = 1287651328                                {product} {ergonomic}
   size_t MinHeapDeltaBytes                        = 1048576                                   {product} {ergonomic}
   size_t MinHeapSize                              = 8388608                                   {product} {ergonomic}
    uintx NonNMethodCodeHeapSize                   = 5839372                                {pd product} {ergonomic}
    uintx NonProfiledCodeHeapSize                  = 122909434                              {pd product} {ergonomic}
    uintx ProfiledCodeHeapSize                     = 122909434                              {pd product} {ergonomic}
    uintx ReservedCodeCacheSize                    = 251658240                              {pd product} {ergonomic}
     bool SegmentedCodeCache                       = true                                      {product} {ergonomic}
   size_t SoftMaxHeapSize                          = 2147483648                             {manageable} {ergonomic}
     bool UseCompressedClassPointers               = true                           {product lp64_product} {ergonomic}
     bool UseCompressedOops                        = true                           {product lp64_product} {ergonomic}
     bool UseG1GC                                  = true                                      {product} {ergonomic}
     bool UseLargePagesIndividualAllocation        = false                                  {pd product} {ergonomic}

Logging:
Log output configuration:
 #0: stdout all=warning uptime,level,tags
 #1: stderr all=off uptime,level,tags

Environment Variables:
PATH=C:\Program Files\Common Files\Oracle\Java\javapath;C:\Program Files (x86)\Embarcadero\Studio\22.0\bin;C:\Users\Public\Documents\Embarcadero\Studio\22.0\Bpl;C:\Program Files (x86)\Embarcadero\Studio\22.0\bin64;C:\Users\Public\Documents\Embarcadero\Studio\22.0\Bpl\Win64;C:\Program Files (x86)\Embarcadero\Studio\21.0\bin;C:\Users\Public\Documents\Embarcadero\Studio\21.0\Bpl;C:\Program Files (x86)\Embarcadero\Studio\21.0\bin64;C:\Users\Public\Documents\Embarcadero\Studio\21.0\Bpl\Win64;C:\Windows\system32;C:\Windows;C:\Windows\System32\Wbem;C:\Windows\System32\WindowsPowerShell\v1.0\;C:\Windows\System32\OpenSSH\;C:\Program Files (x86)\NVIDIA Corporation\PhysX\Common;C:\Program Files\NVIDIA Corporation\NVIDIA NvDLISR;C:\WINDOWS\system32;C:\WINDOWS;C:\WINDOWS\System32\Wbem;C:\WINDOWS\System32\WindowsPowerShell\v1.0\;C:\WINDOWS\System32\OpenSSH\;C:\Program Files\dotnet\;C:\Program Files (x86)\Windows Kits\10\Windows Performance Toolkit\;C:\Program Files\Git\cmd;C:\Users\scher\AppData\Local\Microsoft\WindowsApps;;C:\Users\scher\AppData\Local\Programs\Microsoft VS Code\bin
USERNAME=scher
OS=Windows_NT
PROCESSOR_IDENTIFIER=Intel64 Family 6 Model 142 Stepping 12, GenuineIntel
TMP=C:\Users\scher\AppData\Local\Temp
TEMP=C:\Users\scher\AppData\Local\Temp


JNI global refs:
JNI global refs: 25, weak refs: 4

JNI global refs memory usage: 843, weak refs: 841


---------------  S Y S T E M  ---------------

OS:
 Windows 11 , 64 bit Build 22621 (10.0.22621.3958)
OS uptime: 5 days 11:54 hours
Hyper-V role detected

CPU: total 8 (initial active 8) (4 cores per cpu, 2 threads per core) family 6 model 142 stepping 12 microcode 0xea, cx8, cmov, fxsr, ht, mmx, 3dnowpref, sse, sse2, sse3, ssse3, sse4.1, sse4.2, popcnt, lzcnt, tsc, tscinvbit, avx, avx2, aes, erms, clmul, bmi1, bmi2, adx, fma, vzeroupper, clflush, clflushopt, hv

Memory: 4k page, system-wide physical 8072M (467M free)
TotalPageFile size 10120M (AvailPageFile size 5M)
current process WorkingSet (physical memory assigned to process): 236M, peak: 236M
current process commit charge ("private bytes"): 273M, peak: 274M

vm_info: OpenJDK 64-Bit Server VM (17.0.6+0-b2043.56-10027231) for windows-amd64 JRE (17.0.6+0-b2043.56-10027231), built on Apr 28 2023 00:43:19 by "androidbuild" with MS VC++ 16.10 / 16.11 (VS2019)

END.
