#
# There is insufficient memory for the Java Runtime Environment to continue.
# Native memory allocation (malloc) failed to allocate 2009056 bytes for Chunk::new
# Possible reasons:
#   The system is out of physical RAM or swap space
#   The process is running with CompressedOops enabled, and the Java Heap may be blocking the growth of the native heap
# Possible solutions:
#   Reduce memory load on the system
#   Increase physical memory or swap space
#   Check if swap backing store is full
#   Decrease Java heap size (-Xmx/-Xms)
#   Decrease number of Java threads
#   Decrease Java thread stack sizes (-Xss)
#   Set larger code cache with -XX:ReservedCodeCacheSize=
#   JVM is running with Unscaled Compressed Oops mode in which the Java heap is
#     placed in the first 4GB address space. The Java Heap base address is the
#     maximum limit for the native heap growth. Please use -XX:HeapBaseMinAddress
#     to set the Java Heap base and to place the Java Heap above 4GB virtual address.
# This output file may be truncated or incomplete.
#
#  Out of Memory Error (arena.cpp:189), pid=6992, tid=6760
#
# JRE version: OpenJDK Runtime Environment (17.0.6) (build 17.0.6+0-b2043.56-10027231)
# Java VM: OpenJDK 64-Bit Server VM (17.0.6+0-b2043.56-10027231, mixed mode, tiered, compressed oops, compressed class ptrs, g1 gc, windows-amd64)
# No core dump will be written. Minidumps are not enabled by default on client versions of Windows
#

---------------  S U M M A R Y ------------

Command Line: --add-opens=java.base/java.util=ALL-UNNAMED --add-opens=java.base/java.lang=ALL-UNNAMED --add-opens=java.base/java.lang.invoke=ALL-UNNAMED --add-opens=java.prefs/java.util.prefs=ALL-UNNAMED --add-opens=java.base/java.nio.charset=ALL-UNNAMED --add-opens=java.base/java.net=ALL-UNNAMED --add-opens=java.base/java.util.concurrent.atomic=ALL-UNNAMED -Xmx2048m -Dfile.encoding=UTF-8 -Duser.country=BR -Duser.language=pt -Duser.variant org.gradle.launcher.daemon.bootstrap.GradleDaemon 8.0

Host: Intel(R) Core(TM) i7-8565U CPU @ 1.80GHz, 8 cores, 7G,  Windows 11 , 64 bit Build 22621 (10.0.22621.3958)
Time: Sat Sep 21 19:55:17 2024 Hora oficial do Brasil elapsed time: 23.004124 seconds (0d 0h 0m 23s)

---------------  T H R E A D  ---------------

Current thread (0x0000012fbdf59390):  JavaThread "C2 CompilerThread1" daemon [_thread_in_native, id=6760, stack(0x0000000cc3300000,0x0000000cc3400000)]


Current CompileTask:
C2:  23004 12214       4       org.gradle.internal.component.model.ComponentAttributeMatcher::match (284 bytes)

Stack: [0x0000000cc3300000,0x0000000cc3400000]
Native frames: (J=compiled Java code, j=interpreted, Vv=VM code, C=native code)
V  [jvm.dll+0x683c9a]
V  [jvm.dll+0x8427a4]
V  [jvm.dll+0x843f9e]
V  [jvm.dll+0x844603]
V  [jvm.dll+0x249b75]
V  [jvm.dll+0xabcac]
V  [jvm.dll+0xac27c]
V  [jvm.dll+0x368857]
V  [jvm.dll+0x332f31]
V  [jvm.dll+0x3323da]
V  [jvm.dll+0x21c201]
V  [jvm.dll+0x21b621]
V  [jvm.dll+0x1a4fdd]
V  [jvm.dll+0x22b098]
V  [jvm.dll+0x229159]
V  [jvm.dll+0x7f81ec]
V  [jvm.dll+0x7f274a]
V  [jvm.dll+0x682ad5]
C  [ucrtbase.dll+0x29333]
C  [KERNEL32.DLL+0x1257d]
C  [ntdll.dll+0x5af28]


---------------  P R O C E S S  ---------------

Threads class SMR info:
_java_thread_list=0x0000012fbdc3a7f0, length=127, elements={
0x0000012f96cf01f0, 0x0000012fb341c260, 0x0000012fb341d0d0, 0x0000012fb34664d0,
0x0000012fb3467080, 0x0000012fb3467c30, 0x0000012fb346a5f0, 0x0000012fb346b380,
0x0000012fb3477330, 0x0000012fb347a540, 0x0000012fb35edb20, 0x0000012fb35ee400,
0x0000012fb6095030, 0x0000012fb4f48cb0, 0x0000012fb6125c50, 0x0000012fb690fc40,
0x0000012fb4a373d0, 0x0000012fb4a37d70, 0x0000012fb4a38240, 0x0000012fb4a34d50,
0x0000012fb4a36a30, 0x0000012fb4a36f00, 0x0000012fb4a356f0, 0x0000012fb4a378a0,
0x0000012fb4a36090, 0x0000012fb9599c00, 0x0000012fb95988c0, 0x0000012fb959d0f0,
0x0000012fb9597580, 0x0000012fb959b8e0, 0x0000012fb9597f20, 0x0000012fb959df60,
0x0000012fb9aa5a00, 0x0000012fb9aac8b0, 0x0000012fbd095610, 0x0000012fbd0942d0,
0x0000012fbd092f90, 0x0000012fbd091c50, 0x0000012fbd08e290, 0x0000012fbd091780,
0x0000012fbd092120, 0x0000012fbd08e760, 0x0000012fbd08ff70, 0x0000012fbd08faa0,
0x0000012fbd0947a0, 0x0000012fbdf59390, 0x0000012fbdf58e80, 0x0000012fbd0925f0,
0x0000012fbd093460, 0x0000012fbd090440, 0x0000012fbd090910, 0x0000012fbd093930,
0x0000012fbd0912b0, 0x0000012fbd093e00, 0x0000012fbd08ec30, 0x0000012fbd095ae0,
0x0000012fbd094c70, 0x0000012fbd095140, 0x0000012fbd08f100, 0x0000012fbd08f5d0,
0x0000012fb764ce70, 0x0000012fb76529e0, 0x0000012fb764f9c0, 0x0000012fb7650d00,
0x0000012fb7652510, 0x0000012fb764f4f0, 0x0000012fb764fe90, 0x0000012fb76516a0,
0x0000012fb7650360, 0x0000012fb764e680, 0x0000012fb764c9a0, 0x0000012fb7653380,
0x0000012fb7650830, 0x0000012fb764c4d0, 0x0000012fb764c000, 0x0000012fb7652040,
0x0000012fb764f020, 0x0000012fb764e1b0, 0x0000012fb764eb50, 0x0000012fb76511d0,
0x0000012fb7651b70, 0x0000012fb7653850, 0x0000012fb9aa7210, 0x0000012fb9aaba40,
0x0000012fb9aa76e0, 0x0000012fb9aaa230, 0x0000012fb9aa93c0, 0x0000012fb9aab0a0,
0x0000012fb9aab570, 0x0000012fb9aa5060, 0x0000012fb9aa5530, 0x0000012fb959e900,
0x0000012fb9599260, 0x0000012fb95970b0, 0x0000012fb959c750, 0x0000012fb959a5a0,
0x0000012fb9597a50, 0x0000012fb9599730, 0x0000012fb959cc20, 0x0000012fb959d5c0,
0x0000012fb4a38710, 0x0000012fb4a35bc0, 0x0000012fb4a36560, 0x0000012fb4a35220,
0x0000012fbacba4a0, 0x0000012fbacbc650, 0x0000012fbacbae40, 0x0000012fbacb9b00,
0x0000012fbacbc180, 0x0000012fbacba970, 0x0000012fbacbcb20, 0x0000012fbacbb7e0,
0x0000012fbacbb310, 0x0000012fbacb9fd0, 0x0000012fbacbbcb0, 0x0000012fbacb9160,
0x0000012fbacb9630, 0x0000012fba496de0, 0x0000012fba498f90, 0x0000012fba49a2d0,
0x0000012fba499e00, 0x0000012fba496910, 0x0000012fba4972b0, 0x0000012fba499460,
0x0000012fba494760, 0x0000012fba495100, 0x0000012fba494290
}

Java Threads: ( => current thread )
  0x0000012f96cf01f0 JavaThread "main" [_thread_blocked, id=5764, stack(0x0000000cbff00000,0x0000000cc0000000)]
  0x0000012fb341c260 JavaThread "Reference Handler" daemon [_thread_blocked, id=4776, stack(0x0000000cc0600000,0x0000000cc0700000)]
  0x0000012fb341d0d0 JavaThread "Finalizer" daemon [_thread_blocked, id=4988, stack(0x0000000cc0700000,0x0000000cc0800000)]
  0x0000012fb34664d0 JavaThread "Signal Dispatcher" daemon [_thread_blocked, id=4728, stack(0x0000000cc0800000,0x0000000cc0900000)]
  0x0000012fb3467080 JavaThread "Attach Listener" daemon [_thread_blocked, id=6988, stack(0x0000000cc0900000,0x0000000cc0a00000)]
  0x0000012fb3467c30 JavaThread "Service Thread" daemon [_thread_blocked, id=13332, stack(0x0000000cc0a00000,0x0000000cc0b00000)]
  0x0000012fb346a5f0 JavaThread "Monitor Deflation Thread" daemon [_thread_blocked, id=9796, stack(0x0000000cc0b00000,0x0000000cc0c00000)]
  0x0000012fb346b380 JavaThread "C2 CompilerThread0" daemon [_thread_in_native, id=312, stack(0x0000000cc0c00000,0x0000000cc0d00000)]
  0x0000012fb3477330 JavaThread "C1 CompilerThread0" daemon [_thread_blocked, id=3236, stack(0x0000000cc0d00000,0x0000000cc0e00000)]
  0x0000012fb347a540 JavaThread "Sweeper thread" daemon [_thread_blocked, id=11432, stack(0x0000000cc0e00000,0x0000000cc0f00000)]
  0x0000012fb35edb20 JavaThread "Common-Cleaner" daemon [_thread_blocked, id=10840, stack(0x0000000cc0f00000,0x0000000cc1000000)]
  0x0000012fb35ee400 JavaThread "Notification Thread" daemon [_thread_blocked, id=13776, stack(0x0000000cc1000000,0x0000000cc1100000)]
  0x0000012fb6095030 JavaThread "Daemon health stats" [_thread_blocked, id=14104, stack(0x0000000cc1800000,0x0000000cc1900000)]
  0x0000012fb4f48cb0 JavaThread "Incoming local TCP Connector on port 51877" [_thread_in_native, id=1752, stack(0x0000000cc1900000,0x0000000cc1a00000)]
  0x0000012fb6125c50 JavaThread "Daemon periodic checks" [_thread_blocked, id=3864, stack(0x0000000cc1a00000,0x0000000cc1b00000)]
  0x0000012fb690fc40 JavaThread "Daemon" [_thread_blocked, id=1748, stack(0x0000000cc1b00000,0x0000000cc1c00000)]
  0x0000012fb4a373d0 JavaThread "Daemon worker" [_thread_in_Java, id=6196, stack(0x0000000cc1e00000,0x0000000cc1f00000)]
  0x0000012fb4a37d70 JavaThread "Cache worker for journal cache (C:\Users\scher\.gradle\caches\journal-1)" [_thread_blocked, id=8768, stack(0x0000000cc2600000,0x0000000cc2700000)]
  0x0000012fb4a38240 JavaThread "File lock request listener" [_thread_in_native, id=13852, stack(0x0000000cc2700000,0x0000000cc2800000)]
  0x0000012fb4a34d50 JavaThread "Cache worker for file hash cache (C:\Users\scher\.gradle\caches\8.0\fileHashes)" [_thread_blocked, id=13596, stack(0x0000000cc2800000,0x0000000cc2900000)]
  0x0000012fb4a36a30 JavaThread "File watcher server" daemon [_thread_in_native, id=7828, stack(0x0000000cc2900000,0x0000000cc2a00000)]
  0x0000012fb4a36f00 JavaThread "File watcher consumer" daemon [_thread_blocked, id=9752, stack(0x0000000cc2a00000,0x0000000cc2b00000)]
  0x0000012fb4a356f0 JavaThread "jar transforms" [_thread_blocked, id=9060, stack(0x0000000cc2b00000,0x0000000cc2c00000)]
  0x0000012fb4a378a0 JavaThread "jar transforms Thread 2" [_thread_blocked, id=12808, stack(0x0000000cc2c00000,0x0000000cc2d00000)]
  0x0000012fb4a36090 JavaThread "jar transforms Thread 3" [_thread_blocked, id=8916, stack(0x0000000cc2d00000,0x0000000cc2e00000)]
  0x0000012fb9599c00 JavaThread "jar transforms Thread 4" [_thread_blocked, id=9852, stack(0x0000000cc2e00000,0x0000000cc2f00000)]
  0x0000012fb95988c0 JavaThread "jar transforms Thread 5" [_thread_blocked, id=3816, stack(0x0000000cc2f00000,0x0000000cc3000000)]
  0x0000012fb959d0f0 JavaThread "jar transforms Thread 6" [_thread_blocked, id=9128, stack(0x0000000cc3000000,0x0000000cc3100000)]
  0x0000012fb9597580 JavaThread "jar transforms Thread 7" [_thread_blocked, id=8820, stack(0x0000000cc3100000,0x0000000cc3200000)]
  0x0000012fb959b8e0 JavaThread "jar transforms Thread 8" [_thread_blocked, id=13872, stack(0x0000000cc3200000,0x0000000cc3300000)]
  0x0000012fb9597f20 JavaThread "Cache worker for file content cache (C:\Users\scher\.gradle\caches\8.0\fileContent)" [_thread_blocked, id=8056, stack(0x0000000cc3500000,0x0000000cc3600000)]
  0x0000012fb959df60 JavaThread "Cache worker for execution history cache (C:\Users\scher\.gradle\caches\8.0\executionHistory)" [_thread_blocked, id=2896, stack(0x0000000cc3800000,0x0000000cc3900000)]
  0x0000012fb9aa5a00 JavaThread "Memory manager" [_thread_blocked, id=13684, stack(0x0000000cc8b00000,0x0000000cc8c00000)]
  0x0000012fb9aac8b0 JavaThread "included builds" [_thread_blocked, id=7516, stack(0x0000000cc8c00000,0x0000000cc8d00000)]
  0x0000012fbd095610 JavaThread "Handler for socket connection from /127.0.0.1:51877 to /127.0.0.1:51888" [_thread_in_native, id=1736, stack(0x0000000cc1200000,0x0000000cc1300000)]
  0x0000012fbd0942d0 JavaThread "Cancel handler" [_thread_blocked, id=13572, stack(0x0000000cc1700000,0x0000000cc1800000)]
  0x0000012fbd092f90 JavaThread "Asynchronous log dispatcher for DefaultDaemonConnection: socket connection from /127.0.0.1:51877 to /127.0.0.1:51888" [_thread_blocked, id=3696, stack(0x0000000cc1c00000,0x0000000cc1d00000)]
  0x0000012fbd091c50 JavaThread "Stdin handler" [_thread_blocked, id=2384, stack(0x0000000cc1d00000,0x0000000cc1e00000)]
  0x0000012fbd08e290 JavaThread "Daemon client event forwarder" [_thread_blocked, id=8924, stack(0x0000000cc1f00000,0x0000000cc2000000)]
  0x0000012fbd091780 JavaThread "Cache worker for checksums cache (C:\Users\scher\Documents\PROJETOS ANDROID\NOVO\RECICLAAI\.gradle\8.0\checksums)" [_thread_blocked, id=9576, stack(0x0000000cc2000000,0x0000000cc2100000)]
  0x0000012fbd092120 JavaThread "Cache worker for cache directory md-rule (C:\Users\scher\.gradle\caches\8.0\md-rule)" [_thread_blocked, id=13140, stack(0x0000000cc3400000,0x0000000cc3500000)]
  0x0000012fbd08e760 JavaThread "Cache worker for file hash cache (C:\Users\scher\Documents\PROJETOS ANDROID\NOVO\RECICLAAI\.gradle\8.0\fileHashes)" [_thread_blocked, id=13328, stack(0x0000000cc3600000,0x0000000cc3700000)]
  0x0000012fbd08ff70 JavaThread "Cache worker for cache directory md-supplier (C:\Users\scher\.gradle\caches\8.0\md-supplier)" [_thread_blocked, id=10548, stack(0x0000000cc3700000,0x0000000cc3800000)]
  0x0000012fbd08faa0 JavaThread "Cache worker for dependencies-accessors (C:\Users\scher\Documents\PROJETOS ANDROID\NOVO\RECICLAAI\.gradle\8.0\dependencies-accessors)" [_thread_blocked, id=8360, stack(0x0000000cc3900000,0x0000000cc3a00000)]
  0x0000012fbd0947a0 JavaThread "Cache worker for Build Output Cleanup Cache (C:\Users\scher\Documents\PROJETOS ANDROID\NOVO\RECICLAAI\.gradle\buildOutputCleanup)" [_thread_blocked, id=3800, stack(0x0000000cc2100000,0x0000000cc2200000)]
=>0x0000012fbdf59390 JavaThread "C2 CompilerThread1" daemon [_thread_in_native, id=6760, stack(0x0000000cc3300000,0x0000000cc3400000)]
  0x0000012fbdf58e80 JavaThread "C2 CompilerThread2" daemon [_thread_in_native, id=6712, stack(0x0000000cc3a00000,0x0000000cc3b00000)]
  0x0000012fbd0925f0 JavaThread "Unconstrained build operations" [_thread_blocked, id=12628, stack(0x0000000cc3b00000,0x0000000cc3c00000)]
  0x0000012fbd093460 JavaThread "Unconstrained build operations Thread 2" [_thread_blocked, id=1760, stack(0x0000000cc3c00000,0x0000000cc3d00000)]
  0x0000012fbd090440 JavaThread "Unconstrained build operations Thread 3" [_thread_blocked, id=8424, stack(0x0000000cc3d00000,0x0000000cc3e00000)]
  0x0000012fbd090910 JavaThread "Unconstrained build operations Thread 4" [_thread_blocked, id=13236, stack(0x0000000cc3e00000,0x0000000cc3f00000)]
  0x0000012fbd093930 JavaThread "Unconstrained build operations Thread 5" [_thread_blocked, id=9336, stack(0x0000000cc3f00000,0x0000000cc4000000)]
  0x0000012fbd0912b0 JavaThread "Unconstrained build operations Thread 6" [_thread_blocked, id=12332, stack(0x0000000cc4000000,0x0000000cc4100000)]
  0x0000012fbd093e00 JavaThread "Unconstrained build operations Thread 7" [_thread_blocked, id=12072, stack(0x0000000cc4100000,0x0000000cc4200000)]
  0x0000012fbd08ec30 JavaThread "Unconstrained build operations Thread 8" [_thread_blocked, id=13528, stack(0x0000000cc4200000,0x0000000cc4300000)]
  0x0000012fbd095ae0 JavaThread "Unconstrained build operations Thread 9" [_thread_blocked, id=14308, stack(0x0000000cc4300000,0x0000000cc4400000)]
  0x0000012fbd094c70 JavaThread "Unconstrained build operations Thread 10" [_thread_blocked, id=14128, stack(0x0000000cc4400000,0x0000000cc4500000)]
  0x0000012fbd095140 JavaThread "Unconstrained build operations Thread 11" [_thread_blocked, id=2856, stack(0x0000000cc4500000,0x0000000cc4600000)]
  0x0000012fbd08f100 JavaThread "Unconstrained build operations Thread 12" [_thread_blocked, id=8568, stack(0x0000000cc4600000,0x0000000cc4700000)]
  0x0000012fbd08f5d0 JavaThread "Unconstrained build operations Thread 13" [_thread_blocked, id=4532, stack(0x0000000cc4700000,0x0000000cc4800000)]
  0x0000012fb764ce70 JavaThread "Unconstrained build operations Thread 14" [_thread_blocked, id=10060, stack(0x0000000cc4800000,0x0000000cc4900000)]
  0x0000012fb76529e0 JavaThread "Unconstrained build operations Thread 15" [_thread_blocked, id=9176, stack(0x0000000cc4900000,0x0000000cc4a00000)]
  0x0000012fb764f9c0 JavaThread "Unconstrained build operations Thread 16" [_thread_blocked, id=120, stack(0x0000000cc4a00000,0x0000000cc4b00000)]
  0x0000012fb7650d00 JavaThread "Unconstrained build operations Thread 17" [_thread_blocked, id=14124, stack(0x0000000cc4b00000,0x0000000cc4c00000)]
  0x0000012fb7652510 JavaThread "Unconstrained build operations Thread 18" [_thread_blocked, id=14172, stack(0x0000000cc4c00000,0x0000000cc4d00000)]
  0x0000012fb764f4f0 JavaThread "Unconstrained build operations Thread 19" [_thread_blocked, id=13856, stack(0x0000000cc4d00000,0x0000000cc4e00000)]
  0x0000012fb764fe90 JavaThread "Unconstrained build operations Thread 20" [_thread_blocked, id=4388, stack(0x0000000cc4e00000,0x0000000cc4f00000)]
  0x0000012fb76516a0 JavaThread "Unconstrained build operations Thread 21" [_thread_blocked, id=980, stack(0x0000000cc4f00000,0x0000000cc5000000)]
  0x0000012fb7650360 JavaThread "Unconstrained build operations Thread 22" [_thread_blocked, id=14316, stack(0x0000000cc5000000,0x0000000cc5100000)]
  0x0000012fb764e680 JavaThread "Unconstrained build operations Thread 23" [_thread_blocked, id=14264, stack(0x0000000cc5100000,0x0000000cc5200000)]
  0x0000012fb764c9a0 JavaThread "Unconstrained build operations Thread 24" [_thread_blocked, id=8196, stack(0x0000000cc5200000,0x0000000cc5300000)]
  0x0000012fb7653380 JavaThread "Unconstrained build operations Thread 25" [_thread_blocked, id=2704, stack(0x0000000cc5300000,0x0000000cc5400000)]
  0x0000012fb7650830 JavaThread "Unconstrained build operations Thread 26" [_thread_blocked, id=5276, stack(0x0000000cc5400000,0x0000000cc5500000)]
  0x0000012fb764c4d0 JavaThread "Unconstrained build operations Thread 27" [_thread_blocked, id=13204, stack(0x0000000cc5500000,0x0000000cc5600000)]
  0x0000012fb764c000 JavaThread "Unconstrained build operations Thread 28" [_thread_blocked, id=7996, stack(0x0000000cc5600000,0x0000000cc5700000)]
  0x0000012fb7652040 JavaThread "Unconstrained build operations Thread 29" [_thread_blocked, id=13448, stack(0x0000000cc5700000,0x0000000cc5800000)]
  0x0000012fb764f020 JavaThread "Unconstrained build operations Thread 30" [_thread_blocked, id=3844, stack(0x0000000cc5800000,0x0000000cc5900000)]
  0x0000012fb764e1b0 JavaThread "Unconstrained build operations Thread 31" [_thread_blocked, id=2116, stack(0x0000000cc5900000,0x0000000cc5a00000)]
  0x0000012fb764eb50 JavaThread "Unconstrained build operations Thread 32" [_thread_blocked, id=10628, stack(0x0000000cc5a00000,0x0000000cc5b00000)]
  0x0000012fb76511d0 JavaThread "Unconstrained build operations Thread 33" [_thread_blocked, id=9992, stack(0x0000000cc5b00000,0x0000000cc5c00000)]
  0x0000012fb7651b70 JavaThread "Unconstrained build operations Thread 34" [_thread_blocked, id=14332, stack(0x0000000cc5c00000,0x0000000cc5d00000)]
  0x0000012fb7653850 JavaThread "Unconstrained build operations Thread 35" [_thread_blocked, id=10756, stack(0x0000000cc5d00000,0x0000000cc5e00000)]
  0x0000012fb9aa7210 JavaThread "Unconstrained build operations Thread 36" [_thread_blocked, id=10976, stack(0x0000000cc5e00000,0x0000000cc5f00000)]
  0x0000012fb9aaba40 JavaThread "Unconstrained build operations Thread 37" [_thread_blocked, id=5140, stack(0x0000000cc5f00000,0x0000000cc6000000)]
  0x0000012fb9aa76e0 JavaThread "Unconstrained build operations Thread 38" [_thread_blocked, id=3412, stack(0x0000000cc6000000,0x0000000cc6100000)]
  0x0000012fb9aaa230 JavaThread "Unconstrained build operations Thread 39" [_thread_blocked, id=13964, stack(0x0000000cc6100000,0x0000000cc6200000)]
  0x0000012fb9aa93c0 JavaThread "Unconstrained build operations Thread 40" [_thread_blocked, id=12440, stack(0x0000000cc6200000,0x0000000cc6300000)]
  0x0000012fb9aab0a0 JavaThread "Unconstrained build operations Thread 41" [_thread_blocked, id=9156, stack(0x0000000cc6300000,0x0000000cc6400000)]
  0x0000012fb9aab570 JavaThread "Unconstrained build operations Thread 42" [_thread_blocked, id=8328, stack(0x0000000cc6400000,0x0000000cc6500000)]
  0x0000012fb9aa5060 JavaThread "Unconstrained build operations Thread 43" [_thread_blocked, id=10364, stack(0x0000000cc6500000,0x0000000cc6600000)]
  0x0000012fb9aa5530 JavaThread "Unconstrained build operations Thread 44" [_thread_blocked, id=3320, stack(0x0000000cc6600000,0x0000000cc6700000)]
  0x0000012fb959e900 JavaThread "Unconstrained build operations Thread 45" [_thread_blocked, id=3172, stack(0x0000000cc6700000,0x0000000cc6800000)]
  0x0000012fb9599260 JavaThread "Unconstrained build operations Thread 46" [_thread_blocked, id=2456, stack(0x0000000cc6800000,0x0000000cc6900000)]
  0x0000012fb95970b0 JavaThread "Unconstrained build operations Thread 47" [_thread_blocked, id=12996, stack(0x0000000cc6900000,0x0000000cc6a00000)]
  0x0000012fb959c750 JavaThread "Unconstrained build operations Thread 48" [_thread_blocked, id=13652, stack(0x0000000cc6a00000,0x0000000cc6b00000)]
  0x0000012fb959a5a0 JavaThread "Unconstrained build operations Thread 49" [_thread_blocked, id=11820, stack(0x0000000cc6b00000,0x0000000cc6c00000)]
  0x0000012fb9597a50 JavaThread "Unconstrained build operations Thread 50" [_thread_blocked, id=10124, stack(0x0000000cc6c00000,0x0000000cc6d00000)]
  0x0000012fb9599730 JavaThread "Unconstrained build operations Thread 51" [_thread_blocked, id=4616, stack(0x0000000cc6d00000,0x0000000cc6e00000)]
  0x0000012fb959cc20 JavaThread "Unconstrained build operations Thread 52" [_thread_blocked, id=2944, stack(0x0000000cc6e00000,0x0000000cc6f00000)]
  0x0000012fb959d5c0 JavaThread "Unconstrained build operations Thread 53" [_thread_blocked, id=14312, stack(0x0000000cc6f00000,0x0000000cc7000000)]
  0x0000012fb4a38710 JavaThread "Unconstrained build operations Thread 54" [_thread_blocked, id=14224, stack(0x0000000cc7000000,0x0000000cc7100000)]
  0x0000012fb4a35bc0 JavaThread "Unconstrained build operations Thread 55" [_thread_blocked, id=13100, stack(0x0000000cc7100000,0x0000000cc7200000)]
  0x0000012fb4a36560 JavaThread "Unconstrained build operations Thread 56" [_thread_blocked, id=11584, stack(0x0000000cc7200000,0x0000000cc7300000)]
  0x0000012fb4a35220 JavaThread "Unconstrained build operations Thread 57" [_thread_blocked, id=5964, stack(0x0000000cc7300000,0x0000000cc7400000)]
  0x0000012fbacba4a0 JavaThread "Unconstrained build operations Thread 58" [_thread_blocked, id=5472, stack(0x0000000cc7400000,0x0000000cc7500000)]
  0x0000012fbacbc650 JavaThread "Unconstrained build operations Thread 59" [_thread_blocked, id=10764, stack(0x0000000cc7500000,0x0000000cc7600000)]
  0x0000012fbacbae40 JavaThread "Unconstrained build operations Thread 60" [_thread_blocked, id=10224, stack(0x0000000cc7600000,0x0000000cc7700000)]
  0x0000012fbacb9b00 JavaThread "Unconstrained build operations Thread 61" [_thread_blocked, id=1172, stack(0x0000000cc7700000,0x0000000cc7800000)]
  0x0000012fbacbc180 JavaThread "Unconstrained build operations Thread 62" [_thread_blocked, id=7848, stack(0x0000000cc7800000,0x0000000cc7900000)]
  0x0000012fbacba970 JavaThread "Unconstrained build operations Thread 63" [_thread_blocked, id=13052, stack(0x0000000cc7900000,0x0000000cc7a00000)]
  0x0000012fbacbcb20 JavaThread "Unconstrained build operations Thread 64" [_thread_blocked, id=14148, stack(0x0000000cc7a00000,0x0000000cc7b00000)]
  0x0000012fbacbb7e0 JavaThread "Unconstrained build operations Thread 65" [_thread_blocked, id=13600, stack(0x0000000cc7b00000,0x0000000cc7c00000)]
  0x0000012fbacbb310 JavaThread "Unconstrained build operations Thread 66" [_thread_blocked, id=1096, stack(0x0000000cc7c00000,0x0000000cc7d00000)]
  0x0000012fbacb9fd0 JavaThread "Unconstrained build operations Thread 67" [_thread_blocked, id=9400, stack(0x0000000cc7d00000,0x0000000cc7e00000)]
  0x0000012fbacbbcb0 JavaThread "Unconstrained build operations Thread 68" [_thread_blocked, id=14020, stack(0x0000000cc7e00000,0x0000000cc7f00000)]
  0x0000012fbacb9160 JavaThread "Unconstrained build operations Thread 69" [_thread_blocked, id=820, stack(0x0000000cc7f00000,0x0000000cc8000000)]
  0x0000012fbacb9630 JavaThread "Unconstrained build operations Thread 70" [_thread_blocked, id=7028, stack(0x0000000cc8000000,0x0000000cc8100000)]
  0x0000012fba496de0 JavaThread "Unconstrained build operations Thread 71" [_thread_blocked, id=2576, stack(0x0000000cc8100000,0x0000000cc8200000)]
  0x0000012fba498f90 JavaThread "Unconstrained build operations Thread 72" [_thread_blocked, id=12980, stack(0x0000000cc8200000,0x0000000cc8300000)]
  0x0000012fba49a2d0 JavaThread "Unconstrained build operations Thread 73" [_thread_blocked, id=13832, stack(0x0000000cc8300000,0x0000000cc8400000)]
  0x0000012fba499e00 JavaThread "Unconstrained build operations Thread 74" [_thread_blocked, id=8268, stack(0x0000000cc8400000,0x0000000cc8500000)]
  0x0000012fba496910 JavaThread "Unconstrained build operations Thread 75" [_thread_blocked, id=14076, stack(0x0000000cc8500000,0x0000000cc8600000)]
  0x0000012fba4972b0 JavaThread "Unconstrained build operations Thread 76" [_thread_blocked, id=2732, stack(0x0000000cc8600000,0x0000000cc8700000)]
  0x0000012fba499460 JavaThread "Unconstrained build operations Thread 77" [_thread_blocked, id=1984, stack(0x0000000cc8700000,0x0000000cc8800000)]
  0x0000012fba494760 JavaThread "Unconstrained build operations Thread 78" [_thread_blocked, id=4228, stack(0x0000000cc8800000,0x0000000cc8900000)]
  0x0000012fba495100 JavaThread "Unconstrained build operations Thread 79" [_thread_blocked, id=12456, stack(0x0000000cc8900000,0x0000000cc8a00000)]
  0x0000012fba494290 JavaThread "Unconstrained build operations Thread 80" [_thread_blocked, id=14244, stack(0x0000000cc8a00000,0x0000000cc8b00000)]

Other Threads:
  0x0000012fb28fe600 VMThread "VM Thread" [stack: 0x0000000cc0500000,0x0000000cc0600000] [id=12128]
  0x0000012fb35eb7f0 WatcherThread [stack: 0x0000000cc1100000,0x0000000cc1200000] [id=13368]
  0x0000012f96d4c2b0 GCTaskThread "GC Thread#0" [stack: 0x0000000cc0000000,0x0000000cc0100000] [id=3900]
  0x0000012fb45bfc90 GCTaskThread "GC Thread#1" [stack: 0x0000000cc1300000,0x0000000cc1400000] [id=10748]
  0x0000012fb43b89c0 GCTaskThread "GC Thread#2" [stack: 0x0000000cc1400000,0x0000000cc1500000] [id=14152]
  0x0000012fb411ec60 GCTaskThread "GC Thread#3" [stack: 0x0000000cc1500000,0x0000000cc1600000] [id=3888]
  0x0000012fb4dfacc0 GCTaskThread "GC Thread#4" [stack: 0x0000000cc1600000,0x0000000cc1700000] [id=7952]
  0x0000012fb4f16560 GCTaskThread "GC Thread#5" [stack: 0x0000000cc2200000,0x0000000cc2300000] [id=2488]
  0x0000012fb4fd96c0 GCTaskThread "GC Thread#6" [stack: 0x0000000cc2300000,0x0000000cc2400000] [id=1964]
  0x0000012fb4fd9970 GCTaskThread "GC Thread#7" [stack: 0x0000000cc2400000,0x0000000cc2500000] [id=4212]
  0x0000012f96d5da00 ConcurrentGCThread "G1 Main Marker" [stack: 0x0000000cc0100000,0x0000000cc0200000] [id=12772]
  0x0000012f96d5e410 ConcurrentGCThread "G1 Conc#0" [stack: 0x0000000cc0200000,0x0000000cc0300000] [id=11596]
  0x0000012fb4ce5860 ConcurrentGCThread "G1 Conc#1" [stack: 0x0000000cc2500000,0x0000000cc2600000] [id=8520]
  0x0000012fb2775d60 ConcurrentGCThread "G1 Refine#0" [stack: 0x0000000cc0300000,0x0000000cc0400000] [id=12036]
  0x0000012fb2776780 ConcurrentGCThread "G1 Service" [stack: 0x0000000cc0400000,0x0000000cc0500000] [id=14328]

Threads with active compile tasks:
C2 CompilerThread0    23054 12213       4       org.gradle.api.internal.attributes.DefaultAttributesSchema$DefaultAttributeMatcher::matches (17 bytes)
C1 CompilerThread0    23054 12323       3       com.google.common.reflect.TypeResolver::resolveTypes (32 bytes)
C2 CompilerThread1    23054 12214       4       org.gradle.internal.component.model.ComponentAttributeMatcher::match (284 bytes)
C2 CompilerThread2    23054 12225       4       org.gradle.api.internal.artifacts.ModuleComponentSelectorSerializer::read (50 bytes)

VM state: not at safepoint (normal execution)

VM Mutex/Monitor currently owned by a thread: None

Heap address: 0x0000000080000000, size: 2048 MB, Compressed Oops mode: 32-bit

CDS archive(s) not mapped
Compressed class space mapped at: 0x0000000100000000-0x0000000140000000, reserved size: 1073741824
Narrow klass base: 0x0000000000000000, Narrow klass shift: 3, Narrow klass range: 0x140000000

GC Precious Log:
 CPUs: 8 total, 8 available
 Memory: 8072M
 Large Page Support: Disabled
 NUMA Support: Disabled
 Compressed Oops: Enabled (32-bit)
 Heap Region Size: 1M
 Heap Min Capacity: 8M
 Heap Initial Capacity: 128M
 Heap Max Capacity: 2G
 Pre-touch: Disabled
 Parallel Workers: 8
 Concurrent Workers: 2
 Concurrent Refinement Workers: 8
 Periodic GC: Disabled

Heap:
 garbage-first heap   total 254976K, used 189022K [0x0000000080000000, 0x0000000100000000)
  region size 1024K, 45 young (46080K), 5 survivors (5120K)
 Metaspace       used 100475K, committed 101440K, reserved 1138688K
  class space    used 13450K, committed 13888K, reserved 1048576K

Heap Regions: E=young(eden), S=young(survivor), O=old, HS=humongous(starts), HC=humongous(continues), CS=collection set, F=free, OA=open archive, CA=closed archive, TAMS=top-at-mark-start (previous, next)
|   0|0x0000000080000000, 0x0000000080100000, 0x0000000080100000|100%|HS|  |TAMS 0x0000000080100000, 0x0000000080000000| Complete 
|   1|0x0000000080100000, 0x0000000080200000, 0x0000000080200000|100%|HC|  |TAMS 0x0000000080200000, 0x0000000080100000| Complete 
|   2|0x0000000080200000, 0x0000000080300000, 0x0000000080300000|100%|HC|  |TAMS 0x0000000080300000, 0x0000000080200000| Complete 
|   3|0x0000000080300000, 0x0000000080400000, 0x0000000080400000|100%|HC|  |TAMS 0x0000000080400000, 0x0000000080300000| Complete 
|   4|0x0000000080400000, 0x0000000080500000, 0x0000000080500000|100%| O|  |TAMS 0x0000000080500000, 0x0000000080400000| Untracked 
|   5|0x0000000080500000, 0x0000000080600000, 0x0000000080600000|100%| O|  |TAMS 0x0000000080600000, 0x0000000080500000| Untracked 
|   6|0x0000000080600000, 0x0000000080700000, 0x0000000080700000|100%| O|  |TAMS 0x0000000080700000, 0x0000000080600000| Untracked 
|   7|0x0000000080700000, 0x0000000080800000, 0x0000000080800000|100%| O|  |TAMS 0x0000000080800000, 0x0000000080700000| Untracked 
|   8|0x0000000080800000, 0x0000000080900000, 0x0000000080900000|100%| O|  |TAMS 0x0000000080900000, 0x0000000080800000| Untracked 
|   9|0x0000000080900000, 0x0000000080a00000, 0x0000000080a00000|100%| O|  |TAMS 0x0000000080a00000, 0x0000000080900000| Untracked 
|  10|0x0000000080a00000, 0x0000000080b00000, 0x0000000080b00000|100%| O|  |TAMS 0x0000000080b00000, 0x0000000080a00000| Untracked 
|  11|0x0000000080b00000, 0x0000000080c00000, 0x0000000080c00000|100%| O|  |TAMS 0x0000000080c00000, 0x0000000080b00000| Untracked 
|  12|0x0000000080c00000, 0x0000000080d00000, 0x0000000080d00000|100%| O|  |TAMS 0x0000000080d00000, 0x0000000080c00000| Untracked 
|  13|0x0000000080d00000, 0x0000000080e00000, 0x0000000080e00000|100%| O|  |TAMS 0x0000000080e00000, 0x0000000080d00000| Untracked 
|  14|0x0000000080e00000, 0x0000000080f00000, 0x0000000080f00000|100%| O|  |TAMS 0x0000000080f00000, 0x0000000080e00000| Untracked 
|  15|0x0000000080f00000, 0x0000000081000000, 0x0000000081000000|100%| O|  |TAMS 0x0000000081000000, 0x0000000080f00000| Untracked 
|  16|0x0000000081000000, 0x0000000081100000, 0x0000000081100000|100%| O|  |TAMS 0x0000000081100000, 0x0000000081000000| Untracked 
|  17|0x0000000081100000, 0x0000000081200000, 0x0000000081200000|100%| O|  |TAMS 0x0000000081200000, 0x0000000081100000| Untracked 
|  18|0x0000000081200000, 0x0000000081300000, 0x0000000081300000|100%| O|  |TAMS 0x0000000081300000, 0x0000000081200000| Untracked 
|  19|0x0000000081300000, 0x0000000081400000, 0x0000000081400000|100%|HS|  |TAMS 0x0000000081400000, 0x0000000081300000| Complete 
|  20|0x0000000081400000, 0x0000000081500000, 0x0000000081500000|100%|HC|  |TAMS 0x0000000081500000, 0x0000000081400000| Complete 
|  21|0x0000000081500000, 0x0000000081600000, 0x0000000081600000|100%|HS|  |TAMS 0x0000000081600000, 0x0000000081500000| Complete 
|  22|0x0000000081600000, 0x0000000081700000, 0x0000000081700000|100%|HC|  |TAMS 0x0000000081700000, 0x0000000081600000| Complete 
|  23|0x0000000081700000, 0x0000000081800000, 0x0000000081800000|100%|HC|  |TAMS 0x0000000081800000, 0x0000000081700000| Complete 
|  24|0x0000000081800000, 0x0000000081900000, 0x0000000081900000|100%| O|  |TAMS 0x0000000081900000, 0x0000000081800000| Untracked 
|  25|0x0000000081900000, 0x0000000081a00000, 0x0000000081a00000|100%| O|  |TAMS 0x0000000081a00000, 0x0000000081900000| Untracked 
|  26|0x0000000081a00000, 0x0000000081b00000, 0x0000000081b00000|100%| O|  |TAMS 0x0000000081b00000, 0x0000000081a00000| Untracked 
|  27|0x0000000081b00000, 0x0000000081c00000, 0x0000000081c00000|100%| O|  |TAMS 0x0000000081c00000, 0x0000000081b00000| Untracked 
|  28|0x0000000081c00000, 0x0000000081d00000, 0x0000000081d00000|100%|HS|  |TAMS 0x0000000081d00000, 0x0000000081c00000| Complete 
|  29|0x0000000081d00000, 0x0000000081e00000, 0x0000000081e00000|100%|HC|  |TAMS 0x0000000081e00000, 0x0000000081d00000| Complete 
|  30|0x0000000081e00000, 0x0000000081f00000, 0x0000000081f00000|100%|HC|  |TAMS 0x0000000081f00000, 0x0000000081e00000| Complete 
|  31|0x0000000081f00000, 0x0000000082000000, 0x0000000082000000|100%| O|  |TAMS 0x0000000082000000, 0x0000000081f00000| Untracked 
|  32|0x0000000082000000, 0x0000000082100000, 0x0000000082100000|100%|HS|  |TAMS 0x0000000082100000, 0x0000000082000000| Complete 
|  33|0x0000000082100000, 0x0000000082200000, 0x0000000082200000|100%|HC|  |TAMS 0x0000000082200000, 0x0000000082100000| Complete 
|  34|0x0000000082200000, 0x0000000082300000, 0x0000000082300000|100%|HC|  |TAMS 0x0000000082300000, 0x0000000082200000| Complete 
|  35|0x0000000082300000, 0x0000000082400000, 0x0000000082400000|100%|HC|  |TAMS 0x0000000082400000, 0x0000000082300000| Complete 
|  36|0x0000000082400000, 0x0000000082500000, 0x0000000082500000|100%|HC|  |TAMS 0x0000000082500000, 0x0000000082400000| Complete 
|  37|0x0000000082500000, 0x0000000082600000, 0x0000000082600000|100%|HC|  |TAMS 0x0000000082600000, 0x0000000082500000| Complete 
|  38|0x0000000082600000, 0x0000000082700000, 0x0000000082700000|100%|HC|  |TAMS 0x0000000082700000, 0x0000000082600000| Complete 
|  39|0x0000000082700000, 0x0000000082800000, 0x0000000082800000|100%|HC|  |TAMS 0x0000000082800000, 0x0000000082700000| Complete 
|  40|0x0000000082800000, 0x0000000082900000, 0x0000000082900000|100%|HC|  |TAMS 0x0000000082900000, 0x0000000082800000| Complete 
|  41|0x0000000082900000, 0x0000000082a00000, 0x0000000082a00000|100%|HC|  |TAMS 0x0000000082a00000, 0x0000000082900000| Complete 
|  42|0x0000000082a00000, 0x0000000082b00000, 0x0000000082b00000|100%|HC|  |TAMS 0x0000000082b00000, 0x0000000082a00000| Complete 
|  43|0x0000000082b00000, 0x0000000082c00000, 0x0000000082c00000|100%|HC|  |TAMS 0x0000000082c00000, 0x0000000082b00000| Complete 
|  44|0x0000000082c00000, 0x0000000082d00000, 0x0000000082d00000|100%| O|  |TAMS 0x0000000082d00000, 0x0000000082c00000| Untracked 
|  45|0x0000000082d00000, 0x0000000082e00000, 0x0000000082e00000|100%|HS|  |TAMS 0x0000000082e00000, 0x0000000082d00000| Complete 
|  46|0x0000000082e00000, 0x0000000082f00000, 0x0000000082f00000|100%|HC|  |TAMS 0x0000000082f00000, 0x0000000082e00000| Complete 
|  47|0x0000000082f00000, 0x0000000083000000, 0x0000000083000000|100%| O|  |TAMS 0x0000000083000000, 0x0000000082f00000| Untracked 
|  48|0x0000000083000000, 0x0000000083100000, 0x0000000083100000|100%| O|  |TAMS 0x0000000083100000, 0x0000000083000000| Untracked 
|  49|0x0000000083100000, 0x0000000083200000, 0x0000000083200000|100%| O|  |TAMS 0x0000000083200000, 0x0000000083100000| Untracked 
|  50|0x0000000083200000, 0x0000000083300000, 0x0000000083300000|100%| O|  |TAMS 0x0000000083300000, 0x0000000083200000| Untracked 
|  51|0x0000000083300000, 0x0000000083400000, 0x0000000083400000|100%| O|  |TAMS 0x0000000083400000, 0x0000000083300000| Untracked 
|  52|0x0000000083400000, 0x0000000083500000, 0x0000000083500000|100%| O|  |TAMS 0x0000000083500000, 0x0000000083400000| Untracked 
|  53|0x0000000083500000, 0x0000000083600000, 0x0000000083600000|100%|HS|  |TAMS 0x0000000083600000, 0x0000000083500000| Complete 
|  54|0x0000000083600000, 0x0000000083700000, 0x0000000083700000|100%|HC|  |TAMS 0x0000000083700000, 0x0000000083600000| Complete 
|  55|0x0000000083700000, 0x0000000083800000, 0x0000000083800000|100%|HC|  |TAMS 0x0000000083800000, 0x0000000083700000| Complete 
|  56|0x0000000083800000, 0x0000000083900000, 0x0000000083900000|100%| O|  |TAMS 0x0000000083900000, 0x0000000083800000| Untracked 
|  57|0x0000000083900000, 0x0000000083a00000, 0x0000000083a00000|100%|HS|  |TAMS 0x0000000083a00000, 0x0000000083900000| Complete 
|  58|0x0000000083a00000, 0x0000000083b00000, 0x0000000083b00000|100%|HC|  |TAMS 0x0000000083b00000, 0x0000000083a00000| Complete 
|  59|0x0000000083b00000, 0x0000000083c00000, 0x0000000083c00000|100%|HC|  |TAMS 0x0000000083c00000, 0x0000000083b00000| Complete 
|  60|0x0000000083c00000, 0x0000000083d00000, 0x0000000083d00000|100%| O|  |TAMS 0x0000000083d00000, 0x0000000083c00000| Untracked 
|  61|0x0000000083d00000, 0x0000000083e00000, 0x0000000083e00000|100%| O|  |TAMS 0x0000000083e00000, 0x0000000083d00000| Untracked 
|  62|0x0000000083e00000, 0x0000000083f00000, 0x0000000083f00000|100%| O|  |TAMS 0x0000000083f00000, 0x0000000083e00000| Untracked 
|  63|0x0000000083f00000, 0x0000000084000000, 0x0000000084000000|100%| O|  |TAMS 0x0000000084000000, 0x0000000083f00000| Untracked 
|  64|0x0000000084000000, 0x0000000084100000, 0x0000000084100000|100%| O|  |TAMS 0x0000000084100000, 0x0000000084000000| Untracked 
|  65|0x0000000084100000, 0x0000000084200000, 0x0000000084200000|100%| O|  |TAMS 0x0000000084200000, 0x0000000084100000| Untracked 
|  66|0x0000000084200000, 0x0000000084300000, 0x0000000084300000|100%| O|  |TAMS 0x0000000084300000, 0x0000000084200000| Untracked 
|  67|0x0000000084300000, 0x0000000084400000, 0x0000000084400000|100%| O|  |TAMS 0x0000000084400000, 0x0000000084300000| Untracked 
|  68|0x0000000084400000, 0x0000000084500000, 0x0000000084500000|100%| O|  |TAMS 0x0000000084500000, 0x0000000084400000| Untracked 
|  69|0x0000000084500000, 0x0000000084600000, 0x0000000084600000|100%| O|  |TAMS 0x0000000084600000, 0x0000000084500000| Untracked 
|  70|0x0000000084600000, 0x0000000084700000, 0x0000000084700000|100%| O|  |TAMS 0x0000000084700000, 0x0000000084600000| Untracked 
|  71|0x0000000084700000, 0x0000000084700000, 0x0000000084800000|  0%| F|  |TAMS 0x0000000084700000, 0x0000000084700000| Untracked 
|  72|0x0000000084800000, 0x0000000084900000, 0x0000000084900000|100%| O|  |TAMS 0x0000000084900000, 0x0000000084800000| Untracked 
|  73|0x0000000084900000, 0x0000000084a00000, 0x0000000084a00000|100%|HS|  |TAMS 0x0000000084a00000, 0x0000000084900000| Complete 
|  74|0x0000000084a00000, 0x0000000084b00000, 0x0000000084b00000|100%|HS|  |TAMS 0x0000000084b00000, 0x0000000084a00000| Complete 
|  75|0x0000000084b00000, 0x0000000084c00000, 0x0000000084c00000|100%|HS|  |TAMS 0x0000000084c00000, 0x0000000084b00000| Complete 
|  76|0x0000000084c00000, 0x0000000084d00000, 0x0000000084d00000|100%| O|  |TAMS 0x0000000084d00000, 0x0000000084c00000| Untracked 
|  77|0x0000000084d00000, 0x0000000084e00000, 0x0000000084e00000|100%| O|  |TAMS 0x0000000084e00000, 0x0000000084d00000| Untracked 
|  78|0x0000000084e00000, 0x0000000084f00000, 0x0000000084f00000|100%| O|  |TAMS 0x0000000084f00000, 0x0000000084e00000| Untracked 
|  79|0x0000000084f00000, 0x0000000085000000, 0x0000000085000000|100%| O|  |TAMS 0x0000000085000000, 0x0000000084f00000| Untracked 
|  80|0x0000000085000000, 0x0000000085100000, 0x0000000085100000|100%| O|  |TAMS 0x0000000085100000, 0x0000000085000000| Untracked 
|  81|0x0000000085100000, 0x0000000085200000, 0x0000000085200000|100%| O|  |TAMS 0x0000000085200000, 0x0000000085100000| Untracked 
|  82|0x0000000085200000, 0x0000000085300000, 0x0000000085300000|100%| O|  |TAMS 0x0000000085300000, 0x0000000085200000| Untracked 
|  83|0x0000000085300000, 0x0000000085400000, 0x0000000085400000|100%| O|  |TAMS 0x0000000085400000, 0x0000000085300000| Untracked 
|  84|0x0000000085400000, 0x0000000085500000, 0x0000000085500000|100%| O|  |TAMS 0x0000000085500000, 0x0000000085400000| Untracked 
|  85|0x0000000085500000, 0x0000000085600000, 0x0000000085600000|100%| O|  |TAMS 0x0000000085600000, 0x0000000085500000| Untracked 
|  86|0x0000000085600000, 0x0000000085700000, 0x0000000085700000|100%| O|  |TAMS 0x0000000085700000, 0x0000000085600000| Untracked 
|  87|0x0000000085700000, 0x0000000085800000, 0x0000000085800000|100%| O|  |TAMS 0x0000000085800000, 0x0000000085700000| Untracked 
|  88|0x0000000085800000, 0x0000000085900000, 0x0000000085900000|100%| O|  |TAMS 0x0000000085900000, 0x0000000085800000| Untracked 
|  89|0x0000000085900000, 0x0000000085a00000, 0x0000000085a00000|100%| O|  |TAMS 0x0000000085a00000, 0x0000000085900000| Untracked 
|  90|0x0000000085a00000, 0x0000000085b00000, 0x0000000085b00000|100%| O|  |TAMS 0x0000000085b00000, 0x0000000085a00000| Untracked 
|  91|0x0000000085b00000, 0x0000000085c00000, 0x0000000085c00000|100%| O|  |TAMS 0x0000000085c00000, 0x0000000085b00000| Untracked 
|  92|0x0000000085c00000, 0x0000000085d00000, 0x0000000085d00000|100%| O|  |TAMS 0x0000000085d00000, 0x0000000085c00000| Untracked 
|  93|0x0000000085d00000, 0x0000000085e00000, 0x0000000085e00000|100%|HS|  |TAMS 0x0000000085e00000, 0x0000000085d00000| Complete 
|  94|0x0000000085e00000, 0x0000000085f00000, 0x0000000085f00000|100%|HC|  |TAMS 0x0000000085f00000, 0x0000000085e00000| Complete 
|  95|0x0000000085f00000, 0x0000000086000000, 0x0000000086000000|100%|HS|  |TAMS 0x0000000086000000, 0x0000000085f00000| Complete 
|  96|0x0000000086000000, 0x0000000086100000, 0x0000000086100000|100%|HC|  |TAMS 0x0000000086100000, 0x0000000086000000| Complete 
|  97|0x0000000086100000, 0x0000000086200000, 0x0000000086200000|100%|HC|  |TAMS 0x0000000086200000, 0x0000000086100000| Complete 
|  98|0x0000000086200000, 0x0000000086300000, 0x0000000086300000|100%|HS|  |TAMS 0x0000000086300000, 0x0000000086200000| Complete 
|  99|0x0000000086300000, 0x0000000086400000, 0x0000000086400000|100%|HC|  |TAMS 0x0000000086400000, 0x0000000086300000| Complete 
| 100|0x0000000086400000, 0x0000000086500000, 0x0000000086500000|100%|HC|  |TAMS 0x0000000086500000, 0x0000000086400000| Complete 
| 101|0x0000000086500000, 0x0000000086600000, 0x0000000086600000|100%|HS|  |TAMS 0x0000000086600000, 0x0000000086500000| Complete 
| 102|0x0000000086600000, 0x0000000086700000, 0x0000000086700000|100%|HC|  |TAMS 0x0000000086700000, 0x0000000086600000| Complete 
| 103|0x0000000086700000, 0x0000000086800000, 0x0000000086800000|100%|HC|  |TAMS 0x0000000086800000, 0x0000000086700000| Complete 
| 104|0x0000000086800000, 0x0000000086900000, 0x0000000086900000|100%|HC|  |TAMS 0x0000000086900000, 0x0000000086800000| Complete 
| 105|0x0000000086900000, 0x0000000086a00000, 0x0000000086a00000|100%|HC|  |TAMS 0x0000000086a00000, 0x0000000086900000| Complete 
| 106|0x0000000086a00000, 0x0000000086b00000, 0x0000000086b00000|100%|HC|  |TAMS 0x0000000086b00000, 0x0000000086a00000| Complete 
| 107|0x0000000086b00000, 0x0000000086c00000, 0x0000000086c00000|100%|HC|  |TAMS 0x0000000086c00000, 0x0000000086b00000| Complete 
| 108|0x0000000086c00000, 0x0000000086d00000, 0x0000000086d00000|100%|HC|  |TAMS 0x0000000086d00000, 0x0000000086c00000| Complete 
| 109|0x0000000086d00000, 0x0000000086e00000, 0x0000000086e00000|100%|HC|  |TAMS 0x0000000086e00000, 0x0000000086d00000| Complete 
| 110|0x0000000086e00000, 0x0000000086f00000, 0x0000000086f00000|100%|HC|  |TAMS 0x0000000086f00000, 0x0000000086e00000| Complete 
| 111|0x0000000086f00000, 0x0000000087000000, 0x0000000087000000|100%|HC|  |TAMS 0x0000000087000000, 0x0000000086f00000| Complete 
| 112|0x0000000087000000, 0x0000000087100000, 0x0000000087100000|100%|HC|  |TAMS 0x0000000087100000, 0x0000000087000000| Complete 
| 113|0x0000000087100000, 0x0000000087200000, 0x0000000087200000|100%|HS|  |TAMS 0x0000000087200000, 0x0000000087100000| Complete 
| 114|0x0000000087200000, 0x0000000087300000, 0x0000000087300000|100%|HC|  |TAMS 0x0000000087300000, 0x0000000087200000| Complete 
| 115|0x0000000087300000, 0x0000000087400000, 0x0000000087400000|100%| O|  |TAMS 0x0000000087400000, 0x0000000087300000| Untracked 
| 116|0x0000000087400000, 0x0000000087500000, 0x0000000087500000|100%| O|  |TAMS 0x0000000087500000, 0x0000000087400000| Untracked 
| 117|0x0000000087500000, 0x0000000087600000, 0x0000000087600000|100%| O|  |TAMS 0x0000000087600000, 0x0000000087500000| Untracked 
| 118|0x0000000087600000, 0x0000000087700000, 0x0000000087700000|100%| O|  |TAMS 0x0000000087700000, 0x0000000087600000| Untracked 
| 119|0x0000000087700000, 0x0000000087800000, 0x0000000087800000|100%| O|  |TAMS 0x0000000087700000, 0x0000000087700000| Untracked 
| 120|0x0000000087800000, 0x0000000087900000, 0x0000000087900000|100%| O|  |TAMS 0x0000000087900000, 0x0000000087800000| Untracked 
| 121|0x0000000087900000, 0x0000000087a00000, 0x0000000087a00000|100%| O|  |TAMS 0x0000000087a00000, 0x0000000087900000| Untracked 
| 122|0x0000000087a00000, 0x0000000087b00000, 0x0000000087b00000|100%| O|  |TAMS 0x0000000087b00000, 0x0000000087a00000| Untracked 
| 123|0x0000000087b00000, 0x0000000087c00000, 0x0000000087c00000|100%| O|  |TAMS 0x0000000087c00000, 0x0000000087b00000| Untracked 
| 124|0x0000000087c00000, 0x0000000087d00000, 0x0000000087d00000|100%| O|  |TAMS 0x0000000087d00000, 0x0000000087c00000| Untracked 
| 125|0x0000000087d00000, 0x0000000087e00000, 0x0000000087e00000|100%| O|  |TAMS 0x0000000087e00000, 0x0000000087d00000| Untracked 
| 126|0x0000000087e00000, 0x0000000087f00000, 0x0000000087f00000|100%| O|  |TAMS 0x0000000087f00000, 0x0000000087e00000| Untracked 
| 127|0x0000000087f00000, 0x0000000088000000, 0x0000000088000000|100%| O|  |TAMS 0x0000000088000000, 0x0000000087f00000| Untracked 
| 128|0x0000000088000000, 0x0000000088100000, 0x0000000088100000|100%| O|  |TAMS 0x0000000088100000, 0x0000000088000000| Untracked 
| 129|0x0000000088100000, 0x0000000088200000, 0x0000000088200000|100%| O|  |TAMS 0x0000000088200000, 0x0000000088100000| Untracked 
| 130|0x0000000088200000, 0x0000000088300000, 0x0000000088300000|100%| O|  |TAMS 0x0000000088300000, 0x0000000088200000| Untracked 
| 131|0x0000000088300000, 0x0000000088400000, 0x0000000088400000|100%| O|  |TAMS 0x0000000088400000, 0x0000000088300000| Untracked 
| 132|0x0000000088400000, 0x0000000088500000, 0x0000000088500000|100%| O|  |TAMS 0x0000000088500000, 0x0000000088400000| Untracked 
| 133|0x0000000088500000, 0x0000000088500000, 0x0000000088600000|  0%| F|  |TAMS 0x0000000088500000, 0x0000000088500000| Untracked 
| 134|0x0000000088600000, 0x0000000088700000, 0x0000000088700000|100%| O|  |TAMS 0x0000000088700000, 0x0000000088600000| Untracked 
| 135|0x0000000088700000, 0x0000000088800000, 0x0000000088800000|100%| O|  |TAMS 0x0000000088754c00, 0x0000000088700000| Untracked 
| 136|0x0000000088800000, 0x0000000088900000, 0x0000000088900000|100%| O|  |TAMS 0x0000000088800000, 0x0000000088800000| Untracked 
| 137|0x0000000088900000, 0x0000000088a00000, 0x0000000088a00000|100%| O|  |TAMS 0x0000000088900000, 0x0000000088900000| Untracked 
| 138|0x0000000088a00000, 0x0000000088b00000, 0x0000000088b00000|100%| O|  |TAMS 0x0000000088a00000, 0x0000000088a00000| Untracked 
| 139|0x0000000088b00000, 0x0000000088c00000, 0x0000000088c00000|100%| O|  |TAMS 0x0000000088b00000, 0x0000000088b00000| Untracked 
| 140|0x0000000088c00000, 0x0000000088d00000, 0x0000000088d00000|100%| O|  |TAMS 0x0000000088c00000, 0x0000000088c00000| Untracked 
| 141|0x0000000088d00000, 0x0000000088e00000, 0x0000000088e00000|100%| O|  |TAMS 0x0000000088d00000, 0x0000000088d00000| Untracked 
| 142|0x0000000088e00000, 0x0000000088f00000, 0x0000000088f00000|100%| O|  |TAMS 0x0000000088e00000, 0x0000000088e00000| Untracked 
| 143|0x0000000088f00000, 0x0000000088fa0a00, 0x0000000089000000| 62%| O|  |TAMS 0x0000000088f00000, 0x0000000088f00000| Untracked 
| 144|0x0000000089000000, 0x0000000089000000, 0x0000000089100000|  0%| F|  |TAMS 0x0000000089000000, 0x0000000089000000| Untracked 
| 145|0x0000000089100000, 0x0000000089100000, 0x0000000089200000|  0%| F|  |TAMS 0x0000000089100000, 0x0000000089100000| Untracked 
| 146|0x0000000089200000, 0x0000000089200000, 0x0000000089300000|  0%| F|  |TAMS 0x0000000089200000, 0x0000000089200000| Untracked 
| 147|0x0000000089300000, 0x0000000089300000, 0x0000000089400000|  0%| F|  |TAMS 0x0000000089300000, 0x0000000089300000| Untracked 
| 148|0x0000000089400000, 0x0000000089400000, 0x0000000089500000|  0%| F|  |TAMS 0x0000000089400000, 0x0000000089400000| Untracked 
| 149|0x0000000089500000, 0x0000000089500000, 0x0000000089600000|  0%| F|  |TAMS 0x0000000089500000, 0x0000000089500000| Untracked 
| 150|0x0000000089600000, 0x0000000089600000, 0x0000000089700000|  0%| F|  |TAMS 0x0000000089600000, 0x0000000089600000| Untracked 
| 151|0x0000000089700000, 0x0000000089700000, 0x0000000089800000|  0%| F|  |TAMS 0x0000000089700000, 0x0000000089700000| Untracked 
| 152|0x0000000089800000, 0x0000000089800000, 0x0000000089900000|  0%| F|  |TAMS 0x0000000089800000, 0x0000000089800000| Untracked 
| 153|0x0000000089900000, 0x0000000089900000, 0x0000000089a00000|  0%| F|  |TAMS 0x0000000089900000, 0x0000000089900000| Untracked 
| 154|0x0000000089a00000, 0x0000000089a00000, 0x0000000089b00000|  0%| F|  |TAMS 0x0000000089a00000, 0x0000000089a00000| Untracked 
| 155|0x0000000089b00000, 0x0000000089b00000, 0x0000000089c00000|  0%| F|  |TAMS 0x0000000089b00000, 0x0000000089b00000| Untracked 
| 156|0x0000000089c00000, 0x0000000089c00000, 0x0000000089d00000|  0%| F|  |TAMS 0x0000000089c00000, 0x0000000089c00000| Untracked 
| 157|0x0000000089d00000, 0x0000000089d00000, 0x0000000089e00000|  0%| F|  |TAMS 0x0000000089d00000, 0x0000000089d00000| Untracked 
| 158|0x0000000089e00000, 0x0000000089e00000, 0x0000000089f00000|  0%| F|  |TAMS 0x0000000089e00000, 0x0000000089e00000| Untracked 
| 159|0x0000000089f00000, 0x0000000089f00000, 0x000000008a000000|  0%| F|  |TAMS 0x0000000089f00000, 0x0000000089f00000| Untracked 
| 160|0x000000008a000000, 0x000000008a000000, 0x000000008a100000|  0%| F|  |TAMS 0x000000008a000000, 0x000000008a000000| Untracked 
| 161|0x000000008a100000, 0x000000008a100000, 0x000000008a200000|  0%| F|  |TAMS 0x000000008a100000, 0x000000008a100000| Untracked 
| 162|0x000000008a200000, 0x000000008a200000, 0x000000008a300000|  0%| F|  |TAMS 0x000000008a200000, 0x000000008a200000| Untracked 
| 163|0x000000008a300000, 0x000000008a300000, 0x000000008a400000|  0%| F|  |TAMS 0x000000008a300000, 0x000000008a300000| Untracked 
| 164|0x000000008a400000, 0x000000008a400000, 0x000000008a500000|  0%| F|  |TAMS 0x000000008a400000, 0x000000008a400000| Untracked 
| 165|0x000000008a500000, 0x000000008a500000, 0x000000008a600000|  0%| F|  |TAMS 0x000000008a500000, 0x000000008a500000| Untracked 
| 166|0x000000008a600000, 0x000000008a600000, 0x000000008a700000|  0%| F|  |TAMS 0x000000008a600000, 0x000000008a600000| Untracked 
| 167|0x000000008a700000, 0x000000008a700000, 0x000000008a800000|  0%| F|  |TAMS 0x000000008a700000, 0x000000008a700000| Untracked 
| 168|0x000000008a800000, 0x000000008a800000, 0x000000008a900000|  0%| F|  |TAMS 0x000000008a800000, 0x000000008a800000| Untracked 
| 169|0x000000008a900000, 0x000000008a900000, 0x000000008aa00000|  0%| F|  |TAMS 0x000000008a900000, 0x000000008a900000| Untracked 
| 170|0x000000008aa00000, 0x000000008aa00000, 0x000000008ab00000|  0%| F|  |TAMS 0x000000008aa00000, 0x000000008aa00000| Untracked 
| 171|0x000000008ab00000, 0x000000008ab00000, 0x000000008ac00000|  0%| F|  |TAMS 0x000000008ab00000, 0x000000008ab00000| Untracked 
| 172|0x000000008ac00000, 0x000000008ac00000, 0x000000008ad00000|  0%| F|  |TAMS 0x000000008ac00000, 0x000000008ac00000| Untracked 
| 173|0x000000008ad00000, 0x000000008ad00000, 0x000000008ae00000|  0%| F|  |TAMS 0x000000008ad00000, 0x000000008ad00000| Untracked 
| 174|0x000000008ae00000, 0x000000008ae00000, 0x000000008af00000|  0%| F|  |TAMS 0x000000008ae00000, 0x000000008ae00000| Untracked 
| 175|0x000000008af00000, 0x000000008af00000, 0x000000008b000000|  0%| F|  |TAMS 0x000000008af00000, 0x000000008af00000| Untracked 
| 176|0x000000008b000000, 0x000000008b000000, 0x000000008b100000|  0%| F|  |TAMS 0x000000008b000000, 0x000000008b000000| Untracked 
| 177|0x000000008b100000, 0x000000008b100000, 0x000000008b200000|  0%| F|  |TAMS 0x000000008b100000, 0x000000008b100000| Untracked 
| 178|0x000000008b200000, 0x000000008b200000, 0x000000008b300000|  0%| F|  |TAMS 0x000000008b200000, 0x000000008b200000| Untracked 
| 179|0x000000008b300000, 0x000000008b300000, 0x000000008b400000|  0%| F|  |TAMS 0x000000008b300000, 0x000000008b300000| Untracked 
| 180|0x000000008b400000, 0x000000008b400000, 0x000000008b500000|  0%| F|  |TAMS 0x000000008b400000, 0x000000008b400000| Untracked 
| 181|0x000000008b500000, 0x000000008b500000, 0x000000008b600000|  0%| F|  |TAMS 0x000000008b500000, 0x000000008b500000| Untracked 
| 182|0x000000008b600000, 0x000000008b6f6f40, 0x000000008b700000| 96%| S|CS|TAMS 0x000000008b600000, 0x000000008b600000| Complete 
| 183|0x000000008b700000, 0x000000008b800000, 0x000000008b800000|100%| S|CS|TAMS 0x000000008b700000, 0x000000008b700000| Complete 
| 184|0x000000008b800000, 0x000000008b900000, 0x000000008b900000|100%| S|CS|TAMS 0x000000008b800000, 0x000000008b800000| Complete 
| 185|0x000000008b900000, 0x000000008ba00000, 0x000000008ba00000|100%| S|CS|TAMS 0x000000008b900000, 0x000000008b900000| Complete 
| 186|0x000000008ba00000, 0x000000008bb00000, 0x000000008bb00000|100%| S|CS|TAMS 0x000000008ba00000, 0x000000008ba00000| Complete 
| 187|0x000000008bb00000, 0x000000008bb00000, 0x000000008bc00000|  0%| F|  |TAMS 0x000000008bb00000, 0x000000008bb00000| Untracked 
| 188|0x000000008bc00000, 0x000000008bc00000, 0x000000008bd00000|  0%| F|  |TAMS 0x000000008bc00000, 0x000000008bc00000| Untracked 
| 189|0x000000008bd00000, 0x000000008bd00000, 0x000000008be00000|  0%| F|  |TAMS 0x000000008bd00000, 0x000000008bd00000| Untracked 
| 190|0x000000008be00000, 0x000000008be00000, 0x000000008bf00000|  0%| F|  |TAMS 0x000000008be00000, 0x000000008be00000| Untracked 
| 191|0x000000008bf00000, 0x000000008bf00000, 0x000000008c000000|  0%| F|  |TAMS 0x000000008bf00000, 0x000000008bf00000| Untracked 
| 192|0x000000008c000000, 0x000000008c000000, 0x000000008c100000|  0%| F|  |TAMS 0x000000008c000000, 0x000000008c000000| Untracked 
| 193|0x000000008c100000, 0x000000008c100000, 0x000000008c200000|  0%| F|  |TAMS 0x000000008c100000, 0x000000008c100000| Untracked 
| 194|0x000000008c200000, 0x000000008c200000, 0x000000008c300000|  0%| F|  |TAMS 0x000000008c200000, 0x000000008c200000| Untracked 
| 195|0x000000008c300000, 0x000000008c300000, 0x000000008c400000|  0%| F|  |TAMS 0x000000008c300000, 0x000000008c300000| Untracked 
| 196|0x000000008c400000, 0x000000008c400000, 0x000000008c500000|  0%| F|  |TAMS 0x000000008c400000, 0x000000008c400000| Untracked 
| 197|0x000000008c500000, 0x000000008c500000, 0x000000008c600000|  0%| F|  |TAMS 0x000000008c500000, 0x000000008c500000| Untracked 
| 198|0x000000008c600000, 0x000000008c600000, 0x000000008c700000|  0%| F|  |TAMS 0x000000008c600000, 0x000000008c600000| Untracked 
| 199|0x000000008c700000, 0x000000008c700000, 0x000000008c800000|  0%| F|  |TAMS 0x000000008c700000, 0x000000008c700000| Untracked 
| 200|0x000000008c800000, 0x000000008c800000, 0x000000008c900000|  0%| F|  |TAMS 0x000000008c800000, 0x000000008c800000| Untracked 
| 201|0x000000008c900000, 0x000000008c900000, 0x000000008ca00000|  0%| F|  |TAMS 0x000000008c900000, 0x000000008c900000| Untracked 
| 202|0x000000008ca00000, 0x000000008ca00000, 0x000000008cb00000|  0%| F|  |TAMS 0x000000008ca00000, 0x000000008ca00000| Untracked 
| 203|0x000000008cb00000, 0x000000008cb00000, 0x000000008cc00000|  0%| F|  |TAMS 0x000000008cb00000, 0x000000008cb00000| Untracked 
| 204|0x000000008cc00000, 0x000000008cc00000, 0x000000008cd00000|  0%| F|  |TAMS 0x000000008cc00000, 0x000000008cc00000| Untracked 
| 205|0x000000008cd00000, 0x000000008cd00000, 0x000000008ce00000|  0%| F|  |TAMS 0x000000008cd00000, 0x000000008cd00000| Untracked 
| 206|0x000000008ce00000, 0x000000008ce00000, 0x000000008cf00000|  0%| F|  |TAMS 0x000000008ce00000, 0x000000008ce00000| Untracked 
| 207|0x000000008cf00000, 0x000000008cf00000, 0x000000008d000000|  0%| F|  |TAMS 0x000000008cf00000, 0x000000008cf00000| Untracked 
| 208|0x000000008d000000, 0x000000008d000000, 0x000000008d100000|  0%| F|  |TAMS 0x000000008d000000, 0x000000008d000000| Untracked 
| 209|0x000000008d100000, 0x000000008d180800, 0x000000008d200000| 50%| E|  |TAMS 0x000000008d100000, 0x000000008d100000| Complete 
| 210|0x000000008d200000, 0x000000008d300000, 0x000000008d300000|100%| E|CS|TAMS 0x000000008d200000, 0x000000008d200000| Complete 
| 211|0x000000008d300000, 0x000000008d400000, 0x000000008d400000|100%| E|CS|TAMS 0x000000008d300000, 0x000000008d300000| Complete 
| 212|0x000000008d400000, 0x000000008d500000, 0x000000008d500000|100%| E|CS|TAMS 0x000000008d400000, 0x000000008d400000| Complete 
| 213|0x000000008d500000, 0x000000008d600000, 0x000000008d600000|100%| E|CS|TAMS 0x000000008d500000, 0x000000008d500000| Complete 
| 214|0x000000008d600000, 0x000000008d700000, 0x000000008d700000|100%| E|  |TAMS 0x000000008d600000, 0x000000008d600000| Complete 
| 215|0x000000008d700000, 0x000000008d800000, 0x000000008d800000|100%| E|CS|TAMS 0x000000008d700000, 0x000000008d700000| Complete 
| 216|0x000000008d800000, 0x000000008d900000, 0x000000008d900000|100%| E|CS|TAMS 0x000000008d800000, 0x000000008d800000| Complete 
| 217|0x000000008d900000, 0x000000008da00000, 0x000000008da00000|100%| E|CS|TAMS 0x000000008d900000, 0x000000008d900000| Complete 
| 218|0x000000008da00000, 0x000000008db00000, 0x000000008db00000|100%| E|CS|TAMS 0x000000008da00000, 0x000000008da00000| Complete 
| 219|0x000000008db00000, 0x000000008dc00000, 0x000000008dc00000|100%| E|CS|TAMS 0x000000008db00000, 0x000000008db00000| Complete 
| 220|0x000000008dc00000, 0x000000008dd00000, 0x000000008dd00000|100%| E|CS|TAMS 0x000000008dc00000, 0x000000008dc00000| Complete 
| 221|0x000000008dd00000, 0x000000008de00000, 0x000000008de00000|100%| E|CS|TAMS 0x000000008dd00000, 0x000000008dd00000| Complete 
| 222|0x000000008de00000, 0x000000008df00000, 0x000000008df00000|100%| E|CS|TAMS 0x000000008de00000, 0x000000008de00000| Complete 
| 223|0x000000008df00000, 0x000000008e000000, 0x000000008e000000|100%| E|CS|TAMS 0x000000008df00000, 0x000000008df00000| Complete 
| 224|0x000000008e000000, 0x000000008e100000, 0x000000008e100000|100%| E|CS|TAMS 0x000000008e000000, 0x000000008e000000| Complete 
| 225|0x000000008e100000, 0x000000008e200000, 0x000000008e200000|100%| E|CS|TAMS 0x000000008e100000, 0x000000008e100000| Complete 
| 226|0x000000008e200000, 0x000000008e300000, 0x000000008e300000|100%| E|CS|TAMS 0x000000008e200000, 0x000000008e200000| Complete 
| 227|0x000000008e300000, 0x000000008e400000, 0x000000008e400000|100%| E|CS|TAMS 0x000000008e300000, 0x000000008e300000| Complete 
| 228|0x000000008e400000, 0x000000008e500000, 0x000000008e500000|100%| E|CS|TAMS 0x000000008e400000, 0x000000008e400000| Complete 
| 229|0x000000008e500000, 0x000000008e600000, 0x000000008e600000|100%| E|CS|TAMS 0x000000008e500000, 0x000000008e500000| Complete 
| 230|0x000000008e600000, 0x000000008e700000, 0x000000008e700000|100%| E|CS|TAMS 0x000000008e600000, 0x000000008e600000| Complete 
| 231|0x000000008e700000, 0x000000008e800000, 0x000000008e800000|100%| E|CS|TAMS 0x000000008e700000, 0x000000008e700000| Complete 
| 232|0x000000008e800000, 0x000000008e900000, 0x000000008e900000|100%| E|CS|TAMS 0x000000008e800000, 0x000000008e800000| Complete 
| 233|0x000000008e900000, 0x000000008ea00000, 0x000000008ea00000|100%| E|CS|TAMS 0x000000008e900000, 0x000000008e900000| Complete 
| 234|0x000000008ea00000, 0x000000008eb00000, 0x000000008eb00000|100%| E|CS|TAMS 0x000000008ea00000, 0x000000008ea00000| Complete 
| 235|0x000000008eb00000, 0x000000008ec00000, 0x000000008ec00000|100%| E|CS|TAMS 0x000000008eb00000, 0x000000008eb00000| Complete 
| 236|0x000000008ec00000, 0x000000008ed00000, 0x000000008ed00000|100%| E|CS|TAMS 0x000000008ec00000, 0x000000008ec00000| Complete 
| 237|0x000000008ed00000, 0x000000008ee00000, 0x000000008ee00000|100%| E|CS|TAMS 0x000000008ed00000, 0x000000008ed00000| Complete 
| 238|0x000000008ee00000, 0x000000008ef00000, 0x000000008ef00000|100%| E|CS|TAMS 0x000000008ee00000, 0x000000008ee00000| Complete 
| 239|0x000000008ef00000, 0x000000008f000000, 0x000000008f000000|100%| E|CS|TAMS 0x000000008ef00000, 0x000000008ef00000| Complete 
| 240|0x000000008f000000, 0x000000008f100000, 0x000000008f100000|100%| E|CS|TAMS 0x000000008f000000, 0x000000008f000000| Complete 
| 241|0x000000008f100000, 0x000000008f200000, 0x000000008f200000|100%| E|CS|TAMS 0x000000008f100000, 0x000000008f100000| Complete 
| 242|0x000000008f200000, 0x000000008f300000, 0x000000008f300000|100%| E|CS|TAMS 0x000000008f200000, 0x000000008f200000| Complete 
| 243|0x000000008f300000, 0x000000008f400000, 0x000000008f400000|100%| E|CS|TAMS 0x000000008f300000, 0x000000008f300000| Complete 
| 244|0x000000008f400000, 0x000000008f500000, 0x000000008f500000|100%| E|CS|TAMS 0x000000008f400000, 0x000000008f400000| Complete 
| 245|0x000000008f500000, 0x000000008f600000, 0x000000008f600000|100%| E|CS|TAMS 0x000000008f500000, 0x000000008f500000| Complete 
| 246|0x000000008f600000, 0x000000008f700000, 0x000000008f700000|100%| E|CS|TAMS 0x000000008f600000, 0x000000008f600000| Complete 
| 247|0x000000008f700000, 0x000000008f800000, 0x000000008f800000|100%| E|CS|TAMS 0x000000008f700000, 0x000000008f700000| Complete 
| 248|0x000000008f800000, 0x000000008f900000, 0x000000008f900000|100%| E|CS|TAMS 0x000000008f800000, 0x000000008f800000| Complete 

Card table byte_map: [0x0000012fab800000,0x0000012fabc00000] _byte_map_base: 0x0000012fab400000

Marking Bits (Prev, Next): (CMBitMap*) 0x0000012f96d4c8c0, (CMBitMap*) 0x0000012f96d4c900
 Prev Bits: [0x0000012fac000000, 0x0000012fae000000)
 Next Bits: [0x0000012fae000000, 0x0000012fb0000000)

Polling page: 0x0000012f96db0000

Metaspace:

Usage:
  Non-class:     84.99 MB used.
      Class:     13.14 MB used.
       Both:     98.13 MB used.

Virtual space:
  Non-class space:       88.00 MB reserved,      85.50 MB ( 97%) committed,  11 nodes.
      Class space:        1.00 GB reserved,      13.56 MB (  1%) committed,  1 nodes.
             Both:        1.09 GB reserved,      99.06 MB (  9%) committed. 

Chunk freelists:
   Non-Class:  2.29 MB
       Class:  2.39 MB
        Both:  4.68 MB

MaxMetaspaceSize: unlimited
CompressedClassSpaceSize: 1.00 GB
Initial GC threshold: 21.00 MB
Current GC threshold: 155.88 MB
CDS: off
MetaspaceReclaimPolicy: balanced
 - commit_granule_bytes: 65536.
 - commit_granule_words: 8192.
 - virtual_space_node_default_size: 1048576.
 - enlarge_chunks_in_place: 1.
 - new_chunks_are_fully_committed: 0.
 - uncommit_free_chunks: 1.
 - use_allocation_guard: 0.
 - handle_deallocations: 1.


Internal statistics:

num_allocs_failed_limit: 3.
num_arena_births: 1358.
num_arena_deaths: 6.
num_vsnodes_births: 12.
num_vsnodes_deaths: 0.
num_space_committed: 1584.
num_space_uncommitted: 0.
num_chunks_returned_to_freelist: 10.
num_chunks_taken_from_freelist: 5286.
num_chunk_merges: 3.
num_chunk_splits: 3364.
num_chunks_enlarged: 2089.
num_purges: 2.
num_inconsistent_stats: 0.

CodeHeap 'non-profiled nmethods': size=120000Kb used=7041Kb max_used=7041Kb free=112958Kb
 bounds [0x0000012fa3470000, 0x0000012fa3b60000, 0x0000012faa9a0000]
CodeHeap 'profiled nmethods': size=120000Kb used=21544Kb max_used=21544Kb free=98455Kb
 bounds [0x0000012f9b9a0000, 0x0000012f9ceb0000, 0x0000012fa2ed0000]
CodeHeap 'non-nmethods': size=5760Kb used=2423Kb max_used=2532Kb free=3336Kb
 bounds [0x0000012fa2ed0000, 0x0000012fa3170000, 0x0000012fa3470000]
 total_blobs=11781 nmethods=10825 adapters=866
 compilation: enabled
              stopped_count=0, restarted_count=0
 full_count=0

Compilation events (20 events):
Event: 22.983 Thread 0x0000012fb3477330 12285       3       org.gradle.internal.classpath.DefaultCachedClasspathTransformer$$Lambda$307/0x0000000100413008::<init> (10 bytes)
Event: 22.984 Thread 0x0000012fb3477330 nmethod 12285 0x0000012f9ce88d90 code [0x0000012f9ce88f20, 0x0000012f9ce890d8]
Event: 22.984 Thread 0x0000012fb3477330 12286       3       org.gradle.internal.classpath.DefaultCachedClasspathTransformer$$Lambda$307/0x0000000100413008::call (10 bytes)
Event: 22.984 Thread 0x0000012fb3477330 nmethod 12286 0x0000012f9ce89190 code [0x0000012f9ce89340, 0x0000012f9ce89508]
Event: 22.984 Thread 0x0000012fb3477330 12287   !   3       org.gradle.internal.UncheckedException::unchecked (13 bytes)
Event: 22.985 Thread 0x0000012fb3477330 nmethod 12287 0x0000012f9ce89610 code [0x0000012f9ce897c0, 0x0000012f9ce89a18]
Event: 22.987 Thread 0x0000012fb3477330 12288       3       org.gradle.internal.fingerprint.impl.IgnoredPathFileSystemLocationFingerprint::<init> (15 bytes)
Event: 22.988 Thread 0x0000012fb3477330 nmethod 12288 0x0000012f9ce89b90 code [0x0000012f9ce89d40, 0x0000012f9ce89f58]
Event: 22.988 Thread 0x0000012fb3477330 12289       3       org.gradle.internal.fingerprint.impl.IgnoredPathFileSystemLocationFingerprint::create (64 bytes)
Event: 22.988 Thread 0x0000012fb3477330 nmethod 12289 0x0000012f9ce8a010 code [0x0000012f9ce8a200, 0x0000012f9ce8a6c8]
Event: 22.989 Thread 0x0000012fb3477330 12290       3       org.apache.commons.io.FilenameUtils::isSystemWindows (14 bytes)
Event: 22.989 Thread 0x0000012fb3477330 nmethod 12290 0x0000012f9ce8a890 code [0x0000012f9ce8aa20, 0x0000012f9ce8ab38]
Event: 22.989 Thread 0x0000012fb3477330 12291   !   3       org.gradle.internal.snapshot.FileSystemLeafSnapshot::accept (36 bytes)
Event: 22.990 Thread 0x0000012fb3477330 nmethod 12291 0x0000012f9ce8ac10 code [0x0000012f9ce8ae40, 0x0000012f9ce8b7f8]
Event: 22.990 Thread 0x0000012fb3477330 12293       3       com.google.common.collect.RegularImmutableMap$Values::get (15 bytes)
Event: 22.990 Thread 0x0000012fb3477330 nmethod 12293 0x0000012f9ce8bb90 code [0x0000012f9ce8bd40, 0x0000012f9ce8bf48]
Event: 22.990 Thread 0x0000012fb3477330 12294       3       org.gradle.internal.logging.console.StyledTextOutputBackedRenderer::onOutput (260 bytes)
Event: 22.994 Thread 0x0000012fb3477330 nmethod 12294 0x0000012f9ce8c090 code [0x0000012f9ce8c520, 0x0000012f9ce8ef68]
Event: 22.994 Thread 0x0000012fb3477330 12292       3       org.gradle.internal.fingerprint.classpath.impl.ClasspathFingerprintingStrategy$ClasspathFingerprintingVisitor::visitEntry (20 bytes)
Event: 22.994 Thread 0x0000012fb3477330 nmethod 12292 0x0000012f9ce8fb90 code [0x0000012f9ce8fd60, 0x0000012f9ce90168]

GC Heap History (20 events):
Event: 12.244 GC heap before
{Heap before GC invocations=41 (full 0):
 garbage-first heap   total 206848K, used 157049K [0x0000000080000000, 0x0000000100000000)
  region size 1024K, 40 young (40960K), 4 survivors (4096K)
 Metaspace       used 80932K, committed 81664K, reserved 1122304K
  class space    used 11030K, committed 11392K, reserved 1048576K
}
Event: 12.251 GC heap after
{Heap after GC invocations=42 (full 0):
 garbage-first heap   total 206848K, used 126928K [0x0000000080000000, 0x0000000100000000)
  region size 1024K, 5 young (5120K), 5 survivors (5120K)
 Metaspace       used 80932K, committed 81664K, reserved 1122304K
  class space    used 11030K, committed 11392K, reserved 1048576K
}
Event: 12.427 GC heap before
{Heap before GC invocations=42 (full 0):
 garbage-first heap   total 206848K, used 146384K [0x0000000080000000, 0x0000000100000000)
  region size 1024K, 26 young (26624K), 5 survivors (5120K)
 Metaspace       used 82057K, committed 82752K, reserved 1122304K
  class space    used 11171K, committed 11520K, reserved 1048576K
}
Event: 12.432 GC heap after
{Heap after GC invocations=43 (full 0):
 garbage-first heap   total 206848K, used 128437K [0x0000000080000000, 0x0000000100000000)
  region size 1024K, 2 young (2048K), 2 survivors (2048K)
 Metaspace       used 82057K, committed 82752K, reserved 1122304K
  class space    used 11171K, committed 11520K, reserved 1048576K
}
Event: 13.215 GC heap before
{Heap before GC invocations=44 (full 0):
 garbage-first heap   total 224256K, used 168373K [0x0000000080000000, 0x0000000100000000)
  region size 1024K, 40 young (40960K), 2 survivors (2048K)
 Metaspace       used 88778K, committed 89536K, reserved 1130496K
  class space    used 12034K, committed 12416K, reserved 1048576K
}
Event: 13.221 GC heap after
{Heap after GC invocations=45 (full 0):
 garbage-first heap   total 224256K, used 130194K [0x0000000080000000, 0x0000000100000000)
  region size 1024K, 4 young (4096K), 4 survivors (4096K)
 Metaspace       used 88778K, committed 89536K, reserved 1130496K
  class space    used 12034K, committed 12416K, reserved 1048576K
}
Event: 13.765 GC heap before
{Heap before GC invocations=45 (full 0):
 garbage-first heap   total 224256K, used 157842K [0x0000000080000000, 0x0000000100000000)
  region size 1024K, 33 young (33792K), 4 survivors (4096K)
 Metaspace       used 92653K, committed 93504K, reserved 1130496K
  class space    used 12577K, committed 12992K, reserved 1048576K
}
Event: 13.772 GC heap after
{Heap after GC invocations=46 (full 0):
 garbage-first heap   total 224256K, used 132589K [0x0000000080000000, 0x0000000100000000)
  region size 1024K, 6 young (6144K), 6 survivors (6144K)
 Metaspace       used 92653K, committed 93504K, reserved 1130496K
  class space    used 12577K, committed 12992K, reserved 1048576K
}
Event: 14.388 GC heap before
{Heap before GC invocations=47 (full 0):
 garbage-first heap   total 230400K, used 180717K [0x0000000080000000, 0x0000000100000000)
  region size 1024K, 53 young (54272K), 6 survivors (6144K)
 Metaspace       used 94353K, committed 95168K, reserved 1138688K
  class space    used 12702K, committed 13120K, reserved 1048576K
}
Event: 14.399 GC heap after
{Heap after GC invocations=48 (full 0):
 garbage-first heap   total 230400K, used 138041K [0x0000000080000000, 0x0000000100000000)
  region size 1024K, 7 young (7168K), 7 survivors (7168K)
 Metaspace       used 94353K, committed 95168K, reserved 1138688K
  class space    used 12702K, committed 13120K, reserved 1048576K
}
Event: 14.434 GC heap before
{Heap before GC invocations=48 (full 0):
 garbage-first heap   total 230400K, used 142137K [0x0000000080000000, 0x0000000100000000)
  region size 1024K, 11 young (11264K), 7 survivors (7168K)
 Metaspace       used 94391K, committed 95232K, reserved 1138688K
  class space    used 12705K, committed 13120K, reserved 1048576K
}
Event: 14.443 GC heap after
{Heap after GC invocations=49 (full 0):
 garbage-first heap   total 230400K, used 139061K [0x0000000080000000, 0x0000000100000000)
  region size 1024K, 2 young (2048K), 2 survivors (2048K)
 Metaspace       used 94391K, committed 95232K, reserved 1138688K
  class space    used 12705K, committed 13120K, reserved 1048576K
}
Event: 14.905 GC heap before
{Heap before GC invocations=49 (full 0):
 garbage-first heap   total 230400K, used 186165K [0x0000000080000000, 0x0000000100000000)
  region size 1024K, 49 young (50176K), 2 survivors (2048K)
 Metaspace       used 94660K, committed 95488K, reserved 1138688K
  class space    used 12708K, committed 13120K, reserved 1048576K
}
Event: 14.910 GC heap after
{Heap after GC invocations=50 (full 0):
 garbage-first heap   total 230400K, used 142452K [0x0000000080000000, 0x0000000100000000)
  region size 1024K, 5 young (5120K), 5 survivors (5120K)
 Metaspace       used 94660K, committed 95488K, reserved 1138688K
  class space    used 12708K, committed 13120K, reserved 1048576K
}
Event: 15.521 GC heap before
{Heap before GC invocations=51 (full 0):
 garbage-first heap   total 254976K, used 188532K [0x0000000080000000, 0x0000000100000000)
  region size 1024K, 51 young (52224K), 5 survivors (5120K)
 Metaspace       used 96011K, committed 96768K, reserved 1138688K
  class space    used 12851K, committed 13248K, reserved 1048576K
}
Event: 15.529 GC heap after
{Heap after GC invocations=52 (full 0):
 garbage-first heap   total 254976K, used 147421K [0x0000000080000000, 0x0000000100000000)
  region size 1024K, 6 young (6144K), 6 survivors (6144K)
 Metaspace       used 96011K, committed 96768K, reserved 1138688K
  class space    used 12851K, committed 13248K, reserved 1048576K
}
Event: 15.592 GC heap before
{Heap before GC invocations=52 (full 0):
 garbage-first heap   total 254976K, used 153565K [0x0000000080000000, 0x0000000100000000)
  region size 1024K, 12 young (12288K), 6 survivors (6144K)
 Metaspace       used 96165K, committed 96896K, reserved 1138688K
  class space    used 12870K, committed 13248K, reserved 1048576K
}
Event: 15.600 GC heap after
{Heap after GC invocations=53 (full 0):
 garbage-first heap   total 254976K, used 146311K [0x0000000080000000, 0x0000000100000000)
  region size 1024K, 2 young (2048K), 2 survivors (2048K)
 Metaspace       used 96165K, committed 96896K, reserved 1138688K
  class space    used 12870K, committed 13248K, reserved 1048576K
}
Event: 16.280 GC heap before
{Heap before GC invocations=53 (full 0):
 garbage-first heap   total 254976K, used 207751K [0x0000000080000000, 0x0000000100000000)
  region size 1024K, 62 young (63488K), 2 survivors (2048K)
 Metaspace       used 98239K, committed 99136K, reserved 1138688K
  class space    used 13128K, committed 13568K, reserved 1048576K
}
Event: 16.286 GC heap after
{Heap after GC invocations=54 (full 0):
 garbage-first heap   total 254976K, used 150110K [0x0000000080000000, 0x0000000100000000)
  region size 1024K, 5 young (5120K), 5 survivors (5120K)
 Metaspace       used 98239K, committed 99136K, reserved 1138688K
  class space    used 13128K, committed 13568K, reserved 1048576K
}

Dll operation events (2 events):
Event: 0.007 Loaded shared library C:\Program Files\Android\Android Studio\jbr\bin\java.dll
Event: 0.880 Loaded shared library C:\Program Files\Android\Android Studio\jbr\bin\verify.dll

Deoptimization events (20 events):
Event: 21.939 Thread 0x0000012fb4a373d0 Uncommon trap: trap_request=0xffffff76 fr.pc=0x0000012fa3b2de74 relative=0x00000000000001d4
Event: 21.939 Thread 0x0000012fb4a373d0 Uncommon trap: reason=predicate action=maybe_recompile pc=0x0000012fa3b2de74 method=java.util.LinkedHashMap.keysToArray([Ljava/lang/Object;)[Ljava/lang/Object; @ 12 c2
Event: 21.939 Thread 0x0000012fb4a373d0 DEOPT PACKING pc=0x0000012fa3b2de74 sp=0x0000000cc1ef8280
Event: 21.939 Thread 0x0000012fb4a373d0 DEOPT UNPACKING pc=0x0000012fa2f269a3 sp=0x0000000cc1ef8238 mode 2
Event: 21.940 Thread 0x0000012fb4a373d0 Uncommon trap: trap_request=0xffffff45 fr.pc=0x0000012fa3a6fb50 relative=0x00000000000000b0
Event: 21.940 Thread 0x0000012fb4a373d0 Uncommon trap: reason=unstable_if action=reinterpret pc=0x0000012fa3a6fb50 method=org.gradle.api.internal.artifacts.ivyservice.resolveengine.store.DefaultBinaryStore.write(Lorg/gradle/cache/internal/BinaryStore$WriteAction;)V @ 4 c2
Event: 21.940 Thread 0x0000012fb4a373d0 DEOPT PACKING pc=0x0000012fa3a6fb50 sp=0x0000000cc1ef8c60
Event: 21.940 Thread 0x0000012fb4a373d0 DEOPT UNPACKING pc=0x0000012fa2f269a3 sp=0x0000000cc1ef8be8 mode 2
Event: 21.984 Thread 0x0000012fb4a373d0 Uncommon trap: trap_request=0xffffffde fr.pc=0x0000012fa3ab7d1c relative=0x00000000000006dc
Event: 21.984 Thread 0x0000012fb4a373d0 Uncommon trap: reason=class_check action=maybe_recompile pc=0x0000012fa3ab7d1c method=org.gradle.cache.internal.LockOnDemandCrossProcessCacheAccess.incrementLockCount()V @ 97 c2
Event: 21.984 Thread 0x0000012fb4a373d0 DEOPT PACKING pc=0x0000012fa3ab7d1c sp=0x0000000cc1ef71d0
Event: 21.984 Thread 0x0000012fb4a373d0 DEOPT UNPACKING pc=0x0000012fa2f269a3 sp=0x0000000cc1ef7180 mode 2
Event: 21.987 Thread 0x0000012fb4a373d0 Uncommon trap: trap_request=0xffffff45 fr.pc=0x0000012fa3a50568 relative=0x0000000000000d08
Event: 21.987 Thread 0x0000012fb4a373d0 Uncommon trap: reason=unstable_if action=reinterpret pc=0x0000012fa3a50568 method=org.gradle.api.internal.artifacts.dependencies.DefaultImmutableVersionConstraint.<init>(Ljava/lang/String;Ljava/lang/String;Ljava/lang/String;Ljava/util/List;Ljava/lang/Stri
Event: 21.987 Thread 0x0000012fb4a373d0 DEOPT PACKING pc=0x0000012fa3a50568 sp=0x0000000cc1ef8c80
Event: 21.987 Thread 0x0000012fb4a373d0 DEOPT UNPACKING pc=0x0000012fa2f269a3 sp=0x0000000cc1ef8bc8 mode 2
Event: 22.997 Thread 0x0000012fb4a373d0 Uncommon trap: trap_request=0xffffff45 fr.pc=0x0000012fa392bd24 relative=0x0000000000000404
Event: 22.997 Thread 0x0000012fb4a373d0 Uncommon trap: reason=unstable_if action=reinterpret pc=0x0000012fa392bd24 method=java.util.stream.AbstractPipeline.<init>(Ljava/util/stream/AbstractPipeline;I)V @ 69 c2
Event: 22.997 Thread 0x0000012fb4a373d0 DEOPT PACKING pc=0x0000012fa392bd24 sp=0x0000000cc1efa780
Event: 22.997 Thread 0x0000012fb4a373d0 DEOPT UNPACKING pc=0x0000012fa2f269a3 sp=0x0000000cc1efa748 mode 2

Classes unloaded (3 events):
Event: 15.028 Thread 0x0000012fb28fe600 Unloading class 0x0000000100cd1800 'java/lang/invoke/LambdaForm$DMH+0x0000000100cd1800'
Event: 15.028 Thread 0x0000012fb28fe600 Unloading class 0x0000000100cd1400 'java/lang/invoke/LambdaForm$DMH+0x0000000100cd1400'
Event: 15.028 Thread 0x0000012fb28fe600 Unloading class 0x0000000100cd0c00 'java/lang/invoke/LambdaForm$DMH+0x0000000100cd0c00'

Classes redefined (0 events):
No events

Internal exceptions (20 events):
Event: 16.299 Thread 0x0000012fb4a373d0 Exception <a 'java/lang/ClassNotFoundException'{0x000000008f54a058}: java/util/ArrayListCustomizer> (0x000000008f54a058) 
thrown [s\src\hotspot\share\classfile\systemDictionary.cpp, line 256]
Event: 16.305 Thread 0x0000012fb4a373d0 Exception <a 'java/lang/ClassNotFoundException'{0x000000008f5d3268}: java/util/CollectionBeanInfo> (0x000000008f5d3268) 
thrown [s\src\hotspot\share\classfile\systemDictionary.cpp, line 256]
Event: 16.305 Thread 0x0000012fb4a373d0 Exception <a 'java/lang/ClassNotFoundException'{0x000000008f5d7790}: java/util/CollectionCustomizer> (0x000000008f5d7790) 
thrown [s\src\hotspot\share\classfile\systemDictionary.cpp, line 256]
Event: 16.312 Thread 0x0000012fb4a373d0 Exception <a 'java/lang/ClassNotFoundException'{0x000000008f429a70}: org/gradle/api/tasks/SourceSetBeanInfo> (0x000000008f429a70) 
thrown [s\src\hotspot\share\classfile\systemDictionary.cpp, line 256]
Event: 16.312 Thread 0x0000012fb4a373d0 Exception <a 'java/lang/ClassNotFoundException'{0x000000008f433398}: org/gradle/api/tasks/SourceSetCustomizer> (0x000000008f433398) 
thrown [s\src\hotspot\share\classfile\systemDictionary.cpp, line 256]
Event: 16.314 Thread 0x0000012fb4a373d0 Exception <a 'java/lang/ClassNotFoundException'{0x000000008f4a22e0}: java/util/LinkedHashMapBeanInfo> (0x000000008f4a22e0) 
thrown [s\src\hotspot\share\classfile\systemDictionary.cpp, line 256]
Event: 16.314 Thread 0x0000012fb4a373d0 Exception <a 'java/lang/ClassNotFoundException'{0x000000008f4a6828}: java/util/HashMapBeanInfo> (0x000000008f4a6828) 
thrown [s\src\hotspot\share\classfile\systemDictionary.cpp, line 256]
Event: 16.315 Thread 0x0000012fb4a373d0 Exception <a 'java/lang/ClassNotFoundException'{0x000000008f4ab2c8}: java/util/AbstractMapBeanInfo> (0x000000008f4ab2c8) 
thrown [s\src\hotspot\share\classfile\systemDictionary.cpp, line 256]
Event: 16.315 Thread 0x0000012fb4a373d0 Exception <a 'java/lang/ClassNotFoundException'{0x000000008f4af810}: java/util/AbstractMapCustomizer> (0x000000008f4af810) 
thrown [s\src\hotspot\share\classfile\systemDictionary.cpp, line 256]
Event: 16.315 Thread 0x0000012fb4a373d0 Exception <a 'java/lang/ClassNotFoundException'{0x000000008f4bdef8}: java/util/HashMapCustomizer> (0x000000008f4bdef8) 
thrown [s\src\hotspot\share\classfile\systemDictionary.cpp, line 256]
Event: 16.316 Thread 0x0000012fb4a373d0 Exception <a 'java/lang/ClassNotFoundException'{0x000000008f4da398}: java/util/LinkedHashMapCustomizer> (0x000000008f4da398) 
thrown [s\src\hotspot\share\classfile\systemDictionary.cpp, line 256]
Event: 16.481 Thread 0x0000012fb4a38710 Exception <a 'java/lang/NoSuchMethodError'{0x000000008eb10be8}: static Lorg/gradle/internal/classloader/ClassLoaderSpec;.<clinit>()V> (0x000000008eb10be8) 
thrown [s\src\hotspot\share\prims\jni.cpp, line 1108]
Event: 16.482 Thread 0x0000012fb4a38710 Exception <a 'java/lang/NoSuchMethodError'{0x000000008eb21d98}: static Lorg/gradle/internal/classloader/VisitableURLClassLoader$Spec;.<clinit>()V> (0x000000008eb21d98) 
thrown [s\src\hotspot\share\prims\jni.cpp, line 1108]
Event: 16.484 Thread 0x0000012fb4a38710 Exception <a 'java/lang/NoSuchMethodError'{0x000000008ebb8938}: static [Ljava/net/URL;.<clinit>()V> (0x000000008ebb8938) 
thrown [s\src\hotspot\share\prims\jni.cpp, line 1108]
Event: 16.488 Thread 0x0000012fb4a38710 Exception <a 'java/lang/NoSuchMethodError'{0x000000008ebd0720}: static Lorg/gradle/internal/classloader/FilteringClassLoader$Spec;.<clinit>()V> (0x000000008ebd0720) 
thrown [s\src\hotspot\share\prims\jni.cpp, line 1108]
Event: 16.489 Thread 0x0000012fb4a38710 Exception <a 'java/lang/NoSuchMethodError'{0x000000008ebe03b8}: static Lorg/gradle/internal/classloader/CachingClassLoader$Spec;.<clinit>()V> (0x000000008ebe03b8) 
thrown [s\src\hotspot\share\prims\jni.cpp, line 1108]
Event: 21.567 Thread 0x0000012fbd08e290 Exception <a 'java/lang/NoSuchMethodError'{0x000000008e5b8998}: static Lorg/gradle/internal/build/event/types/DefaultOperationStartedProgressEvent;.<clinit>()V> (0x000000008e5b8998) 
thrown [s\src\hotspot\share\prims\jni.cpp, line 1108]
Event: 21.605 Thread 0x0000012fbd08e290 Exception <a 'java/lang/NoSuchMethodError'{0x000000008e39ece8}: static Lorg/gradle/internal/build/event/types/DefaultProjectConfigurationDescriptor;.<clinit>()V> (0x000000008e39ece8) 
thrown [s\src\hotspot\share\prims\jni.cpp, line 1108]
Event: 21.605 Thread 0x0000012fbd08e290 Exception <a 'java/lang/NoSuchMethodError'{0x000000008e3a12a8}: static Lorg/gradle/internal/build/event/types/DefaultOperationDescriptor;.<clinit>()V> (0x000000008e3a12a8) 
thrown [s\src\hotspot\share\prims\jni.cpp, line 1108]
Event: 22.990 Thread 0x0000012fb4a373d0 Exception <a 'java/lang/NoSuchMethodError'{0x000000008d343098}: 'long java.lang.invoke.DirectMethodHandle$Holder.invokeVirtual(java.lang.Object, java.lang.Object)'> (0x000000008d343098) 
thrown [s\src\hotspot\share\interpreter\linkResolver.cpp, line 771]

VM Operations (20 events):
Event: 16.410 Executing VM operation: HandshakeAllThreads
Event: 16.410 Executing VM operation: HandshakeAllThreads done
Event: 16.486 Executing VM operation: HandshakeAllThreads
Event: 16.487 Executing VM operation: HandshakeAllThreads done
Event: 16.496 Executing VM operation: HandshakeAllThreads
Event: 16.496 Executing VM operation: HandshakeAllThreads done
Event: 17.507 Executing VM operation: Cleanup
Event: 17.507 Executing VM operation: Cleanup done
Event: 18.514 Executing VM operation: Cleanup
Event: 18.514 Executing VM operation: Cleanup done
Event: 21.492 Executing VM operation: HandshakeAllThreads
Event: 21.492 Executing VM operation: HandshakeAllThreads done
Event: 21.492 Executing VM operation: Cleanup
Event: 21.493 Executing VM operation: Cleanup done
Event: 21.939 Executing VM operation: ICBufferFull
Event: 21.939 Executing VM operation: ICBufferFull done
Event: 22.939 Executing VM operation: Cleanup
Event: 22.939 Executing VM operation: Cleanup done
Event: 22.996 Executing VM operation: HandshakeAllThreads
Event: 22.997 Executing VM operation: HandshakeAllThreads done

Events (20 events):
Event: 22.870 Thread 0x0000012fba496de0 Thread added: 0x0000012fba496de0
Event: 22.870 Thread 0x0000012fba498f90 Thread added: 0x0000012fba498f90
Event: 22.870 Thread 0x0000012fba49a2d0 Thread added: 0x0000012fba49a2d0
Event: 22.870 Thread 0x0000012fba499e00 Thread added: 0x0000012fba499e00
Event: 22.871 Thread 0x0000012fba496910 Thread added: 0x0000012fba496910
Event: 22.871 Thread 0x0000012fba4972b0 Thread added: 0x0000012fba4972b0
Event: 22.871 Thread 0x0000012fba499460 Thread added: 0x0000012fba499460
Event: 22.871 Thread 0x0000012fba494760 Thread added: 0x0000012fba494760
Event: 22.871 Thread 0x0000012fba495100 Thread added: 0x0000012fba495100
Event: 22.872 Thread 0x0000012fba494290 Thread added: 0x0000012fba494290
Event: 22.992 loading class java/util/stream/SortedOps
Event: 22.993 loading class java/util/stream/SortedOps done
Event: 22.994 loading class java/util/stream/SortedOps$OfRef
Event: 22.994 loading class java/util/stream/ReferencePipeline$StatefulOp
Event: 22.995 loading class java/util/stream/ReferencePipeline$StatefulOp done
Event: 22.995 loading class java/util/stream/SortedOps$OfRef done
Event: 22.998 loading class java/util/stream/SortedOps$RefSortingSink
Event: 22.998 loading class java/util/stream/SortedOps$AbstractRefSortingSink
Event: 22.998 loading class java/util/stream/SortedOps$AbstractRefSortingSink done
Event: 22.998 loading class java/util/stream/SortedOps$RefSortingSink done


Dynamic libraries:
0x00007ff7e29c0000 - 0x00007ff7e29ca000 	C:\Program Files\Android\Android Studio\jbr\bin\java.exe
0x00007ffca22b0000 - 0x00007ffca24c7000 	C:\WINDOWS\SYSTEM32\ntdll.dll
0x00007ffca0780000 - 0x00007ffca0844000 	C:\WINDOWS\System32\KERNEL32.DLL
0x00007ffc9fa70000 - 0x00007ffc9fe1d000 	C:\WINDOWS\System32\KERNELBASE.dll
0x00007ffc9f670000 - 0x00007ffc9f781000 	C:\WINDOWS\System32\ucrtbase.dll
0x00007ffc8b370000 - 0x00007ffc8b387000 	C:\Program Files\Android\Android Studio\jbr\bin\jli.dll
0x00007ffc9a7c0000 - 0x00007ffc9a7db000 	C:\Program Files\Android\Android Studio\jbr\bin\VCRUNTIME140.dll
0x00007ffca05d0000 - 0x00007ffca077e000 	C:\WINDOWS\System32\USER32.dll
0x00007ffc9ffb0000 - 0x00007ffc9ffd6000 	C:\WINDOWS\System32\win32u.dll
0x00007ffc8d560000 - 0x00007ffc8d7f3000 	C:\WINDOWS\WinSxS\amd64_microsoft.windows.common-controls_6595b64144ccf1df_6.0.22621.3672_none_2713b9d173822955\COMCTL32.dll
0x00007ffca21d0000 - 0x00007ffca21f9000 	C:\WINDOWS\System32\GDI32.dll
0x00007ffca20c0000 - 0x00007ffca2167000 	C:\WINDOWS\System32\msvcrt.dll
0x00007ffc9fe90000 - 0x00007ffc9ffa9000 	C:\WINDOWS\System32\gdi32full.dll
0x00007ffc9f5d0000 - 0x00007ffc9f66a000 	C:\WINDOWS\System32\msvcp_win.dll
0x00007ffca19e0000 - 0x00007ffca1a11000 	C:\WINDOWS\System32\IMM32.DLL
0x00007ffc9a7a0000 - 0x00007ffc9a7ac000 	C:\Program Files\Android\Android Studio\jbr\bin\vcruntime140_1.dll
0x00007ffc8d110000 - 0x00007ffc8d19d000 	C:\Program Files\Android\Android Studio\jbr\bin\msvcp140.dll
0x00007ffc4bca0000 - 0x00007ffc4c90e000 	C:\Program Files\Android\Android Studio\jbr\bin\server\jvm.dll
0x00007ffca0460000 - 0x00007ffca0512000 	C:\WINDOWS\System32\ADVAPI32.dll
0x00007ffca0850000 - 0x00007ffca08f9000 	C:\WINDOWS\System32\sechost.dll
0x00007ffc9f810000 - 0x00007ffc9f838000 	C:\WINDOWS\System32\bcrypt.dll
0x00007ffca1fa0000 - 0x00007ffca20b4000 	C:\WINDOWS\System32\RPCRT4.dll
0x00007ffc7fa50000 - 0x00007ffc7fa59000 	C:\WINDOWS\SYSTEM32\WSOCK32.dll
0x00007ffc997d0000 - 0x00007ffc99804000 	C:\WINDOWS\SYSTEM32\WINMM.dll
0x00007ffca1f20000 - 0x00007ffca1f91000 	C:\WINDOWS\System32\WS2_32.dll
0x00007ffc99db0000 - 0x00007ffc99dba000 	C:\WINDOWS\SYSTEM32\VERSION.dll
0x00007ffc9e6d0000 - 0x00007ffc9e6e8000 	C:\WINDOWS\SYSTEM32\kernel.appcore.dll
0x00007ffc99880000 - 0x00007ffc9988a000 	C:\Program Files\Android\Android Studio\jbr\bin\jimage.dll
0x00007ffc9d130000 - 0x00007ffc9d362000 	C:\WINDOWS\SYSTEM32\DBGHELP.DLL
0x00007ffca11d0000 - 0x00007ffca155e000 	C:\WINDOWS\System32\combase.dll
0x00007ffca1c20000 - 0x00007ffca1cf7000 	C:\WINDOWS\System32\OLEAUT32.dll
0x00007ffc83c00000 - 0x00007ffc83c32000 	C:\WINDOWS\SYSTEM32\dbgcore.DLL
0x00007ffc9f790000 - 0x00007ffc9f80b000 	C:\WINDOWS\System32\bcryptPrimitives.dll
0x00007ffc99850000 - 0x00007ffc99875000 	C:\Program Files\Android\Android Studio\jbr\bin\java.dll
0x00007ffc99830000 - 0x00007ffc99848000 	C:\Program Files\Android\Android Studio\jbr\bin\zip.dll
0x00007ffca0900000 - 0x00007ffca1167000 	C:\WINDOWS\System32\SHELL32.dll
0x00007ffc9d4d0000 - 0x00007ffc9ddcf000 	C:\WINDOWS\SYSTEM32\windows.storage.dll
0x00007ffc9d390000 - 0x00007ffc9d4cf000 	C:\WINDOWS\SYSTEM32\wintypes.dll
0x00007ffca1e20000 - 0x00007ffca1f19000 	C:\WINDOWS\System32\SHCORE.dll
0x00007ffca1d00000 - 0x00007ffca1d5e000 	C:\WINDOWS\System32\shlwapi.dll
0x00007ffc9f500000 - 0x00007ffc9f527000 	C:\WINDOWS\SYSTEM32\profapi.dll
0x00007ffc96880000 - 0x00007ffc96899000 	C:\Program Files\Android\Android Studio\jbr\bin\net.dll
0x00007ffc99ac0000 - 0x00007ffc99bf6000 	C:\WINDOWS\SYSTEM32\WINHTTP.dll
0x00007ffc9eb40000 - 0x00007ffc9eba9000 	C:\WINDOWS\system32\mswsock.dll
0x00007ffc966c0000 - 0x00007ffc966d6000 	C:\Program Files\Android\Android Studio\jbr\bin\nio.dll
0x00007ffc96870000 - 0x00007ffc96880000 	C:\Program Files\Android\Android Studio\jbr\bin\verify.dll
0x00007ffc971d0000 - 0x00007ffc971f7000 	C:\Users\scher\.gradle\native\68d5fa5c4cc2d200863cafc0d521ce42e7d3e7ee720ec0a83991735586a16f82\windows-amd64\native-platform.dll
0x00007ffc65ef0000 - 0x00007ffc66034000 	C:\Users\scher\.gradle\native\e376f236ea51e6404a007f0833ffe2c6e607c4080706a723a18a27aeea778392\windows-amd64\native-platform-file-events.dll
0x00007ffc955a0000 - 0x00007ffc955a9000 	C:\Program Files\Android\Android Studio\jbr\bin\management.dll
0x00007ffc95590000 - 0x00007ffc9559b000 	C:\Program Files\Android\Android Studio\jbr\bin\management_ext.dll
0x00007ffca1e10000 - 0x00007ffca1e18000 	C:\WINDOWS\System32\PSAPI.DLL
0x00007ffc9ed70000 - 0x00007ffc9ed8b000 	C:\WINDOWS\SYSTEM32\CRYPTSP.dll
0x00007ffc9e630000 - 0x00007ffc9e665000 	C:\WINDOWS\system32\rsaenh.dll
0x00007ffc9ec00000 - 0x00007ffc9ec28000 	C:\WINDOWS\SYSTEM32\USERENV.dll
0x00007ffc9ed90000 - 0x00007ffc9ed9c000 	C:\WINDOWS\SYSTEM32\CRYPTBASE.dll
0x00007ffc9e070000 - 0x00007ffc9e09d000 	C:\WINDOWS\SYSTEM32\IPHLPAPI.DLL
0x00007ffca05b0000 - 0x00007ffca05b9000 	C:\WINDOWS\System32\NSI.dll
0x00007ffc99dc0000 - 0x00007ffc99dd9000 	C:\WINDOWS\SYSTEM32\dhcpcsvc6.DLL
0x00007ffc99a50000 - 0x00007ffc99a6f000 	C:\WINDOWS\SYSTEM32\dhcpcsvc.DLL
0x00007ffc9e0f0000 - 0x00007ffc9e1e8000 	C:\WINDOWS\SYSTEM32\DNSAPI.dll
0x00007ffc95580000 - 0x00007ffc95588000 	C:\WINDOWS\system32\wshunix.dll

dbghelp: loaded successfully - version: 4.0.5 - missing functions: none
symbol engine: initialized successfully - sym options: 0x614 - pdb path: .;C:\Program Files\Android\Android Studio\jbr\bin;C:\WINDOWS\SYSTEM32;C:\WINDOWS\WinSxS\amd64_microsoft.windows.common-controls_6595b64144ccf1df_6.0.22621.3672_none_2713b9d173822955;C:\Program Files\Android\Android Studio\jbr\bin\server;C:\Users\scher\.gradle\native\68d5fa5c4cc2d200863cafc0d521ce42e7d3e7ee720ec0a83991735586a16f82\windows-amd64;C:\Users\scher\.gradle\native\e376f236ea51e6404a007f0833ffe2c6e607c4080706a723a18a27aeea778392\windows-amd64

VM Arguments:
jvm_args: --add-opens=java.base/java.util=ALL-UNNAMED --add-opens=java.base/java.lang=ALL-UNNAMED --add-opens=java.base/java.lang.invoke=ALL-UNNAMED --add-opens=java.prefs/java.util.prefs=ALL-UNNAMED --add-opens=java.base/java.nio.charset=ALL-UNNAMED --add-opens=java.base/java.net=ALL-UNNAMED --add-opens=java.base/java.util.concurrent.atomic=ALL-UNNAMED -Xmx2048m -Dfile.encoding=UTF-8 -Duser.country=BR -Duser.language=pt -Duser.variant 
java_command: org.gradle.launcher.daemon.bootstrap.GradleDaemon 8.0
java_class_path (initial): C:\Users\scher\.gradle\wrapper\dists\gradle-8.0-bin\ca5e32bp14vu59qr306oxotwh\gradle-8.0\lib\gradle-launcher-8.0.jar
Launcher Type: SUN_STANDARD

[Global flags]
     intx CICompilerCount                          = 4                                         {product} {ergonomic}
     uint ConcGCThreads                            = 2                                         {product} {ergonomic}
     uint G1ConcRefinementThreads                  = 8                                         {product} {ergonomic}
   size_t G1HeapRegionSize                         = 1048576                                   {product} {ergonomic}
    uintx GCDrainStackTargetSize                   = 64                                        {product} {ergonomic}
   size_t InitialHeapSize                          = 134217728                                 {product} {ergonomic}
   size_t MarkStackSize                            = 4194304                                   {product} {ergonomic}
   size_t MaxHeapSize                              = 2147483648                                {product} {command line}
   size_t MaxNewSize                               = 1287651328                                {product} {ergonomic}
   size_t MinHeapDeltaBytes                        = 1048576                                   {product} {ergonomic}
   size_t MinHeapSize                              = 8388608                                   {product} {ergonomic}
    uintx NonNMethodCodeHeapSize                   = 5839372                                {pd product} {ergonomic}
    uintx NonProfiledCodeHeapSize                  = 122909434                              {pd product} {ergonomic}
    uintx ProfiledCodeHeapSize                     = 122909434                              {pd product} {ergonomic}
    uintx ReservedCodeCacheSize                    = 251658240                              {pd product} {ergonomic}
     bool SegmentedCodeCache                       = true                                      {product} {ergonomic}
   size_t SoftMaxHeapSize                          = 2147483648                             {manageable} {ergonomic}
     bool UseCompressedClassPointers               = true                           {product lp64_product} {ergonomic}
     bool UseCompressedOops                        = true                           {product lp64_product} {ergonomic}
     bool UseG1GC                                  = true                                      {product} {ergonomic}
     bool UseLargePagesIndividualAllocation        = false                                  {pd product} {ergonomic}

Logging:
Log output configuration:
 #0: stdout all=warning uptime,level,tags
 #1: stderr all=off uptime,level,tags

Environment Variables:
PATH=C:\Program Files\Common Files\Oracle\Java\javapath;C:\Program Files (x86)\Embarcadero\Studio\22.0\bin;C:\Users\Public\Documents\Embarcadero\Studio\22.0\Bpl;C:\Program Files (x86)\Embarcadero\Studio\22.0\bin64;C:\Users\Public\Documents\Embarcadero\Studio\22.0\Bpl\Win64;C:\Program Files (x86)\Embarcadero\Studio\21.0\bin;C:\Users\Public\Documents\Embarcadero\Studio\21.0\Bpl;C:\Program Files (x86)\Embarcadero\Studio\21.0\bin64;C:\Users\Public\Documents\Embarcadero\Studio\21.0\Bpl\Win64;C:\Windows\system32;C:\Windows;C:\Windows\System32\Wbem;C:\Windows\System32\WindowsPowerShell\v1.0\;C:\Windows\System32\OpenSSH\;C:\Program Files (x86)\NVIDIA Corporation\PhysX\Common;C:\Program Files\NVIDIA Corporation\NVIDIA NvDLISR;C:\WINDOWS\system32;C:\WINDOWS;C:\WINDOWS\System32\Wbem;C:\WINDOWS\System32\WindowsPowerShell\v1.0\;C:\WINDOWS\System32\OpenSSH\;C:\Program Files\dotnet\;C:\Program Files (x86)\Windows Kits\10\Windows Performance Toolkit\;C:\Program Files\Git\cmd;C:\Users\scher\AppData\Local\Microsoft\WindowsApps;;C:\Users\scher\AppData\Local\Programs\Microsoft VS Code\bin
USERNAME=scher
OS=Windows_NT
PROCESSOR_IDENTIFIER=Intel64 Family 6 Model 142 Stepping 12, GenuineIntel
TMP=C:\Users\scher\AppData\Local\Temp
TEMP=C:\Users\scher\AppData\Local\Temp


JNI global refs:
JNI global refs: 28, weak refs: 4

JNI global refs memory usage: 843, weak refs: 841


---------------  S Y S T E M  ---------------

OS:
 Windows 11 , 64 bit Build 22621 (10.0.22621.3958)
OS uptime: 0 days 1:32 hours
Hyper-V role detected

CPU: total 8 (initial active 8) (4 cores per cpu, 2 threads per core) family 6 model 142 stepping 12 microcode 0xea, cx8, cmov, fxsr, ht, mmx, 3dnowpref, sse, sse2, sse3, ssse3, sse4.1, sse4.2, popcnt, lzcnt, tsc, tscinvbit, avx, avx2, aes, erms, clmul, bmi1, bmi2, adx, fma, vzeroupper, clflush, clflushopt, hv

Memory: 4k page, system-wide physical 8072M (686M free)
TotalPageFile size 10120M (AvailPageFile size 6M)
current process WorkingSet (physical memory assigned to process): 533M, peak: 534M
current process commit charge ("private bytes"): 573M, peak: 575M

vm_info: OpenJDK 64-Bit Server VM (17.0.6+0-b2043.56-10027231) for windows-amd64 JRE (17.0.6+0-b2043.56-10027231), built on Apr 28 2023 00:43:19 by "androidbuild" with MS VC++ 16.10 / 16.11 (VS2019)

END.
