#
# There is insufficient memory for the Java Runtime Environment to continue.
# Native memory allocation (mmap) failed to map 245366784 bytes for G1 virtual space
# Possible reasons:
#   The system is out of physical RAM or swap space
#   The process is running with CompressedOops enabled, and the Java Heap may be blocking the growth of the native heap
# Possible solutions:
#   Reduce memory load on the system
#   Increase physical memory or swap space
#   Check if swap backing store is full
#   Decrease Java heap size (-Xmx/-Xms)
#   Decrease number of Java threads
#   Decrease Java thread stack sizes (-Xss)
#   Set larger code cache with -XX:ReservedCodeCacheSize=
#   JVM is running with Unscaled Compressed Oops mode in which the Java heap is
#     placed in the first 4GB address space. The Java Heap base address is the
#     maximum limit for the native heap growth. Please use -XX:HeapBaseMinAddress
#     to set the Java Heap base and to place the Java Heap above 4GB virtual address.
# This output file may be truncated or incomplete.
#
#  Out of Memory Error (os_windows.cpp:3769), pid=10564, tid=9668
#
# JRE version: OpenJDK Runtime Environment (17.0.6) (build 17.0.6+0-b2043.56-10027231)
# Java VM: OpenJDK 64-Bit Server VM (17.0.6+0-b2043.56-10027231, mixed mode, tiered, compressed oops, compressed class ptrs, g1 gc, windows-amd64)
# No core dump will be written. Minidumps are not enabled by default on client versions of Windows
#

---------------  S U M M A R Y ------------

Command Line: --add-opens=java.base/java.util=ALL-UNNAMED --add-opens=java.base/java.lang=ALL-UNNAMED --add-opens=java.base/java.lang.invoke=ALL-UNNAMED --add-opens=java.prefs/java.util.prefs=ALL-UNNAMED --add-opens=java.base/java.nio.charset=ALL-UNNAMED --add-opens=java.base/java.net=ALL-UNNAMED --add-opens=java.base/java.util.concurrent.atomic=ALL-UNNAMED -Xmx2048m -Dfile.encoding=UTF-8 -Duser.country=BR -Duser.language=pt -Duser.variant org.gradle.launcher.daemon.bootstrap.GradleDaemon 8.0

Host: Intel(R) Core(TM) i7-8565U CPU @ 1.80GHz, 8 cores, 7G,  Windows 11 , 64 bit Build 22621 (10.0.22621.3958)
Time: Sun Sep  1 01:19:40 2024 Hora oficial do Brasil elapsed time: 9.043984 seconds (0d 0h 0m 9s)

---------------  T H R E A D  ---------------

Current thread (0x0000026fc176c890):  VMThread "VM Thread" [stack: 0x0000009e4a000000,0x0000009e4a100000] [id=9668]

Stack: [0x0000009e4a000000,0x0000009e4a100000]
Native frames: (J=compiled Java code, j=interpreted, Vv=VM code, C=native code)
V  [jvm.dll+0x683c9a]
V  [jvm.dll+0x8427a4]
V  [jvm.dll+0x843f9e]
V  [jvm.dll+0x844603]
V  [jvm.dll+0x249b75]
V  [jvm.dll+0x680b69]
V  [jvm.dll+0x67505a]
V  [jvm.dll+0x309acb]
V  [jvm.dll+0x310f86]
V  [jvm.dll+0x3608ee]
V  [jvm.dll+0x360b1f]
V  [jvm.dll+0x2dfbf8]
V  [jvm.dll+0x2ddec4]
V  [jvm.dll+0x2dd4cc]
V  [jvm.dll+0x321f3b]
V  [jvm.dll+0x848ccb]
V  [jvm.dll+0x849a04]
V  [jvm.dll+0x849f1d]
V  [jvm.dll+0x84a2f4]
V  [jvm.dll+0x84a3c0]
V  [jvm.dll+0x7f274a]
V  [jvm.dll+0x682ad5]
C  [ucrtbase.dll+0x29333]
C  [KERNEL32.DLL+0x1257d]
C  [ntdll.dll+0x5af28]

VM_Operation (0x0000009e50afcc50): G1CollectForAllocation, mode: safepoint, requested by thread 0x0000026fc8b8d230


---------------  P R O C E S S  ---------------

Threads class SMR info:
_java_thread_list=0x0000026fc7ff7b60, length=136, elements={
0x0000026fa795f260, 0x0000026fc17b2ec0, 0x0000026fc17b3d30, 0x0000026fc17dc8b0,
0x0000026fc17dd460, 0x0000026fc17ddf10, 0x0000026fc17de8c0, 0x0000026fc2035740,
0x0000026fc20360f0, 0x0000026fc2038ef0, 0x0000026fc21c5340, 0x0000026fc21c7820,
0x0000026fc237c470, 0x0000026fc23fe850, 0x0000026fc30cf510, 0x0000026fc4d04550,
0x0000026fc3760520, 0x0000026fc5815b80, 0x0000026fc4e22050, 0x0000026fc36f4410,
0x0000026fc4a06530, 0x0000026fc30c85a0, 0x0000026fc30cac20, 0x0000026fc30c9db0,
0x0000026fc30cb5c0, 0x0000026fc30ca280, 0x0000026fc30c98e0, 0x0000026fc30c9410,
0x0000026fc30ca750, 0x0000026fc30cb0f0, 0x0000026fc30cba90, 0x0000026fc30c8a70,
0x0000026fc30c80d0, 0x0000026fc6618430, 0x0000026fc6616750, 0x0000026fc6613730,
0x0000026fc6619770, 0x0000026fc6616c20, 0x0000026fc6613260, 0x0000026fc66145a0,
0x0000026fc66175c0, 0x0000026fc6616280, 0x0000026fc661aab0, 0x0000026fc6615db0,
0x0000026fc6614a70, 0x0000026fc6615410, 0x0000026fc66158e0, 0x0000026fc8b4ef90,
0x0000026fc8b502d0, 0x0000026fc8b4f460, 0x0000026fc8b4f930, 0x0000026fc8b54b00,
0x0000026fc8b4fe00, 0x0000026fc8b54160, 0x0000026fc8b52480, 0x0000026fc8b55e40,
0x0000026fc8b507a0, 0x0000026fc8b51ae0, 0x0000026fc8b4e5f0, 0x0000026fc8b4eac0,
0x0000026fc8b54630, 0x0000026fc8b51140, 0x0000026fc8b50c70, 0x0000026fc8b54fd0,
0x0000026fc8b51610, 0x0000026fc8b55970, 0x0000026fc8b51fb0, 0x0000026fc8b52950,
0x0000026fc8b52e20, 0x0000026fc8b554a0, 0x0000026fc8b532f0, 0x0000026fc8b537c0,
0x0000026fc8b53c90, 0x0000026fc8b88060, 0x0000026fc8b88530, 0x0000026fc8b8dbd0,
0x0000026fc8b893a0, 0x0000026fc8b8b550, 0x0000026fc8b8cd60, 0x0000026fc8b8ba20,
0x0000026fc8b88a00, 0x0000026fc8b8ef10, 0x0000026fc8b8c3c0, 0x0000026fc8b8d700,
0x0000026fc8b8e0a0, 0x0000026fc8b8ea40, 0x0000026fc8b8a210, 0x0000026fc8b89870,
0x0000026fc8b8f3e0, 0x0000026fc8b8bef0, 0x0000026fc8b8e570, 0x0000026fc8b8f8b0,
0x0000026fc8b8c890, 0x0000026fc8b88ed0, 0x0000026fc8b89d40, 0x0000026fc8b8a6e0,
0x0000026fc8b8abb0, 0x0000026fc8b8d230, 0x0000026fc8b8b080, 0x0000026fc88d6f90,
0x0000026fc88d9610, 0x0000026fc88dc630, 0x0000026fc88d65f0, 0x0000026fc88d7e00,
0x0000026fc88dc160, 0x0000026fc88d8c70, 0x0000026fc88d52b0, 0x0000026fc88da950,
0x0000026fc88da480, 0x0000026fc88d6120, 0x0000026fc88dcb00, 0x0000026fc88d5780,
0x0000026fc88d9fb0, 0x0000026fc88d5c50, 0x0000026fc88d7460, 0x0000026fc88d6ac0,
0x0000026fc88d82d0, 0x0000026fc88d7930, 0x0000026fc88d87a0, 0x0000026fc88dae20,
0x0000026fc88db2f0, 0x0000026fc88db7c0, 0x0000026fc88dbc90, 0x0000026fc88d9140,
0x0000026fc88d9ae0, 0x0000026fc8f2c600, 0x0000026fc8f2ec80, 0x0000026fc8f2bc60,
0x0000026fc8f29110, 0x0000026fc8f2cad0, 0x0000026fc8f2a450, 0x0000026fc8f2a920,
0x0000026fc8f2adf0, 0x0000026fc8f29ab0, 0x0000026fc8f295e0, 0x0000026fc8f2de10
}

Java Threads: ( => current thread )
  0x0000026fa795f260 JavaThread "main" [_thread_blocked, id=3612, stack(0x0000009e49a00000,0x0000009e49b00000)]
  0x0000026fc17b2ec0 JavaThread "Reference Handler" daemon [_thread_blocked, id=1268, stack(0x0000009e4a100000,0x0000009e4a200000)]
  0x0000026fc17b3d30 JavaThread "Finalizer" daemon [_thread_blocked, id=15056, stack(0x0000009e4a200000,0x0000009e4a300000)]
  0x0000026fc17dc8b0 JavaThread "Signal Dispatcher" daemon [_thread_blocked, id=9344, stack(0x0000009e4a300000,0x0000009e4a400000)]
  0x0000026fc17dd460 JavaThread "Attach Listener" daemon [_thread_blocked, id=14320, stack(0x0000009e4a400000,0x0000009e4a500000)]
  0x0000026fc17ddf10 JavaThread "Service Thread" daemon [_thread_blocked, id=12384, stack(0x0000009e4a500000,0x0000009e4a600000)]
  0x0000026fc17de8c0 JavaThread "Monitor Deflation Thread" daemon [_thread_blocked, id=13360, stack(0x0000009e4a600000,0x0000009e4a700000)]
  0x0000026fc2035740 JavaThread "C2 CompilerThread0" daemon [_thread_blocked, id=7108, stack(0x0000009e4a700000,0x0000009e4a800000)]
  0x0000026fc20360f0 JavaThread "C1 CompilerThread0" daemon [_thread_blocked, id=10904, stack(0x0000009e4a800000,0x0000009e4a900000)]
  0x0000026fc2038ef0 JavaThread "Sweeper thread" daemon [_thread_blocked, id=4576, stack(0x0000009e4a900000,0x0000009e4aa00000)]
  0x0000026fc21c5340 JavaThread "Common-Cleaner" daemon [_thread_blocked, id=13372, stack(0x0000009e4aa00000,0x0000009e4ab00000)]
  0x0000026fc21c7820 JavaThread "Notification Thread" daemon [_thread_blocked, id=1648, stack(0x0000009e4ab00000,0x0000009e4ac00000)]
  0x0000026fc237c470 JavaThread "C2 CompilerThread1" daemon [_thread_blocked, id=8892, stack(0x0000009e4ad00000,0x0000009e4ae00000)]
  0x0000026fc23fe850 JavaThread "C2 CompilerThread2" daemon [_thread_blocked, id=11676, stack(0x0000009e4ae00000,0x0000009e4af00000)]
  0x0000026fc30cf510 JavaThread "Daemon health stats" [_thread_blocked, id=12612, stack(0x0000009e4b300000,0x0000009e4b400000)]
  0x0000026fc4d04550 JavaThread "Incoming local TCP Connector on port 53272" [_thread_in_native, id=4316, stack(0x0000009e4b400000,0x0000009e4b500000)]
  0x0000026fc3760520 JavaThread "Daemon periodic checks" [_thread_blocked, id=14308, stack(0x0000009e4b500000,0x0000009e4b600000)]
  0x0000026fc5815b80 JavaThread "Daemon" [_thread_blocked, id=12736, stack(0x0000009e4b600000,0x0000009e4b700000)]
  0x0000026fc4e22050 JavaThread "Handler for socket connection from /127.0.0.1:53272 to /127.0.0.1:53273" [_thread_in_native, id=5292, stack(0x0000009e4b700000,0x0000009e4b800000)]
  0x0000026fc36f4410 JavaThread "Cancel handler" [_thread_blocked, id=772, stack(0x0000009e4b800000,0x0000009e4b900000)]
  0x0000026fc4a06530 JavaThread "Daemon worker" [_thread_blocked, id=14168, stack(0x0000009e4b900000,0x0000009e4ba00000)]
  0x0000026fc30c85a0 JavaThread "Asynchronous log dispatcher for DefaultDaemonConnection: socket connection from /127.0.0.1:53272 to /127.0.0.1:53273" [_thread_blocked, id=7748, stack(0x0000009e4ba00000,0x0000009e4bb00000)]
  0x0000026fc30cac20 JavaThread "Stdin handler" [_thread_blocked, id=3208, stack(0x0000009e4bb00000,0x0000009e4bc00000)]
  0x0000026fc30c9db0 JavaThread "Daemon client event forwarder" [_thread_blocked, id=10832, stack(0x0000009e4bc00000,0x0000009e4bd00000)]
  0x0000026fc30cb5c0 JavaThread "Cache worker for journal cache (C:\Users\scher\.gradle\caches\journal-1)" [_thread_blocked, id=5616, stack(0x0000009e4c100000,0x0000009e4c200000)]
  0x0000026fc30ca280 JavaThread "File lock request listener" [_thread_in_native, id=8088, stack(0x0000009e4c200000,0x0000009e4c300000)]
  0x0000026fc30c98e0 JavaThread "Cache worker for file hash cache (C:\Users\scher\.gradle\caches\8.0\fileHashes)" [_thread_blocked, id=14552, stack(0x0000009e4c300000,0x0000009e4c400000)]
  0x0000026fc30c9410 JavaThread "File watcher server" daemon [_thread_in_native, id=11764, stack(0x0000009e4c400000,0x0000009e4c500000)]
  0x0000026fc30ca750 JavaThread "File watcher consumer" daemon [_thread_blocked, id=13292, stack(0x0000009e4c500000,0x0000009e4c600000)]
  0x0000026fc30cb0f0 JavaThread "jar transforms" [_thread_blocked, id=7236, stack(0x0000009e4c600000,0x0000009e4c700000)]
  0x0000026fc30cba90 JavaThread "jar transforms Thread 2" [_thread_blocked, id=9640, stack(0x0000009e4c700000,0x0000009e4c800000)]
  0x0000026fc30c8a70 JavaThread "jar transforms Thread 3" [_thread_blocked, id=3060, stack(0x0000009e4c800000,0x0000009e4c900000)]
  0x0000026fc30c80d0 JavaThread "jar transforms Thread 4" [_thread_blocked, id=3936, stack(0x0000009e4c900000,0x0000009e4ca00000)]
  0x0000026fc6618430 JavaThread "jar transforms Thread 5" [_thread_blocked, id=14612, stack(0x0000009e4ca00000,0x0000009e4cb00000)]
  0x0000026fc6616750 JavaThread "jar transforms Thread 6" [_thread_blocked, id=4360, stack(0x0000009e4cb00000,0x0000009e4cc00000)]
  0x0000026fc6613730 JavaThread "jar transforms Thread 7" [_thread_blocked, id=9736, stack(0x0000009e4cc00000,0x0000009e4cd00000)]
  0x0000026fc6619770 JavaThread "jar transforms Thread 8" [_thread_blocked, id=12156, stack(0x0000009e4cd00000,0x0000009e4ce00000)]
  0x0000026fc6616c20 JavaThread "Cache worker for checksums cache (C:\Users\scher\Documents\PROJETOS ANDROID\RECICLAAI\.gradle\8.0\checksums)" [_thread_blocked, id=11508, stack(0x0000009e4ce00000,0x0000009e4cf00000)]
  0x0000026fc6613260 JavaThread "Cache worker for cache directory md-rule (C:\Users\scher\.gradle\caches\8.0\md-rule)" [_thread_blocked, id=7148, stack(0x0000009e4cf00000,0x0000009e4d000000)]
  0x0000026fc66145a0 JavaThread "Cache worker for file content cache (C:\Users\scher\.gradle\caches\8.0\fileContent)" [_thread_blocked, id=11904, stack(0x0000009e4d000000,0x0000009e4d100000)]
  0x0000026fc66175c0 JavaThread "Cache worker for file hash cache (C:\Users\scher\Documents\PROJETOS ANDROID\RECICLAAI\.gradle\8.0\fileHashes)" [_thread_blocked, id=15124, stack(0x0000009e4d100000,0x0000009e4d200000)]
  0x0000026fc6616280 JavaThread "Cache worker for cache directory md-supplier (C:\Users\scher\.gradle\caches\8.0\md-supplier)" [_thread_blocked, id=10476, stack(0x0000009e4d200000,0x0000009e4d300000)]
  0x0000026fc661aab0 JavaThread "Cache worker for execution history cache (C:\Users\scher\.gradle\caches\8.0\executionHistory)" [_thread_blocked, id=14896, stack(0x0000009e4d300000,0x0000009e4d400000)]
  0x0000026fc6615db0 JavaThread "Cache worker for dependencies-accessors (C:\Users\scher\Documents\PROJETOS ANDROID\RECICLAAI\.gradle\8.0\dependencies-accessors)" [_thread_blocked, id=13748, stack(0x0000009e4d400000,0x0000009e4d500000)]
  0x0000026fc6614a70 JavaThread "Cache worker for Build Output Cleanup Cache (C:\Users\scher\Documents\PROJETOS ANDROID\RECICLAAI\.gradle\buildOutputCleanup)" [_thread_blocked, id=1868, stack(0x0000009e4d500000,0x0000009e4d600000)]
  0x0000026fc6615410 JavaThread "Unconstrained build operations" [_thread_blocked, id=14768, stack(0x0000009e4d600000,0x0000009e4d700000)]
  0x0000026fc66158e0 JavaThread "Unconstrained build operations Thread 2" [_thread_blocked, id=14272, stack(0x0000009e4d700000,0x0000009e4d800000)]
  0x0000026fc8b4ef90 JavaThread "Unconstrained build operations Thread 3" [_thread_blocked, id=6840, stack(0x0000009e4d800000,0x0000009e4d900000)]
  0x0000026fc8b502d0 JavaThread "Unconstrained build operations Thread 4" [_thread_blocked, id=3008, stack(0x0000009e4d900000,0x0000009e4da00000)]
  0x0000026fc8b4f460 JavaThread "Unconstrained build operations Thread 5" [_thread_blocked, id=12868, stack(0x0000009e4da00000,0x0000009e4db00000)]
  0x0000026fc8b4f930 JavaThread "Unconstrained build operations Thread 6" [_thread_blocked, id=6660, stack(0x0000009e4db00000,0x0000009e4dc00000)]
  0x0000026fc8b54b00 JavaThread "Unconstrained build operations Thread 7" [_thread_blocked, id=5400, stack(0x0000009e4dc00000,0x0000009e4dd00000)]
  0x0000026fc8b4fe00 JavaThread "Unconstrained build operations Thread 8" [_thread_blocked, id=7816, stack(0x0000009e4dd00000,0x0000009e4de00000)]
  0x0000026fc8b54160 JavaThread "Unconstrained build operations Thread 9" [_thread_blocked, id=9448, stack(0x0000009e4de00000,0x0000009e4df00000)]
  0x0000026fc8b52480 JavaThread "Unconstrained build operations Thread 10" [_thread_blocked, id=3496, stack(0x0000009e4df00000,0x0000009e4e000000)]
  0x0000026fc8b55e40 JavaThread "Unconstrained build operations Thread 11" [_thread_blocked, id=13448, stack(0x0000009e4e000000,0x0000009e4e100000)]
  0x0000026fc8b507a0 JavaThread "Unconstrained build operations Thread 12" [_thread_blocked, id=5624, stack(0x0000009e4e100000,0x0000009e4e200000)]
  0x0000026fc8b51ae0 JavaThread "Unconstrained build operations Thread 13" [_thread_blocked, id=3396, stack(0x0000009e4e200000,0x0000009e4e300000)]
  0x0000026fc8b4e5f0 JavaThread "Unconstrained build operations Thread 14" [_thread_blocked, id=12000, stack(0x0000009e4e300000,0x0000009e4e400000)]
  0x0000026fc8b4eac0 JavaThread "Unconstrained build operations Thread 15" [_thread_blocked, id=13916, stack(0x0000009e4e400000,0x0000009e4e500000)]
  0x0000026fc8b54630 JavaThread "Unconstrained build operations Thread 16" [_thread_blocked, id=12444, stack(0x0000009e4e500000,0x0000009e4e600000)]
  0x0000026fc8b51140 JavaThread "Unconstrained build operations Thread 17" [_thread_blocked, id=14276, stack(0x0000009e4e600000,0x0000009e4e700000)]
  0x0000026fc8b50c70 JavaThread "Unconstrained build operations Thread 18" [_thread_blocked, id=9168, stack(0x0000009e4e700000,0x0000009e4e800000)]
  0x0000026fc8b54fd0 JavaThread "Unconstrained build operations Thread 19" [_thread_blocked, id=8576, stack(0x0000009e4e800000,0x0000009e4e900000)]
  0x0000026fc8b51610 JavaThread "Unconstrained build operations Thread 20" [_thread_blocked, id=8260, stack(0x0000009e4e900000,0x0000009e4ea00000)]
  0x0000026fc8b55970 JavaThread "Unconstrained build operations Thread 21" [_thread_blocked, id=8680, stack(0x0000009e4ea00000,0x0000009e4eb00000)]
  0x0000026fc8b51fb0 JavaThread "Unconstrained build operations Thread 22" [_thread_blocked, id=9128, stack(0x0000009e4eb00000,0x0000009e4ec00000)]
  0x0000026fc8b52950 JavaThread "Unconstrained build operations Thread 23" [_thread_blocked, id=14956, stack(0x0000009e4ec00000,0x0000009e4ed00000)]
  0x0000026fc8b52e20 JavaThread "Unconstrained build operations Thread 24" [_thread_blocked, id=13564, stack(0x0000009e4ed00000,0x0000009e4ee00000)]
  0x0000026fc8b554a0 JavaThread "Unconstrained build operations Thread 25" [_thread_blocked, id=2296, stack(0x0000009e4ee00000,0x0000009e4ef00000)]
  0x0000026fc8b532f0 JavaThread "Unconstrained build operations Thread 26" [_thread_blocked, id=7292, stack(0x0000009e4ef00000,0x0000009e4f000000)]
  0x0000026fc8b537c0 JavaThread "Unconstrained build operations Thread 27" [_thread_blocked, id=11316, stack(0x0000009e4f000000,0x0000009e4f100000)]
  0x0000026fc8b53c90 JavaThread "Unconstrained build operations Thread 28" [_thread_blocked, id=14944, stack(0x0000009e4f100000,0x0000009e4f200000)]
  0x0000026fc8b88060 JavaThread "Unconstrained build operations Thread 29" [_thread_blocked, id=12004, stack(0x0000009e4f200000,0x0000009e4f300000)]
  0x0000026fc8b88530 JavaThread "Unconstrained build operations Thread 30" [_thread_blocked, id=9676, stack(0x0000009e4f300000,0x0000009e4f400000)]
  0x0000026fc8b8dbd0 JavaThread "Unconstrained build operations Thread 31" [_thread_blocked, id=8148, stack(0x0000009e4f400000,0x0000009e4f500000)]
  0x0000026fc8b893a0 JavaThread "Unconstrained build operations Thread 32" [_thread_blocked, id=12464, stack(0x0000009e4f500000,0x0000009e4f600000)]
  0x0000026fc8b8b550 JavaThread "Unconstrained build operations Thread 33" [_thread_blocked, id=9748, stack(0x0000009e4f600000,0x0000009e4f700000)]
  0x0000026fc8b8cd60 JavaThread "Unconstrained build operations Thread 34" [_thread_blocked, id=2084, stack(0x0000009e4f700000,0x0000009e4f800000)]
  0x0000026fc8b8ba20 JavaThread "Unconstrained build operations Thread 35" [_thread_blocked, id=11568, stack(0x0000009e4f800000,0x0000009e4f900000)]
  0x0000026fc8b88a00 JavaThread "Unconstrained build operations Thread 36" [_thread_blocked, id=13832, stack(0x0000009e4f900000,0x0000009e4fa00000)]
  0x0000026fc8b8ef10 JavaThread "Unconstrained build operations Thread 37" [_thread_blocked, id=6908, stack(0x0000009e4fa00000,0x0000009e4fb00000)]
  0x0000026fc8b8c3c0 JavaThread "Unconstrained build operations Thread 38" [_thread_blocked, id=2596, stack(0x0000009e4fb00000,0x0000009e4fc00000)]
  0x0000026fc8b8d700 JavaThread "Unconstrained build operations Thread 39" [_thread_blocked, id=5192, stack(0x0000009e4fc00000,0x0000009e4fd00000)]
  0x0000026fc8b8e0a0 JavaThread "Unconstrained build operations Thread 40" [_thread_blocked, id=3012, stack(0x0000009e4fd00000,0x0000009e4fe00000)]
  0x0000026fc8b8ea40 JavaThread "Unconstrained build operations Thread 41" [_thread_blocked, id=5928, stack(0x0000009e4fe00000,0x0000009e4ff00000)]
  0x0000026fc8b8a210 JavaThread "Unconstrained build operations Thread 42" [_thread_blocked, id=1336, stack(0x0000009e4ff00000,0x0000009e50000000)]
  0x0000026fc8b89870 JavaThread "Unconstrained build operations Thread 43" [_thread_blocked, id=13152, stack(0x0000009e50000000,0x0000009e50100000)]
  0x0000026fc8b8f3e0 JavaThread "Unconstrained build operations Thread 44" [_thread_blocked, id=13316, stack(0x0000009e50100000,0x0000009e50200000)]
  0x0000026fc8b8bef0 JavaThread "Unconstrained build operations Thread 45" [_thread_blocked, id=14436, stack(0x0000009e50200000,0x0000009e50300000)]
  0x0000026fc8b8e570 JavaThread "Unconstrained build operations Thread 46" [_thread_blocked, id=10420, stack(0x0000009e50300000,0x0000009e50400000)]
  0x0000026fc8b8f8b0 JavaThread "Unconstrained build operations Thread 47" [_thread_blocked, id=14596, stack(0x0000009e50400000,0x0000009e50500000)]
  0x0000026fc8b8c890 JavaThread "Unconstrained build operations Thread 48" [_thread_blocked, id=14296, stack(0x0000009e50500000,0x0000009e50600000)]
  0x0000026fc8b88ed0 JavaThread "Unconstrained build operations Thread 49" [_thread_blocked, id=2184, stack(0x0000009e50600000,0x0000009e50700000)]
  0x0000026fc8b89d40 JavaThread "Unconstrained build operations Thread 50" [_thread_blocked, id=5108, stack(0x0000009e50700000,0x0000009e50800000)]
  0x0000026fc8b8a6e0 JavaThread "Unconstrained build operations Thread 51" [_thread_blocked, id=15268, stack(0x0000009e50800000,0x0000009e50900000)]
  0x0000026fc8b8abb0 JavaThread "Unconstrained build operations Thread 52" [_thread_blocked, id=15192, stack(0x0000009e50900000,0x0000009e50a00000)]
  0x0000026fc8b8d230 JavaThread "Unconstrained build operations Thread 53" [_thread_blocked, id=7440, stack(0x0000009e50a00000,0x0000009e50b00000)]
  0x0000026fc8b8b080 JavaThread "Unconstrained build operations Thread 54" [_thread_blocked, id=12132, stack(0x0000009e50b00000,0x0000009e50c00000)]
  0x0000026fc88d6f90 JavaThread "Unconstrained build operations Thread 55" [_thread_blocked, id=3992, stack(0x0000009e50c00000,0x0000009e50d00000)]
  0x0000026fc88d9610 JavaThread "Unconstrained build operations Thread 56" [_thread_blocked, id=12152, stack(0x0000009e50d00000,0x0000009e50e00000)]
  0x0000026fc88dc630 JavaThread "Unconstrained build operations Thread 57" [_thread_blocked, id=12100, stack(0x0000009e50e00000,0x0000009e50f00000)]
  0x0000026fc88d65f0 JavaThread "Unconstrained build operations Thread 58" [_thread_blocked, id=2968, stack(0x0000009e50f00000,0x0000009e51000000)]
  0x0000026fc88d7e00 JavaThread "Unconstrained build operations Thread 59" [_thread_blocked, id=11276, stack(0x0000009e51000000,0x0000009e51100000)]
  0x0000026fc88dc160 JavaThread "Unconstrained build operations Thread 60" [_thread_blocked, id=10932, stack(0x0000009e51100000,0x0000009e51200000)]
  0x0000026fc88d8c70 JavaThread "Unconstrained build operations Thread 61" [_thread_blocked, id=8536, stack(0x0000009e51200000,0x0000009e51300000)]
  0x0000026fc88d52b0 JavaThread "Unconstrained build operations Thread 62" [_thread_blocked, id=14164, stack(0x0000009e51300000,0x0000009e51400000)]
  0x0000026fc88da950 JavaThread "Unconstrained build operations Thread 63" [_thread_blocked, id=3784, stack(0x0000009e51400000,0x0000009e51500000)]
  0x0000026fc88da480 JavaThread "Unconstrained build operations Thread 64" [_thread_blocked, id=15168, stack(0x0000009e51500000,0x0000009e51600000)]
  0x0000026fc88d6120 JavaThread "Unconstrained build operations Thread 65" [_thread_blocked, id=9400, stack(0x0000009e51600000,0x0000009e51700000)]
  0x0000026fc88dcb00 JavaThread "Unconstrained build operations Thread 66" [_thread_blocked, id=8796, stack(0x0000009e51700000,0x0000009e51800000)]
  0x0000026fc88d5780 JavaThread "Unconstrained build operations Thread 67" [_thread_blocked, id=14116, stack(0x0000009e51800000,0x0000009e51900000)]
  0x0000026fc88d9fb0 JavaThread "Unconstrained build operations Thread 68" [_thread_blocked, id=10160, stack(0x0000009e51900000,0x0000009e51a00000)]
  0x0000026fc88d5c50 JavaThread "Unconstrained build operations Thread 69" [_thread_blocked, id=7376, stack(0x0000009e51a00000,0x0000009e51b00000)]
  0x0000026fc88d7460 JavaThread "Unconstrained build operations Thread 70" [_thread_blocked, id=13348, stack(0x0000009e51b00000,0x0000009e51c00000)]
  0x0000026fc88d6ac0 JavaThread "Unconstrained build operations Thread 71" [_thread_blocked, id=7864, stack(0x0000009e51c00000,0x0000009e51d00000)]
  0x0000026fc88d82d0 JavaThread "Unconstrained build operations Thread 72" [_thread_blocked, id=2116, stack(0x0000009e51d00000,0x0000009e51e00000)]
  0x0000026fc88d7930 JavaThread "Unconstrained build operations Thread 73" [_thread_blocked, id=10392, stack(0x0000009e51e00000,0x0000009e51f00000)]
  0x0000026fc88d87a0 JavaThread "Unconstrained build operations Thread 74" [_thread_blocked, id=512, stack(0x0000009e51f00000,0x0000009e52000000)]
  0x0000026fc88dae20 JavaThread "Unconstrained build operations Thread 75" [_thread_blocked, id=11220, stack(0x0000009e52000000,0x0000009e52100000)]
  0x0000026fc88db2f0 JavaThread "Unconstrained build operations Thread 76" [_thread_blocked, id=8960, stack(0x0000009e52100000,0x0000009e52200000)]
  0x0000026fc88db7c0 JavaThread "Unconstrained build operations Thread 77" [_thread_blocked, id=8012, stack(0x0000009e52200000,0x0000009e52300000)]
  0x0000026fc88dbc90 JavaThread "Unconstrained build operations Thread 78" [_thread_blocked, id=10744, stack(0x0000009e52300000,0x0000009e52400000)]
  0x0000026fc88d9140 JavaThread "Unconstrained build operations Thread 79" [_thread_blocked, id=4780, stack(0x0000009e52400000,0x0000009e52500000)]
  0x0000026fc88d9ae0 JavaThread "Unconstrained build operations Thread 80" [_thread_blocked, id=4044, stack(0x0000009e52500000,0x0000009e52600000)]
  0x0000026fc8f2c600 JavaThread "Memory manager" [_thread_blocked, id=9392, stack(0x0000009e52600000,0x0000009e52700000)]
  0x0000026fc8f2ec80 JavaThread "included builds" [_thread_blocked, id=2920, stack(0x0000009e52700000,0x0000009e52800000)]
  0x0000026fc8f2bc60 JavaThread "Execution worker" [_thread_blocked, id=3200, stack(0x0000009e52800000,0x0000009e52900000)]
  0x0000026fc8f29110 JavaThread "Execution worker Thread 2" [_thread_blocked, id=3636, stack(0x0000009e52900000,0x0000009e52a00000)]
  0x0000026fc8f2cad0 JavaThread "Execution worker Thread 3" [_thread_blocked, id=5348, stack(0x0000009e52a00000,0x0000009e52b00000)]
  0x0000026fc8f2a450 JavaThread "Execution worker Thread 4" [_thread_blocked, id=11252, stack(0x0000009e52b00000,0x0000009e52c00000)]
  0x0000026fc8f2a920 JavaThread "Execution worker Thread 5" [_thread_blocked, id=8968, stack(0x0000009e52c00000,0x0000009e52d00000)]
  0x0000026fc8f2adf0 JavaThread "Execution worker Thread 6" [_thread_blocked, id=5944, stack(0x0000009e52d00000,0x0000009e52e00000)]
  0x0000026fc8f29ab0 JavaThread "Execution worker Thread 7" [_thread_blocked, id=2268, stack(0x0000009e52e00000,0x0000009e52f00000)]
  0x0000026fc8f295e0 JavaThread "Cache worker for execution history cache (C:\Users\scher\Documents\PROJETOS ANDROID\RECICLAAI\.gradle\8.0\executionHistory)" [_thread_blocked, id=6892, stack(0x0000009e52f00000,0x0000009e53000000)]
  0x0000026fc8f2de10 JavaThread "idea-tooling-model-converter" [_thread_blocked, id=2608, stack(0x0000009e53000000,0x0000009e53100000)]

Other Threads:
=>0x0000026fc176c890 VMThread "VM Thread" [stack: 0x0000009e4a000000,0x0000009e4a100000] [id=9668]
  0x0000026fc21c3010 WatcherThread [stack: 0x0000009e4ac00000,0x0000009e4ad00000] [id=8340]
  0x0000026fa79bb320 GCTaskThread "GC Thread#0" [stack: 0x0000009e49b00000,0x0000009e49c00000] [id=13836]
  0x0000026fc30745b0 GCTaskThread "GC Thread#1" [stack: 0x0000009e4af00000,0x0000009e4b000000] [id=4888]
  0x0000026fc294fcd0 GCTaskThread "GC Thread#2" [stack: 0x0000009e4b000000,0x0000009e4b100000] [id=8540]
  0x0000026fc32c21d0 GCTaskThread "GC Thread#3" [stack: 0x0000009e4b100000,0x0000009e4b200000] [id=1680]
  0x0000026fc32e65b0 GCTaskThread "GC Thread#4" [stack: 0x0000009e4b200000,0x0000009e4b300000] [id=6248]
  0x0000026fc32e7de0 GCTaskThread "GC Thread#5" [stack: 0x0000009e4bd00000,0x0000009e4be00000] [id=13400]
  0x0000026fc32e7880 GCTaskThread "GC Thread#6" [stack: 0x0000009e4be00000,0x0000009e4bf00000] [id=7004]
  0x0000026fc32e6860 GCTaskThread "GC Thread#7" [stack: 0x0000009e4bf00000,0x0000009e4c000000] [id=3836]
  0x0000026fa79cc260 ConcurrentGCThread "G1 Main Marker" [stack: 0x0000009e49c00000,0x0000009e49d00000] [id=13040]
  0x0000026fa79ccc70 ConcurrentGCThread "G1 Conc#0" [stack: 0x0000009e49d00000,0x0000009e49e00000] [id=15080]
  0x0000026fc32e7b30 ConcurrentGCThread "G1 Conc#1" [stack: 0x0000009e4c000000,0x0000009e4c100000] [id=12120]
  0x0000026fa7a1dea0 ConcurrentGCThread "G1 Refine#0" [stack: 0x0000009e49e00000,0x0000009e49f00000] [id=1476]
  0x0000026fa7a1e8c0 ConcurrentGCThread "G1 Service" [stack: 0x0000009e49f00000,0x0000009e4a000000] [id=14700]

Threads with active compile tasks:
C2 CompilerThread0     9073 10236   !   4       java.nio.file.FileTreeWalker::next (144 bytes)
C1 CompilerThread0     9073 10440       3       org.gradle.internal.Deferrable::flatMap (24 bytes)
C2 CompilerThread1     9073 10426       4       java.io.WinNTFileSystem::resolve (275 bytes)
C2 CompilerThread2     9073 10242       4       com.google.common.cache.LocalCache$Segment::expireEntries (113 bytes)

VM state: at safepoint (normal execution)

VM Mutex/Monitor currently owned by a thread:  ([mutex/lock_event])
[0x0000026fa795a050] Threads_lock - owner thread: 0x0000026fc176c890
[0x0000026fa795a170] Heap_lock - owner thread: 0x0000026fc8b8d230

Heap address: 0x0000000080000000, size: 2048 MB, Compressed Oops mode: 32-bit

CDS archive(s) not mapped
Compressed class space mapped at: 0x0000000100000000-0x0000000140000000, reserved size: 1073741824
Narrow klass base: 0x0000000000000000, Narrow klass shift: 3, Narrow klass range: 0x140000000

GC Precious Log:
 CPUs: 8 total, 8 available
 Memory: 8072M
 Large Page Support: Disabled
 NUMA Support: Disabled
 Compressed Oops: Enabled (32-bit)
 Heap Region Size: 1M
 Heap Min Capacity: 8M
 Heap Initial Capacity: 128M
 Heap Max Capacity: 2G
 Pre-touch: Disabled
 Parallel Workers: 8
 Concurrent Workers: 2
 Concurrent Refinement Workers: 8
 Periodic GC: Disabled

Heap:
 garbage-first heap   total 232448K, used 141963K [0x0000000080000000, 0x0000000100000000)
  region size 1024K, 6 young (6144K), 6 survivors (6144K)
 Metaspace       used 94764K, committed 95488K, reserved 1138688K
  class space    used 12742K, committed 13120K, reserved 1048576K

Heap Regions: E=young(eden), S=young(survivor), O=old, HS=humongous(starts), HC=humongous(continues), CS=collection set, F=free, OA=open archive, CA=closed archive, TAMS=top-at-mark-start (previous, next)
|   0|0x0000000080000000, 0x0000000080100000, 0x0000000080100000|100%|HS|  |TAMS 0x0000000080100000, 0x0000000080000000| Complete 
|   1|0x0000000080100000, 0x0000000080200000, 0x0000000080200000|100%|HC|  |TAMS 0x0000000080200000, 0x0000000080100000| Complete 
|   2|0x0000000080200000, 0x0000000080300000, 0x0000000080300000|100%|HC|  |TAMS 0x0000000080300000, 0x0000000080200000| Complete 
|   3|0x0000000080300000, 0x0000000080400000, 0x0000000080400000|100%|HC|  |TAMS 0x0000000080400000, 0x0000000080300000| Complete 
|   4|0x0000000080400000, 0x0000000080500000, 0x0000000080500000|100%| O|  |TAMS 0x0000000080500000, 0x0000000080400000| Untracked 
|   5|0x0000000080500000, 0x0000000080600000, 0x0000000080600000|100%| O|  |TAMS 0x0000000080600000, 0x0000000080500000| Untracked 
|   6|0x0000000080600000, 0x0000000080700000, 0x0000000080700000|100%| O|  |TAMS 0x0000000080700000, 0x0000000080600000| Untracked 
|   7|0x0000000080700000, 0x0000000080800000, 0x0000000080800000|100%| O|  |TAMS 0x0000000080800000, 0x0000000080700000| Untracked 
|   8|0x0000000080800000, 0x0000000080900000, 0x0000000080900000|100%| O|  |TAMS 0x0000000080900000, 0x0000000080800000| Untracked 
|   9|0x0000000080900000, 0x0000000080a00000, 0x0000000080a00000|100%| O|  |TAMS 0x0000000080a00000, 0x0000000080900000| Untracked 
|  10|0x0000000080a00000, 0x0000000080b00000, 0x0000000080b00000|100%| O|  |TAMS 0x0000000080b00000, 0x0000000080a00000| Untracked 
|  11|0x0000000080b00000, 0x0000000080c00000, 0x0000000080c00000|100%| O|  |TAMS 0x0000000080c00000, 0x0000000080b00000| Untracked 
|  12|0x0000000080c00000, 0x0000000080d00000, 0x0000000080d00000|100%| O|  |TAMS 0x0000000080d00000, 0x0000000080c00000| Untracked 
|  13|0x0000000080d00000, 0x0000000080e00000, 0x0000000080e00000|100%| O|  |TAMS 0x0000000080d00000, 0x0000000080d00000| Untracked 
|  14|0x0000000080e00000, 0x0000000080f00000, 0x0000000080f00000|100%| O|  |TAMS 0x0000000080f00000, 0x0000000080e00000| Untracked 
|  15|0x0000000080f00000, 0x0000000081000000, 0x0000000081000000|100%| O|  |TAMS 0x0000000081000000, 0x0000000080f00000| Untracked 
|  16|0x0000000081000000, 0x0000000081100000, 0x0000000081100000|100%| O|  |TAMS 0x0000000081100000, 0x0000000081000000| Untracked 
|  17|0x0000000081100000, 0x0000000081200000, 0x0000000081200000|100%| O|  |TAMS 0x0000000081200000, 0x0000000081100000| Untracked 
|  18|0x0000000081200000, 0x0000000081300000, 0x0000000081300000|100%| O|  |TAMS 0x0000000081300000, 0x0000000081200000| Untracked 
|  19|0x0000000081300000, 0x0000000081400000, 0x0000000081400000|100%|HS|  |TAMS 0x0000000081400000, 0x0000000081300000| Complete 
|  20|0x0000000081400000, 0x0000000081500000, 0x0000000081500000|100%|HC|  |TAMS 0x0000000081500000, 0x0000000081400000| Complete 
|  21|0x0000000081500000, 0x0000000081600000, 0x0000000081600000|100%|HS|  |TAMS 0x0000000081600000, 0x0000000081500000| Complete 
|  22|0x0000000081600000, 0x0000000081700000, 0x0000000081700000|100%|HC|  |TAMS 0x0000000081700000, 0x0000000081600000| Complete 
|  23|0x0000000081700000, 0x0000000081800000, 0x0000000081800000|100%|HC|  |TAMS 0x0000000081800000, 0x0000000081700000| Complete 
|  24|0x0000000081800000, 0x0000000081900000, 0x0000000081900000|100%| O|  |TAMS 0x0000000081900000, 0x0000000081800000| Untracked 
|  25|0x0000000081900000, 0x0000000081a00000, 0x0000000081a00000|100%| O|  |TAMS 0x0000000081a00000, 0x0000000081900000| Untracked 
|  26|0x0000000081a00000, 0x0000000081b00000, 0x0000000081b00000|100%| O|  |TAMS 0x0000000081b00000, 0x0000000081a00000| Untracked 
|  27|0x0000000081b00000, 0x0000000081c00000, 0x0000000081c00000|100%|HS|  |TAMS 0x0000000081c00000, 0x0000000081b00000| Complete 
|  28|0x0000000081c00000, 0x0000000081d00000, 0x0000000081d00000|100%|HC|  |TAMS 0x0000000081d00000, 0x0000000081c00000| Complete 
|  29|0x0000000081d00000, 0x0000000081e00000, 0x0000000081e00000|100%|HC|  |TAMS 0x0000000081e00000, 0x0000000081d00000| Complete 
|  30|0x0000000081e00000, 0x0000000081f00000, 0x0000000081f00000|100%| O|  |TAMS 0x0000000081f00000, 0x0000000081e00000| Untracked 
|  31|0x0000000081f00000, 0x0000000082000000, 0x0000000082000000|100%| O|  |TAMS 0x0000000082000000, 0x0000000081f00000| Untracked 
|  32|0x0000000082000000, 0x0000000082100000, 0x0000000082100000|100%| O|  |TAMS 0x0000000082100000, 0x0000000082000000| Untracked 
|  33|0x0000000082100000, 0x0000000082200000, 0x0000000082200000|100%|HS|  |TAMS 0x0000000082200000, 0x0000000082100000| Complete 
|  34|0x0000000082200000, 0x0000000082300000, 0x0000000082300000|100%|HC|  |TAMS 0x0000000082300000, 0x0000000082200000| Complete 
|  35|0x0000000082300000, 0x0000000082400000, 0x0000000082400000|100%| O|  |TAMS 0x0000000082400000, 0x0000000082300000| Untracked 
|  36|0x0000000082400000, 0x0000000082500000, 0x0000000082500000|100%| O|  |TAMS 0x0000000082500000, 0x0000000082400000| Untracked 
|  37|0x0000000082500000, 0x0000000082600000, 0x0000000082600000|100%| O|  |TAMS 0x0000000082600000, 0x0000000082500000| Untracked 
|  38|0x0000000082600000, 0x0000000082700000, 0x0000000082700000|100%|HS|  |TAMS 0x0000000082700000, 0x0000000082600000| Complete 
|  39|0x0000000082700000, 0x0000000082800000, 0x0000000082800000|100%| O|  |TAMS 0x0000000082800000, 0x0000000082700000| Untracked 
|  40|0x0000000082800000, 0x0000000082900000, 0x0000000082900000|100%| O|  |TAMS 0x0000000082900000, 0x0000000082800000| Untracked 
|  41|0x0000000082900000, 0x0000000082a00000, 0x0000000082a00000|100%| O|  |TAMS 0x0000000082a00000, 0x0000000082900000| Untracked 
|  42|0x0000000082a00000, 0x0000000082b00000, 0x0000000082b00000|100%| O|  |TAMS 0x0000000082b00000, 0x0000000082a00000| Untracked 
|  43|0x0000000082b00000, 0x0000000082c00000, 0x0000000082c00000|100%| O|  |TAMS 0x0000000082c00000, 0x0000000082b00000| Untracked 
|  44|0x0000000082c00000, 0x0000000082d00000, 0x0000000082d00000|100%| O|  |TAMS 0x0000000082d00000, 0x0000000082c00000| Untracked 
|  45|0x0000000082d00000, 0x0000000082e00000, 0x0000000082e00000|100%|HS|  |TAMS 0x0000000082e00000, 0x0000000082d00000| Complete 
|  46|0x0000000082e00000, 0x0000000082f00000, 0x0000000082f00000|100%|HC|  |TAMS 0x0000000082f00000, 0x0000000082e00000| Complete 
|  47|0x0000000082f00000, 0x0000000083000000, 0x0000000083000000|100%|HC|  |TAMS 0x0000000083000000, 0x0000000082f00000| Complete 
|  48|0x0000000083000000, 0x0000000083100000, 0x0000000083100000|100%|HC|  |TAMS 0x0000000083100000, 0x0000000083000000| Complete 
|  49|0x0000000083100000, 0x0000000083200000, 0x0000000083200000|100%|HC|  |TAMS 0x0000000083200000, 0x0000000083100000| Complete 
|  50|0x0000000083200000, 0x0000000083300000, 0x0000000083300000|100%|HC|  |TAMS 0x0000000083300000, 0x0000000083200000| Complete 
|  51|0x0000000083300000, 0x0000000083400000, 0x0000000083400000|100%|HC|  |TAMS 0x0000000083400000, 0x0000000083300000| Complete 
|  52|0x0000000083400000, 0x0000000083500000, 0x0000000083500000|100%|HC|  |TAMS 0x0000000083500000, 0x0000000083400000| Complete 
|  53|0x0000000083500000, 0x0000000083600000, 0x0000000083600000|100%|HC|  |TAMS 0x0000000083600000, 0x0000000083500000| Complete 
|  54|0x0000000083600000, 0x0000000083700000, 0x0000000083700000|100%|HC|  |TAMS 0x0000000083700000, 0x0000000083600000| Complete 
|  55|0x0000000083700000, 0x0000000083800000, 0x0000000083800000|100%|HC|  |TAMS 0x0000000083800000, 0x0000000083700000| Complete 
|  56|0x0000000083800000, 0x0000000083900000, 0x0000000083900000|100%|HC|  |TAMS 0x0000000083900000, 0x0000000083800000| Complete 
|  57|0x0000000083900000, 0x0000000083a00000, 0x0000000083a00000|100%| O|  |TAMS 0x0000000083a00000, 0x0000000083900000| Untracked 
|  58|0x0000000083a00000, 0x0000000083b00000, 0x0000000083b00000|100%| O|  |TAMS 0x0000000083b00000, 0x0000000083a00000| Untracked 
|  59|0x0000000083b00000, 0x0000000083c00000, 0x0000000083c00000|100%| O|  |TAMS 0x0000000083c00000, 0x0000000083b00000| Untracked 
|  60|0x0000000083c00000, 0x0000000083d00000, 0x0000000083d00000|100%|HS|  |TAMS 0x0000000083d00000, 0x0000000083c00000| Complete 
|  61|0x0000000083d00000, 0x0000000083e00000, 0x0000000083e00000|100%|HC|  |TAMS 0x0000000083e00000, 0x0000000083d00000| Complete 
|  62|0x0000000083e00000, 0x0000000083f00000, 0x0000000083f00000|100%|HC|  |TAMS 0x0000000083f00000, 0x0000000083e00000| Complete 
|  63|0x0000000083f00000, 0x0000000084000000, 0x0000000084000000|100%|HS|  |TAMS 0x0000000084000000, 0x0000000083f00000| Complete 
|  64|0x0000000084000000, 0x0000000084100000, 0x0000000084100000|100%|HC|  |TAMS 0x0000000084100000, 0x0000000084000000| Complete 
|  65|0x0000000084100000, 0x0000000084200000, 0x0000000084200000|100%|HC|  |TAMS 0x0000000084200000, 0x0000000084100000| Complete 
|  66|0x0000000084200000, 0x0000000084300000, 0x0000000084300000|100%| O|  |TAMS 0x0000000084300000, 0x0000000084200000| Untracked 
|  67|0x0000000084300000, 0x0000000084400000, 0x0000000084400000|100%| O|  |TAMS 0x0000000084400000, 0x0000000084300000| Untracked 
|  68|0x0000000084400000, 0x0000000084500000, 0x0000000084500000|100%| O|  |TAMS 0x0000000084500000, 0x0000000084400000| Untracked 
|  69|0x0000000084500000, 0x0000000084600000, 0x0000000084600000|100%| O|  |TAMS 0x0000000084600000, 0x0000000084500000| Untracked 
|  70|0x0000000084600000, 0x0000000084700000, 0x0000000084700000|100%| O|  |TAMS 0x0000000084700000, 0x0000000084600000| Untracked 
|  71|0x0000000084700000, 0x0000000084800000, 0x0000000084800000|100%| O|  |TAMS 0x0000000084800000, 0x0000000084700000| Untracked 
|  72|0x0000000084800000, 0x0000000084900000, 0x0000000084900000|100%|HS|  |TAMS 0x0000000084900000, 0x0000000084800000| Complete 
|  73|0x0000000084900000, 0x0000000084a00000, 0x0000000084a00000|100%|HS|  |TAMS 0x0000000084a00000, 0x0000000084900000| Complete 
|  74|0x0000000084a00000, 0x0000000084b00000, 0x0000000084b00000|100%| O|  |TAMS 0x0000000084b00000, 0x0000000084a00000| Untracked 
|  75|0x0000000084b00000, 0x0000000084c00000, 0x0000000084c00000|100%| O|  |TAMS 0x0000000084c00000, 0x0000000084b00000| Untracked 
|  76|0x0000000084c00000, 0x0000000084d00000, 0x0000000084d00000|100%| O|  |TAMS 0x0000000084d00000, 0x0000000084c00000| Untracked 
|  77|0x0000000084d00000, 0x0000000084e00000, 0x0000000084e00000|100%| O|  |TAMS 0x0000000084e00000, 0x0000000084d00000| Untracked 
|  78|0x0000000084e00000, 0x0000000084f00000, 0x0000000084f00000|100%| O|  |TAMS 0x0000000084f00000, 0x0000000084e00000| Untracked 
|  79|0x0000000084f00000, 0x0000000085000000, 0x0000000085000000|100%| O|  |TAMS 0x0000000085000000, 0x0000000084f00000| Untracked 
|  80|0x0000000085000000, 0x0000000085100000, 0x0000000085100000|100%| O|  |TAMS 0x0000000085100000, 0x0000000085000000| Untracked 
|  81|0x0000000085100000, 0x0000000085200000, 0x0000000085200000|100%| O|  |TAMS 0x0000000085200000, 0x0000000085100000| Untracked 
|  82|0x0000000085200000, 0x0000000085300000, 0x0000000085300000|100%| O|  |TAMS 0x0000000085300000, 0x0000000085200000| Untracked 
|  83|0x0000000085300000, 0x0000000085400000, 0x0000000085400000|100%| O|  |TAMS 0x0000000085400000, 0x0000000085300000| Untracked 
|  84|0x0000000085400000, 0x0000000085500000, 0x0000000085500000|100%| O|  |TAMS 0x0000000085500000, 0x0000000085400000| Untracked 
|  85|0x0000000085500000, 0x0000000085600000, 0x0000000085600000|100%| O|  |TAMS 0x0000000085600000, 0x0000000085500000| Untracked 
|  86|0x0000000085600000, 0x0000000085700000, 0x0000000085700000|100%| O|  |TAMS 0x0000000085700000, 0x0000000085600000| Untracked 
|  87|0x0000000085700000, 0x0000000085800000, 0x0000000085800000|100%| O|  |TAMS 0x0000000085800000, 0x0000000085700000| Untracked 
|  88|0x0000000085800000, 0x0000000085900000, 0x0000000085900000|100%| O|  |TAMS 0x0000000085900000, 0x0000000085800000| Untracked 
|  89|0x0000000085900000, 0x0000000085a00000, 0x0000000085a00000|100%| O|  |TAMS 0x0000000085a00000, 0x0000000085900000| Untracked 
|  90|0x0000000085a00000, 0x0000000085b00000, 0x0000000085b00000|100%|HS|  |TAMS 0x0000000085b00000, 0x0000000085a00000| Complete 
|  91|0x0000000085b00000, 0x0000000085c00000, 0x0000000085c00000|100%|HC|  |TAMS 0x0000000085c00000, 0x0000000085b00000| Complete 
|  92|0x0000000085c00000, 0x0000000085d00000, 0x0000000085d00000|100%| O|  |TAMS 0x0000000085d00000, 0x0000000085c00000| Untracked 
|  93|0x0000000085d00000, 0x0000000085e00000, 0x0000000085e00000|100%| O|  |TAMS 0x0000000085e00000, 0x0000000085d00000| Untracked 
|  94|0x0000000085e00000, 0x0000000085f00000, 0x0000000085f00000|100%| O|  |TAMS 0x0000000085f00000, 0x0000000085e00000| Untracked 
|  95|0x0000000085f00000, 0x0000000085f00000, 0x0000000086000000|  0%| F|  |TAMS 0x0000000085f00000, 0x0000000085f00000| Untracked 
|  96|0x0000000086000000, 0x0000000086100000, 0x0000000086100000|100%|HS|  |TAMS 0x0000000086100000, 0x0000000086000000| Complete 
|  97|0x0000000086100000, 0x0000000086200000, 0x0000000086200000|100%|HC|  |TAMS 0x0000000086200000, 0x0000000086100000| Complete 
|  98|0x0000000086200000, 0x0000000086300000, 0x0000000086300000|100%|HC|  |TAMS 0x0000000086300000, 0x0000000086200000| Complete 
|  99|0x0000000086300000, 0x0000000086400000, 0x0000000086400000|100%|HS|  |TAMS 0x0000000086400000, 0x0000000086300000| Complete 
| 100|0x0000000086400000, 0x0000000086500000, 0x0000000086500000|100%|HC|  |TAMS 0x0000000086500000, 0x0000000086400000| Complete 
| 101|0x0000000086500000, 0x0000000086600000, 0x0000000086600000|100%|HC|  |TAMS 0x0000000086600000, 0x0000000086500000| Complete 
| 102|0x0000000086600000, 0x0000000086700000, 0x0000000086700000|100%|HS|  |TAMS 0x0000000086700000, 0x0000000086600000| Complete 
| 103|0x0000000086700000, 0x0000000086800000, 0x0000000086800000|100%|HC|  |TAMS 0x0000000086800000, 0x0000000086700000| Complete 
| 104|0x0000000086800000, 0x0000000086900000, 0x0000000086900000|100%|HC|  |TAMS 0x0000000086900000, 0x0000000086800000| Complete 
| 105|0x0000000086900000, 0x0000000086a00000, 0x0000000086a00000|100%|HC|  |TAMS 0x0000000086a00000, 0x0000000086900000| Complete 
| 106|0x0000000086a00000, 0x0000000086b00000, 0x0000000086b00000|100%|HC|  |TAMS 0x0000000086b00000, 0x0000000086a00000| Complete 
| 107|0x0000000086b00000, 0x0000000086c00000, 0x0000000086c00000|100%|HC|  |TAMS 0x0000000086c00000, 0x0000000086b00000| Complete 
| 108|0x0000000086c00000, 0x0000000086d00000, 0x0000000086d00000|100%|HC|  |TAMS 0x0000000086d00000, 0x0000000086c00000| Complete 
| 109|0x0000000086d00000, 0x0000000086e00000, 0x0000000086e00000|100%|HC|  |TAMS 0x0000000086e00000, 0x0000000086d00000| Complete 
| 110|0x0000000086e00000, 0x0000000086f00000, 0x0000000086f00000|100%|HC|  |TAMS 0x0000000086f00000, 0x0000000086e00000| Complete 
| 111|0x0000000086f00000, 0x0000000087000000, 0x0000000087000000|100%|HC|  |TAMS 0x0000000087000000, 0x0000000086f00000| Complete 
| 112|0x0000000087000000, 0x0000000087100000, 0x0000000087100000|100%|HC|  |TAMS 0x0000000087100000, 0x0000000087000000| Complete 
| 113|0x0000000087100000, 0x0000000087200000, 0x0000000087200000|100%|HC|  |TAMS 0x0000000087200000, 0x0000000087100000| Complete 
| 114|0x0000000087200000, 0x0000000087300000, 0x0000000087300000|100%|HS|  |TAMS 0x0000000087300000, 0x0000000087200000| Complete 
| 115|0x0000000087300000, 0x0000000087400000, 0x0000000087400000|100%|HC|  |TAMS 0x0000000087400000, 0x0000000087300000| Complete 
| 116|0x0000000087400000, 0x0000000087500000, 0x0000000087500000|100%| O|  |TAMS 0x0000000087500000, 0x0000000087400000| Untracked 
| 117|0x0000000087500000, 0x0000000087600000, 0x0000000087600000|100%| O|  |TAMS 0x0000000087600000, 0x0000000087500000| Untracked 
| 118|0x0000000087600000, 0x0000000087700000, 0x0000000087700000|100%| O|  |TAMS 0x0000000087700000, 0x0000000087600000| Untracked 
| 119|0x0000000087700000, 0x0000000087800000, 0x0000000087800000|100%| O|  |TAMS 0x0000000087800000, 0x0000000087700000| Untracked 
| 120|0x0000000087800000, 0x0000000087900000, 0x0000000087900000|100%| O|  |TAMS 0x0000000087900000, 0x0000000087800000| Untracked 
| 121|0x0000000087900000, 0x0000000087a00000, 0x0000000087a00000|100%| O|  |TAMS 0x0000000087a00000, 0x0000000087900000| Untracked 
| 122|0x0000000087a00000, 0x0000000087b00000, 0x0000000087b00000|100%| O|  |TAMS 0x0000000087b00000, 0x0000000087a00000| Untracked 
| 123|0x0000000087b00000, 0x0000000087c00000, 0x0000000087c00000|100%| O|  |TAMS 0x0000000087c00000, 0x0000000087b00000| Untracked 
| 124|0x0000000087c00000, 0x0000000087d00000, 0x0000000087d00000|100%| O|  |TAMS 0x0000000087d00000, 0x0000000087c00000| Untracked 
| 125|0x0000000087d00000, 0x0000000087e00000, 0x0000000087e00000|100%| O|  |TAMS 0x0000000087e00000, 0x0000000087d00000| Untracked 
| 126|0x0000000087e00000, 0x0000000087f00000, 0x0000000087f00000|100%| O|  |TAMS 0x0000000087f00000, 0x0000000087e00000| Untracked 
| 127|0x0000000087f00000, 0x0000000088000000, 0x0000000088000000|100%| O|  |TAMS 0x0000000087f92200, 0x0000000087f00000| Untracked 
| 128|0x0000000088000000, 0x0000000088100000, 0x0000000088100000|100%| O|  |TAMS 0x0000000088000000, 0x0000000088000000| Untracked 
| 129|0x0000000088100000, 0x0000000088200000, 0x0000000088200000|100%| O|  |TAMS 0x0000000088100000, 0x0000000088100000| Untracked 
| 130|0x0000000088200000, 0x0000000088300000, 0x0000000088300000|100%| O|  |TAMS 0x0000000088200000, 0x0000000088200000| Untracked 
| 131|0x0000000088300000, 0x0000000088400000, 0x0000000088400000|100%| O|  |TAMS 0x0000000088300000, 0x0000000088300000| Untracked 
| 132|0x0000000088400000, 0x0000000088500000, 0x0000000088500000|100%| O|  |TAMS 0x0000000088400000, 0x0000000088400000| Untracked 
| 133|0x0000000088500000, 0x0000000088600000, 0x0000000088600000|100%| O|  |TAMS 0x0000000088500000, 0x0000000088500000| Untracked 
| 134|0x0000000088600000, 0x000000008868a200, 0x0000000088700000| 53%| O|  |TAMS 0x0000000088600000, 0x0000000088600000| Untracked 
| 135|0x0000000088700000, 0x0000000088700000, 0x0000000088800000|  0%| F|  |TAMS 0x0000000088700000, 0x0000000088700000| Untracked 
| 136|0x0000000088800000, 0x0000000088800000, 0x0000000088900000|  0%| F|  |TAMS 0x0000000088800000, 0x0000000088800000| Untracked 
| 137|0x0000000088900000, 0x0000000088900000, 0x0000000088a00000|  0%| F|  |TAMS 0x0000000088900000, 0x0000000088900000| Untracked 
| 138|0x0000000088a00000, 0x0000000088a00000, 0x0000000088b00000|  0%| F|  |TAMS 0x0000000088a00000, 0x0000000088a00000| Untracked 
| 139|0x0000000088b00000, 0x0000000088b00000, 0x0000000088c00000|  0%| F|  |TAMS 0x0000000088b00000, 0x0000000088b00000| Untracked 
| 140|0x0000000088c00000, 0x0000000088c00000, 0x0000000088d00000|  0%| F|  |TAMS 0x0000000088c00000, 0x0000000088c00000| Untracked 
| 141|0x0000000088d00000, 0x0000000088d00000, 0x0000000088e00000|  0%| F|  |TAMS 0x0000000088d00000, 0x0000000088d00000| Untracked 
| 142|0x0000000088e00000, 0x0000000088e00000, 0x0000000088f00000|  0%| F|  |TAMS 0x0000000088e00000, 0x0000000088e00000| Untracked 
| 143|0x0000000088f00000, 0x0000000088f00000, 0x0000000089000000|  0%| F|  |TAMS 0x0000000088f00000, 0x0000000088f00000| Untracked 
| 144|0x0000000089000000, 0x0000000089000000, 0x0000000089100000|  0%| F|  |TAMS 0x0000000089000000, 0x0000000089000000| Untracked 
| 145|0x0000000089100000, 0x0000000089100000, 0x0000000089200000|  0%| F|  |TAMS 0x0000000089100000, 0x0000000089100000| Untracked 
| 146|0x0000000089200000, 0x0000000089200000, 0x0000000089300000|  0%| F|  |TAMS 0x0000000089200000, 0x0000000089200000| Untracked 
| 147|0x0000000089300000, 0x0000000089300000, 0x0000000089400000|  0%| F|  |TAMS 0x0000000089300000, 0x0000000089300000| Untracked 
| 148|0x0000000089400000, 0x0000000089400000, 0x0000000089500000|  0%| F|  |TAMS 0x0000000089400000, 0x0000000089400000| Untracked 
| 149|0x0000000089500000, 0x0000000089500000, 0x0000000089600000|  0%| F|  |TAMS 0x0000000089500000, 0x0000000089500000| Untracked 
| 150|0x0000000089600000, 0x0000000089600000, 0x0000000089700000|  0%| F|  |TAMS 0x0000000089600000, 0x0000000089600000| Untracked 
| 151|0x0000000089700000, 0x0000000089700000, 0x0000000089800000|  0%| F|  |TAMS 0x0000000089700000, 0x0000000089700000| Untracked 
| 152|0x0000000089800000, 0x0000000089800000, 0x0000000089900000|  0%| F|  |TAMS 0x0000000089800000, 0x0000000089800000| Untracked 
| 153|0x0000000089900000, 0x0000000089900000, 0x0000000089a00000|  0%| F|  |TAMS 0x0000000089900000, 0x0000000089900000| Untracked 
| 154|0x0000000089a00000, 0x0000000089a00000, 0x0000000089b00000|  0%| F|  |TAMS 0x0000000089a00000, 0x0000000089a00000| Untracked 
| 155|0x0000000089b00000, 0x0000000089b00000, 0x0000000089c00000|  0%| F|  |TAMS 0x0000000089b00000, 0x0000000089b00000| Untracked 
| 156|0x0000000089c00000, 0x0000000089c00000, 0x0000000089d00000|  0%| F|  |TAMS 0x0000000089c00000, 0x0000000089c00000| Untracked 
| 157|0x0000000089d00000, 0x0000000089d00000, 0x0000000089e00000|  0%| F|  |TAMS 0x0000000089d00000, 0x0000000089d00000| Untracked 
| 158|0x0000000089e00000, 0x0000000089e00000, 0x0000000089f00000|  0%| F|  |TAMS 0x0000000089e00000, 0x0000000089e00000| Untracked 
| 159|0x0000000089f00000, 0x0000000089f00000, 0x000000008a000000|  0%| F|  |TAMS 0x0000000089f00000, 0x0000000089f00000| Untracked 
| 160|0x000000008a000000, 0x000000008a000000, 0x000000008a100000|  0%| F|  |TAMS 0x000000008a000000, 0x000000008a000000| Untracked 
| 161|0x000000008a100000, 0x000000008a100000, 0x000000008a200000|  0%| F|  |TAMS 0x000000008a100000, 0x000000008a100000| Untracked 
| 162|0x000000008a200000, 0x000000008a200000, 0x000000008a300000|  0%| F|  |TAMS 0x000000008a200000, 0x000000008a200000| Untracked 
| 163|0x000000008a300000, 0x000000008a300000, 0x000000008a400000|  0%| F|  |TAMS 0x000000008a300000, 0x000000008a300000| Untracked 
| 164|0x000000008a400000, 0x000000008a400000, 0x000000008a500000|  0%| F|  |TAMS 0x000000008a400000, 0x000000008a400000| Untracked 
| 165|0x000000008a500000, 0x000000008a500000, 0x000000008a600000|  0%| F|  |TAMS 0x000000008a500000, 0x000000008a500000| Untracked 
| 166|0x000000008a600000, 0x000000008a618ac0, 0x000000008a700000|  9%| S|CS|TAMS 0x000000008a600000, 0x000000008a600000| Complete 
| 167|0x000000008a700000, 0x000000008a800000, 0x000000008a800000|100%| S|CS|TAMS 0x000000008a700000, 0x000000008a700000| Complete 
| 168|0x000000008a800000, 0x000000008a900000, 0x000000008a900000|100%| S|CS|TAMS 0x000000008a800000, 0x000000008a800000| Complete 
| 169|0x000000008a900000, 0x000000008aa00000, 0x000000008aa00000|100%| S|CS|TAMS 0x000000008a900000, 0x000000008a900000| Complete 
| 170|0x000000008aa00000, 0x000000008ab00000, 0x000000008ab00000|100%| S|CS|TAMS 0x000000008aa00000, 0x000000008aa00000| Complete 
| 171|0x000000008ab00000, 0x000000008ac00000, 0x000000008ac00000|100%| S|CS|TAMS 0x000000008ab00000, 0x000000008ab00000| Complete 
| 172|0x000000008ac00000, 0x000000008ac00000, 0x000000008ad00000|  0%| F|  |TAMS 0x000000008ac00000, 0x000000008ac00000| Untracked 
| 173|0x000000008ad00000, 0x000000008ad00000, 0x000000008ae00000|  0%| F|  |TAMS 0x000000008ad00000, 0x000000008ad00000| Untracked 
| 174|0x000000008ae00000, 0x000000008ae00000, 0x000000008af00000|  0%| F|  |TAMS 0x000000008ae00000, 0x000000008ae00000| Untracked 
| 175|0x000000008af00000, 0x000000008af00000, 0x000000008b000000|  0%| F|  |TAMS 0x000000008af00000, 0x000000008af00000| Untracked 
| 176|0x000000008b000000, 0x000000008b000000, 0x000000008b100000|  0%| F|  |TAMS 0x000000008b000000, 0x000000008b000000| Untracked 
| 177|0x000000008b100000, 0x000000008b100000, 0x000000008b200000|  0%| F|  |TAMS 0x000000008b100000, 0x000000008b100000| Untracked 
| 178|0x000000008b200000, 0x000000008b200000, 0x000000008b300000|  0%| F|  |TAMS 0x000000008b200000, 0x000000008b200000| Untracked 
| 179|0x000000008b300000, 0x000000008b300000, 0x000000008b400000|  0%| F|  |TAMS 0x000000008b300000, 0x000000008b300000| Untracked 
| 180|0x000000008b400000, 0x000000008b400000, 0x000000008b500000|  0%| F|  |TAMS 0x000000008b400000, 0x000000008b400000| Untracked 
| 181|0x000000008b500000, 0x000000008b500000, 0x000000008b600000|  0%| F|  |TAMS 0x000000008b500000, 0x000000008b500000| Untracked 
| 182|0x000000008b600000, 0x000000008b600000, 0x000000008b700000|  0%| F|  |TAMS 0x000000008b600000, 0x000000008b600000| Untracked 
| 183|0x000000008b700000, 0x000000008b700000, 0x000000008b800000|  0%| F|  |TAMS 0x000000008b700000, 0x000000008b700000| Untracked 
| 184|0x000000008b800000, 0x000000008b800000, 0x000000008b900000|  0%| F|  |TAMS 0x000000008b800000, 0x000000008b800000| Untracked 
| 185|0x000000008b900000, 0x000000008b900000, 0x000000008ba00000|  0%| F|  |TAMS 0x000000008b900000, 0x000000008b900000| Untracked 
| 186|0x000000008ba00000, 0x000000008ba00000, 0x000000008bb00000|  0%| F|  |TAMS 0x000000008ba00000, 0x000000008ba00000| Untracked 
| 187|0x000000008bb00000, 0x000000008bb00000, 0x000000008bc00000|  0%| F|  |TAMS 0x000000008bb00000, 0x000000008bb00000| Untracked 
| 188|0x000000008bc00000, 0x000000008bc00000, 0x000000008bd00000|  0%| F|  |TAMS 0x000000008bc00000, 0x000000008bc00000| Untracked 
| 189|0x000000008bd00000, 0x000000008bd00000, 0x000000008be00000|  0%| F|  |TAMS 0x000000008bd00000, 0x000000008bd00000| Untracked 
| 190|0x000000008be00000, 0x000000008be00000, 0x000000008bf00000|  0%| F|  |TAMS 0x000000008be00000, 0x000000008be00000| Untracked 
| 191|0x000000008bf00000, 0x000000008bf00000, 0x000000008c000000|  0%| F|  |TAMS 0x000000008bf00000, 0x000000008bf00000| Untracked 
| 192|0x000000008c000000, 0x000000008c000000, 0x000000008c100000|  0%| F|  |TAMS 0x000000008c000000, 0x000000008c000000| Untracked 
| 193|0x000000008c100000, 0x000000008c100000, 0x000000008c200000|  0%| F|  |TAMS 0x000000008c100000, 0x000000008c100000| Untracked 
| 194|0x000000008c200000, 0x000000008c200000, 0x000000008c300000|  0%| F|  |TAMS 0x000000008c200000, 0x000000008c200000| Untracked 
| 195|0x000000008c300000, 0x000000008c300000, 0x000000008c400000|  0%| F|  |TAMS 0x000000008c300000, 0x000000008c300000| Untracked 
| 196|0x000000008c400000, 0x000000008c400000, 0x000000008c500000|  0%| F|  |TAMS 0x000000008c400000, 0x000000008c400000| Untracked 
| 197|0x000000008c500000, 0x000000008c500000, 0x000000008c600000|  0%| F|  |TAMS 0x000000008c500000, 0x000000008c500000| Untracked 
| 198|0x000000008c600000, 0x000000008c600000, 0x000000008c700000|  0%| F|  |TAMS 0x000000008c600000, 0x000000008c600000| Untracked 
| 199|0x000000008c700000, 0x000000008c700000, 0x000000008c800000|  0%| F|  |TAMS 0x000000008c700000, 0x000000008c700000| Untracked 
| 200|0x000000008c800000, 0x000000008c800000, 0x000000008c900000|  0%| F|  |TAMS 0x000000008c800000, 0x000000008c800000| Untracked 
| 201|0x000000008c900000, 0x000000008c900000, 0x000000008ca00000|  0%| F|  |TAMS 0x000000008c900000, 0x000000008c900000| Untracked 
| 202|0x000000008ca00000, 0x000000008ca00000, 0x000000008cb00000|  0%| F|  |TAMS 0x000000008ca00000, 0x000000008ca00000| Untracked 
| 203|0x000000008cb00000, 0x000000008cb00000, 0x000000008cc00000|  0%| F|  |TAMS 0x000000008cb00000, 0x000000008cb00000| Untracked 
| 204|0x000000008cc00000, 0x000000008cc00000, 0x000000008cd00000|  0%| F|  |TAMS 0x000000008cc00000, 0x000000008cc00000| Untracked 
| 205|0x000000008cd00000, 0x000000008cd00000, 0x000000008ce00000|  0%| F|  |TAMS 0x000000008cd00000, 0x000000008cd00000| Untracked 
| 206|0x000000008ce00000, 0x000000008ce00000, 0x000000008cf00000|  0%| F|  |TAMS 0x000000008ce00000, 0x000000008ce00000| Untracked 
| 207|0x000000008cf00000, 0x000000008cf00000, 0x000000008d000000|  0%| F|  |TAMS 0x000000008cf00000, 0x000000008cf00000| Untracked 
| 208|0x000000008d000000, 0x000000008d000000, 0x000000008d100000|  0%| F|  |TAMS 0x000000008d000000, 0x000000008d000000| Untracked 
| 209|0x000000008d100000, 0x000000008d100000, 0x000000008d200000|  0%| F|  |TAMS 0x000000008d100000, 0x000000008d100000| Untracked 
| 210|0x000000008d200000, 0x000000008d200000, 0x000000008d300000|  0%| F|  |TAMS 0x000000008d200000, 0x000000008d200000| Untracked 
| 211|0x000000008d300000, 0x000000008d300000, 0x000000008d400000|  0%| F|  |TAMS 0x000000008d300000, 0x000000008d300000| Untracked 
| 212|0x000000008d400000, 0x000000008d400000, 0x000000008d500000|  0%| F|  |TAMS 0x000000008d400000, 0x000000008d400000| Untracked 
| 213|0x000000008d500000, 0x000000008d500000, 0x000000008d600000|  0%| F|  |TAMS 0x000000008d500000, 0x000000008d500000| Untracked 
| 214|0x000000008d600000, 0x000000008d600000, 0x000000008d700000|  0%| F|  |TAMS 0x000000008d600000, 0x000000008d600000| Untracked 
| 215|0x000000008d700000, 0x000000008d700000, 0x000000008d800000|  0%| F|  |TAMS 0x000000008d700000, 0x000000008d700000| Untracked 
| 216|0x000000008d800000, 0x000000008d800000, 0x000000008d900000|  0%| F|  |TAMS 0x000000008d800000, 0x000000008d800000| Untracked 
| 217|0x000000008d900000, 0x000000008d900000, 0x000000008da00000|  0%| F|  |TAMS 0x000000008d900000, 0x000000008d900000| Untracked 
| 218|0x000000008da00000, 0x000000008da00000, 0x000000008db00000|  0%| F|  |TAMS 0x000000008da00000, 0x000000008da00000| Untracked 
| 219|0x000000008db00000, 0x000000008db00000, 0x000000008dc00000|  0%| F|  |TAMS 0x000000008db00000, 0x000000008db00000| Untracked 
| 220|0x000000008dc00000, 0x000000008dc00000, 0x000000008dd00000|  0%| F|  |TAMS 0x000000008dc00000, 0x000000008dc00000| Untracked 
| 221|0x000000008dd00000, 0x000000008dd00000, 0x000000008de00000|  0%| F|  |TAMS 0x000000008dd00000, 0x000000008dd00000| Untracked 
| 222|0x000000008de00000, 0x000000008de00000, 0x000000008df00000|  0%| F|  |TAMS 0x000000008de00000, 0x000000008de00000| Untracked 
| 223|0x000000008df00000, 0x000000008df00000, 0x000000008e000000|  0%| F|  |TAMS 0x000000008df00000, 0x000000008df00000| Untracked 
| 224|0x000000008e000000, 0x000000008e000000, 0x000000008e100000|  0%| F|  |TAMS 0x000000008e000000, 0x000000008e000000| Untracked 
| 225|0x000000008e100000, 0x000000008e100000, 0x000000008e200000|  0%| F|  |TAMS 0x000000008e100000, 0x000000008e100000| Untracked 
| 226|0x000000008e200000, 0x000000008e200000, 0x000000008e300000|  0%| F|  |TAMS 0x000000008e200000, 0x000000008e200000| Untracked 

Card table byte_map: [0x0000026fba550000,0x0000026fba950000] _byte_map_base: 0x0000026fba150000

Marking Bits (Prev, Next): (CMBitMap*) 0x0000026fa79bb970, (CMBitMap*) 0x0000026fa79bb930
 Prev Bits: [0x0000026fbcd50000, 0x0000026fbed50000)
 Next Bits: [0x0000026fbad50000, 0x0000026fbcd50000)

Polling page: 0x0000026fa7120000

Metaspace:

Usage:
  Non-class:     80.10 MB used.
      Class:     12.44 MB used.
       Both:     92.54 MB used.

Virtual space:
  Non-class space:       88.00 MB reserved,      80.44 MB ( 91%) committed,  11 nodes.
      Class space:        1.00 GB reserved,      12.81 MB (  1%) committed,  1 nodes.
             Both:        1.09 GB reserved,      93.25 MB (  8%) committed. 

Chunk freelists:
   Non-Class:  3.00 MB
       Class:  3.14 MB
        Both:  6.14 MB

MaxMetaspaceSize: unlimited
CompressedClassSpaceSize: 1.00 GB
Initial GC threshold: 21.00 MB
Current GC threshold: 150.62 MB
CDS: off
MetaspaceReclaimPolicy: balanced
 - commit_granule_bytes: 65536.
 - commit_granule_words: 8192.
 - virtual_space_node_default_size: 1048576.
 - enlarge_chunks_in_place: 1.
 - new_chunks_are_fully_committed: 0.
 - uncommit_free_chunks: 1.
 - use_allocation_guard: 0.
 - handle_deallocations: 1.


Internal statistics:

num_allocs_failed_limit: 3.
num_arena_births: 990.
num_arena_deaths: 0.
num_vsnodes_births: 12.
num_vsnodes_deaths: 0.
num_space_committed: 1491.
num_space_uncommitted: 0.
num_chunks_returned_to_freelist: 3.
num_chunks_taken_from_freelist: 4546.
num_chunk_merges: 3.
num_chunk_splits: 2970.
num_chunks_enlarged: 1940.
num_purges: 0.
num_inconsistent_stats: 0.

CodeHeap 'non-profiled nmethods': size=120000Kb used=5434Kb max_used=5682Kb free=114565Kb
 bounds [0x0000026fb28f0000, 0x0000026fb2e80000, 0x0000026fb9e20000]
CodeHeap 'profiled nmethods': size=120000Kb used=17426Kb max_used=17952Kb free=102573Kb
 bounds [0x0000026faae20000, 0x0000026fabfb0000, 0x0000026fb2350000]
CodeHeap 'non-nmethods': size=5760Kb used=2416Kb max_used=2497Kb free=3344Kb
 bounds [0x0000026fb2350000, 0x0000026fb25e0000, 0x0000026fb28f0000]
 total_blobs=9904 nmethods=8956 adapters=860
 compilation: enabled
              stopped_count=0, restarted_count=0
 full_count=0

Compilation events (20 events):
Event: 9.033 Thread 0x0000026fc20360f0 nmethod 10430 0x0000026fab7d6c10 code [0x0000026fab7d6de0, 0x0000026fab7d70e8]
Event: 9.033 Thread 0x0000026fc20360f0 10433       3       org.gradle.api.internal.artifacts.transform.DefaultExtraExecutionGraphDependenciesResolverFactory$$Lambda$547/0x0000000100643990::dependenciesFor (5 bytes)
Event: 9.033 Thread 0x0000026fc20360f0 nmethod 10433 0x0000026faba70790 code [0x0000026faba70920, 0x0000026faba70a98]
Event: 9.033 Thread 0x0000026fc20360f0 10431       3       org.gradle.api.internal.attributes.DefaultAttributesSchema$DefaultAttributeMatcher::isMatching (14 bytes)
Event: 9.033 Thread 0x0000026fc20360f0 nmethod 10431 0x0000026fab7d6810 code [0x0000026fab7d69c0, 0x0000026fab7d6b28]
Event: 9.033 Thread 0x0000026fc20360f0 10434       3       org.gradle.api.internal.artifacts.transform.DefaultExtraExecutionGraphDependenciesResolverFactory::lambda$static$0 (4 bytes)
Event: 9.033 Thread 0x0000026fc20360f0 nmethod 10434 0x0000026fab1d3390 code [0x0000026fab1d3520, 0x0000026fab1d3618]
Event: 9.033 Thread 0x0000026fc20360f0 10435       3       org.gradle.api.internal.artifacts.transform.BoundTransformationStep::<init> (15 bytes)
Event: 9.034 Thread 0x0000026fc20360f0 nmethod 10435 0x0000026fab7d6390 code [0x0000026fab7d6540, 0x0000026fab7d6758]
Event: 9.034 Thread 0x0000026fc20360f0 10437       3       org.gradle.api.internal.artifacts.ivyservice.resolveengine.artifact.DefaultArtifactSet::asTransformed (40 bytes)
Event: 9.034 Thread 0x0000026fc20360f0 nmethod 10437 0x0000026fab7d5c90 code [0x0000026fab7d5e60, 0x0000026fab7d61f8]
Event: 9.034 Thread 0x0000026fc20360f0 10436       1       org.gradle.api.internal.artifacts.transform.DefaultTransformationRegistrationFactory$DefaultArtifactTransformRegistration::getFrom (5 bytes)
Event: 9.034 Thread 0x0000026fc20360f0 nmethod 10436 0x0000026fb2c14790 code [0x0000026fb2c14920, 0x0000026fb2c149f8]
Event: 9.034 Thread 0x0000026fc20360f0 10432       1       org.gradle.internal.component.external.model.UrlBackedArtifactMetadata::getComponentId (5 bytes)
Event: 9.035 Thread 0x0000026fc20360f0 nmethod 10432 0x0000026fb2c14490 code [0x0000026fb2c14620, 0x0000026fb2c146f8]
Event: 9.035 Thread 0x0000026fc20360f0 10428       1       com.android.build.gradle.internal.ide.dependencies.ResolvedArtifact::getComponentIdentifier (5 bytes)
Event: 9.035 Thread 0x0000026fc20360f0 nmethod 10428 0x0000026fb2c14190 code [0x0000026fb2c14320, 0x0000026fb2c143f8]
Event: 9.035 Thread 0x0000026fc20360f0 10439       3       org.gradle.api.internal.artifacts.transform.TransformingAsyncArtifactListener$TransformedArtifact$$Lambda$1147/0x0000000100cc5108::<init> (10 bytes)
Event: 9.035 Thread 0x0000026fc20360f0 nmethod 10439 0x0000026fab7d5890 code [0x0000026fab7d5a20, 0x0000026fab7d5bd8]
Event: 9.035 Thread 0x0000026fc20360f0 10440       3       org.gradle.internal.Deferrable::flatMap (24 bytes)

GC Heap History (20 events):
Event: 4.193 GC heap after
{Heap after GC invocations=25 (full 0):
 garbage-first heap   total 207872K, used 73082K [0x0000000080000000, 0x0000000100000000)
  region size 1024K, 1 young (1024K), 1 survivors (1024K)
 Metaspace       used 53793K, committed 54400K, reserved 1097728K
  class space    used 7209K, committed 7488K, reserved 1048576K
}
Event: 4.801 GC heap before
{Heap before GC invocations=25 (full 0):
 garbage-first heap   total 207872K, used 149882K [0x0000000080000000, 0x0000000100000000)
  region size 1024K, 73 young (74752K), 1 survivors (1024K)
 Metaspace       used 58503K, committed 59136K, reserved 1105920K
  class space    used 7811K, committed 8128K, reserved 1048576K
}
Event: 4.806 GC heap after
{Heap after GC invocations=26 (full 0):
 garbage-first heap   total 207872K, used 85231K [0x0000000080000000, 0x0000000100000000)
  region size 1024K, 10 young (10240K), 10 survivors (10240K)
 Metaspace       used 58503K, committed 59136K, reserved 1105920K
  class space    used 7811K, committed 8128K, reserved 1048576K
}
Event: 5.478 GC heap before
{Heap before GC invocations=26 (full 0):
 garbage-first heap   total 207872K, used 163055K [0x0000000080000000, 0x0000000100000000)
  region size 1024K, 80 young (81920K), 10 survivors (10240K)
 Metaspace       used 67713K, committed 68352K, reserved 1114112K
  class space    used 8985K, committed 9280K, reserved 1048576K
}
Event: 5.484 GC heap after
{Heap after GC invocations=27 (full 0):
 garbage-first heap   total 207872K, used 90776K [0x0000000080000000, 0x0000000100000000)
  region size 1024K, 6 young (6144K), 6 survivors (6144K)
 Metaspace       used 67713K, committed 68352K, reserved 1114112K
  class space    used 8985K, committed 9280K, reserved 1048576K
}
Event: 5.957 GC heap before
{Heap before GC invocations=27 (full 0):
 garbage-first heap   total 207872K, used 162456K [0x0000000080000000, 0x0000000100000000)
  region size 1024K, 75 young (76800K), 6 survivors (6144K)
 Metaspace       used 71788K, committed 72448K, reserved 1114112K
  class space    used 9545K, committed 9856K, reserved 1048576K
}
Event: 5.962 GC heap after
{Heap after GC invocations=28 (full 0):
 garbage-first heap   total 207872K, used 97518K [0x0000000080000000, 0x0000000100000000)
  region size 1024K, 7 young (7168K), 7 survivors (7168K)
 Metaspace       used 71788K, committed 72448K, reserved 1114112K
  class space    used 9545K, committed 9856K, reserved 1048576K
}
Event: 6.536 GC heap before
{Heap before GC invocations=28 (full 0):
 garbage-first heap   total 207872K, used 148718K [0x0000000080000000, 0x0000000100000000)
  region size 1024K, 56 young (57344K), 7 survivors (7168K)
 Metaspace       used 77813K, committed 78528K, reserved 1122304K
  class space    used 10553K, committed 10880K, reserved 1048576K
}
Event: 6.543 GC heap after
{Heap after GC invocations=29 (full 0):
 garbage-first heap   total 207872K, used 102006K [0x0000000080000000, 0x0000000100000000)
  region size 1024K, 4 young (4096K), 4 survivors (4096K)
 Metaspace       used 77813K, committed 78528K, reserved 1122304K
  class space    used 10553K, committed 10880K, reserved 1048576K
}
Event: 7.188 GC heap before
{Heap before GC invocations=30 (full 0):
 garbage-first heap   total 211968K, used 188022K [0x0000000080000000, 0x0000000100000000)
  region size 1024K, 68 young (69632K), 4 survivors (4096K)
 Metaspace       used 84131K, committed 84800K, reserved 1130496K
  class space    used 11357K, committed 11648K, reserved 1048576K
}
Event: 7.194 GC heap after
{Heap after GC invocations=31 (full 0):
 garbage-first heap   total 211968K, used 129872K [0x0000000080000000, 0x0000000100000000)
  region size 1024K, 9 young (9216K), 9 survivors (9216K)
 Metaspace       used 84131K, committed 84800K, reserved 1130496K
  class space    used 11357K, committed 11648K, reserved 1048576K
}
Event: 7.209 GC heap before
{Heap before GC invocations=31 (full 0):
 garbage-first heap   total 211968K, used 130896K [0x0000000080000000, 0x0000000100000000)
  region size 1024K, 10 young (10240K), 9 survivors (9216K)
 Metaspace       used 84258K, committed 84992K, reserved 1130496K
  class space    used 11376K, committed 11712K, reserved 1048576K
}
Event: 7.215 GC heap after
{Heap after GC invocations=32 (full 0):
 garbage-first heap   total 211968K, used 130531K [0x0000000080000000, 0x0000000100000000)
  region size 1024K, 1 young (1024K), 1 survivors (1024K)
 Metaspace       used 84258K, committed 84992K, reserved 1130496K
  class space    used 11376K, committed 11712K, reserved 1048576K
}
Event: 7.944 GC heap before
{Heap before GC invocations=32 (full 0):
 garbage-first heap   total 211968K, used 175587K [0x0000000080000000, 0x0000000100000000)
  region size 1024K, 45 young (46080K), 1 survivors (1024K)
 Metaspace       used 90924K, committed 91712K, reserved 1130496K
  class space    used 12399K, committed 12800K, reserved 1048576K
}
Event: 7.950 GC heap after
{Heap after GC invocations=33 (full 0):
 garbage-first heap   total 211968K, used 132916K [0x0000000080000000, 0x0000000100000000)
  region size 1024K, 4 young (4096K), 4 survivors (4096K)
 Metaspace       used 90924K, committed 91712K, reserved 1130496K
  class space    used 12399K, committed 12800K, reserved 1048576K
}
Event: 8.570 GC heap before
{Heap before GC invocations=34 (full 0):
 garbage-first heap   total 232448K, used 175924K [0x0000000080000000, 0x0000000100000000)
  region size 1024K, 45 young (46080K), 4 survivors (4096K)
 Metaspace       used 94220K, committed 94976K, reserved 1138688K
  class space    used 12702K, committed 13056K, reserved 1048576K
}
Event: 8.580 GC heap after
{Heap after GC invocations=35 (full 0):
 garbage-first heap   total 232448K, used 137697K [0x0000000080000000, 0x0000000100000000)
  region size 1024K, 5 young (5120K), 5 survivors (5120K)
 Metaspace       used 94220K, committed 94976K, reserved 1138688K
  class space    used 12702K, committed 13056K, reserved 1048576K
}
Event: 8.611 GC heap before
{Heap before GC invocations=35 (full 0):
 garbage-first heap   total 232448K, used 143841K [0x0000000080000000, 0x0000000100000000)
  region size 1024K, 11 young (11264K), 5 survivors (5120K)
 Metaspace       used 94234K, committed 94976K, reserved 1138688K
  class space    used 12702K, committed 13056K, reserved 1048576K
}
Event: 8.617 GC heap after
{Heap after GC invocations=36 (full 0):
 garbage-first heap   total 232448K, used 138576K [0x0000000080000000, 0x0000000100000000)
  region size 1024K, 2 young (2048K), 2 survivors (2048K)
 Metaspace       used 94234K, committed 94976K, reserved 1138688K
  class space    used 12702K, committed 13056K, reserved 1048576K
}
Event: 9.036 GC heap before
{Heap before GC invocations=36 (full 0):
 garbage-first heap   total 232448K, used 191824K [0x0000000080000000, 0x0000000100000000)
  region size 1024K, 55 young (56320K), 2 survivors (2048K)
 Metaspace       used 94764K, committed 95488K, reserved 1138688K
  class space    used 12742K, committed 13120K, reserved 1048576K
}

Dll operation events (2 events):
Event: 0.004 Loaded shared library C:\Program Files\Android\Android Studio\jbr\bin\java.dll
Event: 0.281 Loaded shared library C:\Program Files\Android\Android Studio\jbr\bin\verify.dll

Deoptimization events (20 events):
Event: 8.707 Thread 0x0000026fc661aab0 Uncommon trap: trap_request=0xffffff45 fr.pc=0x0000026fb2c5ec58 relative=0x0000000000000218
Event: 8.707 Thread 0x0000026fc661aab0 Uncommon trap: reason=unstable_if action=reinterpret pc=0x0000026fb2c5ec58 method=com.esotericsoftware.kryo.io.Input.readVarInt(Z)I @ 42 c2
Event: 8.707 Thread 0x0000026fc661aab0 DEOPT PACKING pc=0x0000026fb2c5ec58 sp=0x0000009e4d3fe270
Event: 8.707 Thread 0x0000026fc661aab0 DEOPT UNPACKING pc=0x0000026fb23a69a3 sp=0x0000009e4d3fe160 mode 2
Event: 8.708 Thread 0x0000026fc30c98e0 DEOPT PACKING pc=0x0000026fab39cb20 sp=0x0000009e4c3fdf00
Event: 8.708 Thread 0x0000026fc30c98e0 DEOPT UNPACKING pc=0x0000026fb23a7143 sp=0x0000009e4c3fd3c0 mode 0
Event: 8.730 Thread 0x0000026fc30c98e0 DEOPT PACKING pc=0x0000026fab39cb20 sp=0x0000009e4c3fdf00
Event: 8.730 Thread 0x0000026fc30c98e0 DEOPT UNPACKING pc=0x0000026fb23a7143 sp=0x0000009e4c3fd3c0 mode 0
Event: 8.732 Thread 0x0000026fc8b8abb0 DEOPT PACKING pc=0x0000026faaeb9317 sp=0x0000009e509fb640
Event: 8.733 Thread 0x0000026fc8b8abb0 DEOPT UNPACKING pc=0x0000026fb23a7143 sp=0x0000009e509fab08 mode 0
Event: 8.760 Thread 0x0000026fc30c98e0 DEOPT PACKING pc=0x0000026fab39cb20 sp=0x0000009e4c3fdf00
Event: 8.760 Thread 0x0000026fc30c98e0 DEOPT UNPACKING pc=0x0000026fb23a7143 sp=0x0000009e4c3fd3c0 mode 0
Event: 8.791 Thread 0x0000026fc30c98e0 DEOPT PACKING pc=0x0000026fab39cb20 sp=0x0000009e4c3fdf00
Event: 8.791 Thread 0x0000026fc30c98e0 DEOPT UNPACKING pc=0x0000026fb23a7143 sp=0x0000009e4c3fd3c0 mode 0
Event: 8.808 Thread 0x0000026fc30c98e0 DEOPT PACKING pc=0x0000026fab39cb20 sp=0x0000009e4c3fdf00
Event: 8.808 Thread 0x0000026fc30c98e0 DEOPT UNPACKING pc=0x0000026fb23a7143 sp=0x0000009e4c3fd3c0 mode 0
Event: 8.850 Thread 0x0000026fc8b8c890 Uncommon trap: trap_request=0xffffff45 fr.pc=0x0000026fb2caf758 relative=0x0000000000000418
Event: 8.850 Thread 0x0000026fc8b8c890 Uncommon trap: reason=unstable_if action=reinterpret pc=0x0000026fb2caf758 method=java.util.concurrent.ConcurrentHashMap.addCount(JI)V @ 97 c2
Event: 8.850 Thread 0x0000026fc8b8c890 DEOPT PACKING pc=0x0000026fb2caf758 sp=0x0000009e505fc810
Event: 8.850 Thread 0x0000026fc8b8c890 DEOPT UNPACKING pc=0x0000026fb23a69a3 sp=0x0000009e505fc6c8 mode 2

Classes unloaded (0 events):
No events

Classes redefined (0 events):
No events

Internal exceptions (20 events):
Event: 7.304 Thread 0x0000026fc4a06530 Exception <a 'java/lang/NullPointerException'{0x000000008c647b38}> (0x000000008c647b38) 
thrown [s\src\hotspot\share\interpreter\linkResolver.cpp, line 1447]
Event: 7.366 Thread 0x0000026fc4a06530 Implicit null exception at 0x0000026fb298a703 to 0x0000026fb298c990
Event: 7.557 Thread 0x0000026fc4a06530 Exception <a 'sun/nio/fs/WindowsException'{0x000000008b8176c8}> (0x000000008b8176c8) 
thrown [s\src\hotspot\share\prims\jni.cpp, line 517]
Event: 7.557 Thread 0x0000026fc4a06530 Exception <a 'sun/nio/fs/WindowsException'{0x000000008b818a40}> (0x000000008b818a40) 
thrown [s\src\hotspot\share\prims\jni.cpp, line 517]
Event: 7.557 Thread 0x0000026fc4a06530 Exception <a 'sun/nio/fs/WindowsException'{0x000000008b819e08}> (0x000000008b819e08) 
thrown [s\src\hotspot\share\prims\jni.cpp, line 517]
Event: 7.557 Thread 0x0000026fc4a06530 Exception <a 'sun/nio/fs/WindowsException'{0x000000008b81b1d0}> (0x000000008b81b1d0) 
thrown [s\src\hotspot\share\prims\jni.cpp, line 517]
Event: 7.579 Thread 0x0000026fc4a06530 Exception <a 'java/lang/NoSuchMethodError'{0x000000008b741090}: 'java.lang.Object java.lang.invoke.DirectMethodHandle$Holder.invokeSpecial(java.lang.Object, java.lang.Object, long, java.lang.Object, java.lang.Object, java.lang.Object, java.lang.Object, java.lang.Object, java.lang.Object, java.lang.Object, java.lang.Object)'> (0x000000008b741090) 
thrown [s\src\hotspot\share\interpreter\linkResolver.cpp, line 771]
Event: 7.579 Thread 0x0000026fc4a06530 Exception <a 'java/lang/NoSuchMethodError'{0x000000008b745e98}: 'java.lang.Object java.lang.invoke.DelegatingMethodHandle$Holder.reinvoke_L(java.lang.Object, long, java.lang.Object, java.lang.Object, java.lang.Object, java.lang.Object, java.lang.Object, java.lang.Object, java.lang.Object, java.lang.Object)'> (0x000000008b745e98) 
thrown [s\src\hotspot\share\interpreter\linkResolver.cpp, line 771]
Event: 7.582 Thread 0x0000026fc4a06530 Exception <a 'java/lang/NoSuchMethodError'{0x000000008b768d78}: 'java.lang.Object java.lang.invoke.DirectMethodHandle$Holder.invokeSpecial(java.lang.Object, java.lang.Object, java.lang.Object, java.lang.Object, java.lang.Object, java.lang.Object, java.lang.Object, java.lang.Object, java.lang.Object, java.lang.Object)'> (0x000000008b768d78) 
thrown [s\src\hotspot\share\interpreter\linkResolver.cpp, line 771]
Event: 7.582 Thread 0x0000026fc4a06530 Exception <a 'java/lang/NoSuchMethodError'{0x000000008b76da10}: 'java.lang.Object java.lang.invoke.Invokers$Holder.linkToTargetMethod(java.lang.Object, java.lang.Object, java.lang.Object, java.lang.Object, java.lang.Object, java.lang.Object, java.lang.Object, java.lang.Object, java.lang.Object)'> (0x000000008b76da10) 
thrown [s\src\hotspot\share\interpreter\linkResolver.cpp, line 771]
Event: 7.729 Thread 0x0000026fc4a06530 Exception <a 'java/lang/NoSuchMethodError'{0x000000008ad75dd8}: 'java.lang.Object java.lang.invoke.DirectMethodHandle$Holder.newInvokeSpecial(java.lang.Object, java.lang.Object, java.lang.Object, java.lang.Object, int, java.lang.Object)'> (0x000000008ad75dd8) 
thrown [s\src\hotspot\share\interpreter\linkResolver.cpp, line 771]
Event: 7.729 Thread 0x0000026fc4a06530 Exception <a 'java/lang/NoSuchMethodError'{0x000000008ad7ae40}: 'java.lang.Object java.lang.invoke.Invokers$Holder.linkToTargetMethod(java.lang.Object, java.lang.Object, java.lang.Object, int, java.lang.Object, java.lang.Object)'> (0x000000008ad7ae40) 
thrown [s\src\hotspot\share\interpreter\linkResolver.cpp, line 771]
Event: 7.748 Thread 0x0000026fc4a06530 Exception <a 'java/lang/IncompatibleClassChangeError'{0x000000008ac68120}: Found class java.lang.Object, but interface was expected> (0x000000008ac68120) 
thrown [s\src\hotspot\share\interpreter\linkResolver.cpp, line 838]
Event: 7.774 Thread 0x0000026fc88d9140 Exception <a 'java/lang/IncompatibleClassChangeError'{0x000000008abe8168}: Found class java.lang.Object, but interface was expected> (0x000000008abe8168) 
thrown [s\src\hotspot\share\interpreter\linkResolver.cpp, line 838]
Event: 7.791 Thread 0x0000026fc88d9140 Exception <a 'java/lang/NoSuchMethodError'{0x000000008aad8198}: 'int java.lang.invoke.DirectMethodHandle$Holder.invokeStaticInit(java.lang.Object, java.lang.Object, java.lang.Object, java.lang.Object, java.lang.Object)'> (0x000000008aad8198) 
thrown [s\src\hotspot\share\interpreter\linkResolver.cpp, line 771]
Event: 7.811 Thread 0x0000026fc4a06530 Exception <a 'java/lang/NoSuchMethodError'{0x000000008a99ec40}: 'int java.lang.invoke.DirectMethodHandle$Holder.invokeSpecialIFC(java.lang.Object, java.lang.Object, java.lang.Object)'> (0x000000008a99ec40) 
thrown [s\src\hotspot\share\interpreter\linkResolver.cpp, line 771]
Event: 7.863 Thread 0x0000026fc4a06530 Exception <a 'java/lang/NoSuchMethodError'{0x000000008a53d408}: 'void java.lang.invoke.DirectMethodHandle$Holder.invokeSpecial(java.lang.Object, java.lang.Object, java.lang.Object, java.lang.Object, int, java.lang.Object, java.lang.Object)'> (0x000000008a53d408) 
thrown [s\src\hotspot\share\interpreter\linkResolver.cpp, line 771]
Event: 8.499 Thread 0x0000026fc8b893a0 Exception <a 'java/lang/NoSuchMethodError'{0x000000008c7590b0}: 'java.lang.Object java.lang.invoke.DirectMethodHandle$Holder.invokeSpecialIFC(java.lang.Object, java.lang.Object, java.lang.Object)'> (0x000000008c7590b0) 
thrown [s\src\hotspot\share\interpreter\linkResolver.cpp, line 771]
Event: 8.500 Thread 0x0000026fc8b8abb0 Exception <a 'java/lang/NoSuchMethodError'{0x000000008c719a00}: 'java.lang.Object java.lang.invoke.DirectMethodHandle$Holder.invokeSpecialIFC(java.lang.Object, java.lang.Object, java.lang.Object)'> (0x000000008c719a00) 
thrown [s\src\hotspot\share\interpreter\linkResolver.cpp, line 771]
Event: 8.650 Thread 0x0000026fc8b8ef10 Exception <a 'java/lang/NoSuchMethodError'{0x000000008da0c080}: 'void java.lang.invoke.DirectMethodHandle$Holder.invokeVirtual(java.lang.Object, java.lang.Object)'> (0x000000008da0c080) 
thrown [s\src\hotspot\share\interpreter\linkResolver.cpp, line 771]

VM Operations (20 events):
Event: 8.064 Executing VM operation: G1Concurrent done
Event: 8.391 Executing VM operation: ICBufferFull
Event: 8.391 Executing VM operation: ICBufferFull done
Event: 8.406 Executing VM operation: HandshakeAllThreads
Event: 8.406 Executing VM operation: HandshakeAllThreads done
Event: 8.406 Executing VM operation: HandshakeAllThreads
Event: 8.406 Executing VM operation: HandshakeAllThreads done
Event: 8.443 Executing VM operation: HandshakeAllThreads
Event: 8.444 Executing VM operation: HandshakeAllThreads done
Event: 8.464 Executing VM operation: ICBufferFull
Event: 8.465 Executing VM operation: ICBufferFull done
Event: 8.469 Executing VM operation: HandshakeAllThreads
Event: 8.469 Executing VM operation: HandshakeAllThreads done
Event: 8.570 Executing VM operation: G1CollectForAllocation
Event: 8.580 Executing VM operation: G1CollectForAllocation done
Event: 8.611 Executing VM operation: G1CollectForAllocation
Event: 8.618 Executing VM operation: G1CollectForAllocation done
Event: 8.883 Executing VM operation: ICBufferFull
Event: 8.883 Executing VM operation: ICBufferFull done
Event: 9.036 Executing VM operation: G1CollectForAllocation

Events (20 events):
Event: 8.486 Thread 0x0000026fc2038ef0 flushing nmethod 0x0000026fabbc9910
Event: 8.486 Thread 0x0000026fc2038ef0 flushing nmethod 0x0000026fabbcbe10
Event: 8.486 Thread 0x0000026fc2038ef0 flushing nmethod 0x0000026fabbd9d90
Event: 8.486 Thread 0x0000026fc2038ef0 flushing nmethod 0x0000026fabbe7990
Event: 8.486 Thread 0x0000026fc2038ef0 flushing nmethod 0x0000026fabbecd10
Event: 8.486 Thread 0x0000026fc2038ef0 flushing nmethod 0x0000026fabbf8a90
Event: 8.486 Thread 0x0000026fc2038ef0 flushing nmethod 0x0000026fabc22710
Event: 8.486 Thread 0x0000026fc2038ef0 flushing nmethod 0x0000026fabc4c790
Event: 8.487 Thread 0x0000026fc2038ef0 flushing nmethod 0x0000026fabc80790
Event: 8.487 Thread 0x0000026fc2038ef0 flushing nmethod 0x0000026fabcb9b10
Event: 8.487 Thread 0x0000026fc2038ef0 flushing nmethod 0x0000026fabcbf810
Event: 8.487 Thread 0x0000026fc2038ef0 flushing nmethod 0x0000026fabcf1a90
Event: 8.488 Thread 0x0000026fc2038ef0 flushing nmethod 0x0000026fabd70110
Event: 8.488 Thread 0x0000026fc2038ef0 flushing nmethod 0x0000026fabd70610
Event: 8.488 Thread 0x0000026fc2038ef0 flushing nmethod 0x0000026fabd70990
Event: 8.488 Thread 0x0000026fc2038ef0 flushing nmethod 0x0000026fabdd0010
Event: 8.488 Thread 0x0000026fc2038ef0 flushing nmethod 0x0000026fabdd0490
Event: 8.488 Thread 0x0000026fc2038ef0 flushing nmethod 0x0000026fabdd0c10
Event: 8.488 Thread 0x0000026fc2038ef0 flushing nmethod 0x0000026fabdff810
Event: 8.488 Thread 0x0000026fc2038ef0 flushing nmethod 0x0000026fabdffd10


Dynamic libraries:
0x00007ff70c0b0000 - 0x00007ff70c0ba000 	C:\Program Files\Android\Android Studio\jbr\bin\java.exe
0x00007ffa2d790000 - 0x00007ffa2d9a7000 	C:\WINDOWS\SYSTEM32\ntdll.dll
0x00007ffa2c990000 - 0x00007ffa2ca54000 	C:\WINDOWS\System32\KERNEL32.DLL
0x00007ffa2ade0000 - 0x00007ffa2b18d000 	C:\WINDOWS\System32\KERNELBASE.dll
0x00007ffa2acc0000 - 0x00007ffa2add1000 	C:\WINDOWS\System32\ucrtbase.dll
0x00007ff9cb6b0000 - 0x00007ff9cb6c7000 	C:\Program Files\Android\Android Studio\jbr\bin\jli.dll
0x00007ffa264e0000 - 0x00007ffa264fb000 	C:\Program Files\Android\Android Studio\jbr\bin\VCRUNTIME140.dll
0x00007ffa2d2c0000 - 0x00007ffa2d46e000 	C:\WINDOWS\System32\USER32.dll
0x00007ffa2b200000 - 0x00007ffa2b226000 	C:\WINDOWS\System32\win32u.dll
0x00007ffa19e20000 - 0x00007ffa1a0b3000 	C:\WINDOWS\WinSxS\amd64_microsoft.windows.common-controls_6595b64144ccf1df_6.0.22621.3672_none_2713b9d173822955\COMCTL32.dll
0x00007ffa2b6f0000 - 0x00007ffa2b719000 	C:\WINDOWS\System32\GDI32.dll
0x00007ffa2d210000 - 0x00007ffa2d2b7000 	C:\WINDOWS\System32\msvcrt.dll
0x00007ffa2b3a0000 - 0x00007ffa2b4b9000 	C:\WINDOWS\System32\gdi32full.dll
0x00007ffa2aab0000 - 0x00007ffa2ab4a000 	C:\WINDOWS\System32\msvcp_win.dll
0x00007ffa2b720000 - 0x00007ffa2b751000 	C:\WINDOWS\System32\IMM32.DLL
0x00007ffa264d0000 - 0x00007ffa264dc000 	C:\Program Files\Android\Android Studio\jbr\bin\vcruntime140_1.dll
0x00007ffa1a5b0000 - 0x00007ffa1a63d000 	C:\Program Files\Android\Android Studio\jbr\bin\msvcp140.dll
0x00007ff9cb9a0000 - 0x00007ff9cc60e000 	C:\Program Files\Android\Android Studio\jbr\bin\server\jvm.dll
0x00007ffa2d630000 - 0x00007ffa2d6e2000 	C:\WINDOWS\System32\ADVAPI32.dll
0x00007ffa2c770000 - 0x00007ffa2c819000 	C:\WINDOWS\System32\sechost.dll
0x00007ffa2ac90000 - 0x00007ffa2acb8000 	C:\WINDOWS\System32\bcrypt.dll
0x00007ffa2ccf0000 - 0x00007ffa2ce04000 	C:\WINDOWS\System32\RPCRT4.dll
0x00007ffa084f0000 - 0x00007ffa084f9000 	C:\WINDOWS\SYSTEM32\WSOCK32.dll
0x00007ffa23e60000 - 0x00007ffa23e6a000 	C:\WINDOWS\SYSTEM32\VERSION.dll
0x00007ffa20890000 - 0x00007ffa208c4000 	C:\WINDOWS\SYSTEM32\WINMM.dll
0x00007ffa2cc10000 - 0x00007ffa2cc81000 	C:\WINDOWS\System32\WS2_32.dll
0x00007ffa29bb0000 - 0x00007ffa29bc8000 	C:\WINDOWS\SYSTEM32\kernel.appcore.dll
0x00007ffa0afb0000 - 0x00007ffa0afba000 	C:\Program Files\Android\Android Studio\jbr\bin\jimage.dll
0x00007ffa28610000 - 0x00007ffa28842000 	C:\WINDOWS\SYSTEM32\DBGHELP.DLL
0x00007ffa2ce20000 - 0x00007ffa2d1ae000 	C:\WINDOWS\System32\combase.dll
0x00007ffa2c560000 - 0x00007ffa2c637000 	C:\WINDOWS\System32\OLEAUT32.dll
0x00007ff9fead0000 - 0x00007ff9feb02000 	C:\WINDOWS\SYSTEM32\dbgcore.DLL
0x00007ffa2ac10000 - 0x00007ffa2ac8b000 	C:\WINDOWS\System32\bcryptPrimitives.dll
0x00007ffa0af80000 - 0x00007ffa0afa5000 	C:\Program Files\Android\Android Studio\jbr\bin\java.dll
0x00007ff9d8190000 - 0x00007ff9d81a8000 	C:\Program Files\Android\Android Studio\jbr\bin\zip.dll
0x00007ffa2bcf0000 - 0x00007ffa2c557000 	C:\WINDOWS\System32\SHELL32.dll
0x00007ffa289b0000 - 0x00007ffa292af000 	C:\WINDOWS\SYSTEM32\windows.storage.dll
0x00007ffa28870000 - 0x00007ffa289af000 	C:\WINDOWS\SYSTEM32\wintypes.dll
0x00007ffa2c650000 - 0x00007ffa2c749000 	C:\WINDOWS\System32\SHCORE.dll
0x00007ffa2d1b0000 - 0x00007ffa2d20e000 	C:\WINDOWS\System32\shlwapi.dll
0x00007ffa2a9e0000 - 0x00007ffa2aa07000 	C:\WINDOWS\SYSTEM32\profapi.dll
0x00007ff9d8170000 - 0x00007ff9d8189000 	C:\Program Files\Android\Android Studio\jbr\bin\net.dll
0x00007ffa26520000 - 0x00007ffa26656000 	C:\WINDOWS\SYSTEM32\WINHTTP.dll
0x00007ffa2a020000 - 0x00007ffa2a089000 	C:\WINDOWS\system32\mswsock.dll
0x00007ff9cb980000 - 0x00007ff9cb996000 	C:\Program Files\Android\Android Studio\jbr\bin\nio.dll
0x00007ffa007e0000 - 0x00007ffa007f0000 	C:\Program Files\Android\Android Studio\jbr\bin\verify.dll
0x00007ffa25a30000 - 0x00007ffa25a57000 	C:\Users\scher\.gradle\native\68d5fa5c4cc2d200863cafc0d521ce42e7d3e7ee720ec0a83991735586a16f82\windows-amd64\native-platform.dll
0x00007ffa15b40000 - 0x00007ffa15c84000 	C:\Users\scher\.gradle\native\e376f236ea51e6404a007f0833ffe2c6e607c4080706a723a18a27aeea778392\windows-amd64\native-platform-file-events.dll
0x00007ffa005f0000 - 0x00007ffa005f9000 	C:\Program Files\Android\Android Studio\jbr\bin\management.dll
0x00007ff9fed60000 - 0x00007ff9fed6b000 	C:\Program Files\Android\Android Studio\jbr\bin\management_ext.dll
0x00007ffa2c820000 - 0x00007ffa2c828000 	C:\WINDOWS\System32\PSAPI.DLL
0x00007ffa2a250000 - 0x00007ffa2a26b000 	C:\WINDOWS\SYSTEM32\CRYPTSP.dll
0x00007ffa29b10000 - 0x00007ffa29b45000 	C:\WINDOWS\system32\rsaenh.dll
0x00007ffa2a0e0000 - 0x00007ffa2a108000 	C:\WINDOWS\SYSTEM32\USERENV.dll
0x00007ffa2a240000 - 0x00007ffa2a24c000 	C:\WINDOWS\SYSTEM32\CRYPTBASE.dll
0x00007ffa29550000 - 0x00007ffa2957d000 	C:\WINDOWS\SYSTEM32\IPHLPAPI.DLL
0x00007ffa2c640000 - 0x00007ffa2c649000 	C:\WINDOWS\System32\NSI.dll
0x00007ffa26500000 - 0x00007ffa26519000 	C:\WINDOWS\SYSTEM32\dhcpcsvc6.DLL
0x00007ffa26440000 - 0x00007ffa2645f000 	C:\WINDOWS\SYSTEM32\dhcpcsvc.DLL
0x00007ffa295d0000 - 0x00007ffa296c8000 	C:\WINDOWS\SYSTEM32\DNSAPI.dll
0x00007ff9f7ae0000 - 0x00007ff9f7ae8000 	C:\WINDOWS\system32\wshunix.dll

dbghelp: loaded successfully - version: 4.0.5 - missing functions: none
symbol engine: initialized successfully - sym options: 0x614 - pdb path: .;C:\Program Files\Android\Android Studio\jbr\bin;C:\WINDOWS\SYSTEM32;C:\WINDOWS\WinSxS\amd64_microsoft.windows.common-controls_6595b64144ccf1df_6.0.22621.3672_none_2713b9d173822955;C:\Program Files\Android\Android Studio\jbr\bin\server;C:\Users\scher\.gradle\native\68d5fa5c4cc2d200863cafc0d521ce42e7d3e7ee720ec0a83991735586a16f82\windows-amd64;C:\Users\scher\.gradle\native\e376f236ea51e6404a007f0833ffe2c6e607c4080706a723a18a27aeea778392\windows-amd64

VM Arguments:
jvm_args: --add-opens=java.base/java.util=ALL-UNNAMED --add-opens=java.base/java.lang=ALL-UNNAMED --add-opens=java.base/java.lang.invoke=ALL-UNNAMED --add-opens=java.prefs/java.util.prefs=ALL-UNNAMED --add-opens=java.base/java.nio.charset=ALL-UNNAMED --add-opens=java.base/java.net=ALL-UNNAMED --add-opens=java.base/java.util.concurrent.atomic=ALL-UNNAMED -Xmx2048m -Dfile.encoding=UTF-8 -Duser.country=BR -Duser.language=pt -Duser.variant 
java_command: org.gradle.launcher.daemon.bootstrap.GradleDaemon 8.0
java_class_path (initial): C:\Users\scher\.gradle\wrapper\dists\gradle-8.0-bin\ca5e32bp14vu59qr306oxotwh\gradle-8.0\lib\gradle-launcher-8.0.jar
Launcher Type: SUN_STANDARD

[Global flags]
     intx CICompilerCount                          = 4                                         {product} {ergonomic}
     uint ConcGCThreads                            = 2                                         {product} {ergonomic}
     uint G1ConcRefinementThreads                  = 8                                         {product} {ergonomic}
   size_t G1HeapRegionSize                         = 1048576                                   {product} {ergonomic}
    uintx GCDrainStackTargetSize                   = 64                                        {product} {ergonomic}
   size_t InitialHeapSize                          = 134217728                                 {product} {ergonomic}
   size_t MarkStackSize                            = 4194304                                   {product} {ergonomic}
   size_t MaxHeapSize                              = 2147483648                                {product} {command line}
   size_t MaxNewSize                               = 1287651328                                {product} {ergonomic}
   size_t MinHeapDeltaBytes                        = 1048576                                   {product} {ergonomic}
   size_t MinHeapSize                              = 8388608                                   {product} {ergonomic}
    uintx NonNMethodCodeHeapSize                   = 5839372                                {pd product} {ergonomic}
    uintx NonProfiledCodeHeapSize                  = 122909434                              {pd product} {ergonomic}
    uintx ProfiledCodeHeapSize                     = 122909434                              {pd product} {ergonomic}
    uintx ReservedCodeCacheSize                    = 251658240                              {pd product} {ergonomic}
     bool SegmentedCodeCache                       = true                                      {product} {ergonomic}
   size_t SoftMaxHeapSize                          = 2147483648                             {manageable} {ergonomic}
     bool UseCompressedClassPointers               = true                           {product lp64_product} {ergonomic}
     bool UseCompressedOops                        = true                           {product lp64_product} {ergonomic}
     bool UseG1GC                                  = true                                      {product} {ergonomic}
     bool UseLargePagesIndividualAllocation        = false                                  {pd product} {ergonomic}

Logging:
Log output configuration:
 #0: stdout all=warning uptime,level,tags
 #1: stderr all=off uptime,level,tags

Environment Variables:
PATH=C:\Program Files\Common Files\Oracle\Java\javapath;C:\Program Files (x86)\Embarcadero\Studio\22.0\bin;C:\Users\Public\Documents\Embarcadero\Studio\22.0\Bpl;C:\Program Files (x86)\Embarcadero\Studio\22.0\bin64;C:\Users\Public\Documents\Embarcadero\Studio\22.0\Bpl\Win64;C:\Program Files (x86)\Embarcadero\Studio\21.0\bin;C:\Users\Public\Documents\Embarcadero\Studio\21.0\Bpl;C:\Program Files (x86)\Embarcadero\Studio\21.0\bin64;C:\Users\Public\Documents\Embarcadero\Studio\21.0\Bpl\Win64;C:\Windows\system32;C:\Windows;C:\Windows\System32\Wbem;C:\Windows\System32\WindowsPowerShell\v1.0\;C:\Windows\System32\OpenSSH\;C:\Program Files (x86)\NVIDIA Corporation\PhysX\Common;C:\Program Files\NVIDIA Corporation\NVIDIA NvDLISR;C:\WINDOWS\system32;C:\WINDOWS;C:\WINDOWS\System32\Wbem;C:\WINDOWS\System32\WindowsPowerShell\v1.0\;C:\WINDOWS\System32\OpenSSH\;C:\Program Files\dotnet\;C:\Program Files (x86)\Windows Kits\10\Windows Performance Toolkit\;C:\Program Files\Git\cmd;C:\Users\scher\AppData\Local\Microsoft\WindowsApps;;C:\Users\scher\AppData\Local\Programs\Microsoft VS Code\bin
USERNAME=scher
OS=Windows_NT
PROCESSOR_IDENTIFIER=Intel64 Family 6 Model 142 Stepping 12, GenuineIntel
TMP=C:\Users\scher\AppData\Local\Temp
TEMP=C:\Users\scher\AppData\Local\Temp


JNI global refs:
JNI global refs: 27, weak refs: 8

JNI global refs memory usage: 843, weak refs: 841


---------------  S Y S T E M  ---------------

OS:
 Windows 11 , 64 bit Build 22621 (10.0.22621.3958)
OS uptime: 0 days 8:50 hours
Hyper-V role detected

CPU: total 8 (initial active 8) (4 cores per cpu, 2 threads per core) family 6 model 142 stepping 12 microcode 0xea, cx8, cmov, fxsr, ht, mmx, 3dnowpref, sse, sse2, sse3, ssse3, sse4.1, sse4.2, popcnt, lzcnt, tsc, tscinvbit, avx, avx2, aes, erms, clmul, bmi1, bmi2, adx, fma, vzeroupper, clflush, clflushopt, hv

Memory: 4k page, system-wide physical 8072M (484M free)
TotalPageFile size 10120M (AvailPageFile size 13M)
current process WorkingSet (physical memory assigned to process): 485M, peak: 490M
current process commit charge ("private bytes"): 522M, peak: 756M

vm_info: OpenJDK 64-Bit Server VM (17.0.6+0-b2043.56-10027231) for windows-amd64 JRE (17.0.6+0-b2043.56-10027231), built on Apr 28 2023 00:43:19 by "androidbuild" with MS VC++ 16.10 / 16.11 (VS2019)

END.
