#
# There is insufficient memory for the Java Runtime Environment to continue.
# Native memory allocation (mmap) failed to map 225443840 bytes for G1 virtual space
# Possible reasons:
#   The system is out of physical RAM or swap space
#   The process is running with CompressedOops enabled, and the Java Heap may be blocking the growth of the native heap
# Possible solutions:
#   Reduce memory load on the system
#   Increase physical memory or swap space
#   Check if swap backing store is full
#   Decrease Java heap size (-Xmx/-Xms)
#   Decrease number of Java threads
#   Decrease Java thread stack sizes (-Xss)
#   Set larger code cache with -XX:ReservedCodeCacheSize=
#   JVM is running with Unscaled Compressed Oops mode in which the Java heap is
#     placed in the first 4GB address space. The Java Heap base address is the
#     maximum limit for the native heap growth. Please use -XX:HeapBaseMinAddress
#     to set the Java Heap base and to place the Java Heap above 4GB virtual address.
# This output file may be truncated or incomplete.
#
#  Out of Memory Error (os_windows.cpp:3769), pid=3520, tid=8580
#
# JRE version: OpenJDK Runtime Environment (17.0.6) (build 17.0.6+0-b2043.56-10027231)
# Java VM: OpenJDK 64-Bit Server VM (17.0.6+0-b2043.56-10027231, mixed mode, tiered, compressed oops, compressed class ptrs, g1 gc, windows-amd64)
# No core dump will be written. Minidumps are not enabled by default on client versions of Windows
#

---------------  S U M M A R Y ------------

Command Line: --add-opens=java.base/java.util=ALL-UNNAMED --add-opens=java.base/java.lang=ALL-UNNAMED --add-opens=java.base/java.lang.invoke=ALL-UNNAMED --add-opens=java.prefs/java.util.prefs=ALL-UNNAMED --add-opens=java.base/java.nio.charset=ALL-UNNAMED --add-opens=java.base/java.net=ALL-UNNAMED --add-opens=java.base/java.util.concurrent.atomic=ALL-UNNAMED -Xmx2048m -Dfile.encoding=UTF-8 -Duser.country=BR -Duser.language=pt -Duser.variant -javaagent:C:\Users\scher\.gradle\wrapper\dists\gradle-8.1-bin\2eyty4r6kz6fpakefpk52nbbm\gradle-8.1\lib\agents\gradle-instrumentation-agent-8.1.jar org.gradle.launcher.daemon.bootstrap.GradleDaemon 8.1

Host: Intel(R) Core(TM) i7-8565U CPU @ 1.80GHz, 8 cores, 7G,  Windows 11 , 64 bit Build 22621 (10.0.22621.4391)
Time: Sat Dec  7 01:02:12 2024 Hora oficial do Brasil elapsed time: 14.528289 seconds (0d 0h 0m 14s)

---------------  T H R E A D  ---------------

Current thread (0x0000029a7ac13a30):  VMThread "VM Thread" [stack: 0x000000dc13300000,0x000000dc13400000] [id=8580]

Stack: [0x000000dc13300000,0x000000dc13400000]
Native frames: (J=compiled Java code, j=interpreted, Vv=VM code, C=native code)
V  [jvm.dll+0x683c9a]
V  [jvm.dll+0x8427a4]
V  [jvm.dll+0x843f9e]
V  [jvm.dll+0x844603]
V  [jvm.dll+0x249b75]
V  [jvm.dll+0x680b69]
V  [jvm.dll+0x67505a]
V  [jvm.dll+0x309acb]
V  [jvm.dll+0x310f86]
V  [jvm.dll+0x3608ee]
V  [jvm.dll+0x360b1f]
V  [jvm.dll+0x2dfbf8]
V  [jvm.dll+0x2ddec4]
V  [jvm.dll+0x2dd4cc]
V  [jvm.dll+0x321f3b]
V  [jvm.dll+0x848ccb]
V  [jvm.dll+0x849a04]
V  [jvm.dll+0x849f1d]
V  [jvm.dll+0x84a2f4]
V  [jvm.dll+0x84a3c0]
V  [jvm.dll+0x7f274a]
V  [jvm.dll+0x682ad5]
C  [ucrtbase.dll+0x29333]
C  [KERNEL32.DLL+0x1259d]
C  [ntdll.dll+0x5af38]

VM_Operation (0x000000dc178f9800): G1CollectForAllocation, mode: safepoint, requested by thread 0x0000029a7dd31e20


---------------  P R O C E S S  ---------------

Threads class SMR info:
_java_thread_list=0x0000029a7ed1d050, length=66, elements={
0x0000029a604e07c0, 0x0000029a7a34e830, 0x0000029a7a3243f0, 0x0000029a7a33abf0,
0x0000029a7ac37000, 0x0000029a7ac395d0, 0x0000029a7ac39f80, 0x0000029a7ac3ac60,
0x0000029a7ac3b700, 0x0000029a7ac3e100, 0x0000029a7a2c3180, 0x0000029a7aed7050,
0x0000029a7dd30ae0, 0x0000029a7dd30fb0, 0x0000029a7dd30140, 0x0000029a7dd33160,
0x0000029a7dd31950, 0x0000029a7dd32c90, 0x0000029a7dd322f0, 0x0000029a7dd2fc70,
0x0000029a7c5f7a20, 0x0000029a7c5f4a00, 0x0000029a7c5f4ed0, 0x0000029a7c5f53a0,
0x0000029a7c5f9bd0, 0x0000029a7c5fa0a0, 0x0000029a7c5f5d40, 0x0000029a7c5f4530,
0x0000029a7c5f4060, 0x0000029a014ac910, 0x0000029a014ab5d0, 0x0000029a014a9dc0,
0x0000029a014a7c10, 0x0000029a014abaa0, 0x0000029a014a9420, 0x0000029a014aa760,
0x0000029a014a8f50, 0x0000029a014a7270, 0x0000029a014aac30, 0x0000029a014ab100,
0x0000029a014a50c0, 0x0000029a014aa290, 0x0000029a014a6400, 0x0000029a014a68d0,
0x0000029a014a8a80, 0x0000029a014ac440, 0x0000029a014a80e0, 0x0000029a014a85b0,
0x0000029a7c5f2850, 0x0000029a7c5f5870, 0x0000029a7c5f7ef0, 0x0000029a7c5f3b90,
0x0000029a7c5f6bb0, 0x0000029a7d72d9b0, 0x0000029a7c5f66e0, 0x0000029a7c5f83c0,
0x0000029a7c5f8d60, 0x0000029a7c5f9230, 0x0000029a7c5f9700, 0x0000029a7dd31e20,
0x0000029a7dd2f7a0, 0x0000029a7dd30610, 0x0000029a7dd31480, 0x0000029a7dd327c0,
0x0000029a022abef0, 0x0000029a022a7b90
}

Java Threads: ( => current thread )
  0x0000029a604e07c0 JavaThread "main" [_thread_blocked, id=13232, stack(0x000000dc12d00000,0x000000dc12e00000)]
  0x0000029a7a34e830 JavaThread "Reference Handler" daemon [_thread_blocked, id=13712, stack(0x000000dc13400000,0x000000dc13500000)]
  0x0000029a7a3243f0 JavaThread "Finalizer" daemon [_thread_blocked, id=6860, stack(0x000000dc13500000,0x000000dc13600000)]
  0x0000029a7a33abf0 JavaThread "Signal Dispatcher" daemon [_thread_blocked, id=6708, stack(0x000000dc13600000,0x000000dc13700000)]
  0x0000029a7ac37000 JavaThread "Attach Listener" daemon [_thread_blocked, id=12068, stack(0x000000dc13700000,0x000000dc13800000)]
  0x0000029a7ac395d0 JavaThread "Service Thread" daemon [_thread_blocked, id=13668, stack(0x000000dc13800000,0x000000dc13900000)]
  0x0000029a7ac39f80 JavaThread "Monitor Deflation Thread" daemon [_thread_blocked, id=11172, stack(0x000000dc13900000,0x000000dc13a00000)]
  0x0000029a7ac3ac60 JavaThread "C2 CompilerThread0" daemon [_thread_blocked, id=8652, stack(0x000000dc13a00000,0x000000dc13b00000)]
  0x0000029a7ac3b700 JavaThread "C1 CompilerThread0" daemon [_thread_blocked, id=7056, stack(0x000000dc13b00000,0x000000dc13c00000)]
  0x0000029a7ac3e100 JavaThread "Sweeper thread" daemon [_thread_blocked, id=15064, stack(0x000000dc13c00000,0x000000dc13d00000)]
  0x0000029a7a2c3180 JavaThread "Common-Cleaner" daemon [_thread_blocked, id=2928, stack(0x000000dc13d00000,0x000000dc13e00000)]
  0x0000029a7aed7050 JavaThread "Notification Thread" daemon [_thread_blocked, id=14604, stack(0x000000dc13e00000,0x000000dc13f00000)]
  0x0000029a7dd30ae0 JavaThread "Daemon health stats" [_thread_blocked, id=1988, stack(0x000000dc14600000,0x000000dc14700000)]
  0x0000029a7dd30fb0 JavaThread "Incoming local TCP Connector on port 51009" [_thread_in_native, id=8084, stack(0x000000dc14700000,0x000000dc14800000)]
  0x0000029a7dd30140 JavaThread "Daemon periodic checks" [_thread_blocked, id=9160, stack(0x000000dc14800000,0x000000dc14900000)]
  0x0000029a7dd33160 JavaThread "Daemon" [_thread_blocked, id=7236, stack(0x000000dc14900000,0x000000dc14a00000)]
  0x0000029a7dd31950 JavaThread "Daemon worker" [_thread_blocked, id=2364, stack(0x000000dc14c00000,0x000000dc14d00000)]
  0x0000029a7dd32c90 JavaThread "Cache worker for journal cache (C:\Users\scher\.gradle\caches\journal-1)" [_thread_blocked, id=12460, stack(0x000000dc15400000,0x000000dc15500000)]
  0x0000029a7dd322f0 JavaThread "File lock request listener" [_thread_in_native, id=6180, stack(0x000000dc15500000,0x000000dc15600000)]
  0x0000029a7dd2fc70 JavaThread "Cache worker for file hash cache (C:\Users\scher\.gradle\caches\8.1\fileHashes)" [_thread_blocked, id=15264, stack(0x000000dc15600000,0x000000dc15700000)]
  0x0000029a7c5f7a20 JavaThread "File watcher server" daemon [_thread_blocked, id=2032, stack(0x000000dc15700000,0x000000dc15800000)]
  0x0000029a7c5f4a00 JavaThread "File watcher consumer" daemon [_thread_blocked, id=9192, stack(0x000000dc15800000,0x000000dc15900000)]
  0x0000029a7c5f4ed0 JavaThread "Cache worker for file content cache (C:\Users\scher\.gradle\caches\8.1\fileContent)" [_thread_blocked, id=10164, stack(0x000000dc15b00000,0x000000dc15c00000)]
  0x0000029a7c5f53a0 JavaThread "Cache worker for execution history cache (C:\Users\scher\.gradle\caches\8.1\executionHistory)" [_thread_blocked, id=5684, stack(0x000000dc15e00000,0x000000dc15f00000)]
  0x0000029a7c5f9bd0 JavaThread "jar transforms" [_thread_blocked, id=11508, stack(0x000000dc15f00000,0x000000dc16000000)]
  0x0000029a7c5fa0a0 JavaThread "jar transforms Thread 2" [_thread_blocked, id=7312, stack(0x000000dc16100000,0x000000dc16200000)]
  0x0000029a7c5f5d40 JavaThread "jar transforms Thread 3" [_thread_blocked, id=15296, stack(0x000000dc16200000,0x000000dc16300000)]
  0x0000029a7c5f4530 JavaThread "jar transforms Thread 4" [_thread_blocked, id=6968, stack(0x000000dc16300000,0x000000dc16400000)]
  0x0000029a7c5f4060 JavaThread "jar transforms Thread 5" [_thread_blocked, id=12152, stack(0x000000dc16500000,0x000000dc16600000)]
  0x0000029a014ac910 JavaThread "jar transforms Thread 6" [_thread_blocked, id=996, stack(0x000000dc16e00000,0x000000dc16f00000)]
  0x0000029a014ab5d0 JavaThread "jar transforms Thread 7" [_thread_blocked, id=12748, stack(0x000000dc16f00000,0x000000dc17000000)]
  0x0000029a014a9dc0 JavaThread "jar transforms Thread 8" [_thread_blocked, id=5928, stack(0x000000dc17000000,0x000000dc17100000)]
  0x0000029a014a7c10 JavaThread "Memory manager" [_thread_blocked, id=14128, stack(0x000000dc17200000,0x000000dc17300000)]
  0x0000029a014abaa0 JavaThread "included builds" [_thread_blocked, id=5024, stack(0x000000dc17300000,0x000000dc17400000)]
  0x0000029a014a9420 JavaThread "Handler for socket connection from /127.0.0.1:51009 to /127.0.0.1:51011" [_thread_in_native, id=15172, stack(0x000000dc14100000,0x000000dc14200000)]
  0x0000029a014aa760 JavaThread "Cancel handler" [_thread_blocked, id=9912, stack(0x000000dc14a00000,0x000000dc14b00000)]
  0x0000029a014a8f50 JavaThread "Asynchronous log dispatcher for DefaultDaemonConnection: socket connection from /127.0.0.1:51009 to /127.0.0.1:51011" [_thread_blocked, id=14280, stack(0x000000dc14b00000,0x000000dc14c00000)]
  0x0000029a014a7270 JavaThread "Stdin handler" [_thread_blocked, id=3536, stack(0x000000dc14d00000,0x000000dc14e00000)]
  0x0000029a014aac30 JavaThread "Daemon client event forwarder" [_thread_blocked, id=13208, stack(0x000000dc14e00000,0x000000dc14f00000)]
  0x0000029a014ab100 JavaThread "Cache worker for checksums cache (C:\Users\scher\Documents\PROJETOS ANDROID\NOVO\RECICLAAI\.gradle\8.1\checksums)" [_thread_blocked, id=2608, stack(0x000000dc14f00000,0x000000dc15000000)]
  0x0000029a014a50c0 JavaThread "Cache worker for cache directory md-rule (C:\Users\scher\.gradle\caches\8.1\md-rule)" [_thread_blocked, id=1456, stack(0x000000dc15900000,0x000000dc15a00000)]
  0x0000029a014aa290 JavaThread "Cache worker for file hash cache (C:\Users\scher\Documents\PROJETOS ANDROID\NOVO\RECICLAAI\.gradle\8.1\fileHashes)" [_thread_blocked, id=11760, stack(0x000000dc15a00000,0x000000dc15b00000)]
  0x0000029a014a6400 JavaThread "Cache worker for cache directory md-supplier (C:\Users\scher\.gradle\caches\8.1\md-supplier)" [_thread_blocked, id=11516, stack(0x000000dc15c00000,0x000000dc15d00000)]
  0x0000029a014a68d0 JavaThread "Cache worker for dependencies-accessors (C:\Users\scher\Documents\PROJETOS ANDROID\NOVO\RECICLAAI\.gradle\8.1\dependencies-accessors)" [_thread_blocked, id=3712, stack(0x000000dc15d00000,0x000000dc15e00000)]
  0x0000029a014a8a80 JavaThread "Cache worker for Build Output Cleanup Cache (C:\Users\scher\Documents\PROJETOS ANDROID\NOVO\RECICLAAI\.gradle\buildOutputCleanup)" [_thread_blocked, id=4072, stack(0x000000dc16400000,0x000000dc16500000)]
  0x0000029a014ac440 JavaThread "Unconstrained build operations" [_thread_blocked, id=15240, stack(0x000000dc16600000,0x000000dc16700000)]
  0x0000029a014a80e0 JavaThread "Unconstrained build operations Thread 2" [_thread_blocked, id=13068, stack(0x000000dc16700000,0x000000dc16800000)]
  0x0000029a014a85b0 JavaThread "Unconstrained build operations Thread 3" [_thread_blocked, id=8316, stack(0x000000dc16800000,0x000000dc16900000)]
  0x0000029a7c5f2850 JavaThread "Unconstrained build operations Thread 4" [_thread_blocked, id=9016, stack(0x000000dc16900000,0x000000dc16a00000)]
  0x0000029a7c5f5870 JavaThread "Unconstrained build operations Thread 5" [_thread_blocked, id=11620, stack(0x000000dc16a00000,0x000000dc16b00000)]
  0x0000029a7c5f7ef0 JavaThread "Unconstrained build operations Thread 6" [_thread_blocked, id=13680, stack(0x000000dc16b00000,0x000000dc16c00000)]
  0x0000029a7c5f3b90 JavaThread "Unconstrained build operations Thread 7" [_thread_blocked, id=12344, stack(0x000000dc16c00000,0x000000dc16d00000)]
  0x0000029a7c5f6bb0 JavaThread "build event listener" [_thread_blocked, id=14080, stack(0x000000dc16d00000,0x000000dc16e00000)]
  0x0000029a7d72d9b0 JavaThread "C2 CompilerThread1" daemon [_thread_blocked, id=3948, stack(0x000000dc14000000,0x000000dc14100000)]
  0x0000029a7c5f66e0 JavaThread "included builds" [_thread_blocked, id=1264, stack(0x000000dc17100000,0x000000dc17200000)]
  0x0000029a7c5f83c0 JavaThread "Execution worker" [_thread_blocked, id=300, stack(0x000000dc17400000,0x000000dc17500000)]
  0x0000029a7c5f8d60 JavaThread "Execution worker Thread 2" [_thread_blocked, id=2244, stack(0x000000dc17500000,0x000000dc17600000)]
  0x0000029a7c5f9230 JavaThread "Execution worker Thread 3" [_thread_blocked, id=3232, stack(0x000000dc17600000,0x000000dc17700000)]
  0x0000029a7c5f9700 JavaThread "Execution worker Thread 4" [_thread_blocked, id=10208, stack(0x000000dc17700000,0x000000dc17800000)]
  0x0000029a7dd31e20 JavaThread "Execution worker Thread 5" [_thread_blocked, id=14136, stack(0x000000dc17800000,0x000000dc17900000)]
  0x0000029a7dd2f7a0 JavaThread "Execution worker Thread 6" [_thread_blocked, id=6992, stack(0x000000dc17900000,0x000000dc17a00000)]
  0x0000029a7dd30610 JavaThread "Execution worker Thread 7" [_thread_blocked, id=12576, stack(0x000000dc17a00000,0x000000dc17b00000)]
  0x0000029a7dd31480 JavaThread "Cache worker for execution history cache (C:\Users\scher\Documents\PROJETOS ANDROID\NOVO\RECICLAAI\.gradle\8.1\executionHistory)" [_thread_blocked, id=5536, stack(0x000000dc17b00000,0x000000dc17c00000)]
  0x0000029a7dd327c0 JavaThread "Unconstrained build operations Thread 8" [_thread_blocked, id=9724, stack(0x000000dc17c00000,0x000000dc17d00000)]
  0x0000029a022abef0 JavaThread "Unconstrained build operations Thread 9" [_thread_blocked, id=10680, stack(0x000000dc17d00000,0x000000dc17e00000)]
  0x0000029a022a7b90 JavaThread "WorkerExecutor Queue" [_thread_blocked, id=12036, stack(0x000000dc17e00000,0x000000dc17f00000)]

Other Threads:
=>0x0000029a7ac13a30 VMThread "VM Thread" [stack: 0x000000dc13300000,0x000000dc13400000] [id=8580]
  0x0000029a6056c5d0 WatcherThread [stack: 0x000000dc13f00000,0x000000dc14000000] [id=6356]
  0x0000029a6053b820 GCTaskThread "GC Thread#0" [stack: 0x000000dc12e00000,0x000000dc12f00000] [id=9172]
  0x0000029a7bc6f430 GCTaskThread "GC Thread#1" [stack: 0x000000dc14200000,0x000000dc14300000] [id=8132]
  0x0000029a7bd02940 GCTaskThread "GC Thread#2" [stack: 0x000000dc14300000,0x000000dc14400000] [id=14108]
  0x0000029a7b6103a0 GCTaskThread "GC Thread#3" [stack: 0x000000dc14400000,0x000000dc14500000] [id=3884]
  0x0000029a7c2e7a10 GCTaskThread "GC Thread#4" [stack: 0x000000dc14500000,0x000000dc14600000] [id=9224]
  0x0000029a7dc8ee10 GCTaskThread "GC Thread#5" [stack: 0x000000dc15000000,0x000000dc15100000] [id=7288]
  0x0000029a7dc8f0c0 GCTaskThread "GC Thread#6" [stack: 0x000000dc15100000,0x000000dc15200000] [id=12520]
  0x0000029a7c72bc40 GCTaskThread "GC Thread#7" [stack: 0x000000dc15200000,0x000000dc15300000] [id=2536]
  0x0000029a6054e770 ConcurrentGCThread "G1 Main Marker" [stack: 0x000000dc12f00000,0x000000dc13000000] [id=680]
  0x0000029a6054f180 ConcurrentGCThread "G1 Conc#0" [stack: 0x000000dc13000000,0x000000dc13100000] [id=2100]
  0x0000029a7df3b460 ConcurrentGCThread "G1 Conc#1" [stack: 0x000000dc15300000,0x000000dc15400000] [id=13548]
  0x0000029a7a1944e0 ConcurrentGCThread "G1 Refine#0" [stack: 0x000000dc13100000,0x000000dc13200000] [id=8852]
  0x0000029a7f0511e0 ConcurrentGCThread "G1 Refine#1" [stack: 0x000000dc16000000,0x000000dc16100000] [id=13560]
  0x0000029a6059a0c0 ConcurrentGCThread "G1 Service" [stack: 0x000000dc13200000,0x000000dc13300000] [id=13940]

Threads with active compile tasks:
C2 CompilerThread0    14545 9956 %     4       org.gradle.internal.instantiation.generator.AbstractClassGenerator::inspectType @ 250 (560 bytes)
C2 CompilerThread1    14546 9810       4       com.esotericsoftware.kryo.io.Input::readBoolean (32 bytes)

VM state: at safepoint (normal execution)

VM Mutex/Monitor currently owned by a thread:  ([mutex/lock_event])
[0x0000029a604dc920] Threads_lock - owner thread: 0x0000029a7ac13a30
[0x0000029a604dbd50] Heap_lock - owner thread: 0x0000029a7dd31e20

Heap address: 0x0000000080000000, size: 2048 MB, Compressed Oops mode: 32-bit

CDS archive(s) not mapped
Compressed class space mapped at: 0x0000000100000000-0x0000000140000000, reserved size: 1073741824
Narrow klass base: 0x0000000000000000, Narrow klass shift: 3, Narrow klass range: 0x140000000

GC Precious Log:
 CPUs: 8 total, 8 available
 Memory: 8072M
 Large Page Support: Disabled
 NUMA Support: Disabled
 Compressed Oops: Enabled (32-bit)
 Heap Region Size: 1M
 Heap Min Capacity: 8M
 Heap Initial Capacity: 128M
 Heap Max Capacity: 2G
 Pre-touch: Disabled
 Parallel Workers: 8
 Concurrent Workers: 2
 Concurrent Refinement Workers: 8
 Periodic GC: Disabled

Heap:
 garbage-first heap   total 155648K, used 82907K [0x0000000080000000, 0x0000000100000000)
  region size 1024K, 1 young (1024K), 1 survivors (1024K)
 Metaspace       used 89147K, committed 89792K, reserved 1130496K
  class space    used 12249K, committed 12544K, reserved 1048576K

Heap Regions: E=young(eden), S=young(survivor), O=old, HS=humongous(starts), HC=humongous(continues), CS=collection set, F=free, OA=open archive, CA=closed archive, TAMS=top-at-mark-start (previous, next)
|   0|0x0000000080000000, 0x0000000080100000, 0x0000000080100000|100%|HS|  |TAMS 0x0000000080100000, 0x0000000080000000| Complete 
|   1|0x0000000080100000, 0x0000000080200000, 0x0000000080200000|100%|HC|  |TAMS 0x0000000080200000, 0x0000000080100000| Complete 
|   2|0x0000000080200000, 0x0000000080300000, 0x0000000080300000|100%|HC|  |TAMS 0x0000000080300000, 0x0000000080200000| Complete 
|   3|0x0000000080300000, 0x0000000080400000, 0x0000000080400000|100%|HC|  |TAMS 0x0000000080400000, 0x0000000080300000| Complete 
|   4|0x0000000080400000, 0x0000000080500000, 0x0000000080500000|100%| O|  |TAMS 0x0000000080500000, 0x0000000080400000| Untracked 
|   5|0x0000000080500000, 0x0000000080600000, 0x0000000080600000|100%| O|  |TAMS 0x0000000080600000, 0x0000000080500000| Untracked 
|   6|0x0000000080600000, 0x0000000080700000, 0x0000000080700000|100%| O|  |TAMS 0x0000000080700000, 0x0000000080600000| Untracked 
|   7|0x0000000080700000, 0x0000000080800000, 0x0000000080800000|100%| O|  |TAMS 0x0000000080800000, 0x0000000080700000| Untracked 
|   8|0x0000000080800000, 0x0000000080900000, 0x0000000080900000|100%| O|  |TAMS 0x0000000080900000, 0x0000000080800000| Untracked 
|   9|0x0000000080900000, 0x0000000080a00000, 0x0000000080a00000|100%| O|  |TAMS 0x0000000080a00000, 0x0000000080900000| Untracked 
|  10|0x0000000080a00000, 0x0000000080b00000, 0x0000000080b00000|100%| O|  |TAMS 0x0000000080b00000, 0x0000000080a00000| Untracked 
|  11|0x0000000080b00000, 0x0000000080c00000, 0x0000000080c00000|100%| O|  |TAMS 0x0000000080c00000, 0x0000000080b00000| Untracked 
|  12|0x0000000080c00000, 0x0000000080d00000, 0x0000000080d00000|100%| O|  |TAMS 0x0000000080d00000, 0x0000000080c00000| Untracked 
|  13|0x0000000080d00000, 0x0000000080e00000, 0x0000000080e00000|100%| O|  |TAMS 0x0000000080e00000, 0x0000000080d00000| Untracked 
|  14|0x0000000080e00000, 0x0000000080f00000, 0x0000000080f00000|100%| O|  |TAMS 0x0000000080f00000, 0x0000000080e00000| Untracked 
|  15|0x0000000080f00000, 0x0000000081000000, 0x0000000081000000|100%| O|  |TAMS 0x0000000081000000, 0x0000000080f00000| Untracked 
|  16|0x0000000081000000, 0x0000000081100000, 0x0000000081100000|100%| O|  |TAMS 0x0000000081100000, 0x0000000081000000| Untracked 
|  17|0x0000000081100000, 0x0000000081200000, 0x0000000081200000|100%| O|  |TAMS 0x0000000081200000, 0x0000000081100000| Untracked 
|  18|0x0000000081200000, 0x0000000081300000, 0x0000000081300000|100%| O|  |TAMS 0x0000000081300000, 0x0000000081200000| Untracked 
|  19|0x0000000081300000, 0x0000000081400000, 0x0000000081400000|100%| O|  |TAMS 0x0000000081400000, 0x0000000081300000| Untracked 
|  20|0x0000000081400000, 0x0000000081500000, 0x0000000081500000|100%| O|  |TAMS 0x0000000081500000, 0x0000000081400000| Untracked 
|  21|0x0000000081500000, 0x0000000081600000, 0x0000000081600000|100%| O|  |TAMS 0x0000000081600000, 0x0000000081500000| Untracked 
|  22|0x0000000081600000, 0x0000000081700000, 0x0000000081700000|100%| O|  |TAMS 0x0000000081700000, 0x0000000081600000| Untracked 
|  23|0x0000000081700000, 0x0000000081800000, 0x0000000081800000|100%| O|  |TAMS 0x0000000081700000, 0x0000000081700000| Untracked 
|  24|0x0000000081800000, 0x0000000081900000, 0x0000000081900000|100%|HS|  |TAMS 0x0000000081900000, 0x0000000081800000| Complete 
|  25|0x0000000081900000, 0x0000000081a00000, 0x0000000081a00000|100%|HS|  |TAMS 0x0000000081a00000, 0x0000000081900000| Complete 
|  26|0x0000000081a00000, 0x0000000081b00000, 0x0000000081b00000|100%| O|  |TAMS 0x0000000081b00000, 0x0000000081a00000| Untracked 
|  27|0x0000000081b00000, 0x0000000081c00000, 0x0000000081c00000|100%| O|  |TAMS 0x0000000081c00000, 0x0000000081b00000| Untracked 
|  28|0x0000000081c00000, 0x0000000081d00000, 0x0000000081d00000|100%| O|  |TAMS 0x0000000081c00000, 0x0000000081c00000| Untracked 
|  29|0x0000000081d00000, 0x0000000081e00000, 0x0000000081e00000|100%| O|  |TAMS 0x0000000081e00000, 0x0000000081d00000| Untracked 
|  30|0x0000000081e00000, 0x0000000081f00000, 0x0000000081f00000|100%| O|  |TAMS 0x0000000081f00000, 0x0000000081e00000| Untracked 
|  31|0x0000000081f00000, 0x0000000082000000, 0x0000000082000000|100%| O|  |TAMS 0x0000000082000000, 0x0000000081f00000| Untracked 
|  32|0x0000000082000000, 0x0000000082100000, 0x0000000082100000|100%| O|  |TAMS 0x0000000082100000, 0x0000000082000000| Untracked 
|  33|0x0000000082100000, 0x0000000082200000, 0x0000000082200000|100%|HS|  |TAMS 0x0000000082200000, 0x0000000082100000| Complete 
|  34|0x0000000082200000, 0x0000000082300000, 0x0000000082300000|100%| O|  |TAMS 0x0000000082300000, 0x0000000082200000| Untracked 
|  35|0x0000000082300000, 0x0000000082400000, 0x0000000082400000|100%| O|  |TAMS 0x0000000082400000, 0x0000000082300000| Untracked 
|  36|0x0000000082400000, 0x0000000082500000, 0x0000000082500000|100%| O|  |TAMS 0x0000000082500000, 0x0000000082400000| Untracked 
|  37|0x0000000082500000, 0x0000000082600000, 0x0000000082600000|100%| O|  |TAMS 0x0000000082600000, 0x0000000082500000| Untracked 
|  38|0x0000000082600000, 0x0000000082600000, 0x0000000082700000|  0%| F|  |TAMS 0x0000000082600000, 0x0000000082600000| Untracked 
|  39|0x0000000082700000, 0x0000000082800000, 0x0000000082800000|100%| O|  |TAMS 0x0000000082800000, 0x0000000082700000| Untracked 
|  40|0x0000000082800000, 0x0000000082900000, 0x0000000082900000|100%| O|  |TAMS 0x0000000082900000, 0x0000000082800000| Untracked 
|  41|0x0000000082900000, 0x0000000082a00000, 0x0000000082a00000|100%| O|  |TAMS 0x0000000082a00000, 0x0000000082900000| Untracked 
|  42|0x0000000082a00000, 0x0000000082b00000, 0x0000000082b00000|100%| O|  |TAMS 0x0000000082b00000, 0x0000000082a00000| Untracked 
|  43|0x0000000082b00000, 0x0000000082c00000, 0x0000000082c00000|100%| O|  |TAMS 0x0000000082c00000, 0x0000000082b00000| Untracked 
|  44|0x0000000082c00000, 0x0000000082d00000, 0x0000000082d00000|100%|HS|  |TAMS 0x0000000082d00000, 0x0000000082c00000| Complete 
|  45|0x0000000082d00000, 0x0000000082e00000, 0x0000000082e00000|100%| O|  |TAMS 0x0000000082e00000, 0x0000000082d00000| Untracked 
|  46|0x0000000082e00000, 0x0000000082f00000, 0x0000000082f00000|100%| O|  |TAMS 0x0000000082f00000, 0x0000000082e00000| Untracked 
|  47|0x0000000082f00000, 0x0000000083000000, 0x0000000083000000|100%| O|  |TAMS 0x0000000083000000, 0x0000000082f00000| Untracked 
|  48|0x0000000083000000, 0x0000000083100000, 0x0000000083100000|100%| O|  |TAMS 0x0000000083100000, 0x0000000083000000| Untracked 
|  49|0x0000000083100000, 0x0000000083200000, 0x0000000083200000|100%| O|  |TAMS 0x0000000083200000, 0x0000000083100000| Untracked 
|  50|0x0000000083200000, 0x0000000083300000, 0x0000000083300000|100%| O|  |TAMS 0x0000000083300000, 0x0000000083200000| Untracked 
|  51|0x0000000083300000, 0x0000000083400000, 0x0000000083400000|100%| O|  |TAMS 0x0000000083400000, 0x0000000083300000| Untracked 
|  52|0x0000000083400000, 0x0000000083500000, 0x0000000083500000|100%| O|  |TAMS 0x0000000083500000, 0x0000000083400000| Untracked 
|  53|0x0000000083500000, 0x0000000083600000, 0x0000000083600000|100%| O|  |TAMS 0x0000000083600000, 0x0000000083500000| Untracked 
|  54|0x0000000083600000, 0x0000000083700000, 0x0000000083700000|100%| O|  |TAMS 0x0000000083700000, 0x0000000083600000| Untracked 
|  55|0x0000000083700000, 0x0000000083800000, 0x0000000083800000|100%| O|  |TAMS 0x0000000083800000, 0x0000000083700000| Untracked 
|  56|0x0000000083800000, 0x0000000083900000, 0x0000000083900000|100%| O|  |TAMS 0x0000000083900000, 0x0000000083800000| Untracked 
|  57|0x0000000083900000, 0x0000000083a00000, 0x0000000083a00000|100%| O|  |TAMS 0x0000000083a00000, 0x0000000083900000| Untracked 
|  58|0x0000000083a00000, 0x0000000083b00000, 0x0000000083b00000|100%| O|  |TAMS 0x0000000083b00000, 0x0000000083a00000| Untracked 
|  59|0x0000000083b00000, 0x0000000083c00000, 0x0000000083c00000|100%| O|  |TAMS 0x0000000083c00000, 0x0000000083b00000| Untracked 
|  60|0x0000000083c00000, 0x0000000083d00000, 0x0000000083d00000|100%| O|  |TAMS 0x0000000083d00000, 0x0000000083c00000| Untracked 
|  61|0x0000000083d00000, 0x0000000083e00000, 0x0000000083e00000|100%| O|  |TAMS 0x0000000083e00000, 0x0000000083d00000| Untracked 
|  62|0x0000000083e00000, 0x0000000083f00000, 0x0000000083f00000|100%| O|  |TAMS 0x0000000083f00000, 0x0000000083e00000| Untracked 
|  63|0x0000000083f00000, 0x0000000084000000, 0x0000000084000000|100%| O|  |TAMS 0x0000000084000000, 0x0000000083f00000| Untracked 
|  64|0x0000000084000000, 0x0000000084100000, 0x0000000084100000|100%| O|  |TAMS 0x0000000084100000, 0x0000000084000000| Untracked 
|  65|0x0000000084100000, 0x0000000084200000, 0x0000000084200000|100%| O|  |TAMS 0x0000000084200000, 0x0000000084100000| Untracked 
|  66|0x0000000084200000, 0x0000000084300000, 0x0000000084300000|100%| O|  |TAMS 0x0000000084300000, 0x0000000084200000| Untracked 
|  67|0x0000000084300000, 0x0000000084400000, 0x0000000084400000|100%| O|  |TAMS 0x0000000084400000, 0x0000000084300000| Untracked 
|  68|0x0000000084400000, 0x0000000084400000, 0x0000000084500000|  0%| F|  |TAMS 0x0000000084400000, 0x0000000084400000| Untracked 
|  69|0x0000000084500000, 0x0000000084600000, 0x0000000084600000|100%| O|  |TAMS 0x0000000084600000, 0x0000000084500000| Untracked 
|  70|0x0000000084600000, 0x0000000084700000, 0x0000000084700000|100%| O|  |TAMS 0x0000000084700000, 0x0000000084600000| Untracked 
|  71|0x0000000084700000, 0x0000000084800000, 0x0000000084800000|100%| O|  |TAMS 0x0000000084800000, 0x0000000084700000| Untracked 
|  72|0x0000000084800000, 0x0000000084900000, 0x0000000084900000|100%| O|  |TAMS 0x0000000084900000, 0x0000000084800000| Untracked 
|  73|0x0000000084900000, 0x0000000084a00000, 0x0000000084a00000|100%| O|  |TAMS 0x0000000084a00000, 0x0000000084900000| Untracked 
|  74|0x0000000084a00000, 0x0000000084b00000, 0x0000000084b00000|100%| O|  |TAMS 0x0000000084b00000, 0x0000000084a00000| Untracked 
|  75|0x0000000084b00000, 0x0000000084c00000, 0x0000000084c00000|100%| O|  |TAMS 0x0000000084c00000, 0x0000000084b00000| Untracked 
|  76|0x0000000084c00000, 0x0000000084d00000, 0x0000000084d00000|100%| O|  |TAMS 0x0000000084d00000, 0x0000000084c00000| Untracked 
|  77|0x0000000084d00000, 0x0000000084e00000, 0x0000000084e00000|100%| O|  |TAMS 0x0000000084e00000, 0x0000000084d00000| Untracked 
|  78|0x0000000084e00000, 0x0000000084f00000, 0x0000000084f00000|100%| O|  |TAMS 0x0000000084f00000, 0x0000000084e00000| Untracked 
|  79|0x0000000084f00000, 0x0000000085000000, 0x0000000085000000|100%| O|  |TAMS 0x0000000085000000, 0x0000000084f00000| Untracked 
|  80|0x0000000085000000, 0x0000000085100000, 0x0000000085100000|100%| O|  |TAMS 0x0000000085030400, 0x0000000085000000| Untracked 
|  81|0x0000000085100000, 0x0000000085200000, 0x0000000085200000|100%| O|  |TAMS 0x0000000085100000, 0x0000000085100000| Untracked 
|  82|0x0000000085200000, 0x000000008521bc00, 0x0000000085300000| 10%| O|  |TAMS 0x0000000085200000, 0x0000000085200000| Untracked 
|  83|0x0000000085300000, 0x0000000085300000, 0x0000000085400000|  0%| F|  |TAMS 0x0000000085300000, 0x0000000085300000| Untracked 
|  84|0x0000000085400000, 0x0000000085400000, 0x0000000085500000|  0%| F|  |TAMS 0x0000000085400000, 0x0000000085400000| Untracked 
|  85|0x0000000085500000, 0x0000000085500000, 0x0000000085600000|  0%| F|  |TAMS 0x0000000085500000, 0x0000000085500000| Untracked 
|  86|0x0000000085600000, 0x0000000085600000, 0x0000000085700000|  0%| F|  |TAMS 0x0000000085600000, 0x0000000085600000| Untracked 
|  87|0x0000000085700000, 0x0000000085700000, 0x0000000085800000|  0%| F|  |TAMS 0x0000000085700000, 0x0000000085700000| Untracked 
|  88|0x0000000085800000, 0x0000000085800000, 0x0000000085900000|  0%| F|  |TAMS 0x0000000085800000, 0x0000000085800000| Untracked 
|  89|0x0000000085900000, 0x0000000085900000, 0x0000000085a00000|  0%| F|  |TAMS 0x0000000085900000, 0x0000000085900000| Untracked 
|  90|0x0000000085a00000, 0x0000000085a00000, 0x0000000085b00000|  0%| F|  |TAMS 0x0000000085a00000, 0x0000000085a00000| Untracked 
|  91|0x0000000085b00000, 0x0000000085b00000, 0x0000000085c00000|  0%| F|  |TAMS 0x0000000085b00000, 0x0000000085b00000| Untracked 
|  92|0x0000000085c00000, 0x0000000085c00000, 0x0000000085d00000|  0%| F|  |TAMS 0x0000000085c00000, 0x0000000085c00000| Untracked 
|  93|0x0000000085d00000, 0x0000000085d00000, 0x0000000085e00000|  0%| F|  |TAMS 0x0000000085d00000, 0x0000000085d00000| Untracked 
|  94|0x0000000085e00000, 0x0000000085e00000, 0x0000000085f00000|  0%| F|  |TAMS 0x0000000085e00000, 0x0000000085e00000| Untracked 
|  95|0x0000000085f00000, 0x0000000085f00000, 0x0000000086000000|  0%| F|  |TAMS 0x0000000085f00000, 0x0000000085f00000| Untracked 
|  96|0x0000000086000000, 0x0000000086000000, 0x0000000086100000|  0%| F|  |TAMS 0x0000000086000000, 0x0000000086000000| Untracked 
|  97|0x0000000086100000, 0x0000000086100000, 0x0000000086200000|  0%| F|  |TAMS 0x0000000086100000, 0x0000000086100000| Untracked 
|  98|0x0000000086200000, 0x0000000086200000, 0x0000000086300000|  0%| F|  |TAMS 0x0000000086200000, 0x0000000086200000| Untracked 
|  99|0x0000000086300000, 0x0000000086300000, 0x0000000086400000|  0%| F|  |TAMS 0x0000000086300000, 0x0000000086300000| Untracked 
| 100|0x0000000086400000, 0x0000000086400000, 0x0000000086500000|  0%| F|  |TAMS 0x0000000086400000, 0x0000000086400000| Untracked 
| 101|0x0000000086500000, 0x0000000086500000, 0x0000000086600000|  0%| F|  |TAMS 0x0000000086500000, 0x0000000086500000| Untracked 
| 102|0x0000000086600000, 0x0000000086600000, 0x0000000086700000|  0%| F|  |TAMS 0x0000000086600000, 0x0000000086600000| Untracked 
| 103|0x0000000086700000, 0x0000000086700000, 0x0000000086800000|  0%| F|  |TAMS 0x0000000086700000, 0x0000000086700000| Untracked 
| 104|0x0000000086800000, 0x0000000086800000, 0x0000000086900000|  0%| F|  |TAMS 0x0000000086800000, 0x0000000086800000| Untracked 
| 105|0x0000000086900000, 0x0000000086900000, 0x0000000086a00000|  0%| F|  |TAMS 0x0000000086900000, 0x0000000086900000| Untracked 
| 106|0x0000000086a00000, 0x0000000086a00000, 0x0000000086b00000|  0%| F|  |TAMS 0x0000000086a00000, 0x0000000086a00000| Untracked 
| 107|0x0000000086b00000, 0x0000000086b00000, 0x0000000086c00000|  0%| F|  |TAMS 0x0000000086b00000, 0x0000000086b00000| Untracked 
| 108|0x0000000086c00000, 0x0000000086c00000, 0x0000000086d00000|  0%| F|  |TAMS 0x0000000086c00000, 0x0000000086c00000| Untracked 
| 109|0x0000000086d00000, 0x0000000086d00000, 0x0000000086e00000|  0%| F|  |TAMS 0x0000000086d00000, 0x0000000086d00000| Untracked 
| 110|0x0000000086e00000, 0x0000000086e00000, 0x0000000086f00000|  0%| F|  |TAMS 0x0000000086e00000, 0x0000000086e00000| Untracked 
| 111|0x0000000086f00000, 0x0000000086f00000, 0x0000000087000000|  0%| F|  |TAMS 0x0000000086f00000, 0x0000000086f00000| Untracked 
| 112|0x0000000087000000, 0x0000000087000000, 0x0000000087100000|  0%| F|  |TAMS 0x0000000087000000, 0x0000000087000000| Untracked 
| 113|0x0000000087100000, 0x0000000087100000, 0x0000000087200000|  0%| F|  |TAMS 0x0000000087100000, 0x0000000087100000| Untracked 
| 114|0x0000000087200000, 0x0000000087200000, 0x0000000087300000|  0%| F|  |TAMS 0x0000000087200000, 0x0000000087200000| Untracked 
| 115|0x0000000087300000, 0x0000000087300000, 0x0000000087400000|  0%| F|  |TAMS 0x0000000087300000, 0x0000000087300000| Untracked 
| 116|0x0000000087400000, 0x0000000087400000, 0x0000000087500000|  0%| F|  |TAMS 0x0000000087400000, 0x0000000087400000| Untracked 
| 117|0x0000000087500000, 0x0000000087500000, 0x0000000087600000|  0%| F|  |TAMS 0x0000000087500000, 0x0000000087500000| Untracked 
| 118|0x0000000087600000, 0x0000000087600000, 0x0000000087700000|  0%| F|  |TAMS 0x0000000087600000, 0x0000000087600000| Untracked 
| 119|0x0000000087700000, 0x0000000087700000, 0x0000000087800000|  0%| F|  |TAMS 0x0000000087700000, 0x0000000087700000| Untracked 
| 120|0x0000000087800000, 0x0000000087800000, 0x0000000087900000|  0%| F|  |TAMS 0x0000000087800000, 0x0000000087800000| Untracked 
| 121|0x0000000087900000, 0x0000000087900000, 0x0000000087a00000|  0%| F|  |TAMS 0x0000000087900000, 0x0000000087900000| Untracked 
| 122|0x0000000087a00000, 0x0000000087a00000, 0x0000000087b00000|  0%| F|  |TAMS 0x0000000087a00000, 0x0000000087a00000| Untracked 
| 123|0x0000000087b00000, 0x0000000087b00000, 0x0000000087c00000|  0%| F|  |TAMS 0x0000000087b00000, 0x0000000087b00000| Untracked 
| 124|0x0000000087c00000, 0x0000000087c00000, 0x0000000087d00000|  0%| F|  |TAMS 0x0000000087c00000, 0x0000000087c00000| Untracked 
| 125|0x0000000087d00000, 0x0000000087d00000, 0x0000000087e00000|  0%| F|  |TAMS 0x0000000087d00000, 0x0000000087d00000| Untracked 
| 126|0x0000000087e00000, 0x0000000087e00000, 0x0000000087f00000|  0%| F|  |TAMS 0x0000000087e00000, 0x0000000087e00000| Untracked 
| 127|0x0000000087f00000, 0x0000000087f00000, 0x0000000088000000|  0%| F|  |TAMS 0x0000000087f00000, 0x0000000087f00000| Untracked 
| 128|0x0000000088000000, 0x0000000088000000, 0x0000000088100000|  0%| F|  |TAMS 0x0000000088000000, 0x0000000088000000| Untracked 
| 129|0x0000000088100000, 0x0000000088100000, 0x0000000088200000|  0%| F|  |TAMS 0x0000000088100000, 0x0000000088100000| Untracked 
| 130|0x0000000088200000, 0x0000000088200000, 0x0000000088300000|  0%| F|  |TAMS 0x0000000088200000, 0x0000000088200000| Untracked 
| 131|0x0000000088300000, 0x0000000088300000, 0x0000000088400000|  0%| F|  |TAMS 0x0000000088300000, 0x0000000088300000| Untracked 
| 132|0x0000000088400000, 0x0000000088400000, 0x0000000088500000|  0%| F|  |TAMS 0x0000000088400000, 0x0000000088400000| Untracked 
| 133|0x0000000088500000, 0x0000000088500000, 0x0000000088600000|  0%| F|  |TAMS 0x0000000088500000, 0x0000000088500000| Untracked 
| 134|0x0000000088600000, 0x0000000088600000, 0x0000000088700000|  0%| F|  |TAMS 0x0000000088600000, 0x0000000088600000| Untracked 
| 135|0x0000000088700000, 0x0000000088700000, 0x0000000088800000|  0%| F|  |TAMS 0x0000000088700000, 0x0000000088700000| Untracked 
| 136|0x0000000088800000, 0x0000000088800000, 0x0000000088900000|  0%| F|  |TAMS 0x0000000088800000, 0x0000000088800000| Untracked 
| 137|0x0000000088900000, 0x0000000088900000, 0x0000000088a00000|  0%| F|  |TAMS 0x0000000088900000, 0x0000000088900000| Untracked 
| 138|0x0000000088a00000, 0x0000000088a00000, 0x0000000088b00000|  0%| F|  |TAMS 0x0000000088a00000, 0x0000000088a00000| Untracked 
| 139|0x0000000088b00000, 0x0000000088b00000, 0x0000000088c00000|  0%| F|  |TAMS 0x0000000088b00000, 0x0000000088b00000| Untracked 
| 140|0x0000000088c00000, 0x0000000088c00000, 0x0000000088d00000|  0%| F|  |TAMS 0x0000000088c00000, 0x0000000088c00000| Untracked 
| 141|0x0000000088d00000, 0x0000000088d00000, 0x0000000088e00000|  0%| F|  |TAMS 0x0000000088d00000, 0x0000000088d00000| Untracked 
| 142|0x0000000088e00000, 0x0000000088e00000, 0x0000000088f00000|  0%| F|  |TAMS 0x0000000088e00000, 0x0000000088e00000| Untracked 
| 143|0x0000000088f00000, 0x0000000088f00000, 0x0000000089000000|  0%| F|  |TAMS 0x0000000088f00000, 0x0000000088f00000| Untracked 
| 144|0x0000000089000000, 0x0000000089000000, 0x0000000089100000|  0%| F|  |TAMS 0x0000000089000000, 0x0000000089000000| Untracked 
| 145|0x0000000089100000, 0x0000000089100000, 0x0000000089200000|  0%| F|  |TAMS 0x0000000089100000, 0x0000000089100000| Untracked 
| 146|0x0000000089200000, 0x0000000089200000, 0x0000000089300000|  0%| F|  |TAMS 0x0000000089200000, 0x0000000089200000| Untracked 
| 147|0x0000000089300000, 0x0000000089300000, 0x0000000089400000|  0%| F|  |TAMS 0x0000000089300000, 0x0000000089300000| Untracked 
| 148|0x0000000089400000, 0x00000000894db258, 0x0000000089500000| 85%| S|CS|TAMS 0x0000000089400000, 0x0000000089400000| Complete 
| 149|0x0000000089500000, 0x0000000089500000, 0x0000000089600000|  0%| F|  |TAMS 0x0000000089500000, 0x0000000089500000| Untracked 
| 150|0x0000000089600000, 0x0000000089600000, 0x0000000089700000|  0%| F|  |TAMS 0x0000000089600000, 0x0000000089600000| Untracked 
| 151|0x0000000089700000, 0x0000000089700000, 0x0000000089800000|  0%| F|  |TAMS 0x0000000089700000, 0x0000000089700000| Untracked 

Card table byte_map: [0x0000029a730d0000,0x0000029a734d0000] _byte_map_base: 0x0000029a72cd0000

Marking Bits (Prev, Next): (CMBitMap*) 0x0000029a6053be70, (CMBitMap*) 0x0000029a6053be30
 Prev Bits: [0x0000029a758d0000, 0x0000029a778d0000)
 Next Bits: [0x0000029a738d0000, 0x0000029a758d0000)

Polling page: 0x0000029a5e410000

Metaspace:

Usage:
  Non-class:     75.10 MB used.
      Class:     11.96 MB used.
       Both:     87.06 MB used.

Virtual space:
  Non-class space:       80.00 MB reserved,      75.44 MB ( 94%) committed,  10 nodes.
      Class space:        1.00 GB reserved,      12.25 MB (  1%) committed,  1 nodes.
             Both:        1.08 GB reserved,      87.69 MB (  8%) committed. 

Chunk freelists:
   Non-Class:  461.00 KB
       Class:  3.58 MB
        Both:  4.03 MB

MaxMetaspaceSize: unlimited
CompressedClassSpaceSize: 1.00 GB
Initial GC threshold: 21.00 MB
Current GC threshold: 143.75 MB
CDS: off
MetaspaceReclaimPolicy: balanced
 - commit_granule_bytes: 65536.
 - commit_granule_words: 8192.
 - virtual_space_node_default_size: 1048576.
 - enlarge_chunks_in_place: 1.
 - new_chunks_are_fully_committed: 0.
 - uncommit_free_chunks: 1.
 - use_allocation_guard: 0.
 - handle_deallocations: 1.


Internal statistics:

num_allocs_failed_limit: 9.
num_arena_births: 938.
num_arena_deaths: 0.
num_vsnodes_births: 11.
num_vsnodes_deaths: 0.
num_space_committed: 1402.
num_space_uncommitted: 0.
num_chunks_returned_to_freelist: 9.
num_chunks_taken_from_freelist: 4241.
num_chunk_merges: 9.
num_chunk_splits: 2761.
num_chunks_enlarged: 1800.
num_purges: 0.
num_inconsistent_stats: 0.

CodeHeap 'non-profiled nmethods': size=120000Kb used=5715Kb max_used=5715Kb free=114284Kb
 bounds [0x0000029a6b470000, 0x0000029a6ba10000, 0x0000029a729a0000]
CodeHeap 'profiled nmethods': size=120000Kb used=18111Kb max_used=18111Kb free=101889Kb
 bounds [0x0000029a639a0000, 0x0000029a64b50000, 0x0000029a6aed0000]
CodeHeap 'non-nmethods': size=5760Kb used=2375Kb max_used=2456Kb free=3384Kb
 bounds [0x0000029a6aed0000, 0x0000029a6b140000, 0x0000029a6b470000]
 total_blobs=9961 nmethods=9056 adapters=817
 compilation: enabled
              stopped_count=0, restarted_count=0
 full_count=0

Compilation events (20 events):
Event: 14.494 Thread 0x0000029a7ac3b700 9948       1       org.gradle.api.internal.artifacts.ivyservice.resolveengine.artifact.ArtifactBackedResolvedVariant::getIdentifier (5 bytes)
Event: 14.494 Thread 0x0000029a7ac3b700 nmethod 9948 0x0000029a6b9feb10 code [0x0000029a6b9feca0, 0x0000029a6b9fed78]
Event: 14.502 Thread 0x0000029a7ac3b700 9951       1       java.nio.DirectByteBuffer::base (2 bytes)
Event: 14.502 Thread 0x0000029a7ac3b700 nmethod 9951 0x0000029a6b9ff110 code [0x0000029a6b9ff2a0, 0x0000029a6b9ff378]
Event: 14.502 Thread 0x0000029a7d72d9b0 nmethod 9904 0x0000029a6b9ff410 code [0x0000029a6b9ff660, 0x0000029a6ba00520]
Event: 14.502 Thread 0x0000029a7d72d9b0 9868       4       com.esotericsoftware.kryo.io.Output::writeByte (35 bytes)
Event: 14.503 Thread 0x0000029a7d72d9b0 nmethod 9868 0x0000029a6ba00d90 code [0x0000029a6ba00f20, 0x0000029a6ba01028]
Event: 14.503 Thread 0x0000029a7d72d9b0 9867       4       org.gradle.internal.serialize.kryo.StringDeduplicatingKryoBackedEncoder::writeSmallInt (11 bytes)
Event: 14.504 Thread 0x0000029a7d72d9b0 nmethod 9867 0x0000029a6ba01110 code [0x0000029a6ba012a0, 0x0000029a6ba01368]
Event: 14.504 Thread 0x0000029a7d72d9b0 9810       4       com.esotericsoftware.kryo.io.Input::readBoolean (32 bytes)
Event: 14.505 Thread 0x0000029a7ac3b700 9952       3       org.gradle.internal.instantiation.generator.AsmBackedClassGenerator$$Lambda$781/0x000000010074f178::isSatisfiedBy (8 bytes)
Event: 14.505 Thread 0x0000029a7ac3b700 nmethod 9952 0x0000029a64b4e990 code [0x0000029a64b4eb40, 0x0000029a64b4ee08]
Event: 14.505 Thread 0x0000029a7ac3b700 9953       3       org.gradle.internal.instantiation.generator.AsmBackedClassGenerator::lambda$createForSerialization$0 (10 bytes)
Event: 14.505 Thread 0x0000029a7ac3b700 nmethod 9953 0x0000029a64b4ef10 code [0x0000029a64b4f0c0, 0x0000029a64b4f208]
Event: 14.505 Thread 0x0000029a7ac3b700 9954       3       org.gradle.cache.Cache$$Lambda$73/0x0000000100204e28::apply (9 bytes)
Event: 14.505 Thread 0x0000029a7ac3b700 nmethod 9954 0x0000029a64b4f310 code [0x0000029a64b4f4c0, 0x0000029a64b4f6e8]
Event: 14.506 Thread 0x0000029a7ac3b700 9955       3       org.gradle.cache.Cache::lambda$get$0 (7 bytes)
Event: 14.506 Thread 0x0000029a7ac3b700 nmethod 9955 0x0000029a64b4f810 code [0x0000029a64b4f9c0, 0x0000029a64b4fb68]
Event: 14.509 Thread 0x0000029a7ac3ac60 nmethod 9843 0x0000029a6ba01490 code [0x0000029a6ba017e0, 0x0000029a6ba036e0]
Event: 14.510 Thread 0x0000029a7ac3ac60 9956 %     4       org.gradle.internal.instantiation.generator.AbstractClassGenerator::inspectType @ 250 (560 bytes)

GC Heap History (20 events):
Event: 8.035 GC heap after
{Heap after GC invocations=31 (full 0):
 garbage-first heap   total 134144K, used 61344K [0x0000000080000000, 0x0000000100000000)
  region size 1024K, 1 young (1024K), 1 survivors (1024K)
 Metaspace       used 71421K, committed 71936K, reserved 1114112K
  class space    used 9594K, committed 9792K, reserved 1048576K
}
Event: 8.584 GC heap before
{Heap before GC invocations=31 (full 0):
 garbage-first heap   total 134144K, used 104352K [0x0000000080000000, 0x0000000100000000)
  region size 1024K, 43 young (44032K), 1 survivors (1024K)
 Metaspace       used 74788K, committed 75328K, reserved 1114112K
  class space    used 10205K, committed 10432K, reserved 1048576K
}
Event: 8.587 GC heap after
{Heap after GC invocations=32 (full 0):
 garbage-first heap   total 134144K, used 62816K [0x0000000080000000, 0x0000000100000000)
  region size 1024K, 2 young (2048K), 2 survivors (2048K)
 Metaspace       used 74788K, committed 75328K, reserved 1114112K
  class space    used 10205K, committed 10432K, reserved 1048576K
}
Event: 10.901 GC heap before
{Heap before GC invocations=33 (full 0):
 garbage-first heap   total 134144K, used 106848K [0x0000000080000000, 0x0000000100000000)
  region size 1024K, 45 young (46080K), 2 survivors (2048K)
 Metaspace       used 78206K, committed 78784K, reserved 1122304K
  class space    used 10802K, committed 11072K, reserved 1048576K
}
Event: 10.907 GC heap after
{Heap after GC invocations=34 (full 0):
 garbage-first heap   total 134144K, used 66764K [0x0000000080000000, 0x0000000100000000)
  region size 1024K, 6 young (6144K), 6 survivors (6144K)
 Metaspace       used 78206K, committed 78784K, reserved 1122304K
  class space    used 10802K, committed 11072K, reserved 1048576K
}
Event: 11.526 GC heap before
{Heap before GC invocations=34 (full 0):
 garbage-first heap   total 134144K, used 105676K [0x0000000080000000, 0x0000000100000000)
  region size 1024K, 45 young (46080K), 6 survivors (6144K)
 Metaspace       used 79924K, committed 80512K, reserved 1122304K
  class space    used 10990K, committed 11264K, reserved 1048576K
}
Event: 11.538 GC heap after
{Heap after GC invocations=35 (full 0):
 garbage-first heap   total 134144K, used 70664K [0x0000000080000000, 0x0000000100000000)
  region size 1024K, 5 young (5120K), 5 survivors (5120K)
 Metaspace       used 79924K, committed 80512K, reserved 1122304K
  class space    used 10990K, committed 11264K, reserved 1048576K
}
Event: 12.829 GC heap before
{Heap before GC invocations=36 (full 0):
 garbage-first heap   total 134144K, used 107528K [0x0000000080000000, 0x0000000100000000)
  region size 1024K, 41 young (41984K), 5 survivors (5120K)
 Metaspace       used 82948K, committed 83520K, reserved 1122304K
  class space    used 11489K, committed 11776K, reserved 1048576K
}
Event: 12.836 GC heap after
{Heap after GC invocations=37 (full 0):
 garbage-first heap   total 134144K, used 72805K [0x0000000080000000, 0x0000000100000000)
  region size 1024K, 3 young (3072K), 3 survivors (3072K)
 Metaspace       used 82948K, committed 83520K, reserved 1122304K
  class space    used 11489K, committed 11776K, reserved 1048576K
}
Event: 13.348 GC heap before
{Heap before GC invocations=37 (full 0):
 garbage-first heap   total 134144K, used 108645K [0x0000000080000000, 0x0000000100000000)
  region size 1024K, 38 young (38912K), 3 survivors (3072K)
 Metaspace       used 85880K, committed 86464K, reserved 1130496K
  class space    used 11871K, committed 12160K, reserved 1048576K
}
Event: 13.357 GC heap after
{Heap after GC invocations=38 (full 0):
 garbage-first heap   total 134144K, used 75085K [0x0000000080000000, 0x0000000100000000)
  region size 1024K, 5 young (5120K), 5 survivors (5120K)
 Metaspace       used 85880K, committed 86464K, reserved 1130496K
  class space    used 11871K, committed 12160K, reserved 1048576K
}
Event: 13.914 GC heap before
{Heap before GC invocations=39 (full 0):
 garbage-first heap   total 134144K, used 109901K [0x0000000080000000, 0x0000000100000000)
  region size 1024K, 39 young (39936K), 5 survivors (5120K)
 Metaspace       used 86127K, committed 86784K, reserved 1130496K
  class space    used 11888K, committed 12224K, reserved 1048576K
}
Event: 13.923 GC heap after
{Heap after GC invocations=40 (full 0):
 garbage-first heap   total 134144K, used 80920K [0x0000000080000000, 0x0000000100000000)
  region size 1024K, 5 young (5120K), 5 survivors (5120K)
 Metaspace       used 86127K, committed 86784K, reserved 1130496K
  class space    used 11888K, committed 12224K, reserved 1048576K
}
Event: 13.929 GC heap before
{Heap before GC invocations=40 (full 0):
 garbage-first heap   total 134144K, used 81944K [0x0000000080000000, 0x0000000100000000)
  region size 1024K, 6 young (6144K), 5 survivors (5120K)
 Metaspace       used 86128K, committed 86784K, reserved 1130496K
  class space    used 11888K, committed 12224K, reserved 1048576K
}
Event: 13.938 GC heap after
{Heap after GC invocations=41 (full 0):
 garbage-first heap   total 134144K, used 80885K [0x0000000080000000, 0x0000000100000000)
  region size 1024K, 1 young (1024K), 1 survivors (1024K)
 Metaspace       used 86128K, committed 86784K, reserved 1130496K
  class space    used 11888K, committed 12224K, reserved 1048576K
}
Event: 14.051 GC heap before
{Heap before GC invocations=41 (full 0):
 garbage-first heap   total 134144K, used 86005K [0x0000000080000000, 0x0000000100000000)
  region size 1024K, 8 young (8192K), 1 survivors (1024K)
 Metaspace       used 86626K, committed 87296K, reserved 1130496K
  class space    used 11983K, committed 12288K, reserved 1048576K
}
Event: 14.054 GC heap after
{Heap after GC invocations=42 (full 0):
 garbage-first heap   total 134144K, used 81495K [0x0000000080000000, 0x0000000100000000)
  region size 1024K, 2 young (2048K), 2 survivors (2048K)
 Metaspace       used 86626K, committed 87296K, reserved 1130496K
  class space    used 11983K, committed 12288K, reserved 1048576K
}
Event: 14.441 GC heap before
{Heap before GC invocations=43 (full 0):
 garbage-first heap   total 155648K, used 111191K [0x0000000080000000, 0x0000000100000000)
  region size 1024K, 26 young (26624K), 2 survivors (2048K)
 Metaspace       used 88983K, committed 89664K, reserved 1130496K
  class space    used 12221K, committed 12544K, reserved 1048576K
}
Event: 14.445 GC heap after
{Heap after GC invocations=44 (full 0):
 garbage-first heap   total 155648K, used 83771K [0x0000000080000000, 0x0000000100000000)
  region size 1024K, 4 young (4096K), 4 survivors (4096K)
 Metaspace       used 88983K, committed 89664K, reserved 1130496K
  class space    used 12221K, committed 12544K, reserved 1048576K
}
Event: 14.510 GC heap before
{Heap before GC invocations=44 (full 0):
 garbage-first heap   total 155648K, used 86843K [0x0000000080000000, 0x0000000100000000)
  region size 1024K, 7 young (7168K), 4 survivors (4096K)
 Metaspace       used 89147K, committed 89792K, reserved 1130496K
  class space    used 12249K, committed 12544K, reserved 1048576K
}

Dll operation events (3 events):
Event: 0.005 Loaded shared library C:\Program Files\Android\Android Studio\jbr\bin\java.dll
Event: 0.096 Loaded shared library C:\Program Files\Android\Android Studio\jbr\bin\zip.dll
Event: 0.319 Loaded shared library C:\Program Files\Android\Android Studio\jbr\bin\verify.dll

Deoptimization events (20 events):
Event: 14.349 Thread 0x0000029a7dd31e20 DEOPT PACKING pc=0x0000029a649b295b sp=0x000000dc178f9aa0
Event: 14.349 Thread 0x0000029a7dd31e20 DEOPT UNPACKING pc=0x0000029a6af27143 sp=0x000000dc178f8fc0 mode 0
Event: 14.388 Thread 0x0000029a7dd31e20 Uncommon trap: trap_request=0xffffffde fr.pc=0x0000029a6b9eecdc relative=0x00000000000000bc
Event: 14.388 Thread 0x0000029a7dd31e20 Uncommon trap: reason=class_check action=maybe_recompile pc=0x0000029a6b9eecdc method=org.gradle.api.internal.capabilities.CapabilitiesMetadataInternal.isShadowedCapabilityOnly()Z @ 8 c2
Event: 14.388 Thread 0x0000029a7dd31e20 DEOPT PACKING pc=0x0000029a6b9eecdc sp=0x000000dc178fb180
Event: 14.388 Thread 0x0000029a7dd31e20 DEOPT UNPACKING pc=0x0000029a6af269a3 sp=0x000000dc178fb028 mode 2
Event: 14.388 Thread 0x0000029a7dd31e20 Uncommon trap: trap_request=0xffffffde fr.pc=0x0000029a6b9eecdc relative=0x00000000000000bc
Event: 14.388 Thread 0x0000029a7dd31e20 Uncommon trap: reason=class_check action=maybe_recompile pc=0x0000029a6b9eecdc method=org.gradle.api.internal.capabilities.CapabilitiesMetadataInternal.isShadowedCapabilityOnly()Z @ 8 c2
Event: 14.388 Thread 0x0000029a7dd31e20 DEOPT PACKING pc=0x0000029a6b9eecdc sp=0x000000dc178fb180
Event: 14.388 Thread 0x0000029a7dd31e20 DEOPT UNPACKING pc=0x0000029a6af269a3 sp=0x000000dc178fb028 mode 2
Event: 14.388 Thread 0x0000029a7dd31e20 Uncommon trap: trap_request=0xffffffde fr.pc=0x0000029a6b9eecdc relative=0x00000000000000bc
Event: 14.388 Thread 0x0000029a7dd31e20 Uncommon trap: reason=class_check action=maybe_recompile pc=0x0000029a6b9eecdc method=org.gradle.api.internal.capabilities.CapabilitiesMetadataInternal.isShadowedCapabilityOnly()Z @ 8 c2
Event: 14.388 Thread 0x0000029a7dd31e20 DEOPT PACKING pc=0x0000029a6b9eecdc sp=0x000000dc178fb180
Event: 14.388 Thread 0x0000029a7dd31e20 DEOPT UNPACKING pc=0x0000029a6af269a3 sp=0x000000dc178fb028 mode 2
Event: 14.388 Thread 0x0000029a7dd31e20 Uncommon trap: trap_request=0xffffffde fr.pc=0x0000029a6b9eecdc relative=0x00000000000000bc
Event: 14.388 Thread 0x0000029a7dd31e20 Uncommon trap: reason=class_check action=maybe_recompile pc=0x0000029a6b9eecdc method=org.gradle.api.internal.capabilities.CapabilitiesMetadataInternal.isShadowedCapabilityOnly()Z @ 8 c2
Event: 14.388 Thread 0x0000029a7dd31e20 DEOPT PACKING pc=0x0000029a6b9eecdc sp=0x000000dc178fb180
Event: 14.388 Thread 0x0000029a7dd31e20 DEOPT UNPACKING pc=0x0000029a6af269a3 sp=0x000000dc178fb028 mode 2
Event: 14.437 Thread 0x0000029a7dd31e20 DEOPT PACKING pc=0x0000029a649b295b sp=0x000000dc178f99b0
Event: 14.437 Thread 0x0000029a7dd31e20 DEOPT UNPACKING pc=0x0000029a6af27143 sp=0x000000dc178f8ed0 mode 0

Classes unloaded (0 events):
No events

Classes redefined (0 events):
No events

Internal exceptions (20 events):
Event: 13.928 Thread 0x0000029a7dd31950 Exception <a 'java/lang/ClassNotFoundException'{0x00000000882e25b8}: com/android/build/gradle/internal/tasks/ListingFileRedirectTaskBeanInfo> (0x00000000882e25b8) 
thrown [s\src\hotspot\share\classfile\systemDictionary.cpp, line 256]
Event: 13.929 Thread 0x0000029a7dd31950 Exception <a 'java/lang/ClassNotFoundException'{0x00000000882ee828}: com/android/build/gradle/internal/tasks/ListingFileRedirectTaskCustomizer> (0x00000000882ee828) 
thrown [s\src\hotspot\share\classfile\systemDictionary.cpp, line 256]
Event: 13.940 Thread 0x0000029a7dd31950 Exception <a 'java/lang/ClassNotFoundException'{0x000000008823da40}: com/android/build/gradle/internal/tasks/ListingFileRedirectTask_DecoratedCustomizer> (0x000000008823da40) 
thrown [s\src\hotspot\share\classfile\systemDictionary.cpp, line 256]
Event: 13.954 Thread 0x0000029a7dd31950 Implicit null exception at 0x0000029a6b945cce to 0x0000029a6b946690
Event: 13.954 Thread 0x0000029a7dd31950 Implicit null exception at 0x0000029a6b945cce to 0x0000029a6b946690
Event: 14.008 Thread 0x0000029a7c5f66e0 Exception <a 'java/lang/IncompatibleClassChangeError'{0x0000000087d09948}: Found class java.lang.Object, but interface was expected> (0x0000000087d09948) 
thrown [s\src\hotspot\share\interpreter\linkResolver.cpp, line 838]
Event: 14.029 Thread 0x0000029a7c5f66e0 Exception <a 'java/lang/NoSuchMethodError'{0x0000000087c091e8}: 'int java.lang.invoke.DirectMethodHandle$Holder.invokeStaticInit(java.lang.Object, java.lang.Object, java.lang.Object, java.lang.Object, java.lang.Object)'> (0x0000000087c091e8) 
thrown [s\src\hotspot\share\interpreter\linkResolver.cpp, line 771]
Event: 14.090 Thread 0x0000029a7c5f66e0 Exception <a 'sun/nio/fs/WindowsException'{0x00000000881318e0}> (0x00000000881318e0) 
thrown [s\src\hotspot\share\prims\jni.cpp, line 517]
Event: 14.090 Thread 0x0000029a7c5f66e0 Exception <a 'sun/nio/fs/WindowsException'{0x00000000881371b8}> (0x00000000881371b8) 
thrown [s\src\hotspot\share\prims\jni.cpp, line 517]
Event: 14.090 Thread 0x0000029a7c5f66e0 Exception <a 'sun/nio/fs/WindowsException'{0x0000000088137248}> (0x0000000088137248) 
thrown [s\src\hotspot\share\prims\jni.cpp, line 517]
Event: 14.090 Thread 0x0000029a7c5f66e0 Exception <a 'sun/nio/fs/WindowsException'{0x0000000088137648}> (0x0000000088137648) 
thrown [s\src\hotspot\share\prims\jni.cpp, line 517]
Event: 14.225 Thread 0x0000029a7c5f66e0 Exception <a 'sun/nio/fs/WindowsException'{0x00000000892e46e0}> (0x00000000892e46e0) 
thrown [s\src\hotspot\share\prims\jni.cpp, line 517]
Event: 14.232 Thread 0x0000029a014aac30 Exception <a 'java/lang/NoSuchMethodError'{0x0000000089184bc0}: static Lorg/gradle/internal/build/event/types/DefaultTaskSkippedResult;.<clinit>()V> (0x0000000089184bc0) 
thrown [s\src\hotspot\share\prims\jni.cpp, line 1108]
Event: 14.253 Thread 0x0000029a7c5f66e0 Exception <a 'sun/nio/fs/WindowsException'{0x000000008902f3d0}> (0x000000008902f3d0) 
thrown [s\src\hotspot\share\prims\jni.cpp, line 517]
Event: 14.253 Thread 0x0000029a7c5f66e0 Exception <a 'sun/nio/fs/WindowsException'{0x0000000089030548}> (0x0000000089030548) 
thrown [s\src\hotspot\share\prims\jni.cpp, line 517]
Event: 14.253 Thread 0x0000029a7c5f66e0 Exception <a 'sun/nio/fs/WindowsException'{0x00000000890305d8}> (0x00000000890305d8) 
thrown [s\src\hotspot\share\prims\jni.cpp, line 517]
Event: 14.253 Thread 0x0000029a7c5f66e0 Exception <a 'sun/nio/fs/WindowsException'{0x0000000089030a48}> (0x0000000089030a48) 
thrown [s\src\hotspot\share\prims\jni.cpp, line 517]
Event: 14.272 Thread 0x0000029a7c5f66e0 Exception <a 'java/lang/NoSuchMethodError'{0x0000000088f52cd8}: static Lcom/android/build/gradle/tasks/SerializableArtifact;.<clinit>()V> (0x0000000088f52cd8) 
thrown [s\src\hotspot\share\prims\jni.cpp, line 1108]
Event: 14.292 Thread 0x0000029a022a7b90 Exception <a 'sun/nio/fs/WindowsException'{0x0000000088e5c868}> (0x0000000088e5c868) 
thrown [s\src\hotspot\share\prims\jni.cpp, line 517]
Event: 14.499 Thread 0x0000029a7dd31e20 Exception <a 'java/lang/NoSuchMethodError'{0x000000008957ec40}: 'void java.lang.invoke.DirectMethodHandle$Holder.invokeStatic(java.lang.Object, java.lang.Object, java.lang.Object, java.lang.Object, int, java.lang.Object, java.lang.Object)'> (0x000000008957ec40) 
thrown [s\src\hotspot\share\interpreter\linkResolver.cpp, line 771]

VM Operations (20 events):
Event: 13.507 Executing VM operation: G1Concurrent done
Event: 13.914 Executing VM operation: G1CollectForAllocation
Event: 13.923 Executing VM operation: G1CollectForAllocation done
Event: 13.929 Executing VM operation: G1CollectForAllocation
Event: 13.938 Executing VM operation: G1CollectForAllocation done
Event: 14.016 Executing VM operation: HandshakeAllThreads
Event: 14.016 Executing VM operation: HandshakeAllThreads done
Event: 14.051 Executing VM operation: G1TryInitiateConcMark
Event: 14.054 Executing VM operation: G1TryInitiateConcMark done
Event: 14.128 Executing VM operation: G1Concurrent
Event: 14.133 Executing VM operation: G1Concurrent done
Event: 14.171 Executing VM operation: G1Concurrent
Event: 14.171 Executing VM operation: G1Concurrent done
Event: 14.255 Executing VM operation: HandshakeAllThreads
Event: 14.255 Executing VM operation: HandshakeAllThreads done
Event: 14.419 Executing VM operation: ICBufferFull
Event: 14.419 Executing VM operation: ICBufferFull done
Event: 14.441 Executing VM operation: G1CollectForAllocation
Event: 14.445 Executing VM operation: G1CollectForAllocation done
Event: 14.510 Executing VM operation: G1CollectForAllocation

Events (20 events):
Event: 13.955 Thread 0x0000029a7c5f8d60 Thread added: 0x0000029a7c5f8d60
Event: 13.955 Thread 0x0000029a7c5f9230 Thread added: 0x0000029a7c5f9230
Event: 13.955 Thread 0x0000029a7c5f9700 Thread added: 0x0000029a7c5f9700
Event: 13.955 Thread 0x0000029a7dd31e20 Thread added: 0x0000029a7dd31e20
Event: 13.955 Thread 0x0000029a7dd2f7a0 Thread added: 0x0000029a7dd2f7a0
Event: 13.955 Thread 0x0000029a7dd30610 Thread added: 0x0000029a7dd30610
Event: 13.958 Thread 0x0000029a7dd31480 Thread added: 0x0000029a7dd31480
Event: 14.087 loading class java/time/Clock
Event: 14.087 loading class java/time/InstantSource
Event: 14.087 loading class java/time/InstantSource done
Event: 14.087 loading class java/time/Clock done
Event: 14.087 loading class java/time/Clock$SystemClock
Event: 14.088 loading class java/time/Clock$SystemClock done
Event: 14.116 loading class java/nio/charset/UnsupportedCharsetException
Event: 14.116 loading class java/nio/charset/UnsupportedCharsetException done
Event: 14.162 loading class jdk/internal/access/foreign/MemorySegmentProxy
Event: 14.162 loading class jdk/internal/access/foreign/MemorySegmentProxy done
Event: 14.246 Thread 0x0000029a7dd327c0 Thread added: 0x0000029a7dd327c0
Event: 14.246 Thread 0x0000029a022abef0 Thread added: 0x0000029a022abef0
Event: 14.275 Thread 0x0000029a022a7b90 Thread added: 0x0000029a022a7b90


Dynamic libraries:
0x00007ff6cd8e0000 - 0x00007ff6cd8ea000 	C:\Program Files\Android\Android Studio\jbr\bin\java.exe
0x00007ff8cd950000 - 0x00007ff8cdb67000 	C:\WINDOWS\SYSTEM32\ntdll.dll
0x00007ff8cc990000 - 0x00007ff8cca54000 	C:\WINDOWS\System32\KERNEL32.DLL
0x00007ff8cb1c0000 - 0x00007ff8cb579000 	C:\WINDOWS\System32\KERNELBASE.dll
0x00007ff8cad40000 - 0x00007ff8cae51000 	C:\WINDOWS\System32\ucrtbase.dll
0x00007ff8a5300000 - 0x00007ff8a5317000 	C:\Program Files\Android\Android Studio\jbr\bin\jli.dll
0x00007ff8c6970000 - 0x00007ff8c698b000 	C:\Program Files\Android\Android Studio\jbr\bin\VCRUNTIME140.dll
0x00007ff8cce30000 - 0x00007ff8ccfde000 	C:\WINDOWS\System32\USER32.dll
0x00007ff8cb580000 - 0x00007ff8cb5a6000 	C:\WINDOWS\System32\win32u.dll
0x00007ff8b86a0000 - 0x00007ff8b8932000 	C:\WINDOWS\WinSxS\amd64_microsoft.windows.common-controls_6595b64144ccf1df_6.0.22621.4391_none_2715d37f73803e96\COMCTL32.dll
0x00007ff8cc230000 - 0x00007ff8cc259000 	C:\WINDOWS\System32\GDI32.dll
0x00007ff8ccd00000 - 0x00007ff8ccda7000 	C:\WINDOWS\System32\msvcrt.dll
0x00007ff8cb070000 - 0x00007ff8cb18b000 	C:\WINDOWS\System32\gdi32full.dll
0x00007ff8cae60000 - 0x00007ff8caefa000 	C:\WINDOWS\System32\msvcp_win.dll
0x00007ff8cc160000 - 0x00007ff8cc191000 	C:\WINDOWS\System32\IMM32.DLL
0x00007ff8c6680000 - 0x00007ff8c668c000 	C:\Program Files\Android\Android Studio\jbr\bin\vcruntime140_1.dll
0x00007ff8a62d0000 - 0x00007ff8a635d000 	C:\Program Files\Android\Android Studio\jbr\bin\msvcp140.dll
0x00007ff87a510000 - 0x00007ff87b17e000 	C:\Program Files\Android\Android Studio\jbr\bin\server\jvm.dll
0x00007ff8cc670000 - 0x00007ff8cc722000 	C:\WINDOWS\System32\ADVAPI32.dll
0x00007ff8cbb50000 - 0x00007ff8cbbf7000 	C:\WINDOWS\System32\sechost.dll
0x00007ff8cb190000 - 0x00007ff8cb1b8000 	C:\WINDOWS\System32\bcrypt.dll
0x00007ff8cc430000 - 0x00007ff8cc544000 	C:\WINDOWS\System32\RPCRT4.dll
0x00007ff8aad90000 - 0x00007ff8aad99000 	C:\WINDOWS\SYSTEM32\WSOCK32.dll
0x00007ff8c5c70000 - 0x00007ff8c5c7a000 	C:\WINDOWS\SYSTEM32\VERSION.dll
0x00007ff8c5cf0000 - 0x00007ff8c5d24000 	C:\WINDOWS\SYSTEM32\WINMM.dll
0x00007ff8cc730000 - 0x00007ff8cc7a1000 	C:\WINDOWS\System32\WS2_32.dll
0x00007ff8c9d40000 - 0x00007ff8c9d58000 	C:\WINDOWS\SYSTEM32\kernel.appcore.dll
0x00007ff8aaa20000 - 0x00007ff8aaa2a000 	C:\Program Files\Android\Android Studio\jbr\bin\jimage.dll
0x00007ff8c4290000 - 0x00007ff8c44c2000 	C:\WINDOWS\SYSTEM32\DBGHELP.DLL
0x00007ff8cbd80000 - 0x00007ff8cc10f000 	C:\WINDOWS\System32\combase.dll
0x00007ff8ccc10000 - 0x00007ff8ccce7000 	C:\WINDOWS\System32\OLEAUT32.dll
0x00007ff8a7180000 - 0x00007ff8a71b2000 	C:\WINDOWS\SYSTEM32\dbgcore.DLL
0x00007ff8cac50000 - 0x00007ff8caccb000 	C:\WINDOWS\System32\bcryptPrimitives.dll
0x00007ff8a5d20000 - 0x00007ff8a5d2e000 	C:\Program Files\Android\Android Studio\jbr\bin\instrument.dll
0x00007ff8a68c0000 - 0x00007ff8a68e5000 	C:\Program Files\Android\Android Studio\jbr\bin\java.dll
0x00007ff8a6280000 - 0x00007ff8a6298000 	C:\Program Files\Android\Android Studio\jbr\bin\zip.dll
0x00007ff8cd090000 - 0x00007ff8cd906000 	C:\WINDOWS\System32\SHELL32.dll
0x00007ff8c8b10000 - 0x00007ff8c9413000 	C:\WINDOWS\SYSTEM32\windows.storage.dll
0x00007ff8c89d0000 - 0x00007ff8c8b0f000 	C:\WINDOWS\SYSTEM32\wintypes.dll
0x00007ff8cc550000 - 0x00007ff8cc649000 	C:\WINDOWS\System32\SHCORE.dll
0x00007ff8cc810000 - 0x00007ff8cc86e000 	C:\WINDOWS\System32\shlwapi.dll
0x00007ff8cab80000 - 0x00007ff8cabab000 	C:\WINDOWS\SYSTEM32\profapi.dll
0x00007ff8a5ec0000 - 0x00007ff8a5ed9000 	C:\Program Files\Android\Android Studio\jbr\bin\net.dll
0x00007ff8c4ac0000 - 0x00007ff8c4bf6000 	C:\WINDOWS\SYSTEM32\WINHTTP.dll
0x00007ff8ca1c0000 - 0x00007ff8ca229000 	C:\WINDOWS\system32\mswsock.dll
0x00007ff8a5d30000 - 0x00007ff8a5d46000 	C:\Program Files\Android\Android Studio\jbr\bin\nio.dll
0x00007ff8a7140000 - 0x00007ff8a7150000 	C:\Program Files\Android\Android Studio\jbr\bin\verify.dll
0x00007ff8c5980000 - 0x00007ff8c59a7000 	C:\Users\scher\.gradle\native\68d5fa5c4cc2d200863cafc0d521ce42e7d3e7ee720ec0a83991735586a16f82\windows-amd64\native-platform.dll
0x00007ff8a20d0000 - 0x00007ff8a2214000 	C:\Users\scher\.gradle\native\e376f236ea51e6404a007f0833ffe2c6e607c4080706a723a18a27aeea778392\windows-amd64\native-platform-file-events.dll
0x00007ff8a6e10000 - 0x00007ff8a6e19000 	C:\Program Files\Android\Android Studio\jbr\bin\management.dll
0x00007ff8a6cc0000 - 0x00007ff8a6ccb000 	C:\Program Files\Android\Android Studio\jbr\bin\management_ext.dll
0x00007ff8cccf0000 - 0x00007ff8cccf8000 	C:\WINDOWS\System32\PSAPI.DLL
0x00007ff8ca3f0000 - 0x00007ff8ca40b000 	C:\WINDOWS\SYSTEM32\CRYPTSP.dll
0x00007ff8c9ca0000 - 0x00007ff8c9cd5000 	C:\WINDOWS\system32\rsaenh.dll
0x00007ff8ca280000 - 0x00007ff8ca2a8000 	C:\WINDOWS\SYSTEM32\USERENV.dll
0x00007ff8ca410000 - 0x00007ff8ca41c000 	C:\WINDOWS\SYSTEM32\CRYPTBASE.dll
0x00007ff8c96c0000 - 0x00007ff8c96ed000 	C:\WINDOWS\SYSTEM32\IPHLPAPI.DLL
0x00007ff8cc870000 - 0x00007ff8cc879000 	C:\WINDOWS\System32\NSI.dll
0x00007ff8c5090000 - 0x00007ff8c50a9000 	C:\WINDOWS\SYSTEM32\dhcpcsvc6.DLL
0x00007ff8c35b0000 - 0x00007ff8c35cf000 	C:\WINDOWS\SYSTEM32\dhcpcsvc.DLL
0x00007ff8c9740000 - 0x00007ff8c9842000 	C:\WINDOWS\SYSTEM32\DNSAPI.dll
0x00007ff8a5eb0000 - 0x00007ff8a5eb8000 	C:\WINDOWS\system32\wshunix.dll

dbghelp: loaded successfully - version: 4.0.5 - missing functions: none
symbol engine: initialized successfully - sym options: 0x614 - pdb path: .;C:\Program Files\Android\Android Studio\jbr\bin;C:\WINDOWS\SYSTEM32;C:\WINDOWS\WinSxS\amd64_microsoft.windows.common-controls_6595b64144ccf1df_6.0.22621.4391_none_2715d37f73803e96;C:\Program Files\Android\Android Studio\jbr\bin\server;C:\Users\scher\.gradle\native\68d5fa5c4cc2d200863cafc0d521ce42e7d3e7ee720ec0a83991735586a16f82\windows-amd64;C:\Users\scher\.gradle\native\e376f236ea51e6404a007f0833ffe2c6e607c4080706a723a18a27aeea778392\windows-amd64

VM Arguments:
jvm_args: --add-opens=java.base/java.util=ALL-UNNAMED --add-opens=java.base/java.lang=ALL-UNNAMED --add-opens=java.base/java.lang.invoke=ALL-UNNAMED --add-opens=java.prefs/java.util.prefs=ALL-UNNAMED --add-opens=java.base/java.nio.charset=ALL-UNNAMED --add-opens=java.base/java.net=ALL-UNNAMED --add-opens=java.base/java.util.concurrent.atomic=ALL-UNNAMED -Xmx2048m -Dfile.encoding=UTF-8 -Duser.country=BR -Duser.language=pt -Duser.variant -javaagent:C:\Users\scher\.gradle\wrapper\dists\gradle-8.1-bin\2eyty4r6kz6fpakefpk52nbbm\gradle-8.1\lib\agents\gradle-instrumentation-agent-8.1.jar 
java_command: org.gradle.launcher.daemon.bootstrap.GradleDaemon 8.1
java_class_path (initial): C:\Users\scher\.gradle\wrapper\dists\gradle-8.1-bin\2eyty4r6kz6fpakefpk52nbbm\gradle-8.1\lib\gradle-launcher-8.1.jar
Launcher Type: SUN_STANDARD

[Global flags]
     intx CICompilerCount                          = 4                                         {product} {ergonomic}
     uint ConcGCThreads                            = 2                                         {product} {ergonomic}
     uint G1ConcRefinementThreads                  = 8                                         {product} {ergonomic}
   size_t G1HeapRegionSize                         = 1048576                                   {product} {ergonomic}
    uintx GCDrainStackTargetSize                   = 64                                        {product} {ergonomic}
   size_t InitialHeapSize                          = 134217728                                 {product} {ergonomic}
   size_t MarkStackSize                            = 4194304                                   {product} {ergonomic}
   size_t MaxHeapSize                              = 2147483648                                {product} {command line}
   size_t MaxNewSize                               = 1287651328                                {product} {ergonomic}
   size_t MinHeapDeltaBytes                        = 1048576                                   {product} {ergonomic}
   size_t MinHeapSize                              = 8388608                                   {product} {ergonomic}
    uintx NonNMethodCodeHeapSize                   = 5839372                                {pd product} {ergonomic}
    uintx NonProfiledCodeHeapSize                  = 122909434                              {pd product} {ergonomic}
    uintx ProfiledCodeHeapSize                     = 122909434                              {pd product} {ergonomic}
    uintx ReservedCodeCacheSize                    = 251658240                              {pd product} {ergonomic}
     bool SegmentedCodeCache                       = true                                      {product} {ergonomic}
   size_t SoftMaxHeapSize                          = 2147483648                             {manageable} {ergonomic}
     bool UseCompressedClassPointers               = true                           {product lp64_product} {ergonomic}
     bool UseCompressedOops                        = true                           {product lp64_product} {ergonomic}
     bool UseG1GC                                  = true                                      {product} {ergonomic}
     bool UseLargePagesIndividualAllocation        = false                                  {pd product} {ergonomic}

Logging:
Log output configuration:
 #0: stdout all=warning uptime,level,tags
 #1: stderr all=off uptime,level,tags

Environment Variables:
PATH=C:\Program Files\Common Files\Oracle\Java\javapath;C:\Program Files (x86)\Embarcadero\Studio\22.0\bin;C:\Users\Public\Documents\Embarcadero\Studio\22.0\Bpl;C:\Program Files (x86)\Embarcadero\Studio\22.0\bin64;C:\Users\Public\Documents\Embarcadero\Studio\22.0\Bpl\Win64;C:\Program Files (x86)\Embarcadero\Studio\21.0\bin;C:\Users\Public\Documents\Embarcadero\Studio\21.0\Bpl;C:\Program Files (x86)\Embarcadero\Studio\21.0\bin64;C:\Users\Public\Documents\Embarcadero\Studio\21.0\Bpl\Win64;C:\Windows\system32;C:\Windows;C:\Windows\System32\Wbem;C:\Windows\System32\WindowsPowerShell\v1.0\;C:\Windows\System32\OpenSSH\;C:\Program Files (x86)\NVIDIA Corporation\PhysX\Common;C:\Program Files\NVIDIA Corporation\NVIDIA NvDLISR;C:\WINDOWS\system32;C:\WINDOWS;C:\WINDOWS\System32\Wbem;C:\WINDOWS\System32\WindowsPowerShell\v1.0\;C:\WINDOWS\System32\OpenSSH\;C:\Program Files\dotnet\;C:\Program Files (x86)\Windows Kits\10\Windows Performance Toolkit\;C:\Program Files\Git\cmd;C:\Users\scher\AppData\Local\Microsoft\WindowsApps;;C:\Users\scher\AppData\Local\Programs\Microsoft VS Code\bin
USERNAME=scher
OS=Windows_NT
PROCESSOR_IDENTIFIER=Intel64 Family 6 Model 142 Stepping 12, GenuineIntel
TMP=C:\Users\scher\AppData\Local\Temp
TEMP=C:\Users\scher\AppData\Local\Temp


JNI global refs:
JNI global refs: 27, weak refs: 10

JNI global refs memory usage: 843, weak refs: 841


---------------  S Y S T E M  ---------------

OS:
 Windows 11 , 64 bit Build 22621 (10.0.22621.4391)
OS uptime: 0 days 4:40 hours
Hyper-V role detected

CPU: total 8 (initial active 8) (4 cores per cpu, 2 threads per core) family 6 model 142 stepping 12 microcode 0xea, cx8, cmov, fxsr, ht, mmx, 3dnowpref, sse, sse2, sse3, ssse3, sse4.1, sse4.2, popcnt, lzcnt, tsc, tscinvbit, avx, avx2, aes, erms, clmul, bmi1, bmi2, adx, fma, vzeroupper, clflush, clflushopt, hv

Memory: 4k page, system-wide physical 8072M (481M free)
TotalPageFile size 10120M (AvailPageFile size 150M)
current process WorkingSet (physical memory assigned to process): 399M, peak: 399M
current process commit charge ("private bytes"): 432M, peak: 647M

vm_info: OpenJDK 64-Bit Server VM (17.0.6+0-b2043.56-10027231) for windows-amd64 JRE (17.0.6+0-b2043.56-10027231), built on Apr 28 2023 00:43:19 by "androidbuild" with MS VC++ 16.10 / 16.11 (VS2019)

END.
