#
# There is insufficient memory for the Java Runtime Environment to continue.
# Native memory allocation (mmap) failed to map 169869312 bytes for G1 virtual space
# Possible reasons:
#   The system is out of physical RAM or swap space
#   The process is running with CompressedOops enabled, and the Java Heap may be blocking the growth of the native heap
# Possible solutions:
#   Reduce memory load on the system
#   Increase physical memory or swap space
#   Check if swap backing store is full
#   Decrease Java heap size (-Xmx/-Xms)
#   Decrease number of Java threads
#   Decrease Java thread stack sizes (-Xss)
#   Set larger code cache with -XX:ReservedCodeCacheSize=
#   JVM is running with Unscaled Compressed Oops mode in which the Java heap is
#     placed in the first 4GB address space. The Java Heap base address is the
#     maximum limit for the native heap growth. Please use -XX:HeapBaseMinAddress
#     to set the Java Heap base and to place the Java Heap above 4GB virtual address.
# This output file may be truncated or incomplete.
#
#  Out of Memory Error (os_windows.cpp:3769), pid=13200, tid=5448
#
# JRE version: OpenJDK Runtime Environment (17.0.6) (build 17.0.6+0-b2043.56-10027231)
# Java VM: OpenJDK 64-Bit Server VM (17.0.6+0-b2043.56-10027231, mixed mode, tiered, compressed oops, compressed class ptrs, g1 gc, windows-amd64)
# No core dump will be written. Minidumps are not enabled by default on client versions of Windows
#

---------------  S U M M A R Y ------------

Command Line: --add-opens=java.base/java.util=ALL-UNNAMED --add-opens=java.base/java.lang=ALL-UNNAMED --add-opens=java.base/java.lang.invoke=ALL-UNNAMED --add-opens=java.prefs/java.util.prefs=ALL-UNNAMED --add-opens=java.base/java.nio.charset=ALL-UNNAMED --add-opens=java.base/java.net=ALL-UNNAMED --add-opens=java.base/java.util.concurrent.atomic=ALL-UNNAMED -Xmx2048m -Dfile.encoding=UTF-8 -Duser.country=BR -Duser.language=pt -Duser.variant -javaagent:C:\Users\scher\.gradle\wrapper\dists\gradle-8.1-bin\2eyty4r6kz6fpakefpk52nbbm\gradle-8.1\lib\agents\gradle-instrumentation-agent-8.1.jar org.gradle.launcher.daemon.bootstrap.GradleDaemon 8.1

Host: Intel(R) Core(TM) i7-8565U CPU @ 1.80GHz, 8 cores, 7G,  Windows 11 , 64 bit Build 22621 (10.0.22621.4391)
Time: Sat Dec  7 01:00:48 2024 Hora oficial do Brasil elapsed time: 12.096603 seconds (0d 0h 0m 12s)

---------------  T H R E A D  ---------------

Current thread (0x000002aaff016620):  VMThread "VM Thread" [stack: 0x000000b346300000,0x000000b346400000] [id=5448]

Stack: [0x000000b346300000,0x000000b346400000]
Native frames: (J=compiled Java code, j=interpreted, Vv=VM code, C=native code)
V  [jvm.dll+0x683c9a]
V  [jvm.dll+0x8427a4]
V  [jvm.dll+0x843f9e]
V  [jvm.dll+0x844603]
V  [jvm.dll+0x249b75]
V  [jvm.dll+0x680b69]
V  [jvm.dll+0x67505a]
V  [jvm.dll+0x309acb]
V  [jvm.dll+0x310f86]
V  [jvm.dll+0x3608ee]
V  [jvm.dll+0x360b1f]
V  [jvm.dll+0x2dfbf8]
V  [jvm.dll+0x2ddec4]
V  [jvm.dll+0x2dd4cc]
V  [jvm.dll+0x321f3b]
V  [jvm.dll+0x848ccb]
V  [jvm.dll+0x849a04]
V  [jvm.dll+0x849f1d]
V  [jvm.dll+0x84a2f4]
V  [jvm.dll+0x84a3c0]
V  [jvm.dll+0x7f274a]
V  [jvm.dll+0x682ad5]
C  [ucrtbase.dll+0x29333]
C  [KERNEL32.DLL+0x1259d]
C  [ntdll.dll+0x5af38]

VM_Operation (0x000000b34adfcc40): G1CollectForAllocation, mode: safepoint, requested by thread 0x000002aa82ce1090


---------------  P R O C E S S  ---------------

Threads class SMR info:
_java_thread_list=0x000002aa87e4aac0, length=93, elements={
0x000002aae494fd70, 0x000002aaff016b40, 0x000002aaff0178c0, 0x000002aaff0652a0,
0x000002aaff065c60, 0x000002aaff068530, 0x000002aaff068df0, 0x000002aaff069a90,
0x000002aaff06a440, 0x000002aaff06cd50, 0x000002aaff14a350, 0x000002aaff283a50,
0x000002aaff283f20, 0x000002aa81b73990, 0x000002aa82314020, 0x000002aa82c49d60,
0x000002aa81a96020, 0x000002aa807eb750, 0x000002aa82208720, 0x000002aa82208bf0,
0x000002aa80f6d7a0, 0x000002aa80f6a2b0, 0x000002aa80f6ac50, 0x000002aa80f6a780,
0x000002aa80f6b120, 0x000002aa80f6dc70, 0x000002aa80f6ce00, 0x000002aa80f6b5f0,
0x000002aa80f6bac0, 0x000002aa80f6bf90, 0x000002aa80f6d2d0, 0x000002aa80f6c460,
0x000002aa80f6c930, 0x000002aa849fd630, 0x000002aa849fbe20, 0x000002aa849fa610,
0x000002aa849faae0, 0x000002aa849fafb0, 0x000002aa849fb480, 0x000002aa849fdb00,
0x000002aa849fc2f0, 0x000002aa849fb950, 0x000002aa849fcc90, 0x000002aa84a00650,
0x000002aa849fd160, 0x000002aa849f97a0, 0x000002aa849fee40, 0x000002aa849ff7e0,
0x000002aa849fe4a0, 0x000002aa84a00b20, 0x000002aa849f92d0, 0x000002aa849ff310,
0x000002aa849ffcb0, 0x000002aa82cde070, 0x000002aa82ce0220, 0x000002aa82cde540,
0x000002aa82cdf3b0, 0x000002aa82ce06f0, 0x000002aa82cdf880, 0x000002aa82ce0bc0,
0x000002aa82ce1a30, 0x000002aa82ce1090, 0x000002aa82ce1560, 0x000002aa87edb6d0,
0x000002aa87edc540, 0x000002aa87eda390, 0x000002aa87edca10, 0x000002aa87edf090,
0x000002aa87ede6f0, 0x000002aa87edcee0, 0x000002aa87eddd50, 0x000002aa8494d0e0,
0x000002aa8494c740, 0x000002aa8494b8d0, 0x000002aa8494c270, 0x000002aa8494cc10,
0x000002aa8494bda0, 0x000002aa81e034b0, 0x000002aa87edad30, 0x000002aa84fdf090,
0x000002aa84fe1710, 0x000002aa84fdebc0, 0x000002aa84fdf560, 0x000002aa84fe08a0,
0x000002aa84fe2580, 0x000002aa84fe0d70, 0x000002aa82ab1d30, 0x000002aa87eda860,
0x000002aa87edb200, 0x000002aa87ed81e0, 0x000002aa87edbba0, 0x000002aa87ed6870,
0x000002aa87ed5060
}
_to_delete_list=0x000002aa87e4a9d0, length=92, elements={
0x000002aae494fd70, 0x000002aaff016b40, 0x000002aaff0178c0, 0x000002aaff0652a0,
0x000002aaff065c60, 0x000002aaff068530, 0x000002aaff068df0, 0x000002aaff069a90,
0x000002aaff06a440, 0x000002aaff06cd50, 0x000002aaff14a350, 0x000002aaff283a50,
0x000002aaff283f20, 0x000002aa81b73990, 0x000002aa82314020, 0x000002aa82c49d60,
0x000002aa81a96020, 0x000002aa807eb750, 0x000002aa82208720, 0x000002aa82208bf0,
0x000002aa80f6d7a0, 0x000002aa80f6a2b0, 0x000002aa80f6ac50, 0x000002aa80f6a780,
0x000002aa80f6b120, 0x000002aa80f6dc70, 0x000002aa80f6ce00, 0x000002aa80f6b5f0,
0x000002aa80f6bac0, 0x000002aa80f6bf90, 0x000002aa80f6d2d0, 0x000002aa80f6c460,
0x000002aa80f6c930, 0x000002aa849fd630, 0x000002aa849fbe20, 0x000002aa849fa610,
0x000002aa849faae0, 0x000002aa849fafb0, 0x000002aa849fb480, 0x000002aa849fdb00,
0x000002aa849fc2f0, 0x000002aa849fb950, 0x000002aa849fcc90, 0x000002aa84a00650,
0x000002aa849fd160, 0x000002aa849f97a0, 0x000002aa849fee40, 0x000002aa849ff7e0,
0x000002aa849fe4a0, 0x000002aa84a00b20, 0x000002aa849f92d0, 0x000002aa849ff310,
0x000002aa849ffcb0, 0x000002aa82cde070, 0x000002aa82ce0220, 0x000002aa82cde540,
0x000002aa82cdf3b0, 0x000002aa82ce06f0, 0x000002aa82cdf880, 0x000002aa82ce0bc0,
0x000002aa82ce1a30, 0x000002aa82ce1090, 0x000002aa82ce1560, 0x000002aa87edb6d0,
0x000002aa87edc540, 0x000002aa87eda390, 0x000002aa87edca10, 0x000002aa87edf090,
0x000002aa87ede6f0, 0x000002aa87edcee0, 0x000002aa87eddd50, 0x000002aa8494d0e0,
0x000002aa8494c740, 0x000002aa8494b8d0, 0x000002aa8494c270, 0x000002aa8494cc10,
0x000002aa8494bda0, 0x000002aa81e034b0, 0x000002aa87edad30, 0x000002aa84fdf090,
0x000002aa84fe1710, 0x000002aa84fdebc0, 0x000002aa84fdf560, 0x000002aa84fe08a0,
0x000002aa84fe2580, 0x000002aa84fe0d70, 0x000002aa82ab1d30, 0x000002aa87eda860,
0x000002aa87edb200, 0x000002aa87ed81e0, 0x000002aa87edbba0, 0x000002aa87ed6870
}

Java Threads: ( => current thread )
  0x000002aae494fd70 JavaThread "main" [_thread_blocked, id=2932, stack(0x000000b345d00000,0x000000b345e00000)]
  0x000002aaff016b40 JavaThread "Reference Handler" daemon [_thread_blocked, id=14180, stack(0x000000b346400000,0x000000b346500000)]
  0x000002aaff0178c0 JavaThread "Finalizer" daemon [_thread_blocked, id=13104, stack(0x000000b346500000,0x000000b346600000)]
  0x000002aaff0652a0 JavaThread "Signal Dispatcher" daemon [_thread_blocked, id=11480, stack(0x000000b346600000,0x000000b346700000)]
  0x000002aaff065c60 JavaThread "Attach Listener" daemon [_thread_blocked, id=5916, stack(0x000000b346700000,0x000000b346800000)]
  0x000002aaff068530 JavaThread "Service Thread" daemon [_thread_blocked, id=10928, stack(0x000000b346800000,0x000000b346900000)]
  0x000002aaff068df0 JavaThread "Monitor Deflation Thread" daemon [_thread_blocked, id=3876, stack(0x000000b346900000,0x000000b346a00000)]
  0x000002aaff069a90 JavaThread "C2 CompilerThread0" daemon [_thread_blocked, id=4348, stack(0x000000b346a00000,0x000000b346b00000)]
  0x000002aaff06a440 JavaThread "C1 CompilerThread0" daemon [_thread_blocked, id=10844, stack(0x000000b346b00000,0x000000b346c00000)]
  0x000002aaff06cd50 JavaThread "Sweeper thread" daemon [_thread_blocked, id=11784, stack(0x000000b346c00000,0x000000b346d00000)]
  0x000002aaff14a350 JavaThread "Common-Cleaner" daemon [_thread_blocked, id=6660, stack(0x000000b346d00000,0x000000b346e00000)]
  0x000002aaff283a50 JavaThread "Notification Thread" daemon [_thread_blocked, id=2612, stack(0x000000b346e00000,0x000000b346f00000)]
  0x000002aaff283f20 JavaThread "C2 CompilerThread1" daemon [_thread_blocked, id=6372, stack(0x000000b347000000,0x000000b347100000)]
  0x000002aa81b73990 JavaThread "Daemon health stats" [_thread_blocked, id=11776, stack(0x000000b347600000,0x000000b347700000)]
  0x000002aa82314020 JavaThread "Incoming local TCP Connector on port 50991" [_thread_in_native, id=12024, stack(0x000000b347700000,0x000000b347800000)]
  0x000002aa82c49d60 JavaThread "Daemon periodic checks" [_thread_blocked, id=9100, stack(0x000000b347800000,0x000000b347900000)]
  0x000002aa81a96020 JavaThread "Daemon" [_thread_blocked, id=4476, stack(0x000000b347900000,0x000000b347a00000)]
  0x000002aa807eb750 JavaThread "Handler for socket connection from /127.0.0.1:50991 to /127.0.0.1:50992" [_thread_in_native, id=8696, stack(0x000000b347a00000,0x000000b347b00000)]
  0x000002aa82208720 JavaThread "Cancel handler" [_thread_blocked, id=1644, stack(0x000000b347b00000,0x000000b347c00000)]
  0x000002aa82208bf0 JavaThread "Daemon worker" [_thread_blocked, id=14372, stack(0x000000b347c00000,0x000000b347d00000)]
  0x000002aa80f6d7a0 JavaThread "Asynchronous log dispatcher for DefaultDaemonConnection: socket connection from /127.0.0.1:50991 to /127.0.0.1:50992" [_thread_blocked, id=6548, stack(0x000000b347d00000,0x000000b347e00000)]
  0x000002aa80f6a2b0 JavaThread "Stdin handler" [_thread_blocked, id=6592, stack(0x000000b347e00000,0x000000b347f00000)]
  0x000002aa80f6ac50 JavaThread "Daemon client event forwarder" [_thread_blocked, id=2244, stack(0x000000b347f00000,0x000000b348000000)]
  0x000002aa80f6a780 JavaThread "Cache worker for journal cache (C:\Users\scher\.gradle\caches\journal-1)" [_thread_blocked, id=4520, stack(0x000000b348400000,0x000000b348500000)]
  0x000002aa80f6b120 JavaThread "File lock request listener" [_thread_in_native, id=8956, stack(0x000000b348500000,0x000000b348600000)]
  0x000002aa80f6dc70 JavaThread "Cache worker for file hash cache (C:\Users\scher\.gradle\caches\8.1\fileHashes)" [_thread_blocked, id=13848, stack(0x000000b348600000,0x000000b348700000)]
  0x000002aa80f6ce00 JavaThread "File watcher server" daemon [_thread_blocked, id=2952, stack(0x000000b348b00000,0x000000b348c00000)]
  0x000002aa80f6b5f0 JavaThread "File watcher consumer" daemon [_thread_blocked, id=8120, stack(0x000000b348c00000,0x000000b348d00000)]
  0x000002aa80f6bac0 JavaThread "Cache worker for checksums cache (C:\Users\scher\Documents\PROJETOS ANDROID\NOVO\RECICLAAI\.gradle\8.1\checksums)" [_thread_blocked, id=6764, stack(0x000000b348d00000,0x000000b348e00000)]
  0x000002aa80f6bf90 JavaThread "Cache worker for cache directory md-rule (C:\Users\scher\.gradle\caches\8.1\md-rule)" [_thread_blocked, id=12736, stack(0x000000b348e00000,0x000000b348f00000)]
  0x000002aa80f6d2d0 JavaThread "Cache worker for file content cache (C:\Users\scher\.gradle\caches\8.1\fileContent)" [_thread_blocked, id=5108, stack(0x000000b348f00000,0x000000b349000000)]
  0x000002aa80f6c460 JavaThread "Cache worker for file hash cache (C:\Users\scher\Documents\PROJETOS ANDROID\NOVO\RECICLAAI\.gradle\8.1\fileHashes)" [_thread_blocked, id=11740, stack(0x000000b349000000,0x000000b349100000)]
  0x000002aa80f6c930 JavaThread "Cache worker for cache directory md-supplier (C:\Users\scher\.gradle\caches\8.1\md-supplier)" [_thread_blocked, id=11996, stack(0x000000b349100000,0x000000b349200000)]
  0x000002aa849fd630 JavaThread "Cache worker for execution history cache (C:\Users\scher\.gradle\caches\8.1\executionHistory)" [_thread_blocked, id=11472, stack(0x000000b349200000,0x000000b349300000)]
  0x000002aa849fbe20 JavaThread "jar transforms" [_thread_blocked, id=8164, stack(0x000000b347100000,0x000000b347200000)]
  0x000002aa849fa610 JavaThread "jar transforms Thread 2" [_thread_blocked, id=3948, stack(0x000000b349300000,0x000000b349400000)]
  0x000002aa849faae0 JavaThread "jar transforms Thread 3" [_thread_blocked, id=11872, stack(0x000000b349500000,0x000000b349600000)]
  0x000002aa849fafb0 JavaThread "jar transforms Thread 4" [_thread_blocked, id=1264, stack(0x000000b349600000,0x000000b349700000)]
  0x000002aa849fb480 JavaThread "Cache worker for dependencies-accessors (C:\Users\scher\Documents\PROJETOS ANDROID\NOVO\RECICLAAI\.gradle\8.1\dependencies-accessors)" [_thread_blocked, id=300, stack(0x000000b349700000,0x000000b349800000)]
  0x000002aa849fdb00 JavaThread "jar transforms Thread 5" [_thread_blocked, id=3232, stack(0x000000b349800000,0x000000b349900000)]
  0x000002aa849fc2f0 JavaThread "Cache worker for Build Output Cleanup Cache (C:\Users\scher\Documents\PROJETOS ANDROID\NOVO\RECICLAAI\.gradle\buildOutputCleanup)" [_thread_blocked, id=10208, stack(0x000000b349900000,0x000000b349a00000)]
  0x000002aa849fb950 JavaThread "Unconstrained build operations" [_thread_blocked, id=12576, stack(0x000000b349a00000,0x000000b349b00000)]
  0x000002aa849fcc90 JavaThread "Unconstrained build operations Thread 2" [_thread_blocked, id=5536, stack(0x000000b349b00000,0x000000b349c00000)]
  0x000002aa84a00650 JavaThread "Unconstrained build operations Thread 3" [_thread_blocked, id=14136, stack(0x000000b349c00000,0x000000b349d00000)]
  0x000002aa849fd160 JavaThread "Unconstrained build operations Thread 4" [_thread_blocked, id=6992, stack(0x000000b349d00000,0x000000b349e00000)]
  0x000002aa849f97a0 JavaThread "Unconstrained build operations Thread 5" [_thread_blocked, id=9724, stack(0x000000b349e00000,0x000000b349f00000)]
  0x000002aa849fee40 JavaThread "Unconstrained build operations Thread 6" [_thread_blocked, id=10680, stack(0x000000b349f00000,0x000000b34a000000)]
  0x000002aa849ff7e0 JavaThread "Unconstrained build operations Thread 7" [_thread_blocked, id=12036, stack(0x000000b34a000000,0x000000b34a100000)]
  0x000002aa849fe4a0 JavaThread "jar transforms Thread 6" [_thread_blocked, id=1316, stack(0x000000b34a100000,0x000000b34a200000)]
  0x000002aa84a00b20 JavaThread "jar transforms Thread 7" [_thread_blocked, id=13024, stack(0x000000b34a200000,0x000000b34a300000)]
  0x000002aa849f92d0 JavaThread "jar transforms Thread 8" [_thread_blocked, id=4564, stack(0x000000b34a300000,0x000000b34a400000)]
  0x000002aa849ff310 JavaThread "build event listener" [_thread_blocked, id=12740, stack(0x000000b349400000,0x000000b349500000)]
  0x000002aa849ffcb0 JavaThread "Memory manager" [_thread_blocked, id=13876, stack(0x000000b34a400000,0x000000b34a500000)]
  0x000002aa82cde070 JavaThread "included builds" [_thread_blocked, id=7876, stack(0x000000b34a500000,0x000000b34a600000)]
  0x000002aa82ce0220 JavaThread "Execution worker" [_thread_blocked, id=1744, stack(0x000000b34a600000,0x000000b34a700000)]
  0x000002aa82cde540 JavaThread "Execution worker Thread 2" [_thread_blocked, id=13952, stack(0x000000b34a700000,0x000000b34a800000)]
  0x000002aa82cdf3b0 JavaThread "Execution worker Thread 3" [_thread_blocked, id=8296, stack(0x000000b34a800000,0x000000b34a900000)]
  0x000002aa82ce06f0 JavaThread "Execution worker Thread 4" [_thread_blocked, id=7024, stack(0x000000b34a900000,0x000000b34aa00000)]
  0x000002aa82cdf880 JavaThread "Execution worker Thread 5" [_thread_blocked, id=7260, stack(0x000000b34aa00000,0x000000b34ab00000)]
  0x000002aa82ce0bc0 JavaThread "Execution worker Thread 6" [_thread_blocked, id=6584, stack(0x000000b34ab00000,0x000000b34ac00000)]
  0x000002aa82ce1a30 JavaThread "Execution worker Thread 7" [_thread_blocked, id=4764, stack(0x000000b34ac00000,0x000000b34ad00000)]
  0x000002aa82ce1090 JavaThread "Cache worker for execution history cache (C:\Users\scher\Documents\PROJETOS ANDROID\NOVO\RECICLAAI\.gradle\8.1\executionHistory)" [_thread_blocked, id=4124, stack(0x000000b34ad00000,0x000000b34ae00000)]
  0x000002aa82ce1560 JavaThread "Unconstrained build operations Thread 8" [_thread_blocked, id=10868, stack(0x000000b34ae00000,0x000000b34af00000)]
  0x000002aa87edb6d0 JavaThread "Unconstrained build operations Thread 9" [_thread_blocked, id=12960, stack(0x000000b34af00000,0x000000b34b000000)]
  0x000002aa87edc540 JavaThread "Unconstrained build operations Thread 10" [_thread_blocked, id=14600, stack(0x000000b34b000000,0x000000b34b100000)]
  0x000002aa87eda390 JavaThread "Unconstrained build operations Thread 11" [_thread_blocked, id=8116, stack(0x000000b34b100000,0x000000b34b200000)]
  0x000002aa87edca10 JavaThread "Unconstrained build operations Thread 12" [_thread_blocked, id=1976, stack(0x000000b34b200000,0x000000b34b300000)]
  0x000002aa87edf090 JavaThread "Unconstrained build operations Thread 13" [_thread_blocked, id=13500, stack(0x000000b34b300000,0x000000b34b400000)]
  0x000002aa87ede6f0 JavaThread "Unconstrained build operations Thread 14" [_thread_blocked, id=7416, stack(0x000000b34b400000,0x000000b34b500000)]
  0x000002aa87edcee0 JavaThread "Unconstrained build operations Thread 15" [_thread_blocked, id=4320, stack(0x000000b34b500000,0x000000b34b600000)]
  0x000002aa87eddd50 JavaThread "Unconstrained build operations Thread 16" [_thread_blocked, id=10388, stack(0x000000b34b600000,0x000000b34b700000)]
  0x000002aa8494d0e0 JavaThread "Unconstrained build operations Thread 17" [_thread_blocked, id=13360, stack(0x000000b34b700000,0x000000b34b800000)]
  0x000002aa8494c740 JavaThread "Unconstrained build operations Thread 18" [_thread_blocked, id=13720, stack(0x000000b34b800000,0x000000b34b900000)]
  0x000002aa8494b8d0 JavaThread "Unconstrained build operations Thread 19" [_thread_blocked, id=12732, stack(0x000000b34b900000,0x000000b34ba00000)]
  0x000002aa8494c270 JavaThread "Unconstrained build operations Thread 20" [_thread_blocked, id=4672, stack(0x000000b34ba00000,0x000000b34bb00000)]
  0x000002aa8494cc10 JavaThread "Unconstrained build operations Thread 21" [_thread_blocked, id=6672, stack(0x000000b34bb00000,0x000000b34bc00000)]
  0x000002aa8494bda0 JavaThread "Unconstrained build operations Thread 22" [_thread_blocked, id=6816, stack(0x000000b34bc00000,0x000000b34bd00000)]
  0x000002aa81e034b0 JavaThread "Unconstrained build operations Thread 23" [_thread_blocked, id=848, stack(0x000000b34bd00000,0x000000b34be00000)]
  0x000002aa87edad30 JavaThread "Unconstrained build operations Thread 24" [_thread_blocked, id=5164, stack(0x000000b34be00000,0x000000b34bf00000)]
  0x000002aa84fdf090 JavaThread "Unconstrained build operations Thread 25" [_thread_blocked, id=10140, stack(0x000000b34bf00000,0x000000b34c000000)]
  0x000002aa84fe1710 JavaThread "Unconstrained build operations Thread 26" [_thread_blocked, id=5400, stack(0x000000b34c000000,0x000000b34c100000)]
  0x000002aa84fdebc0 JavaThread "Unconstrained build operations Thread 27" [_thread_blocked, id=8992, stack(0x000000b34c100000,0x000000b34c200000)]
  0x000002aa84fdf560 JavaThread "Unconstrained build operations Thread 28" [_thread_blocked, id=8572, stack(0x000000b34c200000,0x000000b34c300000)]
  0x000002aa84fe08a0 JavaThread "Unconstrained build operations Thread 29" [_thread_blocked, id=13476, stack(0x000000b34c300000,0x000000b34c400000)]
  0x000002aa84fe2580 JavaThread "Unconstrained build operations Thread 30" [_thread_blocked, id=3756, stack(0x000000b34c400000,0x000000b34c500000)]
  0x000002aa84fe0d70 JavaThread "Unconstrained build operations Thread 31" [_thread_blocked, id=11428, stack(0x000000b34c500000,0x000000b34c600000)]
  0x000002aa82ab1d30 JavaThread "Unconstrained build operations Thread 32" [_thread_blocked, id=11832, stack(0x000000b34c600000,0x000000b34c700000)]
  0x000002aa87eda860 JavaThread "Unconstrained build operations Thread 33" [_thread_blocked, id=7928, stack(0x000000b34c700000,0x000000b34c800000)]
  0x000002aa87edb200 JavaThread "Unconstrained build operations Thread 34" [_thread_blocked, id=10700, stack(0x000000b34c800000,0x000000b34c900000)]
  0x000002aa87ed81e0 JavaThread "Unconstrained build operations Thread 35" [_thread_blocked, id=2152, stack(0x000000b34c900000,0x000000b34ca00000)]
  0x000002aa87edbba0 JavaThread "Unconstrained build operations Thread 36" [_thread_blocked, id=14612, stack(0x000000b34ca00000,0x000000b34cb00000)]
  0x000002aa87ed6870 JavaThread "Unconstrained build operations Thread 37" [_thread_blocked, id=8640, stack(0x000000b34cb00000,0x000000b34cc00000)]
  0x000002aa87ed5060 JavaThread "Unconstrained build operations Thread 38" [_thread_blocked, id=2296, stack(0x000000b34cc00000,0x000000b34cd00000)]

Other Threads:
=>0x000002aaff016620 VMThread "VM Thread" [stack: 0x000000b346300000,0x000000b346400000] [id=5448]
  0x000002aae4951b00 WatcherThread [stack: 0x000000b346f00000,0x000000b347000000] [id=13356]
  0x000002aae49aec40 GCTaskThread "GC Thread#0" [stack: 0x000000b345e00000,0x000000b345f00000] [id=12344]
  0x000002aa80661970 GCTaskThread "GC Thread#1" [stack: 0x000000b347200000,0x000000b347300000] [id=4964]
  0x000002aa80661c20 GCTaskThread "GC Thread#2" [stack: 0x000000b347300000,0x000000b347400000] [id=13828]
  0x000002aa80020be0 GCTaskThread "GC Thread#3" [stack: 0x000000b347400000,0x000000b347500000] [id=2408]
  0x000002aa80b05180 GCTaskThread "GC Thread#4" [stack: 0x000000b347500000,0x000000b347600000] [id=10876]
  0x000002aa80c3ec20 GCTaskThread "GC Thread#5" [stack: 0x000000b348000000,0x000000b348100000] [id=3604]
  0x000002aa819cd030 GCTaskThread "GC Thread#6" [stack: 0x000000b348100000,0x000000b348200000] [id=792]
  0x000002aa822d0050 GCTaskThread "GC Thread#7" [stack: 0x000000b348200000,0x000000b348300000] [id=13696]
  0x000002aae49bfa90 ConcurrentGCThread "G1 Main Marker" [stack: 0x000000b345f00000,0x000000b346000000] [id=14080]
  0x000002aae49c03b0 ConcurrentGCThread "G1 Conc#0" [stack: 0x000000b346000000,0x000000b346100000] [id=7452]
  0x000002aa822d0300 ConcurrentGCThread "G1 Conc#1" [stack: 0x000000b348300000,0x000000b348400000] [id=10032]
  0x000002aafe305e40 ConcurrentGCThread "G1 Refine#0" [stack: 0x000000b346100000,0x000000b346200000] [id=704]
  0x000002aa819c87a0 ConcurrentGCThread "G1 Refine#1" [stack: 0x000000b348700000,0x000000b348800000] [id=4424]
  0x000002aa819c7380 ConcurrentGCThread "G1 Refine#2" [stack: 0x000000b348800000,0x000000b348900000] [id=13440]
  0x000002aa819c84c0 ConcurrentGCThread "G1 Refine#3" [stack: 0x000000b348900000,0x000000b348a00000] [id=7748]
  0x000002aa819c8a80 ConcurrentGCThread "G1 Refine#4" [stack: 0x000000b348a00000,0x000000b348b00000] [id=11392]
  0x000002aafe306770 ConcurrentGCThread "G1 Service" [stack: 0x000000b346200000,0x000000b346300000] [id=13716]

Threads with active compile tasks:
C2 CompilerThread0    12116 10356       4       com.google.common.collect.ImmutableSet$Builder::build (32 bytes)

VM state: at safepoint (normal execution)

VM Mutex/Monitor currently owned by a thread:  ([mutex/lock_event])
[0x000002aae494b030] Threads_lock - owner thread: 0x000002aaff016620
[0x000002aae494a730] Heap_lock - owner thread: 0x000002aa82ce1090

Heap address: 0x0000000080000000, size: 2048 MB, Compressed Oops mode: 32-bit

CDS archive(s) not mapped
Compressed class space mapped at: 0x0000000100000000-0x0000000140000000, reserved size: 1073741824
Narrow klass base: 0x0000000000000000, Narrow klass shift: 3, Narrow klass range: 0x140000000

GC Precious Log:
 CPUs: 8 total, 8 available
 Memory: 8072M
 Large Page Support: Disabled
 NUMA Support: Disabled
 Compressed Oops: Enabled (32-bit)
 Heap Region Size: 1M
 Heap Min Capacity: 8M
 Heap Initial Capacity: 128M
 Heap Max Capacity: 2G
 Pre-touch: Disabled
 Parallel Workers: 8
 Concurrent Workers: 2
 Concurrent Refinement Workers: 8
 Periodic GC: Disabled

Heap:
 garbage-first heap   total 165888K, used 88880K [0x0000000080000000, 0x0000000100000000)
  region size 1024K, 1 young (1024K), 1 survivors (1024K)
 Metaspace       used 87207K, committed 87808K, reserved 1130496K
  class space    used 12064K, committed 12352K, reserved 1048576K

Heap Regions: E=young(eden), S=young(survivor), O=old, HS=humongous(starts), HC=humongous(continues), CS=collection set, F=free, OA=open archive, CA=closed archive, TAMS=top-at-mark-start (previous, next)
|   0|0x0000000080000000, 0x0000000080100000, 0x0000000080100000|100%|HS|  |TAMS 0x0000000080100000, 0x0000000080000000| Complete 
|   1|0x0000000080100000, 0x0000000080200000, 0x0000000080200000|100%|HC|  |TAMS 0x0000000080200000, 0x0000000080100000| Complete 
|   2|0x0000000080200000, 0x0000000080300000, 0x0000000080300000|100%|HC|  |TAMS 0x0000000080300000, 0x0000000080200000| Complete 
|   3|0x0000000080300000, 0x0000000080400000, 0x0000000080400000|100%|HC|  |TAMS 0x0000000080400000, 0x0000000080300000| Complete 
|   4|0x0000000080400000, 0x0000000080500000, 0x0000000080500000|100%| O|  |TAMS 0x0000000080500000, 0x0000000080400000| Untracked 
|   5|0x0000000080500000, 0x0000000080600000, 0x0000000080600000|100%| O|  |TAMS 0x0000000080600000, 0x0000000080500000| Untracked 
|   6|0x0000000080600000, 0x0000000080700000, 0x0000000080700000|100%| O|  |TAMS 0x0000000080700000, 0x0000000080600000| Untracked 
|   7|0x0000000080700000, 0x0000000080800000, 0x0000000080800000|100%| O|  |TAMS 0x0000000080800000, 0x0000000080700000| Untracked 
|   8|0x0000000080800000, 0x0000000080900000, 0x0000000080900000|100%| O|  |TAMS 0x0000000080900000, 0x0000000080800000| Untracked 
|   9|0x0000000080900000, 0x0000000080a00000, 0x0000000080a00000|100%| O|  |TAMS 0x0000000080a00000, 0x0000000080900000| Untracked 
|  10|0x0000000080a00000, 0x0000000080af2600, 0x0000000080b00000| 94%| O|  |TAMS 0x0000000080af2600, 0x0000000080a00000| Untracked 
|  11|0x0000000080b00000, 0x0000000080c00000, 0x0000000080c00000|100%| O|  |TAMS 0x0000000080c00000, 0x0000000080b00000| Untracked 
|  12|0x0000000080c00000, 0x0000000080d00000, 0x0000000080d00000|100%| O|  |TAMS 0x0000000080d00000, 0x0000000080c00000| Untracked 
|  13|0x0000000080d00000, 0x0000000080e00000, 0x0000000080e00000|100%| O|  |TAMS 0x0000000080e00000, 0x0000000080d00000| Untracked 
|  14|0x0000000080e00000, 0x0000000080f00000, 0x0000000080f00000|100%| O|  |TAMS 0x0000000080f00000, 0x0000000080e00000| Untracked 
|  15|0x0000000080f00000, 0x0000000081000000, 0x0000000081000000|100%| O|  |TAMS 0x0000000081000000, 0x0000000080f00000| Untracked 
|  16|0x0000000081000000, 0x0000000081100000, 0x0000000081100000|100%| O|  |TAMS 0x0000000081100000, 0x0000000081000000| Untracked 
|  17|0x0000000081100000, 0x0000000081200000, 0x0000000081200000|100%| O|  |TAMS 0x0000000081200000, 0x0000000081100000| Untracked 
|  18|0x0000000081200000, 0x0000000081300000, 0x0000000081300000|100%| O|  |TAMS 0x0000000081300000, 0x0000000081200000| Untracked 
|  19|0x0000000081300000, 0x0000000081400000, 0x0000000081400000|100%| O|  |TAMS 0x0000000081400000, 0x0000000081300000| Untracked 
|  20|0x0000000081400000, 0x00000000814e3000, 0x0000000081500000| 88%| O|  |TAMS 0x00000000814e3000, 0x0000000081400000| Untracked 
|  21|0x0000000081500000, 0x0000000081600000, 0x0000000081600000|100%|HS|  |TAMS 0x0000000081600000, 0x0000000081500000| Complete 
|  22|0x0000000081600000, 0x0000000081700000, 0x0000000081700000|100%|HS|  |TAMS 0x0000000081700000, 0x0000000081600000| Complete 
|  23|0x0000000081700000, 0x0000000081800000, 0x0000000081800000|100%| O|  |TAMS 0x0000000081800000, 0x0000000081700000| Untracked 
|  24|0x0000000081800000, 0x0000000081900000, 0x0000000081900000|100%| O|  |TAMS 0x0000000081900000, 0x0000000081800000| Untracked 
|  25|0x0000000081900000, 0x0000000081a00000, 0x0000000081a00000|100%| O|  |TAMS 0x0000000081a00000, 0x0000000081900000| Untracked 
|  26|0x0000000081a00000, 0x0000000081b00000, 0x0000000081b00000|100%| O|  |TAMS 0x0000000081b00000, 0x0000000081a00000| Untracked 
|  27|0x0000000081b00000, 0x0000000081c00000, 0x0000000081c00000|100%| O|  |TAMS 0x0000000081c00000, 0x0000000081b00000| Untracked 
|  28|0x0000000081c00000, 0x0000000081d00000, 0x0000000081d00000|100%|HS|  |TAMS 0x0000000081d00000, 0x0000000081c00000| Complete 
|  29|0x0000000081d00000, 0x0000000081e00000, 0x0000000081e00000|100%| O|  |TAMS 0x0000000081e00000, 0x0000000081d00000| Untracked 
|  30|0x0000000081e00000, 0x0000000081f00000, 0x0000000081f00000|100%|HS|  |TAMS 0x0000000081f00000, 0x0000000081e00000| Complete 
|  31|0x0000000081f00000, 0x0000000082000000, 0x0000000082000000|100%| O|  |TAMS 0x0000000082000000, 0x0000000081f00000| Untracked 
|  32|0x0000000082000000, 0x0000000082100000, 0x0000000082100000|100%| O|  |TAMS 0x0000000082100000, 0x0000000082000000| Untracked 
|  33|0x0000000082100000, 0x0000000082100000, 0x0000000082200000|  0%| F|  |TAMS 0x0000000082100000, 0x0000000082100000| Untracked 
|  34|0x0000000082200000, 0x0000000082300000, 0x0000000082300000|100%| O|  |TAMS 0x0000000082300000, 0x0000000082200000| Untracked 
|  35|0x0000000082300000, 0x0000000082400000, 0x0000000082400000|100%| O|  |TAMS 0x0000000082400000, 0x0000000082300000| Untracked 
|  36|0x0000000082400000, 0x0000000082500000, 0x0000000082500000|100%| O|  |TAMS 0x0000000082500000, 0x0000000082400000| Untracked 
|  37|0x0000000082500000, 0x0000000082600000, 0x0000000082600000|100%| O|  |TAMS 0x0000000082600000, 0x0000000082500000| Untracked 
|  38|0x0000000082600000, 0x0000000082700000, 0x0000000082700000|100%| O|  |TAMS 0x0000000082700000, 0x0000000082600000| Untracked 
|  39|0x0000000082700000, 0x0000000082800000, 0x0000000082800000|100%| O|  |TAMS 0x0000000082800000, 0x0000000082700000| Untracked 
|  40|0x0000000082800000, 0x0000000082900000, 0x0000000082900000|100%| O|  |TAMS 0x0000000082900000, 0x0000000082800000| Untracked 
|  41|0x0000000082900000, 0x0000000082a00000, 0x0000000082a00000|100%| O|  |TAMS 0x0000000082a00000, 0x0000000082900000| Untracked 
|  42|0x0000000082a00000, 0x0000000082b00000, 0x0000000082b00000|100%| O|  |TAMS 0x0000000082b00000, 0x0000000082a00000| Untracked 
|  43|0x0000000082b00000, 0x0000000082c00000, 0x0000000082c00000|100%| O|  |TAMS 0x0000000082c00000, 0x0000000082b00000| Untracked 
|  44|0x0000000082c00000, 0x0000000082d00000, 0x0000000082d00000|100%| O|  |TAMS 0x0000000082d00000, 0x0000000082c00000| Untracked 
|  45|0x0000000082d00000, 0x0000000082e00000, 0x0000000082e00000|100%| O|  |TAMS 0x0000000082e00000, 0x0000000082d00000| Untracked 
|  46|0x0000000082e00000, 0x0000000082f00000, 0x0000000082f00000|100%| O|  |TAMS 0x0000000082f00000, 0x0000000082e00000| Untracked 
|  47|0x0000000082f00000, 0x0000000083000000, 0x0000000083000000|100%| O|  |TAMS 0x0000000083000000, 0x0000000082f00000| Untracked 
|  48|0x0000000083000000, 0x0000000083100000, 0x0000000083100000|100%| O|  |TAMS 0x0000000083100000, 0x0000000083000000| Untracked 
|  49|0x0000000083100000, 0x0000000083200000, 0x0000000083200000|100%| O|  |TAMS 0x0000000083200000, 0x0000000083100000| Untracked 
|  50|0x0000000083200000, 0x0000000083300000, 0x0000000083300000|100%| O|  |TAMS 0x0000000083300000, 0x0000000083200000| Untracked 
|  51|0x0000000083300000, 0x0000000083400000, 0x0000000083400000|100%| O|  |TAMS 0x0000000083400000, 0x0000000083300000| Untracked 
|  52|0x0000000083400000, 0x0000000083500000, 0x0000000083500000|100%| O|  |TAMS 0x0000000083500000, 0x0000000083400000| Untracked 
|  53|0x0000000083500000, 0x0000000083600000, 0x0000000083600000|100%| O|  |TAMS 0x0000000083600000, 0x0000000083500000| Untracked 
|  54|0x0000000083600000, 0x0000000083700000, 0x0000000083700000|100%| O|  |TAMS 0x0000000083700000, 0x0000000083600000| Untracked 
|  55|0x0000000083700000, 0x0000000083800000, 0x0000000083800000|100%| O|  |TAMS 0x0000000083800000, 0x0000000083700000| Untracked 
|  56|0x0000000083800000, 0x0000000083900000, 0x0000000083900000|100%| O|  |TAMS 0x0000000083900000, 0x0000000083800000| Untracked 
|  57|0x0000000083900000, 0x0000000083a00000, 0x0000000083a00000|100%| O|  |TAMS 0x0000000083a00000, 0x0000000083900000| Untracked 
|  58|0x0000000083a00000, 0x0000000083b00000, 0x0000000083b00000|100%| O|  |TAMS 0x0000000083b00000, 0x0000000083a00000| Untracked 
|  59|0x0000000083b00000, 0x0000000083c00000, 0x0000000083c00000|100%| O|  |TAMS 0x0000000083c00000, 0x0000000083b00000| Untracked 
|  60|0x0000000083c00000, 0x0000000083d00000, 0x0000000083d00000|100%| O|  |TAMS 0x0000000083d00000, 0x0000000083c00000| Untracked 
|  61|0x0000000083d00000, 0x0000000083e00000, 0x0000000083e00000|100%| O|  |TAMS 0x0000000083e00000, 0x0000000083d00000| Untracked 
|  62|0x0000000083e00000, 0x0000000083f00000, 0x0000000083f00000|100%| O|  |TAMS 0x0000000083f00000, 0x0000000083e00000| Untracked 
|  63|0x0000000083f00000, 0x0000000084000000, 0x0000000084000000|100%| O|  |TAMS 0x0000000084000000, 0x0000000083f00000| Untracked 
|  64|0x0000000084000000, 0x0000000084100000, 0x0000000084100000|100%| O|  |TAMS 0x0000000084100000, 0x0000000084000000| Untracked 
|  65|0x0000000084100000, 0x0000000084200000, 0x0000000084200000|100%| O|  |TAMS 0x0000000084200000, 0x0000000084100000| Untracked 
|  66|0x0000000084200000, 0x0000000084300000, 0x0000000084300000|100%| O|  |TAMS 0x0000000084300000, 0x0000000084200000| Untracked 
|  67|0x0000000084300000, 0x0000000084400000, 0x0000000084400000|100%| O|  |TAMS 0x0000000084400000, 0x0000000084300000| Untracked 
|  68|0x0000000084400000, 0x0000000084500000, 0x0000000084500000|100%| O|  |TAMS 0x0000000084500000, 0x0000000084400000| Untracked 
|  69|0x0000000084500000, 0x0000000084600000, 0x0000000084600000|100%| O|  |TAMS 0x0000000084600000, 0x0000000084500000| Untracked 
|  70|0x0000000084600000, 0x0000000084700000, 0x0000000084700000|100%| O|  |TAMS 0x0000000084700000, 0x0000000084600000| Untracked 
|  71|0x0000000084700000, 0x0000000084800000, 0x0000000084800000|100%| O|  |TAMS 0x0000000084800000, 0x0000000084700000| Untracked 
|  72|0x0000000084800000, 0x0000000084900000, 0x0000000084900000|100%| O|  |TAMS 0x0000000084900000, 0x0000000084800000| Untracked 
|  73|0x0000000084900000, 0x0000000084a00000, 0x0000000084a00000|100%| O|  |TAMS 0x0000000084a00000, 0x0000000084900000| Untracked 
|  74|0x0000000084a00000, 0x0000000084b00000, 0x0000000084b00000|100%| O|  |TAMS 0x0000000084b00000, 0x0000000084a00000| Untracked 
|  75|0x0000000084b00000, 0x0000000084c00000, 0x0000000084c00000|100%| O|  |TAMS 0x0000000084bbf600, 0x0000000084b00000| Untracked 
|  76|0x0000000084c00000, 0x0000000084d00000, 0x0000000084d00000|100%| O|  |TAMS 0x0000000084c00000, 0x0000000084c00000| Untracked 
|  77|0x0000000084d00000, 0x0000000084e00000, 0x0000000084e00000|100%| O|  |TAMS 0x0000000084d00000, 0x0000000084d00000| Untracked 
|  78|0x0000000084e00000, 0x0000000084f00000, 0x0000000084f00000|100%| O|  |TAMS 0x0000000084e00000, 0x0000000084e00000| Untracked 
|  79|0x0000000084f00000, 0x0000000085000000, 0x0000000085000000|100%| O|  |TAMS 0x0000000084f00000, 0x0000000084f00000| Untracked 
|  80|0x0000000085000000, 0x0000000085100000, 0x0000000085100000|100%| O|  |TAMS 0x0000000085000000, 0x0000000085000000| Untracked 
|  81|0x0000000085100000, 0x0000000085200000, 0x0000000085200000|100%| O|  |TAMS 0x0000000085100000, 0x0000000085100000| Untracked 
|  82|0x0000000085200000, 0x0000000085300000, 0x0000000085300000|100%| O|  |TAMS 0x0000000085200000, 0x0000000085200000| Untracked 
|  83|0x0000000085300000, 0x0000000085400000, 0x0000000085400000|100%| O|  |TAMS 0x0000000085300000, 0x0000000085300000| Untracked 
|  84|0x0000000085400000, 0x0000000085500000, 0x0000000085500000|100%| O|  |TAMS 0x0000000085400000, 0x0000000085400000| Untracked 
|  85|0x0000000085500000, 0x0000000085600000, 0x0000000085600000|100%| O|  |TAMS 0x0000000085500000, 0x0000000085500000| Untracked 
|  86|0x0000000085600000, 0x00000000856f6c00, 0x0000000085700000| 96%| O|  |TAMS 0x0000000085600000, 0x0000000085600000| Untracked 
|  87|0x0000000085700000, 0x0000000085700000, 0x0000000085800000|  0%| F|  |TAMS 0x0000000085700000, 0x0000000085700000| Untracked 
|  88|0x0000000085800000, 0x0000000085800000, 0x0000000085900000|  0%| F|  |TAMS 0x0000000085800000, 0x0000000085800000| Untracked 
|  89|0x0000000085900000, 0x0000000085900000, 0x0000000085a00000|  0%| F|  |TAMS 0x0000000085900000, 0x0000000085900000| Untracked 
|  90|0x0000000085a00000, 0x0000000085a00000, 0x0000000085b00000|  0%| F|  |TAMS 0x0000000085a00000, 0x0000000085a00000| Untracked 
|  91|0x0000000085b00000, 0x0000000085b00000, 0x0000000085c00000|  0%| F|  |TAMS 0x0000000085b00000, 0x0000000085b00000| Untracked 
|  92|0x0000000085c00000, 0x0000000085c00000, 0x0000000085d00000|  0%| F|  |TAMS 0x0000000085c00000, 0x0000000085c00000| Untracked 
|  93|0x0000000085d00000, 0x0000000085d00000, 0x0000000085e00000|  0%| F|  |TAMS 0x0000000085d00000, 0x0000000085d00000| Untracked 
|  94|0x0000000085e00000, 0x0000000085e00000, 0x0000000085f00000|  0%| F|  |TAMS 0x0000000085e00000, 0x0000000085e00000| Untracked 
|  95|0x0000000085f00000, 0x0000000085f00000, 0x0000000086000000|  0%| F|  |TAMS 0x0000000085f00000, 0x0000000085f00000| Untracked 
|  96|0x0000000086000000, 0x0000000086000000, 0x0000000086100000|  0%| F|  |TAMS 0x0000000086000000, 0x0000000086000000| Untracked 
|  97|0x0000000086100000, 0x0000000086100000, 0x0000000086200000|  0%| F|  |TAMS 0x0000000086100000, 0x0000000086100000| Untracked 
|  98|0x0000000086200000, 0x0000000086200000, 0x0000000086300000|  0%| F|  |TAMS 0x0000000086200000, 0x0000000086200000| Untracked 
|  99|0x0000000086300000, 0x0000000086300000, 0x0000000086400000|  0%| F|  |TAMS 0x0000000086300000, 0x0000000086300000| Untracked 
| 100|0x0000000086400000, 0x0000000086400000, 0x0000000086500000|  0%| F|  |TAMS 0x0000000086400000, 0x0000000086400000| Untracked 
| 101|0x0000000086500000, 0x0000000086500000, 0x0000000086600000|  0%| F|  |TAMS 0x0000000086500000, 0x0000000086500000| Untracked 
| 102|0x0000000086600000, 0x0000000086600000, 0x0000000086700000|  0%| F|  |TAMS 0x0000000086600000, 0x0000000086600000| Untracked 
| 103|0x0000000086700000, 0x0000000086700000, 0x0000000086800000|  0%| F|  |TAMS 0x0000000086700000, 0x0000000086700000| Untracked 
| 104|0x0000000086800000, 0x0000000086800000, 0x0000000086900000|  0%| F|  |TAMS 0x0000000086800000, 0x0000000086800000| Untracked 
| 105|0x0000000086900000, 0x0000000086900000, 0x0000000086a00000|  0%| F|  |TAMS 0x0000000086900000, 0x0000000086900000| Untracked 
| 106|0x0000000086a00000, 0x0000000086a00000, 0x0000000086b00000|  0%| F|  |TAMS 0x0000000086a00000, 0x0000000086a00000| Untracked 
| 107|0x0000000086b00000, 0x0000000086b00000, 0x0000000086c00000|  0%| F|  |TAMS 0x0000000086b00000, 0x0000000086b00000| Untracked 
| 108|0x0000000086c00000, 0x0000000086c00000, 0x0000000086d00000|  0%| F|  |TAMS 0x0000000086c00000, 0x0000000086c00000| Untracked 
| 109|0x0000000086d00000, 0x0000000086d00000, 0x0000000086e00000|  0%| F|  |TAMS 0x0000000086d00000, 0x0000000086d00000| Untracked 
| 110|0x0000000086e00000, 0x0000000086e00000, 0x0000000086f00000|  0%| F|  |TAMS 0x0000000086e00000, 0x0000000086e00000| Untracked 
| 111|0x0000000086f00000, 0x0000000086f00000, 0x0000000087000000|  0%| F|  |TAMS 0x0000000086f00000, 0x0000000086f00000| Untracked 
| 112|0x0000000087000000, 0x0000000087000000, 0x0000000087100000|  0%| F|  |TAMS 0x0000000087000000, 0x0000000087000000| Untracked 
| 113|0x0000000087100000, 0x0000000087100000, 0x0000000087200000|  0%| F|  |TAMS 0x0000000087100000, 0x0000000087100000| Untracked 
| 114|0x0000000087200000, 0x0000000087200000, 0x0000000087300000|  0%| F|  |TAMS 0x0000000087200000, 0x0000000087200000| Untracked 
| 115|0x0000000087300000, 0x0000000087300000, 0x0000000087400000|  0%| F|  |TAMS 0x0000000087300000, 0x0000000087300000| Untracked 
| 116|0x0000000087400000, 0x0000000087400000, 0x0000000087500000|  0%| F|  |TAMS 0x0000000087400000, 0x0000000087400000| Untracked 
| 117|0x0000000087500000, 0x0000000087500000, 0x0000000087600000|  0%| F|  |TAMS 0x0000000087500000, 0x0000000087500000| Untracked 
| 118|0x0000000087600000, 0x0000000087600000, 0x0000000087700000|  0%| F|  |TAMS 0x0000000087600000, 0x0000000087600000| Untracked 
| 119|0x0000000087700000, 0x0000000087700000, 0x0000000087800000|  0%| F|  |TAMS 0x0000000087700000, 0x0000000087700000| Untracked 
| 120|0x0000000087800000, 0x0000000087800000, 0x0000000087900000|  0%| F|  |TAMS 0x0000000087800000, 0x0000000087800000| Untracked 
| 121|0x0000000087900000, 0x0000000087900000, 0x0000000087a00000|  0%| F|  |TAMS 0x0000000087900000, 0x0000000087900000| Untracked 
| 122|0x0000000087a00000, 0x0000000087a00000, 0x0000000087b00000|  0%| F|  |TAMS 0x0000000087a00000, 0x0000000087a00000| Untracked 
| 123|0x0000000087b00000, 0x0000000087b00000, 0x0000000087c00000|  0%| F|  |TAMS 0x0000000087b00000, 0x0000000087b00000| Untracked 
| 124|0x0000000087c00000, 0x0000000087c00000, 0x0000000087d00000|  0%| F|  |TAMS 0x0000000087c00000, 0x0000000087c00000| Untracked 
| 125|0x0000000087d00000, 0x0000000087d00000, 0x0000000087e00000|  0%| F|  |TAMS 0x0000000087d00000, 0x0000000087d00000| Untracked 
| 126|0x0000000087e00000, 0x0000000087e00000, 0x0000000087f00000|  0%| F|  |TAMS 0x0000000087e00000, 0x0000000087e00000| Untracked 
| 127|0x0000000087f00000, 0x0000000087f00000, 0x0000000088000000|  0%| F|  |TAMS 0x0000000087f00000, 0x0000000087f00000| Untracked 
| 128|0x0000000088000000, 0x0000000088000000, 0x0000000088100000|  0%| F|  |TAMS 0x0000000088000000, 0x0000000088000000| Untracked 
| 129|0x0000000088100000, 0x0000000088100000, 0x0000000088200000|  0%| F|  |TAMS 0x0000000088100000, 0x0000000088100000| Untracked 
| 130|0x0000000088200000, 0x0000000088200000, 0x0000000088300000|  0%| F|  |TAMS 0x0000000088200000, 0x0000000088200000| Untracked 
| 131|0x0000000088300000, 0x0000000088300000, 0x0000000088400000|  0%| F|  |TAMS 0x0000000088300000, 0x0000000088300000| Untracked 
| 132|0x0000000088400000, 0x0000000088400000, 0x0000000088500000|  0%| F|  |TAMS 0x0000000088400000, 0x0000000088400000| Untracked 
| 133|0x0000000088500000, 0x0000000088500000, 0x0000000088600000|  0%| F|  |TAMS 0x0000000088500000, 0x0000000088500000| Untracked 
| 134|0x0000000088600000, 0x0000000088600000, 0x0000000088700000|  0%| F|  |TAMS 0x0000000088600000, 0x0000000088600000| Untracked 
| 135|0x0000000088700000, 0x0000000088700000, 0x0000000088800000|  0%| F|  |TAMS 0x0000000088700000, 0x0000000088700000| Untracked 
| 136|0x0000000088800000, 0x0000000088800000, 0x0000000088900000|  0%| F|  |TAMS 0x0000000088800000, 0x0000000088800000| Untracked 
| 137|0x0000000088900000, 0x0000000088900000, 0x0000000088a00000|  0%| F|  |TAMS 0x0000000088900000, 0x0000000088900000| Untracked 
| 138|0x0000000088a00000, 0x0000000088a00000, 0x0000000088b00000|  0%| F|  |TAMS 0x0000000088a00000, 0x0000000088a00000| Untracked 
| 139|0x0000000088b00000, 0x0000000088b00000, 0x0000000088c00000|  0%| F|  |TAMS 0x0000000088b00000, 0x0000000088b00000| Untracked 
| 140|0x0000000088c00000, 0x0000000088c00000, 0x0000000088d00000|  0%| F|  |TAMS 0x0000000088c00000, 0x0000000088c00000| Untracked 
| 141|0x0000000088d00000, 0x0000000088d00000, 0x0000000088e00000|  0%| F|  |TAMS 0x0000000088d00000, 0x0000000088d00000| Untracked 
| 142|0x0000000088e00000, 0x0000000088e00000, 0x0000000088f00000|  0%| F|  |TAMS 0x0000000088e00000, 0x0000000088e00000| Untracked 
| 143|0x0000000088f00000, 0x0000000088f00000, 0x0000000089000000|  0%| F|  |TAMS 0x0000000088f00000, 0x0000000088f00000| Untracked 
| 144|0x0000000089000000, 0x0000000089000000, 0x0000000089100000|  0%| F|  |TAMS 0x0000000089000000, 0x0000000089000000| Untracked 
| 145|0x0000000089100000, 0x0000000089100000, 0x0000000089200000|  0%| F|  |TAMS 0x0000000089100000, 0x0000000089100000| Untracked 
| 146|0x0000000089200000, 0x0000000089200000, 0x0000000089300000|  0%| F|  |TAMS 0x0000000089200000, 0x0000000089200000| Untracked 
| 147|0x0000000089300000, 0x0000000089300000, 0x0000000089400000|  0%| F|  |TAMS 0x0000000089300000, 0x0000000089300000| Untracked 
| 148|0x0000000089400000, 0x0000000089400000, 0x0000000089500000|  0%| F|  |TAMS 0x0000000089400000, 0x0000000089400000| Untracked 
| 149|0x0000000089500000, 0x0000000089500000, 0x0000000089600000|  0%| F|  |TAMS 0x0000000089500000, 0x0000000089500000| Untracked 
| 150|0x0000000089600000, 0x0000000089600000, 0x0000000089700000|  0%| F|  |TAMS 0x0000000089600000, 0x0000000089600000| Untracked 
| 151|0x0000000089700000, 0x0000000089700000, 0x0000000089800000|  0%| F|  |TAMS 0x0000000089700000, 0x0000000089700000| Untracked 
| 152|0x0000000089800000, 0x0000000089800000, 0x0000000089900000|  0%| F|  |TAMS 0x0000000089800000, 0x0000000089800000| Untracked 
| 153|0x0000000089900000, 0x0000000089900000, 0x0000000089a00000|  0%| F|  |TAMS 0x0000000089900000, 0x0000000089900000| Untracked 
| 154|0x0000000089a00000, 0x0000000089a00000, 0x0000000089b00000|  0%| F|  |TAMS 0x0000000089a00000, 0x0000000089a00000| Untracked 
| 155|0x0000000089b00000, 0x0000000089b00000, 0x0000000089c00000|  0%| F|  |TAMS 0x0000000089b00000, 0x0000000089b00000| Untracked 
| 156|0x0000000089c00000, 0x0000000089c00000, 0x0000000089d00000|  0%| F|  |TAMS 0x0000000089c00000, 0x0000000089c00000| Untracked 
| 157|0x0000000089d00000, 0x0000000089d00000, 0x0000000089e00000|  0%| F|  |TAMS 0x0000000089d00000, 0x0000000089d00000| Untracked 
| 158|0x0000000089e00000, 0x0000000089e00000, 0x0000000089f00000|  0%| F|  |TAMS 0x0000000089e00000, 0x0000000089e00000| Untracked 
| 159|0x0000000089f00000, 0x000000008a000000, 0x000000008a000000|100%| S|CS|TAMS 0x0000000089f00000, 0x0000000089f00000| Complete 
| 160|0x000000008a000000, 0x000000008a000000, 0x000000008a100000|  0%| F|  |TAMS 0x000000008a000000, 0x000000008a000000| Untracked 
| 161|0x000000008a100000, 0x000000008a100000, 0x000000008a200000|  0%| F|  |TAMS 0x000000008a100000, 0x000000008a100000| Untracked 

Card table byte_map: [0x000002aaf7540000,0x000002aaf7940000] _byte_map_base: 0x000002aaf7140000

Marking Bits (Prev, Next): (CMBitMap*) 0x000002aae49af160, (CMBitMap*) 0x000002aae49af1a0
 Prev Bits: [0x000002aaf7d40000, 0x000002aaf9d40000)
 Next Bits: [0x000002aaf9d40000, 0x000002aafbd40000)

Polling page: 0x000002aae2880000

Metaspace:

Usage:
  Non-class:     73.38 MB used.
      Class:     11.78 MB used.
       Both:     85.16 MB used.

Virtual space:
  Non-class space:       80.00 MB reserved,      73.69 MB ( 92%) committed,  10 nodes.
      Class space:        1.00 GB reserved,      12.06 MB (  1%) committed,  1 nodes.
             Both:        1.08 GB reserved,      85.75 MB (  8%) committed. 

Chunk freelists:
   Non-Class:  2.26 MB
       Class:  3.89 MB
        Both:  6.15 MB

MaxMetaspaceSize: unlimited
CompressedClassSpaceSize: 1.00 GB
Initial GC threshold: 21.00 MB
Current GC threshold: 142.44 MB
CDS: off
MetaspaceReclaimPolicy: balanced
 - commit_granule_bytes: 65536.
 - commit_granule_words: 8192.
 - virtual_space_node_default_size: 1048576.
 - enlarge_chunks_in_place: 1.
 - new_chunks_are_fully_committed: 0.
 - uncommit_free_chunks: 1.
 - use_allocation_guard: 0.
 - handle_deallocations: 1.


Internal statistics:

num_allocs_failed_limit: 6.
num_arena_births: 852.
num_arena_deaths: 0.
num_vsnodes_births: 11.
num_vsnodes_deaths: 0.
num_space_committed: 1372.
num_space_uncommitted: 0.
num_chunks_returned_to_freelist: 6.
num_chunks_taken_from_freelist: 4004.
num_chunk_merges: 6.
num_chunk_splits: 2635.
num_chunks_enlarged: 1736.
num_purges: 0.
num_inconsistent_stats: 0.

CodeHeap 'non-profiled nmethods': size=120000Kb used=4939Kb max_used=5626Kb free=115060Kb
 bounds [0x000002aaef8e0000, 0x000002aaefe60000, 0x000002aaf6e10000]
CodeHeap 'profiled nmethods': size=120000Kb used=17538Kb max_used=19628Kb free=102461Kb
 bounds [0x000002aae7e10000, 0x000002aae9140000, 0x000002aaef340000]
CodeHeap 'non-nmethods': size=5760Kb used=2369Kb max_used=2461Kb free=3390Kb
 bounds [0x000002aaef340000, 0x000002aaef5d0000, 0x000002aaef8e0000]
 total_blobs=9959 nmethods=9059 adapters=812
 compilation: enabled
              stopped_count=0, restarted_count=0
 full_count=0

Compilation events (20 events):
Event: 12.084 Thread 0x000002aaff06a440 nmethod 10621 0x000002aae7ecec90 code [0x000002aae7ecee60, 0x000002aae7ecf1e8]
Event: 12.085 Thread 0x000002aaff06a440 10622       3       org.gradle.internal.execution.steps.ValidateStep$1::visitImplementation (12 bytes)
Event: 12.085 Thread 0x000002aaff283f20 nmethod 10619 0x000002aaefbdc710 code [0x000002aaefbdc8a0, 0x000002aaefbdcbf8]
Event: 12.085 Thread 0x000002aaff06a440 nmethod 10622 0x000002aae8076590 code [0x000002aae8076740, 0x000002aae80768e8]
Event: 12.085 Thread 0x000002aaff06a440 10623       3       java.util.stream.Collectors$$Lambda$1329/0x0000000100ae1c50::get (8 bytes)
Event: 12.085 Thread 0x000002aaff06a440 nmethod 10623 0x000002aae7fd4f10 code [0x000002aae7fd50c0, 0x000002aae7fd5358]
Event: 12.085 Thread 0x000002aaff06a440 10624       3       java.io.ObjectOutputStream$HandleTable::clear (27 bytes)
Event: 12.086 Thread 0x000002aaff06a440 nmethod 10624 0x000002aae80d4390 code [0x000002aae80d4560, 0x000002aae80d49b8]
Event: 12.086 Thread 0x000002aaff06a440 10626   !   3       sun.nio.ch.IOUtil::releaseScope (31 bytes)
Event: 12.086 Thread 0x000002aaff06a440 nmethod 10626 0x000002aae83e2110 code [0x000002aae83e22e0, 0x000002aae83e2628]
Event: 12.086 Thread 0x000002aaff06a440 10627       3       org.gradle.internal.properties.annotations.AbstractTypeMetadataWalker$InstanceTypeMetadataWalker::resolveType (5 bytes)
Event: 12.086 Thread 0x000002aaff06a440 nmethod 10627 0x000002aae7ecab10 code [0x000002aae7ecaca0, 0x000002aae7ecadd8]
Event: 12.086 Thread 0x000002aaff06a440 10628       3       org.gradle.internal.execution.model.annotations.AbstractInputFilePropertyAnnotationHandler::lambda$visitPropertyValue$0 (71 bytes)
Event: 12.086 Thread 0x000002aaff06a440 nmethod 10628 0x000002aae8189310 code [0x000002aae81895c0, 0x000002aae818a388]
Event: 12.086 Thread 0x000002aaff06a440 10625       1       org.gradle.execution.plan.Node::getExecutionFailure (5 bytes)
Event: 12.086 Thread 0x000002aaff06a440 nmethod 10625 0x000002aaefbadd10 code [0x000002aaefbadea0, 0x000002aaefbadf78]
Event: 12.087 Thread 0x000002aaff06a440 10629       3       java.io.ObjectStreamClass$FieldReflector::getObjFieldValues (96 bytes)
Event: 12.087 Thread 0x000002aaff06a440 nmethod 10629 0x000002aae7e87f10 code [0x000002aae7e88100, 0x000002aae7e88758]
Event: 12.087 Thread 0x000002aaff06a440 10630       3       java.io.ObjectOutputStream::writeInt (9 bytes)
Event: 12.087 Thread 0x000002aaff06a440 nmethod 10630 0x000002aae7efae10 code [0x000002aae7efafc0, 0x000002aae7efb128]

GC Heap History (20 events):
Event: 8.341 GC heap after
{Heap after GC invocations=26 (full 0):
 garbage-first heap   total 132096K, used 61846K [0x0000000080000000, 0x0000000100000000)
  region size 1024K, 6 young (6144K), 6 survivors (6144K)
 Metaspace       used 68885K, committed 69376K, reserved 1114112K
  class space    used 9185K, committed 9408K, reserved 1048576K
}
Event: 8.831 GC heap before
{Heap before GC invocations=26 (full 0):
 garbage-first heap   total 132096K, used 99734K [0x0000000080000000, 0x0000000100000000)
  region size 1024K, 43 young (44032K), 6 survivors (6144K)
 Metaspace       used 71672K, committed 72128K, reserved 1114112K
  class space    used 9634K, committed 9856K, reserved 1048576K
}
Event: 8.838 GC heap after
{Heap after GC invocations=27 (full 0):
 garbage-first heap   total 132096K, used 63235K [0x0000000080000000, 0x0000000100000000)
  region size 1024K, 2 young (2048K), 2 survivors (2048K)
 Metaspace       used 71672K, committed 72128K, reserved 1114112K
  class space    used 9634K, committed 9856K, reserved 1048576K
}
Event: 9.306 GC heap before
{Heap before GC invocations=27 (full 0):
 garbage-first heap   total 132096K, used 102147K [0x0000000080000000, 0x0000000100000000)
  region size 1024K, 40 young (40960K), 2 survivors (2048K)
 Metaspace       used 74762K, committed 75264K, reserved 1114112K
  class space    used 10198K, committed 10432K, reserved 1048576K
}
Event: 9.309 GC heap after
{Heap after GC invocations=28 (full 0):
 garbage-first heap   total 132096K, used 64649K [0x0000000080000000, 0x0000000100000000)
  region size 1024K, 3 young (3072K), 3 survivors (3072K)
 Metaspace       used 74762K, committed 75264K, reserved 1114112K
  class space    used 10198K, committed 10432K, reserved 1048576K
}
Event: 9.751 GC heap before
{Heap before GC invocations=29 (full 0):
 garbage-first heap   total 132096K, used 103561K [0x0000000080000000, 0x0000000100000000)
  region size 1024K, 42 young (43008K), 3 survivors (3072K)
 Metaspace       used 77729K, committed 78336K, reserved 1122304K
  class space    used 10641K, committed 10944K, reserved 1048576K
}
Event: 9.755 GC heap after
{Heap after GC invocations=30 (full 0):
 garbage-first heap   total 132096K, used 66447K [0x0000000080000000, 0x0000000100000000)
  region size 1024K, 6 young (6144K), 6 survivors (6144K)
 Metaspace       used 77729K, committed 78336K, reserved 1122304K
  class space    used 10641K, committed 10944K, reserved 1048576K
}
Event: 9.763 GC heap before
{Heap before GC invocations=30 (full 0):
 garbage-first heap   total 132096K, used 67471K [0x0000000080000000, 0x0000000100000000)
  region size 1024K, 7 young (7168K), 6 survivors (6144K)
 Metaspace       used 77819K, committed 78400K, reserved 1122304K
  class space    used 10653K, committed 10944K, reserved 1048576K
}
Event: 9.768 GC heap after
{Heap after GC invocations=31 (full 0):
 garbage-first heap   total 158720K, used 66624K [0x0000000080000000, 0x0000000100000000)
  region size 1024K, 1 young (1024K), 1 survivors (1024K)
 Metaspace       used 77819K, committed 78400K, reserved 1122304K
  class space    used 10653K, committed 10944K, reserved 1048576K
}
Event: 10.469 GC heap before
{Heap before GC invocations=31 (full 0):
 garbage-first heap   total 158720K, used 123968K [0x0000000080000000, 0x0000000100000000)
  region size 1024K, 57 young (58368K), 1 survivors (1024K)
 Metaspace       used 82995K, committed 83584K, reserved 1122304K
  class space    used 11408K, committed 11712K, reserved 1048576K
}
Event: 10.472 GC heap after
{Heap after GC invocations=32 (full 0):
 garbage-first heap   total 158720K, used 69350K [0x0000000080000000, 0x0000000100000000)
  region size 1024K, 4 young (4096K), 4 survivors (4096K)
 Metaspace       used 82995K, committed 83584K, reserved 1122304K
  class space    used 11408K, committed 11712K, reserved 1048576K
}
Event: 10.868 GC heap before
{Heap before GC invocations=32 (full 0):
 garbage-first heap   total 158720K, used 126694K [0x0000000080000000, 0x0000000100000000)
  region size 1024K, 60 young (61440K), 4 survivors (4096K)
 Metaspace       used 84478K, committed 85056K, reserved 1122304K
  class space    used 11667K, committed 11968K, reserved 1048576K
}
Event: 10.877 GC heap after
{Heap after GC invocations=33 (full 0):
 garbage-first heap   total 158720K, used 77178K [0x0000000080000000, 0x0000000100000000)
  region size 1024K, 8 young (8192K), 8 survivors (8192K)
 Metaspace       used 84478K, committed 85056K, reserved 1122304K
  class space    used 11667K, committed 11968K, reserved 1048576K
}
Event: 11.399 GC heap before
{Heap before GC invocations=33 (full 0):
 garbage-first heap   total 158720K, used 125306K [0x0000000080000000, 0x0000000100000000)
  region size 1024K, 56 young (57344K), 8 survivors (8192K)
 Metaspace       used 86404K, committed 87104K, reserved 1130496K
  class space    used 12019K, committed 12352K, reserved 1048576K
}
Event: 11.409 GC heap after
{Heap after GC invocations=34 (full 0):
 garbage-first heap   total 158720K, used 82680K [0x0000000080000000, 0x0000000100000000)
  region size 1024K, 6 young (6144K), 6 survivors (6144K)
 Metaspace       used 86404K, committed 87104K, reserved 1130496K
  class space    used 12019K, committed 12352K, reserved 1048576K
}
Event: 11.706 GC heap before
{Heap before GC invocations=34 (full 0):
 garbage-first heap   total 158720K, used 125688K [0x0000000080000000, 0x0000000100000000)
  region size 1024K, 49 young (50176K), 6 survivors (6144K)
 Metaspace       used 86748K, committed 87424K, reserved 1130496K
  class space    used 12029K, committed 12352K, reserved 1048576K
}
Event: 11.712 GC heap after
{Heap after GC invocations=35 (full 0):
 garbage-first heap   total 158720K, used 85900K [0x0000000080000000, 0x0000000100000000)
  region size 1024K, 4 young (4096K), 4 survivors (4096K)
 Metaspace       used 86748K, committed 87424K, reserved 1130496K
  class space    used 12029K, committed 12352K, reserved 1048576K
}
Event: 12.061 GC heap before
{Heap before GC invocations=36 (full 0):
 garbage-first heap   total 165888K, used 127884K [0x0000000080000000, 0x0000000100000000)
  region size 1024K, 46 young (47104K), 4 survivors (4096K)
 Metaspace       used 87180K, committed 87808K, reserved 1130496K
  class space    used 12063K, committed 12352K, reserved 1048576K
}
Event: 12.066 GC heap after
{Heap after GC invocations=37 (full 0):
 garbage-first heap   total 165888K, used 88194K [0x0000000080000000, 0x0000000100000000)
  region size 1024K, 6 young (6144K), 6 survivors (6144K)
 Metaspace       used 87180K, committed 87808K, reserved 1130496K
  class space    used 12063K, committed 12352K, reserved 1048576K
}
Event: 12.089 GC heap before
{Heap before GC invocations=37 (full 0):
 garbage-first heap   total 165888K, used 89218K [0x0000000080000000, 0x0000000100000000)
  region size 1024K, 8 young (8192K), 6 survivors (6144K)
 Metaspace       used 87207K, committed 87808K, reserved 1130496K
  class space    used 12064K, committed 12352K, reserved 1048576K
}

Dll operation events (3 events):
Event: 0.005 Loaded shared library C:\Program Files\Android\Android Studio\jbr\bin\java.dll
Event: 0.104 Loaded shared library C:\Program Files\Android\Android Studio\jbr\bin\zip.dll
Event: 0.325 Loaded shared library C:\Program Files\Android\Android Studio\jbr\bin\verify.dll

Deoptimization events (20 events):
Event: 12.010 Thread 0x000002aa84fe1710 Uncommon trap: trap_request=0xffffffbe fr.pc=0x000002aaefe5705c relative=0x00000000000003fc
Event: 12.010 Thread 0x000002aa84fe1710 Uncommon trap: reason=profile_predicate action=maybe_recompile pc=0x000002aaefe5705c method=java.util.Collections.indexedBinarySearch(Ljava/util/List;Ljava/lang/Object;Ljava/util/Comparator;)I @ 15 c2
Event: 12.010 Thread 0x000002aa84fe1710 DEOPT PACKING pc=0x000002aaefe5705c sp=0x000000b34c0fca00
Event: 12.010 Thread 0x000002aa84fe1710 DEOPT UNPACKING pc=0x000002aaef3969a3 sp=0x000000b34c0fc9c8 mode 2
Event: 12.010 Thread 0x000002aa84fe1710 Uncommon trap: trap_request=0xffffffbe fr.pc=0x000002aaefe5705c relative=0x00000000000003fc
Event: 12.010 Thread 0x000002aa84fe1710 Uncommon trap: reason=profile_predicate action=maybe_recompile pc=0x000002aaefe5705c method=java.util.Collections.indexedBinarySearch(Ljava/util/List;Ljava/lang/Object;Ljava/util/Comparator;)I @ 15 c2
Event: 12.010 Thread 0x000002aa84fe1710 DEOPT PACKING pc=0x000002aaefe5705c sp=0x000000b34c0fca00
Event: 12.010 Thread 0x000002aa84fe1710 DEOPT UNPACKING pc=0x000002aaef3969a3 sp=0x000000b34c0fc9c8 mode 2
Event: 12.011 Thread 0x000002aa84fe1710 Uncommon trap: trap_request=0xffffffbe fr.pc=0x000002aaefe5705c relative=0x00000000000003fc
Event: 12.011 Thread 0x000002aa84fe1710 Uncommon trap: reason=profile_predicate action=maybe_recompile pc=0x000002aaefe5705c method=java.util.Collections.indexedBinarySearch(Ljava/util/List;Ljava/lang/Object;Ljava/util/Comparator;)I @ 15 c2
Event: 12.011 Thread 0x000002aa84fe1710 DEOPT PACKING pc=0x000002aaefe5705c sp=0x000000b34c0fc800
Event: 12.011 Thread 0x000002aa84fe1710 DEOPT UNPACKING pc=0x000002aaef3969a3 sp=0x000000b34c0fc7c8 mode 2
Event: 12.011 Thread 0x000002aa84fe1710 Uncommon trap: trap_request=0xffffffbe fr.pc=0x000002aaefe5705c relative=0x00000000000003fc
Event: 12.011 Thread 0x000002aa84fe1710 Uncommon trap: reason=profile_predicate action=maybe_recompile pc=0x000002aaefe5705c method=java.util.Collections.indexedBinarySearch(Ljava/util/List;Ljava/lang/Object;Ljava/util/Comparator;)I @ 15 c2
Event: 12.011 Thread 0x000002aa84fe1710 DEOPT PACKING pc=0x000002aaefe5705c sp=0x000000b34c0fc800
Event: 12.011 Thread 0x000002aa84fe1710 DEOPT UNPACKING pc=0x000002aaef3969a3 sp=0x000000b34c0fc7c8 mode 2
Event: 12.025 Thread 0x000002aa82ce1a30 Uncommon trap: trap_request=0xffffff45 fr.pc=0x000002aaefe52d74 relative=0x0000000000001354
Event: 12.025 Thread 0x000002aa82ce1a30 Uncommon trap: reason=unstable_if action=reinterpret pc=0x000002aaefe52d74 method=java.util.concurrent.ConcurrentHashMap.putVal(Ljava/lang/Object;Ljava/lang/Object;Z)Ljava/lang/Object; @ 197 c2
Event: 12.025 Thread 0x000002aa82ce1a30 DEOPT PACKING pc=0x000002aaefe52d74 sp=0x000000b34acfa8d0
Event: 12.025 Thread 0x000002aa82ce1a30 DEOPT UNPACKING pc=0x000002aaef3969a3 sp=0x000000b34acfa850 mode 2

Classes unloaded (0 events):
No events

Classes redefined (0 events):
No events

Internal exceptions (20 events):
Event: 10.912 Thread 0x000002aa80f6ac50 Exception <a 'java/lang/NoSuchMethodError'{0x0000000089761520}: static Lorg/gradle/internal/build/event/types/DefaultTaskFinishedProgressEvent;.<clinit>()V> (0x0000000089761520) 
thrown [s\src\hotspot\share\prims\jni.cpp, line 1108]
Event: 10.914 Thread 0x000002aa80f6ac50 Exception <a 'java/lang/NoSuchMethodError'{0x00000000897834f0}: static Lorg/gradle/internal/build/event/types/DefaultTaskSuccessResult;.<clinit>()V> (0x00000000897834f0) 
thrown [s\src\hotspot\share\prims\jni.cpp, line 1108]
Event: 10.914 Thread 0x000002aa80f6ac50 Exception <a 'java/lang/NoSuchMethodError'{0x0000000089791450}: static Lorg/gradle/internal/build/event/types/AbstractTaskResult;.<clinit>()V> (0x0000000089791450) 
thrown [s\src\hotspot\share\prims\jni.cpp, line 1108]
Event: 10.920 Thread 0x000002aa82cde070 Exception <a 'sun/nio/fs/WindowsException'{0x00000000898c9f08}> (0x00000000898c9f08) 
thrown [s\src\hotspot\share\prims\jni.cpp, line 517]
Event: 10.929 Thread 0x000002aa80f6ac50 Exception <a 'java/lang/NoSuchMethodError'{0x0000000089513270}: static Lorg/gradle/internal/build/event/types/DefaultTaskSkippedResult;.<clinit>()V> (0x0000000089513270) 
thrown [s\src\hotspot\share\prims\jni.cpp, line 1108]
Event: 10.931 Thread 0x000002aa849ff310 Exception <a 'java/lang/NoSuchMethodError'{0x000000008951b5d0}: static Lcom/android/buildanalyzer/common/AndroidGradlePluginAttributionData$BuildInfo;.<clinit>()V> (0x000000008951b5d0) 
thrown [s\src\hotspot\share\prims\jni.cpp, line 1108]
Event: 10.933 Thread 0x000002aa849ff310 Exception <a 'java/lang/NoSuchMethodError'{0x00000000895419b8}: static Lcom/android/buildanalyzer/common/AndroidGradlePluginAttributionData$JavaInfo;.<clinit>()V> (0x00000000895419b8) 
thrown [s\src\hotspot\share\prims\jni.cpp, line 1108]
Event: 10.937 Thread 0x000002aa849ff310 Exception <a 'java/lang/NoSuchMethodError'{0x00000000895755a0}: static [Ljava/lang/String;.<clinit>()V> (0x00000000895755a0) 
thrown [s\src\hotspot\share\prims\jni.cpp, line 1108]
Event: 10.938 Thread 0x000002aa849ff310 Exception <a 'java/lang/NoSuchMethodError'{0x0000000089584a38}: static Lcom/android/buildanalyzer/common/AndroidGradlePluginAttributionData$TaskInfo;.<clinit>()V> (0x0000000089584a38) 
thrown [s\src\hotspot\share\prims\jni.cpp, line 1108]
Event: 10.939 Thread 0x000002aa849ff310 Exception <a 'java/lang/NoSuchMethodError'{0x0000000089591b88}: static Lcom/android/buildanalyzer/common/AndroidGradlePluginAttributionData$TaskCategoryInfo;.<clinit>()V> (0x0000000089591b88) 
thrown [s\src\hotspot\share\prims\jni.cpp, line 1108]
Event: 10.944 Thread 0x000002aa849ff310 Exception <a 'java/lang/NoSuchMethodError'{0x0000000089402d70}: 'void java.lang.invoke.DirectMethodHandle$Holder.invokeSpecial(java.lang.Object, java.lang.Object, java.lang.Object, int)'> (0x0000000089402d70) 
thrown [s\src\hotspot\share\interpreter\linkResolver.cpp, line 771]
Event: 11.176 Thread 0x000002aa82cde070 Exception <a 'java/lang/NoSuchMethodError'{0x00000000887ba918}: 'void java.lang.invoke.DirectMethodHandle$Holder.invokeStatic(java.lang.Object, java.lang.Object, java.lang.Object, java.lang.Object, int, java.lang.Object, java.lang.Object)'> (0x00000000887ba918) 
thrown [s\src\hotspot\share\interpreter\linkResolver.cpp, line 771]
Event: 11.342 Thread 0x000002aa87edcee0 Implicit null exception at 0x000002aaefde7060 to 0x000002aaefde70ec
Event: 11.365 Thread 0x000002aa87ede6f0 Exception <a 'java/lang/NoSuchMethodError'{0x00000000870a5500}: 'void java.lang.invoke.DirectMethodHandle$Holder.invokeVirtual(java.lang.Object, java.lang.Object)'> (0x00000000870a5500) 
thrown [s\src\hotspot\share\interpreter\linkResolver.cpp, line 771]
Event: 11.622 Thread 0x000002aa87ede6f0 Implicit null exception at 0x000002aaefe1e460 to 0x000002aaefe1ed84
Event: 11.622 Thread 0x000002aa87ede6f0 Implicit null exception at 0x000002aaefe1e460 to 0x000002aaefe1ed84
Event: 11.624 Thread 0x000002aa82cde070 Implicit null exception at 0x000002aaefe1e460 to 0x000002aaefe1ed84
Event: 11.624 Thread 0x000002aa82cde070 Implicit null exception at 0x000002aaefe1e460 to 0x000002aaefe1ed84
Event: 11.713 Thread 0x000002aa8494cc10 Implicit null exception at 0x000002aaefe28908 to 0x000002aaefe29298
Event: 11.714 Thread 0x000002aa81e034b0 Implicit null exception at 0x000002aaefe28908 to 0x000002aaefe29298

VM Operations (20 events):
Event: 11.672 Executing VM operation: HandshakeAllThreads done
Event: 11.706 Executing VM operation: G1CollectForAllocation
Event: 11.712 Executing VM operation: G1CollectForAllocation done
Event: 11.789 Executing VM operation: G1Concurrent
Event: 11.794 Executing VM operation: G1Concurrent done
Event: 11.828 Executing VM operation: G1Concurrent
Event: 11.828 Executing VM operation: G1Concurrent done
Event: 11.873 Executing VM operation: HandshakeAllThreads
Event: 11.874 Executing VM operation: HandshakeAllThreads done
Event: 12.002 Executing VM operation: ICBufferFull
Event: 12.003 Executing VM operation: ICBufferFull done
Event: 12.013 Executing VM operation: HandshakeAllThreads
Event: 12.013 Executing VM operation: HandshakeAllThreads done
Event: 12.037 Executing VM operation: HandshakeAllThreads
Event: 12.037 Executing VM operation: HandshakeAllThreads done
Event: 12.061 Executing VM operation: G1CollectForAllocation
Event: 12.066 Executing VM operation: G1CollectForAllocation done
Event: 12.068 Executing VM operation: HandshakeAllThreads
Event: 12.068 Executing VM operation: HandshakeAllThreads done
Event: 12.089 Executing VM operation: G1CollectForAllocation

Events (20 events):
Event: 12.083 Thread 0x000002aaff06cd50 flushing nmethod 0x000002aae8e4b090
Event: 12.083 Thread 0x000002aaff06cd50 flushing nmethod 0x000002aae8e4d910
Event: 12.083 Thread 0x000002aaff06cd50 flushing nmethod 0x000002aae8e52a90
Event: 12.083 Thread 0x000002aaff06cd50 flushing nmethod 0x000002aae8e67d10
Event: 12.083 Thread 0x000002aaff06cd50 flushing nmethod 0x000002aae8e68b90
Event: 12.083 Thread 0x000002aaff06cd50 flushing nmethod 0x000002aae8e70d90
Event: 12.083 Thread 0x000002aaff06cd50 flushing nmethod 0x000002aae8e74890
Event: 12.083 Thread 0x000002aaff06cd50 flushing nmethod 0x000002aae8e75790
Event: 12.083 Thread 0x000002aaff06cd50 flushing nmethod 0x000002aae8e76510
Event: 12.083 Thread 0x000002aaff06cd50 flushing nmethod 0x000002aae8e7a190
Event: 12.083 Thread 0x000002aaff06cd50 flushing nmethod 0x000002aae8e85990
Event: 12.083 Thread 0x000002aaff06cd50 flushing nmethod 0x000002aae8ecc290
Event: 12.083 Thread 0x000002aaff06cd50 flushing nmethod 0x000002aae8ecdd90
Event: 12.084 Thread 0x000002aaff06cd50 flushing nmethod 0x000002aae8f6f710
Event: 12.084 Thread 0x000002aaff06cd50 flushing nmethod 0x000002aae9004910
Event: 12.084 Thread 0x000002aaff06cd50 flushing nmethod 0x000002aae900d810
Event: 12.084 Thread 0x000002aaff06cd50 flushing nmethod 0x000002aae9018410
Event: 12.085 Thread 0x000002aaff06cd50 flushing nmethod 0x000002aae9072e90
Event: 12.085 Thread 0x000002aaff06cd50 flushing nmethod 0x000002aae9078f10
Event: 12.085 Thread 0x000002aaff06cd50 flushing nmethod 0x000002aae907bb10


Dynamic libraries:
0x00007ff6cd8e0000 - 0x00007ff6cd8ea000 	C:\Program Files\Android\Android Studio\jbr\bin\java.exe
0x00007ff8cd950000 - 0x00007ff8cdb67000 	C:\WINDOWS\SYSTEM32\ntdll.dll
0x00007ff8cc990000 - 0x00007ff8cca54000 	C:\WINDOWS\System32\KERNEL32.DLL
0x00007ff8cb1c0000 - 0x00007ff8cb579000 	C:\WINDOWS\System32\KERNELBASE.dll
0x00007ff8cad40000 - 0x00007ff8cae51000 	C:\WINDOWS\System32\ucrtbase.dll
0x00007ff8a5300000 - 0x00007ff8a5317000 	C:\Program Files\Android\Android Studio\jbr\bin\jli.dll
0x00007ff8c6970000 - 0x00007ff8c698b000 	C:\Program Files\Android\Android Studio\jbr\bin\VCRUNTIME140.dll
0x00007ff8cce30000 - 0x00007ff8ccfde000 	C:\WINDOWS\System32\USER32.dll
0x00007ff8cb580000 - 0x00007ff8cb5a6000 	C:\WINDOWS\System32\win32u.dll
0x00007ff8b86a0000 - 0x00007ff8b8932000 	C:\WINDOWS\WinSxS\amd64_microsoft.windows.common-controls_6595b64144ccf1df_6.0.22621.4391_none_2715d37f73803e96\COMCTL32.dll
0x00007ff8cc230000 - 0x00007ff8cc259000 	C:\WINDOWS\System32\GDI32.dll
0x00007ff8ccd00000 - 0x00007ff8ccda7000 	C:\WINDOWS\System32\msvcrt.dll
0x00007ff8cb070000 - 0x00007ff8cb18b000 	C:\WINDOWS\System32\gdi32full.dll
0x00007ff8cae60000 - 0x00007ff8caefa000 	C:\WINDOWS\System32\msvcp_win.dll
0x00007ff8cc160000 - 0x00007ff8cc191000 	C:\WINDOWS\System32\IMM32.DLL
0x00007ff8c6680000 - 0x00007ff8c668c000 	C:\Program Files\Android\Android Studio\jbr\bin\vcruntime140_1.dll
0x00007ff8a62d0000 - 0x00007ff8a635d000 	C:\Program Files\Android\Android Studio\jbr\bin\msvcp140.dll
0x00007ff87a510000 - 0x00007ff87b17e000 	C:\Program Files\Android\Android Studio\jbr\bin\server\jvm.dll
0x00007ff8cc670000 - 0x00007ff8cc722000 	C:\WINDOWS\System32\ADVAPI32.dll
0x00007ff8cbb50000 - 0x00007ff8cbbf7000 	C:\WINDOWS\System32\sechost.dll
0x00007ff8cb190000 - 0x00007ff8cb1b8000 	C:\WINDOWS\System32\bcrypt.dll
0x00007ff8cc430000 - 0x00007ff8cc544000 	C:\WINDOWS\System32\RPCRT4.dll
0x00007ff8aad90000 - 0x00007ff8aad99000 	C:\WINDOWS\SYSTEM32\WSOCK32.dll
0x00007ff8c5cf0000 - 0x00007ff8c5d24000 	C:\WINDOWS\SYSTEM32\WINMM.dll
0x00007ff8c5c70000 - 0x00007ff8c5c7a000 	C:\WINDOWS\SYSTEM32\VERSION.dll
0x00007ff8cc730000 - 0x00007ff8cc7a1000 	C:\WINDOWS\System32\WS2_32.dll
0x00007ff8c9d40000 - 0x00007ff8c9d58000 	C:\WINDOWS\SYSTEM32\kernel.appcore.dll
0x00007ff8aaa20000 - 0x00007ff8aaa2a000 	C:\Program Files\Android\Android Studio\jbr\bin\jimage.dll
0x00007ff8c4290000 - 0x00007ff8c44c2000 	C:\WINDOWS\SYSTEM32\DBGHELP.DLL
0x00007ff8cbd80000 - 0x00007ff8cc10f000 	C:\WINDOWS\System32\combase.dll
0x00007ff8ccc10000 - 0x00007ff8ccce7000 	C:\WINDOWS\System32\OLEAUT32.dll
0x00007ff8a7180000 - 0x00007ff8a71b2000 	C:\WINDOWS\SYSTEM32\dbgcore.DLL
0x00007ff8cac50000 - 0x00007ff8caccb000 	C:\WINDOWS\System32\bcryptPrimitives.dll
0x00007ff8a5d20000 - 0x00007ff8a5d2e000 	C:\Program Files\Android\Android Studio\jbr\bin\instrument.dll
0x00007ff8a68c0000 - 0x00007ff8a68e5000 	C:\Program Files\Android\Android Studio\jbr\bin\java.dll
0x00007ff8a6280000 - 0x00007ff8a6298000 	C:\Program Files\Android\Android Studio\jbr\bin\zip.dll
0x00007ff8cd090000 - 0x00007ff8cd906000 	C:\WINDOWS\System32\SHELL32.dll
0x00007ff8c8b10000 - 0x00007ff8c9413000 	C:\WINDOWS\SYSTEM32\windows.storage.dll
0x00007ff8c89d0000 - 0x00007ff8c8b0f000 	C:\WINDOWS\SYSTEM32\wintypes.dll
0x00007ff8cc550000 - 0x00007ff8cc649000 	C:\WINDOWS\System32\SHCORE.dll
0x00007ff8cc810000 - 0x00007ff8cc86e000 	C:\WINDOWS\System32\shlwapi.dll
0x00007ff8cab80000 - 0x00007ff8cabab000 	C:\WINDOWS\SYSTEM32\profapi.dll
0x00007ff8a5ec0000 - 0x00007ff8a5ed9000 	C:\Program Files\Android\Android Studio\jbr\bin\net.dll
0x00007ff8c4ac0000 - 0x00007ff8c4bf6000 	C:\WINDOWS\SYSTEM32\WINHTTP.dll
0x00007ff8ca1c0000 - 0x00007ff8ca229000 	C:\WINDOWS\system32\mswsock.dll
0x00007ff8a5d30000 - 0x00007ff8a5d46000 	C:\Program Files\Android\Android Studio\jbr\bin\nio.dll
0x00007ff8a7140000 - 0x00007ff8a7150000 	C:\Program Files\Android\Android Studio\jbr\bin\verify.dll
0x00007ff8c5980000 - 0x00007ff8c59a7000 	C:\Users\scher\.gradle\native\68d5fa5c4cc2d200863cafc0d521ce42e7d3e7ee720ec0a83991735586a16f82\windows-amd64\native-platform.dll
0x00007ff8a18a0000 - 0x00007ff8a19e4000 	C:\Users\scher\.gradle\native\e376f236ea51e6404a007f0833ffe2c6e607c4080706a723a18a27aeea778392\windows-amd64\native-platform-file-events.dll
0x00007ff8a6e10000 - 0x00007ff8a6e19000 	C:\Program Files\Android\Android Studio\jbr\bin\management.dll
0x00007ff8a6cc0000 - 0x00007ff8a6ccb000 	C:\Program Files\Android\Android Studio\jbr\bin\management_ext.dll
0x00007ff8cccf0000 - 0x00007ff8cccf8000 	C:\WINDOWS\System32\PSAPI.DLL
0x00007ff8ca3f0000 - 0x00007ff8ca40b000 	C:\WINDOWS\SYSTEM32\CRYPTSP.dll
0x00007ff8c9ca0000 - 0x00007ff8c9cd5000 	C:\WINDOWS\system32\rsaenh.dll
0x00007ff8ca280000 - 0x00007ff8ca2a8000 	C:\WINDOWS\SYSTEM32\USERENV.dll
0x00007ff8ca410000 - 0x00007ff8ca41c000 	C:\WINDOWS\SYSTEM32\CRYPTBASE.dll
0x00007ff8c96c0000 - 0x00007ff8c96ed000 	C:\WINDOWS\SYSTEM32\IPHLPAPI.DLL
0x00007ff8cc870000 - 0x00007ff8cc879000 	C:\WINDOWS\System32\NSI.dll
0x00007ff8c5090000 - 0x00007ff8c50a9000 	C:\WINDOWS\SYSTEM32\dhcpcsvc6.DLL
0x00007ff8c35b0000 - 0x00007ff8c35cf000 	C:\WINDOWS\SYSTEM32\dhcpcsvc.DLL
0x00007ff8c9740000 - 0x00007ff8c9842000 	C:\WINDOWS\SYSTEM32\DNSAPI.dll
0x00007ff8a5eb0000 - 0x00007ff8a5eb8000 	C:\WINDOWS\system32\wshunix.dll

dbghelp: loaded successfully - version: 4.0.5 - missing functions: none
symbol engine: initialized successfully - sym options: 0x614 - pdb path: .;C:\Program Files\Android\Android Studio\jbr\bin;C:\WINDOWS\SYSTEM32;C:\WINDOWS\WinSxS\amd64_microsoft.windows.common-controls_6595b64144ccf1df_6.0.22621.4391_none_2715d37f73803e96;C:\Program Files\Android\Android Studio\jbr\bin\server;C:\Users\scher\.gradle\native\68d5fa5c4cc2d200863cafc0d521ce42e7d3e7ee720ec0a83991735586a16f82\windows-amd64;C:\Users\scher\.gradle\native\e376f236ea51e6404a007f0833ffe2c6e607c4080706a723a18a27aeea778392\windows-amd64

VM Arguments:
jvm_args: --add-opens=java.base/java.util=ALL-UNNAMED --add-opens=java.base/java.lang=ALL-UNNAMED --add-opens=java.base/java.lang.invoke=ALL-UNNAMED --add-opens=java.prefs/java.util.prefs=ALL-UNNAMED --add-opens=java.base/java.nio.charset=ALL-UNNAMED --add-opens=java.base/java.net=ALL-UNNAMED --add-opens=java.base/java.util.concurrent.atomic=ALL-UNNAMED -Xmx2048m -Dfile.encoding=UTF-8 -Duser.country=BR -Duser.language=pt -Duser.variant -javaagent:C:\Users\scher\.gradle\wrapper\dists\gradle-8.1-bin\2eyty4r6kz6fpakefpk52nbbm\gradle-8.1\lib\agents\gradle-instrumentation-agent-8.1.jar 
java_command: org.gradle.launcher.daemon.bootstrap.GradleDaemon 8.1
java_class_path (initial): C:\Users\scher\.gradle\wrapper\dists\gradle-8.1-bin\2eyty4r6kz6fpakefpk52nbbm\gradle-8.1\lib\gradle-launcher-8.1.jar
Launcher Type: SUN_STANDARD

[Global flags]
     intx CICompilerCount                          = 4                                         {product} {ergonomic}
     uint ConcGCThreads                            = 2                                         {product} {ergonomic}
     uint G1ConcRefinementThreads                  = 8                                         {product} {ergonomic}
   size_t G1HeapRegionSize                         = 1048576                                   {product} {ergonomic}
    uintx GCDrainStackTargetSize                   = 64                                        {product} {ergonomic}
   size_t InitialHeapSize                          = 134217728                                 {product} {ergonomic}
   size_t MarkStackSize                            = 4194304                                   {product} {ergonomic}
   size_t MaxHeapSize                              = 2147483648                                {product} {command line}
   size_t MaxNewSize                               = 1287651328                                {product} {ergonomic}
   size_t MinHeapDeltaBytes                        = 1048576                                   {product} {ergonomic}
   size_t MinHeapSize                              = 8388608                                   {product} {ergonomic}
    uintx NonNMethodCodeHeapSize                   = 5839372                                {pd product} {ergonomic}
    uintx NonProfiledCodeHeapSize                  = 122909434                              {pd product} {ergonomic}
    uintx ProfiledCodeHeapSize                     = 122909434                              {pd product} {ergonomic}
    uintx ReservedCodeCacheSize                    = 251658240                              {pd product} {ergonomic}
     bool SegmentedCodeCache                       = true                                      {product} {ergonomic}
   size_t SoftMaxHeapSize                          = 2147483648                             {manageable} {ergonomic}
     bool UseCompressedClassPointers               = true                           {product lp64_product} {ergonomic}
     bool UseCompressedOops                        = true                           {product lp64_product} {ergonomic}
     bool UseG1GC                                  = true                                      {product} {ergonomic}
     bool UseLargePagesIndividualAllocation        = false                                  {pd product} {ergonomic}

Logging:
Log output configuration:
 #0: stdout all=warning uptime,level,tags
 #1: stderr all=off uptime,level,tags

Environment Variables:
PATH=C:\Program Files\Common Files\Oracle\Java\javapath;C:\Program Files (x86)\Embarcadero\Studio\22.0\bin;C:\Users\Public\Documents\Embarcadero\Studio\22.0\Bpl;C:\Program Files (x86)\Embarcadero\Studio\22.0\bin64;C:\Users\Public\Documents\Embarcadero\Studio\22.0\Bpl\Win64;C:\Program Files (x86)\Embarcadero\Studio\21.0\bin;C:\Users\Public\Documents\Embarcadero\Studio\21.0\Bpl;C:\Program Files (x86)\Embarcadero\Studio\21.0\bin64;C:\Users\Public\Documents\Embarcadero\Studio\21.0\Bpl\Win64;C:\Windows\system32;C:\Windows;C:\Windows\System32\Wbem;C:\Windows\System32\WindowsPowerShell\v1.0\;C:\Windows\System32\OpenSSH\;C:\Program Files (x86)\NVIDIA Corporation\PhysX\Common;C:\Program Files\NVIDIA Corporation\NVIDIA NvDLISR;C:\WINDOWS\system32;C:\WINDOWS;C:\WINDOWS\System32\Wbem;C:\WINDOWS\System32\WindowsPowerShell\v1.0\;C:\WINDOWS\System32\OpenSSH\;C:\Program Files\dotnet\;C:\Program Files (x86)\Windows Kits\10\Windows Performance Toolkit\;C:\Program Files\Git\cmd;C:\Users\scher\AppData\Local\Microsoft\WindowsApps;;C:\Users\scher\AppData\Local\Programs\Microsoft VS Code\bin
USERNAME=scher
OS=Windows_NT
PROCESSOR_IDENTIFIER=Intel64 Family 6 Model 142 Stepping 12, GenuineIntel
TMP=C:\Users\scher\AppData\Local\Temp
TEMP=C:\Users\scher\AppData\Local\Temp


JNI global refs:
JNI global refs: 27, weak refs: 0

JNI global refs memory usage: 843, weak refs: 841


---------------  S Y S T E M  ---------------

OS:
 Windows 11 , 64 bit Build 22621 (10.0.22621.4391)
OS uptime: 0 days 4:39 hours
Hyper-V role detected

CPU: total 8 (initial active 8) (4 cores per cpu, 2 threads per core) family 6 model 142 stepping 12 microcode 0xea, cx8, cmov, fxsr, ht, mmx, 3dnowpref, sse, sse2, sse3, ssse3, sse4.1, sse4.2, popcnt, lzcnt, tsc, tscinvbit, avx, avx2, aes, erms, clmul, bmi1, bmi2, adx, fma, vzeroupper, clflush, clflushopt, hv

Memory: 4k page, system-wide physical 8072M (458M free)
TotalPageFile size 10120M (AvailPageFile size 90M)
current process WorkingSet (physical memory assigned to process): 411M, peak: 411M
current process commit charge ("private bytes"): 445M, peak: 607M

vm_info: OpenJDK 64-Bit Server VM (17.0.6+0-b2043.56-10027231) for windows-amd64 JRE (17.0.6+0-b2043.56-10027231), built on Apr 28 2023 00:43:19 by "androidbuild" with MS VC++ 16.10 / 16.11 (VS2019)

END.
