#
# There is insufficient memory for the Java Runtime Environment to continue.
# Native memory allocation (mmap) failed to map 93323264 bytes for G1 virtual space
# Possible reasons:
#   The system is out of physical RAM or swap space
#   The process is running with CompressedOops enabled, and the Java Heap may be blocking the growth of the native heap
# Possible solutions:
#   Reduce memory load on the system
#   Increase physical memory or swap space
#   Check if swap backing store is full
#   Decrease Java heap size (-Xmx/-Xms)
#   Decrease number of Java threads
#   Decrease Java thread stack sizes (-Xss)
#   Set larger code cache with -XX:ReservedCodeCacheSize=
#   JVM is running with Unscaled Compressed Oops mode in which the Java heap is
#     placed in the first 4GB address space. The Java Heap base address is the
#     maximum limit for the native heap growth. Please use -XX:HeapBaseMinAddress
#     to set the Java Heap base and to place the Java Heap above 4GB virtual address.
# This output file may be truncated or incomplete.
#
#  Out of Memory Error (os_windows.cpp:3769), pid=12576, tid=10868
#
# JRE version: OpenJDK Runtime Environment (17.0.6) (build 17.0.6+0-b2043.56-10027231)
# Java VM: OpenJDK 64-Bit Server VM (17.0.6+0-b2043.56-10027231, mixed mode, tiered, compressed oops, compressed class ptrs, g1 gc, windows-amd64)
# No core dump will be written. Minidumps are not enabled by default on client versions of Windows
#

---------------  S U M M A R Y ------------

Command Line: --add-opens=java.base/java.util=ALL-UNNAMED --add-opens=java.base/java.lang=ALL-UNNAMED --add-opens=java.base/java.lang.invoke=ALL-UNNAMED --add-opens=java.prefs/java.util.prefs=ALL-UNNAMED --add-opens=java.base/java.nio.charset=ALL-UNNAMED --add-opens=java.base/java.net=ALL-UNNAMED --add-opens=java.base/java.util.concurrent.atomic=ALL-UNNAMED -Xmx2048m -Dfile.encoding=UTF-8 -Duser.country=BR -Duser.language=pt -Duser.variant -javaagent:C:\Users\scher\.gradle\wrapper\dists\gradle-8.1-bin\2eyty4r6kz6fpakefpk52nbbm\gradle-8.1\lib\agents\gradle-instrumentation-agent-8.1.jar org.gradle.launcher.daemon.bootstrap.GradleDaemon 8.1

Host: Intel(R) Core(TM) i7-8565U CPU @ 1.80GHz, 8 cores, 7G,  Windows 11 , 64 bit Build 22621 (10.0.22621.4391)
Time: Sat Dec  7 01:04:12 2024 Hora oficial do Brasil elapsed time: 12.820487 seconds (0d 0h 0m 12s)

---------------  T H R E A D  ---------------

Current thread (0x000002491fc6fa20):  VMThread "VM Thread" [stack: 0x0000009d1ca00000,0x0000009d1cb00000] [id=10868]

Stack: [0x0000009d1ca00000,0x0000009d1cb00000]
Native frames: (J=compiled Java code, j=interpreted, Vv=VM code, C=native code)
V  [jvm.dll+0x683c9a]
V  [jvm.dll+0x8427a4]
V  [jvm.dll+0x843f9e]
V  [jvm.dll+0x844603]
V  [jvm.dll+0x249b75]
V  [jvm.dll+0x680b69]
V  [jvm.dll+0x67505a]
V  [jvm.dll+0x309acb]
V  [jvm.dll+0x310f86]
V  [jvm.dll+0x3608ee]
V  [jvm.dll+0x360b1f]
V  [jvm.dll+0x2dfbf8]
V  [jvm.dll+0x2ddec4]
V  [jvm.dll+0x2dd4cc]
V  [jvm.dll+0x321f3b]
V  [jvm.dll+0x848ccb]
V  [jvm.dll+0x849a04]
V  [jvm.dll+0x849f1d]
V  [jvm.dll+0x84a2f4]
V  [jvm.dll+0x84a3c0]
V  [jvm.dll+0x7f274a]
V  [jvm.dll+0x682ad5]
C  [ucrtbase.dll+0x29333]
C  [KERNEL32.DLL+0x1259d]
C  [ntdll.dll+0x5af38]

VM_Operation (0x0000009d20efa570): G1CollectForAllocation, mode: safepoint, requested by thread 0x0000024927c1cf50


---------------  P R O C E S S  ---------------

Threads class SMR info:
_java_thread_list=0x000002492c4f9370, length=79, elements={
0x0000024903e60f60, 0x000002491fc53500, 0x000002491fc54370, 0x00000249208352a0,
0x0000024920835b60, 0x0000024920838430, 0x0000024920838de0, 0x0000024920839b70,
0x0000024920842620, 0x0000024920848520, 0x0000024920961690, 0x0000024920aae840,
0x0000024920bf9460, 0x0000024920e8a5d0, 0x00000249222a41a0, 0x00000249222a4b40,
0x00000249222a3800, 0x00000249222a1ff0, 0x00000249222a3cd0, 0x00000249222a2990,
0x00000249222a1650, 0x00000249222a24c0, 0x00000249222a4670, 0x00000249222a1180,
0x00000249222a1b20, 0x00000249222a2e60, 0x00000249222a3330, 0x000002492431d9b0,
0x000002492431e820, 0x000002492431c670, 0x000002492431de80, 0x000002492431f690,
0x000002492431bcd0, 0x000002492431ecf0, 0x000002492431cb40, 0x000002492431f1c0,
0x000002492431d010, 0x000002492430cb00, 0x000002492430fb20, 0x00000249243104c0,
0x000002492430e310, 0x000002492430b7c0, 0x000002492430ae20, 0x000002492430e7e0,
0x000002492430fff0, 0x0000024924308c70, 0x000002492430d970, 0x000002492430bc90,
0x000002492430de40, 0x000002492430c160, 0x000002492430b2f0, 0x0000024924309140,
0x0000024924309610, 0x000002492430f650, 0x000002492430a950, 0x0000024927c1cf50,
0x0000024927c1d420, 0x0000024927c19f30, 0x0000024927c18250, 0x0000024927c1ca80,
0x0000024927c18bf0, 0x0000024927c16f10, 0x0000024927c1b740, 0x0000024927c19590,
0x0000024927c1b270, 0x0000024927c17d80, 0x0000024927c178b0, 0x0000024927c173e0,
0x0000024927c1ada0, 0x0000024927c1d8f0, 0x0000024927c1c0e0, 0x0000024927c18720,
0x000002492ab56350, 0x000002492ab55e80, 0x000002492ab56820, 0x000002492ab56cf0,
0x000002492ab554e0, 0x000002492ab559b0, 0x000002492a30b650
}

Java Threads: ( => current thread )
  0x0000024903e60f60 JavaThread "main" [_thread_blocked, id=6816, stack(0x0000009d1c400000,0x0000009d1c500000)]
  0x000002491fc53500 JavaThread "Reference Handler" daemon [_thread_blocked, id=4320, stack(0x0000009d1cb00000,0x0000009d1cc00000)]
  0x000002491fc54370 JavaThread "Finalizer" daemon [_thread_blocked, id=12732, stack(0x0000009d1cc00000,0x0000009d1cd00000)]
  0x00000249208352a0 JavaThread "Signal Dispatcher" daemon [_thread_blocked, id=13024, stack(0x0000009d1cd00000,0x0000009d1ce00000)]
  0x0000024920835b60 JavaThread "Attach Listener" daemon [_thread_blocked, id=6584, stack(0x0000009d1ce00000,0x0000009d1cf00000)]
  0x0000024920838430 JavaThread "Service Thread" daemon [_thread_blocked, id=13952, stack(0x0000009d1cf00000,0x0000009d1d000000)]
  0x0000024920838de0 JavaThread "Monitor Deflation Thread" daemon [_thread_blocked, id=3116, stack(0x0000009d1d000000,0x0000009d1d100000)]
  0x0000024920839b70 JavaThread "C2 CompilerThread0" daemon [_thread_blocked, id=8296, stack(0x0000009d1d100000,0x0000009d1d200000)]
  0x0000024920842620 JavaThread "C1 CompilerThread0" daemon [_thread_blocked, id=12740, stack(0x0000009d1d200000,0x0000009d1d300000)]
  0x0000024920848520 JavaThread "Sweeper thread" daemon [_thread_blocked, id=14612, stack(0x0000009d1d300000,0x0000009d1d400000)]
  0x0000024920961690 JavaThread "Common-Cleaner" daemon [_thread_blocked, id=11428, stack(0x0000009d1d400000,0x0000009d1d500000)]
  0x0000024920aae840 JavaThread "Notification Thread" daemon [_thread_blocked, id=3756, stack(0x0000009d1d500000,0x0000009d1d600000)]
  0x0000024920bf9460 JavaThread "C2 CompilerThread1" daemon [_thread_in_native, id=5400, stack(0x0000009d1d700000,0x0000009d1d800000)]
  0x0000024920e8a5d0 JavaThread "C2 CompilerThread2" daemon [_thread_blocked, id=13476, stack(0x0000009d1d800000,0x0000009d1d900000)]
  0x00000249222a41a0 JavaThread "Daemon health stats" [_thread_blocked, id=4764, stack(0x0000009d1dd00000,0x0000009d1de00000)]
  0x00000249222a4b40 JavaThread "Incoming local TCP Connector on port 51017" [_thread_in_native, id=7024, stack(0x0000009d1de00000,0x0000009d1df00000)]
  0x00000249222a3800 JavaThread "Daemon periodic checks" [_thread_blocked, id=12960, stack(0x0000009d1df00000,0x0000009d1e000000)]
  0x00000249222a1ff0 JavaThread "Daemon" [_thread_blocked, id=7260, stack(0x0000009d1e000000,0x0000009d1e100000)]
  0x00000249222a3cd0 JavaThread "Handler for socket connection from /127.0.0.1:51017 to /127.0.0.1:51018" [_thread_in_native, id=7876, stack(0x0000009d1e100000,0x0000009d1e200000)]
  0x00000249222a2990 JavaThread "Cancel handler" [_thread_blocked, id=12728, stack(0x0000009d1e200000,0x0000009d1e300000)]
  0x00000249222a1650 JavaThread "Daemon worker" [_thread_blocked, id=10036, stack(0x0000009d1e300000,0x0000009d1e400000)]
  0x00000249222a24c0 JavaThread "Asynchronous log dispatcher for DefaultDaemonConnection: socket connection from /127.0.0.1:51017 to /127.0.0.1:51018" [_thread_blocked, id=8544, stack(0x0000009d1e400000,0x0000009d1e500000)]
  0x00000249222a4670 JavaThread "Stdin handler" [_thread_blocked, id=12308, stack(0x0000009d1e500000,0x0000009d1e600000)]
  0x00000249222a1180 JavaThread "Daemon client event forwarder" [_thread_blocked, id=12340, stack(0x0000009d1e600000,0x0000009d1e700000)]
  0x00000249222a1b20 JavaThread "Cache worker for journal cache (C:\Users\scher\.gradle\caches\journal-1)" [_thread_blocked, id=3720, stack(0x0000009d1eb00000,0x0000009d1ec00000)]
  0x00000249222a2e60 JavaThread "File lock request listener" [_thread_in_native, id=8632, stack(0x0000009d1ec00000,0x0000009d1ed00000)]
  0x00000249222a3330 JavaThread "Cache worker for file hash cache (C:\Users\scher\.gradle\caches\8.1\fileHashes)" [_thread_blocked, id=3588, stack(0x0000009d1ed00000,0x0000009d1ee00000)]
  0x000002492431d9b0 JavaThread "File watcher server" daemon [_thread_blocked, id=8024, stack(0x0000009d1ee00000,0x0000009d1ef00000)]
  0x000002492431e820 JavaThread "File watcher consumer" daemon [_thread_blocked, id=13944, stack(0x0000009d1ef00000,0x0000009d1f000000)]
  0x000002492431c670 JavaThread "Cache worker for checksums cache (C:\Users\scher\Documents\PROJETOS ANDROID\NOVO\RECICLAAI\.gradle\8.1\checksums)" [_thread_blocked, id=8556, stack(0x0000009d1f000000,0x0000009d1f100000)]
  0x000002492431de80 JavaThread "Cache worker for cache directory md-rule (C:\Users\scher\.gradle\caches\8.1\md-rule)" [_thread_blocked, id=4228, stack(0x0000009d1f100000,0x0000009d1f200000)]
  0x000002492431f690 JavaThread "Cache worker for file content cache (C:\Users\scher\.gradle\caches\8.1\fileContent)" [_thread_blocked, id=11556, stack(0x0000009d1f200000,0x0000009d1f300000)]
  0x000002492431bcd0 JavaThread "Cache worker for file hash cache (C:\Users\scher\Documents\PROJETOS ANDROID\NOVO\RECICLAAI\.gradle\8.1\fileHashes)" [_thread_blocked, id=12304, stack(0x0000009d1f300000,0x0000009d1f400000)]
  0x000002492431ecf0 JavaThread "Cache worker for cache directory md-supplier (C:\Users\scher\.gradle\caches\8.1\md-supplier)" [_thread_blocked, id=1740, stack(0x0000009d1f400000,0x0000009d1f500000)]
  0x000002492431cb40 JavaThread "Cache worker for execution history cache (C:\Users\scher\.gradle\caches\8.1\executionHistory)" [_thread_blocked, id=5204, stack(0x0000009d1f500000,0x0000009d1f600000)]
  0x000002492431f1c0 JavaThread "jar transforms" [_thread_blocked, id=13204, stack(0x0000009d1f600000,0x0000009d1f700000)]
  0x000002492431d010 JavaThread "jar transforms Thread 2" [_thread_blocked, id=3404, stack(0x0000009d1f700000,0x0000009d1f800000)]
  0x000002492430cb00 JavaThread "jar transforms Thread 3" [_thread_blocked, id=5564, stack(0x0000009d1f800000,0x0000009d1f900000)]
  0x000002492430fb20 JavaThread "jar transforms Thread 4" [_thread_blocked, id=11960, stack(0x0000009d1f900000,0x0000009d1fa00000)]
  0x00000249243104c0 JavaThread "Cache worker for dependencies-accessors (C:\Users\scher\Documents\PROJETOS ANDROID\NOVO\RECICLAAI\.gradle\8.1\dependencies-accessors)" [_thread_blocked, id=15148, stack(0x0000009d1fa00000,0x0000009d1fb00000)]
  0x000002492430e310 JavaThread "jar transforms Thread 5" [_thread_blocked, id=1656, stack(0x0000009d1fb00000,0x0000009d1fc00000)]
  0x000002492430b7c0 JavaThread "Cache worker for Build Output Cleanup Cache (C:\Users\scher\Documents\PROJETOS ANDROID\NOVO\RECICLAAI\.gradle\buildOutputCleanup)" [_thread_blocked, id=8700, stack(0x0000009d1fc00000,0x0000009d1fd00000)]
  0x000002492430ae20 JavaThread "Unconstrained build operations" [_thread_blocked, id=12996, stack(0x0000009d1fd00000,0x0000009d1fe00000)]
  0x000002492430e7e0 JavaThread "Unconstrained build operations Thread 2" [_thread_blocked, id=11616, stack(0x0000009d1fe00000,0x0000009d1ff00000)]
  0x000002492430fff0 JavaThread "Unconstrained build operations Thread 3" [_thread_blocked, id=14884, stack(0x0000009d1ff00000,0x0000009d20000000)]
  0x0000024924308c70 JavaThread "Unconstrained build operations Thread 4" [_thread_blocked, id=13012, stack(0x0000009d20000000,0x0000009d20100000)]
  0x000002492430d970 JavaThread "Unconstrained build operations Thread 5" [_thread_blocked, id=4172, stack(0x0000009d20100000,0x0000009d20200000)]
  0x000002492430bc90 JavaThread "Unconstrained build operations Thread 6" [_thread_blocked, id=9572, stack(0x0000009d20200000,0x0000009d20300000)]
  0x000002492430de40 JavaThread "Unconstrained build operations Thread 7" [_thread_blocked, id=14572, stack(0x0000009d20300000,0x0000009d20400000)]
  0x000002492430c160 JavaThread "jar transforms Thread 6" [_thread_blocked, id=12016, stack(0x0000009d20400000,0x0000009d20500000)]
  0x000002492430b2f0 JavaThread "jar transforms Thread 7" [_thread_blocked, id=14576, stack(0x0000009d20500000,0x0000009d20600000)]
  0x0000024924309140 JavaThread "jar transforms Thread 8" [_thread_blocked, id=12756, stack(0x0000009d20600000,0x0000009d20700000)]
  0x0000024924309610 JavaThread "build event listener" [_thread_blocked, id=3776, stack(0x0000009d20700000,0x0000009d20800000)]
  0x000002492430f650 JavaThread "Memory manager" [_thread_blocked, id=13540, stack(0x0000009d20800000,0x0000009d20900000)]
  0x000002492430a950 JavaThread "included builds" [_thread_blocked, id=10776, stack(0x0000009d20d00000,0x0000009d20e00000)]
  0x0000024927c1cf50 JavaThread "Execution worker" [_thread_blocked, id=6232, stack(0x0000009d20e00000,0x0000009d20f00000)]
  0x0000024927c1d420 JavaThread "Execution worker Thread 2" [_thread_blocked, id=13264, stack(0x0000009d20f00000,0x0000009d21000000)]
  0x0000024927c19f30 JavaThread "Execution worker Thread 3" [_thread_blocked, id=4564, stack(0x0000009d21000000,0x0000009d21100000)]
  0x0000024927c18250 JavaThread "Execution worker Thread 4" [_thread_blocked, id=1316, stack(0x0000009d21100000,0x0000009d21200000)]
  0x0000024927c1ca80 JavaThread "Execution worker Thread 5" [_thread_blocked, id=5308, stack(0x0000009d21200000,0x0000009d21300000)]
  0x0000024927c18bf0 JavaThread "Execution worker Thread 6" [_thread_blocked, id=14956, stack(0x0000009d21300000,0x0000009d21400000)]
  0x0000024927c16f10 JavaThread "Execution worker Thread 7" [_thread_blocked, id=14692, stack(0x0000009d21400000,0x0000009d21500000)]
  0x0000024927c1b740 JavaThread "Cache worker for execution history cache (C:\Users\scher\Documents\PROJETOS ANDROID\NOVO\RECICLAAI\.gradle\8.1\executionHistory)" [_thread_blocked, id=6680, stack(0x0000009d21500000,0x0000009d21600000)]
  0x0000024927c19590 JavaThread "Unconstrained build operations Thread 8" [_thread_blocked, id=9672, stack(0x0000009d21600000,0x0000009d21700000)]
  0x0000024927c1b270 JavaThread "Unconstrained build operations Thread 9" [_thread_blocked, id=6376, stack(0x0000009d21700000,0x0000009d21800000)]
  0x0000024927c17d80 JavaThread "Unconstrained build operations Thread 10" [_thread_blocked, id=10128, stack(0x0000009d21800000,0x0000009d21900000)]
  0x0000024927c178b0 JavaThread "Unconstrained build operations Thread 11" [_thread_blocked, id=13448, stack(0x0000009d21900000,0x0000009d21a00000)]
  0x0000024927c173e0 JavaThread "Unconstrained build operations Thread 12" [_thread_blocked, id=2396, stack(0x0000009d21a00000,0x0000009d21b00000)]
  0x0000024927c1ada0 JavaThread "Unconstrained build operations Thread 13" [_thread_blocked, id=8996, stack(0x0000009d21b00000,0x0000009d21c00000)]
  0x0000024927c1d8f0 JavaThread "Unconstrained build operations Thread 14" [_thread_blocked, id=15124, stack(0x0000009d21c00000,0x0000009d21d00000)]
  0x0000024927c1c0e0 JavaThread "Unconstrained build operations Thread 15" [_thread_blocked, id=14032, stack(0x0000009d21d00000,0x0000009d21e00000)]
  0x0000024927c18720 JavaThread "Unconstrained build operations Thread 16" [_thread_blocked, id=3264, stack(0x0000009d21e00000,0x0000009d21f00000)]
  0x000002492ab56350 JavaThread "Unconstrained build operations Thread 17" [_thread_blocked, id=13596, stack(0x0000009d21f00000,0x0000009d22000000)]
  0x000002492ab55e80 JavaThread "Unconstrained build operations Thread 18" [_thread_blocked, id=2180, stack(0x0000009d22000000,0x0000009d22100000)]
  0x000002492ab56820 JavaThread "Unconstrained build operations Thread 19" [_thread_blocked, id=8736, stack(0x0000009d22100000,0x0000009d22200000)]
  0x000002492ab56cf0 JavaThread "Unconstrained build operations Thread 20" [_thread_blocked, id=12404, stack(0x0000009d22200000,0x0000009d22300000)]
  0x000002492ab554e0 JavaThread "Unconstrained build operations Thread 21" [_thread_blocked, id=11492, stack(0x0000009d22300000,0x0000009d22400000)]
  0x000002492ab559b0 JavaThread "Unconstrained build operations Thread 22" [_thread_blocked, id=10908, stack(0x0000009d22400000,0x0000009d22500000)]
  0x000002492a30b650 JavaThread "Unconstrained build operations Thread 23" [_thread_blocked, id=7888, stack(0x0000009d22500000,0x0000009d22600000)]

Other Threads:
=>0x000002491fc6fa20 VMThread "VM Thread" [stack: 0x0000009d1ca00000,0x0000009d1cb00000] [id=10868]
  0x0000024903ee4780 WatcherThread [stack: 0x0000009d1d600000,0x0000009d1d700000] [id=5164]
  0x0000024903ebbfc0 GCTaskThread "GC Thread#0" [stack: 0x0000009d1c500000,0x0000009d1c600000] [id=10388]
  0x0000024921ab8b90 GCTaskThread "GC Thread#1" [stack: 0x0000009d1d900000,0x0000009d1da00000] [id=13720]
  0x0000024921639fe0 GCTaskThread "GC Thread#2" [stack: 0x0000009d1da00000,0x0000009d1db00000] [id=848]
  0x00000249218392b0 GCTaskThread "GC Thread#3" [stack: 0x0000009d1db00000,0x0000009d1dc00000] [id=6672]
  0x0000024921b8f650 GCTaskThread "GC Thread#4" [stack: 0x0000009d1dc00000,0x0000009d1dd00000] [id=6520]
  0x0000024922c828d0 GCTaskThread "GC Thread#5" [stack: 0x0000009d1e700000,0x0000009d1e800000] [id=5220]
  0x0000024922c82b80 GCTaskThread "GC Thread#6" [stack: 0x0000009d1e800000,0x0000009d1e900000] [id=10608]
  0x00000249216b8de0 GCTaskThread "GC Thread#7" [stack: 0x0000009d1e900000,0x0000009d1ea00000] [id=3860]
  0x0000024903eccf00 ConcurrentGCThread "G1 Main Marker" [stack: 0x0000009d1c600000,0x0000009d1c700000] [id=10140]
  0x0000024903ecd910 ConcurrentGCThread "G1 Conc#0" [stack: 0x0000009d1c700000,0x0000009d1c800000] [id=1976]
  0x00000249216b9090 ConcurrentGCThread "G1 Conc#1" [stack: 0x0000009d1ea00000,0x0000009d1eb00000] [id=10160]
  0x0000024903f1e160 ConcurrentGCThread "G1 Refine#0" [stack: 0x0000009d1c800000,0x0000009d1c900000] [id=14600]
  0x0000024923859300 ConcurrentGCThread "G1 Refine#1" [stack: 0x0000009d20900000,0x0000009d20a00000] [id=15340]
  0x00000249238598c0 ConcurrentGCThread "G1 Refine#2" [stack: 0x0000009d20a00000,0x0000009d20b00000] [id=2956]
  0x0000024923859ba0 ConcurrentGCThread "G1 Refine#3" [stack: 0x0000009d20b00000,0x0000009d20c00000] [id=2348]
  0x0000024923858780 ConcurrentGCThread "G1 Refine#4" [stack: 0x0000009d20c00000,0x0000009d20d00000] [id=12364]
  0x0000024903f1eb80 ConcurrentGCThread "G1 Service" [stack: 0x0000009d1c900000,0x0000009d1ca00000] [id=8116]

Threads with active compile tasks:
C2 CompilerThread0    12836 11674       4       com.android.ide.common.blame.MergingLogPersistUtil::lambda$normalize$0 (107 bytes)
C2 CompilerThread1    12836 11548       4       com.android.utils.XmlUtils::append (597 bytes)
C2 CompilerThread2    12836 11673       4       com.android.ide.common.blame.MergingLogPersistUtil$$Lambda$1647/0x0000000100c7a998::accept (12 bytes)

VM state: at safepoint (normal execution)

VM Mutex/Monitor currently owned by a thread:  ([mutex/lock_event])
[0x0000024903e5c610] Threads_lock - owner thread: 0x000002491fc6fa20
[0x0000024903e5b770] Heap_lock - owner thread: 0x0000024927c1cf50

Heap address: 0x0000000080000000, size: 2048 MB, Compressed Oops mode: 32-bit

CDS archive(s) not mapped
Compressed class space mapped at: 0x0000000100000000-0x0000000140000000, reserved size: 1073741824
Narrow klass base: 0x0000000000000000, Narrow klass shift: 3, Narrow klass range: 0x140000000

GC Precious Log:
 CPUs: 8 total, 8 available
 Memory: 8072M
 Large Page Support: Disabled
 NUMA Support: Disabled
 Compressed Oops: Enabled (32-bit)
 Heap Region Size: 1M
 Heap Min Capacity: 8M
 Heap Initial Capacity: 128M
 Heap Max Capacity: 2G
 Pre-touch: Disabled
 Parallel Workers: 8
 Concurrent Workers: 2
 Concurrent Refinement Workers: 8
 Periodic GC: Disabled

Heap:
 garbage-first heap   total 203776K, used 124631K [0x0000000080000000, 0x0000000100000000)
  region size 1024K, 5 young (5120K), 5 survivors (5120K)
 Metaspace       used 91234K, committed 91840K, reserved 1130496K
  class space    used 12486K, committed 12736K, reserved 1048576K

Heap Regions: E=young(eden), S=young(survivor), O=old, HS=humongous(starts), HC=humongous(continues), CS=collection set, F=free, OA=open archive, CA=closed archive, TAMS=top-at-mark-start (previous, next)
|   0|0x0000000080000000, 0x0000000080100000, 0x0000000080100000|100%|HS|  |TAMS 0x0000000080100000, 0x0000000080100000| Complete 
|   1|0x0000000080100000, 0x0000000080200000, 0x0000000080200000|100%|HC|  |TAMS 0x0000000080200000, 0x0000000080200000| Complete 
|   2|0x0000000080200000, 0x0000000080300000, 0x0000000080300000|100%|HC|  |TAMS 0x0000000080300000, 0x0000000080300000| Complete 
|   3|0x0000000080300000, 0x0000000080400000, 0x0000000080400000|100%|HC|  |TAMS 0x0000000080400000, 0x0000000080400000| Complete 
|   4|0x0000000080400000, 0x0000000080500000, 0x0000000080500000|100%| O|  |TAMS 0x0000000080500000, 0x0000000080500000| Untracked 
|   5|0x0000000080500000, 0x0000000080600000, 0x0000000080600000|100%| O|  |TAMS 0x0000000080600000, 0x0000000080600000| Untracked 
|   6|0x0000000080600000, 0x0000000080700000, 0x0000000080700000|100%| O|  |TAMS 0x0000000080700000, 0x0000000080700000| Untracked 
|   7|0x0000000080700000, 0x0000000080800000, 0x0000000080800000|100%| O|  |TAMS 0x0000000080800000, 0x0000000080800000| Untracked 
|   8|0x0000000080800000, 0x0000000080900000, 0x0000000080900000|100%| O|  |TAMS 0x0000000080900000, 0x0000000080900000| Untracked 
|   9|0x0000000080900000, 0x0000000080a00000, 0x0000000080a00000|100%| O|  |TAMS 0x0000000080a00000, 0x0000000080a00000| Untracked 
|  10|0x0000000080a00000, 0x0000000080b00000, 0x0000000080b00000|100%| O|  |TAMS 0x0000000080b00000, 0x0000000080b00000| Untracked 
|  11|0x0000000080b00000, 0x0000000080c00000, 0x0000000080c00000|100%| O|  |TAMS 0x0000000080c00000, 0x0000000080c00000| Untracked 
|  12|0x0000000080c00000, 0x0000000080d00000, 0x0000000080d00000|100%| O|  |TAMS 0x0000000080d00000, 0x0000000080d00000| Untracked 
|  13|0x0000000080d00000, 0x0000000080e00000, 0x0000000080e00000|100%| O|  |TAMS 0x0000000080e00000, 0x0000000080e00000| Untracked 
|  14|0x0000000080e00000, 0x0000000080f00000, 0x0000000080f00000|100%| O|  |TAMS 0x0000000080f00000, 0x0000000080f00000| Untracked 
|  15|0x0000000080f00000, 0x0000000081000000, 0x0000000081000000|100%| O|  |TAMS 0x0000000081000000, 0x0000000081000000| Untracked 
|  16|0x0000000081000000, 0x0000000081100000, 0x0000000081100000|100%| O|  |TAMS 0x0000000081100000, 0x0000000081100000| Untracked 
|  17|0x0000000081100000, 0x0000000081200000, 0x0000000081200000|100%| O|  |TAMS 0x0000000081200000, 0x0000000081200000| Untracked 
|  18|0x0000000081200000, 0x0000000081300000, 0x0000000081300000|100%| O|  |TAMS 0x0000000081300000, 0x0000000081300000| Untracked 
|  19|0x0000000081300000, 0x0000000081400000, 0x0000000081400000|100%| O|  |TAMS 0x0000000081400000, 0x0000000081400000| Untracked 
|  20|0x0000000081400000, 0x0000000081500000, 0x0000000081500000|100%|HS|  |TAMS 0x0000000081500000, 0x0000000081500000| Complete 
|  21|0x0000000081500000, 0x0000000081600000, 0x0000000081600000|100%| O|  |TAMS 0x0000000081600000, 0x0000000081600000| Untracked 
|  22|0x0000000081600000, 0x0000000081700000, 0x0000000081700000|100%| O|  |TAMS 0x0000000081700000, 0x0000000081700000| Untracked 
|  23|0x0000000081700000, 0x0000000081800000, 0x0000000081800000|100%| O|  |TAMS 0x0000000081800000, 0x0000000081800000| Untracked 
|  24|0x0000000081800000, 0x0000000081900000, 0x0000000081900000|100%| O|  |TAMS 0x0000000081900000, 0x0000000081900000| Untracked 
|  25|0x0000000081900000, 0x0000000081a00000, 0x0000000081a00000|100%| O|  |TAMS 0x0000000081a00000, 0x0000000081a00000| Untracked 
|  26|0x0000000081a00000, 0x0000000081b00000, 0x0000000081b00000|100%| O|  |TAMS 0x0000000081b00000, 0x0000000081b00000| Untracked 
|  27|0x0000000081b00000, 0x0000000081c00000, 0x0000000081c00000|100%| O|  |TAMS 0x0000000081c00000, 0x0000000081c00000| Untracked 
|  28|0x0000000081c00000, 0x0000000081d00000, 0x0000000081d00000|100%| O|  |TAMS 0x0000000081d00000, 0x0000000081d00000| Untracked 
|  29|0x0000000081d00000, 0x0000000081e00000, 0x0000000081e00000|100%|HS|  |TAMS 0x0000000081e00000, 0x0000000081e00000| Complete 
|  30|0x0000000081e00000, 0x0000000081f00000, 0x0000000081f00000|100%| O|  |TAMS 0x0000000081f00000, 0x0000000081f00000| Untracked 
|  31|0x0000000081f00000, 0x0000000082000000, 0x0000000082000000|100%| O|  |TAMS 0x0000000082000000, 0x0000000082000000| Untracked 
|  32|0x0000000082000000, 0x0000000082100000, 0x0000000082100000|100%| O|  |TAMS 0x0000000082100000, 0x0000000082100000| Untracked 
|  33|0x0000000082100000, 0x0000000082200000, 0x0000000082200000|100%| O|  |TAMS 0x0000000082200000, 0x0000000082200000| Untracked 
|  34|0x0000000082200000, 0x0000000082300000, 0x0000000082300000|100%|HS|  |TAMS 0x0000000082300000, 0x0000000082300000| Complete 
|  35|0x0000000082300000, 0x0000000082400000, 0x0000000082400000|100%| O|  |TAMS 0x0000000082400000, 0x0000000082400000| Untracked 
|  36|0x0000000082400000, 0x0000000082500000, 0x0000000082500000|100%|HS|  |TAMS 0x0000000082500000, 0x0000000082500000| Complete 
|  37|0x0000000082500000, 0x0000000082600000, 0x0000000082600000|100%| O|  |TAMS 0x0000000082600000, 0x0000000082600000| Untracked 
|  38|0x0000000082600000, 0x0000000082700000, 0x0000000082700000|100%| O|  |TAMS 0x0000000082700000, 0x0000000082700000| Untracked 
|  39|0x0000000082700000, 0x0000000082800000, 0x0000000082800000|100%| O|  |TAMS 0x0000000082800000, 0x0000000082800000| Untracked 
|  40|0x0000000082800000, 0x0000000082900000, 0x0000000082900000|100%| O|  |TAMS 0x0000000082900000, 0x0000000082900000| Untracked 
|  41|0x0000000082900000, 0x0000000082a00000, 0x0000000082a00000|100%| O|  |TAMS 0x0000000082a00000, 0x0000000082a00000| Untracked 
|  42|0x0000000082a00000, 0x0000000082b00000, 0x0000000082b00000|100%| O|  |TAMS 0x0000000082b00000, 0x0000000082b00000| Untracked 
|  43|0x0000000082b00000, 0x0000000082c00000, 0x0000000082c00000|100%| O|  |TAMS 0x0000000082c00000, 0x0000000082c00000| Untracked 
|  44|0x0000000082c00000, 0x0000000082d00000, 0x0000000082d00000|100%| O|  |TAMS 0x0000000082d00000, 0x0000000082d00000| Untracked 
|  45|0x0000000082d00000, 0x0000000082e00000, 0x0000000082e00000|100%| O|  |TAMS 0x0000000082e00000, 0x0000000082e00000| Untracked 
|  46|0x0000000082e00000, 0x0000000082f00000, 0x0000000082f00000|100%| O|  |TAMS 0x0000000082f00000, 0x0000000082f00000| Untracked 
|  47|0x0000000082f00000, 0x0000000083000000, 0x0000000083000000|100%| O|  |TAMS 0x0000000083000000, 0x0000000083000000| Untracked 
|  48|0x0000000083000000, 0x0000000083100000, 0x0000000083100000|100%| O|  |TAMS 0x0000000083100000, 0x0000000083100000| Untracked 
|  49|0x0000000083100000, 0x0000000083200000, 0x0000000083200000|100%| O|  |TAMS 0x0000000083200000, 0x0000000083200000| Untracked 
|  50|0x0000000083200000, 0x0000000083300000, 0x0000000083300000|100%| O|  |TAMS 0x0000000083300000, 0x0000000083300000| Untracked 
|  51|0x0000000083300000, 0x0000000083400000, 0x0000000083400000|100%| O|  |TAMS 0x0000000083400000, 0x0000000083400000| Untracked 
|  52|0x0000000083400000, 0x0000000083500000, 0x0000000083500000|100%| O|  |TAMS 0x0000000083500000, 0x0000000083500000| Untracked 
|  53|0x0000000083500000, 0x0000000083600000, 0x0000000083600000|100%| O|  |TAMS 0x0000000083600000, 0x0000000083600000| Untracked 
|  54|0x0000000083600000, 0x0000000083700000, 0x0000000083700000|100%| O|  |TAMS 0x0000000083700000, 0x0000000083700000| Untracked 
|  55|0x0000000083700000, 0x0000000083800000, 0x0000000083800000|100%| O|  |TAMS 0x0000000083800000, 0x0000000083800000| Untracked 
|  56|0x0000000083800000, 0x0000000083900000, 0x0000000083900000|100%| O|  |TAMS 0x0000000083900000, 0x0000000083900000| Untracked 
|  57|0x0000000083900000, 0x0000000083a00000, 0x0000000083a00000|100%| O|  |TAMS 0x0000000083a00000, 0x0000000083a00000| Untracked 
|  58|0x0000000083a00000, 0x0000000083b00000, 0x0000000083b00000|100%| O|  |TAMS 0x0000000083b00000, 0x0000000083b00000| Untracked 
|  59|0x0000000083b00000, 0x0000000083c00000, 0x0000000083c00000|100%| O|  |TAMS 0x0000000083c00000, 0x0000000083c00000| Untracked 
|  60|0x0000000083c00000, 0x0000000083d00000, 0x0000000083d00000|100%| O|  |TAMS 0x0000000083d00000, 0x0000000083d00000| Untracked 
|  61|0x0000000083d00000, 0x0000000083e00000, 0x0000000083e00000|100%| O|  |TAMS 0x0000000083e00000, 0x0000000083e00000| Untracked 
|  62|0x0000000083e00000, 0x0000000083f00000, 0x0000000083f00000|100%| O|  |TAMS 0x0000000083f00000, 0x0000000083f00000| Untracked 
|  63|0x0000000083f00000, 0x0000000084000000, 0x0000000084000000|100%| O|  |TAMS 0x0000000084000000, 0x0000000084000000| Untracked 
|  64|0x0000000084000000, 0x0000000084100000, 0x0000000084100000|100%| O|  |TAMS 0x0000000084100000, 0x0000000084100000| Untracked 
|  65|0x0000000084100000, 0x0000000084200000, 0x0000000084200000|100%| O|  |TAMS 0x0000000084200000, 0x0000000084200000| Untracked 
|  66|0x0000000084200000, 0x0000000084300000, 0x0000000084300000|100%| O|  |TAMS 0x0000000084300000, 0x0000000084300000| Untracked 
|  67|0x0000000084300000, 0x0000000084400000, 0x0000000084400000|100%| O|  |TAMS 0x0000000084400000, 0x0000000084400000| Untracked 
|  68|0x0000000084400000, 0x0000000084500000, 0x0000000084500000|100%| O|  |TAMS 0x0000000084500000, 0x0000000084500000| Untracked 
|  69|0x0000000084500000, 0x0000000084600000, 0x0000000084600000|100%| O|  |TAMS 0x0000000084600000, 0x0000000084600000| Untracked 
|  70|0x0000000084600000, 0x0000000084700000, 0x0000000084700000|100%| O|  |TAMS 0x0000000084700000, 0x0000000084700000| Untracked 
|  71|0x0000000084700000, 0x0000000084800000, 0x0000000084800000|100%| O|  |TAMS 0x0000000084800000, 0x0000000084800000| Untracked 
|  72|0x0000000084800000, 0x0000000084900000, 0x0000000084900000|100%| O|  |TAMS 0x0000000084900000, 0x0000000084900000| Untracked 
|  73|0x0000000084900000, 0x0000000084a00000, 0x0000000084a00000|100%| O|  |TAMS 0x0000000084a00000, 0x0000000084a00000| Untracked 
|  74|0x0000000084a00000, 0x0000000084b00000, 0x0000000084b00000|100%| O|  |TAMS 0x0000000084a00000, 0x0000000084b00000| Untracked 
|  75|0x0000000084b00000, 0x0000000084c00000, 0x0000000084c00000|100%| O|  |TAMS 0x0000000084b00000, 0x0000000084c00000| Untracked 
|  76|0x0000000084c00000, 0x0000000084d00000, 0x0000000084d00000|100%| O|  |TAMS 0x0000000084c00000, 0x0000000084d00000| Untracked 
|  77|0x0000000084d00000, 0x0000000084e00000, 0x0000000084e00000|100%| O|  |TAMS 0x0000000084d00000, 0x0000000084e00000| Untracked 
|  78|0x0000000084e00000, 0x0000000084f00000, 0x0000000084f00000|100%| O|  |TAMS 0x0000000084e00000, 0x0000000084f00000| Untracked 
|  79|0x0000000084f00000, 0x0000000085000000, 0x0000000085000000|100%| O|  |TAMS 0x0000000085000000, 0x0000000085000000| Untracked 
|  80|0x0000000085000000, 0x0000000085100000, 0x0000000085100000|100%| O|  |TAMS 0x0000000085100000, 0x0000000085100000| Untracked 
|  81|0x0000000085100000, 0x0000000085200000, 0x0000000085200000|100%| O|  |TAMS 0x0000000085200000, 0x0000000085200000| Untracked 
|  82|0x0000000085200000, 0x0000000085300000, 0x0000000085300000|100%| O|  |TAMS 0x0000000085300000, 0x0000000085300000| Untracked 
|  83|0x0000000085300000, 0x0000000085400000, 0x0000000085400000|100%| O|  |TAMS 0x0000000085400000, 0x0000000085400000| Untracked 
|  84|0x0000000085400000, 0x0000000085500000, 0x0000000085500000|100%| O|  |TAMS 0x0000000085500000, 0x0000000085500000| Untracked 
|  85|0x0000000085500000, 0x0000000085500000, 0x0000000085600000|  0%| F|  |TAMS 0x0000000085500000, 0x0000000085500000| Untracked 
|  86|0x0000000085600000, 0x0000000085700000, 0x0000000085700000|100%| O|  |TAMS 0x0000000085600000, 0x0000000085700000| Untracked 
|  87|0x0000000085700000, 0x0000000085800000, 0x0000000085800000|100%| O|  |TAMS 0x0000000085700000, 0x0000000085800000| Untracked 
|  88|0x0000000085800000, 0x0000000085900000, 0x0000000085900000|100%| O|  |TAMS 0x0000000085800000, 0x0000000085900000| Untracked 
|  89|0x0000000085900000, 0x0000000085900000, 0x0000000085a00000|  0%| F|  |TAMS 0x0000000085900000, 0x0000000085900000| Untracked 
|  90|0x0000000085a00000, 0x0000000085a00000, 0x0000000085b00000|  0%| F|  |TAMS 0x0000000085a00000, 0x0000000085a00000| Untracked 
|  91|0x0000000085b00000, 0x0000000085b00000, 0x0000000085c00000|  0%| F|  |TAMS 0x0000000085b00000, 0x0000000085b00000| Untracked 
|  92|0x0000000085c00000, 0x0000000085c00000, 0x0000000085d00000|  0%| F|  |TAMS 0x0000000085c00000, 0x0000000085c00000| Untracked 
|  93|0x0000000085d00000, 0x0000000085d00000, 0x0000000085e00000|  0%| F|  |TAMS 0x0000000085d00000, 0x0000000085d00000| Untracked 
|  94|0x0000000085e00000, 0x0000000085e00000, 0x0000000085f00000|  0%| F|  |TAMS 0x0000000085e00000, 0x0000000085e00000| Untracked 
|  95|0x0000000085f00000, 0x0000000086000000, 0x0000000086000000|100%| O|  |TAMS 0x0000000085f00000, 0x0000000086000000| Untracked 
|  96|0x0000000086000000, 0x0000000086100000, 0x0000000086100000|100%|HS|  |TAMS 0x0000000086000000, 0x0000000086100000| Complete 
|  97|0x0000000086100000, 0x0000000086200000, 0x0000000086200000|100%|HC|  |TAMS 0x0000000086100000, 0x0000000086200000| Complete 
|  98|0x0000000086200000, 0x0000000086300000, 0x0000000086300000|100%| O|  |TAMS 0x0000000086200000, 0x0000000086300000| Untracked 
|  99|0x0000000086300000, 0x0000000086400000, 0x0000000086400000|100%| O|  |TAMS 0x0000000086300000, 0x0000000086400000| Untracked 
| 100|0x0000000086400000, 0x0000000086500000, 0x0000000086500000|100%| O|  |TAMS 0x0000000086400000, 0x0000000086500000| Untracked 
| 101|0x0000000086500000, 0x0000000086600000, 0x0000000086600000|100%| O|  |TAMS 0x0000000086500000, 0x0000000086600000| Untracked 
| 102|0x0000000086600000, 0x0000000086700000, 0x0000000086700000|100%| O|  |TAMS 0x0000000086600000, 0x0000000086700000| Untracked 
| 103|0x0000000086700000, 0x0000000086800000, 0x0000000086800000|100%| O|  |TAMS 0x0000000086700000, 0x0000000086800000| Untracked 
| 104|0x0000000086800000, 0x0000000086900000, 0x0000000086900000|100%| O|  |TAMS 0x0000000086800000, 0x0000000086900000| Untracked 
| 105|0x0000000086900000, 0x0000000086a00000, 0x0000000086a00000|100%| O|  |TAMS 0x0000000086900000, 0x0000000086a00000| Untracked 
| 106|0x0000000086a00000, 0x0000000086b00000, 0x0000000086b00000|100%| O|  |TAMS 0x0000000086a00000, 0x0000000086b00000| Untracked 
| 107|0x0000000086b00000, 0x0000000086c00000, 0x0000000086c00000|100%| O|  |TAMS 0x0000000086b00000, 0x0000000086c00000| Untracked 
| 108|0x0000000086c00000, 0x0000000086d00000, 0x0000000086d00000|100%| O|  |TAMS 0x0000000086c00000, 0x0000000086d00000| Untracked 
| 109|0x0000000086d00000, 0x0000000086e00000, 0x0000000086e00000|100%| O|  |TAMS 0x0000000086d00000, 0x0000000086e00000| Untracked 
| 110|0x0000000086e00000, 0x0000000086e00000, 0x0000000086f00000|  0%| F|  |TAMS 0x0000000086e00000, 0x0000000086e00000| Untracked 
| 111|0x0000000086f00000, 0x0000000087000000, 0x0000000087000000|100%| O|  |TAMS 0x0000000086f00000, 0x0000000087000000| Untracked 
| 112|0x0000000087000000, 0x0000000087100000, 0x0000000087100000|100%| O|  |TAMS 0x0000000087000000, 0x0000000087100000| Untracked 
| 113|0x0000000087100000, 0x0000000087200000, 0x0000000087200000|100%| O|  |TAMS 0x0000000087100000, 0x0000000087200000| Untracked 
| 114|0x0000000087200000, 0x0000000087300000, 0x0000000087300000|100%| O|  |TAMS 0x0000000087200000, 0x0000000087300000| Untracked 
| 115|0x0000000087300000, 0x0000000087400000, 0x0000000087400000|100%| O|  |TAMS 0x0000000087300000, 0x0000000087400000| Untracked 
| 116|0x0000000087400000, 0x0000000087400000, 0x0000000087500000|  0%| F|  |TAMS 0x0000000087400000, 0x0000000087400000| Untracked 
| 117|0x0000000087500000, 0x0000000087500000, 0x0000000087600000|  0%| F|  |TAMS 0x0000000087500000, 0x0000000087500000| Untracked 
| 118|0x0000000087600000, 0x0000000087700000, 0x0000000087700000|100%| O|  |TAMS 0x0000000087600000, 0x0000000087700000| Untracked 
| 119|0x0000000087700000, 0x0000000087800000, 0x0000000087800000|100%| O|  |TAMS 0x0000000087700000, 0x0000000087800000| Untracked 
| 120|0x0000000087800000, 0x0000000087900000, 0x0000000087900000|100%| O|  |TAMS 0x0000000087800000, 0x0000000087900000| Untracked 
| 121|0x0000000087900000, 0x0000000087a00000, 0x0000000087a00000|100%| O|  |TAMS 0x0000000087900000, 0x0000000087a00000| Untracked 
| 122|0x0000000087a00000, 0x0000000087b00000, 0x0000000087b00000|100%| O|  |TAMS 0x0000000087a00000, 0x0000000087b00000| Untracked 
| 123|0x0000000087b00000, 0x0000000087c00000, 0x0000000087c00000|100%| O|  |TAMS 0x0000000087b00000, 0x0000000087c00000| Untracked 
| 124|0x0000000087c00000, 0x0000000087d00000, 0x0000000087d00000|100%| O|  |TAMS 0x0000000087c00000, 0x0000000087d00000| Untracked 
| 125|0x0000000087d00000, 0x0000000087e00000, 0x0000000087e00000|100%| O|  |TAMS 0x0000000087d00000, 0x0000000087e00000| Untracked 
| 126|0x0000000087e00000, 0x0000000087f00000, 0x0000000087f00000|100%| O|  |TAMS 0x0000000087e00000, 0x0000000087f00000| Untracked 
| 127|0x0000000087f00000, 0x0000000087f00000, 0x0000000088000000|  0%| F|  |TAMS 0x0000000087f00000, 0x0000000087f00000| Untracked 
| 128|0x0000000088000000, 0x0000000088000000, 0x0000000088100000|  0%| F|  |TAMS 0x0000000088000000, 0x0000000088000000| Untracked 
| 129|0x0000000088100000, 0x0000000088100000, 0x0000000088200000|  0%| F|  |TAMS 0x0000000088100000, 0x0000000088100000| Untracked 
| 130|0x0000000088200000, 0x0000000088200000, 0x0000000088300000|  0%| F|  |TAMS 0x0000000088200000, 0x0000000088200000| Untracked 
| 131|0x0000000088300000, 0x0000000088300000, 0x0000000088400000|  0%| F|  |TAMS 0x0000000088300000, 0x0000000088300000| Untracked 
| 132|0x0000000088400000, 0x0000000088400000, 0x0000000088500000|  0%| F|  |TAMS 0x0000000088400000, 0x0000000088400000| Untracked 
| 133|0x0000000088500000, 0x0000000088500000, 0x0000000088600000|  0%| F|  |TAMS 0x0000000088500000, 0x0000000088500000| Untracked 
| 134|0x0000000088600000, 0x0000000088600000, 0x0000000088700000|  0%| F|  |TAMS 0x0000000088600000, 0x0000000088600000| Untracked 
| 135|0x0000000088700000, 0x0000000088700000, 0x0000000088800000|  0%| F|  |TAMS 0x0000000088700000, 0x0000000088700000| Untracked 
| 136|0x0000000088800000, 0x0000000088800000, 0x0000000088900000|  0%| F|  |TAMS 0x0000000088800000, 0x0000000088800000| Untracked 
| 137|0x0000000088900000, 0x0000000088900000, 0x0000000088a00000|  0%| F|  |TAMS 0x0000000088900000, 0x0000000088900000| Untracked 
| 138|0x0000000088a00000, 0x0000000088a00000, 0x0000000088b00000|  0%| F|  |TAMS 0x0000000088a00000, 0x0000000088a00000| Untracked 
| 139|0x0000000088b00000, 0x0000000088b00000, 0x0000000088c00000|  0%| F|  |TAMS 0x0000000088b00000, 0x0000000088b00000| Untracked 
| 140|0x0000000088c00000, 0x0000000088c00000, 0x0000000088d00000|  0%| F|  |TAMS 0x0000000088c00000, 0x0000000088c00000| Untracked 
| 141|0x0000000088d00000, 0x0000000088d00000, 0x0000000088e00000|  0%| F|  |TAMS 0x0000000088d00000, 0x0000000088d00000| Untracked 
| 142|0x0000000088e00000, 0x0000000088e00000, 0x0000000088f00000|  0%| F|  |TAMS 0x0000000088e00000, 0x0000000088e00000| Untracked 
| 143|0x0000000088f00000, 0x0000000088f00000, 0x0000000089000000|  0%| F|  |TAMS 0x0000000088f00000, 0x0000000088f00000| Untracked 
| 144|0x0000000089000000, 0x0000000089000000, 0x0000000089100000|  0%| F|  |TAMS 0x0000000089000000, 0x0000000089000000| Untracked 
| 145|0x0000000089100000, 0x0000000089100000, 0x0000000089200000|  0%| F|  |TAMS 0x0000000089100000, 0x0000000089100000| Untracked 
| 146|0x0000000089200000, 0x0000000089200000, 0x0000000089300000|  0%| F|  |TAMS 0x0000000089200000, 0x0000000089200000| Untracked 
| 147|0x0000000089300000, 0x0000000089300000, 0x0000000089400000|  0%| F|  |TAMS 0x0000000089300000, 0x0000000089300000| Untracked 
| 148|0x0000000089400000, 0x0000000089400000, 0x0000000089500000|  0%| F|  |TAMS 0x0000000089400000, 0x0000000089400000| Untracked 
| 149|0x0000000089500000, 0x0000000089500000, 0x0000000089600000|  0%| F|  |TAMS 0x0000000089500000, 0x0000000089500000| Untracked 
| 150|0x0000000089600000, 0x0000000089600000, 0x0000000089700000|  0%| F|  |TAMS 0x0000000089600000, 0x0000000089600000| Untracked 
| 151|0x0000000089700000, 0x0000000089700000, 0x0000000089800000|  0%| F|  |TAMS 0x0000000089700000, 0x0000000089700000| Untracked 
| 152|0x0000000089800000, 0x0000000089800000, 0x0000000089900000|  0%| F|  |TAMS 0x0000000089800000, 0x0000000089800000| Untracked 
| 153|0x0000000089900000, 0x0000000089900000, 0x0000000089a00000|  0%| F|  |TAMS 0x0000000089900000, 0x0000000089900000| Untracked 
| 154|0x0000000089a00000, 0x0000000089a00000, 0x0000000089b00000|  0%| F|  |TAMS 0x0000000089a00000, 0x0000000089a00000| Untracked 
| 155|0x0000000089b00000, 0x0000000089b00000, 0x0000000089c00000|  0%| F|  |TAMS 0x0000000089b00000, 0x0000000089b00000| Untracked 
| 156|0x0000000089c00000, 0x0000000089c00000, 0x0000000089d00000|  0%| F|  |TAMS 0x0000000089c00000, 0x0000000089c00000| Untracked 
| 157|0x0000000089d00000, 0x0000000089db5da0, 0x0000000089e00000| 71%| S|CS|TAMS 0x0000000089d00000, 0x0000000089d00000| Complete 
| 158|0x0000000089e00000, 0x0000000089f00000, 0x0000000089f00000|100%| S|CS|TAMS 0x0000000089e00000, 0x0000000089e00000| Complete 
| 159|0x0000000089f00000, 0x000000008a000000, 0x000000008a000000|100%| S|CS|TAMS 0x0000000089f00000, 0x0000000089f00000| Complete 
| 160|0x000000008a000000, 0x000000008a100000, 0x000000008a100000|100%| S|CS|TAMS 0x000000008a000000, 0x000000008a000000| Complete 
| 161|0x000000008a100000, 0x000000008a200000, 0x000000008a200000|100%| S|CS|TAMS 0x000000008a100000, 0x000000008a100000| Complete 
| 162|0x000000008a200000, 0x000000008a200000, 0x000000008a300000|  0%| F|  |TAMS 0x000000008a200000, 0x000000008a200000| Untracked 
| 163|0x000000008a300000, 0x000000008a300000, 0x000000008a400000|  0%| F|  |TAMS 0x000000008a300000, 0x000000008a300000| Untracked 
| 164|0x000000008a400000, 0x000000008a400000, 0x000000008a500000|  0%| F|  |TAMS 0x000000008a400000, 0x000000008a400000| Untracked 
| 165|0x000000008a500000, 0x000000008a500000, 0x000000008a600000|  0%| F|  |TAMS 0x000000008a500000, 0x000000008a500000| Untracked 
| 166|0x000000008a600000, 0x000000008a600000, 0x000000008a700000|  0%| F|  |TAMS 0x000000008a600000, 0x000000008a600000| Untracked 
| 167|0x000000008a700000, 0x000000008a700000, 0x000000008a800000|  0%| F|  |TAMS 0x000000008a700000, 0x000000008a700000| Untracked 
| 168|0x000000008a800000, 0x000000008a800000, 0x000000008a900000|  0%| F|  |TAMS 0x000000008a800000, 0x000000008a800000| Untracked 
| 169|0x000000008a900000, 0x000000008a900000, 0x000000008aa00000|  0%| F|  |TAMS 0x000000008a900000, 0x000000008a900000| Untracked 
| 170|0x000000008aa00000, 0x000000008aa00000, 0x000000008ab00000|  0%| F|  |TAMS 0x000000008aa00000, 0x000000008aa00000| Untracked 
| 171|0x000000008ab00000, 0x000000008ab00000, 0x000000008ac00000|  0%| F|  |TAMS 0x000000008ab00000, 0x000000008ab00000| Untracked 
| 172|0x000000008ac00000, 0x000000008ac00000, 0x000000008ad00000|  0%| F|  |TAMS 0x000000008ac00000, 0x000000008ac00000| Untracked 
| 173|0x000000008ad00000, 0x000000008ad00000, 0x000000008ae00000|  0%| F|  |TAMS 0x000000008ad00000, 0x000000008ad00000| Untracked 
| 174|0x000000008ae00000, 0x000000008ae00000, 0x000000008af00000|  0%| F|  |TAMS 0x000000008ae00000, 0x000000008ae00000| Untracked 
| 175|0x000000008af00000, 0x000000008af00000, 0x000000008b000000|  0%| F|  |TAMS 0x000000008af00000, 0x000000008af00000| Untracked 
| 176|0x000000008b000000, 0x000000008b000000, 0x000000008b100000|  0%| F|  |TAMS 0x000000008b000000, 0x000000008b000000| Untracked 
| 177|0x000000008b100000, 0x000000008b100000, 0x000000008b200000|  0%| F|  |TAMS 0x000000008b100000, 0x000000008b100000| Untracked 
| 178|0x000000008b200000, 0x000000008b200000, 0x000000008b300000|  0%| F|  |TAMS 0x000000008b200000, 0x000000008b200000| Untracked 
| 179|0x000000008b300000, 0x000000008b300000, 0x000000008b400000|  0%| F|  |TAMS 0x000000008b300000, 0x000000008b300000| Untracked 
| 180|0x000000008b400000, 0x000000008b400000, 0x000000008b500000|  0%| F|  |TAMS 0x000000008b400000, 0x000000008b400000| Untracked 
| 181|0x000000008b500000, 0x000000008b500000, 0x000000008b600000|  0%| F|  |TAMS 0x000000008b500000, 0x000000008b500000| Untracked 
| 182|0x000000008b600000, 0x000000008b600000, 0x000000008b700000|  0%| F|  |TAMS 0x000000008b600000, 0x000000008b600000| Untracked 
| 183|0x000000008b700000, 0x000000008b700000, 0x000000008b800000|  0%| F|  |TAMS 0x000000008b700000, 0x000000008b700000| Untracked 
| 184|0x000000008b800000, 0x000000008b800000, 0x000000008b900000|  0%| F|  |TAMS 0x000000008b800000, 0x000000008b800000| Untracked 
| 185|0x000000008b900000, 0x000000008b900000, 0x000000008ba00000|  0%| F|  |TAMS 0x000000008b900000, 0x000000008b900000| Untracked 
| 186|0x000000008ba00000, 0x000000008ba00000, 0x000000008bb00000|  0%| F|  |TAMS 0x000000008ba00000, 0x000000008ba00000| Untracked 
| 187|0x000000008bb00000, 0x000000008bb00000, 0x000000008bc00000|  0%| F|  |TAMS 0x000000008bb00000, 0x000000008bb00000| Untracked 
| 188|0x000000008bc00000, 0x000000008bc00000, 0x000000008bd00000|  0%| F|  |TAMS 0x000000008bc00000, 0x000000008bc00000| Untracked 
| 189|0x000000008bd00000, 0x000000008bd00000, 0x000000008be00000|  0%| F|  |TAMS 0x000000008bd00000, 0x000000008bd00000| Untracked 
| 190|0x000000008be00000, 0x000000008be00000, 0x000000008bf00000|  0%| F|  |TAMS 0x000000008be00000, 0x000000008be00000| Untracked 
| 191|0x000000008bf00000, 0x000000008bf00000, 0x000000008c000000|  0%| F|  |TAMS 0x000000008bf00000, 0x000000008bf00000| Untracked 
| 192|0x000000008c000000, 0x000000008c000000, 0x000000008c100000|  0%| F|  |TAMS 0x000000008c000000, 0x000000008c000000| Untracked 
| 193|0x000000008c100000, 0x000000008c100000, 0x000000008c200000|  0%| F|  |TAMS 0x000000008c100000, 0x000000008c100000| Untracked 
| 194|0x000000008c200000, 0x000000008c200000, 0x000000008c300000|  0%| F|  |TAMS 0x000000008c200000, 0x000000008c200000| Untracked 
| 195|0x000000008c300000, 0x000000008c300000, 0x000000008c400000|  0%| F|  |TAMS 0x000000008c300000, 0x000000008c300000| Untracked 
| 196|0x000000008c400000, 0x000000008c400000, 0x000000008c500000|  0%| F|  |TAMS 0x000000008c400000, 0x000000008c400000| Untracked 
| 197|0x000000008c500000, 0x000000008c500000, 0x000000008c600000|  0%| F|  |TAMS 0x000000008c500000, 0x000000008c500000| Untracked 
| 198|0x000000008c600000, 0x000000008c600000, 0x000000008c700000|  0%| F|  |TAMS 0x000000008c600000, 0x000000008c600000| Untracked 

Card table byte_map: [0x0000024918960000,0x0000024918d60000] _byte_map_base: 0x0000024918560000

Marking Bits (Prev, Next): (CMBitMap*) 0x0000024903ebc5d0, (CMBitMap*) 0x0000024903ebc610
 Prev Bits: [0x0000024919160000, 0x000002491b160000)
 Next Bits: [0x000002491b160000, 0x000002491d160000)

Polling page: 0x0000024908ad0000

Metaspace:

Usage:
  Non-class:     76.90 MB used.
      Class:     12.19 MB used.
       Both:     89.10 MB used.

Virtual space:
  Non-class space:       80.00 MB reserved,      77.25 MB ( 97%) committed,  10 nodes.
      Class space:        1.00 GB reserved,      12.44 MB (  1%) committed,  1 nodes.
             Both:        1.08 GB reserved,      89.69 MB (  8%) committed. 

Chunk freelists:
   Non-Class:  1.91 MB
       Class:  3.52 MB
        Both:  5.42 MB

MaxMetaspaceSize: unlimited
CompressedClassSpaceSize: 1.00 GB
Initial GC threshold: 21.00 MB
Current GC threshold: 148.38 MB
CDS: off
MetaspaceReclaimPolicy: balanced
 - commit_granule_bytes: 65536.
 - commit_granule_words: 8192.
 - virtual_space_node_default_size: 1048576.
 - enlarge_chunks_in_place: 1.
 - new_chunks_are_fully_committed: 0.
 - uncommit_free_chunks: 1.
 - use_allocation_guard: 0.
 - handle_deallocations: 1.


Internal statistics:

num_allocs_failed_limit: 6.
num_arena_births: 878.
num_arena_deaths: 0.
num_vsnodes_births: 11.
num_vsnodes_deaths: 0.
num_space_committed: 1434.
num_space_uncommitted: 0.
num_chunks_returned_to_freelist: 6.
num_chunks_taken_from_freelist: 4192.
num_chunk_merges: 6.
num_chunk_splits: 2767.
num_chunks_enlarged: 1849.
num_purges: 0.
num_inconsistent_stats: 0.

CodeHeap 'non-profiled nmethods': size=120000Kb used=6847Kb max_used=6847Kb free=113152Kb
 bounds [0x00000249105c0000, 0x0000024910c70000, 0x0000024917af0000]
CodeHeap 'profiled nmethods': size=120000Kb used=19673Kb max_used=19673Kb free=100326Kb
 bounds [0x0000024908af0000, 0x0000024909e30000, 0x0000024910020000]
CodeHeap 'non-nmethods': size=5760Kb used=2379Kb max_used=2487Kb free=3381Kb
 bounds [0x0000024910020000, 0x00000249102b0000, 0x00000249105c0000]
 total_blobs=10951 nmethods=10042 adapters=821
 compilation: enabled
              stopped_count=0, restarted_count=0
 full_count=0

Compilation events (20 events):
Event: 12.764 Thread 0x0000024920842620 11683       3       org.gradle.internal.watch.registry.impl.DefaultFileWatcherProbeRegistry::triggerWatchProbe (37 bytes)
Event: 12.764 Thread 0x0000024920842620 nmethod 11683 0x0000024909e25790 code [0x0000024909e25980, 0x0000024909e25da8]
Event: 12.765 Thread 0x0000024920842620 11684       3       org.gradle.internal.watch.registry.impl.DefaultFileWatcherRegistry::convertType (64 bytes)
Event: 12.765 Thread 0x0000024920842620 nmethod 11684 0x0000024909e25f10 code [0x0000024909e260e0, 0x0000024909e26428]
Event: 12.775 Thread 0x0000024920839b70 nmethod 11665 0x0000024910c69b90 code [0x0000024910c69e00, 0x0000024910c6c090]
Event: 12.775 Thread 0x0000024920839b70 11679       4       java.lang.StringConcatHelper::simpleConcat (94 bytes)
Event: 12.779 Thread 0x0000024920842620 11686       3       java.util.LinkedHashMap$LinkedEntrySet::forEach (67 bytes)
Event: 12.780 Thread 0x0000024920842620 nmethod 11686 0x0000024909e26590 code [0x0000024909e26780, 0x0000024909e26c48]
Event: 12.782 Thread 0x0000024920842620 11689       1       com.android.ide.common.blame.SourceFile::getDescription (5 bytes)
Event: 12.782 Thread 0x0000024920842620 nmethod 11689 0x0000024910c6d110 code [0x0000024910c6d2a0, 0x0000024910c6d378]
Event: 12.783 Thread 0x0000024920839b70 nmethod 11679 0x0000024910c6d410 code [0x0000024910c6d5e0, 0x0000024910c6dcb8]
Event: 12.784 Thread 0x0000024920839b70 11678       4       java.io.WinNTFileSystem::resolve (275 bytes)
Event: 12.784 Thread 0x0000024920842620 11692   !   3       java.io.BufferedWriter::write (55 bytes)
Event: 12.784 Thread 0x0000024920842620 nmethod 11692 0x0000024909e26e90 code [0x0000024909e27060, 0x0000024909e27478]
Event: 12.791 Thread 0x0000024920842620 11694       3       com.google.gson.stream.JsonWriter::beginArray (12 bytes)
Event: 12.791 Thread 0x0000024920842620 nmethod 11694 0x0000024909e27710 code [0x0000024909e27900, 0x0000024909e27ce8]
Event: 12.791 Thread 0x0000024920842620 11695       3       com.google.gson.stream.JsonWriter::endArray (9 bytes)
Event: 12.791 Thread 0x0000024920842620 nmethod 11695 0x0000024909e27e90 code [0x0000024909e28020, 0x0000024909e28168]
Event: 12.800 Thread 0x0000024920839b70 nmethod 11678 0x0000024910c6e290 code [0x0000024910c6e460, 0x0000024910c6f458]
Event: 12.800 Thread 0x0000024920839b70 11674       4       com.android.ide.common.blame.MergingLogPersistUtil::lambda$normalize$0 (107 bytes)

GC Heap History (20 events):
Event: 6.437 GC heap after
{Heap after GC invocations=19 (full 0):
 garbage-first heap   total 182272K, used 51458K [0x0000000080000000, 0x0000000100000000)
  region size 1024K, 4 young (4096K), 4 survivors (4096K)
 Metaspace       used 63786K, committed 64320K, reserved 1105920K
  class space    used 8506K, committed 8768K, reserved 1048576K
}
Event: 7.308 GC heap before
{Heap before GC invocations=19 (full 0):
 garbage-first heap   total 182272K, used 141570K [0x0000000080000000, 0x0000000100000000)
  region size 1024K, 86 young (88064K), 4 survivors (4096K)
 Metaspace       used 68116K, committed 68608K, reserved 1114112K
  class space    used 9101K, committed 9280K, reserved 1048576K
}
Event: 7.314 GC heap after
{Heap after GC invocations=20 (full 0):
 garbage-first heap   total 182272K, used 57979K [0x0000000080000000, 0x0000000100000000)
  region size 1024K, 10 young (10240K), 10 survivors (10240K)
 Metaspace       used 68116K, committed 68608K, reserved 1114112K
  class space    used 9101K, committed 9280K, reserved 1048576K
}
Event: 8.044 GC heap before
{Heap before GC invocations=20 (full 0):
 garbage-first heap   total 182272K, used 138875K [0x0000000080000000, 0x0000000100000000)
  region size 1024K, 89 young (91136K), 10 survivors (10240K)
 Metaspace       used 73166K, committed 73664K, reserved 1114112K
  class space    used 9978K, committed 10176K, reserved 1048576K
}
Event: 8.052 GC heap after
{Heap after GC invocations=21 (full 0):
 garbage-first heap   total 182272K, used 62243K [0x0000000080000000, 0x0000000100000000)
  region size 1024K, 5 young (5120K), 5 survivors (5120K)
 Metaspace       used 73166K, committed 73664K, reserved 1114112K
  class space    used 9978K, committed 10176K, reserved 1048576K
}
Event: 8.863 GC heap before
{Heap before GC invocations=21 (full 0):
 garbage-first heap   total 182272K, used 142115K [0x0000000080000000, 0x0000000100000000)
  region size 1024K, 83 young (84992K), 5 survivors (5120K)
 Metaspace       used 79606K, committed 80192K, reserved 1122304K
  class space    used 10967K, committed 11264K, reserved 1048576K
}
Event: 8.869 GC heap after
{Heap after GC invocations=22 (full 0):
 garbage-first heap   total 182272K, used 66271K [0x0000000080000000, 0x0000000100000000)
  region size 1024K, 9 young (9216K), 9 survivors (9216K)
 Metaspace       used 79606K, committed 80192K, reserved 1122304K
  class space    used 10967K, committed 11264K, reserved 1048576K
}
Event: 9.626 GC heap before
{Heap before GC invocations=22 (full 0):
 garbage-first heap   total 182272K, used 145119K [0x0000000080000000, 0x0000000100000000)
  region size 1024K, 86 young (88064K), 9 survivors (9216K)
 Metaspace       used 83599K, committed 84288K, reserved 1122304K
  class space    used 11492K, committed 11840K, reserved 1048576K
}
Event: 9.640 GC heap after
{Heap after GC invocations=23 (full 0):
 garbage-first heap   total 182272K, used 74997K [0x0000000080000000, 0x0000000100000000)
  region size 1024K, 11 young (11264K), 11 survivors (11264K)
 Metaspace       used 83599K, committed 84288K, reserved 1122304K
  class space    used 11492K, committed 11840K, reserved 1048576K
}
Event: 10.341 GC heap before
{Heap before GC invocations=23 (full 0):
 garbage-first heap   total 182272K, used 143605K [0x0000000080000000, 0x0000000100000000)
  region size 1024K, 79 young (80896K), 11 survivors (11264K)
 Metaspace       used 86366K, committed 86976K, reserved 1130496K
  class space    used 12030K, committed 12352K, reserved 1048576K
}
Event: 10.353 GC heap after
{Heap after GC invocations=24 (full 0):
 garbage-first heap   total 182272K, used 83367K [0x0000000080000000, 0x0000000100000000)
  region size 1024K, 8 young (8192K), 8 survivors (8192K)
 Metaspace       used 86366K, committed 86976K, reserved 1130496K
  class space    used 12030K, committed 12352K, reserved 1048576K
}
Event: 10.909 GC heap before
{Heap before GC invocations=24 (full 0):
 garbage-first heap   total 182272K, used 150951K [0x0000000080000000, 0x0000000100000000)
  region size 1024K, 70 young (71680K), 8 survivors (8192K)
 Metaspace       used 88423K, committed 89024K, reserved 1130496K
  class space    used 12192K, committed 12480K, reserved 1048576K
}
Event: 10.915 GC heap after
{Heap after GC invocations=25 (full 0):
 garbage-first heap   total 182272K, used 87710K [0x0000000080000000, 0x0000000100000000)
  region size 1024K, 5 young (5120K), 5 survivors (5120K)
 Metaspace       used 88423K, committed 89024K, reserved 1130496K
  class space    used 12192K, committed 12480K, reserved 1048576K
}
Event: 11.717 GC heap before
{Heap before GC invocations=25 (full 0):
 garbage-first heap   total 182272K, used 148126K [0x0000000080000000, 0x0000000100000000)
  region size 1024K, 65 young (66560K), 5 survivors (5120K)
 Metaspace       used 90524K, committed 91136K, reserved 1130496K
  class space    used 12418K, committed 12672K, reserved 1048576K
}
Event: 11.726 GC heap after
{Heap after GC invocations=26 (full 0):
 garbage-first heap   total 182272K, used 100049K [0x0000000080000000, 0x0000000100000000)
  region size 1024K, 9 young (9216K), 9 survivors (9216K)
 Metaspace       used 90524K, committed 91136K, reserved 1130496K
  class space    used 12418K, committed 12672K, reserved 1048576K
}
Event: 12.210 GC heap before
{Heap before GC invocations=27 (full 0):
 garbage-first heap   total 203776K, used 152273K [0x0000000080000000, 0x0000000100000000)
  region size 1024K, 51 young (52224K), 9 survivors (9216K)
 Metaspace       used 90980K, committed 91584K, reserved 1130496K
  class space    used 12467K, committed 12736K, reserved 1048576K
}
Event: 12.225 GC heap after
{Heap after GC invocations=28 (full 0):
 garbage-first heap   total 203776K, used 119987K [0x0000000080000000, 0x0000000100000000)
  region size 1024K, 7 young (7168K), 7 survivors (7168K)
 Metaspace       used 90980K, committed 91584K, reserved 1130496K
  class space    used 12467K, committed 12736K, reserved 1048576K
}
Event: 12.265 GC heap before
{Heap before GC invocations=28 (full 0):
 garbage-first heap   total 203776K, used 128179K [0x0000000080000000, 0x0000000100000000)
  region size 1024K, 9 young (9216K), 7 survivors (7168K)
 Metaspace       used 91042K, committed 91648K, reserved 1130496K
  class space    used 12475K, committed 12736K, reserved 1048576K
}
Event: 12.271 GC heap after
{Heap after GC invocations=29 (full 0):
 garbage-first heap   total 203776K, used 123032K [0x0000000080000000, 0x0000000100000000)
  region size 1024K, 2 young (2048K), 2 survivors (2048K)
 Metaspace       used 91042K, committed 91648K, reserved 1130496K
  class space    used 12475K, committed 12736K, reserved 1048576K
}
Event: 12.812 GC heap before
{Heap before GC invocations=29 (full 0):
 garbage-first heap   total 203776K, used 160920K [0x0000000080000000, 0x0000000100000000)
  region size 1024K, 37 young (37888K), 2 survivors (2048K)
 Metaspace       used 91234K, committed 91840K, reserved 1130496K
  class space    used 12486K, committed 12736K, reserved 1048576K
}

Dll operation events (3 events):
Event: 0.006 Loaded shared library C:\Program Files\Android\Android Studio\jbr\bin\java.dll
Event: 0.102 Loaded shared library C:\Program Files\Android\Android Studio\jbr\bin\zip.dll
Event: 0.386 Loaded shared library C:\Program Files\Android\Android Studio\jbr\bin\verify.dll

Deoptimization events (20 events):
Event: 12.667 Thread 0x0000024927c1cf50 Uncommon trap: trap_request=0xffffffc6 fr.pc=0x0000024910a0df50 relative=0x0000000000000950
Event: 12.667 Thread 0x0000024927c1cf50 Uncommon trap: reason=bimorphic_or_optimized_type_check action=maybe_recompile pc=0x0000024910a0df50 method=com.google.common.collect.AbstractMapBasedMultimap$WrappedCollection.refreshIfEmpty()V @ 59 c2
Event: 12.667 Thread 0x0000024927c1cf50 DEOPT PACKING pc=0x0000024910a0df50 sp=0x0000009d20efa7a0
Event: 12.667 Thread 0x0000024927c1cf50 DEOPT UNPACKING pc=0x00000249100769a3 sp=0x0000009d20efa748 mode 2
Event: 12.667 Thread 0x0000024927c1cf50 Uncommon trap: trap_request=0xffffffc6 fr.pc=0x0000024910a0df50 relative=0x0000000000000950
Event: 12.667 Thread 0x0000024927c1cf50 Uncommon trap: reason=bimorphic_or_optimized_type_check action=maybe_recompile pc=0x0000024910a0df50 method=com.google.common.collect.AbstractMapBasedMultimap$WrappedCollection.refreshIfEmpty()V @ 59 c2
Event: 12.667 Thread 0x0000024927c1cf50 DEOPT PACKING pc=0x0000024910a0df50 sp=0x0000009d20efa7f0
Event: 12.667 Thread 0x0000024927c1cf50 DEOPT UNPACKING pc=0x00000249100769a3 sp=0x0000009d20efa798 mode 2
Event: 12.668 Thread 0x0000024927c1cf50 Uncommon trap: trap_request=0xffffffc6 fr.pc=0x0000024910a0df50 relative=0x0000000000000950
Event: 12.668 Thread 0x0000024927c1cf50 Uncommon trap: reason=bimorphic_or_optimized_type_check action=maybe_recompile pc=0x0000024910a0df50 method=com.google.common.collect.AbstractMapBasedMultimap$WrappedCollection.refreshIfEmpty()V @ 59 c2
Event: 12.668 Thread 0x0000024927c1cf50 DEOPT PACKING pc=0x0000024910a0df50 sp=0x0000009d20efa730
Event: 12.668 Thread 0x0000024927c1cf50 DEOPT UNPACKING pc=0x00000249100769a3 sp=0x0000009d20efa6d8 mode 2
Event: 12.668 Thread 0x0000024927c1cf50 Uncommon trap: trap_request=0xffffffc6 fr.pc=0x0000024910a0df50 relative=0x0000000000000950
Event: 12.668 Thread 0x0000024927c1cf50 Uncommon trap: reason=bimorphic_or_optimized_type_check action=maybe_recompile pc=0x0000024910a0df50 method=com.google.common.collect.AbstractMapBasedMultimap$WrappedCollection.refreshIfEmpty()V @ 59 c2
Event: 12.668 Thread 0x0000024927c1cf50 DEOPT PACKING pc=0x0000024910a0df50 sp=0x0000009d20efa6f0
Event: 12.668 Thread 0x0000024927c1cf50 DEOPT UNPACKING pc=0x00000249100769a3 sp=0x0000009d20efa698 mode 2
Event: 12.783 Thread 0x0000024927c1cf50 Uncommon trap: trap_request=0xffffff45 fr.pc=0x0000024910c6859c relative=0x000000000000027c
Event: 12.783 Thread 0x0000024927c1cf50 Uncommon trap: reason=unstable_if action=reinterpret pc=0x0000024910c6859c method=java.io.BufferedWriter.write(I)V @ 19 c2
Event: 12.783 Thread 0x0000024927c1cf50 DEOPT PACKING pc=0x0000024910c6859c sp=0x0000009d20efa740
Event: 12.783 Thread 0x0000024927c1cf50 DEOPT UNPACKING pc=0x00000249100769a3 sp=0x0000009d20efa6e8 mode 2

Classes unloaded (0 events):
No events

Classes redefined (0 events):
No events

Internal exceptions (20 events):
Event: 9.851 Thread 0x0000024927c1cf50 Exception <a 'java/lang/NoSuchMethodError'{0x0000000089f141b0}: 'int java.lang.invoke.DirectMethodHandle$Holder.invokeStaticInit(java.lang.Object, java.lang.Object, java.lang.Object, java.lang.Object, java.lang.Object)'> (0x0000000089f141b0) 
thrown [s\src\hotspot\share\interpreter\linkResolver.cpp, line 771]
Event: 9.873 Thread 0x00000249222a1180 Exception <a 'java/lang/NoSuchMethodError'{0x0000000089ff2b30}: static Lorg/gradle/internal/build/event/types/DefaultTaskFinishedProgressEvent;.<clinit>()V> (0x0000000089ff2b30) 
thrown [s\src\hotspot\share\prims\jni.cpp, line 1108]
Event: 9.874 Thread 0x00000249222a1180 Exception <a 'java/lang/NoSuchMethodError'{0x0000000089e41450}: static Lorg/gradle/internal/build/event/types/DefaultTaskSuccessResult;.<clinit>()V> (0x0000000089e41450) 
thrown [s\src\hotspot\share\prims\jni.cpp, line 1108]
Event: 9.874 Thread 0x00000249222a1180 Exception <a 'java/lang/NoSuchMethodError'{0x0000000089e42b48}: static Lorg/gradle/internal/build/event/types/AbstractTaskResult;.<clinit>()V> (0x0000000089e42b48) 
thrown [s\src\hotspot\share\prims\jni.cpp, line 1108]
Event: 9.883 Thread 0x0000024927c1cf50 Exception <a 'sun/nio/fs/WindowsException'{0x0000000089e57de8}> (0x0000000089e57de8) 
thrown [s\src\hotspot\share\prims\jni.cpp, line 517]
Event: 9.890 Thread 0x0000024924309610 Exception <a 'java/lang/NoSuchMethodError'{0x0000000089d99ea8}: static Lcom/android/buildanalyzer/common/AndroidGradlePluginAttributionData$BuildInfo;.<clinit>()V> (0x0000000089d99ea8) 
thrown [s\src\hotspot\share\prims\jni.cpp, line 1108]
Event: 9.892 Thread 0x00000249222a1180 Exception <a 'java/lang/NoSuchMethodError'{0x0000000089dfefa0}: static Lorg/gradle/internal/build/event/types/DefaultTaskSkippedResult;.<clinit>()V> (0x0000000089dfefa0) 
thrown [s\src\hotspot\share\prims\jni.cpp, line 1108]
Event: 9.892 Thread 0x0000024924309610 Exception <a 'java/lang/NoSuchMethodError'{0x0000000089c02d38}: static Lcom/android/buildanalyzer/common/AndroidGradlePluginAttributionData$JavaInfo;.<clinit>()V> (0x0000000089c02d38) 
thrown [s\src\hotspot\share\prims\jni.cpp, line 1108]
Event: 9.896 Thread 0x0000024924309610 Exception <a 'java/lang/NoSuchMethodError'{0x0000000089c898e8}: static [Ljava/lang/String;.<clinit>()V> (0x0000000089c898e8) 
thrown [s\src\hotspot\share\prims\jni.cpp, line 1108]
Event: 9.898 Thread 0x0000024924309610 Exception <a 'java/lang/NoSuchMethodError'{0x0000000089c98b28}: static Lcom/android/buildanalyzer/common/AndroidGradlePluginAttributionData$TaskInfo;.<clinit>()V> (0x0000000089c98b28) 
thrown [s\src\hotspot\share\prims\jni.cpp, line 1108]
Event: 9.898 Thread 0x0000024924309610 Exception <a 'java/lang/NoSuchMethodError'{0x0000000089ca5b48}: static Lcom/android/buildanalyzer/common/AndroidGradlePluginAttributionData$TaskCategoryInfo;.<clinit>()V> (0x0000000089ca5b48) 
thrown [s\src\hotspot\share\prims\jni.cpp, line 1108]
Event: 9.907 Thread 0x0000024924309610 Exception <a 'java/lang/NoSuchMethodError'{0x0000000089cf7458}: 'void java.lang.invoke.DirectMethodHandle$Holder.invokeSpecial(java.lang.Object, java.lang.Object, java.lang.Object, int)'> (0x0000000089cf7458) 
thrown [s\src\hotspot\share\interpreter\linkResolver.cpp, line 771]
Event: 10.116 Thread 0x000002492430a950 Exception <a 'java/lang/NoSuchMethodError'{0x0000000088ee5298}: 'void java.lang.invoke.DirectMethodHandle$Holder.invokeStatic(java.lang.Object, java.lang.Object, java.lang.Object, java.lang.Object, int, java.lang.Object, java.lang.Object)'> (0x0000000088ee5298) 
thrown [s\src\hotspot\share\interpreter\linkResolver.cpp, line 771]
Event: 10.312 Thread 0x0000024927c173e0 Exception <a 'java/lang/NoSuchMethodError'{0x00000000874f08d8}: 'void java.lang.invoke.DirectMethodHandle$Holder.invokeVirtual(java.lang.Object, java.lang.Object)'> (0x00000000874f08d8) 
thrown [s\src\hotspot\share\interpreter\linkResolver.cpp, line 771]
Event: 10.601 Thread 0x0000024927c17d80 Implicit null exception at 0x0000024910b75760 to 0x0000024910b76084
Event: 10.601 Thread 0x0000024927c17d80 Implicit null exception at 0x0000024910b75760 to 0x0000024910b76084
Event: 10.603 Thread 0x0000024927c1c0e0 Implicit null exception at 0x0000024910b75760 to 0x0000024910b76084
Event: 10.603 Thread 0x0000024927c1c0e0 Implicit null exception at 0x0000024910b75760 to 0x0000024910b76084
Event: 10.695 Thread 0x000002492ab56350 Implicit null exception at 0x0000024910b7f908 to 0x0000024910b80298
Event: 10.695 Thread 0x000002492ab56350 Implicit null exception at 0x0000024910b7c208 to 0x0000024910b7c394

VM Operations (20 events):
Event: 11.727 Executing VM operation: G1CollectForAllocation done
Event: 11.804 Executing VM operation: G1Concurrent
Event: 11.809 Executing VM operation: G1Concurrent done
Event: 11.844 Executing VM operation: G1Concurrent
Event: 11.844 Executing VM operation: G1Concurrent done
Event: 12.066 Executing VM operation: HandshakeAllThreads
Event: 12.067 Executing VM operation: HandshakeAllThreads done
Event: 12.117 Executing VM operation: HandshakeAllThreads
Event: 12.117 Executing VM operation: HandshakeAllThreads done
Event: 12.162 Executing VM operation: HandshakeAllThreads
Event: 12.162 Executing VM operation: HandshakeAllThreads done
Event: 12.210 Executing VM operation: G1CollectForAllocation
Event: 12.225 Executing VM operation: G1CollectForAllocation done
Event: 12.265 Executing VM operation: G1CollectForAllocation
Event: 12.271 Executing VM operation: G1CollectForAllocation done
Event: 12.615 Executing VM operation: HandshakeAllThreads
Event: 12.615 Executing VM operation: HandshakeAllThreads done
Event: 12.630 Executing VM operation: ICBufferFull
Event: 12.631 Executing VM operation: ICBufferFull done
Event: 12.812 Executing VM operation: G1CollectForAllocation

Events (20 events):
Event: 12.165 loading class org/w3c/dom/ls/LSSerializer
Event: 12.165 loading class org/w3c/dom/ls/LSSerializer done
Event: 12.165 loading class org/w3c/dom/ls/LSOutput
Event: 12.165 loading class org/w3c/dom/ls/LSOutput done
Event: 12.165 loading class org/w3c/dom/ls/LSParser
Event: 12.165 loading class org/w3c/dom/ls/LSParser done
Event: 12.165 loading class org/w3c/dom/ls/LSInput
Event: 12.165 loading class org/w3c/dom/ls/LSInput done
Event: 12.607 loading class jdk/internal/access/foreign/MemorySegmentProxy
Event: 12.607 loading class jdk/internal/access/foreign/MemorySegmentProxy done
Event: 12.618 Thread 0x0000024920848520 flushing nmethod 0x0000024910b55210
Event: 12.618 Thread 0x0000024920848520 flushing nmethod 0x0000024910b70990
Event: 12.621 Thread 0x0000024920848520 flushing nmethod 0x0000024908edc890
Event: 12.622 Thread 0x0000024920848520 flushing nmethod 0x0000024909120290
Event: 12.623 Thread 0x0000024920848520 flushing nmethod 0x000002490917e690
Event: 12.623 Thread 0x0000024920848520 flushing nmethod 0x0000024909183e90
Event: 12.624 Thread 0x0000024920848520 flushing nmethod 0x000002490941e810
Event: 12.625 Thread 0x0000024920848520 flushing nmethod 0x0000024909497410
Event: 12.629 Thread 0x0000024920848520 flushing nmethod 0x0000024909abf490
Event: 12.629 Thread 0x0000024920848520 flushing nmethod 0x0000024909b42190


Dynamic libraries:
0x00007ff6cd8e0000 - 0x00007ff6cd8ea000 	C:\Program Files\Android\Android Studio\jbr\bin\java.exe
0x00007ff8cd950000 - 0x00007ff8cdb67000 	C:\WINDOWS\SYSTEM32\ntdll.dll
0x00007ff8cc990000 - 0x00007ff8cca54000 	C:\WINDOWS\System32\KERNEL32.DLL
0x00007ff8cb1c0000 - 0x00007ff8cb579000 	C:\WINDOWS\System32\KERNELBASE.dll
0x00007ff8cad40000 - 0x00007ff8cae51000 	C:\WINDOWS\System32\ucrtbase.dll
0x00007ff8a5300000 - 0x00007ff8a5317000 	C:\Program Files\Android\Android Studio\jbr\bin\jli.dll
0x00007ff8c6970000 - 0x00007ff8c698b000 	C:\Program Files\Android\Android Studio\jbr\bin\VCRUNTIME140.dll
0x00007ff8cce30000 - 0x00007ff8ccfde000 	C:\WINDOWS\System32\USER32.dll
0x00007ff8cb580000 - 0x00007ff8cb5a6000 	C:\WINDOWS\System32\win32u.dll
0x00007ff8b86a0000 - 0x00007ff8b8932000 	C:\WINDOWS\WinSxS\amd64_microsoft.windows.common-controls_6595b64144ccf1df_6.0.22621.4391_none_2715d37f73803e96\COMCTL32.dll
0x00007ff8ccd00000 - 0x00007ff8ccda7000 	C:\WINDOWS\System32\msvcrt.dll
0x00007ff8cc230000 - 0x00007ff8cc259000 	C:\WINDOWS\System32\GDI32.dll
0x00007ff8cb070000 - 0x00007ff8cb18b000 	C:\WINDOWS\System32\gdi32full.dll
0x00007ff8cae60000 - 0x00007ff8caefa000 	C:\WINDOWS\System32\msvcp_win.dll
0x00007ff8cc160000 - 0x00007ff8cc191000 	C:\WINDOWS\System32\IMM32.DLL
0x00007ff8c6680000 - 0x00007ff8c668c000 	C:\Program Files\Android\Android Studio\jbr\bin\vcruntime140_1.dll
0x00007ff8a62d0000 - 0x00007ff8a635d000 	C:\Program Files\Android\Android Studio\jbr\bin\msvcp140.dll
0x00007ff87a510000 - 0x00007ff87b17e000 	C:\Program Files\Android\Android Studio\jbr\bin\server\jvm.dll
0x00007ff8cc670000 - 0x00007ff8cc722000 	C:\WINDOWS\System32\ADVAPI32.dll
0x00007ff8cbb50000 - 0x00007ff8cbbf7000 	C:\WINDOWS\System32\sechost.dll
0x00007ff8cb190000 - 0x00007ff8cb1b8000 	C:\WINDOWS\System32\bcrypt.dll
0x00007ff8cc430000 - 0x00007ff8cc544000 	C:\WINDOWS\System32\RPCRT4.dll
0x00007ff8aad90000 - 0x00007ff8aad99000 	C:\WINDOWS\SYSTEM32\WSOCK32.dll
0x00007ff8c5cf0000 - 0x00007ff8c5d24000 	C:\WINDOWS\SYSTEM32\WINMM.dll
0x00007ff8c5c70000 - 0x00007ff8c5c7a000 	C:\WINDOWS\SYSTEM32\VERSION.dll
0x00007ff8cc730000 - 0x00007ff8cc7a1000 	C:\WINDOWS\System32\WS2_32.dll
0x00007ff8c9d40000 - 0x00007ff8c9d58000 	C:\WINDOWS\SYSTEM32\kernel.appcore.dll
0x00007ff8aaa20000 - 0x00007ff8aaa2a000 	C:\Program Files\Android\Android Studio\jbr\bin\jimage.dll
0x00007ff8c4290000 - 0x00007ff8c44c2000 	C:\WINDOWS\SYSTEM32\DBGHELP.DLL
0x00007ff8cbd80000 - 0x00007ff8cc10f000 	C:\WINDOWS\System32\combase.dll
0x00007ff8ccc10000 - 0x00007ff8ccce7000 	C:\WINDOWS\System32\OLEAUT32.dll
0x00007ff8a7180000 - 0x00007ff8a71b2000 	C:\WINDOWS\SYSTEM32\dbgcore.DLL
0x00007ff8cac50000 - 0x00007ff8caccb000 	C:\WINDOWS\System32\bcryptPrimitives.dll
0x00007ff8a5d20000 - 0x00007ff8a5d2e000 	C:\Program Files\Android\Android Studio\jbr\bin\instrument.dll
0x00007ff8a68c0000 - 0x00007ff8a68e5000 	C:\Program Files\Android\Android Studio\jbr\bin\java.dll
0x00007ff8a6280000 - 0x00007ff8a6298000 	C:\Program Files\Android\Android Studio\jbr\bin\zip.dll
0x00007ff8cd090000 - 0x00007ff8cd906000 	C:\WINDOWS\System32\SHELL32.dll
0x00007ff8c8b10000 - 0x00007ff8c9413000 	C:\WINDOWS\SYSTEM32\windows.storage.dll
0x00007ff8c89d0000 - 0x00007ff8c8b0f000 	C:\WINDOWS\SYSTEM32\wintypes.dll
0x00007ff8cc550000 - 0x00007ff8cc649000 	C:\WINDOWS\System32\SHCORE.dll
0x00007ff8cc810000 - 0x00007ff8cc86e000 	C:\WINDOWS\System32\shlwapi.dll
0x00007ff8cab80000 - 0x00007ff8cabab000 	C:\WINDOWS\SYSTEM32\profapi.dll
0x00007ff8a5ec0000 - 0x00007ff8a5ed9000 	C:\Program Files\Android\Android Studio\jbr\bin\net.dll
0x00007ff8c4ac0000 - 0x00007ff8c4bf6000 	C:\WINDOWS\SYSTEM32\WINHTTP.dll
0x00007ff8ca1c0000 - 0x00007ff8ca229000 	C:\WINDOWS\system32\mswsock.dll
0x00007ff8a5d30000 - 0x00007ff8a5d46000 	C:\Program Files\Android\Android Studio\jbr\bin\nio.dll
0x00007ff8a7140000 - 0x00007ff8a7150000 	C:\Program Files\Android\Android Studio\jbr\bin\verify.dll
0x00007ff8c5980000 - 0x00007ff8c59a7000 	C:\Users\scher\.gradle\native\68d5fa5c4cc2d200863cafc0d521ce42e7d3e7ee720ec0a83991735586a16f82\windows-amd64\native-platform.dll
0x00007ff8a20d0000 - 0x00007ff8a2214000 	C:\Users\scher\.gradle\native\e376f236ea51e6404a007f0833ffe2c6e607c4080706a723a18a27aeea778392\windows-amd64\native-platform-file-events.dll
0x00007ff8a6e10000 - 0x00007ff8a6e19000 	C:\Program Files\Android\Android Studio\jbr\bin\management.dll
0x00007ff8a6cc0000 - 0x00007ff8a6ccb000 	C:\Program Files\Android\Android Studio\jbr\bin\management_ext.dll
0x00007ff8cccf0000 - 0x00007ff8cccf8000 	C:\WINDOWS\System32\PSAPI.DLL
0x00007ff8ca3f0000 - 0x00007ff8ca40b000 	C:\WINDOWS\SYSTEM32\CRYPTSP.dll
0x00007ff8c9ca0000 - 0x00007ff8c9cd5000 	C:\WINDOWS\system32\rsaenh.dll
0x00007ff8ca280000 - 0x00007ff8ca2a8000 	C:\WINDOWS\SYSTEM32\USERENV.dll
0x00007ff8ca410000 - 0x00007ff8ca41c000 	C:\WINDOWS\SYSTEM32\CRYPTBASE.dll
0x00007ff8c96c0000 - 0x00007ff8c96ed000 	C:\WINDOWS\SYSTEM32\IPHLPAPI.DLL
0x00007ff8cc870000 - 0x00007ff8cc879000 	C:\WINDOWS\System32\NSI.dll
0x00007ff8c5090000 - 0x00007ff8c50a9000 	C:\WINDOWS\SYSTEM32\dhcpcsvc6.DLL
0x00007ff8c35b0000 - 0x00007ff8c35cf000 	C:\WINDOWS\SYSTEM32\dhcpcsvc.DLL
0x00007ff8c9740000 - 0x00007ff8c9842000 	C:\WINDOWS\SYSTEM32\DNSAPI.dll
0x00007ff8a5eb0000 - 0x00007ff8a5eb8000 	C:\WINDOWS\system32\wshunix.dll

dbghelp: loaded successfully - version: 4.0.5 - missing functions: none
symbol engine: initialized successfully - sym options: 0x614 - pdb path: .;C:\Program Files\Android\Android Studio\jbr\bin;C:\WINDOWS\SYSTEM32;C:\WINDOWS\WinSxS\amd64_microsoft.windows.common-controls_6595b64144ccf1df_6.0.22621.4391_none_2715d37f73803e96;C:\Program Files\Android\Android Studio\jbr\bin\server;C:\Users\scher\.gradle\native\68d5fa5c4cc2d200863cafc0d521ce42e7d3e7ee720ec0a83991735586a16f82\windows-amd64;C:\Users\scher\.gradle\native\e376f236ea51e6404a007f0833ffe2c6e607c4080706a723a18a27aeea778392\windows-amd64

VM Arguments:
jvm_args: --add-opens=java.base/java.util=ALL-UNNAMED --add-opens=java.base/java.lang=ALL-UNNAMED --add-opens=java.base/java.lang.invoke=ALL-UNNAMED --add-opens=java.prefs/java.util.prefs=ALL-UNNAMED --add-opens=java.base/java.nio.charset=ALL-UNNAMED --add-opens=java.base/java.net=ALL-UNNAMED --add-opens=java.base/java.util.concurrent.atomic=ALL-UNNAMED -Xmx2048m -Dfile.encoding=UTF-8 -Duser.country=BR -Duser.language=pt -Duser.variant -javaagent:C:\Users\scher\.gradle\wrapper\dists\gradle-8.1-bin\2eyty4r6kz6fpakefpk52nbbm\gradle-8.1\lib\agents\gradle-instrumentation-agent-8.1.jar 
java_command: org.gradle.launcher.daemon.bootstrap.GradleDaemon 8.1
java_class_path (initial): C:\Users\scher\.gradle\wrapper\dists\gradle-8.1-bin\2eyty4r6kz6fpakefpk52nbbm\gradle-8.1\lib\gradle-launcher-8.1.jar
Launcher Type: SUN_STANDARD

[Global flags]
     intx CICompilerCount                          = 4                                         {product} {ergonomic}
     uint ConcGCThreads                            = 2                                         {product} {ergonomic}
     uint G1ConcRefinementThreads                  = 8                                         {product} {ergonomic}
   size_t G1HeapRegionSize                         = 1048576                                   {product} {ergonomic}
    uintx GCDrainStackTargetSize                   = 64                                        {product} {ergonomic}
   size_t InitialHeapSize                          = 134217728                                 {product} {ergonomic}
   size_t MarkStackSize                            = 4194304                                   {product} {ergonomic}
   size_t MaxHeapSize                              = 2147483648                                {product} {command line}
   size_t MaxNewSize                               = 1287651328                                {product} {ergonomic}
   size_t MinHeapDeltaBytes                        = 1048576                                   {product} {ergonomic}
   size_t MinHeapSize                              = 8388608                                   {product} {ergonomic}
    uintx NonNMethodCodeHeapSize                   = 5839372                                {pd product} {ergonomic}
    uintx NonProfiledCodeHeapSize                  = 122909434                              {pd product} {ergonomic}
    uintx ProfiledCodeHeapSize                     = 122909434                              {pd product} {ergonomic}
    uintx ReservedCodeCacheSize                    = 251658240                              {pd product} {ergonomic}
     bool SegmentedCodeCache                       = true                                      {product} {ergonomic}
   size_t SoftMaxHeapSize                          = 2147483648                             {manageable} {ergonomic}
     bool UseCompressedClassPointers               = true                           {product lp64_product} {ergonomic}
     bool UseCompressedOops                        = true                           {product lp64_product} {ergonomic}
     bool UseG1GC                                  = true                                      {product} {ergonomic}
     bool UseLargePagesIndividualAllocation        = false                                  {pd product} {ergonomic}

Logging:
Log output configuration:
 #0: stdout all=warning uptime,level,tags
 #1: stderr all=off uptime,level,tags

Environment Variables:
PATH=C:\Program Files\Common Files\Oracle\Java\javapath;C:\Program Files (x86)\Embarcadero\Studio\22.0\bin;C:\Users\Public\Documents\Embarcadero\Studio\22.0\Bpl;C:\Program Files (x86)\Embarcadero\Studio\22.0\bin64;C:\Users\Public\Documents\Embarcadero\Studio\22.0\Bpl\Win64;C:\Program Files (x86)\Embarcadero\Studio\21.0\bin;C:\Users\Public\Documents\Embarcadero\Studio\21.0\Bpl;C:\Program Files (x86)\Embarcadero\Studio\21.0\bin64;C:\Users\Public\Documents\Embarcadero\Studio\21.0\Bpl\Win64;C:\Windows\system32;C:\Windows;C:\Windows\System32\Wbem;C:\Windows\System32\WindowsPowerShell\v1.0\;C:\Windows\System32\OpenSSH\;C:\Program Files (x86)\NVIDIA Corporation\PhysX\Common;C:\Program Files\NVIDIA Corporation\NVIDIA NvDLISR;C:\WINDOWS\system32;C:\WINDOWS;C:\WINDOWS\System32\Wbem;C:\WINDOWS\System32\WindowsPowerShell\v1.0\;C:\WINDOWS\System32\OpenSSH\;C:\Program Files\dotnet\;C:\Program Files (x86)\Windows Kits\10\Windows Performance Toolkit\;C:\Program Files\Git\cmd;C:\Users\scher\AppData\Local\Microsoft\WindowsApps;;C:\Users\scher\AppData\Local\Programs\Microsoft VS Code\bin
USERNAME=scher
OS=Windows_NT
PROCESSOR_IDENTIFIER=Intel64 Family 6 Model 142 Stepping 12, GenuineIntel
TMP=C:\Users\scher\AppData\Local\Temp
TEMP=C:\Users\scher\AppData\Local\Temp


JNI global refs:
JNI global refs: 29, weak refs: 4

JNI global refs memory usage: 843, weak refs: 841


---------------  S Y S T E M  ---------------

OS:
 Windows 11 , 64 bit Build 22621 (10.0.22621.4391)
OS uptime: 0 days 4:42 hours
Hyper-V role detected

CPU: total 8 (initial active 8) (4 cores per cpu, 2 threads per core) family 6 model 142 stepping 12 microcode 0xea, cx8, cmov, fxsr, ht, mmx, 3dnowpref, sse, sse2, sse3, ssse3, sse4.1, sse4.2, popcnt, lzcnt, tsc, tscinvbit, avx, avx2, aes, erms, clmul, bmi1, bmi2, adx, fma, vzeroupper, clflush, clflushopt, hv

Memory: 4k page, system-wide physical 8072M (460M free)
TotalPageFile size 10120M (AvailPageFile size 34M)
current process WorkingSet (physical memory assigned to process): 465M, peak: 465M
current process commit charge ("private bytes"): 498M, peak: 586M

vm_info: OpenJDK 64-Bit Server VM (17.0.6+0-b2043.56-10027231) for windows-amd64 JRE (17.0.6+0-b2043.56-10027231), built on Apr 28 2023 00:43:19 by "androidbuild" with MS VC++ 16.10 / 16.11 (VS2019)

END.
