#
# There is insufficient memory for the Java Runtime Environment to continue.
# Native memory allocation (malloc) failed to allocate 1737136 bytes for Chunk::new
# Possible reasons:
#   The system is out of physical RAM or swap space
#   The process is running with CompressedOops enabled, and the Java Heap may be blocking the growth of the native heap
# Possible solutions:
#   Reduce memory load on the system
#   Increase physical memory or swap space
#   Check if swap backing store is full
#   Decrease Java heap size (-Xmx/-Xms)
#   Decrease number of Java threads
#   Decrease Java thread stack sizes (-Xss)
#   Set larger code cache with -XX:ReservedCodeCacheSize=
#   JVM is running with Unscaled Compressed Oops mode in which the Java heap is
#     placed in the first 4GB address space. The Java Heap base address is the
#     maximum limit for the native heap growth. Please use -XX:HeapBaseMinAddress
#     to set the Java Heap base and to place the Java Heap above 4GB virtual address.
# This output file may be truncated or incomplete.
#
#  Out of Memory Error (arena.cpp:189), pid=3508, tid=16168
#
# JRE version: OpenJDK Runtime Environment (17.0.6) (build 17.0.6+0-b2043.56-10027231)
# Java VM: OpenJDK 64-Bit Server VM (17.0.6+0-b2043.56-10027231, mixed mode, tiered, compressed oops, compressed class ptrs, g1 gc, windows-amd64)
# No core dump will be written. Minidumps are not enabled by default on client versions of Windows
#

---------------  S U M M A R Y ------------

Command Line: --add-opens=java.base/java.util=ALL-UNNAMED --add-opens=java.base/java.lang=ALL-UNNAMED --add-opens=java.base/java.lang.invoke=ALL-UNNAMED --add-opens=java.prefs/java.util.prefs=ALL-UNNAMED --add-opens=java.base/java.nio.charset=ALL-UNNAMED --add-opens=java.base/java.net=ALL-UNNAMED --add-opens=java.base/java.util.concurrent.atomic=ALL-UNNAMED -Xmx2048m -Dfile.encoding=UTF-8 -Duser.country=BR -Duser.language=pt -Duser.variant -javaagent:C:\Users\scher\.gradle\wrapper\dists\gradle-8.1-bin\2eyty4r6kz6fpakefpk52nbbm\gradle-8.1\lib\agents\gradle-instrumentation-agent-8.1.jar org.gradle.launcher.daemon.bootstrap.GradleDaemon 8.1

Host: Intel(R) Core(TM) i7-8565U CPU @ 1.80GHz, 8 cores, 7G,  Windows 11 , 64 bit Build 22621 (10.0.22621.3958)
Time: Wed Dec  4 22:57:52 2024 Hora oficial do Brasil elapsed time: 14.282049 seconds (0d 0h 0m 14s)

---------------  T H R E A D  ---------------

Current thread (0x000001ed3e437150):  JavaThread "C2 CompilerThread0" daemon [_thread_in_native, id=16168, stack(0x0000006ed2c00000,0x0000006ed2d00000)]


Current CompileTask:
C2:  14282 14022       4       org.gradle.api.internal.tasks.compile.incremental.serialization.HierarchicalNameSerializer::readFirstOccurrenceOfName (60 bytes)

Stack: [0x0000006ed2c00000,0x0000006ed2d00000]
Native frames: (J=compiled Java code, j=interpreted, Vv=VM code, C=native code)
V  [jvm.dll+0x683c9a]
V  [jvm.dll+0x8427a4]
V  [jvm.dll+0x843f9e]
V  [jvm.dll+0x844603]
V  [jvm.dll+0x249b75]
V  [jvm.dll+0xabcac]
V  [jvm.dll+0xac27c]
V  [jvm.dll+0x368857]
V  [jvm.dll+0x1bced2]
V  [jvm.dll+0x21c359]
V  [jvm.dll+0x21b621]
V  [jvm.dll+0x1a4fdd]
V  [jvm.dll+0x22b098]
V  [jvm.dll+0x229159]
V  [jvm.dll+0x7f81ec]
V  [jvm.dll+0x7f274a]
V  [jvm.dll+0x682ad5]
C  [ucrtbase.dll+0x29333]
C  [KERNEL32.DLL+0x1257d]
C  [ntdll.dll+0x5af08]


---------------  P R O C E S S  ---------------

Threads class SMR info:
_java_thread_list=0x000001ed4a3099f0, length=143, elements={
0x000001ed23d02290, 0x000001ed3e426020, 0x000001ed3db53590, 0x000001ed3e43f370,
0x000001ed3db7dc00, 0x000001ed3e433fc0, 0x000001ed3e436890, 0x000001ed3e437150,
0x000001ed3e437e60, 0x000001ed3e438760, 0x000001ed3e5468b0, 0x000001ed3e6aca20,
0x000001ed3e685cc0, 0x000001ed3f9bcbb0, 0x000001ed41941af0, 0x000001ed416e3310,
0x000001ed3ffaf870, 0x000001ed423fb1f0, 0x000001ed3ffbe580, 0x000001ed40e68860,
0x000001ed3ffa8730, 0x000001ed3ffab280, 0x000001ed3ffa9a70, 0x000001ed3ffa8260,
0x000001ed3ffa9f40, 0x000001ed3ffa8c00, 0x000001ed3ffa90d0, 0x000001ed3ffaa410,
0x000001ed3ffa95a0, 0x000001ed3ffab750, 0x000001ed3ffaa8e0, 0x000001ed3ffa7d90,
0x000001ed424a8550, 0x000001ed424ac8b0, 0x000001ed424aabd0, 0x000001ed424a5060,
0x000001ed424a6d40, 0x000001ed424ab570, 0x000001ed424aba40, 0x000001ed424a7210,
0x000001ed424ac3e0, 0x000001ed424a8a20, 0x000001ed424a76e0, 0x000001ed424a5a00,
0x000001ed424abf10, 0x000001ed424a5530, 0x000001ed424a5ed0, 0x000001ed424a9d60,
0x000001ed424a63a0, 0x000001ed424a7bb0, 0x000001ed424a8080, 0x000001ed424a93c0,
0x000001ed3fb36b40, 0x000001ed3fb37010, 0x000001ed3fb3b370, 0x000001ed3fb3c6b0,
0x000001ed3fb39690, 0x000001ed3fb374e0, 0x000001ed3fb3a030, 0x000001ed3fb39b60,
0x000001ed3fb379b0, 0x000001ed3fb3b840, 0x000001ed3fb3bd10, 0x000001ed3fb37e80,
0x000001ed3fb3d520, 0x000001ed3fb38350, 0x000001ed3fb3d050, 0x000001ed3fb3a500,
0x000001ed3fb38820, 0x000001ed47868c70, 0x000001ed4786a480, 0x000001ed47867930,
0x000001ed47864de0, 0x000001ed47864910, 0x000001ed47866f90, 0x000001ed47867e00,
0x000001ed47869140, 0x000001ed47869fb0, 0x000001ed4786a950, 0x000001ed478682d0,
0x000001ed47864440, 0x000001ed47866ac0, 0x000001ed47867460, 0x000001ed478687a0,
0x000001ed4786b2f0, 0x000001ed4786ae20, 0x000001ed47869610, 0x000001ed47866120,
0x000001ed478652b0, 0x000001ed47869ae0, 0x000001ed47865780, 0x000001ed4786bc90,
0x000001ed47865c50, 0x000001ed4786b7c0, 0x000001ed3fb391c0, 0x000001ed3fb3a9d0,
0x000001ed47ddaa40, 0x000001ed47dd9230, 0x000001ed47ddaf10, 0x000001ed47dd4a00,
0x000001ed47dd7ef0, 0x000001ed47dd5870, 0x000001ed47ddb3e0, 0x000001ed47dd6210,
0x000001ed47dd9700, 0x000001ed47dd83c0, 0x000001ed47ddb8b0, 0x000001ed47dd8890,
0x000001ed47dd9bd0, 0x000001ed47dd66e0, 0x000001ed47dd53a0, 0x000001ed47dd6bb0,
0x000001ed47dd7080, 0x000001ed47dda0a0, 0x000001ed47dd5d40, 0x000001ed47dd7550,
0x000001ed47dd7a20, 0x000001ed47dda570, 0x000001ed43f0bda0, 0x000001ed43f0aa60,
0x000001ed43f0d0e0, 0x000001ed43f0c270, 0x000001ed43f070a0, 0x000001ed43f0c740,
0x000001ed43f09250, 0x000001ed43f083e0, 0x000001ed43f0cc10, 0x000001ed43f088b0,
0x000001ed43f0af30, 0x000001ed43f0d5b0, 0x000001ed43f08d80, 0x000001ed43f09bf0,
0x000001ed47f9c570, 0x000001ed47f9cf10, 0x000001ed47f96530, 0x000001ed47f9ca40,
0x000001ed47f973a0, 0x000001ed47f9a890, 0x000001ed47f9b700, 0x000001ed47f9ad60,
0x000001ed47f9bbd0, 0x000001ed47f9b230, 0x000001ed47f9d3e0
}

Java Threads: ( => current thread )
  0x000001ed23d02290 JavaThread "main" [_thread_blocked, id=7172, stack(0x0000006ed1f00000,0x0000006ed2000000)]
  0x000001ed3e426020 JavaThread "Reference Handler" daemon [_thread_blocked, id=6572, stack(0x0000006ed2600000,0x0000006ed2700000)]
  0x000001ed3db53590 JavaThread "Finalizer" daemon [_thread_blocked, id=15332, stack(0x0000006ed2700000,0x0000006ed2800000)]
  0x000001ed3e43f370 JavaThread "Signal Dispatcher" daemon [_thread_blocked, id=7200, stack(0x0000006ed2800000,0x0000006ed2900000)]
  0x000001ed3db7dc00 JavaThread "Attach Listener" daemon [_thread_blocked, id=12244, stack(0x0000006ed2900000,0x0000006ed2a00000)]
  0x000001ed3e433fc0 JavaThread "Service Thread" daemon [_thread_blocked, id=11584, stack(0x0000006ed2a00000,0x0000006ed2b00000)]
  0x000001ed3e436890 JavaThread "Monitor Deflation Thread" daemon [_thread_blocked, id=3472, stack(0x0000006ed2b00000,0x0000006ed2c00000)]
=>0x000001ed3e437150 JavaThread "C2 CompilerThread0" daemon [_thread_in_native, id=16168, stack(0x0000006ed2c00000,0x0000006ed2d00000)]
  0x000001ed3e437e60 JavaThread "C1 CompilerThread0" daemon [_thread_blocked, id=10032, stack(0x0000006ed2d00000,0x0000006ed2e00000)]
  0x000001ed3e438760 JavaThread "Sweeper thread" daemon [_thread_blocked, id=16156, stack(0x0000006ed2e00000,0x0000006ed2f00000)]
  0x000001ed3e5468b0 JavaThread "Common-Cleaner" daemon [_thread_blocked, id=13028, stack(0x0000006ed2f00000,0x0000006ed3000000)]
  0x000001ed3e6aca20 JavaThread "Notification Thread" daemon [_thread_blocked, id=10780, stack(0x0000006ed3000000,0x0000006ed3100000)]
  0x000001ed3e685cc0 JavaThread "C2 CompilerThread1" daemon [_thread_in_native, id=11652, stack(0x0000006ed3200000,0x0000006ed3300000)]
  0x000001ed3f9bcbb0 JavaThread "Daemon health stats" [_thread_blocked, id=13508, stack(0x0000006ed3800000,0x0000006ed3900000)]
  0x000001ed41941af0 JavaThread "Incoming local TCP Connector on port 55739" [_thread_in_native, id=2020, stack(0x0000006ed3900000,0x0000006ed3a00000)]
  0x000001ed416e3310 JavaThread "Daemon periodic checks" [_thread_blocked, id=7064, stack(0x0000006ed3a00000,0x0000006ed3b00000)]
  0x000001ed3ffaf870 JavaThread "Daemon" [_thread_blocked, id=3800, stack(0x0000006ed3b00000,0x0000006ed3c00000)]
  0x000001ed423fb1f0 JavaThread "Handler for socket connection from /127.0.0.1:55739 to /127.0.0.1:55740" [_thread_in_native, id=10488, stack(0x0000006ed3c00000,0x0000006ed3d00000)]
  0x000001ed3ffbe580 JavaThread "Cancel handler" [_thread_blocked, id=8212, stack(0x0000006ed3d00000,0x0000006ed3e00000)]
  0x000001ed40e68860 JavaThread "Daemon worker" [_thread_blocked, id=14700, stack(0x0000006ed3e00000,0x0000006ed3f00000)]
  0x000001ed3ffa8730 JavaThread "Asynchronous log dispatcher for DefaultDaemonConnection: socket connection from /127.0.0.1:55739 to /127.0.0.1:55740" [_thread_blocked, id=13276, stack(0x0000006ed3f00000,0x0000006ed4000000)]
  0x000001ed3ffab280 JavaThread "Stdin handler" [_thread_blocked, id=14800, stack(0x0000006ed4000000,0x0000006ed4100000)]
  0x000001ed3ffa9a70 JavaThread "Daemon client event forwarder" [_thread_blocked, id=11684, stack(0x0000006ed4100000,0x0000006ed4200000)]
  0x000001ed3ffa8260 JavaThread "Cache worker for journal cache (C:\Users\scher\.gradle\caches\journal-1)" [_thread_blocked, id=12120, stack(0x0000006ed4500000,0x0000006ed4600000)]
  0x000001ed3ffa9f40 JavaThread "File lock request listener" [_thread_in_native, id=13536, stack(0x0000006ed4600000,0x0000006ed4700000)]
  0x000001ed3ffa8c00 JavaThread "Cache worker for file hash cache (C:\Users\scher\.gradle\caches\8.1\fileHashes)" [_thread_in_Java, id=3432, stack(0x0000006ed4700000,0x0000006ed4800000)]
  0x000001ed3ffa90d0 JavaThread "File watcher server" daemon [_thread_in_native, id=7736, stack(0x0000006ed4900000,0x0000006ed4a00000)]
  0x000001ed3ffaa410 JavaThread "File watcher consumer" daemon [_thread_blocked, id=7732, stack(0x0000006ed4a00000,0x0000006ed4b00000)]
  0x000001ed3ffa95a0 JavaThread "Cache worker for checksums cache (C:\Users\scher\Documents\PROJETOS ANDROID\NOVO\RECICLAAI\.gradle\8.1\checksums)" [_thread_blocked, id=8680, stack(0x0000006ed4b00000,0x0000006ed4c00000)]
  0x000001ed3ffab750 JavaThread "Cache worker for cache directory md-rule (C:\Users\scher\.gradle\caches\8.1\md-rule)" [_thread_blocked, id=15712, stack(0x0000006ed4c00000,0x0000006ed4d00000)]
  0x000001ed3ffaa8e0 JavaThread "Cache worker for file content cache (C:\Users\scher\.gradle\caches\8.1\fileContent)" [_thread_blocked, id=540, stack(0x0000006ed4d00000,0x0000006ed4e00000)]
  0x000001ed3ffa7d90 JavaThread "Cache worker for file hash cache (C:\Users\scher\Documents\PROJETOS ANDROID\NOVO\RECICLAAI\.gradle\8.1\fileHashes)" [_thread_blocked, id=12500, stack(0x0000006ed4e00000,0x0000006ed4f00000)]
  0x000001ed424a8550 JavaThread "Cache worker for cache directory md-supplier (C:\Users\scher\.gradle\caches\8.1\md-supplier)" [_thread_blocked, id=14576, stack(0x0000006ed4f00000,0x0000006ed5000000)]
  0x000001ed424ac8b0 JavaThread "Cache worker for execution history cache (C:\Users\scher\.gradle\caches\8.1\executionHistory)" [_thread_blocked, id=3608, stack(0x0000006ed5000000,0x0000006ed5100000)]
  0x000001ed424aabd0 JavaThread "jar transforms" [_thread_blocked, id=2396, stack(0x0000006ed5100000,0x0000006ed5200000)]
  0x000001ed424a5060 JavaThread "jar transforms Thread 2" [_thread_blocked, id=4764, stack(0x0000006ed5200000,0x0000006ed5300000)]
  0x000001ed424a6d40 JavaThread "jar transforms Thread 3" [_thread_blocked, id=10544, stack(0x0000006ed5400000,0x0000006ed5500000)]
  0x000001ed424ab570 JavaThread "jar transforms Thread 4" [_thread_blocked, id=15760, stack(0x0000006ed5500000,0x0000006ed5600000)]
  0x000001ed424aba40 JavaThread "Cache worker for dependencies-accessors (C:\Users\scher\Documents\PROJETOS ANDROID\NOVO\RECICLAAI\.gradle\8.1\dependencies-accessors)" [_thread_blocked, id=15724, stack(0x0000006ed5600000,0x0000006ed5700000)]
  0x000001ed424a7210 JavaThread "jar transforms Thread 5" [_thread_blocked, id=17080, stack(0x0000006ed5700000,0x0000006ed5800000)]
  0x000001ed424ac3e0 JavaThread "Cache worker for Build Output Cleanup Cache (C:\Users\scher\Documents\PROJETOS ANDROID\NOVO\RECICLAAI\.gradle\buildOutputCleanup)" [_thread_blocked, id=7276, stack(0x0000006ed4800000,0x0000006ed4900000)]
  0x000001ed424a8a20 JavaThread "Unconstrained build operations" [_thread_blocked, id=6672, stack(0x0000006ed5800000,0x0000006ed5900000)]
  0x000001ed424a76e0 JavaThread "Unconstrained build operations Thread 2" [_thread_blocked, id=3820, stack(0x0000006ed5900000,0x0000006ed5a00000)]
  0x000001ed424a5a00 JavaThread "Unconstrained build operations Thread 3" [_thread_blocked, id=12864, stack(0x0000006ed5a00000,0x0000006ed5b00000)]
  0x000001ed424abf10 JavaThread "Unconstrained build operations Thread 4" [_thread_blocked, id=9616, stack(0x0000006ed5b00000,0x0000006ed5c00000)]
  0x000001ed424a5530 JavaThread "Unconstrained build operations Thread 5" [_thread_blocked, id=8444, stack(0x0000006ed5c00000,0x0000006ed5d00000)]
  0x000001ed424a5ed0 JavaThread "Unconstrained build operations Thread 6" [_thread_blocked, id=15532, stack(0x0000006ed5d00000,0x0000006ed5e00000)]
  0x000001ed424a9d60 JavaThread "Unconstrained build operations Thread 7" [_thread_blocked, id=7332, stack(0x0000006ed5e00000,0x0000006ed5f00000)]
  0x000001ed424a63a0 JavaThread "jar transforms Thread 6" [_thread_blocked, id=14788, stack(0x0000006ed5f00000,0x0000006ed6000000)]
  0x000001ed424a7bb0 JavaThread "jar transforms Thread 7" [_thread_blocked, id=7716, stack(0x0000006ed6000000,0x0000006ed6100000)]
  0x000001ed424a8080 JavaThread "jar transforms Thread 8" [_thread_blocked, id=4272, stack(0x0000006ed6100000,0x0000006ed6200000)]
  0x000001ed424a93c0 JavaThread "build event listener" [_thread_blocked, id=11188, stack(0x0000006ed6300000,0x0000006ed6400000)]
  0x000001ed3fb36b40 JavaThread "Memory manager" [_thread_blocked, id=15088, stack(0x0000006ed6400000,0x0000006ed6500000)]
  0x000001ed3fb37010 JavaThread "included builds" [_thread_blocked, id=120, stack(0x0000006ed6500000,0x0000006ed6600000)]
  0x000001ed3fb3b370 JavaThread "Execution worker" [_thread_blocked, id=17336, stack(0x0000006ed6600000,0x0000006ed6700000)]
  0x000001ed3fb3c6b0 JavaThread "Execution worker Thread 2" [_thread_blocked, id=5532, stack(0x0000006ed6700000,0x0000006ed6800000)]
  0x000001ed3fb39690 JavaThread "Execution worker Thread 3" [_thread_in_Java, id=2252, stack(0x0000006ed6800000,0x0000006ed6900000)]
  0x000001ed3fb374e0 JavaThread "Execution worker Thread 4" [_thread_blocked, id=6092, stack(0x0000006ed6900000,0x0000006ed6a00000)]
  0x000001ed3fb3a030 JavaThread "Execution worker Thread 5" [_thread_blocked, id=7968, stack(0x0000006ed6a00000,0x0000006ed6b00000)]
  0x000001ed3fb39b60 JavaThread "Execution worker Thread 6" [_thread_blocked, id=15816, stack(0x0000006ed6b00000,0x0000006ed6c00000)]
  0x000001ed3fb379b0 JavaThread "Execution worker Thread 7" [_thread_blocked, id=4620, stack(0x0000006ed6c00000,0x0000006ed6d00000)]
  0x000001ed3fb3b840 JavaThread "Cache worker for execution history cache (C:\Users\scher\Documents\PROJETOS ANDROID\NOVO\RECICLAAI\.gradle\8.1\executionHistory)" [_thread_blocked, id=15640, stack(0x0000006ed6d00000,0x0000006ed6e00000)]
  0x000001ed3fb3bd10 JavaThread "Unconstrained build operations Thread 8" [_thread_blocked, id=14512, stack(0x0000006ed6e00000,0x0000006ed6f00000)]
  0x000001ed3fb37e80 JavaThread "Unconstrained build operations Thread 9" [_thread_blocked, id=1216, stack(0x0000006ed6f00000,0x0000006ed7000000)]
  0x000001ed3fb3d520 JavaThread "Unconstrained build operations Thread 10" [_thread_blocked, id=8780, stack(0x0000006ed7000000,0x0000006ed7100000)]
  0x000001ed3fb38350 JavaThread "Unconstrained build operations Thread 11" [_thread_blocked, id=16264, stack(0x0000006ed7100000,0x0000006ed7200000)]
  0x000001ed3fb3d050 JavaThread "Unconstrained build operations Thread 12" [_thread_blocked, id=11648, stack(0x0000006ed7200000,0x0000006ed7300000)]
  0x000001ed3fb3a500 JavaThread "Unconstrained build operations Thread 13" [_thread_blocked, id=16704, stack(0x0000006ed7300000,0x0000006ed7400000)]
  0x000001ed3fb38820 JavaThread "Unconstrained build operations Thread 14" [_thread_blocked, id=13020, stack(0x0000006ed7400000,0x0000006ed7500000)]
  0x000001ed47868c70 JavaThread "Unconstrained build operations Thread 15" [_thread_blocked, id=14012, stack(0x0000006ed7500000,0x0000006ed7600000)]
  0x000001ed4786a480 JavaThread "Unconstrained build operations Thread 16" [_thread_blocked, id=17388, stack(0x0000006ed7600000,0x0000006ed7700000)]
  0x000001ed47867930 JavaThread "Unconstrained build operations Thread 17" [_thread_blocked, id=8616, stack(0x0000006ed7700000,0x0000006ed7800000)]
  0x000001ed47864de0 JavaThread "Unconstrained build operations Thread 18" [_thread_blocked, id=10680, stack(0x0000006ed7800000,0x0000006ed7900000)]
  0x000001ed47864910 JavaThread "Unconstrained build operations Thread 19" [_thread_blocked, id=17252, stack(0x0000006ed7900000,0x0000006ed7a00000)]
  0x000001ed47866f90 JavaThread "Unconstrained build operations Thread 20" [_thread_blocked, id=10740, stack(0x0000006ed7a00000,0x0000006ed7b00000)]
  0x000001ed47867e00 JavaThread "Unconstrained build operations Thread 21" [_thread_blocked, id=5352, stack(0x0000006ed7b00000,0x0000006ed7c00000)]
  0x000001ed47869140 JavaThread "Unconstrained build operations Thread 22" [_thread_blocked, id=7120, stack(0x0000006ed7c00000,0x0000006ed7d00000)]
  0x000001ed47869fb0 JavaThread "Unconstrained build operations Thread 23" [_thread_blocked, id=15120, stack(0x0000006ed7d00000,0x0000006ed7e00000)]
  0x000001ed4786a950 JavaThread "Unconstrained build operations Thread 24" [_thread_blocked, id=14748, stack(0x0000006ed7e00000,0x0000006ed7f00000)]
  0x000001ed478682d0 JavaThread "Unconstrained build operations Thread 25" [_thread_blocked, id=13168, stack(0x0000006ed7f00000,0x0000006ed8000000)]
  0x000001ed47864440 JavaThread "Unconstrained build operations Thread 26" [_thread_blocked, id=8432, stack(0x0000006ed8000000,0x0000006ed8100000)]
  0x000001ed47866ac0 JavaThread "Unconstrained build operations Thread 27" [_thread_blocked, id=5672, stack(0x0000006ed8100000,0x0000006ed8200000)]
  0x000001ed47867460 JavaThread "Unconstrained build operations Thread 28" [_thread_blocked, id=12552, stack(0x0000006ed8200000,0x0000006ed8300000)]
  0x000001ed478687a0 JavaThread "Unconstrained build operations Thread 29" [_thread_blocked, id=16996, stack(0x0000006ed8300000,0x0000006ed8400000)]
  0x000001ed4786b2f0 JavaThread "Unconstrained build operations Thread 30" [_thread_blocked, id=3380, stack(0x0000006ed8400000,0x0000006ed8500000)]
  0x000001ed4786ae20 JavaThread "Unconstrained build operations Thread 31" [_thread_blocked, id=9632, stack(0x0000006ed8500000,0x0000006ed8600000)]
  0x000001ed47869610 JavaThread "Unconstrained build operations Thread 32" [_thread_blocked, id=3908, stack(0x0000006ed8600000,0x0000006ed8700000)]
  0x000001ed47866120 JavaThread "Unconstrained build operations Thread 33" [_thread_blocked, id=15884, stack(0x0000006ed8700000,0x0000006ed8800000)]
  0x000001ed478652b0 JavaThread "Unconstrained build operations Thread 34" [_thread_blocked, id=15604, stack(0x0000006ed8800000,0x0000006ed8900000)]
  0x000001ed47869ae0 JavaThread "Unconstrained build operations Thread 35" [_thread_blocked, id=7896, stack(0x0000006ed8900000,0x0000006ed8a00000)]
  0x000001ed47865780 JavaThread "Unconstrained build operations Thread 36" [_thread_blocked, id=11588, stack(0x0000006ed8a00000,0x0000006ed8b00000)]
  0x000001ed4786bc90 JavaThread "Unconstrained build operations Thread 37" [_thread_blocked, id=7952, stack(0x0000006ed8b00000,0x0000006ed8c00000)]
  0x000001ed47865c50 JavaThread "Unconstrained build operations Thread 38" [_thread_blocked, id=13236, stack(0x0000006ed8c00000,0x0000006ed8d00000)]
  0x000001ed4786b7c0 JavaThread "Unconstrained build operations Thread 39" [_thread_blocked, id=4976, stack(0x0000006ed8d00000,0x0000006ed8e00000)]
  0x000001ed3fb391c0 JavaThread "Unconstrained build operations Thread 40" [_thread_blocked, id=14452, stack(0x0000006ed8e00000,0x0000006ed8f00000)]
  0x000001ed3fb3a9d0 JavaThread "Unconstrained build operations Thread 41" [_thread_blocked, id=15368, stack(0x0000006ed8f00000,0x0000006ed9000000)]
  0x000001ed47ddaa40 JavaThread "Unconstrained build operations Thread 42" [_thread_blocked, id=10536, stack(0x0000006ed9000000,0x0000006ed9100000)]
  0x000001ed47dd9230 JavaThread "Unconstrained build operations Thread 43" [_thread_blocked, id=2804, stack(0x0000006ed9100000,0x0000006ed9200000)]
  0x000001ed47ddaf10 JavaThread "Unconstrained build operations Thread 44" [_thread_blocked, id=2352, stack(0x0000006ed9200000,0x0000006ed9300000)]
  0x000001ed47dd4a00 JavaThread "Unconstrained build operations Thread 45" [_thread_blocked, id=14620, stack(0x0000006ed9300000,0x0000006ed9400000)]
  0x000001ed47dd7ef0 JavaThread "Unconstrained build operations Thread 46" [_thread_blocked, id=11392, stack(0x0000006ed9400000,0x0000006ed9500000)]
  0x000001ed47dd5870 JavaThread "Unconstrained build operations Thread 47" [_thread_blocked, id=13500, stack(0x0000006ed9500000,0x0000006ed9600000)]
  0x000001ed47ddb3e0 JavaThread "Unconstrained build operations Thread 48" [_thread_blocked, id=12644, stack(0x0000006ed9600000,0x0000006ed9700000)]
  0x000001ed47dd6210 JavaThread "Unconstrained build operations Thread 49" [_thread_blocked, id=9440, stack(0x0000006ed9700000,0x0000006ed9800000)]
  0x000001ed47dd9700 JavaThread "Unconstrained build operations Thread 50" [_thread_blocked, id=11680, stack(0x0000006ed9800000,0x0000006ed9900000)]
  0x000001ed47dd83c0 JavaThread "Unconstrained build operations Thread 51" [_thread_blocked, id=8692, stack(0x0000006ed9900000,0x0000006ed9a00000)]
  0x000001ed47ddb8b0 JavaThread "Unconstrained build operations Thread 52" [_thread_blocked, id=4212, stack(0x0000006ed9a00000,0x0000006ed9b00000)]
  0x000001ed47dd8890 JavaThread "Unconstrained build operations Thread 53" [_thread_blocked, id=16172, stack(0x0000006ed9b00000,0x0000006ed9c00000)]
  0x000001ed47dd9bd0 JavaThread "Unconstrained build operations Thread 54" [_thread_blocked, id=10948, stack(0x0000006ed9c00000,0x0000006ed9d00000)]
  0x000001ed47dd66e0 JavaThread "Unconstrained build operations Thread 55" [_thread_blocked, id=8808, stack(0x0000006ed9d00000,0x0000006ed9e00000)]
  0x000001ed47dd53a0 JavaThread "Unconstrained build operations Thread 56" [_thread_blocked, id=11912, stack(0x0000006ed9e00000,0x0000006ed9f00000)]
  0x000001ed47dd6bb0 JavaThread "Unconstrained build operations Thread 57" [_thread_blocked, id=14100, stack(0x0000006ed9f00000,0x0000006eda000000)]
  0x000001ed47dd7080 JavaThread "Unconstrained build operations Thread 58" [_thread_blocked, id=14624, stack(0x0000006eda000000,0x0000006eda100000)]
  0x000001ed47dda0a0 JavaThread "Unconstrained build operations Thread 59" [_thread_blocked, id=9428, stack(0x0000006eda100000,0x0000006eda200000)]
  0x000001ed47dd5d40 JavaThread "Unconstrained build operations Thread 60" [_thread_blocked, id=5104, stack(0x0000006eda200000,0x0000006eda300000)]
  0x000001ed47dd7550 JavaThread "Unconstrained build operations Thread 61" [_thread_blocked, id=6864, stack(0x0000006eda300000,0x0000006eda400000)]
  0x000001ed47dd7a20 JavaThread "Unconstrained build operations Thread 62" [_thread_blocked, id=14636, stack(0x0000006eda400000,0x0000006eda500000)]
  0x000001ed47dda570 JavaThread "Cache worker for Java compile cache (C:\Users\scher\.gradle\caches\8.1\javaCompile)" [_thread_blocked, id=15716, stack(0x0000006eda500000,0x0000006eda600000)]
  0x000001ed43f0bda0 JavaThread "Build operations" [_thread_blocked, id=11396, stack(0x0000006edaa00000,0x0000006edab00000)]
  0x000001ed43f0aa60 JavaThread "Build operations Thread 2" [_thread_blocked, id=12732, stack(0x0000006edab00000,0x0000006edac00000)]
  0x000001ed43f0d0e0 JavaThread "Build operations Thread 3" [_thread_blocked, id=10064, stack(0x0000006edac00000,0x0000006edad00000)]
  0x000001ed43f0c270 JavaThread "Build operations Thread 4" [_thread_blocked, id=6196, stack(0x0000006edad00000,0x0000006edae00000)]
  0x000001ed43f070a0 JavaThread "Build operations Thread 5" [_thread_blocked, id=12280, stack(0x0000006edae00000,0x0000006edaf00000)]
  0x000001ed43f0c740 JavaThread "Build operations Thread 6" [_thread_blocked, id=1508, stack(0x0000006edaf00000,0x0000006edb000000)]
  0x000001ed43f09250 JavaThread "Build operations Thread 7" [_thread_blocked, id=8700, stack(0x0000006edb000000,0x0000006edb100000)]
  0x000001ed43f083e0 JavaThread "Unconstrained build operations Thread 63" [_thread_blocked, id=8760, stack(0x0000006edb100000,0x0000006edb200000)]
  0x000001ed43f0cc10 JavaThread "Unconstrained build operations Thread 64" [_thread_blocked, id=14820, stack(0x0000006edb200000,0x0000006edb300000)]
  0x000001ed43f088b0 JavaThread "Unconstrained build operations Thread 65" [_thread_blocked, id=10844, stack(0x0000006edb300000,0x0000006edb400000)]
  0x000001ed43f0af30 JavaThread "Unconstrained build operations Thread 66" [_thread_blocked, id=8100, stack(0x0000006edb400000,0x0000006edb500000)]
  0x000001ed43f0d5b0 JavaThread "Unconstrained build operations Thread 67" [_thread_blocked, id=16952, stack(0x0000006edb500000,0x0000006edb600000)]
  0x000001ed43f08d80 JavaThread "Unconstrained build operations Thread 68" [_thread_blocked, id=5152, stack(0x0000006edb600000,0x0000006edb700000)]
  0x000001ed43f09bf0 JavaThread "Unconstrained build operations Thread 69" [_thread_blocked, id=13496, stack(0x0000006edb700000,0x0000006edb800000)]
  0x000001ed47f9c570 JavaThread "Unconstrained build operations Thread 70" [_thread_blocked, id=8148, stack(0x0000006edb800000,0x0000006edb900000)]
  0x000001ed47f9cf10 JavaThread "Unconstrained build operations Thread 71" [_thread_blocked, id=6928, stack(0x0000006edb900000,0x0000006edba00000)]
  0x000001ed47f96530 JavaThread "Unconstrained build operations Thread 72" [_thread_blocked, id=12088, stack(0x0000006edba00000,0x0000006edbb00000)]
  0x000001ed47f9ca40 JavaThread "Unconstrained build operations Thread 73" [_thread_blocked, id=3196, stack(0x0000006edbb00000,0x0000006edbc00000)]
  0x000001ed47f973a0 JavaThread "Unconstrained build operations Thread 74" [_thread_blocked, id=8504, stack(0x0000006edbc00000,0x0000006edbd00000)]
  0x000001ed47f9a890 JavaThread "Unconstrained build operations Thread 75" [_thread_blocked, id=14292, stack(0x0000006edbd00000,0x0000006edbe00000)]
  0x000001ed47f9b700 JavaThread "Unconstrained build operations Thread 76" [_thread_blocked, id=5112, stack(0x0000006edbe00000,0x0000006edbf00000)]
  0x000001ed47f9ad60 JavaThread "Unconstrained build operations Thread 77" [_thread_blocked, id=11708, stack(0x0000006edbf00000,0x0000006edc000000)]
  0x000001ed47f9bbd0 JavaThread "Unconstrained build operations Thread 78" [_thread_blocked, id=6368, stack(0x0000006edc000000,0x0000006edc100000)]
  0x000001ed47f9b230 JavaThread "Unconstrained build operations Thread 79" [_thread_blocked, id=3580, stack(0x0000006edc100000,0x0000006edc200000)]
  0x000001ed47f9d3e0 JavaThread "Unconstrained build operations Thread 80" [_thread_blocked, id=6884, stack(0x0000006edc200000,0x0000006edc300000)]

Other Threads:
  0x000001ed3db52060 VMThread "VM Thread" [stack: 0x0000006ed2500000,0x0000006ed2600000] [id=14072]
  0x000001ed23d7eb90 WatcherThread [stack: 0x0000006ed3100000,0x0000006ed3200000] [id=308]
  0x000001ed23d5f170 GCTaskThread "GC Thread#0" [stack: 0x0000006ed2000000,0x0000006ed2100000] [id=16488]
  0x000001ed3f6d7060 GCTaskThread "GC Thread#1" [stack: 0x0000006ed3400000,0x0000006ed3500000] [id=6224]
  0x000001ed3f715750 GCTaskThread "GC Thread#2" [stack: 0x0000006ed3500000,0x0000006ed3600000] [id=7724]
  0x000001ed3fa9acc0 GCTaskThread "GC Thread#3" [stack: 0x0000006ed3600000,0x0000006ed3700000] [id=12916]
  0x000001ed3f653c20 GCTaskThread "GC Thread#4" [stack: 0x0000006ed3700000,0x0000006ed3800000] [id=584]
  0x000001ed416f8200 GCTaskThread "GC Thread#5" [stack: 0x0000006ed3300000,0x0000006ed3400000] [id=8116]
  0x000001ed42208580 GCTaskThread "GC Thread#6" [stack: 0x0000006ed4200000,0x0000006ed4300000] [id=16460]
  0x000001ed3ffaed70 GCTaskThread "GC Thread#7" [stack: 0x0000006ed4300000,0x0000006ed4400000] [id=3184]
  0x000001ed23d6ffd0 ConcurrentGCThread "G1 Main Marker" [stack: 0x0000006ed2100000,0x0000006ed2200000] [id=8028]
  0x000001ed23d708f0 ConcurrentGCThread "G1 Conc#0" [stack: 0x0000006ed2200000,0x0000006ed2300000] [id=1440]
  0x000001ed3f5bd6f0 ConcurrentGCThread "G1 Conc#1" [stack: 0x0000006ed4400000,0x0000006ed4500000] [id=4880]
  0x000001ed3d9c44e0 ConcurrentGCThread "G1 Refine#0" [stack: 0x0000006ed2300000,0x0000006ed2400000] [id=15012]
  0x000001ed4101c530 ConcurrentGCThread "G1 Refine#1" [stack: 0x0000006ed5300000,0x0000006ed5400000] [id=1244]
  0x000001ed3ef84780 ConcurrentGCThread "G1 Refine#2" [stack: 0x0000006ed6200000,0x0000006ed6300000] [id=14588]
  0x000001ed3ef84a60 ConcurrentGCThread "G1 Refine#3" [stack: 0x0000006eda600000,0x0000006eda700000] [id=11776]
  0x000001ed3ef82220 ConcurrentGCThread "G1 Refine#4" [stack: 0x0000006eda700000,0x0000006eda800000] [id=11488]
  0x000001ed3ef80e00 ConcurrentGCThread "G1 Refine#5" [stack: 0x0000006eda800000,0x0000006eda900000] [id=16700]
  0x000001ed3ef83920 ConcurrentGCThread "G1 Refine#6" [stack: 0x0000006eda900000,0x0000006edaa00000] [id=16696]
  0x000001ed23db9ef0 ConcurrentGCThread "G1 Service" [stack: 0x0000006ed2400000,0x0000006ed2500000] [id=14780]

Threads with active compile tasks:
C2 CompilerThread0    14310 14022       4       org.gradle.api.internal.tasks.compile.incremental.serialization.HierarchicalNameSerializer::readFirstOccurrenceOfName (60 bytes)
C2 CompilerThread1    14310 14038       4       org.gradle.api.internal.tasks.compile.incremental.compilerapi.deps.DependentSetSerializer::read (198 bytes)

VM state: not at safepoint (normal execution)

VM Mutex/Monitor currently owned by a thread: None

Heap address: 0x0000000080000000, size: 2048 MB, Compressed Oops mode: 32-bit

CDS archive(s) not mapped
Compressed class space mapped at: 0x0000000100000000-0x0000000140000000, reserved size: 1073741824
Narrow klass base: 0x0000000000000000, Narrow klass shift: 3, Narrow klass range: 0x140000000

GC Precious Log:
 CPUs: 8 total, 8 available
 Memory: 8072M
 Large Page Support: Disabled
 NUMA Support: Disabled
 Compressed Oops: Enabled (32-bit)
 Heap Region Size: 1M
 Heap Min Capacity: 8M
 Heap Initial Capacity: 128M
 Heap Max Capacity: 2G
 Pre-touch: Disabled
 Parallel Workers: 8
 Concurrent Workers: 2
 Concurrent Refinement Workers: 8
 Periodic GC: Disabled

Heap:
 garbage-first heap   total 270336K, used 189684K [0x0000000080000000, 0x0000000100000000)
  region size 1024K, 81 young (82944K), 9 survivors (9216K)
 Metaspace       used 100571K, committed 101184K, reserved 1138688K
  class space    used 13562K, committed 13824K, reserved 1048576K

Heap Regions: E=young(eden), S=young(survivor), O=old, HS=humongous(starts), HC=humongous(continues), CS=collection set, F=free, OA=open archive, CA=closed archive, TAMS=top-at-mark-start (previous, next)
|   0|0x0000000080000000, 0x0000000080100000, 0x0000000080100000|100%|HS|  |TAMS 0x0000000080100000, 0x0000000080000000| Complete 
|   1|0x0000000080100000, 0x0000000080200000, 0x0000000080200000|100%|HC|  |TAMS 0x0000000080200000, 0x0000000080100000| Complete 
|   2|0x0000000080200000, 0x0000000080300000, 0x0000000080300000|100%|HC|  |TAMS 0x0000000080300000, 0x0000000080200000| Complete 
|   3|0x0000000080300000, 0x0000000080400000, 0x0000000080400000|100%|HC|  |TAMS 0x0000000080400000, 0x0000000080300000| Complete 
|   4|0x0000000080400000, 0x0000000080500000, 0x0000000080500000|100%| O|  |TAMS 0x0000000080500000, 0x0000000080400000| Untracked 
|   5|0x0000000080500000, 0x0000000080600000, 0x0000000080600000|100%| O|  |TAMS 0x0000000080600000, 0x0000000080500000| Untracked 
|   6|0x0000000080600000, 0x0000000080700000, 0x0000000080700000|100%| O|  |TAMS 0x0000000080700000, 0x0000000080600000| Untracked 
|   7|0x0000000080700000, 0x0000000080800000, 0x0000000080800000|100%| O|  |TAMS 0x0000000080800000, 0x0000000080700000| Untracked 
|   8|0x0000000080800000, 0x0000000080900000, 0x0000000080900000|100%| O|  |TAMS 0x0000000080900000, 0x0000000080800000| Untracked 
|   9|0x0000000080900000, 0x0000000080a00000, 0x0000000080a00000|100%| O|  |TAMS 0x0000000080a00000, 0x0000000080900000| Untracked 
|  10|0x0000000080a00000, 0x0000000080b00000, 0x0000000080b00000|100%| O|  |TAMS 0x0000000080b00000, 0x0000000080a00000| Untracked 
|  11|0x0000000080b00000, 0x0000000080c00000, 0x0000000080c00000|100%| O|  |TAMS 0x0000000080c00000, 0x0000000080b00000| Untracked 
|  12|0x0000000080c00000, 0x0000000080d00000, 0x0000000080d00000|100%| O|  |TAMS 0x0000000080d00000, 0x0000000080c00000| Untracked 
|  13|0x0000000080d00000, 0x0000000080e00000, 0x0000000080e00000|100%| O|  |TAMS 0x0000000080e00000, 0x0000000080d00000| Untracked 
|  14|0x0000000080e00000, 0x0000000080f00000, 0x0000000080f00000|100%| O|  |TAMS 0x0000000080f00000, 0x0000000080e00000| Untracked 
|  15|0x0000000080f00000, 0x0000000081000000, 0x0000000081000000|100%| O|  |TAMS 0x0000000081000000, 0x0000000080f00000| Untracked 
|  16|0x0000000081000000, 0x0000000081100000, 0x0000000081100000|100%| O|  |TAMS 0x0000000081100000, 0x0000000081000000| Untracked 
|  17|0x0000000081100000, 0x0000000081200000, 0x0000000081200000|100%| O|  |TAMS 0x0000000081200000, 0x0000000081100000| Untracked 
|  18|0x0000000081200000, 0x0000000081300000, 0x0000000081300000|100%| O|  |TAMS 0x0000000081300000, 0x0000000081200000| Untracked 
|  19|0x0000000081300000, 0x0000000081400000, 0x0000000081400000|100%| O|  |TAMS 0x0000000081400000, 0x0000000081300000| Untracked 
|  20|0x0000000081400000, 0x0000000081500000, 0x0000000081500000|100%| O|  |TAMS 0x0000000081500000, 0x0000000081400000| Untracked 
|  21|0x0000000081500000, 0x0000000081600000, 0x0000000081600000|100%| O|  |TAMS 0x0000000081600000, 0x0000000081500000| Untracked 
|  22|0x0000000081600000, 0x0000000081700000, 0x0000000081700000|100%| O|  |TAMS 0x0000000081600000, 0x0000000081600000| Untracked 
|  23|0x0000000081700000, 0x0000000081800000, 0x0000000081800000|100%|HS|  |TAMS 0x0000000081800000, 0x0000000081700000| Complete 
|  24|0x0000000081800000, 0x0000000081900000, 0x0000000081900000|100%|HS|  |TAMS 0x0000000081900000, 0x0000000081800000| Complete 
|  25|0x0000000081900000, 0x0000000081a00000, 0x0000000081a00000|100%| O|  |TAMS 0x0000000081a00000, 0x0000000081900000| Untracked 
|  26|0x0000000081a00000, 0x0000000081b00000, 0x0000000081b00000|100%| O|  |TAMS 0x0000000081b00000, 0x0000000081a00000| Untracked 
|  27|0x0000000081b00000, 0x0000000081c00000, 0x0000000081c00000|100%| O|  |TAMS 0x0000000081c00000, 0x0000000081b00000| Untracked 
|  28|0x0000000081c00000, 0x0000000081d00000, 0x0000000081d00000|100%| O|  |TAMS 0x0000000081d00000, 0x0000000081c00000| Untracked 
|  29|0x0000000081d00000, 0x0000000081e00000, 0x0000000081e00000|100%| O|  |TAMS 0x0000000081e00000, 0x0000000081d00000| Untracked 
|  30|0x0000000081e00000, 0x0000000081f00000, 0x0000000081f00000|100%| O|  |TAMS 0x0000000081f00000, 0x0000000081e00000| Untracked 
|  31|0x0000000081f00000, 0x0000000082000000, 0x0000000082000000|100%| O|  |TAMS 0x0000000082000000, 0x0000000081f00000| Untracked 
|  32|0x0000000082000000, 0x0000000082100000, 0x0000000082100000|100%| O|  |TAMS 0x0000000082100000, 0x0000000082000000| Untracked 
|  33|0x0000000082100000, 0x0000000082200000, 0x0000000082200000|100%| O|  |TAMS 0x0000000082200000, 0x0000000082100000| Untracked 
|  34|0x0000000082200000, 0x0000000082300000, 0x0000000082300000|100%|HS|  |TAMS 0x0000000082300000, 0x0000000082200000| Complete 
|  35|0x0000000082300000, 0x0000000082400000, 0x0000000082400000|100%| O|  |TAMS 0x0000000082400000, 0x0000000082300000| Untracked 
|  36|0x0000000082400000, 0x0000000082500000, 0x0000000082500000|100%|HS|  |TAMS 0x0000000082500000, 0x0000000082400000| Complete 
|  37|0x0000000082500000, 0x0000000082600000, 0x0000000082600000|100%| O|  |TAMS 0x0000000082600000, 0x0000000082500000| Untracked 
|  38|0x0000000082600000, 0x0000000082700000, 0x0000000082700000|100%| O|  |TAMS 0x0000000082700000, 0x0000000082600000| Untracked 
|  39|0x0000000082700000, 0x0000000082800000, 0x0000000082800000|100%| O|  |TAMS 0x0000000082800000, 0x0000000082700000| Untracked 
|  40|0x0000000082800000, 0x0000000082900000, 0x0000000082900000|100%| O|  |TAMS 0x0000000082900000, 0x0000000082800000| Untracked 
|  41|0x0000000082900000, 0x0000000082a00000, 0x0000000082a00000|100%| O|  |TAMS 0x0000000082a00000, 0x0000000082900000| Untracked 
|  42|0x0000000082a00000, 0x0000000082b00000, 0x0000000082b00000|100%| O|  |TAMS 0x0000000082b00000, 0x0000000082a00000| Untracked 
|  43|0x0000000082b00000, 0x0000000082c00000, 0x0000000082c00000|100%| O|  |TAMS 0x0000000082c00000, 0x0000000082b00000| Untracked 
|  44|0x0000000082c00000, 0x0000000082d00000, 0x0000000082d00000|100%| O|  |TAMS 0x0000000082d00000, 0x0000000082c00000| Untracked 
|  45|0x0000000082d00000, 0x0000000082e00000, 0x0000000082e00000|100%| O|  |TAMS 0x0000000082e00000, 0x0000000082d00000| Untracked 
|  46|0x0000000082e00000, 0x0000000082f00000, 0x0000000082f00000|100%| O|  |TAMS 0x0000000082f00000, 0x0000000082e00000| Untracked 
|  47|0x0000000082f00000, 0x0000000083000000, 0x0000000083000000|100%| O|  |TAMS 0x0000000083000000, 0x0000000082f00000| Untracked 
|  48|0x0000000083000000, 0x0000000083100000, 0x0000000083100000|100%| O|  |TAMS 0x0000000083100000, 0x0000000083000000| Untracked 
|  49|0x0000000083100000, 0x0000000083200000, 0x0000000083200000|100%| O|  |TAMS 0x0000000083200000, 0x0000000083100000| Untracked 
|  50|0x0000000083200000, 0x0000000083300000, 0x0000000083300000|100%| O|  |TAMS 0x0000000083300000, 0x0000000083200000| Untracked 
|  51|0x0000000083300000, 0x0000000083400000, 0x0000000083400000|100%| O|  |TAMS 0x0000000083400000, 0x0000000083300000| Untracked 
|  52|0x0000000083400000, 0x0000000083500000, 0x0000000083500000|100%| O|  |TAMS 0x0000000083500000, 0x0000000083400000| Untracked 
|  53|0x0000000083500000, 0x0000000083600000, 0x0000000083600000|100%| O|  |TAMS 0x0000000083600000, 0x0000000083500000| Untracked 
|  54|0x0000000083600000, 0x0000000083700000, 0x0000000083700000|100%| O|  |TAMS 0x0000000083700000, 0x0000000083600000| Untracked 
|  55|0x0000000083700000, 0x0000000083800000, 0x0000000083800000|100%| O|  |TAMS 0x0000000083800000, 0x0000000083700000| Untracked 
|  56|0x0000000083800000, 0x0000000083900000, 0x0000000083900000|100%| O|  |TAMS 0x0000000083800000, 0x0000000083800000| Untracked 
|  57|0x0000000083900000, 0x0000000083a00000, 0x0000000083a00000|100%| O|  |TAMS 0x0000000083a00000, 0x0000000083900000| Untracked 
|  58|0x0000000083a00000, 0x0000000083b00000, 0x0000000083b00000|100%| O|  |TAMS 0x0000000083b00000, 0x0000000083a00000| Untracked 
|  59|0x0000000083b00000, 0x0000000083c00000, 0x0000000083c00000|100%| O|  |TAMS 0x0000000083c00000, 0x0000000083b00000| Untracked 
|  60|0x0000000083c00000, 0x0000000083d00000, 0x0000000083d00000|100%| O|  |TAMS 0x0000000083d00000, 0x0000000083c00000| Untracked 
|  61|0x0000000083d00000, 0x0000000083e00000, 0x0000000083e00000|100%| O|  |TAMS 0x0000000083e00000, 0x0000000083d00000| Untracked 
|  62|0x0000000083e00000, 0x0000000083f00000, 0x0000000083f00000|100%| O|  |TAMS 0x0000000083f00000, 0x0000000083e00000| Untracked 
|  63|0x0000000083f00000, 0x0000000084000000, 0x0000000084000000|100%| O|  |TAMS 0x0000000084000000, 0x0000000083f00000| Untracked 
|  64|0x0000000084000000, 0x0000000084100000, 0x0000000084100000|100%| O|  |TAMS 0x00000000840cdc00, 0x0000000084000000| Untracked 
|  65|0x0000000084100000, 0x0000000084200000, 0x0000000084200000|100%| O|  |TAMS 0x0000000084100000, 0x0000000084100000| Untracked 
|  66|0x0000000084200000, 0x0000000084300000, 0x0000000084300000|100%| O|  |TAMS 0x0000000084200000, 0x0000000084200000| Untracked 
|  67|0x0000000084300000, 0x0000000084400000, 0x0000000084400000|100%| O|  |TAMS 0x0000000084300000, 0x0000000084300000| Untracked 
|  68|0x0000000084400000, 0x0000000084500000, 0x0000000084500000|100%| O|  |TAMS 0x0000000084400000, 0x0000000084400000| Untracked 
|  69|0x0000000084500000, 0x0000000084600000, 0x0000000084600000|100%| O|  |TAMS 0x0000000084500000, 0x0000000084500000| Untracked 
|  70|0x0000000084600000, 0x0000000084700000, 0x0000000084700000|100%| O|  |TAMS 0x0000000084600000, 0x0000000084600000| Untracked 
|  71|0x0000000084700000, 0x0000000084800000, 0x0000000084800000|100%| O|  |TAMS 0x0000000084700000, 0x0000000084700000| Untracked 
|  72|0x0000000084800000, 0x0000000084900000, 0x0000000084900000|100%|HS|  |TAMS 0x0000000084800000, 0x0000000084800000| Complete 
|  73|0x0000000084900000, 0x0000000084a00000, 0x0000000084a00000|100%|HC|  |TAMS 0x0000000084900000, 0x0000000084900000| Complete 
|  74|0x0000000084a00000, 0x0000000084b00000, 0x0000000084b00000|100%| O|  |TAMS 0x0000000084a00000, 0x0000000084a00000| Untracked 
|  75|0x0000000084b00000, 0x0000000084c00000, 0x0000000084c00000|100%| O|  |TAMS 0x0000000084b00000, 0x0000000084b00000| Untracked 
|  76|0x0000000084c00000, 0x0000000084d00000, 0x0000000084d00000|100%| O|  |TAMS 0x0000000084c00000, 0x0000000084c00000| Untracked 
|  77|0x0000000084d00000, 0x0000000084e00000, 0x0000000084e00000|100%| O|  |TAMS 0x0000000084d00000, 0x0000000084d00000| Untracked 
|  78|0x0000000084e00000, 0x0000000084f00000, 0x0000000084f00000|100%| O|  |TAMS 0x0000000084e00000, 0x0000000084e00000| Untracked 
|  79|0x0000000084f00000, 0x0000000085000000, 0x0000000085000000|100%| O|  |TAMS 0x0000000084f00000, 0x0000000084f00000| Untracked 
|  80|0x0000000085000000, 0x0000000085100000, 0x0000000085100000|100%| O|  |TAMS 0x0000000085000000, 0x0000000085000000| Untracked 
|  81|0x0000000085100000, 0x0000000085200000, 0x0000000085200000|100%| O|  |TAMS 0x0000000085100000, 0x0000000085100000| Untracked 
|  82|0x0000000085200000, 0x0000000085300000, 0x0000000085300000|100%| O|  |TAMS 0x0000000085200000, 0x0000000085200000| Untracked 
|  83|0x0000000085300000, 0x0000000085400000, 0x0000000085400000|100%| O|  |TAMS 0x0000000085300000, 0x0000000085300000| Untracked 
|  84|0x0000000085400000, 0x0000000085500000, 0x0000000085500000|100%| O|  |TAMS 0x0000000085400000, 0x0000000085400000| Untracked 
|  85|0x0000000085500000, 0x0000000085600000, 0x0000000085600000|100%| O|  |TAMS 0x0000000085500000, 0x0000000085500000| Untracked 
|  86|0x0000000085600000, 0x0000000085700000, 0x0000000085700000|100%| O|  |TAMS 0x0000000085600000, 0x0000000085600000| Untracked 
|  87|0x0000000085700000, 0x0000000085800000, 0x0000000085800000|100%| O|  |TAMS 0x0000000085700000, 0x0000000085700000| Untracked 
|  88|0x0000000085800000, 0x0000000085900000, 0x0000000085900000|100%| O|  |TAMS 0x0000000085800000, 0x0000000085800000| Untracked 
|  89|0x0000000085900000, 0x0000000085a00000, 0x0000000085a00000|100%| O|  |TAMS 0x0000000085900000, 0x0000000085900000| Untracked 
|  90|0x0000000085a00000, 0x0000000085b00000, 0x0000000085b00000|100%| O|  |TAMS 0x0000000085a00000, 0x0000000085a00000| Untracked 
|  91|0x0000000085b00000, 0x0000000085c00000, 0x0000000085c00000|100%| O|  |TAMS 0x0000000085b00000, 0x0000000085b00000| Untracked 
|  92|0x0000000085c00000, 0x0000000085d00000, 0x0000000085d00000|100%| O|  |TAMS 0x0000000085c00000, 0x0000000085c00000| Untracked 
|  93|0x0000000085d00000, 0x0000000085e00000, 0x0000000085e00000|100%| O|  |TAMS 0x0000000085d00000, 0x0000000085d00000| Untracked 
|  94|0x0000000085e00000, 0x0000000085f00000, 0x0000000085f00000|100%| O|  |TAMS 0x0000000085e00000, 0x0000000085e00000| Untracked 
|  95|0x0000000085f00000, 0x0000000086000000, 0x0000000086000000|100%| O|  |TAMS 0x0000000085f00000, 0x0000000085f00000| Untracked 
|  96|0x0000000086000000, 0x0000000086100000, 0x0000000086100000|100%| O|  |TAMS 0x0000000086000000, 0x0000000086000000| Untracked 
|  97|0x0000000086100000, 0x0000000086200000, 0x0000000086200000|100%| O|  |TAMS 0x0000000086100000, 0x0000000086100000| Untracked 
|  98|0x0000000086200000, 0x0000000086300000, 0x0000000086300000|100%| O|  |TAMS 0x0000000086200000, 0x0000000086200000| Untracked 
|  99|0x0000000086300000, 0x0000000086400000, 0x0000000086400000|100%| O|  |TAMS 0x0000000086300000, 0x0000000086300000| Untracked 
| 100|0x0000000086400000, 0x0000000086500000, 0x0000000086500000|100%| O|  |TAMS 0x0000000086400000, 0x0000000086400000| Untracked 
| 101|0x0000000086500000, 0x0000000086600000, 0x0000000086600000|100%| O|  |TAMS 0x0000000086500000, 0x0000000086500000| Untracked 
| 102|0x0000000086600000, 0x0000000086700000, 0x0000000086700000|100%| O|  |TAMS 0x0000000086600000, 0x0000000086600000| Untracked 
| 103|0x0000000086700000, 0x0000000086800000, 0x0000000086800000|100%| O|  |TAMS 0x0000000086700000, 0x0000000086700000| Untracked 
| 104|0x0000000086800000, 0x0000000086900000, 0x0000000086900000|100%| O|  |TAMS 0x0000000086800000, 0x0000000086800000| Untracked 
| 105|0x0000000086900000, 0x0000000086a00000, 0x0000000086a00000|100%| O|  |TAMS 0x0000000086900000, 0x0000000086900000| Untracked 
| 106|0x0000000086a00000, 0x0000000086a96600, 0x0000000086b00000| 58%| O|  |TAMS 0x0000000086a00000, 0x0000000086a00000| Untracked 
| 107|0x0000000086b00000, 0x0000000086b00000, 0x0000000086c00000|  0%| F|  |TAMS 0x0000000086b00000, 0x0000000086b00000| Untracked 
| 108|0x0000000086c00000, 0x0000000086c00000, 0x0000000086d00000|  0%| F|  |TAMS 0x0000000086c00000, 0x0000000086c00000| Untracked 
| 109|0x0000000086d00000, 0x0000000086d00000, 0x0000000086e00000|  0%| F|  |TAMS 0x0000000086d00000, 0x0000000086d00000| Untracked 
| 110|0x0000000086e00000, 0x0000000086e00000, 0x0000000086f00000|  0%| F|  |TAMS 0x0000000086e00000, 0x0000000086e00000| Untracked 
| 111|0x0000000086f00000, 0x0000000086f00000, 0x0000000087000000|  0%| F|  |TAMS 0x0000000086f00000, 0x0000000086f00000| Untracked 
| 112|0x0000000087000000, 0x0000000087000000, 0x0000000087100000|  0%| F|  |TAMS 0x0000000087000000, 0x0000000087000000| Untracked 
| 113|0x0000000087100000, 0x0000000087100000, 0x0000000087200000|  0%| F|  |TAMS 0x0000000087100000, 0x0000000087100000| Untracked 
| 114|0x0000000087200000, 0x0000000087200000, 0x0000000087300000|  0%| F|  |TAMS 0x0000000087200000, 0x0000000087200000| Untracked 
| 115|0x0000000087300000, 0x0000000087300000, 0x0000000087400000|  0%| F|  |TAMS 0x0000000087300000, 0x0000000087300000| Untracked 
| 116|0x0000000087400000, 0x0000000087400000, 0x0000000087500000|  0%| F|  |TAMS 0x0000000087400000, 0x0000000087400000| Untracked 
| 117|0x0000000087500000, 0x0000000087500000, 0x0000000087600000|  0%| F|  |TAMS 0x0000000087500000, 0x0000000087500000| Untracked 
| 118|0x0000000087600000, 0x0000000087600000, 0x0000000087700000|  0%| F|  |TAMS 0x0000000087600000, 0x0000000087600000| Untracked 
| 119|0x0000000087700000, 0x0000000087700000, 0x0000000087800000|  0%| F|  |TAMS 0x0000000087700000, 0x0000000087700000| Untracked 
| 120|0x0000000087800000, 0x0000000087800000, 0x0000000087900000|  0%| F|  |TAMS 0x0000000087800000, 0x0000000087800000| Untracked 
| 121|0x0000000087900000, 0x0000000087900000, 0x0000000087a00000|  0%| F|  |TAMS 0x0000000087900000, 0x0000000087900000| Untracked 
| 122|0x0000000087a00000, 0x0000000087a00000, 0x0000000087b00000|  0%| F|  |TAMS 0x0000000087a00000, 0x0000000087a00000| Untracked 
| 123|0x0000000087b00000, 0x0000000087b00000, 0x0000000087c00000|  0%| F|  |TAMS 0x0000000087b00000, 0x0000000087b00000| Untracked 
| 124|0x0000000087c00000, 0x0000000087c00000, 0x0000000087d00000|  0%| F|  |TAMS 0x0000000087c00000, 0x0000000087c00000| Untracked 
| 125|0x0000000087d00000, 0x0000000087d00000, 0x0000000087e00000|  0%| F|  |TAMS 0x0000000087d00000, 0x0000000087d00000| Untracked 
| 126|0x0000000087e00000, 0x0000000087e00000, 0x0000000087f00000|  0%| F|  |TAMS 0x0000000087e00000, 0x0000000087e00000| Untracked 
| 127|0x0000000087f00000, 0x0000000087f00000, 0x0000000088000000|  0%| F|  |TAMS 0x0000000087f00000, 0x0000000087f00000| Untracked 
| 128|0x0000000088000000, 0x0000000088000000, 0x0000000088100000|  0%| F|  |TAMS 0x0000000088000000, 0x0000000088000000| Untracked 
| 129|0x0000000088100000, 0x0000000088100000, 0x0000000088200000|  0%| F|  |TAMS 0x0000000088100000, 0x0000000088100000| Untracked 
| 130|0x0000000088200000, 0x0000000088200000, 0x0000000088300000|  0%| F|  |TAMS 0x0000000088200000, 0x0000000088200000| Untracked 
| 131|0x0000000088300000, 0x0000000088300000, 0x0000000088400000|  0%| F|  |TAMS 0x0000000088300000, 0x0000000088300000| Untracked 
| 132|0x0000000088400000, 0x0000000088400000, 0x0000000088500000|  0%| F|  |TAMS 0x0000000088400000, 0x0000000088400000| Untracked 
| 133|0x0000000088500000, 0x0000000088500000, 0x0000000088600000|  0%| F|  |TAMS 0x0000000088500000, 0x0000000088500000| Untracked 
| 134|0x0000000088600000, 0x0000000088600000, 0x0000000088700000|  0%| F|  |TAMS 0x0000000088600000, 0x0000000088600000| Untracked 
| 135|0x0000000088700000, 0x0000000088700000, 0x0000000088800000|  0%| F|  |TAMS 0x0000000088700000, 0x0000000088700000| Untracked 
| 136|0x0000000088800000, 0x0000000088800000, 0x0000000088900000|  0%| F|  |TAMS 0x0000000088800000, 0x0000000088800000| Untracked 
| 137|0x0000000088900000, 0x0000000088900000, 0x0000000088a00000|  0%| F|  |TAMS 0x0000000088900000, 0x0000000088900000| Untracked 
| 138|0x0000000088a00000, 0x0000000088a00000, 0x0000000088b00000|  0%| F|  |TAMS 0x0000000088a00000, 0x0000000088a00000| Untracked 
| 139|0x0000000088b00000, 0x0000000088b00000, 0x0000000088c00000|  0%| F|  |TAMS 0x0000000088b00000, 0x0000000088b00000| Untracked 
| 140|0x0000000088c00000, 0x0000000088c00000, 0x0000000088d00000|  0%| F|  |TAMS 0x0000000088c00000, 0x0000000088c00000| Untracked 
| 141|0x0000000088d00000, 0x0000000088d00000, 0x0000000088e00000|  0%| F|  |TAMS 0x0000000088d00000, 0x0000000088d00000| Untracked 
| 142|0x0000000088e00000, 0x0000000088e00000, 0x0000000088f00000|  0%| F|  |TAMS 0x0000000088e00000, 0x0000000088e00000| Untracked 
| 143|0x0000000088f00000, 0x0000000088f00000, 0x0000000089000000|  0%| F|  |TAMS 0x0000000088f00000, 0x0000000088f00000| Untracked 
| 144|0x0000000089000000, 0x0000000089000000, 0x0000000089100000|  0%| F|  |TAMS 0x0000000089000000, 0x0000000089000000| Untracked 
| 145|0x0000000089100000, 0x0000000089100000, 0x0000000089200000|  0%| F|  |TAMS 0x0000000089100000, 0x0000000089100000| Untracked 
| 146|0x0000000089200000, 0x0000000089200000, 0x0000000089300000|  0%| F|  |TAMS 0x0000000089200000, 0x0000000089200000| Untracked 
| 147|0x0000000089300000, 0x0000000089300000, 0x0000000089400000|  0%| F|  |TAMS 0x0000000089300000, 0x0000000089300000| Untracked 
| 148|0x0000000089400000, 0x0000000089400000, 0x0000000089500000|  0%| F|  |TAMS 0x0000000089400000, 0x0000000089400000| Untracked 
| 149|0x0000000089500000, 0x0000000089500000, 0x0000000089600000|  0%| F|  |TAMS 0x0000000089500000, 0x0000000089500000| Untracked 
| 150|0x0000000089600000, 0x0000000089600000, 0x0000000089700000|  0%| F|  |TAMS 0x0000000089600000, 0x0000000089600000| Untracked 
| 151|0x0000000089700000, 0x0000000089700000, 0x0000000089800000|  0%| F|  |TAMS 0x0000000089700000, 0x0000000089700000| Untracked 
| 152|0x0000000089800000, 0x0000000089800000, 0x0000000089900000|  0%| F|  |TAMS 0x0000000089800000, 0x0000000089800000| Untracked 
| 153|0x0000000089900000, 0x0000000089900000, 0x0000000089a00000|  0%| F|  |TAMS 0x0000000089900000, 0x0000000089900000| Untracked 
| 154|0x0000000089a00000, 0x0000000089a00000, 0x0000000089b00000|  0%| F|  |TAMS 0x0000000089a00000, 0x0000000089a00000| Untracked 
| 155|0x0000000089b00000, 0x0000000089b00000, 0x0000000089c00000|  0%| F|  |TAMS 0x0000000089b00000, 0x0000000089b00000| Untracked 
| 156|0x0000000089c00000, 0x0000000089c00000, 0x0000000089d00000|  0%| F|  |TAMS 0x0000000089c00000, 0x0000000089c00000| Untracked 
| 157|0x0000000089d00000, 0x0000000089d00000, 0x0000000089e00000|  0%| F|  |TAMS 0x0000000089d00000, 0x0000000089d00000| Untracked 
| 158|0x0000000089e00000, 0x0000000089e00000, 0x0000000089f00000|  0%| F|  |TAMS 0x0000000089e00000, 0x0000000089e00000| Untracked 
| 159|0x0000000089f00000, 0x0000000089f00000, 0x000000008a000000|  0%| F|  |TAMS 0x0000000089f00000, 0x0000000089f00000| Untracked 
| 160|0x000000008a000000, 0x000000008a0a6d50, 0x000000008a100000| 65%| S|CS|TAMS 0x000000008a000000, 0x000000008a000000| Complete 
| 161|0x000000008a100000, 0x000000008a200000, 0x000000008a200000|100%| S|CS|TAMS 0x000000008a100000, 0x000000008a100000| Complete 
| 162|0x000000008a200000, 0x000000008a300000, 0x000000008a300000|100%| S|CS|TAMS 0x000000008a200000, 0x000000008a200000| Complete 
| 163|0x000000008a300000, 0x000000008a400000, 0x000000008a400000|100%| S|CS|TAMS 0x000000008a300000, 0x000000008a300000| Complete 
| 164|0x000000008a400000, 0x000000008a500000, 0x000000008a500000|100%| S|CS|TAMS 0x000000008a400000, 0x000000008a400000| Complete 
| 165|0x000000008a500000, 0x000000008a600000, 0x000000008a600000|100%| S|CS|TAMS 0x000000008a500000, 0x000000008a500000| Complete 
| 166|0x000000008a600000, 0x000000008a700000, 0x000000008a700000|100%| S|CS|TAMS 0x000000008a600000, 0x000000008a600000| Complete 
| 167|0x000000008a700000, 0x000000008a800000, 0x000000008a800000|100%| S|CS|TAMS 0x000000008a700000, 0x000000008a700000| Complete 
| 168|0x000000008a800000, 0x000000008a900000, 0x000000008a900000|100%| S|CS|TAMS 0x000000008a800000, 0x000000008a800000| Complete 
| 169|0x000000008a900000, 0x000000008a900000, 0x000000008aa00000|  0%| F|  |TAMS 0x000000008a900000, 0x000000008a900000| Untracked 
| 170|0x000000008aa00000, 0x000000008aa00000, 0x000000008ab00000|  0%| F|  |TAMS 0x000000008aa00000, 0x000000008aa00000| Untracked 
| 171|0x000000008ab00000, 0x000000008ab00000, 0x000000008ac00000|  0%| F|  |TAMS 0x000000008ab00000, 0x000000008ab00000| Untracked 
| 172|0x000000008ac00000, 0x000000008ac00000, 0x000000008ad00000|  0%| F|  |TAMS 0x000000008ac00000, 0x000000008ac00000| Untracked 
| 173|0x000000008ad00000, 0x000000008ad00000, 0x000000008ae00000|  0%| F|  |TAMS 0x000000008ad00000, 0x000000008ad00000| Untracked 
| 174|0x000000008ae00000, 0x000000008ae00000, 0x000000008af00000|  0%| F|  |TAMS 0x000000008ae00000, 0x000000008ae00000| Untracked 
| 175|0x000000008af00000, 0x000000008af00000, 0x000000008b000000|  0%| F|  |TAMS 0x000000008af00000, 0x000000008af00000| Untracked 
| 176|0x000000008b000000, 0x000000008b000000, 0x000000008b100000|  0%| F|  |TAMS 0x000000008b000000, 0x000000008b000000| Untracked 
| 177|0x000000008b100000, 0x000000008b100000, 0x000000008b200000|  0%| F|  |TAMS 0x000000008b100000, 0x000000008b100000| Untracked 
| 178|0x000000008b200000, 0x000000008b200000, 0x000000008b300000|  0%| F|  |TAMS 0x000000008b200000, 0x000000008b200000| Untracked 
| 179|0x000000008b300000, 0x000000008b300000, 0x000000008b400000|  0%| F|  |TAMS 0x000000008b300000, 0x000000008b300000| Untracked 
| 180|0x000000008b400000, 0x000000008b400000, 0x000000008b500000|  0%| F|  |TAMS 0x000000008b400000, 0x000000008b400000| Untracked 
| 181|0x000000008b500000, 0x000000008b500000, 0x000000008b600000|  0%| F|  |TAMS 0x000000008b500000, 0x000000008b500000| Untracked 
| 182|0x000000008b600000, 0x000000008b600000, 0x000000008b700000|  0%| F|  |TAMS 0x000000008b600000, 0x000000008b600000| Untracked 
| 183|0x000000008b700000, 0x000000008b700000, 0x000000008b800000|  0%| F|  |TAMS 0x000000008b700000, 0x000000008b700000| Untracked 
| 184|0x000000008b800000, 0x000000008b800000, 0x000000008b900000|  0%| F|  |TAMS 0x000000008b800000, 0x000000008b800000| Untracked 
| 185|0x000000008b900000, 0x000000008b900000, 0x000000008ba00000|  0%| F|  |TAMS 0x000000008b900000, 0x000000008b900000| Untracked 
| 186|0x000000008ba00000, 0x000000008ba00000, 0x000000008bb00000|  0%| F|  |TAMS 0x000000008ba00000, 0x000000008ba00000| Untracked 
| 187|0x000000008bb00000, 0x000000008bb00000, 0x000000008bc00000|  0%| F|  |TAMS 0x000000008bb00000, 0x000000008bb00000| Untracked 
| 188|0x000000008bc00000, 0x000000008bc00000, 0x000000008bd00000|  0%| F|  |TAMS 0x000000008bc00000, 0x000000008bc00000| Untracked 
| 189|0x000000008bd00000, 0x000000008bd00000, 0x000000008be00000|  0%| F|  |TAMS 0x000000008bd00000, 0x000000008bd00000| Untracked 
| 190|0x000000008be00000, 0x000000008be00000, 0x000000008bf00000|  0%| F|  |TAMS 0x000000008be00000, 0x000000008be00000| Untracked 
| 191|0x000000008bf00000, 0x000000008bf04050, 0x000000008c000000|  1%| E|  |TAMS 0x000000008bf00000, 0x000000008bf00000| Complete 
| 192|0x000000008c000000, 0x000000008c100000, 0x000000008c100000|100%| E|CS|TAMS 0x000000008c000000, 0x000000008c000000| Complete 
| 193|0x000000008c100000, 0x000000008c200000, 0x000000008c200000|100%| E|CS|TAMS 0x000000008c100000, 0x000000008c100000| Complete 
| 194|0x000000008c200000, 0x000000008c300000, 0x000000008c300000|100%| E|CS|TAMS 0x000000008c200000, 0x000000008c200000| Complete 
| 195|0x000000008c300000, 0x000000008c400000, 0x000000008c400000|100%| E|CS|TAMS 0x000000008c300000, 0x000000008c300000| Complete 
| 196|0x000000008c400000, 0x000000008c500000, 0x000000008c500000|100%| E|CS|TAMS 0x000000008c400000, 0x000000008c400000| Complete 
| 197|0x000000008c500000, 0x000000008c600000, 0x000000008c600000|100%| E|CS|TAMS 0x000000008c500000, 0x000000008c500000| Complete 
| 198|0x000000008c600000, 0x000000008c700000, 0x000000008c700000|100%| E|CS|TAMS 0x000000008c600000, 0x000000008c600000| Complete 
| 199|0x000000008c700000, 0x000000008c800000, 0x000000008c800000|100%| E|CS|TAMS 0x000000008c700000, 0x000000008c700000| Complete 
| 200|0x000000008c800000, 0x000000008c900000, 0x000000008c900000|100%| E|CS|TAMS 0x000000008c800000, 0x000000008c800000| Complete 
| 201|0x000000008c900000, 0x000000008ca00000, 0x000000008ca00000|100%| E|CS|TAMS 0x000000008c900000, 0x000000008c900000| Complete 
| 202|0x000000008ca00000, 0x000000008cb00000, 0x000000008cb00000|100%| E|CS|TAMS 0x000000008ca00000, 0x000000008ca00000| Complete 
| 203|0x000000008cb00000, 0x000000008cc00000, 0x000000008cc00000|100%| E|CS|TAMS 0x000000008cb00000, 0x000000008cb00000| Complete 
| 204|0x000000008cc00000, 0x000000008cd00000, 0x000000008cd00000|100%| E|CS|TAMS 0x000000008cc00000, 0x000000008cc00000| Complete 
| 205|0x000000008cd00000, 0x000000008ce00000, 0x000000008ce00000|100%| E|CS|TAMS 0x000000008cd00000, 0x000000008cd00000| Complete 
| 206|0x000000008ce00000, 0x000000008cf00000, 0x000000008cf00000|100%| E|CS|TAMS 0x000000008ce00000, 0x000000008ce00000| Complete 
| 207|0x000000008cf00000, 0x000000008d000000, 0x000000008d000000|100%| E|  |TAMS 0x000000008cf00000, 0x000000008cf00000| Complete 
| 208|0x000000008d000000, 0x000000008d100000, 0x000000008d100000|100%| E|CS|TAMS 0x000000008d000000, 0x000000008d000000| Complete 
| 209|0x000000008d100000, 0x000000008d200000, 0x000000008d200000|100%| E|CS|TAMS 0x000000008d100000, 0x000000008d100000| Complete 
| 210|0x000000008d200000, 0x000000008d300000, 0x000000008d300000|100%| E|CS|TAMS 0x000000008d200000, 0x000000008d200000| Complete 
| 211|0x000000008d300000, 0x000000008d400000, 0x000000008d400000|100%| E|CS|TAMS 0x000000008d300000, 0x000000008d300000| Complete 
| 212|0x000000008d400000, 0x000000008d500000, 0x000000008d500000|100%| E|CS|TAMS 0x000000008d400000, 0x000000008d400000| Complete 
| 213|0x000000008d500000, 0x000000008d600000, 0x000000008d600000|100%| E|CS|TAMS 0x000000008d500000, 0x000000008d500000| Complete 
| 214|0x000000008d600000, 0x000000008d700000, 0x000000008d700000|100%| E|CS|TAMS 0x000000008d600000, 0x000000008d600000| Complete 
| 215|0x000000008d700000, 0x000000008d800000, 0x000000008d800000|100%| E|CS|TAMS 0x000000008d700000, 0x000000008d700000| Complete 
| 216|0x000000008d800000, 0x000000008d900000, 0x000000008d900000|100%| E|CS|TAMS 0x000000008d800000, 0x000000008d800000| Complete 
| 217|0x000000008d900000, 0x000000008da00000, 0x000000008da00000|100%| E|CS|TAMS 0x000000008d900000, 0x000000008d900000| Complete 
| 218|0x000000008da00000, 0x000000008db00000, 0x000000008db00000|100%| E|CS|TAMS 0x000000008da00000, 0x000000008da00000| Complete 
| 219|0x000000008db00000, 0x000000008dc00000, 0x000000008dc00000|100%| E|CS|TAMS 0x000000008db00000, 0x000000008db00000| Complete 
| 220|0x000000008dc00000, 0x000000008dd00000, 0x000000008dd00000|100%| E|CS|TAMS 0x000000008dc00000, 0x000000008dc00000| Complete 
| 221|0x000000008dd00000, 0x000000008de00000, 0x000000008de00000|100%| E|CS|TAMS 0x000000008dd00000, 0x000000008dd00000| Complete 
| 222|0x000000008de00000, 0x000000008df00000, 0x000000008df00000|100%| E|CS|TAMS 0x000000008de00000, 0x000000008de00000| Complete 
| 223|0x000000008df00000, 0x000000008e000000, 0x000000008e000000|100%| E|CS|TAMS 0x000000008df00000, 0x000000008df00000| Complete 
| 224|0x000000008e000000, 0x000000008e100000, 0x000000008e100000|100%| E|CS|TAMS 0x000000008e000000, 0x000000008e000000| Complete 
| 225|0x000000008e100000, 0x000000008e200000, 0x000000008e200000|100%| E|CS|TAMS 0x000000008e100000, 0x000000008e100000| Complete 
| 226|0x000000008e200000, 0x000000008e300000, 0x000000008e300000|100%| E|CS|TAMS 0x000000008e200000, 0x000000008e200000| Complete 
| 227|0x000000008e300000, 0x000000008e400000, 0x000000008e400000|100%| E|CS|TAMS 0x000000008e300000, 0x000000008e300000| Complete 
| 228|0x000000008e400000, 0x000000008e500000, 0x000000008e500000|100%| E|CS|TAMS 0x000000008e400000, 0x000000008e400000| Complete 
| 229|0x000000008e500000, 0x000000008e600000, 0x000000008e600000|100%| E|CS|TAMS 0x000000008e500000, 0x000000008e500000| Complete 
| 230|0x000000008e600000, 0x000000008e700000, 0x000000008e700000|100%| E|CS|TAMS 0x000000008e600000, 0x000000008e600000| Complete 
| 231|0x000000008e700000, 0x000000008e800000, 0x000000008e800000|100%| E|CS|TAMS 0x000000008e700000, 0x000000008e700000| Complete 
| 232|0x000000008e800000, 0x000000008e900000, 0x000000008e900000|100%| E|CS|TAMS 0x000000008e800000, 0x000000008e800000| Complete 
| 233|0x000000008e900000, 0x000000008ea00000, 0x000000008ea00000|100%| E|CS|TAMS 0x000000008e900000, 0x000000008e900000| Complete 
| 234|0x000000008ea00000, 0x000000008eb00000, 0x000000008eb00000|100%| E|CS|TAMS 0x000000008ea00000, 0x000000008ea00000| Complete 
| 235|0x000000008eb00000, 0x000000008ec00000, 0x000000008ec00000|100%| E|CS|TAMS 0x000000008eb00000, 0x000000008eb00000| Complete 
| 236|0x000000008ec00000, 0x000000008ed00000, 0x000000008ed00000|100%| E|CS|TAMS 0x000000008ec00000, 0x000000008ec00000| Complete 
| 237|0x000000008ed00000, 0x000000008ee00000, 0x000000008ee00000|100%| E|CS|TAMS 0x000000008ed00000, 0x000000008ed00000| Complete 
| 238|0x000000008ee00000, 0x000000008ef00000, 0x000000008ef00000|100%| E|CS|TAMS 0x000000008ee00000, 0x000000008ee00000| Complete 
| 239|0x000000008ef00000, 0x000000008f000000, 0x000000008f000000|100%| E|CS|TAMS 0x000000008ef00000, 0x000000008ef00000| Complete 
| 240|0x000000008f000000, 0x000000008f100000, 0x000000008f100000|100%| E|CS|TAMS 0x000000008f000000, 0x000000008f000000| Complete 
| 241|0x000000008f100000, 0x000000008f200000, 0x000000008f200000|100%| E|CS|TAMS 0x000000008f100000, 0x000000008f100000| Complete 
| 242|0x000000008f200000, 0x000000008f300000, 0x000000008f300000|100%| E|CS|TAMS 0x000000008f200000, 0x000000008f200000| Complete 
| 243|0x000000008f300000, 0x000000008f400000, 0x000000008f400000|100%| E|CS|TAMS 0x000000008f300000, 0x000000008f300000| Complete 
| 244|0x000000008f400000, 0x000000008f500000, 0x000000008f500000|100%| E|CS|TAMS 0x000000008f400000, 0x000000008f400000| Complete 
| 245|0x000000008f500000, 0x000000008f600000, 0x000000008f600000|100%| E|CS|TAMS 0x000000008f500000, 0x000000008f500000| Complete 
| 246|0x000000008f600000, 0x000000008f700000, 0x000000008f700000|100%| E|CS|TAMS 0x000000008f600000, 0x000000008f600000| Complete 
| 247|0x000000008f700000, 0x000000008f800000, 0x000000008f800000|100%| E|CS|TAMS 0x000000008f700000, 0x000000008f700000| Complete 
| 248|0x000000008f800000, 0x000000008f900000, 0x000000008f900000|100%| E|CS|TAMS 0x000000008f800000, 0x000000008f800000| Complete 
| 249|0x000000008f900000, 0x000000008fa00000, 0x000000008fa00000|100%| E|CS|TAMS 0x000000008f900000, 0x000000008f900000| Complete 
| 250|0x000000008fa00000, 0x000000008fb00000, 0x000000008fb00000|100%| E|CS|TAMS 0x000000008fa00000, 0x000000008fa00000| Complete 
| 251|0x000000008fb00000, 0x000000008fc00000, 0x000000008fc00000|100%| E|CS|TAMS 0x000000008fb00000, 0x000000008fb00000| Complete 
| 252|0x000000008fc00000, 0x000000008fd00000, 0x000000008fd00000|100%| E|CS|TAMS 0x000000008fc00000, 0x000000008fc00000| Complete 
| 253|0x000000008fd00000, 0x000000008fe00000, 0x000000008fe00000|100%| E|CS|TAMS 0x000000008fd00000, 0x000000008fd00000| Complete 
| 254|0x000000008fe00000, 0x000000008ff00000, 0x000000008ff00000|100%| E|CS|TAMS 0x000000008fe00000, 0x000000008fe00000| Complete 
| 255|0x000000008ff00000, 0x0000000090000000, 0x0000000090000000|100%| E|CS|TAMS 0x000000008ff00000, 0x000000008ff00000| Complete 
| 256|0x0000000090000000, 0x0000000090100000, 0x0000000090100000|100%| E|CS|TAMS 0x0000000090000000, 0x0000000090000000| Complete 
| 257|0x0000000090100000, 0x0000000090200000, 0x0000000090200000|100%| E|CS|TAMS 0x0000000090100000, 0x0000000090100000| Complete 
| 258|0x0000000090200000, 0x0000000090300000, 0x0000000090300000|100%| E|CS|TAMS 0x0000000090200000, 0x0000000090200000| Complete 
| 259|0x0000000090300000, 0x0000000090400000, 0x0000000090400000|100%| E|CS|TAMS 0x0000000090300000, 0x0000000090300000| Complete 
| 260|0x0000000090400000, 0x0000000090500000, 0x0000000090500000|100%| E|CS|TAMS 0x0000000090400000, 0x0000000090400000| Complete 
| 261|0x0000000090500000, 0x0000000090600000, 0x0000000090600000|100%| E|CS|TAMS 0x0000000090500000, 0x0000000090500000| Complete 
| 262|0x0000000090600000, 0x0000000090700000, 0x0000000090700000|100%| E|CS|TAMS 0x0000000090600000, 0x0000000090600000| Complete 
| 263|0x0000000090700000, 0x0000000090800000, 0x0000000090800000|100%| E|CS|TAMS 0x0000000090700000, 0x0000000090700000| Complete 

Card table byte_map: [0x000001ed368f0000,0x000001ed36cf0000] _byte_map_base: 0x000001ed364f0000

Marking Bits (Prev, Next): (CMBitMap*) 0x000001ed23d5f6d0, (CMBitMap*) 0x000001ed23d5f690
 Prev Bits: [0x000001ed390f0000, 0x000001ed3b0f0000)
 Next Bits: [0x000001ed370f0000, 0x000001ed390f0000)

Polling page: 0x000001ed21e70000

Metaspace:

Usage:
  Non-class:     84.97 MB used.
      Class:     13.24 MB used.
       Both:     98.22 MB used.

Virtual space:
  Non-class space:       88.00 MB reserved,      85.31 MB ( 97%) committed,  11 nodes.
      Class space:        1.00 GB reserved,      13.50 MB (  1%) committed,  1 nodes.
             Both:        1.09 GB reserved,      98.81 MB (  9%) committed. 

Chunk freelists:
   Non-Class:  1.94 MB
       Class:  2.45 MB
        Both:  4.38 MB

MaxMetaspaceSize: unlimited
CompressedClassSpaceSize: 1.00 GB
Initial GC threshold: 21.00 MB
Current GC threshold: 134.81 MB
CDS: off
MetaspaceReclaimPolicy: balanced
 - commit_granule_bytes: 65536.
 - commit_granule_words: 8192.
 - virtual_space_node_default_size: 1048576.
 - enlarge_chunks_in_place: 1.
 - new_chunks_are_fully_committed: 0.
 - uncommit_free_chunks: 1.
 - use_allocation_guard: 0.
 - handle_deallocations: 1.


Internal statistics:

num_allocs_failed_limit: 9.
num_arena_births: 932.
num_arena_deaths: 0.
num_vsnodes_births: 12.
num_vsnodes_deaths: 0.
num_space_committed: 1580.
num_space_uncommitted: 0.
num_chunks_returned_to_freelist: 9.
num_chunks_taken_from_freelist: 4640.
num_chunk_merges: 9.
num_chunk_splits: 3062.
num_chunks_enlarged: 2064.
num_purges: 0.
num_inconsistent_stats: 0.

CodeHeap 'non-profiled nmethods': size=120000Kb used=7083Kb max_used=7083Kb free=112916Kb
 bounds [0x000001ed2ec90000, 0x000001ed2f380000, 0x000001ed361c0000]
CodeHeap 'profiled nmethods': size=120000Kb used=24486Kb max_used=24486Kb free=95513Kb
 bounds [0x000001ed271c0000, 0x000001ed289b0000, 0x000001ed2e6f0000]
CodeHeap 'non-nmethods': size=5760Kb used=2385Kb max_used=2484Kb free=3374Kb
 bounds [0x000001ed2e6f0000, 0x000001ed2e970000, 0x000001ed2ec90000]
 total_blobs=13549 nmethods=12629 adapters=832
 compilation: enabled
              stopped_count=0, restarted_count=0
 full_count=0

Compilation events (20 events):
Event: 14.214 Thread 0x000001ed3e437e60 14222       1       org.gradle.execution.plan.WorkSource$Selection$1::isNoWorkReadyToStart (2 bytes)
Event: 14.214 Thread 0x000001ed3e437e60 nmethod 14222 0x000001ed2f37a390 code [0x000001ed2f37a520, 0x000001ed2f37a5f8]
Event: 14.217 Thread 0x000001ed3e437e60 14223       2       org.gradle.internal.component.external.model.UrlBackedArtifactMetadata::getComponentId (5 bytes)
Event: 14.217 Thread 0x000001ed3e437e60 nmethod 14223 0x000001ed289a2710 code [0x000001ed289a28a0, 0x000001ed289a29b8]
Event: 14.217 Thread 0x000001ed3e437e60 14224       2       org.gradle.internal.snapshot.impl.IsolatedImmutableManagedValue::hashCode (5 bytes)
Event: 14.217 Thread 0x000001ed3e437e60 nmethod 14224 0x000001ed289a2a90 code [0x000001ed289a2c20, 0x000001ed289a2d48]
Event: 14.217 Thread 0x000001ed3e437e60 14225       2       com.android.build.gradle.internal.dependency.VariantDependencies$Companion$getComponentFilter$1::isSatisfiedBy (9 bytes)
Event: 14.217 Thread 0x000001ed3e437e60 nmethod 14225 0x000001ed289a2e10 code [0x000001ed289a2fa0, 0x000001ed289a3158]
Event: 14.217 Thread 0x000001ed3e437e60 14226       2       com.android.build.gradle.internal.dependency.VariantDependencies$Companion$getComponentFilter$1::isSatisfiedBy (13 bytes)
Event: 14.218 Thread 0x000001ed3e437e60 nmethod 14226 0x000001ed289a3210 code [0x000001ed289a33a0, 0x000001ed289a3518]
Event: 14.219 Thread 0x000001ed3e437e60 14227       1       org.gradle.api.internal.artifacts.transform.DefaultTransformationRegistrationFactory$DefaultArtifactTransformRegistration::getTransformationStep (5 bytes)
Event: 14.219 Thread 0x000001ed3e437e60 nmethod 14227 0x000001ed2f37a690 code [0x000001ed2f37a820, 0x000001ed2f37a8f8]
Event: 14.220 Thread 0x000001ed3e437e60 14228       1       org.gradle.api.internal.artifacts.transform.TransformationStep::stepsCount (2 bytes)
Event: 14.220 Thread 0x000001ed3e437e60 nmethod 14228 0x000001ed2f37a990 code [0x000001ed2f37ab20, 0x000001ed2f37abf8]
Event: 14.221 Thread 0x000001ed3e437e60 14229   !   2       org.gradle.internal.operations.DefaultBuildOperationQueue$WorkerRunnable::waitForNextOperation (89 bytes)
Event: 14.222 Thread 0x000001ed3e437e60 nmethod 14229 0x000001ed289a3590 code [0x000001ed289a37c0, 0x000001ed289a3c18]
Event: 14.237 Thread 0x000001ed3e437e60 14231       3       org.gradle.internal.snapshot.VfsRelativePath::lengthOfCommonPrefix (173 bytes)
Event: 14.240 Thread 0x000001ed3e437e60 nmethod 14231 0x000001ed289a4190 code [0x000001ed289a45c0, 0x000001ed289a67e8]
Event: 14.263 Thread 0x000001ed3e437e60 14233       2       org.gradle.internal.Deferrable$$Lambda$1490/0x0000000100bfa580::get (14 bytes)
Event: 14.264 Thread 0x000001ed3e437e60 nmethod 14233 0x000001ed289a7410 code [0x000001ed289a75e0, 0x000001ed289a7808]

GC Heap History (20 events):
Event: 8.339 GC heap before
{Heap before GC invocations=28 (full 0):
 garbage-first heap   total 135168K, used 103704K [0x0000000080000000, 0x0000000100000000)
  region size 1024K, 42 young (43008K), 1 survivors (1024K)
 Metaspace       used 74277K, committed 74752K, reserved 1114112K
  class space    used 10117K, committed 10304K, reserved 1048576K
}
Event: 8.341 GC heap after
{Heap after GC invocations=29 (full 0):
 garbage-first heap   total 135168K, used 62858K [0x0000000080000000, 0x0000000100000000)
  region size 1024K, 2 young (2048K), 2 survivors (2048K)
 Metaspace       used 74277K, committed 74752K, reserved 1114112K
  class space    used 10117K, committed 10304K, reserved 1048576K
}
Event: 8.872 GC heap before
{Heap before GC invocations=30 (full 0):
 garbage-first heap   total 135168K, used 106890K [0x0000000080000000, 0x0000000100000000)
  region size 1024K, 45 young (46080K), 2 survivors (2048K)
 Metaspace       used 77513K, committed 78016K, reserved 1122304K
  class space    used 10602K, committed 10816K, reserved 1048576K
}
Event: 8.892 GC heap after
{Heap after GC invocations=31 (full 0):
 garbage-first heap   total 135168K, used 65936K [0x0000000080000000, 0x0000000100000000)
  region size 1024K, 5 young (5120K), 5 survivors (5120K)
 Metaspace       used 77513K, committed 78016K, reserved 1122304K
  class space    used 10602K, committed 10816K, reserved 1048576K
}
Event: 8.910 GC heap before
{Heap before GC invocations=31 (full 0):
 garbage-first heap   total 135168K, used 65936K [0x0000000080000000, 0x0000000100000000)
  region size 1024K, 6 young (6144K), 5 survivors (5120K)
 Metaspace       used 77611K, committed 78144K, reserved 1122304K
  class space    used 10617K, committed 10880K, reserved 1048576K
}
Event: 8.918 GC heap after
{Heap after GC invocations=32 (full 0):
 garbage-first heap   total 135168K, used 65976K [0x0000000080000000, 0x0000000100000000)
  region size 1024K, 1 young (1024K), 1 survivors (1024K)
 Metaspace       used 77611K, committed 78144K, reserved 1122304K
  class space    used 10617K, committed 10880K, reserved 1048576K
}
Event: 9.343 GC heap before
{Heap before GC invocations=32 (full 0):
 garbage-first heap   total 135168K, used 107960K [0x0000000080000000, 0x0000000100000000)
  region size 1024K, 42 young (43008K), 1 survivors (1024K)
 Metaspace       used 82028K, committed 82688K, reserved 1122304K
  class space    used 11262K, committed 11584K, reserved 1048576K
}
Event: 9.347 GC heap after
{Heap after GC invocations=33 (full 0):
 garbage-first heap   total 135168K, used 67505K [0x0000000080000000, 0x0000000100000000)
  region size 1024K, 3 young (3072K), 3 survivors (3072K)
 Metaspace       used 82028K, committed 82688K, reserved 1122304K
  class space    used 11262K, committed 11584K, reserved 1048576K
}
Event: 9.739 GC heap before
{Heap before GC invocations=34 (full 0):
 garbage-first heap   total 135168K, used 108465K [0x0000000080000000, 0x0000000100000000)
  region size 1024K, 43 young (44032K), 3 survivors (3072K)
 Metaspace       used 83494K, committed 84096K, reserved 1122304K
  class space    used 11466K, committed 11776K, reserved 1048576K
}
Event: 9.744 GC heap after
{Heap after GC invocations=35 (full 0):
 garbage-first heap   total 135168K, used 72159K [0x0000000080000000, 0x0000000100000000)
  region size 1024K, 6 young (6144K), 6 survivors (6144K)
 Metaspace       used 83494K, committed 84096K, reserved 1122304K
  class space    used 11466K, committed 11776K, reserved 1048576K
}
Event: 9.750 GC heap before
{Heap before GC invocations=35 (full 0):
 garbage-first heap   total 135168K, used 73183K [0x0000000080000000, 0x0000000100000000)
  region size 1024K, 7 young (7168K), 6 survivors (6144K)
 Metaspace       used 83495K, committed 84096K, reserved 1122304K
  class space    used 11466K, committed 11776K, reserved 1048576K
}
Event: 9.758 GC heap after
{Heap after GC invocations=36 (full 0):
 garbage-first heap   total 270336K, used 72721K [0x0000000080000000, 0x0000000100000000)
  region size 1024K, 1 young (1024K), 1 survivors (1024K)
 Metaspace       used 83495K, committed 84096K, reserved 1122304K
  class space    used 11466K, committed 11776K, reserved 1048576K
}
Event: 10.979 GC heap before
{Heap before GC invocations=36 (full 0):
 garbage-first heap   total 270336K, used 208913K [0x0000000080000000, 0x0000000100000000)
  region size 1024K, 135 young (138240K), 1 survivors (1024K)
 Metaspace       used 86748K, committed 87424K, reserved 1130496K
  class space    used 12010K, committed 12352K, reserved 1048576K
}
Event: 10.990 GC heap after
{Heap after GC invocations=37 (full 0):
 garbage-first heap   total 270336K, used 85097K [0x0000000080000000, 0x0000000100000000)
  region size 1024K, 14 young (14336K), 14 survivors (14336K)
 Metaspace       used 86748K, committed 87424K, reserved 1130496K
  class space    used 12010K, committed 12352K, reserved 1048576K
}
Event: 11.935 GC heap before
{Heap before GC invocations=37 (full 0):
 garbage-first heap   total 270336K, used 205929K [0x0000000080000000, 0x0000000100000000)
  region size 1024K, 128 young (131072K), 14 survivors (14336K)
 Metaspace       used 90100K, committed 90688K, reserved 1130496K
  class space    used 12397K, committed 12672K, reserved 1048576K
}
Event: 11.946 GC heap after
{Heap after GC invocations=38 (full 0):
 garbage-first heap   total 270336K, used 91843K [0x0000000080000000, 0x0000000100000000)
  region size 1024K, 8 young (8192K), 8 survivors (8192K)
 Metaspace       used 90100K, committed 90688K, reserved 1130496K
  class space    used 12397K, committed 12672K, reserved 1048576K
}
Event: 13.211 GC heap before
{Heap before GC invocations=38 (full 0):
 garbage-first heap   total 270336K, used 209603K [0x0000000080000000, 0x0000000100000000)
  region size 1024K, 122 young (124928K), 8 survivors (8192K)
 Metaspace       used 98970K, committed 99584K, reserved 1138688K
  class space    used 13425K, committed 13696K, reserved 1048576K
}
Event: 13.227 GC heap after
{Heap after GC invocations=39 (full 0):
 garbage-first heap   total 270336K, used 111282K [0x0000000080000000, 0x0000000100000000)
  region size 1024K, 16 young (16384K), 16 survivors (16384K)
 Metaspace       used 98970K, committed 99584K, reserved 1138688K
  class space    used 13425K, committed 13696K, reserved 1048576K
}
Event: 13.926 GC heap before
{Heap before GC invocations=39 (full 0):
 garbage-first heap   total 270336K, used 208562K [0x0000000080000000, 0x0000000100000000)
  region size 1024K, 111 young (113664K), 16 survivors (16384K)
 Metaspace       used 100262K, committed 100864K, reserved 1138688K
  class space    used 13507K, committed 13760K, reserved 1048576K
}
Event: 13.957 GC heap after
{Heap after GC invocations=40 (full 0):
 garbage-first heap   total 270336K, used 118004K [0x0000000080000000, 0x0000000100000000)
  region size 1024K, 9 young (9216K), 9 survivors (9216K)
 Metaspace       used 100262K, committed 100864K, reserved 1138688K
  class space    used 13507K, committed 13760K, reserved 1048576K
}

Dll operation events (3 events):
Event: 0.006 Loaded shared library C:\Program Files\Android\Android Studio\jbr\bin\java.dll
Event: 0.095 Loaded shared library C:\Program Files\Android\Android Studio\jbr\bin\zip.dll
Event: 0.315 Loaded shared library C:\Program Files\Android\Android Studio\jbr\bin\verify.dll

Deoptimization events (20 events):
Event: 14.064 Thread 0x000001ed3fb39690 Uncommon trap: trap_request=0xffffffc6 fr.pc=0x000001ed2f216348 relative=0x0000000000000628
Event: 14.064 Thread 0x000001ed3fb39690 Uncommon trap: reason=bimorphic_or_optimized_type_check action=maybe_recompile pc=0x000001ed2f216348 method=org.gradle.internal.snapshot.MediumChildMap.withNode(Lorg/gradle/internal/snapshot/VfsRelativePath;Lorg/gradle/internal/snapshot/CaseSensitivity;Lo
Event: 14.064 Thread 0x000001ed3fb39690 DEOPT PACKING pc=0x000001ed2f216348 sp=0x0000006ed68fbd40
Event: 14.064 Thread 0x000001ed3fb39690 DEOPT UNPACKING pc=0x000001ed2e7469a3 sp=0x0000006ed68fbce8 mode 2
Event: 14.086 Thread 0x000001ed43f0d5b0 DEOPT PACKING pc=0x000001ed2786f5f1 sp=0x0000006edb5fe120
Event: 14.086 Thread 0x000001ed43f0d5b0 DEOPT UNPACKING pc=0x000001ed2e747143 sp=0x0000006edb5fd630 mode 0
Event: 14.116 Thread 0x000001ed3fb39690 Uncommon trap: trap_request=0xffffffc6 fr.pc=0x000001ed2f0ada5c relative=0x000000000000013c
Event: 14.116 Thread 0x000001ed3fb39690 Uncommon trap: reason=bimorphic_or_optimized_type_check action=maybe_recompile pc=0x000001ed2f0ada5c method=com.google.common.collect.RegularImmutableMap.checkNoConflictInKeyBucket(Ljava/lang/Object;Ljava/lang/Object;Lcom/google/common/collect/ImmutableMa
Event: 14.116 Thread 0x000001ed3fb39690 DEOPT PACKING pc=0x000001ed2f0ada5c sp=0x0000006ed68fd040
Event: 14.116 Thread 0x000001ed3fb39690 DEOPT UNPACKING pc=0x000001ed2e7469a3 sp=0x0000006ed68fcfd8 mode 2
Event: 14.145 Thread 0x000001ed3fb39690 Uncommon trap: trap_request=0xffffff45 fr.pc=0x000001ed2f26bce0 relative=0x00000000000009e0
Event: 14.145 Thread 0x000001ed3fb39690 Uncommon trap: reason=unstable_if action=reinterpret pc=0x000001ed2f26bce0 method=org.gradle.internal.snapshot.VfsRelativePath.lengthOfCommonPrefix(Ljava/lang/String;Lorg/gradle/internal/snapshot/CaseSensitivity;)I @ 165 c2
Event: 14.145 Thread 0x000001ed3fb39690 DEOPT PACKING pc=0x000001ed2f26bce0 sp=0x0000006ed68fac80
Event: 14.145 Thread 0x000001ed3fb39690 DEOPT UNPACKING pc=0x000001ed2e7469a3 sp=0x0000006ed68fac10 mode 2
Event: 14.191 Thread 0x000001ed3ffa8260 Uncommon trap: trap_request=0xffffff45 fr.pc=0x000001ed2ece88e4 relative=0x0000000000000644
Event: 14.191 Thread 0x000001ed3ffa8260 Uncommon trap: reason=unstable_if action=reinterpret pc=0x000001ed2ece88e4 method=java.math.BigInteger.makePositive([BII)[I @ 40 c2
Event: 14.191 Thread 0x000001ed3ffa8260 DEOPT PACKING pc=0x000001ed2ece88e4 sp=0x0000006ed45fe800
Event: 14.191 Thread 0x000001ed3ffa8260 DEOPT UNPACKING pc=0x000001ed2e7469a3 sp=0x0000006ed45fe768 mode 2
Event: 14.237 Thread 0x000001ed424a5a00 DEOPT PACKING pc=0x000001ed28995e89 sp=0x0000006ed5afbaa0
Event: 14.237 Thread 0x000001ed424a5a00 DEOPT UNPACKING pc=0x000001ed2e747143 sp=0x0000006ed5afafd8 mode 0

Classes unloaded (0 events):
No events

Classes redefined (0 events):
No events

Internal exceptions (20 events):
Event: 13.614 Thread 0x000001ed3fb39690 Exception <a 'sun/nio/fs/WindowsException'{0x000000008d361990}> (0x000000008d361990) 
thrown [s\src\hotspot\share\prims\jni.cpp, line 517]
Event: 13.617 Thread 0x000001ed3fb39690 Exception <a 'sun/nio/fs/WindowsException'{0x000000008d372898}> (0x000000008d372898) 
thrown [s\src\hotspot\share\prims\jni.cpp, line 517]
Event: 13.618 Thread 0x000001ed3fb39690 Exception <a 'sun/nio/fs/WindowsException'{0x000000008d37a7d0}> (0x000000008d37a7d0) 
thrown [s\src\hotspot\share\prims\jni.cpp, line 517]
Event: 13.620 Thread 0x000001ed3fb39690 Exception <a 'sun/nio/fs/WindowsException'{0x000000008d380940}> (0x000000008d380940) 
thrown [s\src\hotspot\share\prims\jni.cpp, line 517]
Event: 13.622 Thread 0x000001ed3fb39690 Exception <a 'sun/nio/fs/WindowsException'{0x000000008d3866f8}> (0x000000008d3866f8) 
thrown [s\src\hotspot\share\prims\jni.cpp, line 517]
Event: 13.623 Thread 0x000001ed3fb39690 Exception <a 'sun/nio/fs/WindowsException'{0x000000008d38c4a0}> (0x000000008d38c4a0) 
thrown [s\src\hotspot\share\prims\jni.cpp, line 517]
Event: 13.625 Thread 0x000001ed3fb39690 Exception <a 'sun/nio/fs/WindowsException'{0x000000008d3998f8}> (0x000000008d3998f8) 
thrown [s\src\hotspot\share\prims\jni.cpp, line 517]
Event: 13.627 Thread 0x000001ed3fb39690 Exception <a 'sun/nio/fs/WindowsException'{0x000000008d3a6f88}> (0x000000008d3a6f88) 
thrown [s\src\hotspot\share\prims\jni.cpp, line 517]
Event: 13.653 Thread 0x000001ed3fb39690 Exception <a 'sun/nio/fs/WindowsException'{0x000000008cfee2e0}> (0x000000008cfee2e0) 
thrown [s\src\hotspot\share\prims\jni.cpp, line 517]
Event: 13.663 Thread 0x000001ed3fb39690 Exception <a 'sun/nio/fs/WindowsException'{0x000000008cca1298}> (0x000000008cca1298) 
thrown [s\src\hotspot\share\prims\jni.cpp, line 517]
Event: 13.677 Thread 0x000001ed3fb39690 Exception <a 'sun/nio/fs/WindowsException'{0x000000008ca6df78}> (0x000000008ca6df78) 
thrown [s\src\hotspot\share\prims\jni.cpp, line 517]
Event: 13.715 Thread 0x000001ed3fb39690 Exception <a 'sun/nio/fs/WindowsException'{0x000000008c6bea48}> (0x000000008c6bea48) 
thrown [s\src\hotspot\share\prims\jni.cpp, line 517]
Event: 13.730 Thread 0x000001ed3fb39690 Exception <a 'sun/nio/fs/WindowsException'{0x000000008c505158}> (0x000000008c505158) 
thrown [s\src\hotspot\share\prims\jni.cpp, line 517]
Event: 13.735 Thread 0x000001ed3fb39690 Exception <a 'sun/nio/fs/WindowsException'{0x000000008c5236f8}> (0x000000008c5236f8) 
thrown [s\src\hotspot\share\prims\jni.cpp, line 517]
Event: 13.824 Thread 0x000001ed3fb39690 Implicit null exception at 0x000001ed2eea93e0 to 0x000001ed2eea9469
Event: 13.824 Thread 0x000001ed3fb39690 Implicit null exception at 0x000001ed2f0f7c80 to 0x000001ed2f0f7f18
Event: 14.052 Thread 0x000001ed3ffa9a70 Exception <a 'java/lang/NoSuchMethodError'{0x000000008fb10708}: static Lorg/gradle/internal/build/event/types/DefaultJavaCompileTaskSuccessResult;.<clinit>()V> (0x000000008fb10708) 
thrown [s\src\hotspot\share\prims\jni.cpp, line 1108]
Event: 14.054 Thread 0x000001ed3ffa9a70 Exception <a 'java/lang/NoSuchMethodError'{0x000000008fb37018}: static [Ljava/lang/Object;.<clinit>()V> (0x000000008fb37018) 
thrown [s\src\hotspot\share\prims\jni.cpp, line 1108]
Event: 14.055 Thread 0x000001ed3ffa9a70 Exception <a 'java/lang/NoSuchMethodError'{0x000000008fb426a8}: static Lorg/gradle/internal/build/event/types/DefaultAnnotationProcessorResult;.<clinit>()V> (0x000000008fb426a8) 
thrown [s\src\hotspot\share\prims\jni.cpp, line 1108]
Event: 14.058 Thread 0x000001ed3fb39690 Exception <a 'sun/nio/fs/WindowsException'{0x000000008fc68540}> (0x000000008fc68540) 
thrown [s\src\hotspot\share\prims\jni.cpp, line 517]

VM Operations (20 events):
Event: 13.439 Executing VM operation: ICBufferFull
Event: 13.439 Executing VM operation: ICBufferFull done
Event: 13.570 Executing VM operation: ICBufferFull
Event: 13.571 Executing VM operation: ICBufferFull done
Event: 13.631 Executing VM operation: ICBufferFull
Event: 13.631 Executing VM operation: ICBufferFull done
Event: 13.637 Executing VM operation: HandshakeAllThreads
Event: 13.637 Executing VM operation: HandshakeAllThreads done
Event: 13.638 Executing VM operation: HandshakeAllThreads
Event: 13.638 Executing VM operation: HandshakeAllThreads done
Event: 13.823 Executing VM operation: HandshakeAllThreads
Event: 13.823 Executing VM operation: HandshakeAllThreads done
Event: 13.824 Executing VM operation: ICBufferFull
Event: 13.824 Executing VM operation: ICBufferFull done
Event: 13.926 Executing VM operation: G1CollectForAllocation
Event: 13.957 Executing VM operation: G1CollectForAllocation done
Event: 14.045 Executing VM operation: HandshakeAllThreads
Event: 14.045 Executing VM operation: HandshakeAllThreads done
Event: 14.046 Executing VM operation: HandshakeAllThreads
Event: 14.046 Executing VM operation: HandshakeAllThreads done

Events (20 events):
Event: 13.865 Thread 0x000001ed43f0c740 Thread added: 0x000001ed43f0c740
Event: 13.865 Thread 0x000001ed43f09250 Thread added: 0x000001ed43f09250
Event: 14.069 Thread 0x000001ed43f083e0 Thread added: 0x000001ed43f083e0
Event: 14.070 Thread 0x000001ed43f0cc10 Thread added: 0x000001ed43f0cc10
Event: 14.070 Thread 0x000001ed43f088b0 Thread added: 0x000001ed43f088b0
Event: 14.070 Thread 0x000001ed43f0af30 Thread added: 0x000001ed43f0af30
Event: 14.071 Thread 0x000001ed43f0d5b0 Thread added: 0x000001ed43f0d5b0
Event: 14.071 Thread 0x000001ed43f08d80 Thread added: 0x000001ed43f08d80
Event: 14.072 Thread 0x000001ed43f09bf0 Thread added: 0x000001ed43f09bf0
Event: 14.153 Thread 0x000001ed47f9c570 Thread added: 0x000001ed47f9c570
Event: 14.153 Thread 0x000001ed47f9cf10 Thread added: 0x000001ed47f9cf10
Event: 14.154 Thread 0x000001ed47f96530 Thread added: 0x000001ed47f96530
Event: 14.154 Thread 0x000001ed47f9ca40 Thread added: 0x000001ed47f9ca40
Event: 14.154 Thread 0x000001ed47f973a0 Thread added: 0x000001ed47f973a0
Event: 14.155 Thread 0x000001ed47f9a890 Thread added: 0x000001ed47f9a890
Event: 14.155 Thread 0x000001ed47f9b700 Thread added: 0x000001ed47f9b700
Event: 14.221 Thread 0x000001ed47f9ad60 Thread added: 0x000001ed47f9ad60
Event: 14.221 Thread 0x000001ed47f9bbd0 Thread added: 0x000001ed47f9bbd0
Event: 14.221 Thread 0x000001ed47f9b230 Thread added: 0x000001ed47f9b230
Event: 14.222 Thread 0x000001ed47f9d3e0 Thread added: 0x000001ed47f9d3e0


Dynamic libraries:
0x00007ff7aba20000 - 0x00007ff7aba2a000 	C:\Program Files\Android\Android Studio\jbr\bin\java.exe
0x00007ffec4130000 - 0x00007ffec4347000 	C:\WINDOWS\SYSTEM32\ntdll.dll
0x00007ffec3c70000 - 0x00007ffec3d34000 	C:\WINDOWS\System32\KERNEL32.DLL
0x00007ffec17e0000 - 0x00007ffec1b97000 	C:\WINDOWS\System32\KERNELBASE.dll
0x00007ffec1580000 - 0x00007ffec1691000 	C:\WINDOWS\System32\ucrtbase.dll
0x00007ffebb980000 - 0x00007ffebb997000 	C:\Program Files\Android\Android Studio\jbr\bin\jli.dll
0x00007ffebcb20000 - 0x00007ffebcb3b000 	C:\Program Files\Android\Android Studio\jbr\bin\VCRUNTIME140.dll
0x00007ffec2d60000 - 0x00007ffec2f0f000 	C:\WINDOWS\System32\USER32.dll
0x00007ffec1740000 - 0x00007ffec1766000 	C:\WINDOWS\System32\win32u.dll
0x00007ffeaeef0000 - 0x00007ffeaf183000 	C:\WINDOWS\WinSxS\amd64_microsoft.windows.common-controls_6595b64144ccf1df_6.0.22621.3672_none_2713b9d173822955\COMCTL32.dll
0x00007ffec38a0000 - 0x00007ffec38c9000 	C:\WINDOWS\System32\GDI32.dll
0x00007ffec3a10000 - 0x00007ffec3ab7000 	C:\WINDOWS\System32\msvcrt.dll
0x00007ffec1d10000 - 0x00007ffec1e28000 	C:\WINDOWS\System32\gdi32full.dll
0x00007ffec16a0000 - 0x00007ffec173a000 	C:\WINDOWS\System32\msvcp_win.dll
0x00007ffec38f0000 - 0x00007ffec3921000 	C:\WINDOWS\System32\IMM32.DLL
0x00007ffebc7b0000 - 0x00007ffebc7bc000 	C:\Program Files\Android\Android Studio\jbr\bin\vcruntime140_1.dll
0x00007ffe96aa0000 - 0x00007ffe96b2d000 	C:\Program Files\Android\Android Studio\jbr\bin\msvcp140.dll
0x00007ffe76820000 - 0x00007ffe7748e000 	C:\Program Files\Android\Android Studio\jbr\bin\server\jvm.dll
0x00007ffec2f10000 - 0x00007ffec2fc2000 	C:\WINDOWS\System32\ADVAPI32.dll
0x00007ffec3d60000 - 0x00007ffec3e08000 	C:\WINDOWS\System32\sechost.dll
0x00007ffec1e30000 - 0x00007ffec1e58000 	C:\WINDOWS\System32\bcrypt.dll
0x00007ffec30a0000 - 0x00007ffec31b4000 	C:\WINDOWS\System32\RPCRT4.dll
0x00007ffebcd90000 - 0x00007ffebcd99000 	C:\WINDOWS\SYSTEM32\WSOCK32.dll
0x00007ffebb4a0000 - 0x00007ffebb4aa000 	C:\WINDOWS\SYSTEM32\VERSION.dll
0x00007ffebb7f0000 - 0x00007ffebb824000 	C:\WINDOWS\SYSTEM32\WINMM.dll
0x00007ffec3fd0000 - 0x00007ffec4041000 	C:\WINDOWS\System32\WS2_32.dll
0x00007ffec0540000 - 0x00007ffec0558000 	C:\WINDOWS\SYSTEM32\kernel.appcore.dll
0x00007ffebcb00000 - 0x00007ffebcb0a000 	C:\Program Files\Android\Android Studio\jbr\bin\jimage.dll
0x00007ffebef90000 - 0x00007ffebf1c2000 	C:\WINDOWS\SYSTEM32\DBGHELP.DLL
0x00007ffec33b0000 - 0x00007ffec373e000 	C:\WINDOWS\System32\combase.dll
0x00007ffec31c0000 - 0x00007ffec3297000 	C:\WINDOWS\System32\OLEAUT32.dll
0x00007ffe9c980000 - 0x00007ffe9c9b2000 	C:\WINDOWS\SYSTEM32\dbgcore.DLL
0x00007ffec1440000 - 0x00007ffec14bb000 	C:\WINDOWS\System32\bcryptPrimitives.dll
0x00007ffebc760000 - 0x00007ffebc76e000 	C:\Program Files\Android\Android Studio\jbr\bin\instrument.dll
0x00007ffebc700000 - 0x00007ffebc725000 	C:\Program Files\Android\Android Studio\jbr\bin\java.dll
0x00007ffebc6e0000 - 0x00007ffebc6f8000 	C:\Program Files\Android\Android Studio\jbr\bin\zip.dll
0x00007ffec24f0000 - 0x00007ffec2d59000 	C:\WINDOWS\System32\SHELL32.dll
0x00007ffebf330000 - 0x00007ffebfc2f000 	C:\WINDOWS\SYSTEM32\windows.storage.dll
0x00007ffebf1f0000 - 0x00007ffebf32f000 	C:\WINDOWS\SYSTEM32\wintypes.dll
0x00007ffec32a0000 - 0x00007ffec3399000 	C:\WINDOWS\System32\SHCORE.dll
0x00007ffec3930000 - 0x00007ffec398e000 	C:\WINDOWS\System32\shlwapi.dll
0x00007ffec1370000 - 0x00007ffec1397000 	C:\WINDOWS\SYSTEM32\profapi.dll
0x00007ffebc6a0000 - 0x00007ffebc6b9000 	C:\Program Files\Android\Android Studio\jbr\bin\net.dll
0x00007ffeb8cf0000 - 0x00007ffeb8e26000 	C:\WINDOWS\SYSTEM32\WINHTTP.dll
0x00007ffec09b0000 - 0x00007ffec0a19000 	C:\WINDOWS\system32\mswsock.dll
0x00007ffebc680000 - 0x00007ffebc696000 	C:\Program Files\Android\Android Studio\jbr\bin\nio.dll
0x00007ffebc910000 - 0x00007ffebc920000 	C:\Program Files\Android\Android Studio\jbr\bin\verify.dll
0x00007ffebc7c0000 - 0x00007ffebc7e7000 	C:\Users\scher\.gradle\native\68d5fa5c4cc2d200863cafc0d521ce42e7d3e7ee720ec0a83991735586a16f82\windows-amd64\native-platform.dll
0x00007ffe882e0000 - 0x00007ffe88424000 	C:\Users\scher\.gradle\native\e376f236ea51e6404a007f0833ffe2c6e607c4080706a723a18a27aeea778392\windows-amd64\native-platform-file-events.dll
0x00007ffebc650000 - 0x00007ffebc659000 	C:\Program Files\Android\Android Studio\jbr\bin\management.dll
0x00007ffebc610000 - 0x00007ffebc61b000 	C:\Program Files\Android\Android Studio\jbr\bin\management_ext.dll
0x00007ffec40e0000 - 0x00007ffec40e8000 	C:\WINDOWS\System32\PSAPI.DLL
0x00007ffec0bf0000 - 0x00007ffec0c0b000 	C:\WINDOWS\SYSTEM32\CRYPTSP.dll
0x00007ffec04a0000 - 0x00007ffec04d5000 	C:\WINDOWS\system32\rsaenh.dll
0x00007ffec0a70000 - 0x00007ffec0a98000 	C:\WINDOWS\SYSTEM32\USERENV.dll
0x00007ffec0c10000 - 0x00007ffec0c1c000 	C:\WINDOWS\SYSTEM32\CRYPTBASE.dll
0x00007ffebff00000 - 0x00007ffebff2d000 	C:\WINDOWS\SYSTEM32\IPHLPAPI.DLL
0x00007ffec38d0000 - 0x00007ffec38d9000 	C:\WINDOWS\System32\NSI.dll
0x00007ffeb8ae0000 - 0x00007ffeb8af9000 	C:\WINDOWS\SYSTEM32\dhcpcsvc6.DLL
0x00007ffeb8a90000 - 0x00007ffeb8aaf000 	C:\WINDOWS\SYSTEM32\dhcpcsvc.DLL
0x00007ffebff70000 - 0x00007ffec0072000 	C:\WINDOWS\SYSTEM32\DNSAPI.dll
0x00007ffebc4c0000 - 0x00007ffebc4c8000 	C:\WINDOWS\system32\wshunix.dll

dbghelp: loaded successfully - version: 4.0.5 - missing functions: none
symbol engine: initialized successfully - sym options: 0x614 - pdb path: .;C:\Program Files\Android\Android Studio\jbr\bin;C:\WINDOWS\SYSTEM32;C:\WINDOWS\WinSxS\amd64_microsoft.windows.common-controls_6595b64144ccf1df_6.0.22621.3672_none_2713b9d173822955;C:\Program Files\Android\Android Studio\jbr\bin\server;C:\Users\scher\.gradle\native\68d5fa5c4cc2d200863cafc0d521ce42e7d3e7ee720ec0a83991735586a16f82\windows-amd64;C:\Users\scher\.gradle\native\e376f236ea51e6404a007f0833ffe2c6e607c4080706a723a18a27aeea778392\windows-amd64

VM Arguments:
jvm_args: --add-opens=java.base/java.util=ALL-UNNAMED --add-opens=java.base/java.lang=ALL-UNNAMED --add-opens=java.base/java.lang.invoke=ALL-UNNAMED --add-opens=java.prefs/java.util.prefs=ALL-UNNAMED --add-opens=java.base/java.nio.charset=ALL-UNNAMED --add-opens=java.base/java.net=ALL-UNNAMED --add-opens=java.base/java.util.concurrent.atomic=ALL-UNNAMED -Xmx2048m -Dfile.encoding=UTF-8 -Duser.country=BR -Duser.language=pt -Duser.variant -javaagent:C:\Users\scher\.gradle\wrapper\dists\gradle-8.1-bin\2eyty4r6kz6fpakefpk52nbbm\gradle-8.1\lib\agents\gradle-instrumentation-agent-8.1.jar 
java_command: org.gradle.launcher.daemon.bootstrap.GradleDaemon 8.1
java_class_path (initial): C:\Users\scher\.gradle\wrapper\dists\gradle-8.1-bin\2eyty4r6kz6fpakefpk52nbbm\gradle-8.1\lib\gradle-launcher-8.1.jar
Launcher Type: SUN_STANDARD

[Global flags]
     intx CICompilerCount                          = 4                                         {product} {ergonomic}
     uint ConcGCThreads                            = 2                                         {product} {ergonomic}
     uint G1ConcRefinementThreads                  = 8                                         {product} {ergonomic}
   size_t G1HeapRegionSize                         = 1048576                                   {product} {ergonomic}
    uintx GCDrainStackTargetSize                   = 64                                        {product} {ergonomic}
   size_t InitialHeapSize                          = 134217728                                 {product} {ergonomic}
   size_t MarkStackSize                            = 4194304                                   {product} {ergonomic}
   size_t MaxHeapSize                              = 2147483648                                {product} {command line}
   size_t MaxNewSize                               = 1287651328                                {product} {ergonomic}
   size_t MinHeapDeltaBytes                        = 1048576                                   {product} {ergonomic}
   size_t MinHeapSize                              = 8388608                                   {product} {ergonomic}
    uintx NonNMethodCodeHeapSize                   = 5839372                                {pd product} {ergonomic}
    uintx NonProfiledCodeHeapSize                  = 122909434                              {pd product} {ergonomic}
    uintx ProfiledCodeHeapSize                     = 122909434                              {pd product} {ergonomic}
    uintx ReservedCodeCacheSize                    = 251658240                              {pd product} {ergonomic}
     bool SegmentedCodeCache                       = true                                      {product} {ergonomic}
   size_t SoftMaxHeapSize                          = 2147483648                             {manageable} {ergonomic}
     bool UseCompressedClassPointers               = true                           {product lp64_product} {ergonomic}
     bool UseCompressedOops                        = true                           {product lp64_product} {ergonomic}
     bool UseG1GC                                  = true                                      {product} {ergonomic}
     bool UseLargePagesIndividualAllocation        = false                                  {pd product} {ergonomic}

Logging:
Log output configuration:
 #0: stdout all=warning uptime,level,tags
 #1: stderr all=off uptime,level,tags

Environment Variables:
PATH=C:\Program Files\Common Files\Oracle\Java\javapath;C:\Program Files (x86)\Embarcadero\Studio\22.0\bin;C:\Users\Public\Documents\Embarcadero\Studio\22.0\Bpl;C:\Program Files (x86)\Embarcadero\Studio\22.0\bin64;C:\Users\Public\Documents\Embarcadero\Studio\22.0\Bpl\Win64;C:\Program Files (x86)\Embarcadero\Studio\21.0\bin;C:\Users\Public\Documents\Embarcadero\Studio\21.0\Bpl;C:\Program Files (x86)\Embarcadero\Studio\21.0\bin64;C:\Users\Public\Documents\Embarcadero\Studio\21.0\Bpl\Win64;C:\Windows\system32;C:\Windows;C:\Windows\System32\Wbem;C:\Windows\System32\WindowsPowerShell\v1.0\;C:\Windows\System32\OpenSSH\;C:\Program Files (x86)\NVIDIA Corporation\PhysX\Common;C:\Program Files\NVIDIA Corporation\NVIDIA NvDLISR;C:\WINDOWS\system32;C:\WINDOWS;C:\WINDOWS\System32\Wbem;C:\WINDOWS\System32\WindowsPowerShell\v1.0\;C:\WINDOWS\System32\OpenSSH\;C:\Program Files\dotnet\;C:\Program Files (x86)\Windows Kits\10\Windows Performance Toolkit\;C:\Program Files\Git\cmd;C:\Users\scher\AppData\Local\Microsoft\WindowsApps;;C:\Users\scher\AppData\Local\Programs\Microsoft VS Code\bin
USERNAME=scher
OS=Windows_NT
PROCESSOR_IDENTIFIER=Intel64 Family 6 Model 142 Stepping 12, GenuineIntel
TMP=C:\Users\scher\AppData\Local\Temp
TEMP=C:\Users\scher\AppData\Local\Temp


JNI global refs:
JNI global refs: 28, weak refs: 41

JNI global refs memory usage: 843, weak refs: 841


---------------  S Y S T E M  ---------------

OS:
 Windows 11 , 64 bit Build 22621 (10.0.22621.3958)
OS uptime: 5 days 22:53 hours
Hyper-V role detected

CPU: total 8 (initial active 8) (4 cores per cpu, 2 threads per core) family 6 model 142 stepping 12 microcode 0xea, cx8, cmov, fxsr, ht, mmx, 3dnowpref, sse, sse2, sse3, ssse3, sse4.1, sse4.2, popcnt, lzcnt, tsc, tscinvbit, avx, avx2, aes, erms, clmul, bmi1, bmi2, adx, fma, vzeroupper, clflush, clflushopt, hv

Memory: 4k page, system-wide physical 8072M (516M free)
TotalPageFile size 10120M (AvailPageFile size 6M)
current process WorkingSet (physical memory assigned to process): 561M, peak: 565M
current process commit charge ("private bytes"): 600M, peak: 603M

vm_info: OpenJDK 64-Bit Server VM (17.0.6+0-b2043.56-10027231) for windows-amd64 JRE (17.0.6+0-b2043.56-10027231), built on Apr 28 2023 00:43:19 by "androidbuild" with MS VC++ 16.10 / 16.11 (VS2019)

END.
