#
# There is insufficient memory for the Java Runtime Environment to continue.
# Native memory allocation (malloc) failed to allocate 1334096 bytes for Chunk::new
# Possible reasons:
#   The system is out of physical RAM or swap space
#   The process is running with CompressedOops enabled, and the Java Heap may be blocking the growth of the native heap
# Possible solutions:
#   Reduce memory load on the system
#   Increase physical memory or swap space
#   Check if swap backing store is full
#   Decrease Java heap size (-Xmx/-Xms)
#   Decrease number of Java threads
#   Decrease Java thread stack sizes (-Xss)
#   Set larger code cache with -XX:ReservedCodeCacheSize=
#   JVM is running with Unscaled Compressed Oops mode in which the Java heap is
#     placed in the first 4GB address space. The Java Heap base address is the
#     maximum limit for the native heap growth. Please use -XX:HeapBaseMinAddress
#     to set the Java Heap base and to place the Java Heap above 4GB virtual address.
# This output file may be truncated or incomplete.
#
#  Out of Memory Error (arena.cpp:189), pid=14504, tid=15896
#
# JRE version: OpenJDK Runtime Environment (17.0.6) (build 17.0.6+0-b2043.56-10027231)
# Java VM: OpenJDK 64-Bit Server VM (17.0.6+0-b2043.56-10027231, mixed mode, tiered, compressed oops, compressed class ptrs, g1 gc, windows-amd64)
# No core dump will be written. Minidumps are not enabled by default on client versions of Windows
#

---------------  S U M M A R Y ------------

Command Line: --add-opens=java.base/java.util=ALL-UNNAMED --add-opens=java.base/java.lang=ALL-UNNAMED --add-opens=java.base/java.lang.invoke=ALL-UNNAMED --add-opens=java.prefs/java.util.prefs=ALL-UNNAMED --add-opens=java.base/java.nio.charset=ALL-UNNAMED --add-opens=java.base/java.net=ALL-UNNAMED --add-opens=java.base/java.util.concurrent.atomic=ALL-UNNAMED -Xmx2048m -Dfile.encoding=UTF-8 -Duser.country=BR -Duser.language=pt -Duser.variant org.gradle.launcher.daemon.bootstrap.GradleDaemon 8.0

Host: Intel(R) Core(TM) i7-8565U CPU @ 1.80GHz, 8 cores, 7G,  Windows 11 , 64 bit Build 22621 (10.0.22621.3958)
Time: Wed Aug 28 21:38:35 2024 Hora oficial do Brasil elapsed time: 5.513457 seconds (0d 0h 0m 5s)

---------------  T H R E A D  ---------------

Current thread (0x000001ced9836eb0):  JavaThread "C2 CompilerThread0" daemon [_thread_in_native, id=15896, stack(0x000000a5ee300000,0x000000a5ee400000)]


Current CompileTask:
C2:   5513 6661       4       sun.reflect.generics.parser.SignatureParser::parsePackageNameAndSimpleClassTypeSignature (119 bytes)

Stack: [0x000000a5ee300000,0x000000a5ee400000]
Native frames: (J=compiled Java code, j=interpreted, Vv=VM code, C=native code)
V  [jvm.dll+0x683c9a]
V  [jvm.dll+0x8427a4]
V  [jvm.dll+0x843f9e]
V  [jvm.dll+0x844603]
V  [jvm.dll+0x249b75]
V  [jvm.dll+0xabcac]
V  [jvm.dll+0xac27c]
V  [jvm.dll+0x368857]
V  [jvm.dll+0x1bd0b8]
V  [jvm.dll+0x21c359]
V  [jvm.dll+0x21b621]
V  [jvm.dll+0x1a4fdd]
V  [jvm.dll+0x22b098]
V  [jvm.dll+0x229159]
V  [jvm.dll+0x7f81ec]
V  [jvm.dll+0x7f274a]
V  [jvm.dll+0x682ad5]
C  [ucrtbase.dll+0x29333]
C  [KERNEL32.DLL+0x1257d]
C  [ntdll.dll+0x5af28]


---------------  P R O C E S S  ---------------

Threads class SMR info:
_java_thread_list=0x000001cee03f5fd0, length=127, elements={
0x000001cebd1ef260, 0x000001ced9813260, 0x000001ced98140d0, 0x000001ced8ffd090,
0x000001ced8ffdc40, 0x000001ced8ffe6f0, 0x000001ced9836120, 0x000001ced9836eb0,
0x000001ced9837950, 0x000001ced9842360, 0x000001ced99ebf30, 0x000001ced99ee410,
0x000001ced9a912a0, 0x000001ceda6f2910, 0x000001ceda6f4120, 0x000001ceda6f1f70,
0x000001ceda6f0c30, 0x000001ceda6f2de0, 0x000001ceda6f3780, 0x000001ceda6f32b0,
0x000001ceda6f3c50, 0x000001ceda6f0760, 0x000001ceda6f2440, 0x000001ceda6f1100,
0x000001ceda6f15d0, 0x000001ceda6f1aa0, 0x000001cedd8de0b0, 0x000001cedfa3d7a0,
0x000001cedfa41630, 0x000001cedfa3e140, 0x000001cedfa424a0, 0x000001cedfa40c90,
0x000001cedfa437e0, 0x000001cedfa402f0, 0x000001cedfa44180, 0x000001cedfa3dc70,
0x000001cedfa407c0, 0x000001cedfa3efb0, 0x000001cedfa3eae0, 0x000001cedfa3e610,
0x000001cedfa3f950, 0x000001cedfa3f480, 0x000001cedfa42e40, 0x000001cedfa41160,
0x000001cedfa41b00, 0x000001cedfa41fd0, 0x000001cedfa43310, 0x000001cedfa3fe20,
0x000001cedfa43cb0, 0x000001cedfa44650, 0x000001cedfa44b20, 0x000001cedf4470b0,
0x000001cedf44a5a0, 0x000001cedf44a0d0, 0x000001cedf449260, 0x000001cedf447f20,
0x000001cedf4483f0, 0x000001cedf449c00, 0x000001cedf44aa70, 0x000001cedf44d0f0,
0x000001cedf448d90, 0x000001cedf44e430, 0x000001cedf44bdb0, 0x000001cedf447580,
0x000001cedf44af40, 0x000001cedf44b410, 0x000001cedf4488c0, 0x000001cedf44b8e0,
0x000001cedf449730, 0x000001cedf44c280, 0x000001cedf44da90, 0x000001cedf44c750,
0x000001cedf44d5c0, 0x000001cedf44e900, 0x000001cedf44cc20, 0x000001cedf44df60,
0x000001cedf447a50, 0x000001cedfd698d0, 0x000001cedfd67720, 0x000001cedfd68590,
0x000001cedfd668b0, 0x000001cedfd64230, 0x000001cedfd62ef0, 0x000001cedfd67bf0,
0x000001cedfd650a0, 0x000001cedfd65570, 0x000001cedfd69400, 0x000001cedfd66d80,
0x000001cedfd64700, 0x000001cedfd680c0, 0x000001cedfd64bd0, 0x000001cedfd65a40,
0x000001cedfd65f10, 0x000001cedfd663e0, 0x000001cedfd69da0, 0x000001cedfd67250,
0x000001cedfd68a60, 0x000001cedfd68f30, 0x000001cedfd62550, 0x000001cedfd62a20,
0x000001cedfd633c0, 0x000001cedfd63890, 0x000001cedfd63d60, 0x000001cee005e890,
0x000001cee0060f10, 0x000001cee00613e0, 0x000001cee005ed60, 0x000001cee005fbd0,
0x000001cee005def0, 0x000001cee005d080, 0x000001cee005da20, 0x000001cee00648d0,
0x000001cee00618b0, 0x000001cee005e3c0, 0x000001cee005f230, 0x000001cee0061d80,
0x000001cee005d550, 0x000001cee0062250, 0x000001cee0060a40, 0x000001cee005f700,
0x000001cee0063590, 0x000001cee00600a0, 0x000001cee0060570, 0x000001cee0062720,
0x000001cee0062bf0, 0x000001cee00630c0, 0x000001cee0063f30
}

Java Threads: ( => current thread )
  0x000001cebd1ef260 JavaThread "main" [_thread_blocked, id=5232, stack(0x000000a5ed600000,0x000000a5ed700000)]
  0x000001ced9813260 JavaThread "Reference Handler" daemon [_thread_blocked, id=15660, stack(0x000000a5edd00000,0x000000a5ede00000)]
  0x000001ced98140d0 JavaThread "Finalizer" daemon [_thread_blocked, id=4056, stack(0x000000a5ede00000,0x000000a5edf00000)]
  0x000001ced8ffd090 JavaThread "Signal Dispatcher" daemon [_thread_blocked, id=10408, stack(0x000000a5edf00000,0x000000a5ee000000)]
  0x000001ced8ffdc40 JavaThread "Attach Listener" daemon [_thread_blocked, id=1504, stack(0x000000a5ee000000,0x000000a5ee100000)]
  0x000001ced8ffe6f0 JavaThread "Service Thread" daemon [_thread_blocked, id=7980, stack(0x000000a5ee100000,0x000000a5ee200000)]
  0x000001ced9836120 JavaThread "Monitor Deflation Thread" daemon [_thread_blocked, id=15984, stack(0x000000a5ee200000,0x000000a5ee300000)]
=>0x000001ced9836eb0 JavaThread "C2 CompilerThread0" daemon [_thread_in_native, id=15896, stack(0x000000a5ee300000,0x000000a5ee400000)]
  0x000001ced9837950 JavaThread "C1 CompilerThread0" daemon [_thread_blocked, id=13016, stack(0x000000a5ee400000,0x000000a5ee500000)]
  0x000001ced9842360 JavaThread "Sweeper thread" daemon [_thread_blocked, id=17344, stack(0x000000a5ee500000,0x000000a5ee600000)]
  0x000001ced99ebf30 JavaThread "Common-Cleaner" daemon [_thread_blocked, id=13384, stack(0x000000a5ee600000,0x000000a5ee700000)]
  0x000001ced99ee410 JavaThread "Notification Thread" daemon [_thread_blocked, id=14080, stack(0x000000a5ee700000,0x000000a5ee800000)]
  0x000001ced9a912a0 JavaThread "C2 CompilerThread1" daemon [_thread_in_native, id=16028, stack(0x000000a5ee900000,0x000000a5eea00000)]
  0x000001ceda6f2910 JavaThread "Daemon health stats" [_thread_blocked, id=6836, stack(0x000000a5eef00000,0x000000a5ef000000)]
  0x000001ceda6f4120 JavaThread "Incoming local TCP Connector on port 53062" [_thread_in_native, id=11232, stack(0x000000a5ef000000,0x000000a5ef100000)]
  0x000001ceda6f1f70 JavaThread "Daemon periodic checks" [_thread_blocked, id=16184, stack(0x000000a5ef100000,0x000000a5ef200000)]
  0x000001ceda6f0c30 JavaThread "Daemon" [_thread_blocked, id=6436, stack(0x000000a5ef200000,0x000000a5ef300000)]
  0x000001ceda6f2de0 JavaThread "Handler for socket connection from /127.0.0.1:53062 to /127.0.0.1:53063" [_thread_in_native, id=5620, stack(0x000000a5ef300000,0x000000a5ef400000)]
  0x000001ceda6f3780 JavaThread "Cancel handler" [_thread_blocked, id=11596, stack(0x000000a5ef400000,0x000000a5ef500000)]
  0x000001ceda6f32b0 JavaThread "Daemon worker" [_thread_in_vm, id=8996, stack(0x000000a5ef500000,0x000000a5ef600000)]
  0x000001ceda6f3c50 JavaThread "Asynchronous log dispatcher for DefaultDaemonConnection: socket connection from /127.0.0.1:53062 to /127.0.0.1:53063" [_thread_blocked, id=14760, stack(0x000000a5ef600000,0x000000a5ef700000)]
  0x000001ceda6f0760 JavaThread "Stdin handler" [_thread_blocked, id=8668, stack(0x000000a5ef700000,0x000000a5ef800000)]
  0x000001ceda6f2440 JavaThread "Daemon client event forwarder" [_thread_blocked, id=16016, stack(0x000000a5ef800000,0x000000a5ef900000)]
  0x000001ceda6f1100 JavaThread "Cache worker for journal cache (C:\Users\scher\.gradle\caches\journal-1)" [_thread_blocked, id=5796, stack(0x000000a5efc00000,0x000000a5efd00000)]
  0x000001ceda6f15d0 JavaThread "File lock request listener" [_thread_in_native, id=8656, stack(0x000000a5efd00000,0x000000a5efe00000)]
  0x000001ceda6f1aa0 JavaThread "Cache worker for file hash cache (C:\Users\scher\.gradle\caches\8.0\fileHashes)" [_thread_blocked, id=11536, stack(0x000000a5efe00000,0x000000a5eff00000)]
  0x000001cedd8de0b0 JavaThread "C2 CompilerThread2" daemon [_thread_in_native, id=4040, stack(0x000000a5eff00000,0x000000a5f0000000)]
  0x000001cedfa3d7a0 JavaThread "File watcher server" daemon [_thread_in_native, id=1928, stack(0x000000a5f0000000,0x000000a5f0100000)]
  0x000001cedfa41630 JavaThread "File watcher consumer" daemon [_thread_blocked, id=15920, stack(0x000000a5f0100000,0x000000a5f0200000)]
  0x000001cedfa3e140 JavaThread "Cache worker for checksums cache (C:\Users\scher\Documents\PROJETOS ANDROID\RECICLAAI\.gradle\8.0\checksums)" [_thread_blocked, id=9476, stack(0x000000a5f0200000,0x000000a5f0300000)]
  0x000001cedfa424a0 JavaThread "Cache worker for cache directory md-rule (C:\Users\scher\.gradle\caches\8.0\md-rule)" [_thread_blocked, id=16740, stack(0x000000a5f0300000,0x000000a5f0400000)]
  0x000001cedfa40c90 JavaThread "Cache worker for file content cache (C:\Users\scher\.gradle\caches\8.0\fileContent)" [_thread_blocked, id=14616, stack(0x000000a5f0400000,0x000000a5f0500000)]
  0x000001cedfa437e0 JavaThread "Cache worker for file hash cache (C:\Users\scher\Documents\PROJETOS ANDROID\RECICLAAI\.gradle\8.0\fileHashes)" [_thread_blocked, id=13944, stack(0x000000a5f0500000,0x000000a5f0600000)]
  0x000001cedfa402f0 JavaThread "Cache worker for cache directory md-supplier (C:\Users\scher\.gradle\caches\8.0\md-supplier)" [_thread_blocked, id=15796, stack(0x000000a5f0600000,0x000000a5f0700000)]
  0x000001cedfa44180 JavaThread "Cache worker for execution history cache (C:\Users\scher\.gradle\caches\8.0\executionHistory)" [_thread_blocked, id=16272, stack(0x000000a5f0700000,0x000000a5f0800000)]
  0x000001cedfa3dc70 JavaThread "jar transforms" [_thread_blocked, id=11844, stack(0x000000a5f0800000,0x000000a5f0900000)]
  0x000001cedfa407c0 JavaThread "jar transforms Thread 2" [_thread_blocked, id=7916, stack(0x000000a5f0900000,0x000000a5f0a00000)]
  0x000001cedfa3efb0 JavaThread "jar transforms Thread 3" [_thread_blocked, id=16540, stack(0x000000a5f0b00000,0x000000a5f0c00000)]
  0x000001cedfa3eae0 JavaThread "jar transforms Thread 4" [_thread_blocked, id=7464, stack(0x000000a5f0c00000,0x000000a5f0d00000)]
  0x000001cedfa3e610 JavaThread "Cache worker for dependencies-accessors (C:\Users\scher\Documents\PROJETOS ANDROID\RECICLAAI\.gradle\8.0\dependencies-accessors)" [_thread_blocked, id=16156, stack(0x000000a5f0d00000,0x000000a5f0e00000)]
  0x000001cedfa3f950 JavaThread "jar transforms Thread 5" [_thread_blocked, id=1652, stack(0x000000a5f0e00000,0x000000a5f0f00000)]
  0x000001cedfa3f480 JavaThread "Cache worker for Build Output Cleanup Cache (C:\Users\scher\Documents\PROJETOS ANDROID\RECICLAAI\.gradle\buildOutputCleanup)" [_thread_blocked, id=11768, stack(0x000000a5f0f00000,0x000000a5f1000000)]
  0x000001cedfa42e40 JavaThread "Unconstrained build operations" [_thread_blocked, id=4620, stack(0x000000a5f1000000,0x000000a5f1100000)]
  0x000001cedfa41160 JavaThread "Unconstrained build operations Thread 2" [_thread_blocked, id=13736, stack(0x000000a5f1100000,0x000000a5f1200000)]
  0x000001cedfa41b00 JavaThread "Unconstrained build operations Thread 3" [_thread_blocked, id=4924, stack(0x000000a5f1200000,0x000000a5f1300000)]
  0x000001cedfa41fd0 JavaThread "Unconstrained build operations Thread 4" [_thread_blocked, id=15948, stack(0x000000a5f1300000,0x000000a5f1400000)]
  0x000001cedfa43310 JavaThread "Unconstrained build operations Thread 5" [_thread_blocked, id=16432, stack(0x000000a5f1400000,0x000000a5f1500000)]
  0x000001cedfa3fe20 JavaThread "Unconstrained build operations Thread 6" [_thread_blocked, id=9392, stack(0x000000a5f1500000,0x000000a5f1600000)]
  0x000001cedfa43cb0 JavaThread "Unconstrained build operations Thread 7" [_thread_blocked, id=8160, stack(0x000000a5f1600000,0x000000a5f1700000)]
  0x000001cedfa44650 JavaThread "Unconstrained build operations Thread 8" [_thread_blocked, id=9024, stack(0x000000a5f1700000,0x000000a5f1800000)]
  0x000001cedfa44b20 JavaThread "Unconstrained build operations Thread 9" [_thread_blocked, id=14600, stack(0x000000a5f1800000,0x000000a5f1900000)]
  0x000001cedf4470b0 JavaThread "Unconstrained build operations Thread 10" [_thread_blocked, id=3144, stack(0x000000a5f1900000,0x000000a5f1a00000)]
  0x000001cedf44a5a0 JavaThread "Unconstrained build operations Thread 11" [_thread_blocked, id=11792, stack(0x000000a5f1a00000,0x000000a5f1b00000)]
  0x000001cedf44a0d0 JavaThread "Unconstrained build operations Thread 12" [_thread_blocked, id=10296, stack(0x000000a5f1b00000,0x000000a5f1c00000)]
  0x000001cedf449260 JavaThread "Unconstrained build operations Thread 13" [_thread_blocked, id=168, stack(0x000000a5f1c00000,0x000000a5f1d00000)]
  0x000001cedf447f20 JavaThread "Unconstrained build operations Thread 14" [_thread_blocked, id=16012, stack(0x000000a5f1d00000,0x000000a5f1e00000)]
  0x000001cedf4483f0 JavaThread "Unconstrained build operations Thread 15" [_thread_blocked, id=13564, stack(0x000000a5f1e00000,0x000000a5f1f00000)]
  0x000001cedf449c00 JavaThread "Unconstrained build operations Thread 16" [_thread_blocked, id=5536, stack(0x000000a5f1f00000,0x000000a5f2000000)]
  0x000001cedf44aa70 JavaThread "Unconstrained build operations Thread 17" [_thread_blocked, id=14608, stack(0x000000a5f2000000,0x000000a5f2100000)]
  0x000001cedf44d0f0 JavaThread "Unconstrained build operations Thread 18" [_thread_blocked, id=5516, stack(0x000000a5f2100000,0x000000a5f2200000)]
  0x000001cedf448d90 JavaThread "Unconstrained build operations Thread 19" [_thread_blocked, id=292, stack(0x000000a5f2200000,0x000000a5f2300000)]
  0x000001cedf44e430 JavaThread "Unconstrained build operations Thread 20" [_thread_blocked, id=13644, stack(0x000000a5f2300000,0x000000a5f2400000)]
  0x000001cedf44bdb0 JavaThread "Unconstrained build operations Thread 21" [_thread_blocked, id=4336, stack(0x000000a5f2400000,0x000000a5f2500000)]
  0x000001cedf447580 JavaThread "Unconstrained build operations Thread 22" [_thread_blocked, id=14260, stack(0x000000a5f2500000,0x000000a5f2600000)]
  0x000001cedf44af40 JavaThread "Unconstrained build operations Thread 23" [_thread_blocked, id=16732, stack(0x000000a5f2600000,0x000000a5f2700000)]
  0x000001cedf44b410 JavaThread "Unconstrained build operations Thread 24" [_thread_blocked, id=16524, stack(0x000000a5f2700000,0x000000a5f2800000)]
  0x000001cedf4488c0 JavaThread "Unconstrained build operations Thread 25" [_thread_blocked, id=9852, stack(0x000000a5f2800000,0x000000a5f2900000)]
  0x000001cedf44b8e0 JavaThread "Unconstrained build operations Thread 26" [_thread_blocked, id=15732, stack(0x000000a5f2900000,0x000000a5f2a00000)]
  0x000001cedf449730 JavaThread "Unconstrained build operations Thread 27" [_thread_blocked, id=6188, stack(0x000000a5f2a00000,0x000000a5f2b00000)]
  0x000001cedf44c280 JavaThread "Unconstrained build operations Thread 28" [_thread_blocked, id=8708, stack(0x000000a5f2b00000,0x000000a5f2c00000)]
  0x000001cedf44da90 JavaThread "Unconstrained build operations Thread 29" [_thread_blocked, id=16020, stack(0x000000a5f2c00000,0x000000a5f2d00000)]
  0x000001cedf44c750 JavaThread "Unconstrained build operations Thread 30" [_thread_blocked, id=6996, stack(0x000000a5f2d00000,0x000000a5f2e00000)]
  0x000001cedf44d5c0 JavaThread "Unconstrained build operations Thread 31" [_thread_blocked, id=1980, stack(0x000000a5f2e00000,0x000000a5f2f00000)]
  0x000001cedf44e900 JavaThread "Unconstrained build operations Thread 32" [_thread_blocked, id=9416, stack(0x000000a5f2f00000,0x000000a5f3000000)]
  0x000001cedf44cc20 JavaThread "Unconstrained build operations Thread 33" [_thread_blocked, id=17204, stack(0x000000a5f3000000,0x000000a5f3100000)]
  0x000001cedf44df60 JavaThread "Unconstrained build operations Thread 34" [_thread_blocked, id=8732, stack(0x000000a5f3100000,0x000000a5f3200000)]
  0x000001cedf447a50 JavaThread "Unconstrained build operations Thread 35" [_thread_blocked, id=14644, stack(0x000000a5f3200000,0x000000a5f3300000)]
  0x000001cedfd698d0 JavaThread "Unconstrained build operations Thread 36" [_thread_blocked, id=13084, stack(0x000000a5f3300000,0x000000a5f3400000)]
  0x000001cedfd67720 JavaThread "Unconstrained build operations Thread 37" [_thread_blocked, id=14964, stack(0x000000a5f3400000,0x000000a5f3500000)]
  0x000001cedfd68590 JavaThread "Unconstrained build operations Thread 38" [_thread_blocked, id=9304, stack(0x000000a5f3500000,0x000000a5f3600000)]
  0x000001cedfd668b0 JavaThread "Unconstrained build operations Thread 39" [_thread_blocked, id=3708, stack(0x000000a5f3600000,0x000000a5f3700000)]
  0x000001cedfd64230 JavaThread "Unconstrained build operations Thread 40" [_thread_blocked, id=10584, stack(0x000000a5f3700000,0x000000a5f3800000)]
  0x000001cedfd62ef0 JavaThread "Unconstrained build operations Thread 41" [_thread_blocked, id=5152, stack(0x000000a5f3800000,0x000000a5f3900000)]
  0x000001cedfd67bf0 JavaThread "Unconstrained build operations Thread 42" [_thread_blocked, id=12988, stack(0x000000a5f3900000,0x000000a5f3a00000)]
  0x000001cedfd650a0 JavaThread "Unconstrained build operations Thread 43" [_thread_blocked, id=12136, stack(0x000000a5f3a00000,0x000000a5f3b00000)]
  0x000001cedfd65570 JavaThread "Unconstrained build operations Thread 44" [_thread_blocked, id=9588, stack(0x000000a5f3b00000,0x000000a5f3c00000)]
  0x000001cedfd69400 JavaThread "Unconstrained build operations Thread 45" [_thread_blocked, id=3420, stack(0x000000a5f3c00000,0x000000a5f3d00000)]
  0x000001cedfd66d80 JavaThread "Unconstrained build operations Thread 46" [_thread_blocked, id=11568, stack(0x000000a5f3d00000,0x000000a5f3e00000)]
  0x000001cedfd64700 JavaThread "Unconstrained build operations Thread 47" [_thread_blocked, id=2340, stack(0x000000a5f3e00000,0x000000a5f3f00000)]
  0x000001cedfd680c0 JavaThread "Unconstrained build operations Thread 48" [_thread_blocked, id=14944, stack(0x000000a5f3f00000,0x000000a5f4000000)]
  0x000001cedfd64bd0 JavaThread "Unconstrained build operations Thread 49" [_thread_blocked, id=8884, stack(0x000000a5f4000000,0x000000a5f4100000)]
  0x000001cedfd65a40 JavaThread "Unconstrained build operations Thread 50" [_thread_blocked, id=10232, stack(0x000000a5f4100000,0x000000a5f4200000)]
  0x000001cedfd65f10 JavaThread "Unconstrained build operations Thread 51" [_thread_blocked, id=8164, stack(0x000000a5f4200000,0x000000a5f4300000)]
  0x000001cedfd663e0 JavaThread "Unconstrained build operations Thread 52" [_thread_blocked, id=8904, stack(0x000000a5f4300000,0x000000a5f4400000)]
  0x000001cedfd69da0 JavaThread "Unconstrained build operations Thread 53" [_thread_blocked, id=10828, stack(0x000000a5f4400000,0x000000a5f4500000)]
  0x000001cedfd67250 JavaThread "Unconstrained build operations Thread 54" [_thread_blocked, id=16804, stack(0x000000a5f4500000,0x000000a5f4600000)]
  0x000001cedfd68a60 JavaThread "Unconstrained build operations Thread 55" [_thread_blocked, id=2132, stack(0x000000a5f4600000,0x000000a5f4700000)]
  0x000001cedfd68f30 JavaThread "Unconstrained build operations Thread 56" [_thread_blocked, id=13640, stack(0x000000a5f4700000,0x000000a5f4800000)]
  0x000001cedfd62550 JavaThread "Unconstrained build operations Thread 57" [_thread_blocked, id=6952, stack(0x000000a5f4800000,0x000000a5f4900000)]
  0x000001cedfd62a20 JavaThread "Unconstrained build operations Thread 58" [_thread_blocked, id=7132, stack(0x000000a5f4900000,0x000000a5f4a00000)]
  0x000001cedfd633c0 JavaThread "Unconstrained build operations Thread 59" [_thread_blocked, id=17272, stack(0x000000a5f4a00000,0x000000a5f4b00000)]
  0x000001cedfd63890 JavaThread "Unconstrained build operations Thread 60" [_thread_blocked, id=15388, stack(0x000000a5f4b00000,0x000000a5f4c00000)]
  0x000001cedfd63d60 JavaThread "Unconstrained build operations Thread 61" [_thread_blocked, id=16776, stack(0x000000a5f4c00000,0x000000a5f4d00000)]
  0x000001cee005e890 JavaThread "Unconstrained build operations Thread 62" [_thread_blocked, id=14912, stack(0x000000a5f4d00000,0x000000a5f4e00000)]
  0x000001cee0060f10 JavaThread "Unconstrained build operations Thread 63" [_thread_blocked, id=17012, stack(0x000000a5f4e00000,0x000000a5f4f00000)]
  0x000001cee00613e0 JavaThread "Unconstrained build operations Thread 64" [_thread_blocked, id=16040, stack(0x000000a5f4f00000,0x000000a5f5000000)]
  0x000001cee005ed60 JavaThread "Unconstrained build operations Thread 65" [_thread_blocked, id=11372, stack(0x000000a5f5000000,0x000000a5f5100000)]
  0x000001cee005fbd0 JavaThread "Unconstrained build operations Thread 66" [_thread_blocked, id=13212, stack(0x000000a5f5100000,0x000000a5f5200000)]
  0x000001cee005def0 JavaThread "Unconstrained build operations Thread 67" [_thread_blocked, id=10980, stack(0x000000a5f5200000,0x000000a5f5300000)]
  0x000001cee005d080 JavaThread "Unconstrained build operations Thread 68" [_thread_blocked, id=10320, stack(0x000000a5f5300000,0x000000a5f5400000)]
  0x000001cee005da20 JavaThread "Unconstrained build operations Thread 69" [_thread_blocked, id=4008, stack(0x000000a5f5400000,0x000000a5f5500000)]
  0x000001cee00648d0 JavaThread "Unconstrained build operations Thread 70" [_thread_blocked, id=16096, stack(0x000000a5f5500000,0x000000a5f5600000)]
  0x000001cee00618b0 JavaThread "Unconstrained build operations Thread 71" [_thread_blocked, id=15716, stack(0x000000a5f5600000,0x000000a5f5700000)]
  0x000001cee005e3c0 JavaThread "Unconstrained build operations Thread 72" [_thread_blocked, id=17228, stack(0x000000a5f5700000,0x000000a5f5800000)]
  0x000001cee005f230 JavaThread "Unconstrained build operations Thread 73" [_thread_blocked, id=12976, stack(0x000000a5f5800000,0x000000a5f5900000)]
  0x000001cee0061d80 JavaThread "Unconstrained build operations Thread 74" [_thread_blocked, id=8612, stack(0x000000a5f5900000,0x000000a5f5a00000)]
  0x000001cee005d550 JavaThread "Unconstrained build operations Thread 75" [_thread_blocked, id=2744, stack(0x000000a5f5a00000,0x000000a5f5b00000)]
  0x000001cee0062250 JavaThread "Unconstrained build operations Thread 76" [_thread_blocked, id=13968, stack(0x000000a5f5b00000,0x000000a5f5c00000)]
  0x000001cee0060a40 JavaThread "Unconstrained build operations Thread 77" [_thread_blocked, id=13392, stack(0x000000a5f5c00000,0x000000a5f5d00000)]
  0x000001cee005f700 JavaThread "Unconstrained build operations Thread 78" [_thread_blocked, id=6552, stack(0x000000a5f5d00000,0x000000a5f5e00000)]
  0x000001cee0063590 JavaThread "Unconstrained build operations Thread 79" [_thread_blocked, id=10692, stack(0x000000a5f5e00000,0x000000a5f5f00000)]
  0x000001cee00600a0 JavaThread "Unconstrained build operations Thread 80" [_thread_blocked, id=8028, stack(0x000000a5f5f00000,0x000000a5f6000000)]
  0x000001cee0060570 JavaThread "jar transforms Thread 6" [_thread_blocked, id=16204, stack(0x000000a5f6000000,0x000000a5f6100000)]
  0x000001cee0062720 JavaThread "jar transforms Thread 7" [_thread_blocked, id=4260, stack(0x000000a5f6100000,0x000000a5f6200000)]
  0x000001cee0062bf0 JavaThread "jar transforms Thread 8" [_thread_blocked, id=14660, stack(0x000000a5f6200000,0x000000a5f6300000)]
  0x000001cee00630c0 JavaThread "build event listener" [_thread_blocked, id=17360, stack(0x000000a5f6300000,0x000000a5f6400000)]
  0x000001cee0063f30 JavaThread "Memory manager" [_thread_blocked, id=3812, stack(0x000000a5f6400000,0x000000a5f6500000)]

Other Threads:
  0x000001ced8fe2940 VMThread "VM Thread" [stack: 0x000000a5edc00000,0x000000a5edd00000] [id=12904]
  0x000001ced993d8f0 WatcherThread [stack: 0x000000a5ee800000,0x000000a5ee900000] [id=10384]
  0x000001cebd24b320 GCTaskThread "GC Thread#0" [stack: 0x000000a5ed700000,0x000000a5ed800000] [id=7052]
  0x000001ceda353220 GCTaskThread "GC Thread#1" [stack: 0x000000a5eeb00000,0x000000a5eec00000] [id=12084]
  0x000001ceda3534d0 GCTaskThread "GC Thread#2" [stack: 0x000000a5eec00000,0x000000a5eed00000] [id=7468]
  0x000001ceda1e4570 GCTaskThread "GC Thread#3" [stack: 0x000000a5eed00000,0x000000a5eee00000] [id=2480]
  0x000001ceda903650 GCTaskThread "GC Thread#4" [stack: 0x000000a5eee00000,0x000000a5eef00000] [id=5460]
  0x000001cedac74ff0 GCTaskThread "GC Thread#5" [stack: 0x000000a5eea00000,0x000000a5eeb00000] [id=17324]
  0x000001cedb321660 GCTaskThread "GC Thread#6" [stack: 0x000000a5ef900000,0x000000a5efa00000] [id=1520]
  0x000001cedb321910 GCTaskThread "GC Thread#7" [stack: 0x000000a5efa00000,0x000000a5efb00000] [id=17276]
  0x000001cebd25c260 ConcurrentGCThread "G1 Main Marker" [stack: 0x000000a5ed800000,0x000000a5ed900000] [id=12356]
  0x000001cebd25cc70 ConcurrentGCThread "G1 Conc#0" [stack: 0x000000a5ed900000,0x000000a5eda00000] [id=8804]
  0x000001cedb30f110 ConcurrentGCThread "G1 Conc#1" [stack: 0x000000a5efb00000,0x000000a5efc00000] [id=8544]
  0x000001cebd2aec90 ConcurrentGCThread "G1 Refine#0" [stack: 0x000000a5eda00000,0x000000a5edb00000] [id=8484]
  0x000001cedd9bc7a0 ConcurrentGCThread "G1 Refine#1" [stack: 0x000000a5f0a00000,0x000000a5f0b00000] [id=11716]
  0x000001ced8e3c850 ConcurrentGCThread "G1 Service" [stack: 0x000000a5edb00000,0x000000a5edc00000] [id=11004]

Threads with active compile tasks:
C2 CompilerThread0     5529 6661       4       sun.reflect.generics.parser.SignatureParser::parsePackageNameAndSimpleClassTypeSignature (119 bytes)
C2 CompilerThread1     5529 6560   !   4       java.net.URLClassLoader::findClass (47 bytes)
C2 CompilerThread2     5529 6764       4       java.lang.Class::getMethodsRecursive (99 bytes)

VM state: not at safepoint (normal execution)

VM Mutex/Monitor currently owned by a thread: None

Heap address: 0x0000000080000000, size: 2048 MB, Compressed Oops mode: 32-bit

CDS archive(s) not mapped
Compressed class space mapped at: 0x0000000100000000-0x0000000140000000, reserved size: 1073741824
Narrow klass base: 0x0000000000000000, Narrow klass shift: 3, Narrow klass range: 0x140000000

GC Precious Log:
 CPUs: 8 total, 8 available
 Memory: 8072M
 Large Page Support: Disabled
 NUMA Support: Disabled
 Compressed Oops: Enabled (32-bit)
 Heap Region Size: 1M
 Heap Min Capacity: 8M
 Heap Initial Capacity: 128M
 Heap Max Capacity: 2G
 Pre-touch: Disabled
 Parallel Workers: 8
 Concurrent Workers: 2
 Concurrent Refinement Workers: 8
 Periodic GC: Disabled

Heap:
 garbage-first heap   total 102400K, used 64794K [0x0000000080000000, 0x0000000100000000)
  region size 1024K, 15 young (15360K), 4 survivors (4096K)
 Metaspace       used 66974K, committed 67520K, reserved 1114112K
  class space    used 8859K, committed 9088K, reserved 1048576K

Heap Regions: E=young(eden), S=young(survivor), O=old, HS=humongous(starts), HC=humongous(continues), CS=collection set, F=free, OA=open archive, CA=closed archive, TAMS=top-at-mark-start (previous, next)
|   0|0x0000000080000000, 0x0000000080100000, 0x0000000080100000|100%|HS|  |TAMS 0x0000000080100000, 0x0000000080000000| Complete 
|   1|0x0000000080100000, 0x0000000080200000, 0x0000000080200000|100%|HC|  |TAMS 0x0000000080200000, 0x0000000080100000| Complete 
|   2|0x0000000080200000, 0x0000000080300000, 0x0000000080300000|100%|HC|  |TAMS 0x0000000080300000, 0x0000000080200000| Complete 
|   3|0x0000000080300000, 0x0000000080400000, 0x0000000080400000|100%|HC|  |TAMS 0x0000000080400000, 0x0000000080300000| Complete 
|   4|0x0000000080400000, 0x0000000080500000, 0x0000000080500000|100%| O|  |TAMS 0x0000000080500000, 0x0000000080400000| Untracked 
|   5|0x0000000080500000, 0x0000000080600000, 0x0000000080600000|100%| O|  |TAMS 0x0000000080600000, 0x0000000080500000| Untracked 
|   6|0x0000000080600000, 0x0000000080700000, 0x0000000080700000|100%| O|  |TAMS 0x0000000080700000, 0x0000000080600000| Untracked 
|   7|0x0000000080700000, 0x0000000080800000, 0x0000000080800000|100%| O|  |TAMS 0x0000000080800000, 0x0000000080700000| Untracked 
|   8|0x0000000080800000, 0x0000000080900000, 0x0000000080900000|100%| O|  |TAMS 0x0000000080900000, 0x0000000080800000| Untracked 
|   9|0x0000000080900000, 0x0000000080a00000, 0x0000000080a00000|100%| O|  |TAMS 0x0000000080a00000, 0x0000000080900000| Untracked 
|  10|0x0000000080a00000, 0x0000000080b00000, 0x0000000080b00000|100%| O|  |TAMS 0x0000000080b00000, 0x0000000080a00000| Untracked 
|  11|0x0000000080b00000, 0x0000000080b9de00, 0x0000000080c00000| 61%| O|  |TAMS 0x0000000080b9de00, 0x0000000080b00000| Untracked 
|  12|0x0000000080c00000, 0x0000000080d00000, 0x0000000080d00000|100%| O|  |TAMS 0x0000000080d00000, 0x0000000080c00000| Untracked 
|  13|0x0000000080d00000, 0x0000000080e00000, 0x0000000080e00000|100%| O|  |TAMS 0x0000000080e00000, 0x0000000080d00000| Untracked 
|  14|0x0000000080e00000, 0x0000000080f00000, 0x0000000080f00000|100%| O|  |TAMS 0x0000000080f00000, 0x0000000080e00000| Untracked 
|  15|0x0000000080f00000, 0x0000000081000000, 0x0000000081000000|100%| O|  |TAMS 0x0000000081000000, 0x0000000080f00000| Untracked 
|  16|0x0000000081000000, 0x0000000081100000, 0x0000000081100000|100%| O|  |TAMS 0x0000000081100000, 0x0000000081000000| Untracked 
|  17|0x0000000081100000, 0x0000000081200000, 0x0000000081200000|100%| O|  |TAMS 0x0000000081200000, 0x0000000081100000| Untracked 
|  18|0x0000000081200000, 0x0000000081300000, 0x0000000081300000|100%| O|  |TAMS 0x0000000081300000, 0x0000000081200000| Untracked 
|  19|0x0000000081300000, 0x0000000081400000, 0x0000000081400000|100%| O|  |TAMS 0x0000000081400000, 0x0000000081300000| Untracked 
|  20|0x0000000081400000, 0x0000000081500000, 0x0000000081500000|100%| O|  |TAMS 0x0000000081500000, 0x0000000081400000| Untracked 
|  21|0x0000000081500000, 0x0000000081600000, 0x0000000081600000|100%| O|  |TAMS 0x0000000081600000, 0x0000000081500000| Untracked 
|  22|0x0000000081600000, 0x0000000081700000, 0x0000000081700000|100%| O|  |TAMS 0x0000000081700000, 0x0000000081600000| Untracked 
|  23|0x0000000081700000, 0x0000000081800000, 0x0000000081800000|100%|HS|  |TAMS 0x0000000081800000, 0x0000000081700000| Complete 
|  24|0x0000000081800000, 0x0000000081900000, 0x0000000081900000|100%| O|  |TAMS 0x0000000081900000, 0x0000000081800000| Untracked 
|  25|0x0000000081900000, 0x0000000081a00000, 0x0000000081a00000|100%| O|  |TAMS 0x0000000081a00000, 0x0000000081900000| Untracked 
|  26|0x0000000081a00000, 0x0000000081b00000, 0x0000000081b00000|100%| O|  |TAMS 0x0000000081b00000, 0x0000000081a00000| Untracked 
|  27|0x0000000081b00000, 0x0000000081c00000, 0x0000000081c00000|100%| O|  |TAMS 0x0000000081c00000, 0x0000000081b00000| Untracked 
|  28|0x0000000081c00000, 0x0000000081d00000, 0x0000000081d00000|100%| O|  |TAMS 0x0000000081d00000, 0x0000000081c00000| Untracked 
|  29|0x0000000081d00000, 0x0000000081e00000, 0x0000000081e00000|100%| O|  |TAMS 0x0000000081e00000, 0x0000000081d00000| Untracked 
|  30|0x0000000081e00000, 0x0000000081f00000, 0x0000000081f00000|100%| O|  |TAMS 0x0000000081f00000, 0x0000000081e00000| Untracked 
|  31|0x0000000081f00000, 0x0000000082000000, 0x0000000082000000|100%| O|  |TAMS 0x0000000082000000, 0x0000000081f00000| Untracked 
|  32|0x0000000082000000, 0x0000000082100000, 0x0000000082100000|100%| O|  |TAMS 0x0000000082100000, 0x0000000082000000| Untracked 
|  33|0x0000000082100000, 0x0000000082200000, 0x0000000082200000|100%|HS|  |TAMS 0x0000000082200000, 0x0000000082100000| Complete 
|  34|0x0000000082200000, 0x0000000082300000, 0x0000000082300000|100%|HS|  |TAMS 0x0000000082300000, 0x0000000082200000| Complete 
|  35|0x0000000082300000, 0x0000000082400000, 0x0000000082400000|100%| O|  |TAMS 0x0000000082400000, 0x0000000082300000| Untracked 
|  36|0x0000000082400000, 0x0000000082500000, 0x0000000082500000|100%| O|  |TAMS 0x0000000082500000, 0x0000000082400000| Untracked 
|  37|0x0000000082500000, 0x0000000082600000, 0x0000000082600000|100%| O|  |TAMS 0x0000000082600000, 0x0000000082500000| Untracked 
|  38|0x0000000082600000, 0x0000000082700000, 0x0000000082700000|100%| O|  |TAMS 0x0000000082700000, 0x0000000082600000| Untracked 
|  39|0x0000000082700000, 0x0000000082800000, 0x0000000082800000|100%| O|  |TAMS 0x0000000082800000, 0x0000000082700000| Untracked 
|  40|0x0000000082800000, 0x0000000082900000, 0x0000000082900000|100%| O|  |TAMS 0x0000000082900000, 0x0000000082800000| Untracked 
|  41|0x0000000082900000, 0x0000000082a00000, 0x0000000082a00000|100%| O|  |TAMS 0x0000000082a00000, 0x0000000082900000| Untracked 
|  42|0x0000000082a00000, 0x0000000082b00000, 0x0000000082b00000|100%| O|  |TAMS 0x0000000082b00000, 0x0000000082a00000| Untracked 
|  43|0x0000000082b00000, 0x0000000082c00000, 0x0000000082c00000|100%| O|  |TAMS 0x0000000082c00000, 0x0000000082b00000| Untracked 
|  44|0x0000000082c00000, 0x0000000082ca8c00, 0x0000000082d00000| 65%| O|  |TAMS 0x0000000082c00000, 0x0000000082c00000| Untracked 
|  45|0x0000000082d00000, 0x0000000082e00000, 0x0000000082e00000|100%| O|  |TAMS 0x0000000082e00000, 0x0000000082d00000| Untracked 
|  46|0x0000000082e00000, 0x0000000082f00000, 0x0000000082f00000|100%| O|  |TAMS 0x0000000082f00000, 0x0000000082e00000| Untracked 
|  47|0x0000000082f00000, 0x0000000082f00000, 0x0000000083000000|  0%| F|  |TAMS 0x0000000082f00000, 0x0000000082f00000| Untracked 
|  48|0x0000000083000000, 0x0000000083000000, 0x0000000083100000|  0%| F|  |TAMS 0x0000000083000000, 0x0000000083000000| Untracked 
|  49|0x0000000083100000, 0x0000000083100000, 0x0000000083200000|  0%| F|  |TAMS 0x0000000083100000, 0x0000000083100000| Untracked 
|  50|0x0000000083200000, 0x0000000083200000, 0x0000000083300000|  0%| F|  |TAMS 0x0000000083200000, 0x0000000083200000| Untracked 
|  51|0x0000000083300000, 0x0000000083300000, 0x0000000083400000|  0%| F|  |TAMS 0x0000000083300000, 0x0000000083300000| Untracked 
|  52|0x0000000083400000, 0x0000000083500000, 0x0000000083500000|100%| O|  |TAMS 0x0000000083500000, 0x0000000083400000| Untracked 
|  53|0x0000000083500000, 0x0000000083600000, 0x0000000083600000|100%| O|  |TAMS 0x0000000083600000, 0x0000000083500000| Untracked 
|  54|0x0000000083600000, 0x0000000083700000, 0x0000000083700000|100%| O|  |TAMS 0x0000000083665e00, 0x0000000083600000| Untracked 
|  55|0x0000000083700000, 0x0000000083700000, 0x0000000083800000|  0%| F|  |TAMS 0x0000000083700000, 0x0000000083700000| Untracked 
|  56|0x0000000083800000, 0x0000000083800000, 0x0000000083900000|  0%| F|  |TAMS 0x0000000083800000, 0x0000000083800000| Untracked 
|  57|0x0000000083900000, 0x0000000083900000, 0x0000000083a00000|  0%| F|  |TAMS 0x0000000083900000, 0x0000000083900000| Untracked 
|  58|0x0000000083a00000, 0x0000000083a00000, 0x0000000083b00000|  0%| F|  |TAMS 0x0000000083a00000, 0x0000000083a00000| Untracked 
|  59|0x0000000083b00000, 0x0000000083b00000, 0x0000000083c00000|  0%| F|  |TAMS 0x0000000083b00000, 0x0000000083b00000| Untracked 
|  60|0x0000000083c00000, 0x0000000083c00000, 0x0000000083d00000|  0%| F|  |TAMS 0x0000000083c00000, 0x0000000083c00000| Untracked 
|  61|0x0000000083d00000, 0x0000000083d00000, 0x0000000083e00000|  0%| F|  |TAMS 0x0000000083d00000, 0x0000000083d00000| Untracked 
|  62|0x0000000083e00000, 0x0000000083e00000, 0x0000000083f00000|  0%| F|  |TAMS 0x0000000083e00000, 0x0000000083e00000| Untracked 
|  63|0x0000000083f00000, 0x0000000083f00000, 0x0000000084000000|  0%| F|  |TAMS 0x0000000083f00000, 0x0000000083f00000| Untracked 
|  64|0x0000000084000000, 0x0000000084000000, 0x0000000084100000|  0%| F|  |TAMS 0x0000000084000000, 0x0000000084000000| Untracked 
|  65|0x0000000084100000, 0x0000000084100000, 0x0000000084200000|  0%| F|  |TAMS 0x0000000084100000, 0x0000000084100000| Untracked 
|  66|0x0000000084200000, 0x0000000084200000, 0x0000000084300000|  0%| F|  |TAMS 0x0000000084200000, 0x0000000084200000| Untracked 
|  67|0x0000000084300000, 0x0000000084300000, 0x0000000084400000|  0%| F|  |TAMS 0x0000000084300000, 0x0000000084300000| Untracked 
|  68|0x0000000084400000, 0x0000000084400000, 0x0000000084500000|  0%| F|  |TAMS 0x0000000084400000, 0x0000000084400000| Untracked 
|  69|0x0000000084500000, 0x0000000084600000, 0x0000000084600000|100%| S|CS|TAMS 0x0000000084500000, 0x0000000084500000| Complete 
|  70|0x0000000084600000, 0x0000000084700000, 0x0000000084700000|100%| S|CS|TAMS 0x0000000084600000, 0x0000000084600000| Complete 
|  71|0x0000000084700000, 0x0000000084800000, 0x0000000084800000|100%| S|CS|TAMS 0x0000000084700000, 0x0000000084700000| Complete 
|  72|0x0000000084800000, 0x0000000084800000, 0x0000000084900000|  0%| F|  |TAMS 0x0000000084800000, 0x0000000084800000| Untracked 
|  73|0x0000000084900000, 0x0000000084900000, 0x0000000084a00000|  0%| F|  |TAMS 0x0000000084900000, 0x0000000084900000| Untracked 
|  74|0x0000000084a00000, 0x0000000084b00000, 0x0000000084b00000|100%| S|CS|TAMS 0x0000000084a00000, 0x0000000084a00000| Complete 
|  75|0x0000000084b00000, 0x0000000084b00000, 0x0000000084c00000|  0%| F|  |TAMS 0x0000000084b00000, 0x0000000084b00000| Untracked 
|  76|0x0000000084c00000, 0x0000000084c00000, 0x0000000084d00000|  0%| F|  |TAMS 0x0000000084c00000, 0x0000000084c00000| Untracked 
|  77|0x0000000084d00000, 0x0000000084d00000, 0x0000000084e00000|  0%| F|  |TAMS 0x0000000084d00000, 0x0000000084d00000| Untracked 
|  78|0x0000000084e00000, 0x0000000084e00000, 0x0000000084f00000|  0%| F|  |TAMS 0x0000000084e00000, 0x0000000084e00000| Untracked 
|  79|0x0000000084f00000, 0x0000000084f00000, 0x0000000085000000|  0%| F|  |TAMS 0x0000000084f00000, 0x0000000084f00000| Untracked 
|  80|0x0000000085000000, 0x0000000085000000, 0x0000000085100000|  0%| F|  |TAMS 0x0000000085000000, 0x0000000085000000| Untracked 
|  81|0x0000000085100000, 0x0000000085100000, 0x0000000085200000|  0%| F|  |TAMS 0x0000000085100000, 0x0000000085100000| Untracked 
|  82|0x0000000085200000, 0x0000000085200000, 0x0000000085300000|  0%| F|  |TAMS 0x0000000085200000, 0x0000000085200000| Untracked 
|  83|0x0000000085300000, 0x0000000085300000, 0x0000000085400000|  0%| F|  |TAMS 0x0000000085300000, 0x0000000085300000| Untracked 
|  84|0x0000000085400000, 0x0000000085400000, 0x0000000085500000|  0%| F|  |TAMS 0x0000000085400000, 0x0000000085400000| Untracked 
|  85|0x0000000085500000, 0x0000000085500000, 0x0000000085600000|  0%| F|  |TAMS 0x0000000085500000, 0x0000000085500000| Untracked 
|  86|0x0000000085600000, 0x0000000085600000, 0x0000000085700000|  0%| F|  |TAMS 0x0000000085600000, 0x0000000085600000| Untracked 
|  87|0x0000000085700000, 0x0000000085700000, 0x0000000085800000|  0%| F|  |TAMS 0x0000000085700000, 0x0000000085700000| Untracked 
|  88|0x0000000085800000, 0x0000000085800000, 0x0000000085900000|  0%| F|  |TAMS 0x0000000085800000, 0x0000000085800000| Untracked 
|  89|0x0000000085900000, 0x00000000859efde8, 0x0000000085a00000| 93%| E|  |TAMS 0x0000000085900000, 0x0000000085900000| Complete 
|  90|0x0000000085a00000, 0x0000000085b00000, 0x0000000085b00000|100%| E|CS|TAMS 0x0000000085a00000, 0x0000000085a00000| Complete 
|  91|0x0000000085b00000, 0x0000000085c00000, 0x0000000085c00000|100%| E|CS|TAMS 0x0000000085b00000, 0x0000000085b00000| Complete 
|  92|0x0000000085c00000, 0x0000000085d00000, 0x0000000085d00000|100%| E|CS|TAMS 0x0000000085c00000, 0x0000000085c00000| Complete 
|  93|0x0000000085d00000, 0x0000000085e00000, 0x0000000085e00000|100%| E|CS|TAMS 0x0000000085d00000, 0x0000000085d00000| Complete 
|  94|0x0000000085e00000, 0x0000000085f00000, 0x0000000085f00000|100%| E|CS|TAMS 0x0000000085e00000, 0x0000000085e00000| Complete 
|  95|0x0000000085f00000, 0x0000000086000000, 0x0000000086000000|100%| E|CS|TAMS 0x0000000085f00000, 0x0000000085f00000| Complete 
|  96|0x0000000086000000, 0x0000000086100000, 0x0000000086100000|100%| E|CS|TAMS 0x0000000086000000, 0x0000000086000000| Complete 
|  97|0x0000000086100000, 0x0000000086200000, 0x0000000086200000|100%| E|CS|TAMS 0x0000000086100000, 0x0000000086100000| Complete 
|  98|0x0000000086200000, 0x0000000086300000, 0x0000000086300000|100%| E|CS|TAMS 0x0000000086200000, 0x0000000086200000| Complete 
| 127|0x0000000087f00000, 0x0000000088000000, 0x0000000088000000|100%| E|CS|TAMS 0x0000000087f00000, 0x0000000087f00000| Complete 

Card table byte_map: [0x000001ced1cf0000,0x000001ced20f0000] _byte_map_base: 0x000001ced18f0000

Marking Bits (Prev, Next): (CMBitMap*) 0x000001cebd24b970, (CMBitMap*) 0x000001cebd24b930
 Prev Bits: [0x000001ced44f0000, 0x000001ced64f0000)
 Next Bits: [0x000001ced24f0000, 0x000001ced44f0000)

Polling page: 0x000001cebd2b0000

Metaspace:

Usage:
  Non-class:     56.75 MB used.
      Class:      8.65 MB used.
       Both:     65.40 MB used.

Virtual space:
  Non-class space:       64.00 MB reserved,      57.06 MB ( 89%) committed,  8 nodes.
      Class space:        1.00 GB reserved,       8.88 MB ( <1%) committed,  1 nodes.
             Both:        1.06 GB reserved,      65.94 MB (  6%) committed. 

Chunk freelists:
   Non-Class:  2.05 MB
       Class:  3.06 MB
        Both:  5.12 MB

MaxMetaspaceSize: unlimited
CompressedClassSpaceSize: 1.00 GB
Initial GC threshold: 21.00 MB
Current GC threshold: 109.50 MB
CDS: off
MetaspaceReclaimPolicy: balanced
 - commit_granule_bytes: 65536.
 - commit_granule_words: 8192.
 - virtual_space_node_default_size: 1048576.
 - enlarge_chunks_in_place: 1.
 - new_chunks_are_fully_committed: 0.
 - uncommit_free_chunks: 1.
 - use_allocation_guard: 0.
 - handle_deallocations: 1.


Internal statistics:

num_allocs_failed_limit: 6.
num_arena_births: 620.
num_arena_deaths: 0.
num_vsnodes_births: 9.
num_vsnodes_deaths: 0.
num_space_committed: 1055.
num_space_uncommitted: 0.
num_chunks_returned_to_freelist: 6.
num_chunks_taken_from_freelist: 2814.
num_chunk_merges: 6.
num_chunk_splits: 1881.
num_chunks_enlarged: 1290.
num_purges: 0.
num_inconsistent_stats: 0.

CodeHeap 'non-profiled nmethods': size=120000Kb used=3484Kb max_used=3484Kb free=116515Kb
 bounds [0x000001cec9950000, 0x000001cec9cc0000, 0x000001ced0e80000]
CodeHeap 'profiled nmethods': size=120000Kb used=11567Kb max_used=11567Kb free=108433Kb
 bounds [0x000001cec1e80000, 0x000001cec29d0000, 0x000001cec93b0000]
CodeHeap 'non-nmethods': size=5760Kb used=2348Kb max_used=2423Kb free=3411Kb
 bounds [0x000001cec93b0000, 0x000001cec9630000, 0x000001cec9950000]
 total_blobs=6888 nmethods=6018 adapters=782
 compilation: enabled
              stopped_count=0, restarted_count=0
 full_count=0

Compilation events (20 events):
Event: 5.488 Thread 0x000001ced9837950 6813       3       java.util.stream.Nodes$SpinedNodeBuilder::build (25 bytes)
Event: 5.488 Thread 0x000001ced9837950 nmethod 6813 0x000001cec29c7590 code [0x000001cec29c7720, 0x000001cec29c7838]
Event: 5.488 Thread 0x000001ced9837950 6814       3       java.util.stream.Nodes$SpinedNodeBuilder::asArray (29 bytes)
Event: 5.488 Thread 0x000001ced9837950 nmethod 6814 0x000001cec29c7910 code [0x000001cec29c7ac0, 0x000001cec29c7c08]
Event: 5.488 Thread 0x000001ced9837950 6815       3       java.util.stream.SpinedBuffer::asArray (46 bytes)
Event: 5.489 Thread 0x000001ced9837950 nmethod 6815 0x000001cec29c7c90 code [0x000001cec29c7e80, 0x000001cec29c8488]
Event: 5.489 Thread 0x000001ced9837950 6816       3       java.util.stream.Nodes$SpinedNodeBuilder::copyInto (30 bytes)
Event: 5.489 Thread 0x000001ced9837950 nmethod 6816 0x000001cec29c8690 code [0x000001cec29c8840, 0x000001cec29c8988]
Event: 5.489 Thread 0x000001ced9837950 6817       3       groovy.lang.MetaClassImpl$$Lambda$442/0x0000000100520bb8::apply (12 bytes)
Event: 5.489 Thread 0x000001ced9837950 nmethod 6817 0x000001cec29c8a10 code [0x000001cec29c8c40, 0x000001cec29c9318]
Event: 5.489 Thread 0x000001ced9837950 6818       3       groovy.lang.MetaClassImpl::lambda$getPropName$5 (27 bytes)
Event: 5.489 Thread 0x000001ced9837950 nmethod 6818 0x000001cec29c9610 code [0x000001cec29c9820, 0x000001cec29c9d78]
Event: 5.489 Thread 0x000001ced9837950 6819       3       org.apache.groovy.util.BeanUtils::decapitalize (68 bytes)
Event: 5.490 Thread 0x000001ced9837950 nmethod 6819 0x000001cec29ca010 code [0x000001cec29ca380, 0x000001cec29cb8c8]
Event: 5.492 Thread 0x000001ced9837950 6820       3       org.codehaus.groovy.util.FastArray::set (8 bytes)
Event: 5.492 Thread 0x000001ced9837950 nmethod 6820 0x000001cec29cc010 code [0x000001cec29cc1c0, 0x000001cec29cc458]
Event: 5.493 Thread 0x000001ced9837950 6821       3       java.beans.FeatureDescriptor::<init> (69 bytes)
Event: 5.493 Thread 0x000001ced9837950 nmethod 6821 0x000001cec29cc590 code [0x000001cec29cc7c0, 0x000001cec29ccf48]
Event: 5.500 Thread 0x000001ced9837950 6822       3       sun.reflect.generics.reflectiveObjects.TypeVariableImpl::toString (5 bytes)
Event: 5.500 Thread 0x000001ced9837950 nmethod 6822 0x000001cec29cd190 code [0x000001cec29cd320, 0x000001cec29cd458]

GC Heap History (20 events):
Event: 3.607 GC heap before
{Heap before GC invocations=11 (full 0):
 garbage-first heap   total 82944K, used 62522K [0x0000000080000000, 0x0000000100000000)
  region size 1024K, 34 young (34816K), 4 survivors (4096K)
 Metaspace       used 48688K, committed 49152K, reserved 1097728K
  class space    used 6441K, committed 6656K, reserved 1048576K
}
Event: 3.611 GC heap after
{Heap after GC invocations=12 (full 0):
 garbage-first heap   total 82944K, used 33467K [0x0000000080000000, 0x0000000100000000)
  region size 1024K, 2 young (2048K), 2 survivors (2048K)
 Metaspace       used 48688K, committed 49152K, reserved 1097728K
  class space    used 6441K, committed 6656K, reserved 1048576K
}
Event: 3.982 GC heap before
{Heap before GC invocations=12 (full 0):
 garbage-first heap   total 82944K, used 63163K [0x0000000080000000, 0x0000000100000000)
  region size 1024K, 31 young (31744K), 2 survivors (2048K)
 Metaspace       used 51291K, committed 51712K, reserved 1097728K
  class space    used 6798K, committed 6976K, reserved 1048576K
}
Event: 3.985 GC heap after
{Heap after GC invocations=13 (full 0):
 garbage-first heap   total 82944K, used 35526K [0x0000000080000000, 0x0000000100000000)
  region size 1024K, 4 young (4096K), 4 survivors (4096K)
 Metaspace       used 51291K, committed 51712K, reserved 1097728K
  class space    used 6798K, committed 6976K, reserved 1048576K
}
Event: 4.219 GC heap before
{Heap before GC invocations=13 (full 0):
 garbage-first heap   total 82944K, used 67270K [0x0000000080000000, 0x0000000100000000)
  region size 1024K, 32 young (32768K), 4 survivors (4096K)
 Metaspace       used 52722K, committed 53248K, reserved 1097728K
  class space    used 6958K, committed 7168K, reserved 1048576K
}
Event: 4.224 GC heap after
{Heap after GC invocations=14 (full 0):
 garbage-first heap   total 82944K, used 43916K [0x0000000080000000, 0x0000000100000000)
  region size 1024K, 4 young (4096K), 4 survivors (4096K)
 Metaspace       used 52722K, committed 53248K, reserved 1097728K
  class space    used 6958K, committed 7168K, reserved 1048576K
}
Event: 4.404 GC heap before
{Heap before GC invocations=14 (full 0):
 garbage-first heap   total 82944K, used 63372K [0x0000000080000000, 0x0000000100000000)
  region size 1024K, 23 young (23552K), 4 survivors (4096K)
 Metaspace       used 55349K, committed 55808K, reserved 1097728K
  class space    used 7346K, committed 7552K, reserved 1048576K
}
Event: 4.407 GC heap after
{Heap after GC invocations=15 (full 0):
 garbage-first heap   total 100352K, used 45393K [0x0000000080000000, 0x0000000100000000)
  region size 1024K, 1 young (1024K), 1 survivors (1024K)
 Metaspace       used 55349K, committed 55808K, reserved 1097728K
  class space    used 7346K, committed 7552K, reserved 1048576K
}
Event: 4.838 GC heap before
{Heap before GC invocations=16 (full 0):
 garbage-first heap   total 100352K, used 78161K [0x0000000080000000, 0x0000000100000000)
  region size 1024K, 33 young (33792K), 1 survivors (1024K)
 Metaspace       used 60922K, committed 61376K, reserved 1105920K
  class space    used 8078K, committed 8256K, reserved 1048576K
}
Event: 4.840 GC heap after
{Heap after GC invocations=17 (full 0):
 garbage-first heap   total 100352K, used 46777K [0x0000000080000000, 0x0000000100000000)
  region size 1024K, 3 young (3072K), 3 survivors (3072K)
 Metaspace       used 60922K, committed 61376K, reserved 1105920K
  class space    used 8078K, committed 8256K, reserved 1048576K
}
Event: 4.953 GC heap before
{Heap before GC invocations=17 (full 0):
 garbage-first heap   total 100352K, used 54969K [0x0000000080000000, 0x0000000100000000)
  region size 1024K, 12 young (12288K), 3 survivors (3072K)
 Metaspace       used 62747K, committed 63360K, reserved 1105920K
  class space    used 8296K, committed 8576K, reserved 1048576K
}
Event: 4.956 GC heap after
{Heap after GC invocations=18 (full 0):
 garbage-first heap   total 100352K, used 48243K [0x0000000080000000, 0x0000000100000000)
  region size 1024K, 4 young (4096K), 4 survivors (4096K)
 Metaspace       used 62747K, committed 63360K, reserved 1105920K
  class space    used 8296K, committed 8576K, reserved 1048576K
}
Event: 4.962 GC heap before
{Heap before GC invocations=18 (full 0):
 garbage-first heap   total 100352K, used 52339K [0x0000000080000000, 0x0000000100000000)
  region size 1024K, 8 young (8192K), 4 survivors (4096K)
 Metaspace       used 62747K, committed 63360K, reserved 1105920K
  class space    used 8296K, committed 8576K, reserved 1048576K
}
Event: 4.966 GC heap after
{Heap after GC invocations=19 (full 0):
 garbage-first heap   total 100352K, used 50818K [0x0000000080000000, 0x0000000100000000)
  region size 1024K, 4 young (4096K), 4 survivors (4096K)
 Metaspace       used 62747K, committed 63360K, reserved 1105920K
  class space    used 8296K, committed 8576K, reserved 1048576K
}
Event: 5.143 GC heap before
{Heap before GC invocations=20 (full 0):
 garbage-first heap   total 102400K, used 76418K [0x0000000080000000, 0x0000000100000000)
  region size 1024K, 24 young (24576K), 4 survivors (4096K)
 Metaspace       used 64219K, committed 64768K, reserved 1105920K
  class space    used 8487K, committed 8768K, reserved 1048576K
}
Event: 5.144 GC heap after
{Heap after GC invocations=21 (full 0):
 garbage-first heap   total 102400K, used 50686K [0x0000000080000000, 0x0000000100000000)
  region size 1024K, 2 young (2048K), 2 survivors (2048K)
 Metaspace       used 64219K, committed 64768K, reserved 1105920K
  class space    used 8487K, committed 8768K, reserved 1048576K
}
Event: 5.332 GC heap before
{Heap before GC invocations=21 (full 0):
 garbage-first heap   total 102400K, used 74238K [0x0000000080000000, 0x0000000100000000)
  region size 1024K, 25 young (25600K), 2 survivors (2048K)
 Metaspace       used 66376K, committed 67008K, reserved 1114112K
  class space    used 8749K, committed 9024K, reserved 1048576K
}
Event: 5.334 GC heap after
{Heap after GC invocations=22 (full 0):
 garbage-first heap   total 102400K, used 52037K [0x0000000080000000, 0x0000000100000000)
  region size 1024K, 3 young (3072K), 3 survivors (3072K)
 Metaspace       used 66376K, committed 67008K, reserved 1114112K
  class space    used 8749K, committed 9024K, reserved 1048576K
}
Event: 5.482 GC heap before
{Heap before GC invocations=23 (full 0):
 garbage-first heap   total 102400K, used 76613K [0x0000000080000000, 0x0000000100000000)
  region size 1024K, 27 young (27648K), 3 survivors (3072K)
 Metaspace       used 66948K, committed 67456K, reserved 1114112K
  class space    used 8856K, committed 9088K, reserved 1048576K
}
Event: 5.486 GC heap after
{Heap after GC invocations=24 (full 0):
 garbage-first heap   total 102400K, used 54554K [0x0000000080000000, 0x0000000100000000)
  region size 1024K, 4 young (4096K), 4 survivors (4096K)
 Metaspace       used 66948K, committed 67456K, reserved 1114112K
  class space    used 8856K, committed 9088K, reserved 1048576K
}

Dll operation events (2 events):
Event: 0.006 Loaded shared library C:\Program Files\Android\Android Studio\jbr\bin\java.dll
Event: 0.277 Loaded shared library C:\Program Files\Android\Android Studio\jbr\bin\verify.dll

Deoptimization events (20 events):
Event: 5.322 Thread 0x000001ceda6f32b0 Uncommon trap: trap_request=0xffffff45 fr.pc=0x000001cec9be2fa0 relative=0x0000000000000200
Event: 5.322 Thread 0x000001ceda6f32b0 Uncommon trap: reason=unstable_if action=reinterpret pc=0x000001cec9be2fa0 method=org.objectweb.asm.Label.resolve([BI)Z @ 80 c2
Event: 5.322 Thread 0x000001ceda6f32b0 DEOPT PACKING pc=0x000001cec9be2fa0 sp=0x000000a5ef5f5cb0
Event: 5.322 Thread 0x000001ceda6f32b0 DEOPT UNPACKING pc=0x000001cec94069a3 sp=0x000000a5ef5f5c30 mode 2
Event: 5.322 Thread 0x000001ceda6f32b0 Uncommon trap: trap_request=0xffffff45 fr.pc=0x000001cec9ac8654 relative=0x0000000000001274
Event: 5.322 Thread 0x000001ceda6f32b0 Uncommon trap: reason=unstable_if action=reinterpret pc=0x000001cec9ac8654 method=org.objectweb.asm.MethodWriter.<init>(Lorg/objectweb/asm/SymbolTable;ILjava/lang/String;Ljava/lang/String;Ljava/lang/String;[Ljava/lang/String;I)V @ 94 c2
Event: 5.322 Thread 0x000001ceda6f32b0 DEOPT PACKING pc=0x000001cec9ac8654 sp=0x000000a5ef5f5e40
Event: 5.322 Thread 0x000001ceda6f32b0 DEOPT UNPACKING pc=0x000001cec94069a3 sp=0x000000a5ef5f5d18 mode 2
Event: 5.322 Thread 0x000001ceda6f32b0 Uncommon trap: trap_request=0xffffff45 fr.pc=0x000001cec9ac9f9c relative=0x00000000000004dc
Event: 5.322 Thread 0x000001ceda6f32b0 Uncommon trap: reason=unstable_if action=reinterpret pc=0x000001cec9ac9f9c method=org.objectweb.asm.MethodWriter.computeMethodInfoSize()I @ 342 c2
Event: 5.322 Thread 0x000001ceda6f32b0 DEOPT PACKING pc=0x000001cec9ac9f9c sp=0x000000a5ef5f6090
Event: 5.322 Thread 0x000001ceda6f32b0 DEOPT UNPACKING pc=0x000001cec94069a3 sp=0x000000a5ef5f6028 mode 2
Event: 5.322 Thread 0x000001ceda6f32b0 Uncommon trap: trap_request=0xffffff45 fr.pc=0x000001cec9aa4720 relative=0x0000000000001b80
Event: 5.322 Thread 0x000001ceda6f32b0 Uncommon trap: reason=unstable_if action=reinterpret pc=0x000001cec9aa4720 method=org.objectweb.asm.MethodWriter.putMethodInfo(Lorg/objectweb/asm/ByteVector;)V @ 108 c2
Event: 5.322 Thread 0x000001ceda6f32b0 DEOPT PACKING pc=0x000001cec9aa4720 sp=0x000000a5ef5f6040
Event: 5.322 Thread 0x000001ceda6f32b0 DEOPT UNPACKING pc=0x000001cec94069a3 sp=0x000000a5ef5f5ff8 mode 2
Event: 5.362 Thread 0x000001ceda6f32b0 Uncommon trap: trap_request=0xffffff45 fr.pc=0x000001cec9a9f2b0 relative=0x0000000000001ab0
Event: 5.362 Thread 0x000001ceda6f32b0 Uncommon trap: reason=unstable_if action=reinterpret pc=0x000001cec9a9f2b0 method=java.util.concurrent.ConcurrentHashMap.computeIfAbsent(Ljava/lang/Object;Ljava/util/function/Function;)Ljava/lang/Object; @ 364 c2
Event: 5.362 Thread 0x000001ceda6f32b0 DEOPT PACKING pc=0x000001cec9a9f2b0 sp=0x000000a5ef5f7910
Event: 5.362 Thread 0x000001ceda6f32b0 DEOPT UNPACKING pc=0x000001cec94069a3 sp=0x000000a5ef5f7898 mode 2

Classes unloaded (0 events):
No events

Classes redefined (0 events):
No events

Internal exceptions (20 events):
Event: 5.474 Thread 0x000001ceda6f32b0 Exception <a 'java/lang/ClassNotFoundException'{0x0000000084d44700}: com/android/build/gradle/internal/dsl/DefaultConfigBeanInfo> (0x0000000084d44700) 
thrown [s\src\hotspot\share\classfile\systemDictionary.cpp, line 256]
Event: 5.475 Thread 0x000001ceda6f32b0 Exception <a 'java/lang/ClassNotFoundException'{0x0000000084d50c28}: com/android/build/gradle/internal/dsl/BaseFlavorBeanInfo> (0x0000000084d50c28) 
thrown [s\src\hotspot\share\classfile\systemDictionary.cpp, line 256]
Event: 5.475 Thread 0x000001ceda6f32b0 Exception <a 'java/lang/ClassNotFoundException'{0x0000000084d5cf68}: com/android/builder/core/AbstractProductFlavorBeanInfo> (0x0000000084d5cf68) 
thrown [s\src\hotspot\share\classfile\systemDictionary.cpp, line 256]
Event: 5.475 Thread 0x000001ceda6f32b0 Exception <a 'java/lang/ClassNotFoundException'{0x0000000084d69338}: com/android/builder/internal/BaseConfigImplBeanInfo> (0x0000000084d69338) 
thrown [s\src\hotspot\share\classfile\systemDictionary.cpp, line 256]
Event: 5.475 Thread 0x000001ceda6f32b0 Exception <a 'java/lang/ClassNotFoundException'{0x0000000084d756d8}: com/android/builder/internal/BaseConfigImplCustomizer> (0x0000000084d756d8) 
thrown [s\src\hotspot\share\classfile\systemDictionary.cpp, line 256]
Event: 5.476 Thread 0x000001ceda6f32b0 Exception <a 'java/lang/ClassNotFoundException'{0x0000000084da12e8}: com/android/builder/core/AbstractProductFlavorCustomizer> (0x0000000084da12e8) 
thrown [s\src\hotspot\share\classfile\systemDictionary.cpp, line 256]
Event: 5.477 Thread 0x000001ceda6f32b0 Exception <a 'java/lang/ClassNotFoundException'{0x0000000084de9070}: com/android/build/gradle/internal/dsl/BaseFlavorCustomizer> (0x0000000084de9070) 
thrown [s\src\hotspot\share\classfile\systemDictionary.cpp, line 256]
Event: 5.480 Thread 0x000001ceda6f32b0 Exception <a 'java/lang/ClassNotFoundException'{0x0000000084b507d0}: com/android/build/gradle/internal/dsl/DefaultConfigCustomizer> (0x0000000084b507d0) 
thrown [s\src\hotspot\share\classfile\systemDictionary.cpp, line 256]
Event: 5.480 Thread 0x000001ceda6f32b0 Exception <a 'java/lang/ClassNotFoundException'{0x0000000084b74590}: com/android/build/gradle/internal/dsl/DefaultConfig$AgpDecoratedCustomizer> (0x0000000084b74590) 
thrown [s\src\hotspot\share\classfile\systemDictionary.cpp, line 256]
Event: 5.481 Thread 0x000001ceda6f32b0 Exception <a 'java/lang/ClassNotFoundException'{0x0000000084bc9690}: com/android/build/gradle/internal/dsl/DefaultConfig$AgpDecorated_DecoratedCustomizer> (0x0000000084bc9690) 
thrown [s\src\hotspot\share\classfile\systemDictionary.cpp, line 256]
Event: 5.492 Thread 0x000001ceda6f32b0 Exception <a 'java/lang/ClassNotFoundException'{0x0000000087ff73b0}: org/gradle/api/internal/NamedDomainObjectContainerConfigureDelegateBeanInfo> (0x0000000087ff73b0) 
thrown [s\src\hotspot\share\classfile\systemDictionary.cpp, line 256]
Event: 5.493 Thread 0x000001ceda6f32b0 Exception <a 'java/lang/ClassNotFoundException'{0x000000008620ba88}: org/gradle/api/internal/NamedDomainObjectContainerConfigureDelegateCustomizer> (0x000000008620ba88) 
thrown [s\src\hotspot\share\classfile\systemDictionary.cpp, line 256]
Event: 5.498 Thread 0x000001ceda6f32b0 Exception <a 'java/lang/ClassNotFoundException'{0x0000000086048248}: org/gradle/api/internal/FactoryNamedDomainObjectContainer_DecoratedBeanInfo> (0x0000000086048248) 
thrown [s\src\hotspot\share\classfile\systemDictionary.cpp, line 256]
Event: 5.498 Thread 0x000001ceda6f32b0 Exception <a 'java/lang/ClassNotFoundException'{0x000000008605e1d8}: org/gradle/api/internal/FactoryNamedDomainObjectContainerBeanInfo> (0x000000008605e1d8) 
thrown [s\src\hotspot\share\classfile\systemDictionary.cpp, line 256]
Event: 5.499 Thread 0x000001ceda6f32b0 Exception <a 'java/lang/ClassNotFoundException'{0x0000000086074160}: org/gradle/api/internal/AbstractNamedDomainObjectContainerBeanInfo> (0x0000000086074160) 
thrown [s\src\hotspot\share\classfile\systemDictionary.cpp, line 256]
Event: 5.499 Thread 0x000001ceda6f32b0 Exception <a 'java/lang/ClassNotFoundException'{0x000000008608a2c0}: org/gradle/api/internal/DefaultNamedDomainObjectSetBeanInfo> (0x000000008608a2c0) 
thrown [s\src\hotspot\share\classfile\systemDictionary.cpp, line 256]
Event: 5.500 Thread 0x000001ceda6f32b0 Exception <a 'java/lang/ClassNotFoundException'{0x00000000860a00b0}: org/gradle/api/internal/DefaultNamedDomainObjectSetCustomizer> (0x00000000860a00b0) 
thrown [s\src\hotspot\share\classfile\systemDictionary.cpp, line 256]
Event: 5.501 Thread 0x000001ceda6f32b0 Exception <a 'java/lang/ClassNotFoundException'{0x00000000860cbbd8}: org/gradle/api/internal/AbstractNamedDomainObjectContainerCustomizer> (0x00000000860cbbd8) 
thrown [s\src\hotspot\share\classfile\systemDictionary.cpp, line 256]
Event: 5.502 Thread 0x000001ceda6f32b0 Exception <a 'java/lang/ClassNotFoundException'{0x00000000860f54e0}: org/gradle/api/internal/FactoryNamedDomainObjectContainerCustomizer> (0x00000000860f54e0) 
thrown [s\src\hotspot\share\classfile\systemDictionary.cpp, line 256]
Event: 5.503 Thread 0x000001ceda6f32b0 Exception <a 'java/lang/ClassNotFoundException'{0x0000000085f14a60}: org/gradle/api/internal/FactoryNamedDomainObjectContainer_DecoratedCustomizer> (0x0000000085f14a60) 
thrown [s\src\hotspot\share\classfile\systemDictionary.cpp, line 256]

VM Operations (20 events):
Event: 4.901 Executing VM operation: HandshakeAllThreads
Event: 4.901 Executing VM operation: HandshakeAllThreads done
Event: 4.953 Executing VM operation: G1TryInitiateConcMark
Event: 4.956 Executing VM operation: G1TryInitiateConcMark done
Event: 4.962 Executing VM operation: G1TryInitiateConcMark
Event: 4.966 Executing VM operation: G1TryInitiateConcMark done
Event: 4.994 Executing VM operation: G1Concurrent
Event: 4.996 Executing VM operation: G1Concurrent done
Event: 5.009 Executing VM operation: G1Concurrent
Event: 5.009 Executing VM operation: G1Concurrent done
Event: 5.143 Executing VM operation: G1CollectForAllocation
Event: 5.144 Executing VM operation: G1CollectForAllocation done
Event: 5.332 Executing VM operation: G1CollectForAllocation
Event: 5.334 Executing VM operation: G1CollectForAllocation done
Event: 5.360 Executing VM operation: G1Concurrent
Event: 5.362 Executing VM operation: G1Concurrent done
Event: 5.375 Executing VM operation: G1Concurrent
Event: 5.375 Executing VM operation: G1Concurrent done
Event: 5.482 Executing VM operation: G1CollectForAllocation
Event: 5.486 Executing VM operation: G1CollectForAllocation done

Events (20 events):
Event: 5.028 loading class java/security/KeyStore$ProtectionParameter
Event: 5.028 loading class java/security/KeyStore$ProtectionParameter done
Event: 5.029 loading class sun/nio/fs/WindowsException
Event: 5.029 loading class sun/nio/fs/WindowsException done
Event: 5.220 loading class java/security/KeyStore
Event: 5.220 loading class java/security/KeyStore done
Event: 5.220 loading class java/security/KeyStore$1
Event: 5.220 loading class java/security/KeyStore$1 done
Event: 5.295 loading class javax/xml/stream/XMLStreamException
Event: 5.295 loading class javax/xml/stream/XMLStreamException done
Event: 5.307 loading class sun/reflect/annotation/AnnotationInvocationHandler$1
Event: 5.308 loading class sun/reflect/annotation/AnnotationInvocationHandler$1 done
Event: 5.397 loading class org/xml/sax/Locator
Event: 5.397 loading class org/xml/sax/Locator done
Event: 5.397 loading class org/xml/sax/SAXParseException
Event: 5.397 loading class org/xml/sax/SAXParseException done
Event: 5.398 loading class org/xml/sax/Attributes
Event: 5.398 loading class org/xml/sax/Attributes done
Event: 5.479 loading class java/beans/IntrospectionException
Event: 5.479 loading class java/beans/IntrospectionException done


Dynamic libraries:
0x00007ff63c730000 - 0x00007ff63c73a000 	C:\Program Files\Android\Android Studio\jbr\bin\java.exe
0x00007ffd37bf0000 - 0x00007ffd37e07000 	C:\WINDOWS\SYSTEM32\ntdll.dll
0x00007ffd36830000 - 0x00007ffd368f4000 	C:\WINDOWS\System32\KERNEL32.DLL
0x00007ffd35570000 - 0x00007ffd3591d000 	C:\WINDOWS\System32\KERNELBASE.dll
0x00007ffd35260000 - 0x00007ffd35371000 	C:\WINDOWS\System32\ucrtbase.dll
0x00007ffd27580000 - 0x00007ffd27597000 	C:\Program Files\Android\Android Studio\jbr\bin\jli.dll
0x00007ffd360b0000 - 0x00007ffd3625e000 	C:\WINDOWS\System32\USER32.dll
0x00007ffd26cf0000 - 0x00007ffd26d0b000 	C:\Program Files\Android\Android Studio\jbr\bin\VCRUNTIME140.dll
0x00007ffd34150000 - 0x00007ffd343e3000 	C:\WINDOWS\WinSxS\amd64_microsoft.windows.common-controls_6595b64144ccf1df_6.0.22621.3672_none_2713b9d173822955\COMCTL32.dll
0x00007ffd35420000 - 0x00007ffd35446000 	C:\WINDOWS\System32\win32u.dll
0x00007ffd35920000 - 0x00007ffd359c7000 	C:\WINDOWS\System32\msvcrt.dll
0x00007ffd37b00000 - 0x00007ffd37b29000 	C:\WINDOWS\System32\GDI32.dll
0x00007ffd35140000 - 0x00007ffd35259000 	C:\WINDOWS\System32\gdi32full.dll
0x00007ffd35380000 - 0x00007ffd3541a000 	C:\WINDOWS\System32\msvcp_win.dll
0x00007ffd36060000 - 0x00007ffd36091000 	C:\WINDOWS\System32\IMM32.DLL
0x00007ffd271f0000 - 0x00007ffd271fc000 	C:\Program Files\Android\Android Studio\jbr\bin\vcruntime140_1.dll
0x00007ffd18b30000 - 0x00007ffd18bbd000 	C:\Program Files\Android\Android Studio\jbr\bin\msvcp140.dll
0x00007ffceeb40000 - 0x00007ffcef7ae000 	C:\Program Files\Android\Android Studio\jbr\bin\server\jvm.dll
0x00007ffd35b20000 - 0x00007ffd35bd2000 	C:\WINDOWS\System32\ADVAPI32.dll
0x00007ffd36410000 - 0x00007ffd364b9000 	C:\WINDOWS\System32\sechost.dll
0x00007ffd35540000 - 0x00007ffd35568000 	C:\WINDOWS\System32\bcrypt.dll
0x00007ffd35a00000 - 0x00007ffd35b14000 	C:\WINDOWS\System32\RPCRT4.dll
0x00007ffd159b0000 - 0x00007ffd159b9000 	C:\WINDOWS\SYSTEM32\WSOCK32.dll
0x00007ffd2de20000 - 0x00007ffd2de2a000 	C:\WINDOWS\SYSTEM32\VERSION.dll
0x00007ffd2ef40000 - 0x00007ffd2ef74000 	C:\WINDOWS\SYSTEM32\WINMM.dll
0x00007ffd37b30000 - 0x00007ffd37ba1000 	C:\WINDOWS\System32\WS2_32.dll
0x00007ffd33700000 - 0x00007ffd33718000 	C:\WINDOWS\SYSTEM32\kernel.appcore.dll
0x00007ffd2f130000 - 0x00007ffd2f13a000 	C:\Program Files\Android\Android Studio\jbr\bin\jimage.dll
0x00007ffd34860000 - 0x00007ffd34a92000 	C:\WINDOWS\SYSTEM32\DBGHELP.DLL
0x00007ffd37710000 - 0x00007ffd37a9d000 	C:\WINDOWS\System32\combase.dll
0x00007ffd364c0000 - 0x00007ffd36597000 	C:\WINDOWS\System32\OLEAUT32.dll
0x00007ffd34700000 - 0x00007ffd34732000 	C:\WINDOWS\SYSTEM32\dbgcore.DLL
0x00007ffd354c0000 - 0x00007ffd3553b000 	C:\WINDOWS\System32\bcryptPrimitives.dll
0x00007ffd2f060000 - 0x00007ffd2f085000 	C:\Program Files\Android\Android Studio\jbr\bin\java.dll
0x00007ffd2f110000 - 0x00007ffd2f128000 	C:\Program Files\Android\Android Studio\jbr\bin\zip.dll
0x00007ffd36ea0000 - 0x00007ffd37708000 	C:\WINDOWS\System32\SHELL32.dll
0x00007ffd323b0000 - 0x00007ffd32cae000 	C:\WINDOWS\SYSTEM32\windows.storage.dll
0x00007ffd32250000 - 0x00007ffd3238f000 	C:\WINDOWS\SYSTEM32\wintypes.dll
0x00007ffd36ca0000 - 0x00007ffd36d99000 	C:\WINDOWS\System32\SHCORE.dll
0x00007ffd36770000 - 0x00007ffd367ce000 	C:\WINDOWS\System32\shlwapi.dll
0x00007ffd34e40000 - 0x00007ffd34e61000 	C:\WINDOWS\SYSTEM32\profapi.dll
0x00007ffd2b9e0000 - 0x00007ffd2b9f9000 	C:\Program Files\Android\Android Studio\jbr\bin\net.dll
0x00007ffd2dba0000 - 0x00007ffd2dcd6000 	C:\WINDOWS\SYSTEM32\WINHTTP.dll
0x00007ffd33cb0000 - 0x00007ffd33d19000 	C:\WINDOWS\system32\mswsock.dll
0x00007ffd2a1c0000 - 0x00007ffd2a1d6000 	C:\Program Files\Android\Android Studio\jbr\bin\nio.dll
0x00007ffd2a1b0000 - 0x00007ffd2a1c0000 	C:\Program Files\Android\Android Studio\jbr\bin\verify.dll
0x00007ffd1ed50000 - 0x00007ffd1ed77000 	C:\Users\scher\.gradle\native\68d5fa5c4cc2d200863cafc0d521ce42e7d3e7ee720ec0a83991735586a16f82\windows-amd64\native-platform.dll
0x00007ffcf3d80000 - 0x00007ffcf3ec4000 	C:\Users\scher\.gradle\native\e376f236ea51e6404a007f0833ffe2c6e607c4080706a723a18a27aeea778392\windows-amd64\native-platform-file-events.dll
0x00007ffd27570000 - 0x00007ffd27579000 	C:\Program Files\Android\Android Studio\jbr\bin\management.dll
0x00007ffd27420000 - 0x00007ffd2742b000 	C:\Program Files\Android\Android Studio\jbr\bin\management_ext.dll
0x00007ffd359f0000 - 0x00007ffd359f8000 	C:\WINDOWS\System32\PSAPI.DLL
0x00007ffd34ba0000 - 0x00007ffd34bbb000 	C:\WINDOWS\SYSTEM32\CRYPTSP.dll
0x00007ffd33660000 - 0x00007ffd33695000 	C:\WINDOWS\system32\rsaenh.dll
0x00007ffd33f60000 - 0x00007ffd33f88000 	C:\WINDOWS\SYSTEM32\USERENV.dll
0x00007ffd33f90000 - 0x00007ffd33f9c000 	C:\WINDOWS\SYSTEM32\CRYPTBASE.dll
0x00007ffd330e0000 - 0x00007ffd3310d000 	C:\WINDOWS\SYSTEM32\IPHLPAPI.DLL
0x00007ffd365a0000 - 0x00007ffd365a9000 	C:\WINDOWS\System32\NSI.dll
0x00007ffd2ce10000 - 0x00007ffd2ce29000 	C:\WINDOWS\SYSTEM32\dhcpcsvc6.DLL
0x00007ffd2ca00000 - 0x00007ffd2ca1f000 	C:\WINDOWS\SYSTEM32\dhcpcsvc.DLL
0x00007ffd331d0000 - 0x00007ffd332c8000 	C:\WINDOWS\SYSTEM32\DNSAPI.dll
0x00007ffd27410000 - 0x00007ffd27418000 	C:\WINDOWS\system32\wshunix.dll

dbghelp: loaded successfully - version: 4.0.5 - missing functions: none
symbol engine: initialized successfully - sym options: 0x614 - pdb path: .;C:\Program Files\Android\Android Studio\jbr\bin;C:\WINDOWS\SYSTEM32;C:\WINDOWS\WinSxS\amd64_microsoft.windows.common-controls_6595b64144ccf1df_6.0.22621.3672_none_2713b9d173822955;C:\Program Files\Android\Android Studio\jbr\bin\server;C:\Users\scher\.gradle\native\68d5fa5c4cc2d200863cafc0d521ce42e7d3e7ee720ec0a83991735586a16f82\windows-amd64;C:\Users\scher\.gradle\native\e376f236ea51e6404a007f0833ffe2c6e607c4080706a723a18a27aeea778392\windows-amd64

VM Arguments:
jvm_args: --add-opens=java.base/java.util=ALL-UNNAMED --add-opens=java.base/java.lang=ALL-UNNAMED --add-opens=java.base/java.lang.invoke=ALL-UNNAMED --add-opens=java.prefs/java.util.prefs=ALL-UNNAMED --add-opens=java.base/java.nio.charset=ALL-UNNAMED --add-opens=java.base/java.net=ALL-UNNAMED --add-opens=java.base/java.util.concurrent.atomic=ALL-UNNAMED -Xmx2048m -Dfile.encoding=UTF-8 -Duser.country=BR -Duser.language=pt -Duser.variant 
java_command: org.gradle.launcher.daemon.bootstrap.GradleDaemon 8.0
java_class_path (initial): C:\Users\scher\.gradle\wrapper\dists\gradle-8.0-bin\ca5e32bp14vu59qr306oxotwh\gradle-8.0\lib\gradle-launcher-8.0.jar
Launcher Type: SUN_STANDARD

[Global flags]
     intx CICompilerCount                          = 4                                         {product} {ergonomic}
     uint ConcGCThreads                            = 2                                         {product} {ergonomic}
     uint G1ConcRefinementThreads                  = 8                                         {product} {ergonomic}
   size_t G1HeapRegionSize                         = 1048576                                   {product} {ergonomic}
    uintx GCDrainStackTargetSize                   = 64                                        {product} {ergonomic}
   size_t InitialHeapSize                          = 134217728                                 {product} {ergonomic}
   size_t MarkStackSize                            = 4194304                                   {product} {ergonomic}
   size_t MaxHeapSize                              = 2147483648                                {product} {command line}
   size_t MaxNewSize                               = 1287651328                                {product} {ergonomic}
   size_t MinHeapDeltaBytes                        = 1048576                                   {product} {ergonomic}
   size_t MinHeapSize                              = 8388608                                   {product} {ergonomic}
    uintx NonNMethodCodeHeapSize                   = 5839372                                {pd product} {ergonomic}
    uintx NonProfiledCodeHeapSize                  = 122909434                              {pd product} {ergonomic}
    uintx ProfiledCodeHeapSize                     = 122909434                              {pd product} {ergonomic}
    uintx ReservedCodeCacheSize                    = 251658240                              {pd product} {ergonomic}
     bool SegmentedCodeCache                       = true                                      {product} {ergonomic}
   size_t SoftMaxHeapSize                          = 2147483648                             {manageable} {ergonomic}
     bool UseCompressedClassPointers               = true                           {product lp64_product} {ergonomic}
     bool UseCompressedOops                        = true                           {product lp64_product} {ergonomic}
     bool UseG1GC                                  = true                                      {product} {ergonomic}
     bool UseLargePagesIndividualAllocation        = false                                  {pd product} {ergonomic}

Logging:
Log output configuration:
 #0: stdout all=warning uptime,level,tags
 #1: stderr all=off uptime,level,tags

Environment Variables:
PATH=C:\Program Files\Common Files\Oracle\Java\javapath;C:\Program Files (x86)\Embarcadero\Studio\22.0\bin;C:\Users\Public\Documents\Embarcadero\Studio\22.0\Bpl;C:\Program Files (x86)\Embarcadero\Studio\22.0\bin64;C:\Users\Public\Documents\Embarcadero\Studio\22.0\Bpl\Win64;C:\Program Files (x86)\Embarcadero\Studio\21.0\bin;C:\Users\Public\Documents\Embarcadero\Studio\21.0\Bpl;C:\Program Files (x86)\Embarcadero\Studio\21.0\bin64;C:\Users\Public\Documents\Embarcadero\Studio\21.0\Bpl\Win64;C:\Windows\system32;C:\Windows;C:\Windows\System32\Wbem;C:\Windows\System32\WindowsPowerShell\v1.0\;C:\Windows\System32\OpenSSH\;C:\Program Files (x86)\NVIDIA Corporation\PhysX\Common;C:\Program Files\NVIDIA Corporation\NVIDIA NvDLISR;C:\WINDOWS\system32;C:\WINDOWS;C:\WINDOWS\System32\Wbem;C:\WINDOWS\System32\WindowsPowerShell\v1.0\;C:\WINDOWS\System32\OpenSSH\;C:\Program Files\dotnet\;C:\Program Files (x86)\Windows Kits\10\Windows Performance Toolkit\;C:\Program Files\Git\cmd;C:\Users\scher\AppData\Local\Microsoft\WindowsApps;;C:\Users\scher\AppData\Local\Programs\Microsoft VS Code\bin
USERNAME=scher
OS=Windows_NT
PROCESSOR_IDENTIFIER=Intel64 Family 6 Model 142 Stepping 12, GenuineIntel
TMP=C:\Users\scher\AppData\Local\Temp
TEMP=C:\Users\scher\AppData\Local\Temp


JNI global refs:
JNI global refs: 25, weak refs: 1

JNI global refs memory usage: 843, weak refs: 841


---------------  S Y S T E M  ---------------

OS:
 Windows 11 , 64 bit Build 22621 (10.0.22621.3958)
OS uptime: 0 days 22:37 hours
Hyper-V role detected

CPU: total 8 (initial active 8) (4 cores per cpu, 2 threads per core) family 6 model 142 stepping 12 microcode 0xea, cx8, cmov, fxsr, ht, mmx, 3dnowpref, sse, sse2, sse3, ssse3, sse4.1, sse4.2, popcnt, lzcnt, tsc, tscinvbit, avx, avx2, aes, erms, clmul, bmi1, bmi2, adx, fma, vzeroupper, clflush, clflushopt, hv

Memory: 4k page, system-wide physical 8072M (795M free)
TotalPageFile size 10120M (AvailPageFile size 5M)
current process WorkingSet (physical memory assigned to process): 321M, peak: 322M
current process commit charge ("private bytes"): 358M, peak: 360M

vm_info: OpenJDK 64-Bit Server VM (17.0.6+0-b2043.56-10027231) for windows-amd64 JRE (17.0.6+0-b2043.56-10027231), built on Apr 28 2023 00:43:19 by "androidbuild" with MS VC++ 16.10 / 16.11 (VS2019)

END.
