#
# There is insufficient memory for the Java Runtime Environment to continue.
# Native memory allocation (mmap) failed to map 296747008 bytes for G1 virtual space
# Possible reasons:
#   The system is out of physical RAM or swap space
#   The process is running with CompressedOops enabled, and the Java Heap may be blocking the growth of the native heap
# Possible solutions:
#   Reduce memory load on the system
#   Increase physical memory or swap space
#   Check if swap backing store is full
#   Decrease Java heap size (-Xmx/-Xms)
#   Decrease number of Java threads
#   Decrease Java thread stack sizes (-Xss)
#   Set larger code cache with -XX:ReservedCodeCacheSize=
#   JVM is running with Unscaled Compressed Oops mode in which the Java heap is
#     placed in the first 4GB address space. The Java Heap base address is the
#     maximum limit for the native heap growth. Please use -XX:HeapBaseMinAddress
#     to set the Java Heap base and to place the Java Heap above 4GB virtual address.
# This output file may be truncated or incomplete.
#
#  Out of Memory Error (os_windows.cpp:3769), pid=2056, tid=12464
#
# JRE version: OpenJDK Runtime Environment (17.0.6) (build 17.0.6+0-b2043.56-10027231)
# Java VM: OpenJDK 64-Bit Server VM (17.0.6+0-b2043.56-10027231, mixed mode, tiered, compressed oops, compressed class ptrs, g1 gc, windows-amd64)
# No core dump will be written. Minidumps are not enabled by default on client versions of Windows
#

---------------  S U M M A R Y ------------

Command Line: --add-opens=java.base/java.util=ALL-UNNAMED --add-opens=java.base/java.lang=ALL-UNNAMED --add-opens=java.base/java.lang.invoke=ALL-UNNAMED --add-opens=java.prefs/java.util.prefs=ALL-UNNAMED --add-opens=java.base/java.nio.charset=ALL-UNNAMED --add-opens=java.base/java.net=ALL-UNNAMED --add-opens=java.base/java.util.concurrent.atomic=ALL-UNNAMED -Xmx2048m -Dfile.encoding=UTF-8 -Duser.country=BR -Duser.language=pt -Duser.variant -javaagent:C:\Users\scher\.gradle\wrapper\dists\gradle-8.1-bin\2eyty4r6kz6fpakefpk52nbbm\gradle-8.1\lib\agents\gradle-instrumentation-agent-8.1.jar org.gradle.launcher.daemon.bootstrap.GradleDaemon 8.1

Host: Intel(R) Core(TM) i7-8565U CPU @ 1.80GHz, 8 cores, 7G,  Windows 11 , 64 bit Build 22621 (10.0.22621.3958)
Time: Wed Dec  4 22:54:31 2024 Hora oficial do Brasil elapsed time: 14.761181 seconds (0d 0h 0m 14s)

---------------  T H R E A D  ---------------

Current thread (0x000002a3e0e94040):  VMThread "VM Thread" [stack: 0x000000e0e9600000,0x000000e0e9700000] [id=12464]

Stack: [0x000000e0e9600000,0x000000e0e9700000]
Native frames: (J=compiled Java code, j=interpreted, Vv=VM code, C=native code)
V  [jvm.dll+0x683c9a]
V  [jvm.dll+0x8427a4]
V  [jvm.dll+0x843f9e]
V  [jvm.dll+0x844603]
V  [jvm.dll+0x249b75]
V  [jvm.dll+0x680b69]
V  [jvm.dll+0x67505a]
V  [jvm.dll+0x309acb]
V  [jvm.dll+0x310f86]
V  [jvm.dll+0x3608ee]
V  [jvm.dll+0x360b1f]
V  [jvm.dll+0x2dfbf8]
V  [jvm.dll+0x2ddec4]
V  [jvm.dll+0x2dd4cc]
V  [jvm.dll+0x321f3b]
V  [jvm.dll+0x848ccb]
V  [jvm.dll+0x849a04]
V  [jvm.dll+0x849f1d]
V  [jvm.dll+0x84a2f4]
V  [jvm.dll+0x84a3c0]
V  [jvm.dll+0x7f274a]
V  [jvm.dll+0x682ad5]
C  [ucrtbase.dll+0x29333]
C  [KERNEL32.DLL+0x1257d]
C  [ntdll.dll+0x5af08]

VM_Operation (0x000000e0edbfa960): G1CollectForAllocation, mode: safepoint, requested by thread 0x000002a3e3d170a0


---------------  P R O C E S S  ---------------

Threads class SMR info:
_java_thread_list=0x000002a3e7d85c90, length=143, elements={
0x000002a3c5041450, 0x000002a3e1813020, 0x000002a3e1813e90, 0x000002a3e183f2c0,
0x000002a3e0eae770, 0x000002a3e1835300, 0x000002a3e1835bc0, 0x000002a3e1836dc0,
0x000002a3e1837860, 0x000002a3e183aa80, 0x000002a3e197be90, 0x000002a3e1b26040,
0x000002a3e316eaa0, 0x000002a3e4bcea20, 0x000002a3e4ede880, 0x000002a3e307a190,
0x000002a3e33356a0, 0x000002a3e4bbafa0, 0x000002a3e44b1cc0, 0x000002a3e30c9b90,
0x000002a3e30c8850, 0x000002a3e30c8d20, 0x000002a3e30c91f0, 0x000002a3e30c7040,
0x000002a3e30c96c0, 0x000002a3e30ca060, 0x000002a3e30ca530, 0x000002a3e30caa00,
0x000002a3e30c7510, 0x000002a3e30c79e0, 0x000002a3e30c7eb0, 0x000002a3e30c8380,
0x000002a3e6f84550, 0x000002a3e6f86700, 0x000002a3e6f836e0, 0x000002a3e6f87a40,
0x000002a3e6f86230, 0x000002a3e6f82870, 0x000002a3e6f888b0, 0x000002a3e6f853c0,
0x000002a3e6f84a20, 0x000002a3e6f81ed0, 0x000002a3e6f84ef0, 0x000002a3e6f85d60,
0x000002a3e6f883e0, 0x000002a3e6f86bd0, 0x000002a3e6f87f10, 0x000002a3e6f87570,
0x000002a3e6f81060, 0x000002a3e6f81530, 0x000002a3e6f823a0, 0x000002a3e2511250,
0x000002a3e6f83bb0, 0x000002a3e3d11530, 0x000002a3e3d15d60, 0x000002a3e3d11060,
0x000002a3e3d14a20, 0x000002a3e3d16bd0, 0x000002a3e3d17f10, 0x000002a3e3d170a0,
0x000002a3e3d183e0, 0x000002a3e3d188b0, 0x000002a3e3d14ef0, 0x000002a3e3d136e0,
0x000002a3e3d123a0, 0x000002a3e3d11ed0, 0x000002a3e3d12870, 0x000002a3e3d12d40,
0x000002a3e3d13210, 0x000002a3e3d13bb0, 0x000002a3e3d14080, 0x000002a3e92f5880,
0x000002a3e92f4a10, 0x000002a3e2821ee0, 0x000002a3e2821a10, 0x000002a3e28223b0,
0x000002a3e2822880, 0x000002a3e2821070, 0x000002a3e5a59a20, 0x000002a3e5a59080,
0x000002a3e5a59550, 0x000002a3eb855a60, 0x000002a3eb854720, 0x000002a3eb855f30,
0x000002a3eb852570, 0x000002a3eb852a40, 0x000002a3e299f480, 0x000002a3e29a02f0,
0x000002a3eb852f10, 0x000002a3eb854250, 0x000002a3eb855590, 0x000002a3eb8538b0,
0x000002a3eb854bf0, 0x000002a3e299fe20, 0x000002a3e29a07c0, 0x000002a3e299efb0,
0x000002a3eba37b30, 0x000002a3eba3ab50, 0x000002a3eba38000, 0x000002a3eba3a1b0,
0x000002a3eba3a680, 0x000002a3e93ba8d0, 0x000002a3e93ba400, 0x000002a3e93bada0,
0x000002a3e93b9590, 0x000002a3e93b9a60, 0x000002a3e93b9f30, 0x000002a3e90cea80,
0x000002a3e3d15890, 0x000002a3e3d16700, 0x000002a3e3d89c20, 0x000002a3e3d86260,
0x000002a3e3d89750, 0x000002a3e3d888e0, 0x000002a3e3d89280, 0x000002a3eb8533e0,
0x000002a3eb8550c0, 0x000002a3e90cef50, 0x000002a3eb853d80, 0x000002a3e99bfb70,
0x000002a3e99c09e0, 0x000002a3e99c1850, 0x000002a3e99bf6a0, 0x000002a3e99c1d20,
0x000002a3e99c3060, 0x000002a3e3d86730, 0x000002a3e3d870d0, 0x000002a3e3d86c00,
0x000002a3e3d87a70, 0x000002a3e3d875a0, 0x000002a3e3d88410, 0x000002a3e3d88db0,
0x000002a3ebd95580, 0x000002a3ebd985a0, 0x000002a3ebd94be0, 0x000002a3ebd950b0,
0x000002a3ebd968c0, 0x000002a3ebd95a50, 0x000002a3ebd96d90, 0x000002a3ec041b40,
0x000002a3ec0441c0, 0x000002a3ec042010, 0x000002a3ec0411a0
}

Java Threads: ( => current thread )
  0x000002a3c5041450 JavaThread "main" [_thread_blocked, id=5916, stack(0x000000e0e9000000,0x000000e0e9100000)]
  0x000002a3e1813020 JavaThread "Reference Handler" daemon [_thread_blocked, id=2440, stack(0x000000e0e9700000,0x000000e0e9800000)]
  0x000002a3e1813e90 JavaThread "Finalizer" daemon [_thread_blocked, id=9760, stack(0x000000e0e9800000,0x000000e0e9900000)]
  0x000002a3e183f2c0 JavaThread "Signal Dispatcher" daemon [_thread_blocked, id=9676, stack(0x000000e0e9900000,0x000000e0e9a00000)]
  0x000002a3e0eae770 JavaThread "Attach Listener" daemon [_thread_blocked, id=8540, stack(0x000000e0e9a00000,0x000000e0e9b00000)]
  0x000002a3e1835300 JavaThread "Service Thread" daemon [_thread_blocked, id=14188, stack(0x000000e0e9b00000,0x000000e0e9c00000)]
  0x000002a3e1835bc0 JavaThread "Monitor Deflation Thread" daemon [_thread_blocked, id=16376, stack(0x000000e0e9c00000,0x000000e0e9d00000)]
  0x000002a3e1836dc0 JavaThread "C2 CompilerThread0" daemon [_thread_blocked, id=576, stack(0x000000e0e9d00000,0x000000e0e9e00000)]
  0x000002a3e1837860 JavaThread "C1 CompilerThread0" daemon [_thread_blocked, id=9340, stack(0x000000e0e9e00000,0x000000e0e9f00000)]
  0x000002a3e183aa80 JavaThread "Sweeper thread" daemon [_thread_blocked, id=10364, stack(0x000000e0e9f00000,0x000000e0ea000000)]
  0x000002a3e197be90 JavaThread "Common-Cleaner" daemon [_thread_blocked, id=9492, stack(0x000000e0ea000000,0x000000e0ea100000)]
  0x000002a3e1b26040 JavaThread "Notification Thread" daemon [_thread_blocked, id=10552, stack(0x000000e0ea100000,0x000000e0ea200000)]
  0x000002a3e316eaa0 JavaThread "Daemon health stats" [_thread_blocked, id=3572, stack(0x000000e0ea800000,0x000000e0ea900000)]
  0x000002a3e4bcea20 JavaThread "Incoming local TCP Connector on port 55719" [_thread_in_native, id=3436, stack(0x000000e0ea900000,0x000000e0eaa00000)]
  0x000002a3e4ede880 JavaThread "Daemon periodic checks" [_thread_blocked, id=15160, stack(0x000000e0eaa00000,0x000000e0eab00000)]
  0x000002a3e307a190 JavaThread "Daemon" [_thread_blocked, id=9312, stack(0x000000e0eab00000,0x000000e0eac00000)]
  0x000002a3e33356a0 JavaThread "Handler for socket connection from /127.0.0.1:55719 to /127.0.0.1:55720" [_thread_in_native, id=2576, stack(0x000000e0eac00000,0x000000e0ead00000)]
  0x000002a3e4bbafa0 JavaThread "Cancel handler" [_thread_blocked, id=8768, stack(0x000000e0ead00000,0x000000e0eae00000)]
  0x000002a3e44b1cc0 JavaThread "Daemon worker" [_thread_blocked, id=13456, stack(0x000000e0eae00000,0x000000e0eaf00000)]
  0x000002a3e30c9b90 JavaThread "Asynchronous log dispatcher for DefaultDaemonConnection: socket connection from /127.0.0.1:55719 to /127.0.0.1:55720" [_thread_blocked, id=16308, stack(0x000000e0eaf00000,0x000000e0eb000000)]
  0x000002a3e30c8850 JavaThread "Stdin handler" [_thread_blocked, id=4648, stack(0x000000e0eb000000,0x000000e0eb100000)]
  0x000002a3e30c8d20 JavaThread "Daemon client event forwarder" [_thread_blocked, id=7768, stack(0x000000e0eb100000,0x000000e0eb200000)]
  0x000002a3e30c91f0 JavaThread "Cache worker for journal cache (C:\Users\scher\.gradle\caches\journal-1)" [_thread_blocked, id=12100, stack(0x000000e0eb600000,0x000000e0eb700000)]
  0x000002a3e30c7040 JavaThread "File lock request listener" [_thread_in_native, id=16808, stack(0x000000e0eb700000,0x000000e0eb800000)]
  0x000002a3e30c96c0 JavaThread "Cache worker for file hash cache (C:\Users\scher\.gradle\caches\8.1\fileHashes)" [_thread_blocked, id=16432, stack(0x000000e0eb800000,0x000000e0eb900000)]
  0x000002a3e30ca060 JavaThread "File watcher server" daemon [_thread_blocked, id=15708, stack(0x000000e0eb900000,0x000000e0eba00000)]
  0x000002a3e30ca530 JavaThread "File watcher consumer" daemon [_thread_blocked, id=16728, stack(0x000000e0eba00000,0x000000e0ebb00000)]
  0x000002a3e30caa00 JavaThread "Cache worker for checksums cache (C:\Users\scher\Documents\PROJETOS ANDROID\NOVO\RECICLAAI\.gradle\8.1\checksums)" [_thread_blocked, id=16908, stack(0x000000e0ebb00000,0x000000e0ebc00000)]
  0x000002a3e30c7510 JavaThread "Cache worker for cache directory md-rule (C:\Users\scher\.gradle\caches\8.1\md-rule)" [_thread_blocked, id=6632, stack(0x000000e0ebc00000,0x000000e0ebd00000)]
  0x000002a3e30c79e0 JavaThread "Cache worker for file content cache (C:\Users\scher\.gradle\caches\8.1\fileContent)" [_thread_blocked, id=13752, stack(0x000000e0ebd00000,0x000000e0ebe00000)]
  0x000002a3e30c7eb0 JavaThread "Cache worker for file hash cache (C:\Users\scher\Documents\PROJETOS ANDROID\NOVO\RECICLAAI\.gradle\8.1\fileHashes)" [_thread_blocked, id=17324, stack(0x000000e0ebe00000,0x000000e0ebf00000)]
  0x000002a3e30c8380 JavaThread "Cache worker for cache directory md-supplier (C:\Users\scher\.gradle\caches\8.1\md-supplier)" [_thread_blocked, id=11948, stack(0x000000e0ebf00000,0x000000e0ec000000)]
  0x000002a3e6f84550 JavaThread "Cache worker for execution history cache (C:\Users\scher\.gradle\caches\8.1\executionHistory)" [_thread_blocked, id=7140, stack(0x000000e0ec000000,0x000000e0ec100000)]
  0x000002a3e6f86700 JavaThread "jar transforms" [_thread_blocked, id=15620, stack(0x000000e0ec100000,0x000000e0ec200000)]
  0x000002a3e6f836e0 JavaThread "jar transforms Thread 2" [_thread_blocked, id=11448, stack(0x000000e0ec300000,0x000000e0ec400000)]
  0x000002a3e6f87a40 JavaThread "jar transforms Thread 3" [_thread_blocked, id=5616, stack(0x000000e0ec400000,0x000000e0ec500000)]
  0x000002a3e6f86230 JavaThread "jar transforms Thread 4" [_thread_blocked, id=5924, stack(0x000000e0ec500000,0x000000e0ec600000)]
  0x000002a3e6f82870 JavaThread "Cache worker for dependencies-accessors (C:\Users\scher\Documents\PROJETOS ANDROID\NOVO\RECICLAAI\.gradle\8.1\dependencies-accessors)" [_thread_blocked, id=6996, stack(0x000000e0ec600000,0x000000e0ec700000)]
  0x000002a3e6f888b0 JavaThread "jar transforms Thread 5" [_thread_blocked, id=9944, stack(0x000000e0ec700000,0x000000e0ec800000)]
  0x000002a3e6f853c0 JavaThread "Cache worker for Build Output Cleanup Cache (C:\Users\scher\Documents\PROJETOS ANDROID\NOVO\RECICLAAI\.gradle\buildOutputCleanup)" [_thread_blocked, id=11228, stack(0x000000e0ec800000,0x000000e0ec900000)]
  0x000002a3e6f84a20 JavaThread "Unconstrained build operations" [_thread_blocked, id=8096, stack(0x000000e0ec900000,0x000000e0eca00000)]
  0x000002a3e6f81ed0 JavaThread "Unconstrained build operations Thread 2" [_thread_blocked, id=9464, stack(0x000000e0eca00000,0x000000e0ecb00000)]
  0x000002a3e6f84ef0 JavaThread "Unconstrained build operations Thread 3" [_thread_blocked, id=9792, stack(0x000000e0ecb00000,0x000000e0ecc00000)]
  0x000002a3e6f85d60 JavaThread "Unconstrained build operations Thread 4" [_thread_blocked, id=9788, stack(0x000000e0ecc00000,0x000000e0ecd00000)]
  0x000002a3e6f883e0 JavaThread "Unconstrained build operations Thread 5" [_thread_blocked, id=17004, stack(0x000000e0ecd00000,0x000000e0ece00000)]
  0x000002a3e6f86bd0 JavaThread "Unconstrained build operations Thread 6" [_thread_blocked, id=11988, stack(0x000000e0ece00000,0x000000e0ecf00000)]
  0x000002a3e6f87f10 JavaThread "Unconstrained build operations Thread 7" [_thread_blocked, id=4980, stack(0x000000e0ecf00000,0x000000e0ed000000)]
  0x000002a3e6f87570 JavaThread "jar transforms Thread 6" [_thread_blocked, id=15240, stack(0x000000e0ed000000,0x000000e0ed100000)]
  0x000002a3e6f81060 JavaThread "jar transforms Thread 7" [_thread_blocked, id=9096, stack(0x000000e0ed100000,0x000000e0ed200000)]
  0x000002a3e6f81530 JavaThread "jar transforms Thread 8" [_thread_blocked, id=14468, stack(0x000000e0ed200000,0x000000e0ed300000)]
  0x000002a3e6f823a0 JavaThread "build event listener" [_thread_blocked, id=9108, stack(0x000000e0ea300000,0x000000e0ea400000)]
  0x000002a3e2511250 JavaThread "C2 CompilerThread1" daemon [_thread_blocked, id=14044, stack(0x000000e0ed300000,0x000000e0ed400000)]
  0x000002a3e6f83bb0 JavaThread "Memory manager" [_thread_blocked, id=2996, stack(0x000000e0ed400000,0x000000e0ed500000)]
  0x000002a3e3d11530 JavaThread "included builds" [_thread_blocked, id=9092, stack(0x000000e0ed500000,0x000000e0ed600000)]
  0x000002a3e3d15d60 JavaThread "Execution worker" [_thread_blocked, id=4092, stack(0x000000e0ed600000,0x000000e0ed700000)]
  0x000002a3e3d11060 JavaThread "Execution worker Thread 2" [_thread_blocked, id=5448, stack(0x000000e0ed700000,0x000000e0ed800000)]
  0x000002a3e3d14a20 JavaThread "Execution worker Thread 3" [_thread_blocked, id=12676, stack(0x000000e0ed800000,0x000000e0ed900000)]
  0x000002a3e3d16bd0 JavaThread "Execution worker Thread 4" [_thread_blocked, id=16052, stack(0x000000e0ed900000,0x000000e0eda00000)]
  0x000002a3e3d17f10 JavaThread "Execution worker Thread 5" [_thread_blocked, id=9528, stack(0x000000e0eda00000,0x000000e0edb00000)]
  0x000002a3e3d170a0 JavaThread "Execution worker Thread 6" [_thread_blocked, id=12832, stack(0x000000e0edb00000,0x000000e0edc00000)]
  0x000002a3e3d183e0 JavaThread "Execution worker Thread 7" [_thread_blocked, id=6452, stack(0x000000e0edc00000,0x000000e0edd00000)]
  0x000002a3e3d188b0 JavaThread "Cache worker for execution history cache (C:\Users\scher\Documents\PROJETOS ANDROID\NOVO\RECICLAAI\.gradle\8.1\executionHistory)" [_thread_blocked, id=11172, stack(0x000000e0edd00000,0x000000e0ede00000)]
  0x000002a3e3d14ef0 JavaThread "Unconstrained build operations Thread 8" [_thread_blocked, id=15112, stack(0x000000e0ede00000,0x000000e0edf00000)]
  0x000002a3e3d136e0 JavaThread "Unconstrained build operations Thread 9" [_thread_blocked, id=9276, stack(0x000000e0edf00000,0x000000e0ee000000)]
  0x000002a3e3d123a0 JavaThread "Unconstrained build operations Thread 10" [_thread_blocked, id=14852, stack(0x000000e0ee000000,0x000000e0ee100000)]
  0x000002a3e3d11ed0 JavaThread "Unconstrained build operations Thread 11" [_thread_blocked, id=16184, stack(0x000000e0ee100000,0x000000e0ee200000)]
  0x000002a3e3d12870 JavaThread "Unconstrained build operations Thread 12" [_thread_blocked, id=8972, stack(0x000000e0ee200000,0x000000e0ee300000)]
  0x000002a3e3d12d40 JavaThread "Unconstrained build operations Thread 13" [_thread_blocked, id=6464, stack(0x000000e0ee300000,0x000000e0ee400000)]
  0x000002a3e3d13210 JavaThread "Unconstrained build operations Thread 14" [_thread_blocked, id=15572, stack(0x000000e0ee400000,0x000000e0ee500000)]
  0x000002a3e3d13bb0 JavaThread "Unconstrained build operations Thread 15" [_thread_blocked, id=14052, stack(0x000000e0ee500000,0x000000e0ee600000)]
  0x000002a3e3d14080 JavaThread "Unconstrained build operations Thread 16" [_thread_blocked, id=11716, stack(0x000000e0ee600000,0x000000e0ee700000)]
  0x000002a3e92f5880 JavaThread "Unconstrained build operations Thread 17" [_thread_blocked, id=14156, stack(0x000000e0ee900000,0x000000e0eea00000)]
  0x000002a3e92f4a10 JavaThread "Unconstrained build operations Thread 18" [_thread_blocked, id=16144, stack(0x000000e0eea00000,0x000000e0eeb00000)]
  0x000002a3e2821ee0 JavaThread "Unconstrained build operations Thread 19" [_thread_blocked, id=6312, stack(0x000000e0eeb00000,0x000000e0eec00000)]
  0x000002a3e2821a10 JavaThread "Unconstrained build operations Thread 20" [_thread_blocked, id=8172, stack(0x000000e0eec00000,0x000000e0eed00000)]
  0x000002a3e28223b0 JavaThread "Unconstrained build operations Thread 21" [_thread_blocked, id=2720, stack(0x000000e0eed00000,0x000000e0eee00000)]
  0x000002a3e2822880 JavaThread "Unconstrained build operations Thread 22" [_thread_blocked, id=3656, stack(0x000000e0eee00000,0x000000e0eef00000)]
  0x000002a3e2821070 JavaThread "Unconstrained build operations Thread 23" [_thread_blocked, id=6136, stack(0x000000e0eef00000,0x000000e0ef000000)]
  0x000002a3e5a59a20 JavaThread "Unconstrained build operations Thread 24" [_thread_blocked, id=8656, stack(0x000000e0ef000000,0x000000e0ef100000)]
  0x000002a3e5a59080 JavaThread "Unconstrained build operations Thread 25" [_thread_blocked, id=8812, stack(0x000000e0ef100000,0x000000e0ef200000)]
  0x000002a3e5a59550 JavaThread "Unconstrained build operations Thread 26" [_thread_blocked, id=7240, stack(0x000000e0ef200000,0x000000e0ef300000)]
  0x000002a3eb855a60 JavaThread "Unconstrained build operations Thread 27" [_thread_blocked, id=12956, stack(0x000000e0ef300000,0x000000e0ef400000)]
  0x000002a3eb854720 JavaThread "Unconstrained build operations Thread 28" [_thread_blocked, id=7344, stack(0x000000e0ef400000,0x000000e0ef500000)]
  0x000002a3eb855f30 JavaThread "Unconstrained build operations Thread 29" [_thread_blocked, id=1912, stack(0x000000e0ef500000,0x000000e0ef600000)]
  0x000002a3eb852570 JavaThread "Unconstrained build operations Thread 30" [_thread_blocked, id=11308, stack(0x000000e0ef600000,0x000000e0ef700000)]
  0x000002a3eb852a40 JavaThread "Unconstrained build operations Thread 31" [_thread_blocked, id=12112, stack(0x000000e0ef700000,0x000000e0ef800000)]
  0x000002a3e299f480 JavaThread "Unconstrained build operations Thread 32" [_thread_blocked, id=15356, stack(0x000000e0ef800000,0x000000e0ef900000)]
  0x000002a3e29a02f0 JavaThread "Unconstrained build operations Thread 33" [_thread_blocked, id=12724, stack(0x000000e0ef900000,0x000000e0efa00000)]
  0x000002a3eb852f10 JavaThread "Unconstrained build operations Thread 34" [_thread_blocked, id=7536, stack(0x000000e0efa00000,0x000000e0efb00000)]
  0x000002a3eb854250 JavaThread "Unconstrained build operations Thread 35" [_thread_blocked, id=17228, stack(0x000000e0efb00000,0x000000e0efc00000)]
  0x000002a3eb855590 JavaThread "Unconstrained build operations Thread 36" [_thread_blocked, id=12752, stack(0x000000e0efc00000,0x000000e0efd00000)]
  0x000002a3eb8538b0 JavaThread "Unconstrained build operations Thread 37" [_thread_blocked, id=14432, stack(0x000000e0efd00000,0x000000e0efe00000)]
  0x000002a3eb854bf0 JavaThread "Unconstrained build operations Thread 38" [_thread_blocked, id=4704, stack(0x000000e0efe00000,0x000000e0eff00000)]
  0x000002a3e299fe20 JavaThread "Unconstrained build operations Thread 39" [_thread_blocked, id=14872, stack(0x000000e0eff00000,0x000000e0f0000000)]
  0x000002a3e29a07c0 JavaThread "Unconstrained build operations Thread 40" [_thread_blocked, id=13592, stack(0x000000e0f0000000,0x000000e0f0100000)]
  0x000002a3e299efb0 JavaThread "Unconstrained build operations Thread 41" [_thread_blocked, id=7184, stack(0x000000e0f0100000,0x000000e0f0200000)]
  0x000002a3eba37b30 JavaThread "Unconstrained build operations Thread 42" [_thread_blocked, id=8920, stack(0x000000e0f0200000,0x000000e0f0300000)]
  0x000002a3eba3ab50 JavaThread "Unconstrained build operations Thread 43" [_thread_blocked, id=14828, stack(0x000000e0f0300000,0x000000e0f0400000)]
  0x000002a3eba38000 JavaThread "Unconstrained build operations Thread 44" [_thread_blocked, id=4168, stack(0x000000e0f0400000,0x000000e0f0500000)]
  0x000002a3eba3a1b0 JavaThread "Unconstrained build operations Thread 45" [_thread_blocked, id=16644, stack(0x000000e0f0500000,0x000000e0f0600000)]
  0x000002a3eba3a680 JavaThread "Unconstrained build operations Thread 46" [_thread_blocked, id=2084, stack(0x000000e0f0600000,0x000000e0f0700000)]
  0x000002a3e93ba8d0 JavaThread "Unconstrained build operations Thread 47" [_thread_blocked, id=4016, stack(0x000000e0f0700000,0x000000e0f0800000)]
  0x000002a3e93ba400 JavaThread "Unconstrained build operations Thread 48" [_thread_blocked, id=5260, stack(0x000000e0f0800000,0x000000e0f0900000)]
  0x000002a3e93bada0 JavaThread "Unconstrained build operations Thread 49" [_thread_blocked, id=7592, stack(0x000000e0f0900000,0x000000e0f0a00000)]
  0x000002a3e93b9590 JavaThread "Unconstrained build operations Thread 50" [_thread_blocked, id=11796, stack(0x000000e0f0a00000,0x000000e0f0b00000)]
  0x000002a3e93b9a60 JavaThread "Unconstrained build operations Thread 51" [_thread_blocked, id=9540, stack(0x000000e0f0b00000,0x000000e0f0c00000)]
  0x000002a3e93b9f30 JavaThread "Unconstrained build operations Thread 52" [_thread_blocked, id=15524, stack(0x000000e0f0c00000,0x000000e0f0d00000)]
  0x000002a3e90cea80 JavaThread "Unconstrained build operations Thread 53" [_thread_blocked, id=10132, stack(0x000000e0f0d00000,0x000000e0f0e00000)]
  0x000002a3e3d15890 JavaThread "Unconstrained build operations Thread 54" [_thread_blocked, id=6608, stack(0x000000e0f0e00000,0x000000e0f0f00000)]
  0x000002a3e3d16700 JavaThread "Unconstrained build operations Thread 55" [_thread_blocked, id=2308, stack(0x000000e0f0f00000,0x000000e0f1000000)]
  0x000002a3e3d89c20 JavaThread "Unconstrained build operations Thread 56" [_thread_blocked, id=14344, stack(0x000000e0f1000000,0x000000e0f1100000)]
  0x000002a3e3d86260 JavaThread "Unconstrained build operations Thread 57" [_thread_blocked, id=852, stack(0x000000e0f1100000,0x000000e0f1200000)]
  0x000002a3e3d89750 JavaThread "Unconstrained build operations Thread 58" [_thread_blocked, id=16456, stack(0x000000e0f1200000,0x000000e0f1300000)]
  0x000002a3e3d888e0 JavaThread "Unconstrained build operations Thread 59" [_thread_blocked, id=16104, stack(0x000000e0f1300000,0x000000e0f1400000)]
  0x000002a3e3d89280 JavaThread "Unconstrained build operations Thread 60" [_thread_blocked, id=9852, stack(0x000000e0f1400000,0x000000e0f1500000)]
  0x000002a3eb8533e0 JavaThread "Unconstrained build operations Thread 61" [_thread_blocked, id=15840, stack(0x000000e0f1500000,0x000000e0f1600000)]
  0x000002a3eb8550c0 JavaThread "Unconstrained build operations Thread 62" [_thread_blocked, id=6228, stack(0x000000e0f1600000,0x000000e0f1700000)]
  0x000002a3e90cef50 JavaThread "Cache worker for Java compile cache (C:\Users\scher\.gradle\caches\8.1\javaCompile)" [_thread_blocked, id=16068, stack(0x000000e0f1700000,0x000000e0f1800000)]
  0x000002a3eb853d80 JavaThread "Build operations" [_thread_blocked, id=3564, stack(0x000000e0f1800000,0x000000e0f1900000)]
  0x000002a3e99bfb70 JavaThread "Build operations Thread 2" [_thread_blocked, id=12972, stack(0x000000e0f1900000,0x000000e0f1a00000)]
  0x000002a3e99c09e0 JavaThread "Build operations Thread 3" [_thread_blocked, id=17224, stack(0x000000e0f1a00000,0x000000e0f1b00000)]
  0x000002a3e99c1850 JavaThread "Build operations Thread 4" [_thread_blocked, id=16060, stack(0x000000e0f1b00000,0x000000e0f1c00000)]
  0x000002a3e99bf6a0 JavaThread "Build operations Thread 5" [_thread_blocked, id=7144, stack(0x000000e0f1c00000,0x000000e0f1d00000)]
  0x000002a3e99c1d20 JavaThread "Build operations Thread 6" [_thread_blocked, id=9136, stack(0x000000e0f1d00000,0x000000e0f1e00000)]
  0x000002a3e99c3060 JavaThread "Build operations Thread 7" [_thread_blocked, id=17308, stack(0x000000e0f1e00000,0x000000e0f1f00000)]
  0x000002a3e3d86730 JavaThread "Unconstrained build operations Thread 63" [_thread_blocked, id=12512, stack(0x000000e0f1f00000,0x000000e0f2000000)]
  0x000002a3e3d870d0 JavaThread "Unconstrained build operations Thread 64" [_thread_blocked, id=6844, stack(0x000000e0f2000000,0x000000e0f2100000)]
  0x000002a3e3d86c00 JavaThread "Unconstrained build operations Thread 65" [_thread_blocked, id=16508, stack(0x000000e0f2100000,0x000000e0f2200000)]
  0x000002a3e3d87a70 JavaThread "Unconstrained build operations Thread 66" [_thread_blocked, id=9820, stack(0x000000e0f2200000,0x000000e0f2300000)]
  0x000002a3e3d875a0 JavaThread "Unconstrained build operations Thread 67" [_thread_blocked, id=13552, stack(0x000000e0f2300000,0x000000e0f2400000)]
  0x000002a3e3d88410 JavaThread "Unconstrained build operations Thread 68" [_thread_blocked, id=11408, stack(0x000000e0f2400000,0x000000e0f2500000)]
  0x000002a3e3d88db0 JavaThread "Unconstrained build operations Thread 69" [_thread_blocked, id=15876, stack(0x000000e0f2500000,0x000000e0f2600000)]
  0x000002a3ebd95580 JavaThread "Unconstrained build operations Thread 70" [_thread_blocked, id=5164, stack(0x000000e0f2600000,0x000000e0f2700000)]
  0x000002a3ebd985a0 JavaThread "Unconstrained build operations Thread 71" [_thread_blocked, id=17072, stack(0x000000e0f2700000,0x000000e0f2800000)]
  0x000002a3ebd94be0 JavaThread "Unconstrained build operations Thread 72" [_thread_blocked, id=7804, stack(0x000000e0f2800000,0x000000e0f2900000)]
  0x000002a3ebd950b0 JavaThread "Unconstrained build operations Thread 73" [_thread_blocked, id=15632, stack(0x000000e0f2900000,0x000000e0f2a00000)]
  0x000002a3ebd968c0 JavaThread "Unconstrained build operations Thread 74" [_thread_blocked, id=13372, stack(0x000000e0f2a00000,0x000000e0f2b00000)]
  0x000002a3ebd95a50 JavaThread "Unconstrained build operations Thread 75" [_thread_blocked, id=12788, stack(0x000000e0f2b00000,0x000000e0f2c00000)]
  0x000002a3ebd96d90 JavaThread "Unconstrained build operations Thread 76" [_thread_blocked, id=16424, stack(0x000000e0f2c00000,0x000000e0f2d00000)]
  0x000002a3ec041b40 JavaThread "Unconstrained build operations Thread 77" [_thread_blocked, id=16484, stack(0x000000e0f2d00000,0x000000e0f2e00000)]
  0x000002a3ec0441c0 JavaThread "Unconstrained build operations Thread 78" [_thread_blocked, id=10320, stack(0x000000e0f2e00000,0x000000e0f2f00000)]
  0x000002a3ec042010 JavaThread "Unconstrained build operations Thread 79" [_thread_blocked, id=8840, stack(0x000000e0f2f00000,0x000000e0f3000000)]
  0x000002a3ec0411a0 JavaThread "Unconstrained build operations Thread 80" [_thread_blocked, id=13772, stack(0x000000e0f3000000,0x000000e0f3100000)]

Other Threads:
=>0x000002a3e0e94040 VMThread "VM Thread" [stack: 0x000000e0e9600000,0x000000e0e9700000] [id=12464]
  0x000002a3c50ca380 WatcherThread [stack: 0x000000e0ea200000,0x000000e0ea300000] [id=6712]
  0x000002a3c509bdf0 GCTaskThread "GC Thread#0" [stack: 0x000000e0e9100000,0x000000e0e9200000] [id=9084]
  0x000002a3e277b500 GCTaskThread "GC Thread#1" [stack: 0x000000e0ea400000,0x000000e0ea500000] [id=5476]
  0x000002a3e2823870 GCTaskThread "GC Thread#2" [stack: 0x000000e0ea500000,0x000000e0ea600000] [id=15228]
  0x000002a3e2699260 GCTaskThread "GC Thread#3" [stack: 0x000000e0ea600000,0x000000e0ea700000] [id=10704]
  0x000002a3e2c51550 GCTaskThread "GC Thread#4" [stack: 0x000000e0ea700000,0x000000e0ea800000] [id=16868]
  0x000002a3e33343c0 GCTaskThread "GC Thread#5" [stack: 0x000000e0eb200000,0x000000e0eb300000] [id=3732]
  0x000002a3e4af6270 GCTaskThread "GC Thread#6" [stack: 0x000000e0eb300000,0x000000e0eb400000] [id=13696]
  0x000002a3e42d07b0 GCTaskThread "GC Thread#7" [stack: 0x000000e0eb400000,0x000000e0eb500000] [id=6668]
  0x000002a3c50acd30 ConcurrentGCThread "G1 Main Marker" [stack: 0x000000e0e9200000,0x000000e0e9300000] [id=14328]
  0x000002a3c50ad740 ConcurrentGCThread "G1 Conc#0" [stack: 0x000000e0e9300000,0x000000e0e9400000] [id=11924]
  0x000002a3e2cd54e0 ConcurrentGCThread "G1 Conc#1" [stack: 0x000000e0eb500000,0x000000e0eb600000] [id=14640]
  0x000002a3e0cf44e0 ConcurrentGCThread "G1 Refine#0" [stack: 0x000000e0e9400000,0x000000e0e9500000] [id=836]
  0x000002a3e47601d0 ConcurrentGCThread "G1 Refine#1" [stack: 0x000000e0ec200000,0x000000e0ec300000] [id=16652]
  0x000002a3e75a9010 ConcurrentGCThread "G1 Refine#2" [stack: 0x000000e0ee700000,0x000000e0ee800000] [id=9112]
  0x000002a3e75a98b0 ConcurrentGCThread "G1 Refine#3" [stack: 0x000000e0ee800000,0x000000e0ee900000] [id=11892]
  0x000002a3c50f8680 ConcurrentGCThread "G1 Service" [stack: 0x000000e0e9500000,0x000000e0e9600000] [id=15380]

Threads with active compile tasks:
C2 CompilerThread0    14783 12937       4       java.util.TimSort::sort (229 bytes)
C2 CompilerThread1    14783 12832       4       org.gradle.api.internal.tasks.compile.incremental.serialization.HierarchicalNameSerializer::writeName (88 bytes)

VM state: at safepoint (normal execution)

VM Mutex/Monitor currently owned by a thread:  ([mutex/lock_event])
[0x000002a3c503cdd0] Threads_lock - owner thread: 0x000002a3e0e94040
[0x000002a3c503c830] Heap_lock - owner thread: 0x000002a3e3d170a0

Heap address: 0x0000000080000000, size: 2048 MB, Compressed Oops mode: 32-bit

CDS archive(s) not mapped
Compressed class space mapped at: 0x0000000100000000-0x0000000140000000, reserved size: 1073741824
Narrow klass base: 0x0000000000000000, Narrow klass shift: 3, Narrow klass range: 0x140000000

GC Precious Log:
 CPUs: 8 total, 8 available
 Memory: 8072M
 Large Page Support: Disabled
 NUMA Support: Disabled
 Compressed Oops: Enabled (32-bit)
 Heap Region Size: 1M
 Heap Min Capacity: 8M
 Heap Initial Capacity: 128M
 Heap Max Capacity: 2G
 Pre-touch: Disabled
 Parallel Workers: 8
 Concurrent Workers: 2
 Concurrent Refinement Workers: 8
 Periodic GC: Disabled

Heap:
 garbage-first heap   total 214016K, used 112915K [0x0000000080000000, 0x0000000100000000)
  region size 1024K, 4 young (4096K), 4 survivors (4096K)
 Metaspace       used 99437K, committed 100160K, reserved 1138688K
  class space    used 13557K, committed 13952K, reserved 1048576K

Heap Regions: E=young(eden), S=young(survivor), O=old, HS=humongous(starts), HC=humongous(continues), CS=collection set, F=free, OA=open archive, CA=closed archive, TAMS=top-at-mark-start (previous, next)
|   0|0x0000000080000000, 0x0000000080100000, 0x0000000080100000|100%|HS|  |TAMS 0x0000000080100000, 0x0000000080100000| Complete 
|   1|0x0000000080100000, 0x0000000080200000, 0x0000000080200000|100%|HC|  |TAMS 0x0000000080200000, 0x0000000080200000| Complete 
|   2|0x0000000080200000, 0x0000000080300000, 0x0000000080300000|100%|HC|  |TAMS 0x0000000080300000, 0x0000000080300000| Complete 
|   3|0x0000000080300000, 0x0000000080400000, 0x0000000080400000|100%|HC|  |TAMS 0x0000000080400000, 0x0000000080400000| Complete 
|   4|0x0000000080400000, 0x0000000080500000, 0x0000000080500000|100%| O|  |TAMS 0x0000000080500000, 0x0000000080500000| Untracked 
|   5|0x0000000080500000, 0x0000000080500000, 0x0000000080600000|  0%| F|  |TAMS 0x0000000080500000, 0x0000000080500000| Untracked 
|   6|0x0000000080600000, 0x0000000080700000, 0x0000000080700000|100%| O|  |TAMS 0x0000000080700000, 0x0000000080700000| Untracked 
|   7|0x0000000080700000, 0x0000000080800000, 0x0000000080800000|100%| O|  |TAMS 0x0000000080800000, 0x0000000080800000| Untracked 
|   8|0x0000000080800000, 0x0000000080900000, 0x0000000080900000|100%| O|  |TAMS 0x0000000080900000, 0x0000000080900000| Untracked 
|   9|0x0000000080900000, 0x0000000080a00000, 0x0000000080a00000|100%| O|  |TAMS 0x0000000080a00000, 0x0000000080a00000| Untracked 
|  10|0x0000000080a00000, 0x0000000080b00000, 0x0000000080b00000|100%| O|  |TAMS 0x0000000080b00000, 0x0000000080b00000| Untracked 
|  11|0x0000000080b00000, 0x0000000080c00000, 0x0000000080c00000|100%| O|  |TAMS 0x0000000080c00000, 0x0000000080c00000| Untracked 
|  12|0x0000000080c00000, 0x0000000080d00000, 0x0000000080d00000|100%| O|  |TAMS 0x0000000080d00000, 0x0000000080d00000| Untracked 
|  13|0x0000000080d00000, 0x0000000080e00000, 0x0000000080e00000|100%| O|  |TAMS 0x0000000080e00000, 0x0000000080e00000| Untracked 
|  14|0x0000000080e00000, 0x0000000080f00000, 0x0000000080f00000|100%| O|  |TAMS 0x0000000080f00000, 0x0000000080f00000| Untracked 
|  15|0x0000000080f00000, 0x0000000081000000, 0x0000000081000000|100%| O|  |TAMS 0x0000000081000000, 0x0000000081000000| Untracked 
|  16|0x0000000081000000, 0x0000000081100000, 0x0000000081100000|100%| O|  |TAMS 0x0000000081100000, 0x0000000081100000| Untracked 
|  17|0x0000000081100000, 0x0000000081200000, 0x0000000081200000|100%| O|  |TAMS 0x0000000081200000, 0x0000000081200000| Untracked 
|  18|0x0000000081200000, 0x0000000081300000, 0x0000000081300000|100%| O|  |TAMS 0x0000000081300000, 0x0000000081300000| Untracked 
|  19|0x0000000081300000, 0x0000000081400000, 0x0000000081400000|100%| O|  |TAMS 0x0000000081400000, 0x0000000081400000| Untracked 
|  20|0x0000000081400000, 0x0000000081500000, 0x0000000081500000|100%| O|  |TAMS 0x0000000081500000, 0x0000000081500000| Untracked 
|  21|0x0000000081500000, 0x0000000081600000, 0x0000000081600000|100%| O|  |TAMS 0x0000000081600000, 0x0000000081600000| Untracked 
|  22|0x0000000081600000, 0x0000000081700000, 0x0000000081700000|100%| O|  |TAMS 0x0000000081700000, 0x0000000081700000| Untracked 
|  23|0x0000000081700000, 0x0000000081800000, 0x0000000081800000|100%| O|  |TAMS 0x0000000081800000, 0x0000000081800000| Untracked 
|  24|0x0000000081800000, 0x0000000081900000, 0x0000000081900000|100%|HS|  |TAMS 0x0000000081900000, 0x0000000081900000| Complete 
|  25|0x0000000081900000, 0x0000000081a00000, 0x0000000081a00000|100%|HS|  |TAMS 0x0000000081a00000, 0x0000000081a00000| Complete 
|  26|0x0000000081a00000, 0x0000000081b00000, 0x0000000081b00000|100%| O|  |TAMS 0x0000000081b00000, 0x0000000081b00000| Untracked 
|  27|0x0000000081b00000, 0x0000000081c00000, 0x0000000081c00000|100%| O|  |TAMS 0x0000000081c00000, 0x0000000081c00000| Untracked 
|  28|0x0000000081c00000, 0x0000000081d00000, 0x0000000081d00000|100%| O|  |TAMS 0x0000000081d00000, 0x0000000081d00000| Untracked 
|  29|0x0000000081d00000, 0x0000000081e00000, 0x0000000081e00000|100%| O|  |TAMS 0x0000000081e00000, 0x0000000081e00000| Untracked 
|  30|0x0000000081e00000, 0x0000000081f00000, 0x0000000081f00000|100%| O|  |TAMS 0x0000000081f00000, 0x0000000081f00000| Untracked 
|  31|0x0000000081f00000, 0x0000000082000000, 0x0000000082000000|100%| O|  |TAMS 0x0000000082000000, 0x0000000082000000| Untracked 
|  32|0x0000000082000000, 0x0000000082100000, 0x0000000082100000|100%| O|  |TAMS 0x0000000082100000, 0x0000000082100000| Untracked 
|  33|0x0000000082100000, 0x0000000082200000, 0x0000000082200000|100%| O|  |TAMS 0x0000000082200000, 0x0000000082200000| Untracked 
|  34|0x0000000082200000, 0x0000000082300000, 0x0000000082300000|100%|HS|  |TAMS 0x0000000082300000, 0x0000000082300000| Complete 
|  35|0x0000000082300000, 0x0000000082400000, 0x0000000082400000|100%| O|  |TAMS 0x0000000082400000, 0x0000000082400000| Untracked 
|  36|0x0000000082400000, 0x0000000082500000, 0x0000000082500000|100%| O|  |TAMS 0x0000000082500000, 0x0000000082500000| Untracked 
|  37|0x0000000082500000, 0x0000000082600000, 0x0000000082600000|100%| O|  |TAMS 0x0000000082600000, 0x0000000082600000| Untracked 
|  38|0x0000000082600000, 0x0000000082700000, 0x0000000082700000|100%| O|  |TAMS 0x0000000082700000, 0x0000000082700000| Untracked 
|  39|0x0000000082700000, 0x0000000082800000, 0x0000000082800000|100%| O|  |TAMS 0x0000000082800000, 0x0000000082800000| Untracked 
|  40|0x0000000082800000, 0x0000000082900000, 0x0000000082900000|100%| O|  |TAMS 0x0000000082900000, 0x0000000082900000| Untracked 
|  41|0x0000000082900000, 0x0000000082a00000, 0x0000000082a00000|100%| O|  |TAMS 0x0000000082a00000, 0x0000000082a00000| Untracked 
|  42|0x0000000082a00000, 0x0000000082b00000, 0x0000000082b00000|100%| O|  |TAMS 0x0000000082b00000, 0x0000000082b00000| Untracked 
|  43|0x0000000082b00000, 0x0000000082c00000, 0x0000000082c00000|100%| O|  |TAMS 0x0000000082c00000, 0x0000000082c00000| Untracked 
|  44|0x0000000082c00000, 0x0000000082d00000, 0x0000000082d00000|100%|HS|  |TAMS 0x0000000082d00000, 0x0000000082d00000| Complete 
|  45|0x0000000082d00000, 0x0000000082e00000, 0x0000000082e00000|100%| O|  |TAMS 0x0000000082e00000, 0x0000000082e00000| Untracked 
|  46|0x0000000082e00000, 0x0000000082f00000, 0x0000000082f00000|100%| O|  |TAMS 0x0000000082f00000, 0x0000000082f00000| Untracked 
|  47|0x0000000082f00000, 0x0000000083000000, 0x0000000083000000|100%| O|  |TAMS 0x0000000083000000, 0x0000000083000000| Untracked 
|  48|0x0000000083000000, 0x0000000083100000, 0x0000000083100000|100%| O|  |TAMS 0x0000000083100000, 0x0000000083100000| Untracked 
|  49|0x0000000083100000, 0x0000000083200000, 0x0000000083200000|100%| O|  |TAMS 0x0000000083200000, 0x0000000083200000| Untracked 
|  50|0x0000000083200000, 0x0000000083300000, 0x0000000083300000|100%| O|  |TAMS 0x0000000083300000, 0x0000000083300000| Untracked 
|  51|0x0000000083300000, 0x0000000083400000, 0x0000000083400000|100%| O|  |TAMS 0x0000000083400000, 0x0000000083400000| Untracked 
|  52|0x0000000083400000, 0x0000000083500000, 0x0000000083500000|100%| O|  |TAMS 0x0000000083500000, 0x0000000083500000| Untracked 
|  53|0x0000000083500000, 0x0000000083600000, 0x0000000083600000|100%| O|  |TAMS 0x0000000083600000, 0x0000000083600000| Untracked 
|  54|0x0000000083600000, 0x0000000083700000, 0x0000000083700000|100%| O|  |TAMS 0x0000000083700000, 0x0000000083700000| Untracked 
|  55|0x0000000083700000, 0x0000000083800000, 0x0000000083800000|100%| O|  |TAMS 0x0000000083800000, 0x0000000083800000| Untracked 
|  56|0x0000000083800000, 0x0000000083900000, 0x0000000083900000|100%| O|  |TAMS 0x0000000083900000, 0x0000000083900000| Untracked 
|  57|0x0000000083900000, 0x0000000083a00000, 0x0000000083a00000|100%| O|  |TAMS 0x0000000083a00000, 0x0000000083a00000| Untracked 
|  58|0x0000000083a00000, 0x0000000083b00000, 0x0000000083b00000|100%| O|  |TAMS 0x0000000083b00000, 0x0000000083b00000| Untracked 
|  59|0x0000000083b00000, 0x0000000083c00000, 0x0000000083c00000|100%| O|  |TAMS 0x0000000083c00000, 0x0000000083c00000| Untracked 
|  60|0x0000000083c00000, 0x0000000083d00000, 0x0000000083d00000|100%| O|  |TAMS 0x0000000083d00000, 0x0000000083d00000| Untracked 
|  61|0x0000000083d00000, 0x0000000083e00000, 0x0000000083e00000|100%| O|  |TAMS 0x0000000083e00000, 0x0000000083e00000| Untracked 
|  62|0x0000000083e00000, 0x0000000083f00000, 0x0000000083f00000|100%| O|  |TAMS 0x0000000083f00000, 0x0000000083f00000| Untracked 
|  63|0x0000000083f00000, 0x0000000084000000, 0x0000000084000000|100%| O|  |TAMS 0x0000000084000000, 0x0000000084000000| Untracked 
|  64|0x0000000084000000, 0x0000000084100000, 0x0000000084100000|100%| O|  |TAMS 0x0000000084100000, 0x0000000084100000| Untracked 
|  65|0x0000000084100000, 0x0000000084200000, 0x0000000084200000|100%| O|  |TAMS 0x0000000084200000, 0x0000000084200000| Untracked 
|  66|0x0000000084200000, 0x0000000084300000, 0x0000000084300000|100%| O|  |TAMS 0x0000000084300000, 0x0000000084300000| Untracked 
|  67|0x0000000084300000, 0x0000000084400000, 0x0000000084400000|100%| O|  |TAMS 0x0000000084400000, 0x0000000084400000| Untracked 
|  68|0x0000000084400000, 0x0000000084500000, 0x0000000084500000|100%| O|  |TAMS 0x0000000084500000, 0x0000000084500000| Untracked 
|  69|0x0000000084500000, 0x0000000084600000, 0x0000000084600000|100%| O|  |TAMS 0x0000000084600000, 0x0000000084600000| Untracked 
|  70|0x0000000084600000, 0x0000000084700000, 0x0000000084700000|100%| O|  |TAMS 0x0000000084700000, 0x0000000084700000| Untracked 
|  71|0x0000000084700000, 0x0000000084800000, 0x0000000084800000|100%| O|  |TAMS 0x0000000084800000, 0x0000000084800000| Untracked 
|  72|0x0000000084800000, 0x0000000084900000, 0x0000000084900000|100%| O|  |TAMS 0x0000000084900000, 0x0000000084900000| Untracked 
|  73|0x0000000084900000, 0x0000000084a00000, 0x0000000084a00000|100%| O|  |TAMS 0x0000000084a00000, 0x0000000084a00000| Untracked 
|  74|0x0000000084a00000, 0x0000000084b00000, 0x0000000084b00000|100%| O|  |TAMS 0x0000000084b00000, 0x0000000084b00000| Untracked 
|  75|0x0000000084b00000, 0x0000000084c00000, 0x0000000084c00000|100%| O|  |TAMS 0x0000000084c00000, 0x0000000084c00000| Untracked 
|  76|0x0000000084c00000, 0x0000000084d00000, 0x0000000084d00000|100%| O|  |TAMS 0x0000000084d00000, 0x0000000084d00000| Untracked 
|  77|0x0000000084d00000, 0x0000000084e00000, 0x0000000084e00000|100%| O|  |TAMS 0x0000000084e00000, 0x0000000084e00000| Untracked 
|  78|0x0000000084e00000, 0x0000000084f00000, 0x0000000084f00000|100%| O|  |TAMS 0x0000000084ecf000, 0x0000000084f00000| Untracked 
|  79|0x0000000084f00000, 0x0000000085000000, 0x0000000085000000|100%|HS|  |TAMS 0x0000000084f00000, 0x0000000085000000| Complete 
|  80|0x0000000085000000, 0x0000000085100000, 0x0000000085100000|100%|HC|  |TAMS 0x0000000085000000, 0x0000000085100000| Complete 
|  81|0x0000000085100000, 0x0000000085200000, 0x0000000085200000|100%| O|  |TAMS 0x0000000085100000, 0x0000000085200000| Untracked 
|  82|0x0000000085200000, 0x0000000085300000, 0x0000000085300000|100%| O|  |TAMS 0x0000000085200000, 0x0000000085300000| Untracked 
|  83|0x0000000085300000, 0x0000000085400000, 0x0000000085400000|100%| O|  |TAMS 0x0000000085300000, 0x0000000085400000| Untracked 
|  84|0x0000000085400000, 0x0000000085500000, 0x0000000085500000|100%| O|  |TAMS 0x0000000085400000, 0x0000000085500000| Untracked 
|  85|0x0000000085500000, 0x0000000085600000, 0x0000000085600000|100%| O|  |TAMS 0x0000000085500000, 0x0000000085600000| Untracked 
|  86|0x0000000085600000, 0x0000000085700000, 0x0000000085700000|100%| O|  |TAMS 0x0000000085600000, 0x0000000085700000| Untracked 
|  87|0x0000000085700000, 0x0000000085800000, 0x0000000085800000|100%| O|  |TAMS 0x0000000085700000, 0x0000000085800000| Untracked 
|  88|0x0000000085800000, 0x0000000085900000, 0x0000000085900000|100%| O|  |TAMS 0x0000000085800000, 0x0000000085900000| Untracked 
|  89|0x0000000085900000, 0x0000000085a00000, 0x0000000085a00000|100%| O|  |TAMS 0x0000000085900000, 0x0000000085a00000| Untracked 
|  90|0x0000000085a00000, 0x0000000085b00000, 0x0000000085b00000|100%| O|  |TAMS 0x0000000085a00000, 0x0000000085b00000| Untracked 
|  91|0x0000000085b00000, 0x0000000085c00000, 0x0000000085c00000|100%| O|  |TAMS 0x0000000085b00000, 0x0000000085c00000| Untracked 
|  92|0x0000000085c00000, 0x0000000085d00000, 0x0000000085d00000|100%| O|  |TAMS 0x0000000085c00000, 0x0000000085d00000| Untracked 
|  93|0x0000000085d00000, 0x0000000085e00000, 0x0000000085e00000|100%| O|  |TAMS 0x0000000085d00000, 0x0000000085e00000| Untracked 
|  94|0x0000000085e00000, 0x0000000085f00000, 0x0000000085f00000|100%| O|  |TAMS 0x0000000085e00000, 0x0000000085f00000| Untracked 
|  95|0x0000000085f00000, 0x0000000086000000, 0x0000000086000000|100%| O|  |TAMS 0x0000000085f00000, 0x0000000086000000| Untracked 
|  96|0x0000000086000000, 0x0000000086100000, 0x0000000086100000|100%| O|  |TAMS 0x0000000086000000, 0x0000000086100000| Untracked 
|  97|0x0000000086100000, 0x0000000086200000, 0x0000000086200000|100%| O|  |TAMS 0x0000000086100000, 0x0000000086200000| Untracked 
|  98|0x0000000086200000, 0x0000000086300000, 0x0000000086300000|100%| O|  |TAMS 0x0000000086200000, 0x0000000086300000| Untracked 
|  99|0x0000000086300000, 0x0000000086400000, 0x0000000086400000|100%| O|  |TAMS 0x0000000086300000, 0x0000000086400000| Untracked 
| 100|0x0000000086400000, 0x0000000086500000, 0x0000000086500000|100%| O|  |TAMS 0x0000000086400000, 0x0000000086500000| Untracked 
| 101|0x0000000086500000, 0x0000000086600000, 0x0000000086600000|100%| O|  |TAMS 0x0000000086500000, 0x0000000086600000| Untracked 
| 102|0x0000000086600000, 0x0000000086700000, 0x0000000086700000|100%| O|  |TAMS 0x0000000086600000, 0x0000000086700000| Untracked 
| 103|0x0000000086700000, 0x0000000086800000, 0x0000000086800000|100%| O|  |TAMS 0x0000000086700000, 0x0000000086800000| Untracked 
| 104|0x0000000086800000, 0x0000000086900000, 0x0000000086900000|100%| O|  |TAMS 0x0000000086800000, 0x0000000086900000| Untracked 
| 105|0x0000000086900000, 0x0000000086a00000, 0x0000000086a00000|100%| O|  |TAMS 0x0000000086900000, 0x0000000086a00000| Untracked 
| 106|0x0000000086a00000, 0x0000000086b00000, 0x0000000086b00000|100%| O|  |TAMS 0x0000000086a00000, 0x0000000086b00000| Untracked 
| 107|0x0000000086b00000, 0x0000000086be9c00, 0x0000000086c00000| 91%| O|  |TAMS 0x0000000086b00000, 0x0000000086be9c00| Untracked 
| 108|0x0000000086c00000, 0x0000000086c00000, 0x0000000086d00000|  0%| F|  |TAMS 0x0000000086c00000, 0x0000000086c00000| Untracked 
| 109|0x0000000086d00000, 0x0000000086d00000, 0x0000000086e00000|  0%| F|  |TAMS 0x0000000086d00000, 0x0000000086d00000| Untracked 
| 110|0x0000000086e00000, 0x0000000086e00000, 0x0000000086f00000|  0%| F|  |TAMS 0x0000000086e00000, 0x0000000086e00000| Untracked 
| 111|0x0000000086f00000, 0x0000000086f00000, 0x0000000087000000|  0%| F|  |TAMS 0x0000000086f00000, 0x0000000086f00000| Untracked 
| 112|0x0000000087000000, 0x0000000087000000, 0x0000000087100000|  0%| F|  |TAMS 0x0000000087000000, 0x0000000087000000| Untracked 
| 113|0x0000000087100000, 0x0000000087100000, 0x0000000087200000|  0%| F|  |TAMS 0x0000000087100000, 0x0000000087100000| Untracked 
| 114|0x0000000087200000, 0x0000000087200000, 0x0000000087300000|  0%| F|  |TAMS 0x0000000087200000, 0x0000000087200000| Untracked 
| 115|0x0000000087300000, 0x0000000087300000, 0x0000000087400000|  0%| F|  |TAMS 0x0000000087300000, 0x0000000087300000| Untracked 
| 116|0x0000000087400000, 0x0000000087400000, 0x0000000087500000|  0%| F|  |TAMS 0x0000000087400000, 0x0000000087400000| Untracked 
| 117|0x0000000087500000, 0x0000000087500000, 0x0000000087600000|  0%| F|  |TAMS 0x0000000087500000, 0x0000000087500000| Untracked 
| 118|0x0000000087600000, 0x0000000087600000, 0x0000000087700000|  0%| F|  |TAMS 0x0000000087600000, 0x0000000087600000| Untracked 
| 119|0x0000000087700000, 0x0000000087700000, 0x0000000087800000|  0%| F|  |TAMS 0x0000000087700000, 0x0000000087700000| Untracked 
| 120|0x0000000087800000, 0x0000000087800000, 0x0000000087900000|  0%| F|  |TAMS 0x0000000087800000, 0x0000000087800000| Untracked 
| 121|0x0000000087900000, 0x0000000087900000, 0x0000000087a00000|  0%| F|  |TAMS 0x0000000087900000, 0x0000000087900000| Untracked 
| 122|0x0000000087a00000, 0x0000000087a00000, 0x0000000087b00000|  0%| F|  |TAMS 0x0000000087a00000, 0x0000000087a00000| Untracked 
| 123|0x0000000087b00000, 0x0000000087b00000, 0x0000000087c00000|  0%| F|  |TAMS 0x0000000087b00000, 0x0000000087b00000| Untracked 
| 124|0x0000000087c00000, 0x0000000087c00000, 0x0000000087d00000|  0%| F|  |TAMS 0x0000000087c00000, 0x0000000087c00000| Untracked 
| 125|0x0000000087d00000, 0x0000000087d00000, 0x0000000087e00000|  0%| F|  |TAMS 0x0000000087d00000, 0x0000000087d00000| Untracked 
| 126|0x0000000087e00000, 0x0000000087e00000, 0x0000000087f00000|  0%| F|  |TAMS 0x0000000087e00000, 0x0000000087e00000| Untracked 
| 127|0x0000000087f00000, 0x0000000087f00000, 0x0000000088000000|  0%| F|  |TAMS 0x0000000087f00000, 0x0000000087f00000| Untracked 
| 128|0x0000000088000000, 0x0000000088000000, 0x0000000088100000|  0%| F|  |TAMS 0x0000000088000000, 0x0000000088000000| Untracked 
| 129|0x0000000088100000, 0x0000000088100000, 0x0000000088200000|  0%| F|  |TAMS 0x0000000088100000, 0x0000000088100000| Untracked 
| 130|0x0000000088200000, 0x0000000088200000, 0x0000000088300000|  0%| F|  |TAMS 0x0000000088200000, 0x0000000088200000| Untracked 
| 131|0x0000000088300000, 0x0000000088300000, 0x0000000088400000|  0%| F|  |TAMS 0x0000000088300000, 0x0000000088300000| Untracked 
| 132|0x0000000088400000, 0x0000000088400000, 0x0000000088500000|  0%| F|  |TAMS 0x0000000088400000, 0x0000000088400000| Untracked 
| 133|0x0000000088500000, 0x0000000088500000, 0x0000000088600000|  0%| F|  |TAMS 0x0000000088500000, 0x0000000088500000| Untracked 
| 134|0x0000000088600000, 0x0000000088600000, 0x0000000088700000|  0%| F|  |TAMS 0x0000000088600000, 0x0000000088600000| Untracked 
| 135|0x0000000088700000, 0x0000000088700000, 0x0000000088800000|  0%| F|  |TAMS 0x0000000088700000, 0x0000000088700000| Untracked 
| 136|0x0000000088800000, 0x0000000088800000, 0x0000000088900000|  0%| F|  |TAMS 0x0000000088800000, 0x0000000088800000| Untracked 
| 137|0x0000000088900000, 0x0000000088900000, 0x0000000088a00000|  0%| F|  |TAMS 0x0000000088900000, 0x0000000088900000| Untracked 
| 138|0x0000000088a00000, 0x0000000088a00000, 0x0000000088b00000|  0%| F|  |TAMS 0x0000000088a00000, 0x0000000088a00000| Untracked 
| 139|0x0000000088b00000, 0x0000000088b00000, 0x0000000088c00000|  0%| F|  |TAMS 0x0000000088b00000, 0x0000000088b00000| Untracked 
| 140|0x0000000088c00000, 0x0000000088c00000, 0x0000000088d00000|  0%| F|  |TAMS 0x0000000088c00000, 0x0000000088c00000| Untracked 
| 141|0x0000000088d00000, 0x0000000088d00000, 0x0000000088e00000|  0%| F|  |TAMS 0x0000000088d00000, 0x0000000088d00000| Untracked 
| 142|0x0000000088e00000, 0x0000000088e00000, 0x0000000088f00000|  0%| F|  |TAMS 0x0000000088e00000, 0x0000000088e00000| Untracked 
| 143|0x0000000088f00000, 0x0000000088f5b380, 0x0000000089000000| 35%| S|CS|TAMS 0x0000000088f00000, 0x0000000088f00000| Complete 
| 144|0x0000000089000000, 0x0000000089100000, 0x0000000089100000|100%| S|CS|TAMS 0x0000000089000000, 0x0000000089000000| Complete 
| 145|0x0000000089100000, 0x0000000089200000, 0x0000000089200000|100%| S|CS|TAMS 0x0000000089100000, 0x0000000089100000| Complete 
| 146|0x0000000089200000, 0x0000000089300000, 0x0000000089300000|100%| S|CS|TAMS 0x0000000089200000, 0x0000000089200000| Complete 
| 147|0x0000000089300000, 0x0000000089300000, 0x0000000089400000|  0%| F|  |TAMS 0x0000000089300000, 0x0000000089300000| Untracked 
| 148|0x0000000089400000, 0x0000000089400000, 0x0000000089500000|  0%| F|  |TAMS 0x0000000089400000, 0x0000000089400000| Untracked 
| 149|0x0000000089500000, 0x0000000089500000, 0x0000000089600000|  0%| F|  |TAMS 0x0000000089500000, 0x0000000089500000| Untracked 
| 150|0x0000000089600000, 0x0000000089600000, 0x0000000089700000|  0%| F|  |TAMS 0x0000000089600000, 0x0000000089600000| Untracked 
| 151|0x0000000089700000, 0x0000000089700000, 0x0000000089800000|  0%| F|  |TAMS 0x0000000089700000, 0x0000000089700000| Untracked 
| 152|0x0000000089800000, 0x0000000089800000, 0x0000000089900000|  0%| F|  |TAMS 0x0000000089800000, 0x0000000089800000| Untracked 
| 153|0x0000000089900000, 0x0000000089900000, 0x0000000089a00000|  0%| F|  |TAMS 0x0000000089900000, 0x0000000089900000| Untracked 
| 154|0x0000000089a00000, 0x0000000089a00000, 0x0000000089b00000|  0%| F|  |TAMS 0x0000000089a00000, 0x0000000089a00000| Untracked 
| 155|0x0000000089b00000, 0x0000000089b00000, 0x0000000089c00000|  0%| F|  |TAMS 0x0000000089b00000, 0x0000000089b00000| Untracked 
| 156|0x0000000089c00000, 0x0000000089c00000, 0x0000000089d00000|  0%| F|  |TAMS 0x0000000089c00000, 0x0000000089c00000| Untracked 
| 157|0x0000000089d00000, 0x0000000089d00000, 0x0000000089e00000|  0%| F|  |TAMS 0x0000000089d00000, 0x0000000089d00000| Untracked 
| 158|0x0000000089e00000, 0x0000000089e00000, 0x0000000089f00000|  0%| F|  |TAMS 0x0000000089e00000, 0x0000000089e00000| Untracked 
| 159|0x0000000089f00000, 0x0000000089f00000, 0x000000008a000000|  0%| F|  |TAMS 0x0000000089f00000, 0x0000000089f00000| Untracked 
| 160|0x000000008a000000, 0x000000008a000000, 0x000000008a100000|  0%| F|  |TAMS 0x000000008a000000, 0x000000008a000000| Untracked 
| 161|0x000000008a100000, 0x000000008a100000, 0x000000008a200000|  0%| F|  |TAMS 0x000000008a100000, 0x000000008a100000| Untracked 
| 162|0x000000008a200000, 0x000000008a200000, 0x000000008a300000|  0%| F|  |TAMS 0x000000008a200000, 0x000000008a200000| Untracked 
| 163|0x000000008a300000, 0x000000008a300000, 0x000000008a400000|  0%| F|  |TAMS 0x000000008a300000, 0x000000008a300000| Untracked 
| 164|0x000000008a400000, 0x000000008a400000, 0x000000008a500000|  0%| F|  |TAMS 0x000000008a400000, 0x000000008a400000| Untracked 
| 165|0x000000008a500000, 0x000000008a500000, 0x000000008a600000|  0%| F|  |TAMS 0x000000008a500000, 0x000000008a500000| Untracked 
| 166|0x000000008a600000, 0x000000008a600000, 0x000000008a700000|  0%| F|  |TAMS 0x000000008a600000, 0x000000008a600000| Untracked 
| 167|0x000000008a700000, 0x000000008a700000, 0x000000008a800000|  0%| F|  |TAMS 0x000000008a700000, 0x000000008a700000| Untracked 
| 168|0x000000008a800000, 0x000000008a800000, 0x000000008a900000|  0%| F|  |TAMS 0x000000008a800000, 0x000000008a800000| Untracked 
| 169|0x000000008a900000, 0x000000008a900000, 0x000000008aa00000|  0%| F|  |TAMS 0x000000008a900000, 0x000000008a900000| Untracked 
| 170|0x000000008aa00000, 0x000000008aa00000, 0x000000008ab00000|  0%| F|  |TAMS 0x000000008aa00000, 0x000000008aa00000| Untracked 
| 171|0x000000008ab00000, 0x000000008ab00000, 0x000000008ac00000|  0%| F|  |TAMS 0x000000008ab00000, 0x000000008ab00000| Untracked 
| 172|0x000000008ac00000, 0x000000008ac00000, 0x000000008ad00000|  0%| F|  |TAMS 0x000000008ac00000, 0x000000008ac00000| Untracked 
| 173|0x000000008ad00000, 0x000000008ad00000, 0x000000008ae00000|  0%| F|  |TAMS 0x000000008ad00000, 0x000000008ad00000| Untracked 
| 174|0x000000008ae00000, 0x000000008ae00000, 0x000000008af00000|  0%| F|  |TAMS 0x000000008ae00000, 0x000000008ae00000| Untracked 
| 175|0x000000008af00000, 0x000000008af00000, 0x000000008b000000|  0%| F|  |TAMS 0x000000008af00000, 0x000000008af00000| Untracked 
| 176|0x000000008b000000, 0x000000008b000000, 0x000000008b100000|  0%| F|  |TAMS 0x000000008b000000, 0x000000008b000000| Untracked 
| 177|0x000000008b100000, 0x000000008b100000, 0x000000008b200000|  0%| F|  |TAMS 0x000000008b100000, 0x000000008b100000| Untracked 
| 178|0x000000008b200000, 0x000000008b200000, 0x000000008b300000|  0%| F|  |TAMS 0x000000008b200000, 0x000000008b200000| Untracked 
| 179|0x000000008b300000, 0x000000008b300000, 0x000000008b400000|  0%| F|  |TAMS 0x000000008b300000, 0x000000008b300000| Untracked 
| 180|0x000000008b400000, 0x000000008b400000, 0x000000008b500000|  0%| F|  |TAMS 0x000000008b400000, 0x000000008b400000| Untracked 
| 181|0x000000008b500000, 0x000000008b500000, 0x000000008b600000|  0%| F|  |TAMS 0x000000008b500000, 0x000000008b500000| Untracked 
| 182|0x000000008b600000, 0x000000008b600000, 0x000000008b700000|  0%| F|  |TAMS 0x000000008b600000, 0x000000008b600000| Untracked 
| 183|0x000000008b700000, 0x000000008b700000, 0x000000008b800000|  0%| F|  |TAMS 0x000000008b700000, 0x000000008b700000| Untracked 
| 184|0x000000008b800000, 0x000000008b800000, 0x000000008b900000|  0%| F|  |TAMS 0x000000008b800000, 0x000000008b800000| Untracked 
| 185|0x000000008b900000, 0x000000008b900000, 0x000000008ba00000|  0%| F|  |TAMS 0x000000008b900000, 0x000000008b900000| Untracked 
| 186|0x000000008ba00000, 0x000000008ba00000, 0x000000008bb00000|  0%| F|  |TAMS 0x000000008ba00000, 0x000000008ba00000| Untracked 
| 187|0x000000008bb00000, 0x000000008bb00000, 0x000000008bc00000|  0%| F|  |TAMS 0x000000008bb00000, 0x000000008bb00000| Untracked 
| 188|0x000000008bc00000, 0x000000008bc00000, 0x000000008bd00000|  0%| F|  |TAMS 0x000000008bc00000, 0x000000008bc00000| Untracked 
| 189|0x000000008bd00000, 0x000000008bd00000, 0x000000008be00000|  0%| F|  |TAMS 0x000000008bd00000, 0x000000008bd00000| Untracked 
| 190|0x000000008be00000, 0x000000008be00000, 0x000000008bf00000|  0%| F|  |TAMS 0x000000008be00000, 0x000000008be00000| Untracked 
| 191|0x000000008bf00000, 0x000000008bf00000, 0x000000008c000000|  0%| F|  |TAMS 0x000000008bf00000, 0x000000008bf00000| Untracked 
| 192|0x000000008c000000, 0x000000008c000000, 0x000000008c100000|  0%| F|  |TAMS 0x000000008c000000, 0x000000008c000000| Untracked 
| 193|0x000000008c100000, 0x000000008c100000, 0x000000008c200000|  0%| F|  |TAMS 0x000000008c100000, 0x000000008c100000| Untracked 
| 194|0x000000008c200000, 0x000000008c200000, 0x000000008c300000|  0%| F|  |TAMS 0x000000008c200000, 0x000000008c200000| Untracked 
| 195|0x000000008c300000, 0x000000008c300000, 0x000000008c400000|  0%| F|  |TAMS 0x000000008c300000, 0x000000008c300000| Untracked 
| 196|0x000000008c400000, 0x000000008c400000, 0x000000008c500000|  0%| F|  |TAMS 0x000000008c400000, 0x000000008c400000| Untracked 
| 197|0x000000008c500000, 0x000000008c500000, 0x000000008c600000|  0%| F|  |TAMS 0x000000008c500000, 0x000000008c500000| Untracked 
| 198|0x000000008c600000, 0x000000008c600000, 0x000000008c700000|  0%| F|  |TAMS 0x000000008c600000, 0x000000008c600000| Untracked 
| 199|0x000000008c700000, 0x000000008c700000, 0x000000008c800000|  0%| F|  |TAMS 0x000000008c700000, 0x000000008c700000| Untracked 
| 200|0x000000008c800000, 0x000000008c800000, 0x000000008c900000|  0%| F|  |TAMS 0x000000008c800000, 0x000000008c800000| Untracked 
| 201|0x000000008c900000, 0x000000008c900000, 0x000000008ca00000|  0%| F|  |TAMS 0x000000008c900000, 0x000000008c900000| Untracked 
| 202|0x000000008ca00000, 0x000000008ca00000, 0x000000008cb00000|  0%| F|  |TAMS 0x000000008ca00000, 0x000000008ca00000| Untracked 
| 203|0x000000008cb00000, 0x000000008cb00000, 0x000000008cc00000|  0%| F|  |TAMS 0x000000008cb00000, 0x000000008cb00000| Untracked 
| 204|0x000000008cc00000, 0x000000008cc00000, 0x000000008cd00000|  0%| F|  |TAMS 0x000000008cc00000, 0x000000008cc00000| Untracked 
| 205|0x000000008cd00000, 0x000000008cd00000, 0x000000008ce00000|  0%| F|  |TAMS 0x000000008cd00000, 0x000000008cd00000| Untracked 
| 206|0x000000008ce00000, 0x000000008ce00000, 0x000000008cf00000|  0%| F|  |TAMS 0x000000008ce00000, 0x000000008ce00000| Untracked 
| 207|0x000000008cf00000, 0x000000008cf00000, 0x000000008d000000|  0%| F|  |TAMS 0x000000008cf00000, 0x000000008cf00000| Untracked 
| 208|0x000000008d000000, 0x000000008d000000, 0x000000008d100000|  0%| F|  |TAMS 0x000000008d000000, 0x000000008d000000| Untracked 

Card table byte_map: [0x000002a3d9ba0000,0x000002a3d9fa0000] _byte_map_base: 0x000002a3d97a0000

Marking Bits (Prev, Next): (CMBitMap*) 0x000002a3c509c400, (CMBitMap*) 0x000002a3c509c440
 Prev Bits: [0x000002a3da3a0000, 0x000002a3dc3a0000)
 Next Bits: [0x000002a3dc3a0000, 0x000002a3de3a0000)

Polling page: 0x000002a3c5100000

Metaspace:

Usage:
  Non-class:     83.87 MB used.
      Class:     13.24 MB used.
       Both:     97.11 MB used.

Virtual space:
  Non-class space:       88.00 MB reserved,      84.19 MB ( 96%) committed,  11 nodes.
      Class space:        1.00 GB reserved,      13.62 MB (  1%) committed,  1 nodes.
             Both:        1.09 GB reserved,      97.81 MB (  9%) committed. 

Chunk freelists:
   Non-Class:  3.59 MB
       Class:  2.43 MB
        Both:  6.02 MB

MaxMetaspaceSize: unlimited
CompressedClassSpaceSize: 1.00 GB
Initial GC threshold: 21.00 MB
Current GC threshold: 157.44 MB
CDS: off
MetaspaceReclaimPolicy: balanced
 - commit_granule_bytes: 65536.
 - commit_granule_words: 8192.
 - virtual_space_node_default_size: 1048576.
 - enlarge_chunks_in_place: 1.
 - new_chunks_are_fully_committed: 0.
 - uncommit_free_chunks: 1.
 - use_allocation_guard: 0.
 - handle_deallocations: 1.


Internal statistics:

num_allocs_failed_limit: 6.
num_arena_births: 922.
num_arena_deaths: 0.
num_vsnodes_births: 12.
num_vsnodes_deaths: 0.
num_space_committed: 1564.
num_space_uncommitted: 0.
num_chunks_returned_to_freelist: 6.
num_chunks_taken_from_freelist: 4604.
num_chunk_merges: 6.
num_chunk_splits: 3019.
num_chunks_enlarged: 2032.
num_purges: 0.
num_inconsistent_stats: 0.

CodeHeap 'non-profiled nmethods': size=120000Kb used=6343Kb max_used=6343Kb free=113656Kb
 bounds [0x000002a3d17f0000, 0x000002a3d1e30000, 0x000002a3d8d20000]
CodeHeap 'profiled nmethods': size=120000Kb used=21753Kb max_used=21753Kb free=98247Kb
 bounds [0x000002a3c9d20000, 0x000002a3cb260000, 0x000002a3d1250000]
CodeHeap 'non-nmethods': size=5760Kb used=2388Kb max_used=2475Kb free=3371Kb
 bounds [0x000002a3d1250000, 0x000002a3d14d0000, 0x000002a3d17f0000]
 total_blobs=12201 nmethods=11281 adapters=832
 compilation: enabled
              stopped_count=0, restarted_count=0
 full_count=0

Compilation events (20 events):
Event: 14.663 Thread 0x000002a3e1837860 12980       2       org.gradle.internal.reflect.annotations.impl.DefaultTypeAnnotationMetadataStore$PropertyAnnotationMetadataBuilder::declareAnnotation (33 bytes)
Event: 14.664 Thread 0x000002a3e1837860 nmethod 12980 0x000002a3cb25b810 code [0x000002a3cb25b9e0, 0x000002a3cb25bbc8]
Event: 14.664 Thread 0x000002a3e1837860 12982       2       java.util.TimSort::binarySort (223 bytes)
Event: 14.664 Thread 0x000002a3e1837860 nmethod 12982 0x000002a3cb25bd10 code [0x000002a3cb25bf00, 0x000002a3cb25c578]
Event: 14.664 Thread 0x000002a3e1837860 12981       1       org.gradle.internal.reflect.annotations.impl.DefaultTypeAnnotationMetadataStore::access$100 (5 bytes)
Event: 14.664 Thread 0x000002a3e1837860 nmethod 12981 0x000002a3d1e21810 code [0x000002a3d1e219a0, 0x000002a3d1e21a58]
Event: 14.665 Thread 0x000002a3e1837860 12983       2       org.gradle.internal.concurrent.ManagedExecutorImpl::trackedCommand (10 bytes)
Event: 14.665 Thread 0x000002a3e1837860 nmethod 12983 0x000002a3cb25c890 code [0x000002a3cb25ca20, 0x000002a3cb25cc38]
Event: 14.665 Thread 0x000002a3e1837860 12984       2       org.gradle.internal.concurrent.ManagedExecutorImpl$1::<init> (15 bytes)
Event: 14.665 Thread 0x000002a3e1837860 nmethod 12984 0x000002a3cb25cd10 code [0x000002a3cb25cea0, 0x000002a3cb25d058]
Event: 14.665 Thread 0x000002a3e1837860 12985       1       org.gradle.internal.operations.DefaultBuildOperationQueue::access$1000 (5 bytes)
Event: 14.665 Thread 0x000002a3e1837860 nmethod 12985 0x000002a3d1e21b10 code [0x000002a3d1e21ca0, 0x000002a3d1e21d58]
Event: 14.666 Thread 0x000002a3e1837860 12986       2       org.gradle.internal.concurrent.ManagedExecutorImpl::execute (15 bytes)
Event: 14.666 Thread 0x000002a3e1837860 nmethod 12986 0x000002a3cb25d110 code [0x000002a3cb25d2c0, 0x000002a3cb25d508]
Event: 14.666 Thread 0x000002a3e1837860 12987       2       java.util.concurrent.ThreadPoolExecutor::execute (132 bytes)
Event: 14.666 Thread 0x000002a3e1837860 nmethod 12987 0x000002a3cb25d610 code [0x000002a3cb25d840, 0x000002a3cb25dd28]
Event: 14.667 Thread 0x000002a3e1837860 12988       2       org.gradle.internal.resources.AbstractResourceLockRegistry$ThreadLockDetails::access$102 (7 bytes)
Event: 14.667 Thread 0x000002a3e1837860 nmethod 12988 0x000002a3cb25e010 code [0x000002a3cb25e1a0, 0x000002a3cb25e298]
Event: 14.671 Thread 0x000002a3e1837860 12991       2       org.gradle.internal.serialize.kryo.KryoBackedEncoder::writeSmallLong (11 bytes)
Event: 14.672 Thread 0x000002a3e1837860 nmethod 12991 0x000002a3cb25e390 code [0x000002a3cb25e520, 0x000002a3cb25e648]

GC Heap History (20 events):
Event: 7.560 GC heap after
{Heap after GC invocations=34 (full 0):
 garbage-first heap   total 214016K, used 60490K [0x0000000080000000, 0x0000000100000000)
  region size 1024K, 4 young (4096K), 4 survivors (4096K)
 Metaspace       used 68125K, committed 68608K, reserved 1114112K
  class space    used 9088K, committed 9280K, reserved 1048576K
}
Event: 8.822 GC heap before
{Heap before GC invocations=35 (full 0):
 garbage-first heap   total 214016K, used 148554K [0x0000000080000000, 0x0000000100000000)
  region size 1024K, 91 young (93184K), 4 survivors (4096K)
 Metaspace       used 74535K, committed 75072K, reserved 1114112K
  class space    used 10159K, committed 10368K, reserved 1048576K
}
Event: 8.828 GC heap after
{Heap after GC invocations=36 (full 0):
 garbage-first heap   total 214016K, used 63353K [0x0000000080000000, 0x0000000100000000)
  region size 1024K, 8 young (8192K), 8 survivors (8192K)
 Metaspace       used 74535K, committed 75072K, reserved 1114112K
  class space    used 10159K, committed 10368K, reserved 1048576K
}
Event: 8.999 GC heap before
{Heap before GC invocations=36 (full 0):
 garbage-first heap   total 214016K, used 64377K [0x0000000080000000, 0x0000000100000000)
  region size 1024K, 10 young (10240K), 8 survivors (8192K)
 Metaspace       used 74668K, committed 75200K, reserved 1114112K
  class space    used 10186K, committed 10432K, reserved 1048576K
}
Event: 9.011 GC heap after
{Heap after GC invocations=37 (full 0):
 garbage-first heap   total 214016K, used 63429K [0x0000000080000000, 0x0000000100000000)
  region size 1024K, 1 young (1024K), 1 survivors (1024K)
 Metaspace       used 74668K, committed 75200K, reserved 1114112K
  class space    used 10186K, committed 10432K, reserved 1048576K
}
Event: 10.356 GC heap before
{Heap before GC invocations=37 (full 0):
 garbage-first heap   total 214016K, used 164805K [0x0000000080000000, 0x0000000100000000)
  region size 1024K, 100 young (102400K), 1 survivors (1024K)
 Metaspace       used 83240K, committed 83840K, reserved 1122304K
  class space    used 11435K, committed 11712K, reserved 1048576K
}
Event: 10.365 GC heap after
{Heap after GC invocations=38 (full 0):
 garbage-first heap   total 214016K, used 69274K [0x0000000080000000, 0x0000000100000000)
  region size 1024K, 7 young (7168K), 7 survivors (7168K)
 Metaspace       used 83240K, committed 83840K, reserved 1122304K
  class space    used 11435K, committed 11712K, reserved 1048576K
}
Event: 11.345 GC heap before
{Heap before GC invocations=38 (full 0):
 garbage-first heap   total 214016K, used 163482K [0x0000000080000000, 0x0000000100000000)
  region size 1024K, 99 young (101376K), 7 survivors (7168K)
 Metaspace       used 86322K, committed 86976K, reserved 1130496K
  class space    used 12008K, committed 12352K, reserved 1048576K
}
Event: 11.363 GC heap after
{Heap after GC invocations=39 (full 0):
 garbage-first heap   total 214016K, used 81067K [0x0000000080000000, 0x0000000100000000)
  region size 1024K, 13 young (13312K), 13 survivors (13312K)
 Metaspace       used 86322K, committed 86976K, reserved 1130496K
  class space    used 12008K, committed 12352K, reserved 1048576K
}
Event: 12.157 GC heap before
{Heap before GC invocations=40 (full 0):
 garbage-first heap   total 214016K, used 165035K [0x0000000080000000, 0x0000000100000000)
  region size 1024K, 96 young (98304K), 13 survivors (13312K)
 Metaspace       used 87095K, committed 87744K, reserved 1130496K
  class space    used 12055K, committed 12352K, reserved 1048576K
}
Event: 12.169 GC heap after
{Heap after GC invocations=41 (full 0):
 garbage-first heap   total 214016K, used 87115K [0x0000000080000000, 0x0000000100000000)
  region size 1024K, 7 young (7168K), 7 survivors (7168K)
 Metaspace       used 87095K, committed 87744K, reserved 1130496K
  class space    used 12055K, committed 12352K, reserved 1048576K
}
Event: 12.757 GC heap before
{Heap before GC invocations=41 (full 0):
 garbage-first heap   total 214016K, used 169035K [0x0000000080000000, 0x0000000100000000)
  region size 1024K, 88 young (90112K), 7 survivors (7168K)
 Metaspace       used 87868K, committed 88512K, reserved 1130496K
  class space    used 12156K, committed 12480K, reserved 1048576K
}
Event: 12.766 GC heap after
{Heap after GC invocations=42 (full 0):
 garbage-first heap   total 214016K, used 91964K [0x0000000080000000, 0x0000000100000000)
  region size 1024K, 11 young (11264K), 11 survivors (11264K)
 Metaspace       used 87868K, committed 88512K, reserved 1130496K
  class space    used 12156K, committed 12480K, reserved 1048576K
}
Event: 13.428 GC heap before
{Heap before GC invocations=43 (full 0):
 garbage-first heap   total 214016K, used 169788K [0x0000000080000000, 0x0000000100000000)
  region size 1024K, 84 young (86016K), 11 survivors (11264K)
 Metaspace       used 96023K, committed 96640K, reserved 1138688K
  class space    used 13147K, committed 13440K, reserved 1048576K
}
Event: 13.458 GC heap after
{Heap after GC invocations=44 (full 0):
 garbage-first heap   total 214016K, used 99715K [0x0000000080000000, 0x0000000100000000)
  region size 1024K, 12 young (12288K), 12 survivors (12288K)
 Metaspace       used 96023K, committed 96640K, reserved 1138688K
  class space    used 13147K, committed 13440K, reserved 1048576K
}
Event: 14.386 GC heap before
{Heap before GC invocations=45 (full 0):
 garbage-first heap   total 214016K, used 172419K [0x0000000080000000, 0x0000000100000000)
  region size 1024K, 82 young (83968K), 12 survivors (12288K)
 Metaspace       used 99369K, committed 100096K, reserved 1138688K
  class space    used 13554K, committed 13952K, reserved 1048576K
}
Event: 14.401 GC heap after
{Heap after GC invocations=46 (full 0):
 garbage-first heap   total 214016K, used 110925K [0x0000000080000000, 0x0000000100000000)
  region size 1024K, 10 young (10240K), 10 survivors (10240K)
 Metaspace       used 99369K, committed 100096K, reserved 1138688K
  class space    used 13554K, committed 13952K, reserved 1048576K
}
Event: 14.404 GC heap before
{Heap before GC invocations=46 (full 0):
 garbage-first heap   total 214016K, used 110925K [0x0000000080000000, 0x0000000100000000)
  region size 1024K, 11 young (11264K), 10 survivors (10240K)
 Metaspace       used 99370K, committed 100096K, reserved 1138688K
  class space    used 13554K, committed 13952K, reserved 1048576K
}
Event: 14.410 GC heap after
{Heap after GC invocations=47 (full 0):
 garbage-first heap   total 214016K, used 110980K [0x0000000080000000, 0x0000000100000000)
  region size 1024K, 2 young (2048K), 2 survivors (2048K)
 Metaspace       used 99370K, committed 100096K, reserved 1138688K
  class space    used 13554K, committed 13952K, reserved 1048576K
}
Event: 14.674 GC heap before
{Heap before GC invocations=47 (full 0):
 garbage-first heap   total 214016K, used 171396K [0x0000000080000000, 0x0000000100000000)
  region size 1024K, 62 young (63488K), 2 survivors (2048K)
 Metaspace       used 99437K, committed 100160K, reserved 1138688K
  class space    used 13557K, committed 13952K, reserved 1048576K
}

Dll operation events (3 events):
Event: 0.012 Loaded shared library C:\Program Files\Android\Android Studio\jbr\bin\java.dll
Event: 0.112 Loaded shared library C:\Program Files\Android\Android Studio\jbr\bin\zip.dll
Event: 0.321 Loaded shared library C:\Program Files\Android\Android Studio\jbr\bin\verify.dll

Deoptimization events (20 events):
Event: 14.616 Thread 0x000002a3e30c91f0 DEOPT PACKING pc=0x000002a3cb227a31 sp=0x000000e0eb6fe840
Event: 14.616 Thread 0x000002a3e30c91f0 DEOPT UNPACKING pc=0x000002a3d12a7143 sp=0x000000e0eb6fdce0 mode 0
Event: 14.618 Thread 0x000002a3ec041b40 DEOPT PACKING pc=0x000002a3ca19df6c sp=0x000000e0f2dfdd40
Event: 14.618 Thread 0x000002a3ec041b40 DEOPT UNPACKING pc=0x000002a3d12a7143 sp=0x000000e0f2dfd298 mode 0
Event: 14.626 Thread 0x000002a3e30c96c0 DEOPT PACKING pc=0x000002a3cb227a31 sp=0x000000e0eb8fe520
Event: 14.626 Thread 0x000002a3e30c96c0 DEOPT UNPACKING pc=0x000002a3d12a7143 sp=0x000000e0eb8fd9c0 mode 0
Event: 14.630 Thread 0x000002a3ec041b40 DEOPT PACKING pc=0x000002a3ca19df6c sp=0x000000e0f2dfdde0
Event: 14.630 Thread 0x000002a3ec041b40 DEOPT UNPACKING pc=0x000002a3d12a7143 sp=0x000000e0f2dfd338 mode 0
Event: 14.634 Thread 0x000002a3e30c96c0 DEOPT PACKING pc=0x000002a3cb227a31 sp=0x000000e0eb8fe520
Event: 14.634 Thread 0x000002a3e30c96c0 DEOPT UNPACKING pc=0x000002a3d12a7143 sp=0x000000e0eb8fd9c0 mode 0
Event: 14.663 Thread 0x000002a3e3d170a0 Uncommon trap: trap_request=0xffffffd6 fr.pc=0x000002a3d1d1cbb0 relative=0x0000000000000990
Event: 14.663 Thread 0x000002a3e3d170a0 Uncommon trap: reason=array_check action=maybe_recompile pc=0x000002a3d1d1cbb0 method=java.util.TimSort.binarySort([Ljava/lang/Object;IIILjava/util/Comparator;)V @ 183 c2
Event: 14.663 Thread 0x000002a3e3d170a0 DEOPT PACKING pc=0x000002a3d1d1cbb0 sp=0x000000e0edbfa270
Event: 14.663 Thread 0x000002a3e3d170a0 DEOPT UNPACKING pc=0x000002a3d12a69a3 sp=0x000000e0edbfa218 mode 2
Event: 14.665 Thread 0x000002a3e3d170a0 Uncommon trap: trap_request=0xffffffde fr.pc=0x000002a3d1e1a320 relative=0x0000000000002060
Event: 14.665 Thread 0x000002a3e3d170a0 Uncommon trap: reason=class_check action=maybe_recompile pc=0x000002a3d1e1a320 method=org.gradle.internal.snapshot.impl.AbstractValueProcessor.processValue(Ljava/lang/Object;Lorg/gradle/internal/snapshot/impl/AbstractValueProcessor$ValueVisitor;)Ljava/lan
Event: 14.665 Thread 0x000002a3e3d170a0 DEOPT PACKING pc=0x000002a3d1e1a320 sp=0x000000e0edbfa190
Event: 14.665 Thread 0x000002a3e3d170a0 DEOPT UNPACKING pc=0x000002a3d12a69a3 sp=0x000000e0edbfa168 mode 2
Event: 14.668 Thread 0x000002a3e6f87f10 DEOPT PACKING pc=0x000002a3ca19df6c sp=0x000000e0ecffd870
Event: 14.668 Thread 0x000002a3e6f87f10 DEOPT UNPACKING pc=0x000002a3d12a7143 sp=0x000000e0ecffcdc8 mode 0

Classes unloaded (0 events):
No events

Classes redefined (0 events):
No events

Internal exceptions (20 events):
Event: 14.154 Thread 0x000002a3e3d183e0 Exception <a 'sun/nio/fs/WindowsException'{0x0000000089d4ce70}> (0x0000000089d4ce70) 
thrown [s\src\hotspot\share\prims\jni.cpp, line 517]
Event: 14.154 Thread 0x000002a3e3d183e0 Exception <a 'sun/nio/fs/WindowsException'{0x0000000089d4d260}> (0x0000000089d4d260) 
thrown [s\src\hotspot\share\prims\jni.cpp, line 517]
Event: 14.157 Thread 0x000002a3e3d183e0 Exception <a 'sun/nio/fs/WindowsException'{0x0000000089c82ed0}> (0x0000000089c82ed0) 
thrown [s\src\hotspot\share\prims\jni.cpp, line 517]
Event: 14.157 Thread 0x000002a3e3d183e0 Exception <a 'sun/nio/fs/WindowsException'{0x0000000089c832a8}> (0x0000000089c832a8) 
thrown [s\src\hotspot\share\prims\jni.cpp, line 517]
Event: 14.165 Thread 0x000002a3e3d183e0 Exception <a 'sun/nio/fs/WindowsException'{0x0000000089b433f8}> (0x0000000089b433f8) 
thrown [s\src\hotspot\share\prims\jni.cpp, line 517]
Event: 14.167 Thread 0x000002a3e3d183e0 Exception <a 'sun/nio/fs/WindowsException'{0x0000000089b56b98}> (0x0000000089b56b98) 
thrown [s\src\hotspot\share\prims\jni.cpp, line 517]
Event: 14.167 Thread 0x000002a3e3d183e0 Exception <a 'sun/nio/fs/WindowsException'{0x0000000089b56fe8}> (0x0000000089b56fe8) 
thrown [s\src\hotspot\share\prims\jni.cpp, line 517]
Event: 14.174 Thread 0x000002a3e3d183e0 Exception <a 'sun/nio/fs/WindowsException'{0x0000000089bd4d08}> (0x0000000089bd4d08) 
thrown [s\src\hotspot\share\prims\jni.cpp, line 517]
Event: 14.174 Thread 0x000002a3e3d183e0 Exception <a 'sun/nio/fs/WindowsException'{0x0000000089bd5158}> (0x0000000089bd5158) 
thrown [s\src\hotspot\share\prims\jni.cpp, line 517]
Event: 14.175 Thread 0x000002a3e3d183e0 Exception <a 'sun/nio/fs/WindowsException'{0x0000000089a0b0d8}> (0x0000000089a0b0d8) 
thrown [s\src\hotspot\share\prims\jni.cpp, line 517]
Event: 14.175 Thread 0x000002a3e3d183e0 Exception <a 'sun/nio/fs/WindowsException'{0x0000000089a0b518}> (0x0000000089a0b518) 
thrown [s\src\hotspot\share\prims\jni.cpp, line 517]
Event: 14.179 Thread 0x000002a3e3d183e0 Exception <a 'sun/nio/fs/WindowsException'{0x0000000089a40870}> (0x0000000089a40870) 
thrown [s\src\hotspot\share\prims\jni.cpp, line 517]
Event: 14.179 Thread 0x000002a3e3d183e0 Exception <a 'sun/nio/fs/WindowsException'{0x0000000089a40d20}> (0x0000000089a40d20) 
thrown [s\src\hotspot\share\prims\jni.cpp, line 517]
Event: 14.217 Thread 0x000002a3e3d183e0 Exception <a 'sun/nio/fs/WindowsException'{0x0000000089869528}> (0x0000000089869528) 
thrown [s\src\hotspot\share\prims\jni.cpp, line 517]
Event: 14.272 Thread 0x000002a3e3d183e0 Implicit null exception at 0x000002a3d187c7d1 to 0x000002a3d187d558
Event: 14.272 Thread 0x000002a3e3d183e0 Implicit null exception at 0x000002a3d1c41a80 to 0x000002a3d1c41d18
Event: 14.272 Thread 0x000002a3e3d183e0 Implicit null exception at 0x000002a3d18a3015 to 0x000002a3d18a389c
Event: 14.359 Thread 0x000002a3e30c8d20 Exception <a 'java/lang/NoSuchMethodError'{0x0000000088ec7a20}: static Lorg/gradle/internal/build/event/types/DefaultJavaCompileTaskSuccessResult;.<clinit>()V> (0x0000000088ec7a20) 
thrown [s\src\hotspot\share\prims\jni.cpp, line 1108]
Event: 14.362 Thread 0x000002a3e30c8d20 Exception <a 'java/lang/NoSuchMethodError'{0x0000000088eef908}: static [Ljava/lang/Object;.<clinit>()V> (0x0000000088eef908) 
thrown [s\src\hotspot\share\prims\jni.cpp, line 1108]
Event: 14.364 Thread 0x000002a3e3d183e0 Exception <a 'sun/nio/fs/WindowsException'{0x0000000088fe26b0}> (0x0000000088fe26b0) 
thrown [s\src\hotspot\share\prims\jni.cpp, line 517]

VM Operations (20 events):
Event: 14.058 Executing VM operation: ICBufferFull done
Event: 14.094 Executing VM operation: HandshakeAllThreads
Event: 14.094 Executing VM operation: HandshakeAllThreads done
Event: 14.135 Executing VM operation: ICBufferFull
Event: 14.135 Executing VM operation: ICBufferFull done
Event: 14.212 Executing VM operation: ICBufferFull
Event: 14.212 Executing VM operation: ICBufferFull done
Event: 14.271 Executing VM operation: HandshakeAllThreads
Event: 14.272 Executing VM operation: HandshakeAllThreads done
Event: 14.353 Executing VM operation: HandshakeAllThreads
Event: 14.353 Executing VM operation: HandshakeAllThreads done
Event: 14.354 Executing VM operation: HandshakeAllThreads
Event: 14.355 Executing VM operation: HandshakeAllThreads done
Event: 14.385 Executing VM operation: G1CollectForAllocation
Event: 14.401 Executing VM operation: G1CollectForAllocation done
Event: 14.404 Executing VM operation: G1CollectForAllocation
Event: 14.410 Executing VM operation: G1CollectForAllocation done
Event: 14.593 Executing VM operation: HandshakeAllThreads
Event: 14.593 Executing VM operation: HandshakeAllThreads done
Event: 14.674 Executing VM operation: G1CollectForAllocation

Events (20 events):
Event: 14.377 Thread 0x000002a3e3d87a70 Thread added: 0x000002a3e3d87a70
Event: 14.378 Thread 0x000002a3e3d875a0 Thread added: 0x000002a3e3d875a0
Event: 14.378 Thread 0x000002a3e3d88410 Thread added: 0x000002a3e3d88410
Event: 14.379 Thread 0x000002a3e3d88db0 Thread added: 0x000002a3e3d88db0
Event: 14.478 Thread 0x000002a3ebd95580 Thread added: 0x000002a3ebd95580
Event: 14.478 Thread 0x000002a3ebd985a0 Thread added: 0x000002a3ebd985a0
Event: 14.478 Thread 0x000002a3ebd94be0 Thread added: 0x000002a3ebd94be0
Event: 14.479 Thread 0x000002a3ebd950b0 Thread added: 0x000002a3ebd950b0
Event: 14.479 Thread 0x000002a3ebd968c0 Thread added: 0x000002a3ebd968c0
Event: 14.479 Thread 0x000002a3ebd95a50 Thread added: 0x000002a3ebd95a50
Event: 14.480 Thread 0x000002a3ebd96d90 Thread added: 0x000002a3ebd96d90
Event: 14.548 Thread 0x000002a3ec041b40 Thread added: 0x000002a3ec041b40
Event: 14.549 Thread 0x000002a3ec0441c0 Thread added: 0x000002a3ec0441c0
Event: 14.549 Thread 0x000002a3ec042010 Thread added: 0x000002a3ec042010
Event: 14.549 Thread 0x000002a3ec0411a0 Thread added: 0x000002a3ec0411a0
Event: 14.603 Thread 0x000002a3e183aa80 flushing nmethod 0x000002a3ca5ea210
Event: 14.608 Thread 0x000002a3e183aa80 flushing nmethod 0x000002a3cacbce90
Event: 14.608 Thread 0x000002a3e183aa80 flushing nmethod 0x000002a3cad53410
Event: 14.608 Thread 0x000002a3e183aa80 flushing nmethod 0x000002a3cad7e590
Event: 14.608 Thread 0x000002a3e183aa80 flushing nmethod 0x000002a3cad80610


Dynamic libraries:
0x00007ff7aba20000 - 0x00007ff7aba2a000 	C:\Program Files\Android\Android Studio\jbr\bin\java.exe
0x00007ffec4130000 - 0x00007ffec4347000 	C:\WINDOWS\SYSTEM32\ntdll.dll
0x00007ffec3c70000 - 0x00007ffec3d34000 	C:\WINDOWS\System32\KERNEL32.DLL
0x00007ffec17e0000 - 0x00007ffec1b97000 	C:\WINDOWS\System32\KERNELBASE.dll
0x00007ffec1580000 - 0x00007ffec1691000 	C:\WINDOWS\System32\ucrtbase.dll
0x00007ffebb980000 - 0x00007ffebb997000 	C:\Program Files\Android\Android Studio\jbr\bin\jli.dll
0x00007ffebb8e0000 - 0x00007ffebb8fb000 	C:\Program Files\Android\Android Studio\jbr\bin\VCRUNTIME140.dll
0x00007ffec2d60000 - 0x00007ffec2f0f000 	C:\WINDOWS\System32\USER32.dll
0x00007ffec1740000 - 0x00007ffec1766000 	C:\WINDOWS\System32\win32u.dll
0x00007ffeaeef0000 - 0x00007ffeaf183000 	C:\WINDOWS\WinSxS\amd64_microsoft.windows.common-controls_6595b64144ccf1df_6.0.22621.3672_none_2713b9d173822955\COMCTL32.dll
0x00007ffec38a0000 - 0x00007ffec38c9000 	C:\WINDOWS\System32\GDI32.dll
0x00007ffec3a10000 - 0x00007ffec3ab7000 	C:\WINDOWS\System32\msvcrt.dll
0x00007ffec1d10000 - 0x00007ffec1e28000 	C:\WINDOWS\System32\gdi32full.dll
0x00007ffec16a0000 - 0x00007ffec173a000 	C:\WINDOWS\System32\msvcp_win.dll
0x00007ffec38f0000 - 0x00007ffec3921000 	C:\WINDOWS\System32\IMM32.DLL
0x00007ffebc7b0000 - 0x00007ffebc7bc000 	C:\Program Files\Android\Android Studio\jbr\bin\vcruntime140_1.dll
0x00007ffe96aa0000 - 0x00007ffe96b2d000 	C:\Program Files\Android\Android Studio\jbr\bin\msvcp140.dll
0x00007ffe76820000 - 0x00007ffe7748e000 	C:\Program Files\Android\Android Studio\jbr\bin\server\jvm.dll
0x00007ffec2f10000 - 0x00007ffec2fc2000 	C:\WINDOWS\System32\ADVAPI32.dll
0x00007ffec3d60000 - 0x00007ffec3e08000 	C:\WINDOWS\System32\sechost.dll
0x00007ffec1e30000 - 0x00007ffec1e58000 	C:\WINDOWS\System32\bcrypt.dll
0x00007ffec30a0000 - 0x00007ffec31b4000 	C:\WINDOWS\System32\RPCRT4.dll
0x00007ffebcd90000 - 0x00007ffebcd99000 	C:\WINDOWS\SYSTEM32\WSOCK32.dll
0x00007ffebb7f0000 - 0x00007ffebb824000 	C:\WINDOWS\SYSTEM32\WINMM.dll
0x00007ffec3fd0000 - 0x00007ffec4041000 	C:\WINDOWS\System32\WS2_32.dll
0x00007ffebb4a0000 - 0x00007ffebb4aa000 	C:\WINDOWS\SYSTEM32\VERSION.dll
0x00007ffec0540000 - 0x00007ffec0558000 	C:\WINDOWS\SYSTEM32\kernel.appcore.dll
0x00007ffebcb00000 - 0x00007ffebcb0a000 	C:\Program Files\Android\Android Studio\jbr\bin\jimage.dll
0x00007ffebef90000 - 0x00007ffebf1c2000 	C:\WINDOWS\SYSTEM32\DBGHELP.DLL
0x00007ffec33b0000 - 0x00007ffec373e000 	C:\WINDOWS\System32\combase.dll
0x00007ffec31c0000 - 0x00007ffec3297000 	C:\WINDOWS\System32\OLEAUT32.dll
0x00007ffe9c980000 - 0x00007ffe9c9b2000 	C:\WINDOWS\SYSTEM32\dbgcore.DLL
0x00007ffec1440000 - 0x00007ffec14bb000 	C:\WINDOWS\System32\bcryptPrimitives.dll
0x00007ffebc760000 - 0x00007ffebc76e000 	C:\Program Files\Android\Android Studio\jbr\bin\instrument.dll
0x00007ffebc700000 - 0x00007ffebc725000 	C:\Program Files\Android\Android Studio\jbr\bin\java.dll
0x00007ffebc6e0000 - 0x00007ffebc6f8000 	C:\Program Files\Android\Android Studio\jbr\bin\zip.dll
0x00007ffec24f0000 - 0x00007ffec2d59000 	C:\WINDOWS\System32\SHELL32.dll
0x00007ffebf330000 - 0x00007ffebfc2f000 	C:\WINDOWS\SYSTEM32\windows.storage.dll
0x00007ffebf1f0000 - 0x00007ffebf32f000 	C:\WINDOWS\SYSTEM32\wintypes.dll
0x00007ffec32a0000 - 0x00007ffec3399000 	C:\WINDOWS\System32\SHCORE.dll
0x00007ffec3930000 - 0x00007ffec398e000 	C:\WINDOWS\System32\shlwapi.dll
0x00007ffec1370000 - 0x00007ffec1397000 	C:\WINDOWS\SYSTEM32\profapi.dll
0x00007ffebc6a0000 - 0x00007ffebc6b9000 	C:\Program Files\Android\Android Studio\jbr\bin\net.dll
0x00007ffeb8cf0000 - 0x00007ffeb8e26000 	C:\WINDOWS\SYSTEM32\WINHTTP.dll
0x00007ffec09b0000 - 0x00007ffec0a19000 	C:\WINDOWS\system32\mswsock.dll
0x00007ffebc680000 - 0x00007ffebc696000 	C:\Program Files\Android\Android Studio\jbr\bin\nio.dll
0x00007ffebc910000 - 0x00007ffebc920000 	C:\Program Files\Android\Android Studio\jbr\bin\verify.dll
0x00007ffebc7c0000 - 0x00007ffebc7e7000 	C:\Users\scher\.gradle\native\68d5fa5c4cc2d200863cafc0d521ce42e7d3e7ee720ec0a83991735586a16f82\windows-amd64\native-platform.dll
0x00007ffe86490000 - 0x00007ffe865d4000 	C:\Users\scher\.gradle\native\e376f236ea51e6404a007f0833ffe2c6e607c4080706a723a18a27aeea778392\windows-amd64\native-platform-file-events.dll
0x00007ffebc650000 - 0x00007ffebc659000 	C:\Program Files\Android\Android Studio\jbr\bin\management.dll
0x00007ffebc610000 - 0x00007ffebc61b000 	C:\Program Files\Android\Android Studio\jbr\bin\management_ext.dll
0x00007ffec40e0000 - 0x00007ffec40e8000 	C:\WINDOWS\System32\PSAPI.DLL
0x00007ffec0bf0000 - 0x00007ffec0c0b000 	C:\WINDOWS\SYSTEM32\CRYPTSP.dll
0x00007ffec04a0000 - 0x00007ffec04d5000 	C:\WINDOWS\system32\rsaenh.dll
0x00007ffec0a70000 - 0x00007ffec0a98000 	C:\WINDOWS\SYSTEM32\USERENV.dll
0x00007ffec0c10000 - 0x00007ffec0c1c000 	C:\WINDOWS\SYSTEM32\CRYPTBASE.dll
0x00007ffebff00000 - 0x00007ffebff2d000 	C:\WINDOWS\SYSTEM32\IPHLPAPI.DLL
0x00007ffec38d0000 - 0x00007ffec38d9000 	C:\WINDOWS\System32\NSI.dll
0x00007ffeb8ae0000 - 0x00007ffeb8af9000 	C:\WINDOWS\SYSTEM32\dhcpcsvc6.DLL
0x00007ffeb8a90000 - 0x00007ffeb8aaf000 	C:\WINDOWS\SYSTEM32\dhcpcsvc.DLL
0x00007ffebff70000 - 0x00007ffec0072000 	C:\WINDOWS\SYSTEM32\DNSAPI.dll
0x00007ffebc4c0000 - 0x00007ffebc4c8000 	C:\WINDOWS\system32\wshunix.dll

dbghelp: loaded successfully - version: 4.0.5 - missing functions: none
symbol engine: initialized successfully - sym options: 0x614 - pdb path: .;C:\Program Files\Android\Android Studio\jbr\bin;C:\WINDOWS\SYSTEM32;C:\WINDOWS\WinSxS\amd64_microsoft.windows.common-controls_6595b64144ccf1df_6.0.22621.3672_none_2713b9d173822955;C:\Program Files\Android\Android Studio\jbr\bin\server;C:\Users\scher\.gradle\native\68d5fa5c4cc2d200863cafc0d521ce42e7d3e7ee720ec0a83991735586a16f82\windows-amd64;C:\Users\scher\.gradle\native\e376f236ea51e6404a007f0833ffe2c6e607c4080706a723a18a27aeea778392\windows-amd64

VM Arguments:
jvm_args: --add-opens=java.base/java.util=ALL-UNNAMED --add-opens=java.base/java.lang=ALL-UNNAMED --add-opens=java.base/java.lang.invoke=ALL-UNNAMED --add-opens=java.prefs/java.util.prefs=ALL-UNNAMED --add-opens=java.base/java.nio.charset=ALL-UNNAMED --add-opens=java.base/java.net=ALL-UNNAMED --add-opens=java.base/java.util.concurrent.atomic=ALL-UNNAMED -Xmx2048m -Dfile.encoding=UTF-8 -Duser.country=BR -Duser.language=pt -Duser.variant -javaagent:C:\Users\scher\.gradle\wrapper\dists\gradle-8.1-bin\2eyty4r6kz6fpakefpk52nbbm\gradle-8.1\lib\agents\gradle-instrumentation-agent-8.1.jar 
java_command: org.gradle.launcher.daemon.bootstrap.GradleDaemon 8.1
java_class_path (initial): C:\Users\scher\.gradle\wrapper\dists\gradle-8.1-bin\2eyty4r6kz6fpakefpk52nbbm\gradle-8.1\lib\gradle-launcher-8.1.jar
Launcher Type: SUN_STANDARD

[Global flags]
     intx CICompilerCount                          = 4                                         {product} {ergonomic}
     uint ConcGCThreads                            = 2                                         {product} {ergonomic}
     uint G1ConcRefinementThreads                  = 8                                         {product} {ergonomic}
   size_t G1HeapRegionSize                         = 1048576                                   {product} {ergonomic}
    uintx GCDrainStackTargetSize                   = 64                                        {product} {ergonomic}
   size_t InitialHeapSize                          = 134217728                                 {product} {ergonomic}
   size_t MarkStackSize                            = 4194304                                   {product} {ergonomic}
   size_t MaxHeapSize                              = 2147483648                                {product} {command line}
   size_t MaxNewSize                               = 1287651328                                {product} {ergonomic}
   size_t MinHeapDeltaBytes                        = 1048576                                   {product} {ergonomic}
   size_t MinHeapSize                              = 8388608                                   {product} {ergonomic}
    uintx NonNMethodCodeHeapSize                   = 5839372                                {pd product} {ergonomic}
    uintx NonProfiledCodeHeapSize                  = 122909434                              {pd product} {ergonomic}
    uintx ProfiledCodeHeapSize                     = 122909434                              {pd product} {ergonomic}
    uintx ReservedCodeCacheSize                    = 251658240                              {pd product} {ergonomic}
     bool SegmentedCodeCache                       = true                                      {product} {ergonomic}
   size_t SoftMaxHeapSize                          = 2147483648                             {manageable} {ergonomic}
     bool UseCompressedClassPointers               = true                           {product lp64_product} {ergonomic}
     bool UseCompressedOops                        = true                           {product lp64_product} {ergonomic}
     bool UseG1GC                                  = true                                      {product} {ergonomic}
     bool UseLargePagesIndividualAllocation        = false                                  {pd product} {ergonomic}

Logging:
Log output configuration:
 #0: stdout all=warning uptime,level,tags
 #1: stderr all=off uptime,level,tags

Environment Variables:
PATH=C:\Program Files\Common Files\Oracle\Java\javapath;C:\Program Files (x86)\Embarcadero\Studio\22.0\bin;C:\Users\Public\Documents\Embarcadero\Studio\22.0\Bpl;C:\Program Files (x86)\Embarcadero\Studio\22.0\bin64;C:\Users\Public\Documents\Embarcadero\Studio\22.0\Bpl\Win64;C:\Program Files (x86)\Embarcadero\Studio\21.0\bin;C:\Users\Public\Documents\Embarcadero\Studio\21.0\Bpl;C:\Program Files (x86)\Embarcadero\Studio\21.0\bin64;C:\Users\Public\Documents\Embarcadero\Studio\21.0\Bpl\Win64;C:\Windows\system32;C:\Windows;C:\Windows\System32\Wbem;C:\Windows\System32\WindowsPowerShell\v1.0\;C:\Windows\System32\OpenSSH\;C:\Program Files (x86)\NVIDIA Corporation\PhysX\Common;C:\Program Files\NVIDIA Corporation\NVIDIA NvDLISR;C:\WINDOWS\system32;C:\WINDOWS;C:\WINDOWS\System32\Wbem;C:\WINDOWS\System32\WindowsPowerShell\v1.0\;C:\WINDOWS\System32\OpenSSH\;C:\Program Files\dotnet\;C:\Program Files (x86)\Windows Kits\10\Windows Performance Toolkit\;C:\Program Files\Git\cmd;C:\Users\scher\AppData\Local\Microsoft\WindowsApps;;C:\Users\scher\AppData\Local\Programs\Microsoft VS Code\bin
USERNAME=scher
OS=Windows_NT
PROCESSOR_IDENTIFIER=Intel64 Family 6 Model 142 Stepping 12, GenuineIntel
TMP=C:\Users\scher\AppData\Local\Temp
TEMP=C:\Users\scher\AppData\Local\Temp


JNI global refs:
JNI global refs: 27, weak refs: 14

JNI global refs memory usage: 843, weak refs: 841


---------------  S Y S T E M  ---------------

OS:
 Windows 11 , 64 bit Build 22621 (10.0.22621.3958)
OS uptime: 5 days 22:50 hours
Hyper-V role detected

CPU: total 8 (initial active 8) (4 cores per cpu, 2 threads per core) family 6 model 142 stepping 12 microcode 0xea, cx8, cmov, fxsr, ht, mmx, 3dnowpref, sse, sse2, sse3, ssse3, sse4.1, sse4.2, popcnt, lzcnt, tsc, tscinvbit, avx, avx2, aes, erms, clmul, bmi1, bmi2, adx, fma, vzeroupper, clflush, clflushopt, hv

Memory: 4k page, system-wide physical 8072M (293M free)
TotalPageFile size 10120M (AvailPageFile size 200M)
current process WorkingSet (physical memory assigned to process): 488M, peak: 490M
current process commit charge ("private bytes"): 520M, peak: 805M

vm_info: OpenJDK 64-Bit Server VM (17.0.6+0-b2043.56-10027231) for windows-amd64 JRE (17.0.6+0-b2043.56-10027231), built on Apr 28 2023 00:43:19 by "androidbuild" with MS VC++ 16.10 / 16.11 (VS2019)

END.
