#
# There is insufficient memory for the Java Runtime Environment to continue.
# Native memory allocation (mmap) failed to map 243269632 bytes for G1 virtual space
# Possible reasons:
#   The system is out of physical RAM or swap space
#   The process is running with CompressedOops enabled, and the Java Heap may be blocking the growth of the native heap
# Possible solutions:
#   Reduce memory load on the system
#   Increase physical memory or swap space
#   Check if swap backing store is full
#   Decrease Java heap size (-Xmx/-Xms)
#   Decrease number of Java threads
#   Decrease Java thread stack sizes (-Xss)
#   Set larger code cache with -XX:ReservedCodeCacheSize=
#   JVM is running with Unscaled Compressed Oops mode in which the Java heap is
#     placed in the first 4GB address space. The Java Heap base address is the
#     maximum limit for the native heap growth. Please use -XX:HeapBaseMinAddress
#     to set the Java Heap base and to place the Java Heap above 4GB virtual address.
# This output file may be truncated or incomplete.
#
#  Out of Memory Error (os_windows.cpp:3769), pid=3492, tid=7260
#
# JRE version: OpenJDK Runtime Environment (17.0.6) (build 17.0.6+0-b2043.56-10027231)
# Java VM: OpenJDK 64-Bit Server VM (17.0.6+0-b2043.56-10027231, mixed mode, tiered, compressed oops, compressed class ptrs, g1 gc, windows-amd64)
# No core dump will be written. Minidumps are not enabled by default on client versions of Windows
#

---------------  S U M M A R Y ------------

Command Line: --add-opens=java.base/java.util=ALL-UNNAMED --add-opens=java.base/java.lang=ALL-UNNAMED --add-opens=java.base/java.lang.invoke=ALL-UNNAMED --add-opens=java.prefs/java.util.prefs=ALL-UNNAMED --add-opens=java.base/java.nio.charset=ALL-UNNAMED --add-opens=java.base/java.net=ALL-UNNAMED --add-opens=java.base/java.util.concurrent.atomic=ALL-UNNAMED -Xmx2048m -Dfile.encoding=UTF-8 -Duser.country=BR -Duser.language=pt -Duser.variant org.gradle.launcher.daemon.bootstrap.GradleDaemon 8.0

Host: Intel(R) Core(TM) i7-8565U CPU @ 1.80GHz, 8 cores, 7G,  Windows 11 , 64 bit Build 22621 (10.0.22621.3958)
Time: Sun Sep  1 01:17:18 2024 Hora oficial do Brasil elapsed time: 11.001047 seconds (0d 0h 0m 11s)

---------------  T H R E A D  ---------------

Current thread (0x000002685e661950):  VMThread "VM Thread" [stack: 0x000000df0e100000,0x000000df0e200000] [id=7260]

Stack: [0x000000df0e100000,0x000000df0e200000]
Native frames: (J=compiled Java code, j=interpreted, Vv=VM code, C=native code)
V  [jvm.dll+0x683c9a]
V  [jvm.dll+0x8427a4]
V  [jvm.dll+0x843f9e]
V  [jvm.dll+0x844603]
V  [jvm.dll+0x249b75]
V  [jvm.dll+0x680b69]
V  [jvm.dll+0x67505a]
V  [jvm.dll+0x309acb]
V  [jvm.dll+0x310f86]
V  [jvm.dll+0x3608ee]
V  [jvm.dll+0x360b1f]
V  [jvm.dll+0x2dfbf8]
V  [jvm.dll+0x2ddec4]
V  [jvm.dll+0x2dd4cc]
V  [jvm.dll+0x321f3b]
V  [jvm.dll+0x848ccb]
V  [jvm.dll+0x849a04]
V  [jvm.dll+0x849f1d]
V  [jvm.dll+0x84a2f4]
V  [jvm.dll+0x84a3c0]
V  [jvm.dll+0x7f274a]
V  [jvm.dll+0x682ad5]
C  [ucrtbase.dll+0x29333]
C  [KERNEL32.DLL+0x1257d]
C  [ntdll.dll+0x5af28]

VM_Operation (0x000000df131fd260): G1CollectForAllocation, mode: safepoint, requested by thread 0x0000026868843360


---------------  P R O C E S S  ---------------

Threads class SMR info:
_java_thread_list=0x0000026862f77c30, length=136, elements={
0x000002684274dfd0, 0x000002685f013a70, 0x000002685f015080, 0x000002685e6768d0,
0x000002685e677480, 0x000002685f03b000, 0x000002685f03c760, 0x000002685f03d4f0,
0x000002685f03e730, 0x000002685f03f8c0, 0x000002685f1bd910, 0x000002685f1bcc30,
0x0000026860540070, 0x0000026860540a10, 0x00000268605426f0, 0x0000026860542bc0,
0x0000026860540ee0, 0x00000268605413b0, 0x0000026860543560, 0x0000026860540540,
0x0000026860541880, 0x0000026860543090, 0x0000026860542220, 0x0000026860543a30,
0x0000026861c30f90, 0x0000026861c31460, 0x0000026861c31930, 0x0000026861c30ac0,
0x0000026861c327a0, 0x0000026861c31e00, 0x0000026861c33140, 0x0000026861c34480,
0x0000026861c322d0, 0x0000026861c32c70, 0x0000026861c33610, 0x0000026861c33fb0,
0x000002686162d500, 0x000002686162c1c0, 0x000002686162a4e0, 0x000002686162f6b0,
0x000002686162d9d0, 0x000002686162bcf0, 0x0000026861629b40, 0x000002686162b350,
0x000002686162fb80, 0x0000026861630ec0, 0x000002686162e840, 0x000002686162b820,
0x0000026861630050, 0x0000026861630520, 0x000002686162c690, 0x000002686162cb60,
0x000002686162d030, 0x000002686162ed10, 0x000002686162f1e0, 0x00000268688459e0,
0x0000026868843d00, 0x0000026868846850, 0x00000268688493a0, 0x00000268688476c0,
0x0000026868845eb0, 0x0000026868846d20, 0x0000026868849870, 0x00000268688441d0,
0x0000026868848060, 0x0000026868847b90, 0x0000026868848530, 0x0000026868848a00,
0x00000268688471f0, 0x0000026868843360, 0x0000026868848ed0, 0x000002686884a210,
0x00000268688446a0, 0x00000268688429c0, 0x0000026868844b70, 0x0000026868845510,
0x0000026868843830, 0x0000026868849d40, 0x0000026868842e90, 0x0000026868846380,
0x0000026868845040, 0x0000026862ccdd60, 0x0000026862cce700, 0x0000026862ccb6e0,
0x0000026862ccd3c0, 0x0000026862cce230, 0x0000026862cc9a00, 0x0000026862ccc550,
0x0000026862ccbbb0, 0x0000026862ccfa40, 0x0000026862ccc080, 0x0000026862cc9ed0,
0x0000026862cca870, 0x0000026862ccb210, 0x0000026862ccad40, 0x0000026862ccca20,
0x0000026862cccef0, 0x0000026862ccff10, 0x0000026862ccd890, 0x0000026862ccebd0,
0x0000026862cd08b0, 0x0000026862ccf0a0, 0x0000026862cc9530, 0x0000026862ccf570,
0x0000026862cd03e0, 0x0000026862cc9060, 0x0000026862cca3a0, 0x000002686472a330,
0x000002686472d350, 0x00000268647264a0, 0x0000026864726970, 0x0000026864729990,
0x000002686472ce80, 0x000002686472a800, 0x0000026864728180, 0x000002686472d820,
0x0000026864727310, 0x0000026864729e60, 0x000002686472acd0, 0x0000026864725fd0,
0x0000026864727cb0, 0x000002686472b1a0, 0x0000026864726e40, 0x000002685f285020,
0x000002685f691070, 0x0000026864728b20, 0x000002686472c4e0, 0x000002686241b0f0,
0x0000026862419410, 0x000002686241ba90, 0x000002686241a280, 0x0000026862418a70,
0x00000268624180d0, 0x00000268624198e0, 0x0000026862418f40, 0x000002686241a750
}

Java Threads: ( => current thread )
  0x000002684274dfd0 JavaThread "main" [_thread_blocked, id=11764, stack(0x000000df0db00000,0x000000df0dc00000)]
  0x000002685f013a70 JavaThread "Reference Handler" daemon [_thread_blocked, id=14308, stack(0x000000df0e200000,0x000000df0e300000)]
  0x000002685f015080 JavaThread "Finalizer" daemon [_thread_blocked, id=12736, stack(0x000000df0e300000,0x000000df0e400000)]
  0x000002685e6768d0 JavaThread "Signal Dispatcher" daemon [_thread_blocked, id=5292, stack(0x000000df0e400000,0x000000df0e500000)]
  0x000002685e677480 JavaThread "Attach Listener" daemon [_thread_blocked, id=772, stack(0x000000df0e500000,0x000000df0e600000)]
  0x000002685f03b000 JavaThread "Service Thread" daemon [_thread_blocked, id=14168, stack(0x000000df0e600000,0x000000df0e700000)]
  0x000002685f03c760 JavaThread "Monitor Deflation Thread" daemon [_thread_blocked, id=15256, stack(0x000000df0e700000,0x000000df0e800000)]
  0x000002685f03d4f0 JavaThread "C2 CompilerThread0" daemon [_thread_blocked, id=15108, stack(0x000000df0e800000,0x000000df0e900000)]
  0x000002685f03e730 JavaThread "C1 CompilerThread0" daemon [_thread_blocked, id=7748, stack(0x000000df0e900000,0x000000df0ea00000)]
  0x000002685f03f8c0 JavaThread "Sweeper thread" daemon [_thread_blocked, id=3208, stack(0x000000df0ea00000,0x000000df0eb00000)]
  0x000002685f1bd910 JavaThread "Common-Cleaner" daemon [_thread_blocked, id=10832, stack(0x000000df0eb00000,0x000000df0ec00000)]
  0x000002685f1bcc30 JavaThread "Notification Thread" daemon [_thread_blocked, id=13400, stack(0x000000df0ec00000,0x000000df0ed00000)]
  0x0000026860540070 JavaThread "Daemon health stats" [_thread_blocked, id=14552, stack(0x000000df0f400000,0x000000df0f500000)]
  0x0000026860540a10 JavaThread "Incoming local TCP Connector on port 53261" [_thread_in_native, id=13292, stack(0x000000df0f500000,0x000000df0f600000)]
  0x00000268605426f0 JavaThread "Daemon periodic checks" [_thread_blocked, id=7236, stack(0x000000df0f600000,0x000000df0f700000)]
  0x0000026860542bc0 JavaThread "Daemon" [_thread_blocked, id=9640, stack(0x000000df0f700000,0x000000df0f800000)]
  0x0000026860540ee0 JavaThread "Handler for socket connection from /127.0.0.1:53261 to /127.0.0.1:53262" [_thread_in_native, id=3060, stack(0x000000df0f800000,0x000000df0f900000)]
  0x00000268605413b0 JavaThread "Cancel handler" [_thread_blocked, id=3936, stack(0x000000df0f900000,0x000000df0fa00000)]
  0x0000026860543560 JavaThread "Daemon worker" [_thread_blocked, id=14612, stack(0x000000df0fa00000,0x000000df0fb00000)]
  0x0000026860540540 JavaThread "Asynchronous log dispatcher for DefaultDaemonConnection: socket connection from /127.0.0.1:53261 to /127.0.0.1:53262" [_thread_blocked, id=10476, stack(0x000000df0fb00000,0x000000df0fc00000)]
  0x0000026860541880 JavaThread "Stdin handler" [_thread_blocked, id=4360, stack(0x000000df0fc00000,0x000000df0fd00000)]
  0x0000026860543090 JavaThread "Daemon client event forwarder" [_thread_blocked, id=6964, stack(0x000000df0fd00000,0x000000df0fe00000)]
  0x0000026860542220 JavaThread "Cache worker for journal cache (C:\Users\scher\.gradle\caches\journal-1)" [_thread_blocked, id=11904, stack(0x000000df10200000,0x000000df10300000)]
  0x0000026860543a30 JavaThread "File lock request listener" [_thread_in_native, id=15124, stack(0x000000df10300000,0x000000df10400000)]
  0x0000026861c30f90 JavaThread "Cache worker for file hash cache (C:\Users\scher\.gradle\caches\8.0\fileHashes)" [_thread_blocked, id=14896, stack(0x000000df10400000,0x000000df10500000)]
  0x0000026861c31460 JavaThread "File watcher server" daemon [_thread_in_native, id=13748, stack(0x000000df10500000,0x000000df10600000)]
  0x0000026861c31930 JavaThread "File watcher consumer" daemon [_thread_blocked, id=1868, stack(0x000000df10600000,0x000000df10700000)]
  0x0000026861c30ac0 JavaThread "jar transforms" [_thread_blocked, id=14768, stack(0x000000df10700000,0x000000df10800000)]
  0x0000026861c327a0 JavaThread "jar transforms Thread 2" [_thread_blocked, id=14272, stack(0x000000df10800000,0x000000df10900000)]
  0x0000026861c31e00 JavaThread "jar transforms Thread 3" [_thread_blocked, id=6840, stack(0x000000df10900000,0x000000df10a00000)]
  0x0000026861c33140 JavaThread "jar transforms Thread 4" [_thread_blocked, id=3008, stack(0x000000df10a00000,0x000000df10b00000)]
  0x0000026861c34480 JavaThread "jar transforms Thread 5" [_thread_blocked, id=12868, stack(0x000000df10b00000,0x000000df10c00000)]
  0x0000026861c322d0 JavaThread "jar transforms Thread 6" [_thread_blocked, id=6660, stack(0x000000df10c00000,0x000000df10d00000)]
  0x0000026861c32c70 JavaThread "jar transforms Thread 7" [_thread_blocked, id=5400, stack(0x000000df10d00000,0x000000df10e00000)]
  0x0000026861c33610 JavaThread "jar transforms Thread 8" [_thread_blocked, id=7816, stack(0x000000df10e00000,0x000000df10f00000)]
  0x0000026861c33fb0 JavaThread "Cache worker for checksums cache (C:\Users\scher\Documents\PROJETOS ANDROID\RECICLAAI\.gradle\8.0\checksums)" [_thread_blocked, id=3496, stack(0x000000df10f00000,0x000000df11000000)]
  0x000002686162d500 JavaThread "Cache worker for cache directory md-rule (C:\Users\scher\.gradle\caches\8.0\md-rule)" [_thread_blocked, id=5624, stack(0x000000df11000000,0x000000df11100000)]
  0x000002686162c1c0 JavaThread "Cache worker for file content cache (C:\Users\scher\.gradle\caches\8.0\fileContent)" [_thread_blocked, id=3396, stack(0x000000df11100000,0x000000df11200000)]
  0x000002686162a4e0 JavaThread "Cache worker for file hash cache (C:\Users\scher\Documents\PROJETOS ANDROID\RECICLAAI\.gradle\8.0\fileHashes)" [_thread_blocked, id=12000, stack(0x000000df11200000,0x000000df11300000)]
  0x000002686162f6b0 JavaThread "Cache worker for cache directory md-supplier (C:\Users\scher\.gradle\caches\8.0\md-supplier)" [_thread_blocked, id=13916, stack(0x000000df11300000,0x000000df11400000)]
  0x000002686162d9d0 JavaThread "Cache worker for execution history cache (C:\Users\scher\.gradle\caches\8.0\executionHistory)" [_thread_blocked, id=12444, stack(0x000000df11400000,0x000000df11500000)]
  0x000002686162bcf0 JavaThread "Cache worker for dependencies-accessors (C:\Users\scher\Documents\PROJETOS ANDROID\RECICLAAI\.gradle\8.0\dependencies-accessors)" [_thread_blocked, id=14276, stack(0x000000df11500000,0x000000df11600000)]
  0x0000026861629b40 JavaThread "Cache worker for Build Output Cleanup Cache (C:\Users\scher\Documents\PROJETOS ANDROID\RECICLAAI\.gradle\buildOutputCleanup)" [_thread_blocked, id=9168, stack(0x000000df11600000,0x000000df11700000)]
  0x000002686162b350 JavaThread "Unconstrained build operations" [_thread_blocked, id=8576, stack(0x000000df11700000,0x000000df11800000)]
  0x000002686162fb80 JavaThread "Unconstrained build operations Thread 2" [_thread_blocked, id=8260, stack(0x000000df11800000,0x000000df11900000)]
  0x0000026861630ec0 JavaThread "Unconstrained build operations Thread 3" [_thread_blocked, id=8680, stack(0x000000df11900000,0x000000df11a00000)]
  0x000002686162e840 JavaThread "Unconstrained build operations Thread 4" [_thread_blocked, id=9128, stack(0x000000df11a00000,0x000000df11b00000)]
  0x000002686162b820 JavaThread "Unconstrained build operations Thread 5" [_thread_blocked, id=14956, stack(0x000000df11b00000,0x000000df11c00000)]
  0x0000026861630050 JavaThread "Unconstrained build operations Thread 6" [_thread_blocked, id=13564, stack(0x000000df11c00000,0x000000df11d00000)]
  0x0000026861630520 JavaThread "Unconstrained build operations Thread 7" [_thread_blocked, id=2296, stack(0x000000df11d00000,0x000000df11e00000)]
  0x000002686162c690 JavaThread "Unconstrained build operations Thread 8" [_thread_blocked, id=7292, stack(0x000000df11e00000,0x000000df11f00000)]
  0x000002686162cb60 JavaThread "Unconstrained build operations Thread 9" [_thread_blocked, id=11316, stack(0x000000df11f00000,0x000000df12000000)]
  0x000002686162d030 JavaThread "Unconstrained build operations Thread 10" [_thread_blocked, id=14944, stack(0x000000df12000000,0x000000df12100000)]
  0x000002686162ed10 JavaThread "Unconstrained build operations Thread 11" [_thread_blocked, id=12004, stack(0x000000df12100000,0x000000df12200000)]
  0x000002686162f1e0 JavaThread "Unconstrained build operations Thread 12" [_thread_blocked, id=9676, stack(0x000000df12200000,0x000000df12300000)]
  0x00000268688459e0 JavaThread "Unconstrained build operations Thread 13" [_thread_blocked, id=8148, stack(0x000000df12300000,0x000000df12400000)]
  0x0000026868843d00 JavaThread "Unconstrained build operations Thread 14" [_thread_blocked, id=12464, stack(0x000000df12400000,0x000000df12500000)]
  0x0000026868846850 JavaThread "Unconstrained build operations Thread 15" [_thread_blocked, id=9748, stack(0x000000df12500000,0x000000df12600000)]
  0x00000268688493a0 JavaThread "Unconstrained build operations Thread 16" [_thread_blocked, id=2084, stack(0x000000df12600000,0x000000df12700000)]
  0x00000268688476c0 JavaThread "Unconstrained build operations Thread 17" [_thread_blocked, id=11568, stack(0x000000df12700000,0x000000df12800000)]
  0x0000026868845eb0 JavaThread "Unconstrained build operations Thread 18" [_thread_blocked, id=13832, stack(0x000000df12800000,0x000000df12900000)]
  0x0000026868846d20 JavaThread "Unconstrained build operations Thread 19" [_thread_blocked, id=6908, stack(0x000000df12900000,0x000000df12a00000)]
  0x0000026868849870 JavaThread "Unconstrained build operations Thread 20" [_thread_blocked, id=2596, stack(0x000000df12a00000,0x000000df12b00000)]
  0x00000268688441d0 JavaThread "Unconstrained build operations Thread 21" [_thread_blocked, id=5192, stack(0x000000df12b00000,0x000000df12c00000)]
  0x0000026868848060 JavaThread "Unconstrained build operations Thread 22" [_thread_blocked, id=3012, stack(0x000000df12c00000,0x000000df12d00000)]
  0x0000026868847b90 JavaThread "Unconstrained build operations Thread 23" [_thread_blocked, id=5928, stack(0x000000df12d00000,0x000000df12e00000)]
  0x0000026868848530 JavaThread "Unconstrained build operations Thread 24" [_thread_blocked, id=1336, stack(0x000000df12e00000,0x000000df12f00000)]
  0x0000026868848a00 JavaThread "Unconstrained build operations Thread 25" [_thread_blocked, id=13152, stack(0x000000df12f00000,0x000000df13000000)]
  0x00000268688471f0 JavaThread "Unconstrained build operations Thread 26" [_thread_blocked, id=13316, stack(0x000000df13000000,0x000000df13100000)]
  0x0000026868843360 JavaThread "Unconstrained build operations Thread 27" [_thread_blocked, id=14436, stack(0x000000df13100000,0x000000df13200000)]
  0x0000026868848ed0 JavaThread "Unconstrained build operations Thread 28" [_thread_blocked, id=10420, stack(0x000000df13200000,0x000000df13300000)]
  0x000002686884a210 JavaThread "Unconstrained build operations Thread 29" [_thread_blocked, id=14596, stack(0x000000df13300000,0x000000df13400000)]
  0x00000268688446a0 JavaThread "Unconstrained build operations Thread 30" [_thread_blocked, id=14296, stack(0x000000df13400000,0x000000df13500000)]
  0x00000268688429c0 JavaThread "Unconstrained build operations Thread 31" [_thread_blocked, id=2184, stack(0x000000df13500000,0x000000df13600000)]
  0x0000026868844b70 JavaThread "Unconstrained build operations Thread 32" [_thread_blocked, id=5108, stack(0x000000df13600000,0x000000df13700000)]
  0x0000026868845510 JavaThread "Unconstrained build operations Thread 33" [_thread_blocked, id=15268, stack(0x000000df13700000,0x000000df13800000)]
  0x0000026868843830 JavaThread "Unconstrained build operations Thread 34" [_thread_blocked, id=15192, stack(0x000000df13800000,0x000000df13900000)]
  0x0000026868849d40 JavaThread "Unconstrained build operations Thread 35" [_thread_blocked, id=7440, stack(0x000000df13900000,0x000000df13a00000)]
  0x0000026868842e90 JavaThread "Unconstrained build operations Thread 36" [_thread_blocked, id=12132, stack(0x000000df13a00000,0x000000df13b00000)]
  0x0000026868846380 JavaThread "Unconstrained build operations Thread 37" [_thread_blocked, id=3992, stack(0x000000df13b00000,0x000000df13c00000)]
  0x0000026868845040 JavaThread "Unconstrained build operations Thread 38" [_thread_blocked, id=12152, stack(0x000000df13c00000,0x000000df13d00000)]
  0x0000026862ccdd60 JavaThread "Unconstrained build operations Thread 39" [_thread_blocked, id=12100, stack(0x000000df13d00000,0x000000df13e00000)]
  0x0000026862cce700 JavaThread "Unconstrained build operations Thread 40" [_thread_blocked, id=2968, stack(0x000000df13e00000,0x000000df13f00000)]
  0x0000026862ccb6e0 JavaThread "Unconstrained build operations Thread 41" [_thread_blocked, id=11276, stack(0x000000df13f00000,0x000000df14000000)]
  0x0000026862ccd3c0 JavaThread "Unconstrained build operations Thread 42" [_thread_blocked, id=10932, stack(0x000000df14000000,0x000000df14100000)]
  0x0000026862cce230 JavaThread "Unconstrained build operations Thread 43" [_thread_blocked, id=8536, stack(0x000000df14100000,0x000000df14200000)]
  0x0000026862cc9a00 JavaThread "Unconstrained build operations Thread 44" [_thread_blocked, id=14164, stack(0x000000df14200000,0x000000df14300000)]
  0x0000026862ccc550 JavaThread "Unconstrained build operations Thread 45" [_thread_blocked, id=3784, stack(0x000000df14300000,0x000000df14400000)]
  0x0000026862ccbbb0 JavaThread "Unconstrained build operations Thread 46" [_thread_blocked, id=15168, stack(0x000000df14400000,0x000000df14500000)]
  0x0000026862ccfa40 JavaThread "Unconstrained build operations Thread 47" [_thread_blocked, id=9400, stack(0x000000df14500000,0x000000df14600000)]
  0x0000026862ccc080 JavaThread "Unconstrained build operations Thread 48" [_thread_blocked, id=8796, stack(0x000000df14600000,0x000000df14700000)]
  0x0000026862cc9ed0 JavaThread "Unconstrained build operations Thread 49" [_thread_blocked, id=14116, stack(0x000000df14700000,0x000000df14800000)]
  0x0000026862cca870 JavaThread "Unconstrained build operations Thread 50" [_thread_blocked, id=10160, stack(0x000000df14800000,0x000000df14900000)]
  0x0000026862ccb210 JavaThread "Unconstrained build operations Thread 51" [_thread_blocked, id=7376, stack(0x000000df14900000,0x000000df14a00000)]
  0x0000026862ccad40 JavaThread "Unconstrained build operations Thread 52" [_thread_blocked, id=13348, stack(0x000000df14a00000,0x000000df14b00000)]
  0x0000026862ccca20 JavaThread "Unconstrained build operations Thread 53" [_thread_blocked, id=7864, stack(0x000000df14b00000,0x000000df14c00000)]
  0x0000026862cccef0 JavaThread "Unconstrained build operations Thread 54" [_thread_blocked, id=2116, stack(0x000000df14c00000,0x000000df14d00000)]
  0x0000026862ccff10 JavaThread "Unconstrained build operations Thread 55" [_thread_blocked, id=10392, stack(0x000000df14d00000,0x000000df14e00000)]
  0x0000026862ccd890 JavaThread "Unconstrained build operations Thread 56" [_thread_blocked, id=512, stack(0x000000df14e00000,0x000000df14f00000)]
  0x0000026862ccebd0 JavaThread "Unconstrained build operations Thread 57" [_thread_blocked, id=11220, stack(0x000000df14f00000,0x000000df15000000)]
  0x0000026862cd08b0 JavaThread "Unconstrained build operations Thread 58" [_thread_blocked, id=8960, stack(0x000000df15000000,0x000000df15100000)]
  0x0000026862ccf0a0 JavaThread "Unconstrained build operations Thread 59" [_thread_blocked, id=8012, stack(0x000000df15100000,0x000000df15200000)]
  0x0000026862cc9530 JavaThread "Unconstrained build operations Thread 60" [_thread_blocked, id=10744, stack(0x000000df15200000,0x000000df15300000)]
  0x0000026862ccf570 JavaThread "Unconstrained build operations Thread 61" [_thread_blocked, id=4780, stack(0x000000df15300000,0x000000df15400000)]
  0x0000026862cd03e0 JavaThread "Unconstrained build operations Thread 62" [_thread_blocked, id=4044, stack(0x000000df15400000,0x000000df15500000)]
  0x0000026862cc9060 JavaThread "Unconstrained build operations Thread 63" [_thread_blocked, id=9392, stack(0x000000df15500000,0x000000df15600000)]
  0x0000026862cca3a0 JavaThread "Unconstrained build operations Thread 64" [_thread_blocked, id=3484, stack(0x000000df15600000,0x000000df15700000)]
  0x000002686472a330 JavaThread "Unconstrained build operations Thread 65" [_thread_blocked, id=2920, stack(0x000000df15700000,0x000000df15800000)]
  0x000002686472d350 JavaThread "Unconstrained build operations Thread 66" [_thread_blocked, id=3200, stack(0x000000df15800000,0x000000df15900000)]
  0x00000268647264a0 JavaThread "Unconstrained build operations Thread 67" [_thread_blocked, id=3636, stack(0x000000df15900000,0x000000df15a00000)]
  0x0000026864726970 JavaThread "Unconstrained build operations Thread 68" [_thread_blocked, id=5348, stack(0x000000df15a00000,0x000000df15b00000)]
  0x0000026864729990 JavaThread "Unconstrained build operations Thread 69" [_thread_blocked, id=11252, stack(0x000000df15b00000,0x000000df15c00000)]
  0x000002686472ce80 JavaThread "Unconstrained build operations Thread 70" [_thread_blocked, id=8968, stack(0x000000df15c00000,0x000000df15d00000)]
  0x000002686472a800 JavaThread "Unconstrained build operations Thread 71" [_thread_blocked, id=5944, stack(0x000000df15d00000,0x000000df15e00000)]
  0x0000026864728180 JavaThread "Unconstrained build operations Thread 72" [_thread_blocked, id=2268, stack(0x000000df15e00000,0x000000df15f00000)]
  0x000002686472d820 JavaThread "Unconstrained build operations Thread 73" [_thread_blocked, id=6892, stack(0x000000df15f00000,0x000000df16000000)]
  0x0000026864727310 JavaThread "Unconstrained build operations Thread 74" [_thread_blocked, id=2608, stack(0x000000df16000000,0x000000df16100000)]
  0x0000026864729e60 JavaThread "Unconstrained build operations Thread 75" [_thread_blocked, id=10760, stack(0x000000df16100000,0x000000df16200000)]
  0x000002686472acd0 JavaThread "Unconstrained build operations Thread 76" [_thread_blocked, id=10512, stack(0x000000df16200000,0x000000df16300000)]
  0x0000026864725fd0 JavaThread "Unconstrained build operations Thread 77" [_thread_blocked, id=7076, stack(0x000000df16300000,0x000000df16400000)]
  0x0000026864727cb0 JavaThread "Unconstrained build operations Thread 78" [_thread_blocked, id=3348, stack(0x000000df16400000,0x000000df16500000)]
  0x000002686472b1a0 JavaThread "Unconstrained build operations Thread 79" [_thread_blocked, id=9944, stack(0x000000df16500000,0x000000df16600000)]
  0x0000026864726e40 JavaThread "Unconstrained build operations Thread 80" [_thread_blocked, id=4580, stack(0x000000df16600000,0x000000df16700000)]
  0x000002685f285020 JavaThread "C2 CompilerThread1" daemon [_thread_blocked, id=2312, stack(0x000000df0ee00000,0x000000df0ef00000)]
  0x000002685f691070 JavaThread "C2 CompilerThread2" daemon [_thread_blocked, id=8460, stack(0x000000df0ef00000,0x000000df0f000000)]
  0x0000026864728b20 JavaThread "Memory manager" [_thread_blocked, id=14916, stack(0x000000df16700000,0x000000df16800000)]
  0x000002686472c4e0 JavaThread "included builds" [_thread_blocked, id=10388, stack(0x000000df16800000,0x000000df16900000)]
  0x000002686241b0f0 JavaThread "Execution worker" [_thread_blocked, id=6508, stack(0x000000df16900000,0x000000df16a00000)]
  0x0000026862419410 JavaThread "Execution worker Thread 2" [_thread_blocked, id=4324, stack(0x000000df16a00000,0x000000df16b00000)]
  0x000002686241ba90 JavaThread "Execution worker Thread 3" [_thread_blocked, id=2868, stack(0x000000df16b00000,0x000000df16c00000)]
  0x000002686241a280 JavaThread "Execution worker Thread 4" [_thread_blocked, id=4228, stack(0x000000df16c00000,0x000000df16d00000)]
  0x0000026862418a70 JavaThread "Execution worker Thread 5" [_thread_blocked, id=2692, stack(0x000000df16d00000,0x000000df16e00000)]
  0x00000268624180d0 JavaThread "Execution worker Thread 6" [_thread_blocked, id=8924, stack(0x000000df16e00000,0x000000df16f00000)]
  0x00000268624198e0 JavaThread "Execution worker Thread 7" [_thread_blocked, id=4240, stack(0x000000df16f00000,0x000000df17000000)]
  0x0000026862418f40 JavaThread "Cache worker for execution history cache (C:\Users\scher\Documents\PROJETOS ANDROID\RECICLAAI\.gradle\8.0\executionHistory)" [_thread_blocked, id=12060, stack(0x000000df17000000,0x000000df17100000)]
  0x000002686241a750 JavaThread "idea-tooling-model-converter" [_thread_blocked, id=13276, stack(0x000000df17100000,0x000000df17200000)]

Other Threads:
=>0x000002685e661950 VMThread "VM Thread" [stack: 0x000000df0e100000,0x000000df0e200000] [id=7260]
  0x000002684489cfd0 WatcherThread [stack: 0x000000df0ed00000,0x000000df0ee00000] [id=7004]
  0x000002684486d790 GCTaskThread "GC Thread#0" [stack: 0x000000df0dc00000,0x000000df0dd00000] [id=8540]
  0x000002685f7e2ba0 GCTaskThread "GC Thread#1" [stack: 0x000000df0f000000,0x000000df0f100000] [id=3836]
  0x000002685fe4d650 GCTaskThread "GC Thread#2" [stack: 0x000000df0f100000,0x000000df0f200000] [id=12120]
  0x00000268602345d0 GCTaskThread "GC Thread#3" [stack: 0x000000df0f200000,0x000000df0f300000] [id=5616]
  0x000002686028f090 GCTaskThread "GC Thread#4" [stack: 0x000000df0f300000,0x000000df0f400000] [id=8088]
  0x00000268615981f0 GCTaskThread "GC Thread#5" [stack: 0x000000df0fe00000,0x000000df0ff00000] [id=9736]
  0x00000268605f3030 GCTaskThread "GC Thread#6" [stack: 0x000000df0ff00000,0x000000df10000000] [id=12156]
  0x0000026861cc5040 GCTaskThread "GC Thread#7" [stack: 0x000000df10000000,0x000000df10100000] [id=11508]
  0x000002684487e6d0 ConcurrentGCThread "G1 Main Marker" [stack: 0x000000df0dd00000,0x000000df0de00000] [id=1680]
  0x000002684487f0e0 ConcurrentGCThread "G1 Conc#0" [stack: 0x000000df0de00000,0x000000df0df00000] [id=6248]
  0x0000026860497fb0 ConcurrentGCThread "G1 Conc#1" [stack: 0x000000df10100000,0x000000df10200000] [id=7148]
  0x00000268448cdb90 ConcurrentGCThread "G1 Refine#0" [stack: 0x000000df0df00000,0x000000df0e000000] [id=12612]
  0x00000268448ce5b0 ConcurrentGCThread "G1 Service" [stack: 0x000000df0e000000,0x000000df0e100000] [id=4316]

Threads with active compile tasks:
C2 CompilerThread0    11030 10446       4       org.gradle.internal.snapshot.SearchUtil::binarySearch (160 bytes)
C1 CompilerThread0    11030 10442       3       org.gradle.api.internal.artifacts.transform.TransformationStep::lambda$createInvocation$2 (93 bytes)
C2 CompilerThread1    11030 10412       4       java.io.File::<init> (111 bytes)
C2 CompilerThread2    11030 10430       4       org.gradle.api.internal.attributes.DefaultImmutableAttributes::findEntry (37 bytes)

VM state: at safepoint (normal execution)

VM Mutex/Monitor currently owned by a thread:  ([mutex/lock_event])
[0x000002684274acf0] Threads_lock - owner thread: 0x000002685e661950
[0x000002684274a990] Heap_lock - owner thread: 0x0000026868843360

Heap address: 0x0000000080000000, size: 2048 MB, Compressed Oops mode: 32-bit

CDS archive(s) not mapped
Compressed class space mapped at: 0x0000000100000000-0x0000000140000000, reserved size: 1073741824
Narrow klass base: 0x0000000000000000, Narrow klass shift: 3, Narrow klass range: 0x140000000

GC Precious Log:
 CPUs: 8 total, 8 available
 Memory: 8072M
 Large Page Support: Disabled
 NUMA Support: Disabled
 Compressed Oops: Enabled (32-bit)
 Heap Region Size: 1M
 Heap Min Capacity: 8M
 Heap Initial Capacity: 128M
 Heap Max Capacity: 2G
 Pre-touch: Disabled
 Parallel Workers: 8
 Concurrent Workers: 2
 Concurrent Refinement Workers: 8
 Periodic GC: Disabled

Heap:
 garbage-first heap   total 232448K, used 142515K [0x0000000080000000, 0x0000000100000000)
  region size 1024K, 5 young (5120K), 5 survivors (5120K)
 Metaspace       used 94808K, committed 95552K, reserved 1138688K
  class space    used 12767K, committed 13120K, reserved 1048576K

Heap Regions: E=young(eden), S=young(survivor), O=old, HS=humongous(starts), HC=humongous(continues), CS=collection set, F=free, OA=open archive, CA=closed archive, TAMS=top-at-mark-start (previous, next)
|   0|0x0000000080000000, 0x0000000080100000, 0x0000000080100000|100%|HS|  |TAMS 0x0000000080100000, 0x0000000080100000| Complete 
|   1|0x0000000080100000, 0x0000000080200000, 0x0000000080200000|100%|HC|  |TAMS 0x0000000080200000, 0x0000000080200000| Complete 
|   2|0x0000000080200000, 0x0000000080300000, 0x0000000080300000|100%|HC|  |TAMS 0x0000000080300000, 0x0000000080300000| Complete 
|   3|0x0000000080300000, 0x0000000080400000, 0x0000000080400000|100%|HC|  |TAMS 0x0000000080400000, 0x0000000080400000| Complete 
|   4|0x0000000080400000, 0x0000000080500000, 0x0000000080500000|100%| O|  |TAMS 0x0000000080500000, 0x0000000080500000| Untracked 
|   5|0x0000000080500000, 0x0000000080500000, 0x0000000080600000|  0%| F|  |TAMS 0x0000000080500000, 0x0000000080500000| Untracked 
|   6|0x0000000080600000, 0x0000000080700000, 0x0000000080700000|100%| O|  |TAMS 0x0000000080700000, 0x0000000080700000| Untracked 
|   7|0x0000000080700000, 0x0000000080800000, 0x0000000080800000|100%| O|  |TAMS 0x0000000080800000, 0x0000000080800000| Untracked 
|   8|0x0000000080800000, 0x0000000080900000, 0x0000000080900000|100%| O|  |TAMS 0x0000000080900000, 0x0000000080900000| Untracked 
|   9|0x0000000080900000, 0x0000000080a00000, 0x0000000080a00000|100%| O|  |TAMS 0x0000000080a00000, 0x0000000080a00000| Untracked 
|  10|0x0000000080a00000, 0x0000000080b00000, 0x0000000080b00000|100%| O|  |TAMS 0x0000000080b00000, 0x0000000080b00000| Untracked 
|  11|0x0000000080b00000, 0x0000000080c00000, 0x0000000080c00000|100%| O|  |TAMS 0x0000000080c00000, 0x0000000080c00000| Untracked 
|  12|0x0000000080c00000, 0x0000000080d00000, 0x0000000080d00000|100%| O|  |TAMS 0x0000000080d00000, 0x0000000080d00000| Untracked 
|  13|0x0000000080d00000, 0x0000000080e00000, 0x0000000080e00000|100%| O|  |TAMS 0x0000000080e00000, 0x0000000080e00000| Untracked 
|  14|0x0000000080e00000, 0x0000000080f00000, 0x0000000080f00000|100%| O|  |TAMS 0x0000000080f00000, 0x0000000080f00000| Untracked 
|  15|0x0000000080f00000, 0x0000000081000000, 0x0000000081000000|100%| O|  |TAMS 0x0000000081000000, 0x0000000081000000| Untracked 
|  16|0x0000000081000000, 0x0000000081100000, 0x0000000081100000|100%| O|  |TAMS 0x0000000081100000, 0x0000000081100000| Untracked 
|  17|0x0000000081100000, 0x0000000081200000, 0x0000000081200000|100%| O|  |TAMS 0x0000000081200000, 0x0000000081200000| Untracked 
|  18|0x0000000081200000, 0x0000000081300000, 0x0000000081300000|100%| O|  |TAMS 0x0000000081300000, 0x0000000081300000| Untracked 
|  19|0x0000000081300000, 0x0000000081400000, 0x0000000081400000|100%|HS|  |TAMS 0x0000000081400000, 0x0000000081400000| Complete 
|  20|0x0000000081400000, 0x0000000081500000, 0x0000000081500000|100%|HC|  |TAMS 0x0000000081500000, 0x0000000081500000| Complete 
|  21|0x0000000081500000, 0x0000000081600000, 0x0000000081600000|100%|HS|  |TAMS 0x0000000081600000, 0x0000000081600000| Complete 
|  22|0x0000000081600000, 0x0000000081700000, 0x0000000081700000|100%|HC|  |TAMS 0x0000000081700000, 0x0000000081700000| Complete 
|  23|0x0000000081700000, 0x0000000081800000, 0x0000000081800000|100%|HC|  |TAMS 0x0000000081800000, 0x0000000081800000| Complete 
|  24|0x0000000081800000, 0x0000000081900000, 0x0000000081900000|100%| O|  |TAMS 0x0000000081900000, 0x0000000081900000| Untracked 
|  25|0x0000000081900000, 0x0000000081a00000, 0x0000000081a00000|100%| O|  |TAMS 0x0000000081a00000, 0x0000000081a00000| Untracked 
|  26|0x0000000081a00000, 0x0000000081b00000, 0x0000000081b00000|100%| O|  |TAMS 0x0000000081b00000, 0x0000000081b00000| Untracked 
|  27|0x0000000081b00000, 0x0000000081c00000, 0x0000000081c00000|100%| O|  |TAMS 0x0000000081c00000, 0x0000000081c00000| Untracked 
|  28|0x0000000081c00000, 0x0000000081d00000, 0x0000000081d00000|100%|HS|  |TAMS 0x0000000081d00000, 0x0000000081d00000| Complete 
|  29|0x0000000081d00000, 0x0000000081e00000, 0x0000000081e00000|100%|HC|  |TAMS 0x0000000081e00000, 0x0000000081e00000| Complete 
|  30|0x0000000081e00000, 0x0000000081f00000, 0x0000000081f00000|100%|HC|  |TAMS 0x0000000081f00000, 0x0000000081f00000| Complete 
|  31|0x0000000081f00000, 0x0000000082000000, 0x0000000082000000|100%| O|  |TAMS 0x0000000082000000, 0x0000000082000000| Untracked 
|  32|0x0000000082000000, 0x0000000082100000, 0x0000000082100000|100%| O|  |TAMS 0x0000000082100000, 0x0000000082100000| Untracked 
|  33|0x0000000082100000, 0x0000000082200000, 0x0000000082200000|100%|HS|  |TAMS 0x0000000082200000, 0x0000000082200000| Complete 
|  34|0x0000000082200000, 0x0000000082300000, 0x0000000082300000|100%|HC|  |TAMS 0x0000000082300000, 0x0000000082300000| Complete 
|  35|0x0000000082300000, 0x0000000082400000, 0x0000000082400000|100%|HC|  |TAMS 0x0000000082400000, 0x0000000082400000| Complete 
|  36|0x0000000082400000, 0x0000000082500000, 0x0000000082500000|100%|HC|  |TAMS 0x0000000082500000, 0x0000000082500000| Complete 
|  37|0x0000000082500000, 0x0000000082600000, 0x0000000082600000|100%|HC|  |TAMS 0x0000000082600000, 0x0000000082600000| Complete 
|  38|0x0000000082600000, 0x0000000082700000, 0x0000000082700000|100%|HC|  |TAMS 0x0000000082700000, 0x0000000082700000| Complete 
|  39|0x0000000082700000, 0x0000000082800000, 0x0000000082800000|100%|HC|  |TAMS 0x0000000082800000, 0x0000000082800000| Complete 
|  40|0x0000000082800000, 0x0000000082900000, 0x0000000082900000|100%|HC|  |TAMS 0x0000000082900000, 0x0000000082900000| Complete 
|  41|0x0000000082900000, 0x0000000082a00000, 0x0000000082a00000|100%|HC|  |TAMS 0x0000000082a00000, 0x0000000082a00000| Complete 
|  42|0x0000000082a00000, 0x0000000082b00000, 0x0000000082b00000|100%|HC|  |TAMS 0x0000000082b00000, 0x0000000082b00000| Complete 
|  43|0x0000000082b00000, 0x0000000082c00000, 0x0000000082c00000|100%|HC|  |TAMS 0x0000000082c00000, 0x0000000082c00000| Complete 
|  44|0x0000000082c00000, 0x0000000082d00000, 0x0000000082d00000|100%|HC|  |TAMS 0x0000000082d00000, 0x0000000082d00000| Complete 
|  45|0x0000000082d00000, 0x0000000082e00000, 0x0000000082e00000|100%| O|  |TAMS 0x0000000082e00000, 0x0000000082e00000| Untracked 
|  46|0x0000000082e00000, 0x0000000082f00000, 0x0000000082f00000|100%|HS|  |TAMS 0x0000000082f00000, 0x0000000082f00000| Complete 
|  47|0x0000000082f00000, 0x0000000083000000, 0x0000000083000000|100%|HC|  |TAMS 0x0000000083000000, 0x0000000083000000| Complete 
|  48|0x0000000083000000, 0x0000000083100000, 0x0000000083100000|100%| O|  |TAMS 0x0000000083100000, 0x0000000083100000| Untracked 
|  49|0x0000000083100000, 0x0000000083200000, 0x0000000083200000|100%| O|  |TAMS 0x0000000083200000, 0x0000000083200000| Untracked 
|  50|0x0000000083200000, 0x0000000083300000, 0x0000000083300000|100%| O|  |TAMS 0x0000000083300000, 0x0000000083300000| Untracked 
|  51|0x0000000083300000, 0x0000000083400000, 0x0000000083400000|100%| O|  |TAMS 0x0000000083400000, 0x0000000083400000| Untracked 
|  52|0x0000000083400000, 0x0000000083500000, 0x0000000083500000|100%| O|  |TAMS 0x0000000083500000, 0x0000000083500000| Untracked 
|  53|0x0000000083500000, 0x0000000083600000, 0x0000000083600000|100%| O|  |TAMS 0x0000000083600000, 0x0000000083600000| Untracked 
|  54|0x0000000083600000, 0x0000000083700000, 0x0000000083700000|100%| O|  |TAMS 0x0000000083700000, 0x0000000083700000| Untracked 
|  55|0x0000000083700000, 0x0000000083800000, 0x0000000083800000|100%| O|  |TAMS 0x0000000083800000, 0x0000000083800000| Untracked 
|  56|0x0000000083800000, 0x0000000083900000, 0x0000000083900000|100%|HS|  |TAMS 0x0000000083900000, 0x0000000083900000| Complete 
|  57|0x0000000083900000, 0x0000000083a00000, 0x0000000083a00000|100%|HC|  |TAMS 0x0000000083a00000, 0x0000000083a00000| Complete 
|  58|0x0000000083a00000, 0x0000000083b00000, 0x0000000083b00000|100%|HC|  |TAMS 0x0000000083b00000, 0x0000000083b00000| Complete 
|  59|0x0000000083b00000, 0x0000000083c00000, 0x0000000083c00000|100%|HS|  |TAMS 0x0000000083c00000, 0x0000000083c00000| Complete 
|  60|0x0000000083c00000, 0x0000000083d00000, 0x0000000083d00000|100%|HC|  |TAMS 0x0000000083d00000, 0x0000000083d00000| Complete 
|  61|0x0000000083d00000, 0x0000000083e00000, 0x0000000083e00000|100%|HC|  |TAMS 0x0000000083e00000, 0x0000000083e00000| Complete 
|  62|0x0000000083e00000, 0x0000000083f00000, 0x0000000083f00000|100%| O|  |TAMS 0x0000000083f00000, 0x0000000083f00000| Untracked 
|  63|0x0000000083f00000, 0x0000000084000000, 0x0000000084000000|100%| O|  |TAMS 0x0000000084000000, 0x0000000084000000| Untracked 
|  64|0x0000000084000000, 0x0000000084100000, 0x0000000084100000|100%| O|  |TAMS 0x0000000084100000, 0x0000000084100000| Untracked 
|  65|0x0000000084100000, 0x0000000084200000, 0x0000000084200000|100%| O|  |TAMS 0x0000000084200000, 0x0000000084200000| Untracked 
|  66|0x0000000084200000, 0x0000000084300000, 0x0000000084300000|100%| O|  |TAMS 0x0000000084300000, 0x0000000084300000| Untracked 
|  67|0x0000000084300000, 0x0000000084400000, 0x0000000084400000|100%| O|  |TAMS 0x0000000084400000, 0x0000000084400000| Untracked 
|  68|0x0000000084400000, 0x0000000084500000, 0x0000000084500000|100%| O|  |TAMS 0x0000000084500000, 0x0000000084500000| Untracked 
|  69|0x0000000084500000, 0x0000000084600000, 0x0000000084600000|100%| O|  |TAMS 0x0000000084600000, 0x0000000084600000| Untracked 
|  70|0x0000000084600000, 0x0000000084700000, 0x0000000084700000|100%| O|  |TAMS 0x0000000084700000, 0x0000000084700000| Untracked 
|  71|0x0000000084700000, 0x0000000084800000, 0x0000000084800000|100%| O|  |TAMS 0x0000000084800000, 0x0000000084800000| Untracked 
|  72|0x0000000084800000, 0x0000000084900000, 0x0000000084900000|100%| O|  |TAMS 0x0000000084900000, 0x0000000084900000| Untracked 
|  73|0x0000000084900000, 0x0000000084a00000, 0x0000000084a00000|100%| O|  |TAMS 0x0000000084a00000, 0x0000000084a00000| Untracked 
|  74|0x0000000084a00000, 0x0000000084b00000, 0x0000000084b00000|100%| O|  |TAMS 0x0000000084b00000, 0x0000000084b00000| Untracked 
|  75|0x0000000084b00000, 0x0000000084c00000, 0x0000000084c00000|100%|HS|  |TAMS 0x0000000084c00000, 0x0000000084c00000| Complete 
|  76|0x0000000084c00000, 0x0000000084d00000, 0x0000000084d00000|100%|HS|  |TAMS 0x0000000084d00000, 0x0000000084d00000| Complete 
|  77|0x0000000084d00000, 0x0000000084e00000, 0x0000000084e00000|100%|HS|  |TAMS 0x0000000084e00000, 0x0000000084e00000| Complete 
|  78|0x0000000084e00000, 0x0000000084f00000, 0x0000000084f00000|100%| O|  |TAMS 0x0000000084f00000, 0x0000000084f00000| Untracked 
|  79|0x0000000084f00000, 0x0000000085000000, 0x0000000085000000|100%| O|  |TAMS 0x0000000085000000, 0x0000000085000000| Untracked 
|  80|0x0000000085000000, 0x0000000085100000, 0x0000000085100000|100%| O|  |TAMS 0x0000000085100000, 0x0000000085100000| Untracked 
|  81|0x0000000085100000, 0x0000000085200000, 0x0000000085200000|100%| O|  |TAMS 0x0000000085200000, 0x0000000085200000| Untracked 
|  82|0x0000000085200000, 0x0000000085300000, 0x0000000085300000|100%| O|  |TAMS 0x0000000085300000, 0x0000000085300000| Untracked 
|  83|0x0000000085300000, 0x0000000085400000, 0x0000000085400000|100%| O|  |TAMS 0x0000000085400000, 0x0000000085400000| Untracked 
|  84|0x0000000085400000, 0x0000000085500000, 0x0000000085500000|100%| O|  |TAMS 0x0000000085500000, 0x0000000085500000| Untracked 
|  85|0x0000000085500000, 0x0000000085600000, 0x0000000085600000|100%| O|  |TAMS 0x0000000085600000, 0x0000000085600000| Untracked 
|  86|0x0000000085600000, 0x0000000085700000, 0x0000000085700000|100%| O|  |TAMS 0x0000000085700000, 0x0000000085700000| Untracked 
|  87|0x0000000085700000, 0x0000000085800000, 0x0000000085800000|100%| O|  |TAMS 0x0000000085800000, 0x0000000085800000| Untracked 
|  88|0x0000000085800000, 0x0000000085900000, 0x0000000085900000|100%| O|  |TAMS 0x0000000085900000, 0x0000000085900000| Untracked 
|  89|0x0000000085900000, 0x0000000085a00000, 0x0000000085a00000|100%| O|  |TAMS 0x0000000085900000, 0x0000000085a00000| Untracked 
|  90|0x0000000085a00000, 0x0000000085b00000, 0x0000000085b00000|100%| O|  |TAMS 0x0000000085b00000, 0x0000000085b00000| Untracked 
|  91|0x0000000085b00000, 0x0000000085c00000, 0x0000000085c00000|100%| O|  |TAMS 0x0000000085c00000, 0x0000000085c00000| Untracked 
|  92|0x0000000085c00000, 0x0000000085d00000, 0x0000000085d00000|100%|HS|  |TAMS 0x0000000085d00000, 0x0000000085d00000| Complete 
|  93|0x0000000085d00000, 0x0000000085e00000, 0x0000000085e00000|100%|HC|  |TAMS 0x0000000085e00000, 0x0000000085e00000| Complete 
|  94|0x0000000085e00000, 0x0000000085f00000, 0x0000000085f00000|100%| O|  |TAMS 0x0000000085f00000, 0x0000000085f00000| Untracked 
|  95|0x0000000085f00000, 0x0000000086000000, 0x0000000086000000|100%|HS|  |TAMS 0x0000000086000000, 0x0000000086000000| Complete 
|  96|0x0000000086000000, 0x0000000086100000, 0x0000000086100000|100%|HC|  |TAMS 0x0000000086100000, 0x0000000086100000| Complete 
|  97|0x0000000086100000, 0x0000000086200000, 0x0000000086200000|100%|HC|  |TAMS 0x0000000086200000, 0x0000000086200000| Complete 
|  98|0x0000000086200000, 0x0000000086300000, 0x0000000086300000|100%|HS|  |TAMS 0x0000000086300000, 0x0000000086300000| Complete 
|  99|0x0000000086300000, 0x0000000086400000, 0x0000000086400000|100%|HC|  |TAMS 0x0000000086400000, 0x0000000086400000| Complete 
| 100|0x0000000086400000, 0x0000000086500000, 0x0000000086500000|100%|HC|  |TAMS 0x0000000086500000, 0x0000000086500000| Complete 
| 101|0x0000000086500000, 0x0000000086600000, 0x0000000086600000|100%|HS|  |TAMS 0x0000000086600000, 0x0000000086600000| Complete 
| 102|0x0000000086600000, 0x0000000086700000, 0x0000000086700000|100%|HC|  |TAMS 0x0000000086700000, 0x0000000086700000| Complete 
| 103|0x0000000086700000, 0x0000000086800000, 0x0000000086800000|100%|HC|  |TAMS 0x0000000086800000, 0x0000000086800000| Complete 
| 104|0x0000000086800000, 0x0000000086900000, 0x0000000086900000|100%|HC|  |TAMS 0x0000000086900000, 0x0000000086900000| Complete 
| 105|0x0000000086900000, 0x0000000086a00000, 0x0000000086a00000|100%|HC|  |TAMS 0x0000000086a00000, 0x0000000086a00000| Complete 
| 106|0x0000000086a00000, 0x0000000086b00000, 0x0000000086b00000|100%|HC|  |TAMS 0x0000000086b00000, 0x0000000086b00000| Complete 
| 107|0x0000000086b00000, 0x0000000086c00000, 0x0000000086c00000|100%|HC|  |TAMS 0x0000000086c00000, 0x0000000086c00000| Complete 
| 108|0x0000000086c00000, 0x0000000086d00000, 0x0000000086d00000|100%|HC|  |TAMS 0x0000000086d00000, 0x0000000086d00000| Complete 
| 109|0x0000000086d00000, 0x0000000086e00000, 0x0000000086e00000|100%|HC|  |TAMS 0x0000000086e00000, 0x0000000086e00000| Complete 
| 110|0x0000000086e00000, 0x0000000086f00000, 0x0000000086f00000|100%|HC|  |TAMS 0x0000000086f00000, 0x0000000086f00000| Complete 
| 111|0x0000000086f00000, 0x0000000087000000, 0x0000000087000000|100%|HC|  |TAMS 0x0000000087000000, 0x0000000087000000| Complete 
| 112|0x0000000087000000, 0x0000000087100000, 0x0000000087100000|100%|HC|  |TAMS 0x0000000087100000, 0x0000000087100000| Complete 
| 113|0x0000000087100000, 0x0000000087200000, 0x0000000087200000|100%|HS|  |TAMS 0x0000000087200000, 0x0000000087200000| Complete 
| 114|0x0000000087200000, 0x0000000087300000, 0x0000000087300000|100%|HC|  |TAMS 0x0000000087300000, 0x0000000087300000| Complete 
| 115|0x0000000087300000, 0x0000000087400000, 0x0000000087400000|100%| O|  |TAMS 0x0000000087400000, 0x0000000087400000| Untracked 
| 116|0x0000000087400000, 0x0000000087500000, 0x0000000087500000|100%| O|  |TAMS 0x0000000087500000, 0x0000000087500000| Untracked 
| 117|0x0000000087500000, 0x0000000087600000, 0x0000000087600000|100%| O|  |TAMS 0x0000000087600000, 0x0000000087600000| Untracked 
| 118|0x0000000087600000, 0x0000000087700000, 0x0000000087700000|100%| O|  |TAMS 0x0000000087700000, 0x0000000087700000| Untracked 
| 119|0x0000000087700000, 0x0000000087800000, 0x0000000087800000|100%| O|  |TAMS 0x0000000087800000, 0x0000000087800000| Untracked 
| 120|0x0000000087800000, 0x0000000087900000, 0x0000000087900000|100%| O|  |TAMS 0x0000000087900000, 0x0000000087900000| Untracked 
| 121|0x0000000087900000, 0x0000000087a00000, 0x0000000087a00000|100%| O|  |TAMS 0x0000000087a00000, 0x0000000087a00000| Untracked 
| 122|0x0000000087a00000, 0x0000000087b00000, 0x0000000087b00000|100%| O|  |TAMS 0x0000000087b00000, 0x0000000087b00000| Untracked 
| 123|0x0000000087b00000, 0x0000000087c00000, 0x0000000087c00000|100%| O|  |TAMS 0x0000000087c00000, 0x0000000087c00000| Untracked 
| 124|0x0000000087c00000, 0x0000000087d00000, 0x0000000087d00000|100%| O|  |TAMS 0x0000000087d00000, 0x0000000087d00000| Untracked 
| 125|0x0000000087d00000, 0x0000000087e00000, 0x0000000087e00000|100%| O|  |TAMS 0x0000000087e00000, 0x0000000087e00000| Untracked 
| 126|0x0000000087e00000, 0x0000000087f00000, 0x0000000087f00000|100%| O|  |TAMS 0x0000000087f00000, 0x0000000087f00000| Untracked 
| 127|0x0000000087f00000, 0x0000000088000000, 0x0000000088000000|100%| O|  |TAMS 0x0000000087fa4400, 0x0000000088000000| Untracked 
| 128|0x0000000088000000, 0x0000000088100000, 0x0000000088100000|100%| O|  |TAMS 0x0000000088000000, 0x0000000088100000| Untracked 
| 129|0x0000000088100000, 0x0000000088200000, 0x0000000088200000|100%| O|  |TAMS 0x0000000088100000, 0x0000000088200000| Untracked 
| 130|0x0000000088200000, 0x0000000088300000, 0x0000000088300000|100%| O|  |TAMS 0x0000000088200000, 0x0000000088300000| Untracked 
| 131|0x0000000088300000, 0x0000000088400000, 0x0000000088400000|100%| O|  |TAMS 0x0000000088300000, 0x0000000088400000| Untracked 
| 132|0x0000000088400000, 0x0000000088500000, 0x0000000088500000|100%| O|  |TAMS 0x0000000088400000, 0x0000000088500000| Untracked 
| 133|0x0000000088500000, 0x0000000088600000, 0x0000000088600000|100%| O|  |TAMS 0x0000000088500000, 0x0000000088600000| Untracked 
| 134|0x0000000088600000, 0x0000000088700000, 0x0000000088700000|100%| O|  |TAMS 0x0000000088600000, 0x0000000088700000| Untracked 
| 135|0x0000000088700000, 0x000000008872e400, 0x0000000088800000| 18%| O|  |TAMS 0x0000000088700000, 0x000000008872e400| Untracked 
| 136|0x0000000088800000, 0x0000000088800000, 0x0000000088900000|  0%| F|  |TAMS 0x0000000088800000, 0x0000000088800000| Untracked 
| 137|0x0000000088900000, 0x0000000088900000, 0x0000000088a00000|  0%| F|  |TAMS 0x0000000088900000, 0x0000000088900000| Untracked 
| 138|0x0000000088a00000, 0x0000000088a00000, 0x0000000088b00000|  0%| F|  |TAMS 0x0000000088a00000, 0x0000000088a00000| Untracked 
| 139|0x0000000088b00000, 0x0000000088b00000, 0x0000000088c00000|  0%| F|  |TAMS 0x0000000088b00000, 0x0000000088b00000| Untracked 
| 140|0x0000000088c00000, 0x0000000088c00000, 0x0000000088d00000|  0%| F|  |TAMS 0x0000000088c00000, 0x0000000088c00000| Untracked 
| 141|0x0000000088d00000, 0x0000000088d00000, 0x0000000088e00000|  0%| F|  |TAMS 0x0000000088d00000, 0x0000000088d00000| Untracked 
| 142|0x0000000088e00000, 0x0000000088e00000, 0x0000000088f00000|  0%| F|  |TAMS 0x0000000088e00000, 0x0000000088e00000| Untracked 
| 143|0x0000000088f00000, 0x0000000088f00000, 0x0000000089000000|  0%| F|  |TAMS 0x0000000088f00000, 0x0000000088f00000| Untracked 
| 144|0x0000000089000000, 0x0000000089000000, 0x0000000089100000|  0%| F|  |TAMS 0x0000000089000000, 0x0000000089000000| Untracked 
| 145|0x0000000089100000, 0x0000000089100000, 0x0000000089200000|  0%| F|  |TAMS 0x0000000089100000, 0x0000000089100000| Untracked 
| 146|0x0000000089200000, 0x0000000089200000, 0x0000000089300000|  0%| F|  |TAMS 0x0000000089200000, 0x0000000089200000| Untracked 
| 147|0x0000000089300000, 0x0000000089300000, 0x0000000089400000|  0%| F|  |TAMS 0x0000000089300000, 0x0000000089300000| Untracked 
| 148|0x0000000089400000, 0x0000000089400000, 0x0000000089500000|  0%| F|  |TAMS 0x0000000089400000, 0x0000000089400000| Untracked 
| 149|0x0000000089500000, 0x0000000089500000, 0x0000000089600000|  0%| F|  |TAMS 0x0000000089500000, 0x0000000089500000| Untracked 
| 150|0x0000000089600000, 0x0000000089600000, 0x0000000089700000|  0%| F|  |TAMS 0x0000000089600000, 0x0000000089600000| Untracked 
| 151|0x0000000089700000, 0x0000000089700000, 0x0000000089800000|  0%| F|  |TAMS 0x0000000089700000, 0x0000000089700000| Untracked 
| 152|0x0000000089800000, 0x0000000089800000, 0x0000000089900000|  0%| F|  |TAMS 0x0000000089800000, 0x0000000089800000| Untracked 
| 153|0x0000000089900000, 0x0000000089900000, 0x0000000089a00000|  0%| F|  |TAMS 0x0000000089900000, 0x0000000089900000| Untracked 
| 154|0x0000000089a00000, 0x0000000089a00000, 0x0000000089b00000|  0%| F|  |TAMS 0x0000000089a00000, 0x0000000089a00000| Untracked 
| 155|0x0000000089b00000, 0x0000000089b00000, 0x0000000089c00000|  0%| F|  |TAMS 0x0000000089b00000, 0x0000000089b00000| Untracked 
| 156|0x0000000089c00000, 0x0000000089c00000, 0x0000000089d00000|  0%| F|  |TAMS 0x0000000089c00000, 0x0000000089c00000| Untracked 
| 157|0x0000000089d00000, 0x0000000089d00000, 0x0000000089e00000|  0%| F|  |TAMS 0x0000000089d00000, 0x0000000089d00000| Untracked 
| 158|0x0000000089e00000, 0x0000000089e00000, 0x0000000089f00000|  0%| F|  |TAMS 0x0000000089e00000, 0x0000000089e00000| Untracked 
| 159|0x0000000089f00000, 0x0000000089f00000, 0x000000008a000000|  0%| F|  |TAMS 0x0000000089f00000, 0x0000000089f00000| Untracked 
| 160|0x000000008a000000, 0x000000008a000000, 0x000000008a100000|  0%| F|  |TAMS 0x000000008a000000, 0x000000008a000000| Untracked 
| 161|0x000000008a100000, 0x000000008a100000, 0x000000008a200000|  0%| F|  |TAMS 0x000000008a100000, 0x000000008a100000| Untracked 
| 162|0x000000008a200000, 0x000000008a200000, 0x000000008a300000|  0%| F|  |TAMS 0x000000008a200000, 0x000000008a200000| Untracked 
| 163|0x000000008a300000, 0x000000008a300000, 0x000000008a400000|  0%| F|  |TAMS 0x000000008a300000, 0x000000008a300000| Untracked 
| 164|0x000000008a400000, 0x000000008a400000, 0x000000008a500000|  0%| F|  |TAMS 0x000000008a400000, 0x000000008a400000| Untracked 
| 165|0x000000008a500000, 0x000000008a500000, 0x000000008a600000|  0%| F|  |TAMS 0x000000008a500000, 0x000000008a500000| Untracked 
| 166|0x000000008a600000, 0x000000008a600000, 0x000000008a700000|  0%| F|  |TAMS 0x000000008a600000, 0x000000008a600000| Untracked 
| 167|0x000000008a700000, 0x000000008a7febe0, 0x000000008a800000| 99%| S|CS|TAMS 0x000000008a700000, 0x000000008a700000| Complete 
| 168|0x000000008a800000, 0x000000008a900000, 0x000000008a900000|100%| S|CS|TAMS 0x000000008a800000, 0x000000008a800000| Complete 
| 169|0x000000008a900000, 0x000000008aa00000, 0x000000008aa00000|100%| S|CS|TAMS 0x000000008a900000, 0x000000008a900000| Complete 
| 170|0x000000008aa00000, 0x000000008ab00000, 0x000000008ab00000|100%| S|CS|TAMS 0x000000008aa00000, 0x000000008aa00000| Complete 
| 171|0x000000008ab00000, 0x000000008ac00000, 0x000000008ac00000|100%| S|CS|TAMS 0x000000008ab00000, 0x000000008ab00000| Complete 
| 172|0x000000008ac00000, 0x000000008ac00000, 0x000000008ad00000|  0%| F|  |TAMS 0x000000008ac00000, 0x000000008ac00000| Untracked 
| 173|0x000000008ad00000, 0x000000008ad00000, 0x000000008ae00000|  0%| F|  |TAMS 0x000000008ad00000, 0x000000008ad00000| Untracked 
| 174|0x000000008ae00000, 0x000000008ae00000, 0x000000008af00000|  0%| F|  |TAMS 0x000000008ae00000, 0x000000008ae00000| Untracked 
| 175|0x000000008af00000, 0x000000008af00000, 0x000000008b000000|  0%| F|  |TAMS 0x000000008af00000, 0x000000008af00000| Untracked 
| 176|0x000000008b000000, 0x000000008b000000, 0x000000008b100000|  0%| F|  |TAMS 0x000000008b000000, 0x000000008b000000| Untracked 
| 177|0x000000008b100000, 0x000000008b100000, 0x000000008b200000|  0%| F|  |TAMS 0x000000008b100000, 0x000000008b100000| Untracked 
| 178|0x000000008b200000, 0x000000008b200000, 0x000000008b300000|  0%| F|  |TAMS 0x000000008b200000, 0x000000008b200000| Untracked 
| 179|0x000000008b300000, 0x000000008b300000, 0x000000008b400000|  0%| F|  |TAMS 0x000000008b300000, 0x000000008b300000| Untracked 
| 180|0x000000008b400000, 0x000000008b400000, 0x000000008b500000|  0%| F|  |TAMS 0x000000008b400000, 0x000000008b400000| Untracked 
| 181|0x000000008b500000, 0x000000008b500000, 0x000000008b600000|  0%| F|  |TAMS 0x000000008b500000, 0x000000008b500000| Untracked 
| 182|0x000000008b600000, 0x000000008b600000, 0x000000008b700000|  0%| F|  |TAMS 0x000000008b600000, 0x000000008b600000| Untracked 
| 183|0x000000008b700000, 0x000000008b700000, 0x000000008b800000|  0%| F|  |TAMS 0x000000008b700000, 0x000000008b700000| Untracked 
| 184|0x000000008b800000, 0x000000008b800000, 0x000000008b900000|  0%| F|  |TAMS 0x000000008b800000, 0x000000008b800000| Untracked 
| 185|0x000000008b900000, 0x000000008b900000, 0x000000008ba00000|  0%| F|  |TAMS 0x000000008b900000, 0x000000008b900000| Untracked 
| 186|0x000000008ba00000, 0x000000008ba00000, 0x000000008bb00000|  0%| F|  |TAMS 0x000000008ba00000, 0x000000008ba00000| Untracked 
| 187|0x000000008bb00000, 0x000000008bb00000, 0x000000008bc00000|  0%| F|  |TAMS 0x000000008bb00000, 0x000000008bb00000| Untracked 
| 188|0x000000008bc00000, 0x000000008bc00000, 0x000000008bd00000|  0%| F|  |TAMS 0x000000008bc00000, 0x000000008bc00000| Untracked 
| 189|0x000000008bd00000, 0x000000008bd00000, 0x000000008be00000|  0%| F|  |TAMS 0x000000008bd00000, 0x000000008bd00000| Untracked 
| 190|0x000000008be00000, 0x000000008be00000, 0x000000008bf00000|  0%| F|  |TAMS 0x000000008be00000, 0x000000008be00000| Untracked 
| 191|0x000000008bf00000, 0x000000008bf00000, 0x000000008c000000|  0%| F|  |TAMS 0x000000008bf00000, 0x000000008bf00000| Untracked 
| 192|0x000000008c000000, 0x000000008c000000, 0x000000008c100000|  0%| F|  |TAMS 0x000000008c000000, 0x000000008c000000| Untracked 
| 193|0x000000008c100000, 0x000000008c100000, 0x000000008c200000|  0%| F|  |TAMS 0x000000008c100000, 0x000000008c100000| Untracked 
| 194|0x000000008c200000, 0x000000008c200000, 0x000000008c300000|  0%| F|  |TAMS 0x000000008c200000, 0x000000008c200000| Untracked 
| 195|0x000000008c300000, 0x000000008c300000, 0x000000008c400000|  0%| F|  |TAMS 0x000000008c300000, 0x000000008c300000| Untracked 
| 196|0x000000008c400000, 0x000000008c400000, 0x000000008c500000|  0%| F|  |TAMS 0x000000008c400000, 0x000000008c400000| Untracked 
| 197|0x000000008c500000, 0x000000008c500000, 0x000000008c600000|  0%| F|  |TAMS 0x000000008c500000, 0x000000008c500000| Untracked 
| 198|0x000000008c600000, 0x000000008c600000, 0x000000008c700000|  0%| F|  |TAMS 0x000000008c600000, 0x000000008c600000| Untracked 
| 199|0x000000008c700000, 0x000000008c700000, 0x000000008c800000|  0%| F|  |TAMS 0x000000008c700000, 0x000000008c700000| Untracked 
| 200|0x000000008c800000, 0x000000008c800000, 0x000000008c900000|  0%| F|  |TAMS 0x000000008c800000, 0x000000008c800000| Untracked 
| 201|0x000000008c900000, 0x000000008c900000, 0x000000008ca00000|  0%| F|  |TAMS 0x000000008c900000, 0x000000008c900000| Untracked 
| 202|0x000000008ca00000, 0x000000008ca00000, 0x000000008cb00000|  0%| F|  |TAMS 0x000000008ca00000, 0x000000008ca00000| Untracked 
| 203|0x000000008cb00000, 0x000000008cb00000, 0x000000008cc00000|  0%| F|  |TAMS 0x000000008cb00000, 0x000000008cb00000| Untracked 
| 204|0x000000008cc00000, 0x000000008cc00000, 0x000000008cd00000|  0%| F|  |TAMS 0x000000008cc00000, 0x000000008cc00000| Untracked 
| 205|0x000000008cd00000, 0x000000008cd00000, 0x000000008ce00000|  0%| F|  |TAMS 0x000000008cd00000, 0x000000008cd00000| Untracked 
| 206|0x000000008ce00000, 0x000000008ce00000, 0x000000008cf00000|  0%| F|  |TAMS 0x000000008ce00000, 0x000000008ce00000| Untracked 
| 207|0x000000008cf00000, 0x000000008cf00000, 0x000000008d000000|  0%| F|  |TAMS 0x000000008cf00000, 0x000000008cf00000| Untracked 
| 208|0x000000008d000000, 0x000000008d000000, 0x000000008d100000|  0%| F|  |TAMS 0x000000008d000000, 0x000000008d000000| Untracked 
| 209|0x000000008d100000, 0x000000008d100000, 0x000000008d200000|  0%| F|  |TAMS 0x000000008d100000, 0x000000008d100000| Untracked 
| 210|0x000000008d200000, 0x000000008d200000, 0x000000008d300000|  0%| F|  |TAMS 0x000000008d200000, 0x000000008d200000| Untracked 
| 211|0x000000008d300000, 0x000000008d300000, 0x000000008d400000|  0%| F|  |TAMS 0x000000008d300000, 0x000000008d300000| Untracked 
| 212|0x000000008d400000, 0x000000008d400000, 0x000000008d500000|  0%| F|  |TAMS 0x000000008d400000, 0x000000008d400000| Untracked 
| 213|0x000000008d500000, 0x000000008d500000, 0x000000008d600000|  0%| F|  |TAMS 0x000000008d500000, 0x000000008d500000| Untracked 
| 214|0x000000008d600000, 0x000000008d600000, 0x000000008d700000|  0%| F|  |TAMS 0x000000008d600000, 0x000000008d600000| Untracked 
| 215|0x000000008d700000, 0x000000008d700000, 0x000000008d800000|  0%| F|  |TAMS 0x000000008d700000, 0x000000008d700000| Untracked 
| 216|0x000000008d800000, 0x000000008d800000, 0x000000008d900000|  0%| F|  |TAMS 0x000000008d800000, 0x000000008d800000| Untracked 
| 217|0x000000008d900000, 0x000000008d900000, 0x000000008da00000|  0%| F|  |TAMS 0x000000008d900000, 0x000000008d900000| Untracked 
| 218|0x000000008da00000, 0x000000008da00000, 0x000000008db00000|  0%| F|  |TAMS 0x000000008da00000, 0x000000008da00000| Untracked 
| 219|0x000000008db00000, 0x000000008db00000, 0x000000008dc00000|  0%| F|  |TAMS 0x000000008db00000, 0x000000008db00000| Untracked 
| 220|0x000000008dc00000, 0x000000008dc00000, 0x000000008dd00000|  0%| F|  |TAMS 0x000000008dc00000, 0x000000008dc00000| Untracked 
| 221|0x000000008dd00000, 0x000000008dd00000, 0x000000008de00000|  0%| F|  |TAMS 0x000000008dd00000, 0x000000008dd00000| Untracked 
| 222|0x000000008de00000, 0x000000008de00000, 0x000000008df00000|  0%| F|  |TAMS 0x000000008de00000, 0x000000008de00000| Untracked 
| 223|0x000000008df00000, 0x000000008df00000, 0x000000008e000000|  0%| F|  |TAMS 0x000000008df00000, 0x000000008df00000| Untracked 
| 224|0x000000008e000000, 0x000000008e000000, 0x000000008e100000|  0%| F|  |TAMS 0x000000008e000000, 0x000000008e000000| Untracked 
| 225|0x000000008e100000, 0x000000008e100000, 0x000000008e200000|  0%| F|  |TAMS 0x000000008e100000, 0x000000008e100000| Untracked 
| 226|0x000000008e200000, 0x000000008e200000, 0x000000008e300000|  0%| F|  |TAMS 0x000000008e200000, 0x000000008e200000| Untracked 

Card table byte_map: [0x0000026857400000,0x0000026857800000] _byte_map_base: 0x0000026857000000

Marking Bits (Prev, Next): (CMBitMap*) 0x000002684486dde0, (CMBitMap*) 0x000002684486dda0
 Prev Bits: [0x0000026859c00000, 0x000002685bc00000)
 Next Bits: [0x0000026857c00000, 0x0000026859c00000)

Polling page: 0x0000026843fd0000

Metaspace:

Usage:
  Non-class:     80.12 MB used.
      Class:     12.47 MB used.
       Both:     92.59 MB used.

Virtual space:
  Non-class space:       88.00 MB reserved,      80.50 MB ( 91%) committed,  11 nodes.
      Class space:        1.00 GB reserved,      12.81 MB (  1%) committed,  1 nodes.
             Both:        1.09 GB reserved,      93.31 MB (  8%) committed. 

Chunk freelists:
   Non-Class:  2.95 MB
       Class:  3.13 MB
        Both:  6.08 MB

MaxMetaspaceSize: unlimited
CompressedClassSpaceSize: 1.00 GB
Initial GC threshold: 21.00 MB
Current GC threshold: 150.88 MB
CDS: off
MetaspaceReclaimPolicy: balanced
 - commit_granule_bytes: 65536.
 - commit_granule_words: 8192.
 - virtual_space_node_default_size: 1048576.
 - enlarge_chunks_in_place: 1.
 - new_chunks_are_fully_committed: 0.
 - uncommit_free_chunks: 1.
 - use_allocation_guard: 0.
 - handle_deallocations: 1.


Internal statistics:

num_allocs_failed_limit: 3.
num_arena_births: 994.
num_arena_deaths: 0.
num_vsnodes_births: 12.
num_vsnodes_deaths: 0.
num_space_committed: 1492.
num_space_uncommitted: 0.
num_chunks_returned_to_freelist: 3.
num_chunks_taken_from_freelist: 4550.
num_chunk_merges: 3.
num_chunk_splits: 2973.
num_chunks_enlarged: 1960.
num_purges: 0.
num_inconsistent_stats: 0.

CodeHeap 'non-profiled nmethods': size=120000Kb used=5371Kb max_used=5583Kb free=114628Kb
 bounds [0x000002684f7a0000, 0x000002684fd20000, 0x0000026856cd0000]
CodeHeap 'profiled nmethods': size=120000Kb used=17415Kb max_used=17549Kb free=102584Kb
 bounds [0x0000026847cd0000, 0x0000026848e00000, 0x000002684f200000]
CodeHeap 'non-nmethods': size=5760Kb used=2419Kb max_used=2501Kb free=3340Kb
 bounds [0x000002684f200000, 0x000002684f480000, 0x000002684f7a0000]
 total_blobs=9913 nmethods=8964 adapters=860
 compilation: enabled
              stopped_count=0, restarted_count=0
 full_count=0

Compilation events (20 events):
Event: 10.990 Thread 0x000002685f03e730 nmethod 10427 0x0000026848733e90 code [0x0000026848734060, 0x0000026848734438]
Event: 10.990 Thread 0x000002685f03e730 10420       3       org.gradle.internal.collections.ImmutableFilteredList::size (8 bytes)
Event: 10.990 Thread 0x000002685f03e730 nmethod 10420 0x00000268487cd990 code [0x00000268487cdb40, 0x00000268487cdca8]
Event: 10.990 Thread 0x000002685f03e730 10436       3       org.gradle.api.internal.file.FileCollectionFactory::empty (4 bytes)
Event: 10.991 Thread 0x000002685f03e730 nmethod 10436 0x0000026848506f90 code [0x0000026848507120, 0x0000026848507218]
Event: 10.991 Thread 0x000002685f03e730 10437       3       org.gradle.internal.execution.impl.DefaultWorkValidationContext::<init> (33 bytes)
Event: 10.991 Thread 0x000002685f03e730 nmethod 10437 0x000002684857c510 code [0x000002684857c740, 0x000002684857d0f8]
Event: 10.991 Thread 0x000002685f03e730 10438       3       org.gradle.api.internal.artifacts.transform.DefaultTransformUpstreamDependenciesResolver$2::computeArtifacts (7 bytes)
Event: 10.992 Thread 0x000002685f03e730 nmethod 10438 0x00000268487cd290 code [0x00000268487cd460, 0x00000268487cd7f8]
Event: 10.992 Thread 0x000002685f03e730 10439       3       org.gradle.api.internal.artifacts.transform.TransformationStep$$Lambda$1059/0x0000000100c2b1e8::<init> (20 bytes)
Event: 10.992 Thread 0x000002685f03e730 nmethod 10439 0x00000268487ccc90 code [0x00000268487cce40, 0x00000268487cd0b8]
Event: 10.992 Thread 0x000002685f03e730 10440       3       org.gradle.api.internal.artifacts.transform.TransformationStep$$Lambda$1059/0x0000000100c2b1e8::apply (20 bytes)
Event: 10.992 Thread 0x000002685f03e730 nmethod 10440 0x000002684857c010 code [0x000002684857c1c0, 0x000002684857c428]
Event: 10.992 Thread 0x000002685f03e730 10441       3       org.gradle.api.internal.artifacts.transform.DefaultTransformerInvocationFactory::determineProducerProject (33 bytes)
Event: 10.993 Thread 0x000002685f03d4f0 nmethod 10433 0x000002684f9d9390 code [0x000002684f9d9520, 0x000002684f9d9708]
Event: 10.993 Thread 0x000002685f03d4f0 10446       4       org.gradle.internal.snapshot.SearchUtil::binarySearch (160 bytes)
Event: 10.993 Thread 0x000002685f03e730 nmethod 10441 0x000002684857b590 code [0x000002684857b7a0, 0x000002684857bdc8]
Event: 10.993 Thread 0x000002685f03e730 10445       3       org.gradle.internal.snapshot.VfsRelativePath::getAsString (12 bytes)
Event: 10.993 Thread 0x000002685f03e730 nmethod 10445 0x000002684857af90 code [0x000002684857b140, 0x000002684857b3e8]
Event: 10.993 Thread 0x000002685f03e730 10442       3       org.gradle.api.internal.artifacts.transform.TransformationStep::lambda$createInvocation$2 (93 bytes)

GC Heap History (20 events):
Event: 6.231 GC heap after
{Heap after GC invocations=34 (full 0):
 garbage-first heap   total 148480K, used 94564K [0x0000000080000000, 0x0000000100000000)
  region size 1024K, 4 young (4096K), 4 survivors (4096K)
 Metaspace       used 65294K, committed 65920K, reserved 1105920K
  class space    used 8686K, committed 8960K, reserved 1048576K
}
Event: 6.271 GC heap before
{Heap before GC invocations=34 (full 0):
 garbage-first heap   total 148480K, used 97636K [0x0000000080000000, 0x0000000100000000)
  region size 1024K, 7 young (7168K), 4 survivors (4096K)
 Metaspace       used 65386K, committed 65984K, reserved 1105920K
  class space    used 8702K, committed 8960K, reserved 1048576K
}
Event: 6.276 GC heap after
{Heap after GC invocations=35 (full 0):
 garbage-first heap   total 206848K, used 90971K [0x0000000080000000, 0x0000000100000000)
  region size 1024K, 1 young (1024K), 1 survivors (1024K)
 Metaspace       used 65386K, committed 65984K, reserved 1105920K
  class space    used 8702K, committed 8960K, reserved 1048576K
}
Event: 6.971 GC heap before
{Heap before GC invocations=35 (full 0):
 garbage-first heap   total 206848K, used 152411K [0x0000000080000000, 0x0000000100000000)
  region size 1024K, 61 young (62464K), 1 survivors (1024K)
 Metaspace       used 69515K, committed 70208K, reserved 1114112K
  class space    used 9251K, committed 9536K, reserved 1048576K
}
Event: 6.978 GC heap after
{Heap after GC invocations=36 (full 0):
 garbage-first heap   total 206848K, used 94964K [0x0000000080000000, 0x0000000100000000)
  region size 1024K, 5 young (5120K), 5 survivors (5120K)
 Metaspace       used 69515K, committed 70208K, reserved 1114112K
  class space    used 9251K, committed 9536K, reserved 1048576K
}
Event: 7.850 GC heap before
{Heap before GC invocations=36 (full 0):
 garbage-first heap   total 206848K, used 162548K [0x0000000080000000, 0x0000000100000000)
  region size 1024K, 70 young (71680K), 5 survivors (5120K)
 Metaspace       used 75956K, committed 76608K, reserved 1122304K
  class space    used 10323K, committed 10624K, reserved 1048576K
}
Event: 7.856 GC heap after
{Heap after GC invocations=37 (full 0):
 garbage-first heap   total 206848K, used 99236K [0x0000000080000000, 0x0000000100000000)
  region size 1024K, 9 young (9216K), 9 survivors (9216K)
 Metaspace       used 75956K, committed 76608K, reserved 1122304K
  class space    used 10323K, committed 10624K, reserved 1048576K
}
Event: 8.139 GC heap before
{Heap before GC invocations=37 (full 0):
 garbage-first heap   total 206848K, used 115620K [0x0000000080000000, 0x0000000100000000)
  region size 1024K, 24 young (24576K), 9 survivors (9216K)
 Metaspace       used 77798K, committed 78464K, reserved 1122304K
  class space    used 10566K, committed 10816K, reserved 1048576K
}
Event: 8.147 GC heap after
{Heap after GC invocations=38 (full 0):
 garbage-first heap   total 206848K, used 103198K [0x0000000080000000, 0x0000000100000000)
  region size 1024K, 6 young (6144K), 6 survivors (6144K)
 Metaspace       used 77798K, committed 78464K, reserved 1122304K
  class space    used 10566K, committed 10816K, reserved 1048576K
}
Event: 9.048 GC heap before
{Heap before GC invocations=39 (full 0):
 garbage-first heap   total 211968K, used 188190K [0x0000000080000000, 0x0000000100000000)
  region size 1024K, 70 young (71680K), 6 survivors (6144K)
 Metaspace       used 83922K, committed 84736K, reserved 1130496K
  class space    used 11342K, committed 11712K, reserved 1048576K
}
Event: 9.056 GC heap after
{Heap after GC invocations=40 (full 0):
 garbage-first heap   total 211968K, used 129837K [0x0000000080000000, 0x0000000100000000)
  region size 1024K, 9 young (9216K), 9 survivors (9216K)
 Metaspace       used 83922K, committed 84736K, reserved 1130496K
  class space    used 11342K, committed 11712K, reserved 1048576K
}
Event: 9.081 GC heap before
{Heap before GC invocations=40 (full 0):
 garbage-first heap   total 211968K, used 129837K [0x0000000080000000, 0x0000000100000000)
  region size 1024K, 10 young (10240K), 9 survivors (9216K)
 Metaspace       used 84141K, committed 84864K, reserved 1130496K
  class space    used 11372K, committed 11712K, reserved 1048576K
}
Event: 9.087 GC heap after
{Heap after GC invocations=41 (full 0):
 garbage-first heap   total 211968K, used 130705K [0x0000000080000000, 0x0000000100000000)
  region size 1024K, 1 young (1024K), 1 survivors (1024K)
 Metaspace       used 84141K, committed 84864K, reserved 1130496K
  class space    used 11372K, committed 11712K, reserved 1048576K
}
Event: 9.894 GC heap before
{Heap before GC invocations=41 (full 0):
 garbage-first heap   total 211968K, used 177809K [0x0000000080000000, 0x0000000100000000)
  region size 1024K, 47 young (48128K), 1 survivors (1024K)
 Metaspace       used 91106K, committed 91904K, reserved 1130496K
  class space    used 12426K, committed 12800K, reserved 1048576K
}
Event: 9.899 GC heap after
{Heap after GC invocations=42 (full 0):
 garbage-first heap   total 211968K, used 133123K [0x0000000080000000, 0x0000000100000000)
  region size 1024K, 4 young (4096K), 4 survivors (4096K)
 Metaspace       used 91106K, committed 91904K, reserved 1130496K
  class space    used 12426K, committed 12800K, reserved 1048576K
}
Event: 10.517 GC heap before
{Heap before GC invocations=43 (full 0):
 garbage-first heap   total 232448K, used 176131K [0x0000000080000000, 0x0000000100000000)
  region size 1024K, 46 young (47104K), 4 survivors (4096K)
 Metaspace       used 94229K, committed 95104K, reserved 1138688K
  class space    used 12725K, committed 13120K, reserved 1048576K
}
Event: 10.527 GC heap after
{Heap after GC invocations=44 (full 0):
 garbage-first heap   total 232448K, used 138501K [0x0000000080000000, 0x0000000100000000)
  region size 1024K, 6 young (6144K), 6 survivors (6144K)
 Metaspace       used 94229K, committed 95104K, reserved 1138688K
  class space    used 12725K, committed 13120K, reserved 1048576K
}
Event: 10.555 GC heap before
{Heap before GC invocations=44 (full 0):
 garbage-first heap   total 232448K, used 142597K [0x0000000080000000, 0x0000000100000000)
  region size 1024K, 11 young (11264K), 6 survivors (6144K)
 Metaspace       used 94260K, committed 95104K, reserved 1138688K
  class space    used 12725K, committed 13120K, reserved 1048576K
}
Event: 10.563 GC heap after
{Heap after GC invocations=45 (full 0):
 garbage-first heap   total 232448K, used 138755K [0x0000000080000000, 0x0000000100000000)
  region size 1024K, 2 young (2048K), 2 survivors (2048K)
 Metaspace       used 94260K, committed 95104K, reserved 1138688K
  class space    used 12725K, committed 13120K, reserved 1048576K
}
Event: 10.994 GC heap before
{Heap before GC invocations=45 (full 0):
 garbage-first heap   total 232448K, used 192003K [0x0000000080000000, 0x0000000100000000)
  region size 1024K, 55 young (56320K), 2 survivors (2048K)
 Metaspace       used 94808K, committed 95552K, reserved 1138688K
  class space    used 12767K, committed 13120K, reserved 1048576K
}

Dll operation events (2 events):
Event: 0.005 Loaded shared library C:\Program Files\Android\Android Studio\jbr\bin\java.dll
Event: 0.283 Loaded shared library C:\Program Files\Android\Android Studio\jbr\bin\verify.dll

Deoptimization events (20 events):
Event: 10.577 Thread 0x000002686162d9d0 Uncommon trap: trap_request=0xffffffc6 fr.pc=0x000002684fb3d94c relative=0x00000000000008cc
Event: 10.577 Thread 0x000002686162d9d0 Uncommon trap: reason=bimorphic_or_optimized_type_check action=maybe_recompile pc=0x000002684fb3d94c method=java.io.BufferedInputStream.read1([BII)I @ 39 c2
Event: 10.577 Thread 0x000002686162d9d0 DEOPT PACKING pc=0x000002684fb3d94c sp=0x000000df114fe090
Event: 10.577 Thread 0x000002686162d9d0 DEOPT UNPACKING pc=0x000002684f2569a3 sp=0x000000df114fdfa8 mode 2
Event: 10.646 Thread 0x0000026861c30f90 DEOPT PACKING pc=0x0000026847dcbc20 sp=0x000000df104fe5f0
Event: 10.646 Thread 0x0000026861c30f90 DEOPT UNPACKING pc=0x000002684f257143 sp=0x000000df104fdab0 mode 0
Event: 10.659 Thread 0x0000026861c30f90 DEOPT PACKING pc=0x0000026847dcbc20 sp=0x000000df104fe5f0
Event: 10.660 Thread 0x0000026861c30f90 DEOPT UNPACKING pc=0x000002684f257143 sp=0x000000df104fdab0 mode 0
Event: 10.672 Thread 0x000002686162d9d0 Uncommon trap: trap_request=0xffffffc6 fr.pc=0x000002684fb3d94c relative=0x00000000000008cc
Event: 10.672 Thread 0x000002686162d9d0 Uncommon trap: reason=bimorphic_or_optimized_type_check action=maybe_recompile pc=0x000002684fb3d94c method=java.io.BufferedInputStream.read1([BII)I @ 39 c2
Event: 10.672 Thread 0x000002686162d9d0 DEOPT PACKING pc=0x000002684fb3d94c sp=0x000000df114fe090
Event: 10.672 Thread 0x000002686162d9d0 DEOPT UNPACKING pc=0x000002684f2569a3 sp=0x000000df114fdfa8 mode 2
Event: 10.672 Thread 0x000002686162d9d0 Uncommon trap: trap_request=0xffffff45 fr.pc=0x000002684f8166d8 relative=0x0000000000000218
Event: 10.672 Thread 0x000002686162d9d0 Uncommon trap: reason=unstable_if action=reinterpret pc=0x000002684f8166d8 method=com.esotericsoftware.kryo.io.Input.readVarInt(Z)I @ 42 c2
Event: 10.672 Thread 0x000002686162d9d0 DEOPT PACKING pc=0x000002684f8166d8 sp=0x000000df114fe270
Event: 10.672 Thread 0x000002686162d9d0 DEOPT UNPACKING pc=0x000002684f2569a3 sp=0x000000df114fe160 mode 2
Event: 10.683 Thread 0x0000026861c30f90 DEOPT PACKING pc=0x0000026847dcbc20 sp=0x000000df104fe5f0
Event: 10.683 Thread 0x0000026861c30f90 DEOPT UNPACKING pc=0x000002684f257143 sp=0x000000df104fdab0 mode 0
Event: 10.708 Thread 0x0000026861c30f90 DEOPT PACKING pc=0x0000026847dcbc20 sp=0x000000df104fe5f0
Event: 10.708 Thread 0x0000026861c30f90 DEOPT UNPACKING pc=0x000002684f257143 sp=0x000000df104fdab0 mode 0

Classes unloaded (0 events):
No events

Classes redefined (0 events):
No events

Internal exceptions (20 events):
Event: 9.498 Thread 0x0000026860543560 Exception <a 'sun/nio/fs/WindowsException'{0x000000008b8fb110}> (0x000000008b8fb110) 
thrown [s\src\hotspot\share\prims\jni.cpp, line 517]
Event: 9.498 Thread 0x0000026860543560 Exception <a 'sun/nio/fs/WindowsException'{0x000000008b8fc488}> (0x000000008b8fc488) 
thrown [s\src\hotspot\share\prims\jni.cpp, line 517]
Event: 9.498 Thread 0x0000026860543560 Exception <a 'sun/nio/fs/WindowsException'{0x000000008b8fd850}> (0x000000008b8fd850) 
thrown [s\src\hotspot\share\prims\jni.cpp, line 517]
Event: 9.498 Thread 0x0000026860543560 Exception <a 'sun/nio/fs/WindowsException'{0x000000008b8fec18}> (0x000000008b8fec18) 
thrown [s\src\hotspot\share\prims\jni.cpp, line 517]
Event: 9.522 Thread 0x0000026860543560 Exception <a 'java/lang/NoSuchMethodError'{0x000000008b63baa0}: 'java.lang.Object java.lang.invoke.DirectMethodHandle$Holder.invokeSpecial(java.lang.Object, java.lang.Object, long, java.lang.Object, java.lang.Object, java.lang.Object, java.lang.Object, java.lang.Object, java.lang.Object, java.lang.Object, java.lang.Object)'> (0x000000008b63baa0) 
thrown [s\src\hotspot\share\interpreter\linkResolver.cpp, line 771]
Event: 9.523 Thread 0x0000026860543560 Exception <a 'java/lang/NoSuchMethodError'{0x000000008b6408a8}: 'java.lang.Object java.lang.invoke.DelegatingMethodHandle$Holder.reinvoke_L(java.lang.Object, long, java.lang.Object, java.lang.Object, java.lang.Object, java.lang.Object, java.lang.Object, java.lang.Object, java.lang.Object, java.lang.Object)'> (0x000000008b6408a8) 
thrown [s\src\hotspot\share\interpreter\linkResolver.cpp, line 771]
Event: 9.525 Thread 0x0000026860543560 Exception <a 'java/lang/NoSuchMethodError'{0x000000008b663788}: 'java.lang.Object java.lang.invoke.DirectMethodHandle$Holder.invokeSpecial(java.lang.Object, java.lang.Object, java.lang.Object, java.lang.Object, java.lang.Object, java.lang.Object, java.lang.Object, java.lang.Object, java.lang.Object, java.lang.Object)'> (0x000000008b663788) 
thrown [s\src\hotspot\share\interpreter\linkResolver.cpp, line 771]
Event: 9.525 Thread 0x0000026860543560 Exception <a 'java/lang/NoSuchMethodError'{0x000000008b668420}: 'java.lang.Object java.lang.invoke.Invokers$Holder.linkToTargetMethod(java.lang.Object, java.lang.Object, java.lang.Object, java.lang.Object, java.lang.Object, java.lang.Object, java.lang.Object, java.lang.Object, java.lang.Object)'> (0x000000008b668420) 
thrown [s\src\hotspot\share\interpreter\linkResolver.cpp, line 771]
Event: 9.666 Thread 0x0000026860543560 Exception <a 'java/lang/NoSuchMethodError'{0x000000008ac9d320}: 'java.lang.Object java.lang.invoke.DirectMethodHandle$Holder.newInvokeSpecial(java.lang.Object, java.lang.Object, java.lang.Object, java.lang.Object, int, java.lang.Object)'> (0x000000008ac9d320) 
thrown [s\src\hotspot\share\interpreter\linkResolver.cpp, line 771]
Event: 9.667 Thread 0x0000026860543560 Exception <a 'java/lang/NoSuchMethodError'{0x000000008aca2388}: 'java.lang.Object java.lang.invoke.Invokers$Holder.linkToTargetMethod(java.lang.Object, java.lang.Object, java.lang.Object, int, java.lang.Object, java.lang.Object)'> (0x000000008aca2388) 
thrown [s\src\hotspot\share\interpreter\linkResolver.cpp, line 771]
Event: 9.693 Thread 0x0000026860543560 Exception <a 'java/lang/IncompatibleClassChangeError'{0x000000008ab8f638}: Found class java.lang.Object, but interface was expected> (0x000000008ab8f638) 
thrown [s\src\hotspot\share\interpreter\linkResolver.cpp, line 838]
Event: 9.716 Thread 0x000002686472a800 Exception <a 'java/lang/IncompatibleClassChangeError'{0x000000008aae4d28}: Found class java.lang.Object, but interface was expected> (0x000000008aae4d28) 
thrown [s\src\hotspot\share\interpreter\linkResolver.cpp, line 838]
Event: 9.731 Thread 0x000002686472a800 Exception <a 'java/lang/NoSuchMethodError'{0x000000008a9d51e8}: 'int java.lang.invoke.DirectMethodHandle$Holder.invokeStaticInit(java.lang.Object, java.lang.Object, java.lang.Object, java.lang.Object, java.lang.Object)'> (0x000000008a9d51e8) 
thrown [s\src\hotspot\share\interpreter\linkResolver.cpp, line 771]
Event: 9.750 Thread 0x0000026860543560 Exception <a 'java/lang/NoSuchMethodError'{0x000000008a8ca0f0}: 'int java.lang.invoke.DirectMethodHandle$Holder.invokeSpecialIFC(java.lang.Object, java.lang.Object, java.lang.Object)'> (0x000000008a8ca0f0) 
thrown [s\src\hotspot\share\interpreter\linkResolver.cpp, line 771]
Event: 9.795 Thread 0x0000026860543560 Exception <a 'java/lang/NoSuchMethodError'{0x000000008a46a398}: 'void java.lang.invoke.DirectMethodHandle$Holder.invokeSpecial(java.lang.Object, java.lang.Object, java.lang.Object, java.lang.Object, int, java.lang.Object, java.lang.Object)'> (0x000000008a46a398) 
thrown [s\src\hotspot\share\interpreter\linkResolver.cpp, line 771]
Event: 10.433 Thread 0x0000026868848530 Exception <a 'java/lang/NoSuchMethodError'{0x000000008c88a7f8}: 'java.lang.Object java.lang.invoke.DirectMethodHandle$Holder.invokeSpecialIFC(java.lang.Object, java.lang.Object, java.lang.Object)'> (0x000000008c88a7f8) 
thrown [s\src\hotspot\share\interpreter\linkResolver.cpp, line 771]
Event: 10.433 Thread 0x0000026862cc9060 Exception <a 'java/lang/NoSuchMethodError'{0x000000008c8983d8}: 'java.lang.Object java.lang.invoke.DirectMethodHandle$Holder.invokeSpecialIFC(java.lang.Object, java.lang.Object, java.lang.Object)'> (0x000000008c8983d8) 
thrown [s\src\hotspot\share\interpreter\linkResolver.cpp, line 771]
Event: 10.434 Thread 0x0000026860543560 Exception <a 'java/lang/NoSuchMethodError'{0x000000008c8209d0}: 'java.lang.Object java.lang.invoke.DirectMethodHandle$Holder.invokeSpecialIFC(java.lang.Object, java.lang.Object, java.lang.Object)'> (0x000000008c8209d0) 
thrown [s\src\hotspot\share\interpreter\linkResolver.cpp, line 771]
Event: 10.434 Thread 0x0000026864727310 Exception <a 'java/lang/NoSuchMethodError'{0x000000008c8e9178}: 'java.lang.Object java.lang.invoke.DirectMethodHandle$Holder.invokeSpecialIFC(java.lang.Object, java.lang.Object, java.lang.Object)'> (0x000000008c8e9178) 
thrown [s\src\hotspot\share\interpreter\linkResolver.cpp, line 771]
Event: 10.477 Thread 0x0000026862cc9060 Exception <a 'java/lang/NoSuchMethodError'{0x000000008bf39cb8}: 'void java.lang.invoke.DirectMethodHandle$Holder.invokeVirtual(java.lang.Object, java.lang.Object)'> (0x000000008bf39cb8) 
thrown [s\src\hotspot\share\interpreter\linkResolver.cpp, line 771]

VM Operations (20 events):
Event: 10.281 Executing VM operation: ICBufferFull done
Event: 10.307 Executing VM operation: HandshakeAllThreads
Event: 10.307 Executing VM operation: HandshakeAllThreads done
Event: 10.333 Executing VM operation: HandshakeAllThreads
Event: 10.333 Executing VM operation: HandshakeAllThreads done
Event: 10.333 Executing VM operation: HandshakeAllThreads
Event: 10.334 Executing VM operation: HandshakeAllThreads done
Event: 10.408 Executing VM operation: ICBufferFull
Event: 10.408 Executing VM operation: ICBufferFull done
Event: 10.517 Executing VM operation: G1CollectForAllocation
Event: 10.527 Executing VM operation: G1CollectForAllocation done
Event: 10.555 Executing VM operation: G1CollectForAllocation
Event: 10.564 Executing VM operation: G1CollectForAllocation done
Event: 10.830 Executing VM operation: ICBufferFull
Event: 10.830 Executing VM operation: ICBufferFull done
Event: 10.949 Executing VM operation: ICBufferFull
Event: 10.949 Executing VM operation: ICBufferFull done
Event: 10.952 Executing VM operation: HandshakeAllThreads
Event: 10.952 Executing VM operation: HandshakeAllThreads done
Event: 10.994 Executing VM operation: G1CollectForAllocation

Events (20 events):
Event: 10.349 Thread 0x000002685f03f8c0 flushing nmethod 0x0000026848a84310
Event: 10.349 Thread 0x000002685f03f8c0 flushing nmethod 0x0000026848a86810
Event: 10.349 Thread 0x000002685f03f8c0 flushing nmethod 0x0000026848a90c90
Event: 10.349 Thread 0x000002685f03f8c0 flushing nmethod 0x0000026848a94990
Event: 10.349 Thread 0x000002685f03f8c0 flushing nmethod 0x0000026848aa2d90
Event: 10.349 Thread 0x000002685f03f8c0 flushing nmethod 0x0000026848aa9990
Event: 10.349 Thread 0x000002685f03f8c0 flushing nmethod 0x0000026848ac4890
Event: 10.349 Thread 0x000002685f03f8c0 flushing nmethod 0x0000026848ae6090
Event: 10.349 Thread 0x000002685f03f8c0 flushing nmethod 0x0000026848afa690
Event: 10.349 Thread 0x000002685f03f8c0 flushing nmethod 0x0000026848b0c390
Event: 10.349 Thread 0x000002685f03f8c0 flushing nmethod 0x0000026848b44790
Event: 10.350 Thread 0x000002685f03f8c0 flushing nmethod 0x0000026848b7b110
Event: 10.350 Thread 0x000002685f03f8c0 flushing nmethod 0x0000026848c2e910
Event: 10.350 Thread 0x000002685f03f8c0 flushing nmethod 0x0000026848c2ec90
Event: 10.351 Thread 0x000002685f03f8c0 flushing nmethod 0x0000026848c90590
Event: 10.351 Thread 0x000002685f03f8c0 flushing nmethod 0x0000026848c90a10
Event: 10.351 Thread 0x000002685f03f8c0 flushing nmethod 0x0000026848c91190
Event: 10.351 Thread 0x000002685f03f8c0 flushing nmethod 0x0000026848cb3e10
Event: 10.351 Thread 0x000002685f03f8c0 flushing nmethod 0x0000026848cec290
Event: 10.351 Thread 0x000002685f03f8c0 flushing nmethod 0x0000026848d5a890


Dynamic libraries:
0x00007ff70c0b0000 - 0x00007ff70c0ba000 	C:\Program Files\Android\Android Studio\jbr\bin\java.exe
0x00007ffa2d790000 - 0x00007ffa2d9a7000 	C:\WINDOWS\SYSTEM32\ntdll.dll
0x00007ffa2c990000 - 0x00007ffa2ca54000 	C:\WINDOWS\System32\KERNEL32.DLL
0x00007ffa2ade0000 - 0x00007ffa2b18d000 	C:\WINDOWS\System32\KERNELBASE.dll
0x00007ffa2acc0000 - 0x00007ffa2add1000 	C:\WINDOWS\System32\ucrtbase.dll
0x00007ff9cb6b0000 - 0x00007ff9cb6c7000 	C:\Program Files\Android\Android Studio\jbr\bin\jli.dll
0x00007ffa264e0000 - 0x00007ffa264fb000 	C:\Program Files\Android\Android Studio\jbr\bin\VCRUNTIME140.dll
0x00007ffa2d2c0000 - 0x00007ffa2d46e000 	C:\WINDOWS\System32\USER32.dll
0x00007ffa19e20000 - 0x00007ffa1a0b3000 	C:\WINDOWS\WinSxS\amd64_microsoft.windows.common-controls_6595b64144ccf1df_6.0.22621.3672_none_2713b9d173822955\COMCTL32.dll
0x00007ffa2b200000 - 0x00007ffa2b226000 	C:\WINDOWS\System32\win32u.dll
0x00007ffa2b6f0000 - 0x00007ffa2b719000 	C:\WINDOWS\System32\GDI32.dll
0x00007ffa2d210000 - 0x00007ffa2d2b7000 	C:\WINDOWS\System32\msvcrt.dll
0x00007ffa2b3a0000 - 0x00007ffa2b4b9000 	C:\WINDOWS\System32\gdi32full.dll
0x00007ffa2aab0000 - 0x00007ffa2ab4a000 	C:\WINDOWS\System32\msvcp_win.dll
0x00007ffa2b720000 - 0x00007ffa2b751000 	C:\WINDOWS\System32\IMM32.DLL
0x00007ffa264d0000 - 0x00007ffa264dc000 	C:\Program Files\Android\Android Studio\jbr\bin\vcruntime140_1.dll
0x00007ffa1a5b0000 - 0x00007ffa1a63d000 	C:\Program Files\Android\Android Studio\jbr\bin\msvcp140.dll
0x00007ff9cb9a0000 - 0x00007ff9cc60e000 	C:\Program Files\Android\Android Studio\jbr\bin\server\jvm.dll
0x00007ffa2d630000 - 0x00007ffa2d6e2000 	C:\WINDOWS\System32\ADVAPI32.dll
0x00007ffa2c770000 - 0x00007ffa2c819000 	C:\WINDOWS\System32\sechost.dll
0x00007ffa2ac90000 - 0x00007ffa2acb8000 	C:\WINDOWS\System32\bcrypt.dll
0x00007ffa2ccf0000 - 0x00007ffa2ce04000 	C:\WINDOWS\System32\RPCRT4.dll
0x00007ffa20890000 - 0x00007ffa208c4000 	C:\WINDOWS\SYSTEM32\WINMM.dll
0x00007ffa084f0000 - 0x00007ffa084f9000 	C:\WINDOWS\SYSTEM32\WSOCK32.dll
0x00007ffa23e60000 - 0x00007ffa23e6a000 	C:\WINDOWS\SYSTEM32\VERSION.dll
0x00007ffa2cc10000 - 0x00007ffa2cc81000 	C:\WINDOWS\System32\WS2_32.dll
0x00007ffa29bb0000 - 0x00007ffa29bc8000 	C:\WINDOWS\SYSTEM32\kernel.appcore.dll
0x00007ffa0afb0000 - 0x00007ffa0afba000 	C:\Program Files\Android\Android Studio\jbr\bin\jimage.dll
0x00007ffa28610000 - 0x00007ffa28842000 	C:\WINDOWS\SYSTEM32\DBGHELP.DLL
0x00007ffa2ce20000 - 0x00007ffa2d1ae000 	C:\WINDOWS\System32\combase.dll
0x00007ffa2c560000 - 0x00007ffa2c637000 	C:\WINDOWS\System32\OLEAUT32.dll
0x00007ff9fead0000 - 0x00007ff9feb02000 	C:\WINDOWS\SYSTEM32\dbgcore.DLL
0x00007ffa2ac10000 - 0x00007ffa2ac8b000 	C:\WINDOWS\System32\bcryptPrimitives.dll
0x00007ffa0af80000 - 0x00007ffa0afa5000 	C:\Program Files\Android\Android Studio\jbr\bin\java.dll
0x00007ff9d8190000 - 0x00007ff9d81a8000 	C:\Program Files\Android\Android Studio\jbr\bin\zip.dll
0x00007ffa2bcf0000 - 0x00007ffa2c557000 	C:\WINDOWS\System32\SHELL32.dll
0x00007ffa289b0000 - 0x00007ffa292af000 	C:\WINDOWS\SYSTEM32\windows.storage.dll
0x00007ffa28870000 - 0x00007ffa289af000 	C:\WINDOWS\SYSTEM32\wintypes.dll
0x00007ffa2c650000 - 0x00007ffa2c749000 	C:\WINDOWS\System32\SHCORE.dll
0x00007ffa2d1b0000 - 0x00007ffa2d20e000 	C:\WINDOWS\System32\shlwapi.dll
0x00007ffa2a9e0000 - 0x00007ffa2aa07000 	C:\WINDOWS\SYSTEM32\profapi.dll
0x00007ff9d8170000 - 0x00007ff9d8189000 	C:\Program Files\Android\Android Studio\jbr\bin\net.dll
0x00007ffa26520000 - 0x00007ffa26656000 	C:\WINDOWS\SYSTEM32\WINHTTP.dll
0x00007ffa2a020000 - 0x00007ffa2a089000 	C:\WINDOWS\system32\mswsock.dll
0x00007ff9cb980000 - 0x00007ff9cb996000 	C:\Program Files\Android\Android Studio\jbr\bin\nio.dll
0x00007ffa007e0000 - 0x00007ffa007f0000 	C:\Program Files\Android\Android Studio\jbr\bin\verify.dll
0x00007ffa25a30000 - 0x00007ffa25a57000 	C:\Users\scher\.gradle\native\68d5fa5c4cc2d200863cafc0d521ce42e7d3e7ee720ec0a83991735586a16f82\windows-amd64\native-platform.dll
0x00007ffa15b40000 - 0x00007ffa15c84000 	C:\Users\scher\.gradle\native\e376f236ea51e6404a007f0833ffe2c6e607c4080706a723a18a27aeea778392\windows-amd64\native-platform-file-events.dll
0x00007ffa005f0000 - 0x00007ffa005f9000 	C:\Program Files\Android\Android Studio\jbr\bin\management.dll
0x00007ff9fed60000 - 0x00007ff9fed6b000 	C:\Program Files\Android\Android Studio\jbr\bin\management_ext.dll
0x00007ffa2c820000 - 0x00007ffa2c828000 	C:\WINDOWS\System32\PSAPI.DLL
0x00007ffa2a250000 - 0x00007ffa2a26b000 	C:\WINDOWS\SYSTEM32\CRYPTSP.dll
0x00007ffa29b10000 - 0x00007ffa29b45000 	C:\WINDOWS\system32\rsaenh.dll
0x00007ffa2a0e0000 - 0x00007ffa2a108000 	C:\WINDOWS\SYSTEM32\USERENV.dll
0x00007ffa2a240000 - 0x00007ffa2a24c000 	C:\WINDOWS\SYSTEM32\CRYPTBASE.dll
0x00007ffa29550000 - 0x00007ffa2957d000 	C:\WINDOWS\SYSTEM32\IPHLPAPI.DLL
0x00007ffa2c640000 - 0x00007ffa2c649000 	C:\WINDOWS\System32\NSI.dll
0x00007ffa26500000 - 0x00007ffa26519000 	C:\WINDOWS\SYSTEM32\dhcpcsvc6.DLL
0x00007ffa26440000 - 0x00007ffa2645f000 	C:\WINDOWS\SYSTEM32\dhcpcsvc.DLL
0x00007ffa295d0000 - 0x00007ffa296c8000 	C:\WINDOWS\SYSTEM32\DNSAPI.dll
0x00007ff9f7ae0000 - 0x00007ff9f7ae8000 	C:\WINDOWS\system32\wshunix.dll

dbghelp: loaded successfully - version: 4.0.5 - missing functions: none
symbol engine: initialized successfully - sym options: 0x614 - pdb path: .;C:\Program Files\Android\Android Studio\jbr\bin;C:\WINDOWS\SYSTEM32;C:\WINDOWS\WinSxS\amd64_microsoft.windows.common-controls_6595b64144ccf1df_6.0.22621.3672_none_2713b9d173822955;C:\Program Files\Android\Android Studio\jbr\bin\server;C:\Users\scher\.gradle\native\68d5fa5c4cc2d200863cafc0d521ce42e7d3e7ee720ec0a83991735586a16f82\windows-amd64;C:\Users\scher\.gradle\native\e376f236ea51e6404a007f0833ffe2c6e607c4080706a723a18a27aeea778392\windows-amd64

VM Arguments:
jvm_args: --add-opens=java.base/java.util=ALL-UNNAMED --add-opens=java.base/java.lang=ALL-UNNAMED --add-opens=java.base/java.lang.invoke=ALL-UNNAMED --add-opens=java.prefs/java.util.prefs=ALL-UNNAMED --add-opens=java.base/java.nio.charset=ALL-UNNAMED --add-opens=java.base/java.net=ALL-UNNAMED --add-opens=java.base/java.util.concurrent.atomic=ALL-UNNAMED -Xmx2048m -Dfile.encoding=UTF-8 -Duser.country=BR -Duser.language=pt -Duser.variant 
java_command: org.gradle.launcher.daemon.bootstrap.GradleDaemon 8.0
java_class_path (initial): C:\Users\scher\.gradle\wrapper\dists\gradle-8.0-bin\ca5e32bp14vu59qr306oxotwh\gradle-8.0\lib\gradle-launcher-8.0.jar
Launcher Type: SUN_STANDARD

[Global flags]
     intx CICompilerCount                          = 4                                         {product} {ergonomic}
     uint ConcGCThreads                            = 2                                         {product} {ergonomic}
     uint G1ConcRefinementThreads                  = 8                                         {product} {ergonomic}
   size_t G1HeapRegionSize                         = 1048576                                   {product} {ergonomic}
    uintx GCDrainStackTargetSize                   = 64                                        {product} {ergonomic}
   size_t InitialHeapSize                          = 134217728                                 {product} {ergonomic}
   size_t MarkStackSize                            = 4194304                                   {product} {ergonomic}
   size_t MaxHeapSize                              = 2147483648                                {product} {command line}
   size_t MaxNewSize                               = 1287651328                                {product} {ergonomic}
   size_t MinHeapDeltaBytes                        = 1048576                                   {product} {ergonomic}
   size_t MinHeapSize                              = 8388608                                   {product} {ergonomic}
    uintx NonNMethodCodeHeapSize                   = 5839372                                {pd product} {ergonomic}
    uintx NonProfiledCodeHeapSize                  = 122909434                              {pd product} {ergonomic}
    uintx ProfiledCodeHeapSize                     = 122909434                              {pd product} {ergonomic}
    uintx ReservedCodeCacheSize                    = 251658240                              {pd product} {ergonomic}
     bool SegmentedCodeCache                       = true                                      {product} {ergonomic}
   size_t SoftMaxHeapSize                          = 2147483648                             {manageable} {ergonomic}
     bool UseCompressedClassPointers               = true                           {product lp64_product} {ergonomic}
     bool UseCompressedOops                        = true                           {product lp64_product} {ergonomic}
     bool UseG1GC                                  = true                                      {product} {ergonomic}
     bool UseLargePagesIndividualAllocation        = false                                  {pd product} {ergonomic}

Logging:
Log output configuration:
 #0: stdout all=warning uptime,level,tags
 #1: stderr all=off uptime,level,tags

Environment Variables:
PATH=C:\Program Files\Common Files\Oracle\Java\javapath;C:\Program Files (x86)\Embarcadero\Studio\22.0\bin;C:\Users\Public\Documents\Embarcadero\Studio\22.0\Bpl;C:\Program Files (x86)\Embarcadero\Studio\22.0\bin64;C:\Users\Public\Documents\Embarcadero\Studio\22.0\Bpl\Win64;C:\Program Files (x86)\Embarcadero\Studio\21.0\bin;C:\Users\Public\Documents\Embarcadero\Studio\21.0\Bpl;C:\Program Files (x86)\Embarcadero\Studio\21.0\bin64;C:\Users\Public\Documents\Embarcadero\Studio\21.0\Bpl\Win64;C:\Windows\system32;C:\Windows;C:\Windows\System32\Wbem;C:\Windows\System32\WindowsPowerShell\v1.0\;C:\Windows\System32\OpenSSH\;C:\Program Files (x86)\NVIDIA Corporation\PhysX\Common;C:\Program Files\NVIDIA Corporation\NVIDIA NvDLISR;C:\WINDOWS\system32;C:\WINDOWS;C:\WINDOWS\System32\Wbem;C:\WINDOWS\System32\WindowsPowerShell\v1.0\;C:\WINDOWS\System32\OpenSSH\;C:\Program Files\dotnet\;C:\Program Files (x86)\Windows Kits\10\Windows Performance Toolkit\;C:\Program Files\Git\cmd;C:\Users\scher\AppData\Local\Microsoft\WindowsApps;;C:\Users\scher\AppData\Local\Programs\Microsoft VS Code\bin
USERNAME=scher
OS=Windows_NT
PROCESSOR_IDENTIFIER=Intel64 Family 6 Model 142 Stepping 12, GenuineIntel
TMP=C:\Users\scher\AppData\Local\Temp
TEMP=C:\Users\scher\AppData\Local\Temp


JNI global refs:
JNI global refs: 28, weak refs: 17

JNI global refs memory usage: 843, weak refs: 841


---------------  S Y S T E M  ---------------

OS:
 Windows 11 , 64 bit Build 22621 (10.0.22621.3958)
OS uptime: 0 days 8:48 hours
Hyper-V role detected

CPU: total 8 (initial active 8) (4 cores per cpu, 2 threads per core) family 6 model 142 stepping 12 microcode 0xea, cx8, cmov, fxsr, ht, mmx, 3dnowpref, sse, sse2, sse3, ssse3, sse4.1, sse4.2, popcnt, lzcnt, tsc, tscinvbit, avx, avx2, aes, erms, clmul, bmi1, bmi2, adx, fma, vzeroupper, clflush, clflushopt, hv

Memory: 4k page, system-wide physical 8072M (567M free)
TotalPageFile size 10120M (AvailPageFile size 77M)
current process WorkingSet (physical memory assigned to process): 481M, peak: 488M
current process commit charge ("private bytes"): 518M, peak: 750M

vm_info: OpenJDK 64-Bit Server VM (17.0.6+0-b2043.56-10027231) for windows-amd64 JRE (17.0.6+0-b2043.56-10027231), built on Apr 28 2023 00:43:19 by "androidbuild" with MS VC++ 16.10 / 16.11 (VS2019)

END.
