#
# There is insufficient memory for the Java Runtime Environment to continue.
# Native memory allocation (mmap) failed to map 8388608 bytes for G1 virtual space
# Possible reasons:
#   The system is out of physical RAM or swap space
#   The process is running with CompressedOops enabled, and the Java Heap may be blocking the growth of the native heap
# Possible solutions:
#   Reduce memory load on the system
#   Increase physical memory or swap space
#   Check if swap backing store is full
#   Decrease Java heap size (-Xmx/-Xms)
#   Decrease number of Java threads
#   Decrease Java thread stack sizes (-Xss)
#   Set larger code cache with -XX:ReservedCodeCacheSize=
#   JVM is running with Unscaled Compressed Oops mode in which the Java heap is
#     placed in the first 4GB address space. The Java Heap base address is the
#     maximum limit for the native heap growth. Please use -XX:HeapBaseMinAddress
#     to set the Java Heap base and to place the Java Heap above 4GB virtual address.
# This output file may be truncated or incomplete.
#
#  Out of Memory Error (os_windows.cpp:3769), pid=5276, tid=3116
#
# JRE version: OpenJDK Runtime Environment (17.0.6) (build 17.0.6+0-b2043.56-10027231)
# Java VM: OpenJDK 64-Bit Server VM (17.0.6+0-b2043.56-10027231, mixed mode, tiered, compressed oops, compressed class ptrs, g1 gc, windows-amd64)
# No core dump will be written. Minidumps are not enabled by default on client versions of Windows
#

---------------  S U M M A R Y ------------

Command Line: --add-opens=java.base/java.util=ALL-UNNAMED --add-opens=java.base/java.lang=ALL-UNNAMED --add-opens=java.base/java.lang.invoke=ALL-UNNAMED --add-opens=java.prefs/java.util.prefs=ALL-UNNAMED --add-opens=java.base/java.nio.charset=ALL-UNNAMED --add-opens=java.base/java.net=ALL-UNNAMED --add-opens=java.base/java.util.concurrent.atomic=ALL-UNNAMED -Xmx2048m -Dfile.encoding=UTF-8 -Duser.country=BR -Duser.language=pt -Duser.variant org.gradle.launcher.daemon.bootstrap.GradleDaemon 8.0

Host: Intel(R) Core(TM) i7-8565U CPU @ 1.80GHz, 8 cores, 7G,  Windows 11 , 64 bit Build 22621 (10.0.22621.3958)
Time: Tue Sep 17 23:30:35 2024 Hora oficial do Brasil elapsed time: 4.825450 seconds (0d 0h 0m 4s)

---------------  T H R E A D  ---------------

Current thread (0x000002629665e390):  VMThread "VM Thread" [stack: 0x0000006e48500000,0x0000006e48600000] [id=3116]

Stack: [0x0000006e48500000,0x0000006e48600000]
Native frames: (J=compiled Java code, j=interpreted, Vv=VM code, C=native code)
V  [jvm.dll+0x683c9a]
V  [jvm.dll+0x8427a4]
V  [jvm.dll+0x843f9e]
V  [jvm.dll+0x844603]
V  [jvm.dll+0x249b75]
V  [jvm.dll+0x680b69]
V  [jvm.dll+0x67505a]
V  [jvm.dll+0x309acb]
V  [jvm.dll+0x310f86]
V  [jvm.dll+0x3608ee]
V  [jvm.dll+0x360b1f]
V  [jvm.dll+0x2dfbf8]
V  [jvm.dll+0x2e2ce6]
V  [jvm.dll+0x2ed478]
V  [jvm.dll+0x322150]
V  [jvm.dll+0x848ccb]
V  [jvm.dll+0x849a04]
V  [jvm.dll+0x849f1d]
V  [jvm.dll+0x84a2f4]
V  [jvm.dll+0x84a3c0]
V  [jvm.dll+0x7f274a]
V  [jvm.dll+0x682ad5]
C  [ucrtbase.dll+0x29333]
C  [KERNEL32.DLL+0x1257d]
C  [ntdll.dll+0x5af28]

VM_Operation (0x0000006e481ff490): G1Concurrent, mode: safepoint, requested by thread 0x00000262fc81cf00


---------------  P R O C E S S  ---------------

Threads class SMR info:
_java_thread_list=0x0000026299f938e0, length=42, elements={
0x00000262fc7b0520, 0x000002629700b310, 0x000002629700c180, 0x0000026297036e10,
0x00000262970378d0, 0x000002629703a790, 0x00000262970471c0, 0x0000026297048560,
0x0000026297049000, 0x000002629704ba00, 0x00000262971dec30, 0x00000262971e7110,
0x000002629728a070, 0x0000026298694800, 0x00000262981b2f00, 0x0000026299d1d800,
0x0000026298b06830, 0x00000262986b1d50, 0x0000026298454a80, 0x00000262997d96e0,
0x0000026298a92a10, 0x0000026298a92ee0, 0x0000026298a92540, 0x0000026298a93d50,
0x0000026298a933b0, 0x0000026298a946f0, 0x0000026298a93880, 0x0000026298a95090,
0x0000026298a95560, 0x0000026298a94220, 0x0000026298a94bc0, 0x0000026298a95a30,
0x0000026298a92070, 0x000002629c375820, 0x000002629c374010, 0x000002629c3749b0,
0x000002629c374e80, 0x000002629c36f310, 0x000002629c371990, 0x000002629c36f7e0,
0x000002629c370180, 0x000002629c376690
}

Java Threads: ( => current thread )
  0x00000262fc7b0520 JavaThread "main" [_thread_blocked, id=8164, stack(0x0000006e47f00000,0x0000006e48000000)]
  0x000002629700b310 JavaThread "Reference Handler" daemon [_thread_blocked, id=18844, stack(0x0000006e48600000,0x0000006e48700000)]
  0x000002629700c180 JavaThread "Finalizer" daemon [_thread_blocked, id=4936, stack(0x0000006e48700000,0x0000006e48800000)]
  0x0000026297036e10 JavaThread "Signal Dispatcher" daemon [_thread_blocked, id=17988, stack(0x0000006e48800000,0x0000006e48900000)]
  0x00000262970378d0 JavaThread "Attach Listener" daemon [_thread_blocked, id=14924, stack(0x0000006e48900000,0x0000006e48a00000)]
  0x000002629703a790 JavaThread "Service Thread" daemon [_thread_blocked, id=18004, stack(0x0000006e48a00000,0x0000006e48b00000)]
  0x00000262970471c0 JavaThread "Monitor Deflation Thread" daemon [_thread_blocked, id=6052, stack(0x0000006e48b00000,0x0000006e48c00000)]
  0x0000026297048560 JavaThread "C2 CompilerThread0" daemon [_thread_blocked, id=19572, stack(0x0000006e48c00000,0x0000006e48d00000)]
  0x0000026297049000 JavaThread "C1 CompilerThread0" daemon [_thread_blocked, id=10616, stack(0x0000006e48d00000,0x0000006e48e00000)]
  0x000002629704ba00 JavaThread "Sweeper thread" daemon [_thread_blocked, id=10836, stack(0x0000006e48e00000,0x0000006e48f00000)]
  0x00000262971dec30 JavaThread "Common-Cleaner" daemon [_thread_blocked, id=15300, stack(0x0000006e48f00000,0x0000006e49000000)]
  0x00000262971e7110 JavaThread "Notification Thread" daemon [_thread_blocked, id=12760, stack(0x0000006e49000000,0x0000006e49100000)]
  0x000002629728a070 JavaThread "C2 CompilerThread1" daemon [_thread_blocked, id=2716, stack(0x0000006e49200000,0x0000006e49300000)]
  0x0000026298694800 JavaThread "Daemon health stats" [_thread_blocked, id=18136, stack(0x0000006e49700000,0x0000006e49800000)]
  0x00000262981b2f00 JavaThread "Incoming local TCP Connector on port 53389" [_thread_in_native, id=19880, stack(0x0000006e49800000,0x0000006e49900000)]
  0x0000026299d1d800 JavaThread "Daemon periodic checks" [_thread_blocked, id=17568, stack(0x0000006e49900000,0x0000006e49a00000)]
  0x0000026298b06830 JavaThread "Daemon" [_thread_blocked, id=4296, stack(0x0000006e49a00000,0x0000006e49b00000)]
  0x00000262986b1d50 JavaThread "Handler for socket connection from /127.0.0.1:53389 to /127.0.0.1:53390" [_thread_in_native, id=17808, stack(0x0000006e49b00000,0x0000006e49c00000)]
  0x0000026298454a80 JavaThread "Cancel handler" [_thread_blocked, id=17788, stack(0x0000006e49c00000,0x0000006e49d00000)]
  0x00000262997d96e0 JavaThread "Daemon worker" [_thread_blocked, id=18884, stack(0x0000006e49d00000,0x0000006e49e00000)]
  0x0000026298a92a10 JavaThread "Asynchronous log dispatcher for DefaultDaemonConnection: socket connection from /127.0.0.1:53389 to /127.0.0.1:53390" [_thread_blocked, id=19324, stack(0x0000006e49e00000,0x0000006e49f00000)]
  0x0000026298a92ee0 JavaThread "Stdin handler" [_thread_blocked, id=18800, stack(0x0000006e49f00000,0x0000006e4a000000)]
  0x0000026298a92540 JavaThread "Daemon client event forwarder" [_thread_blocked, id=13012, stack(0x0000006e4a000000,0x0000006e4a100000)]
  0x0000026298a93d50 JavaThread "Cache worker for journal cache (C:\Users\scher\.gradle\caches\journal-1)" [_thread_blocked, id=13568, stack(0x0000006e4a500000,0x0000006e4a600000)]
  0x0000026298a933b0 JavaThread "File lock request listener" [_thread_in_native, id=8608, stack(0x0000006e4a600000,0x0000006e4a700000)]
  0x0000026298a946f0 JavaThread "Cache worker for file hash cache (C:\Users\scher\.gradle\caches\8.0\fileHashes)" [_thread_blocked, id=3820, stack(0x0000006e4a700000,0x0000006e4a800000)]
  0x0000026298a93880 JavaThread "File watcher server" daemon [_thread_in_native, id=19004, stack(0x0000006e4a800000,0x0000006e4a900000)]
  0x0000026298a95090 JavaThread "File watcher consumer" daemon [_thread_blocked, id=17444, stack(0x0000006e4a900000,0x0000006e4aa00000)]
  0x0000026298a95560 JavaThread "jar transforms" [_thread_blocked, id=1492, stack(0x0000006e4aa00000,0x0000006e4ab00000)]
  0x0000026298a94220 JavaThread "jar transforms Thread 2" [_thread_blocked, id=18620, stack(0x0000006e4ab00000,0x0000006e4ac00000)]
  0x0000026298a94bc0 JavaThread "jar transforms Thread 3" [_thread_blocked, id=1188, stack(0x0000006e4ac00000,0x0000006e4ad00000)]
  0x0000026298a95a30 JavaThread "jar transforms Thread 4" [_thread_blocked, id=4460, stack(0x0000006e4ad00000,0x0000006e4ae00000)]
  0x0000026298a92070 JavaThread "jar transforms Thread 5" [_thread_blocked, id=16592, stack(0x0000006e4ae00000,0x0000006e4af00000)]
  0x000002629c375820 JavaThread "jar transforms Thread 6" [_thread_blocked, id=10544, stack(0x0000006e4af00000,0x0000006e4b000000)]
  0x000002629c374010 JavaThread "jar transforms Thread 7" [_thread_blocked, id=14772, stack(0x0000006e4b000000,0x0000006e4b100000)]
  0x000002629c3749b0 JavaThread "jar transforms Thread 8" [_thread_blocked, id=12628, stack(0x0000006e4b100000,0x0000006e4b200000)]
  0x000002629c374e80 JavaThread "Cache worker for checksums cache (C:\Users\scher\Documents\PROJETOS ANDROID\NOVO\RECICLAAI\.gradle\8.0\checksums)" [_thread_blocked, id=13316, stack(0x0000006e4b200000,0x0000006e4b300000)]
  0x000002629c36f310 JavaThread "Cache worker for cache directory md-rule (C:\Users\scher\.gradle\caches\8.0\md-rule)" [_thread_blocked, id=9048, stack(0x0000006e4b300000,0x0000006e4b400000)]
  0x000002629c371990 JavaThread "Cache worker for file content cache (C:\Users\scher\.gradle\caches\8.0\fileContent)" [_thread_blocked, id=11740, stack(0x0000006e4b400000,0x0000006e4b500000)]
  0x000002629c36f7e0 JavaThread "Cache worker for file hash cache (C:\Users\scher\Documents\PROJETOS ANDROID\NOVO\RECICLAAI\.gradle\8.0\fileHashes)" [_thread_blocked, id=14208, stack(0x0000006e4b500000,0x0000006e4b600000)]
  0x000002629c370180 JavaThread "Cache worker for cache directory md-supplier (C:\Users\scher\.gradle\caches\8.0\md-supplier)" [_thread_blocked, id=3920, stack(0x0000006e4b600000,0x0000006e4b700000)]
  0x000002629c376690 JavaThread "Cache worker for execution history cache (C:\Users\scher\.gradle\caches\8.0\executionHistory)" [_thread_blocked, id=14700, stack(0x0000006e4b700000,0x0000006e4b800000)]

Other Threads:
=>0x000002629665e390 VMThread "VM Thread" [stack: 0x0000006e48500000,0x0000006e48600000] [id=3116]
  0x00000262971ed610 WatcherThread [stack: 0x0000006e49100000,0x0000006e49200000] [id=4136]
  0x00000262fc80bfc0 GCTaskThread "GC Thread#0" [stack: 0x0000006e48000000,0x0000006e48100000] [id=19364]
  0x0000026297f6d290 GCTaskThread "GC Thread#1" [stack: 0x0000006e49300000,0x0000006e49400000] [id=19516]
  0x0000026297f6d540 GCTaskThread "GC Thread#2" [stack: 0x0000006e49400000,0x0000006e49500000] [id=5200]
  0x0000026297921960 GCTaskThread "GC Thread#3" [stack: 0x0000006e49500000,0x0000006e49600000] [id=15484]
  0x0000026298080040 GCTaskThread "GC Thread#4" [stack: 0x0000006e49600000,0x0000006e49700000] [id=5052]
  0x0000026298a34c60 GCTaskThread "GC Thread#5" [stack: 0x0000006e4a100000,0x0000006e4a200000] [id=12420]
  0x0000026299d455b0 GCTaskThread "GC Thread#6" [stack: 0x0000006e4a200000,0x0000006e4a300000] [id=14288]
  0x000002629957d830 GCTaskThread "GC Thread#7" [stack: 0x0000006e4a300000,0x0000006e4a400000] [id=7408]
  0x00000262fc81cf00 ConcurrentGCThread "G1 Main Marker" [stack: 0x0000006e48100000,0x0000006e48200000] [id=5436]
  0x00000262fc81d910 ConcurrentGCThread "G1 Conc#0" [stack: 0x0000006e48200000,0x0000006e48300000] [id=20780]
  0x0000026298aecf80 ConcurrentGCThread "G1 Conc#1" [stack: 0x0000006e4a400000,0x0000006e4a500000] [id=5676]
  0x00000262fc86e0e0 ConcurrentGCThread "G1 Refine#0" [stack: 0x0000006e48300000,0x0000006e48400000] [id=4456]
  0x00000262fc86eb00 ConcurrentGCThread "G1 Service" [stack: 0x0000006e48400000,0x0000006e48500000] [id=2740]

Threads with active compile tasks:
C2 CompilerThread0     4855 4112       4       java.util.zip.ZipFile$Source::initCEN (591 bytes)
C1 CompilerThread0     4855 4116       3       groovyjarjarasm.asm.Frame::execute (2318 bytes)
C2 CompilerThread1     4855 4037       4       groovy.lang.MetaClassImpl$1MOPIter::methodNameAction (325 bytes)

VM state: at safepoint (normal execution)

VM Mutex/Monitor currently owned by a thread:  ([mutex/lock_event])
[0x00000262fc7ac0e0] Threads_lock - owner thread: 0x000002629665e390
[0x00000262fc7ac9e0] Heap_lock - owner thread: 0x00000262fc81cf00

Heap address: 0x0000000080000000, size: 2048 MB, Compressed Oops mode: 32-bit

CDS archive(s) not mapped
Compressed class space mapped at: 0x0000000100000000-0x0000000140000000, reserved size: 1073741824
Narrow klass base: 0x0000000000000000, Narrow klass shift: 3, Narrow klass range: 0x140000000

GC Precious Log:
 CPUs: 8 total, 8 available
 Memory: 8072M
 Large Page Support: Disabled
 NUMA Support: Disabled
 Compressed Oops: Enabled (32-bit)
 Heap Region Size: 1M
 Heap Min Capacity: 8M
 Heap Initial Capacity: 128M
 Heap Max Capacity: 2G
 Pre-touch: Disabled
 Parallel Workers: 8
 Concurrent Workers: 2
 Concurrent Refinement Workers: 8
 Periodic GC: Disabled

Heap:
 garbage-first heap   total 104448K, used 66072K [0x0000000080000000, 0x0000000100000000)
  region size 1024K, 4 young (4096K), 3 survivors (3072K)
 Metaspace       used 46161K, committed 46592K, reserved 1089536K
  class space    used 6132K, committed 6336K, reserved 1048576K

Heap Regions: E=young(eden), S=young(survivor), O=old, HS=humongous(starts), HC=humongous(continues), CS=collection set, F=free, OA=open archive, CA=closed archive, TAMS=top-at-mark-start (previous, next)
|   0|0x0000000080000000, 0x0000000080100000, 0x0000000080100000|100%|HS|  |TAMS 0x0000000080100000, 0x0000000080000000| Complete 
|   1|0x0000000080100000, 0x0000000080200000, 0x0000000080200000|100%|HC|  |TAMS 0x0000000080200000, 0x0000000080100000| Complete 
|   2|0x0000000080200000, 0x0000000080300000, 0x0000000080300000|100%|HC|  |TAMS 0x0000000080300000, 0x0000000080200000| Complete 
|   3|0x0000000080300000, 0x0000000080400000, 0x0000000080400000|100%|HC|  |TAMS 0x0000000080400000, 0x0000000080300000| Complete 
|   4|0x0000000080400000, 0x0000000080500000, 0x0000000080500000|100%| O|  |TAMS 0x0000000080500000, 0x0000000080400000| Untracked 
|   5|0x0000000080500000, 0x0000000080600000, 0x0000000080600000|100%| O|  |TAMS 0x0000000080600000, 0x0000000080500000| Updating 
|   6|0x0000000080600000, 0x0000000080700000, 0x0000000080700000|100%| O|  |TAMS 0x0000000080700000, 0x0000000080600000| Untracked 
|   7|0x0000000080700000, 0x0000000080800000, 0x0000000080800000|100%| O|  |TAMS 0x0000000080800000, 0x0000000080700000| Updating 
|   8|0x0000000080800000, 0x0000000080900000, 0x0000000080900000|100%| O|  |TAMS 0x0000000080900000, 0x0000000080800000| Updating 
|   9|0x0000000080900000, 0x0000000080a00000, 0x0000000080a00000|100%| O|  |TAMS 0x0000000080a00000, 0x0000000080900000| Updating 
|  10|0x0000000080a00000, 0x0000000080b00000, 0x0000000080b00000|100%| O|  |TAMS 0x0000000080b00000, 0x0000000080a00000| Untracked 
|  11|0x0000000080b00000, 0x0000000080bbac00, 0x0000000080c00000| 72%| O|  |TAMS 0x0000000080bbac00, 0x0000000080b00000| Updating 
|  12|0x0000000080c00000, 0x0000000080d00000, 0x0000000080d00000|100%| O|  |TAMS 0x0000000080d00000, 0x0000000080c00000| Untracked 
|  13|0x0000000080d00000, 0x0000000080e00000, 0x0000000080e00000|100%| O|  |TAMS 0x0000000080e00000, 0x0000000080d00000| Untracked 
|  14|0x0000000080e00000, 0x0000000080f00000, 0x0000000080f00000|100%| O|  |TAMS 0x0000000080f00000, 0x0000000080e00000| Untracked 
|  15|0x0000000080f00000, 0x0000000081000000, 0x0000000081000000|100%| O|  |TAMS 0x0000000081000000, 0x0000000080f00000| Untracked 
|  16|0x0000000081000000, 0x0000000081100000, 0x0000000081100000|100%| O|  |TAMS 0x0000000081100000, 0x0000000081000000| Untracked 
|  17|0x0000000081100000, 0x0000000081200000, 0x0000000081200000|100%| O|  |TAMS 0x0000000081200000, 0x0000000081100000| Untracked 
|  18|0x0000000081200000, 0x0000000081300000, 0x0000000081300000|100%| O|  |TAMS 0x0000000081300000, 0x0000000081200000| Untracked 
|  19|0x0000000081300000, 0x0000000081400000, 0x0000000081400000|100%|HS|  |TAMS 0x0000000081400000, 0x0000000081300000| Complete 
|  20|0x0000000081400000, 0x0000000081500000, 0x0000000081500000|100%|HC|  |TAMS 0x0000000081500000, 0x0000000081400000| Complete 
|  21|0x0000000081500000, 0x0000000081600000, 0x0000000081600000|100%|HS|  |TAMS 0x0000000081600000, 0x0000000081500000| Complete 
|  22|0x0000000081600000, 0x0000000081700000, 0x0000000081700000|100%|HC|  |TAMS 0x0000000081700000, 0x0000000081600000| Complete 
|  23|0x0000000081700000, 0x0000000081800000, 0x0000000081800000|100%|HC|  |TAMS 0x0000000081800000, 0x0000000081700000| Complete 
|  24|0x0000000081800000, 0x0000000081900000, 0x0000000081900000|100%| O|  |TAMS 0x0000000081900000, 0x0000000081800000| Untracked 
|  25|0x0000000081900000, 0x0000000081a00000, 0x0000000081a00000|100%| O|  |TAMS 0x0000000081a00000, 0x0000000081900000| Untracked 
|  26|0x0000000081a00000, 0x0000000081b00000, 0x0000000081b00000|100%| O|  |TAMS 0x0000000081b00000, 0x0000000081a00000| Untracked 
|  27|0x0000000081b00000, 0x0000000081c00000, 0x0000000081c00000|100%|HS|  |TAMS 0x0000000081c00000, 0x0000000081b00000| Complete 
|  28|0x0000000081c00000, 0x0000000081d00000, 0x0000000081d00000|100%|HC|  |TAMS 0x0000000081d00000, 0x0000000081c00000| Complete 
|  29|0x0000000081d00000, 0x0000000081e00000, 0x0000000081e00000|100%|HC|  |TAMS 0x0000000081e00000, 0x0000000081d00000| Complete 
|  30|0x0000000081e00000, 0x0000000081f00000, 0x0000000081f00000|100%| O|  |TAMS 0x0000000081f00000, 0x0000000081e00000| Untracked 
|  31|0x0000000081f00000, 0x0000000082000000, 0x0000000082000000|100%| O|  |TAMS 0x0000000082000000, 0x0000000081f00000| Updating 
|  32|0x0000000082000000, 0x0000000082100000, 0x0000000082100000|100%| O|  |TAMS 0x0000000082100000, 0x0000000082000000| Updating 
|  33|0x0000000082100000, 0x0000000082200000, 0x0000000082200000|100%|HS|  |TAMS 0x0000000082200000, 0x0000000082100000| Complete 
|  34|0x0000000082200000, 0x0000000082300000, 0x0000000082300000|100%|HC|  |TAMS 0x0000000082300000, 0x0000000082200000| Complete 
|  35|0x0000000082300000, 0x0000000082400000, 0x0000000082400000|100%| O|  |TAMS 0x0000000082400000, 0x0000000082300000| Untracked 
|  36|0x0000000082400000, 0x0000000082500000, 0x0000000082500000|100%| O|  |TAMS 0x0000000082500000, 0x0000000082400000| Untracked 
|  37|0x0000000082500000, 0x0000000082600000, 0x0000000082600000|100%| O|  |TAMS 0x0000000082600000, 0x0000000082500000| Updating 
|  38|0x0000000082600000, 0x0000000082700000, 0x0000000082700000|100%| O|  |TAMS 0x0000000082700000, 0x0000000082600000| Updating 
|  39|0x0000000082700000, 0x0000000082800000, 0x0000000082800000|100%| O|  |TAMS 0x0000000082800000, 0x0000000082700000| Untracked 
|  40|0x0000000082800000, 0x0000000082900000, 0x0000000082900000|100%| O|  |TAMS 0x0000000082900000, 0x0000000082800000| Untracked 
|  41|0x0000000082900000, 0x0000000082a00000, 0x0000000082a00000|100%| O|  |TAMS 0x0000000082a00000, 0x0000000082900000| Untracked 
|  42|0x0000000082a00000, 0x0000000082b00000, 0x0000000082b00000|100%| O|  |TAMS 0x0000000082b00000, 0x0000000082a00000| Untracked 
|  43|0x0000000082b00000, 0x0000000082be7e00, 0x0000000082c00000| 90%| O|  |TAMS 0x0000000082be7e00, 0x0000000082b00000| Updating 
|  44|0x0000000082c00000, 0x0000000082c00000, 0x0000000082d00000|  0%| F|  |TAMS 0x0000000082c00000, 0x0000000082c00000| Untracked 
|  45|0x0000000082d00000, 0x0000000082e00000, 0x0000000082e00000|100%|HS|  |TAMS 0x0000000082e00000, 0x0000000082d00000| Complete 
|  46|0x0000000082e00000, 0x0000000082f00000, 0x0000000082f00000|100%|HC|  |TAMS 0x0000000082f00000, 0x0000000082e00000| Complete 
|  47|0x0000000082f00000, 0x0000000083000000, 0x0000000083000000|100%|HC|  |TAMS 0x0000000083000000, 0x0000000082f00000| Complete 
|  48|0x0000000083000000, 0x0000000083100000, 0x0000000083100000|100%|HC|  |TAMS 0x0000000083100000, 0x0000000083000000| Complete 
|  49|0x0000000083100000, 0x0000000083200000, 0x0000000083200000|100%|HC|  |TAMS 0x0000000083200000, 0x0000000083100000| Complete 
|  50|0x0000000083200000, 0x0000000083300000, 0x0000000083300000|100%|HC|  |TAMS 0x0000000083300000, 0x0000000083200000| Complete 
|  51|0x0000000083300000, 0x0000000083400000, 0x0000000083400000|100%|HC|  |TAMS 0x0000000083400000, 0x0000000083300000| Complete 
|  52|0x0000000083400000, 0x0000000083500000, 0x0000000083500000|100%|HC|  |TAMS 0x0000000083500000, 0x0000000083400000| Complete 
|  53|0x0000000083500000, 0x0000000083600000, 0x0000000083600000|100%|HC|  |TAMS 0x0000000083600000, 0x0000000083500000| Complete 
|  54|0x0000000083600000, 0x0000000083700000, 0x0000000083700000|100%|HC|  |TAMS 0x0000000083700000, 0x0000000083600000| Complete 
|  55|0x0000000083700000, 0x0000000083800000, 0x0000000083800000|100%|HC|  |TAMS 0x0000000083800000, 0x0000000083700000| Complete 
|  56|0x0000000083800000, 0x0000000083900000, 0x0000000083900000|100%|HC|  |TAMS 0x0000000083900000, 0x0000000083800000| Complete 
|  57|0x0000000083900000, 0x0000000083a00000, 0x0000000083a00000|100%|HS|  |TAMS 0x0000000083900000, 0x0000000083900000| Complete 
|  58|0x0000000083a00000, 0x0000000083b00000, 0x0000000083b00000|100%|HC|  |TAMS 0x0000000083a00000, 0x0000000083a00000| Complete 
|  59|0x0000000083b00000, 0x0000000083c00000, 0x0000000083c00000|100%|HC|  |TAMS 0x0000000083b00000, 0x0000000083b00000| Complete 
|  60|0x0000000083c00000, 0x0000000083d00000, 0x0000000083d00000|100%|HS|  |TAMS 0x0000000083c00000, 0x0000000083c00000| Complete 
|  61|0x0000000083d00000, 0x0000000083e00000, 0x0000000083e00000|100%|HC|  |TAMS 0x0000000083d00000, 0x0000000083d00000| Complete 
|  62|0x0000000083e00000, 0x0000000083f00000, 0x0000000083f00000|100%|HC|  |TAMS 0x0000000083e00000, 0x0000000083e00000| Complete 
|  63|0x0000000083f00000, 0x0000000083f00000, 0x0000000084000000|  0%| F|  |TAMS 0x0000000083f00000, 0x0000000083f00000| Untracked 
|  64|0x0000000084000000, 0x0000000084000000, 0x0000000084100000|  0%| F|  |TAMS 0x0000000084000000, 0x0000000084000000| Untracked 
|  65|0x0000000084100000, 0x0000000084100000, 0x0000000084200000|  0%| F|  |TAMS 0x0000000084100000, 0x0000000084100000| Untracked 
|  66|0x0000000084200000, 0x0000000084200000, 0x0000000084300000|  0%| F|  |TAMS 0x0000000084200000, 0x0000000084200000| Untracked 
|  67|0x0000000084300000, 0x0000000084300000, 0x0000000084400000|  0%| F|  |TAMS 0x0000000084300000, 0x0000000084300000| Untracked 
|  68|0x0000000084400000, 0x0000000084400000, 0x0000000084500000|  0%| F|  |TAMS 0x0000000084400000, 0x0000000084400000| Untracked 
|  69|0x0000000084500000, 0x0000000084500000, 0x0000000084600000|  0%| F|  |TAMS 0x0000000084500000, 0x0000000084500000| Untracked 
|  70|0x0000000084600000, 0x0000000084600000, 0x0000000084700000|  0%| F|  |TAMS 0x0000000084600000, 0x0000000084600000| Untracked 
|  71|0x0000000084700000, 0x0000000084700000, 0x0000000084800000|  0%| F|  |TAMS 0x0000000084700000, 0x0000000084700000| Untracked 
|  72|0x0000000084800000, 0x0000000084800000, 0x0000000084900000|  0%| F|  |TAMS 0x0000000084800000, 0x0000000084800000| Untracked 
|  73|0x0000000084900000, 0x0000000084900000, 0x0000000084a00000|  0%| F|  |TAMS 0x0000000084900000, 0x0000000084900000| Untracked 
|  74|0x0000000084a00000, 0x0000000084a00000, 0x0000000084b00000|  0%| F|  |TAMS 0x0000000084a00000, 0x0000000084a00000| Untracked 
|  75|0x0000000084b00000, 0x0000000084b00000, 0x0000000084c00000|  0%| F|  |TAMS 0x0000000084b00000, 0x0000000084b00000| Untracked 
|  76|0x0000000084c00000, 0x0000000084c00000, 0x0000000084d00000|  0%| F|  |TAMS 0x0000000084c00000, 0x0000000084c00000| Untracked 
|  77|0x0000000084d00000, 0x0000000084d00000, 0x0000000084e00000|  0%| F|  |TAMS 0x0000000084d00000, 0x0000000084d00000| Untracked 
|  78|0x0000000084e00000, 0x0000000084e00000, 0x0000000084f00000|  0%| F|  |TAMS 0x0000000084e00000, 0x0000000084e00000| Untracked 
|  79|0x0000000084f00000, 0x0000000084f00000, 0x0000000085000000|  0%| F|  |TAMS 0x0000000084f00000, 0x0000000084f00000| Untracked 
|  80|0x0000000085000000, 0x0000000085000000, 0x0000000085100000|  0%| F|  |TAMS 0x0000000085000000, 0x0000000085000000| Untracked 
|  81|0x0000000085100000, 0x0000000085100000, 0x0000000085200000|  0%| F|  |TAMS 0x0000000085100000, 0x0000000085100000| Untracked 
|  82|0x0000000085200000, 0x0000000085200000, 0x0000000085300000|  0%| F|  |TAMS 0x0000000085200000, 0x0000000085200000| Untracked 
|  83|0x0000000085300000, 0x0000000085300000, 0x0000000085400000|  0%| F|  |TAMS 0x0000000085300000, 0x0000000085300000| Untracked 
|  84|0x0000000085400000, 0x0000000085400000, 0x0000000085500000|  0%| F|  |TAMS 0x0000000085400000, 0x0000000085400000| Untracked 
|  85|0x0000000085500000, 0x0000000085500000, 0x0000000085600000|  0%| F|  |TAMS 0x0000000085500000, 0x0000000085500000| Untracked 
|  86|0x0000000085600000, 0x0000000085600000, 0x0000000085700000|  0%| F|  |TAMS 0x0000000085600000, 0x0000000085600000| Untracked 
|  87|0x0000000085700000, 0x0000000085700000, 0x0000000085800000|  0%| F|  |TAMS 0x0000000085700000, 0x0000000085700000| Untracked 
|  88|0x0000000085800000, 0x00000000858e3710, 0x0000000085900000| 88%| S|CS|TAMS 0x0000000085800000, 0x0000000085800000| Complete 
|  89|0x0000000085900000, 0x0000000085a00000, 0x0000000085a00000|100%| S|CS|TAMS 0x0000000085900000, 0x0000000085900000| Complete 
|  90|0x0000000085a00000, 0x0000000085b00000, 0x0000000085b00000|100%| S|CS|TAMS 0x0000000085a00000, 0x0000000085a00000| Complete 
|  91|0x0000000085b00000, 0x0000000085b00000, 0x0000000085c00000|  0%| F|  |TAMS 0x0000000085b00000, 0x0000000085b00000| Untracked 
|  92|0x0000000085c00000, 0x0000000085c00000, 0x0000000085d00000|  0%| F|  |TAMS 0x0000000085c00000, 0x0000000085c00000| Untracked 
|  93|0x0000000085d00000, 0x0000000085d00000, 0x0000000085e00000|  0%| F|  |TAMS 0x0000000085d00000, 0x0000000085d00000| Untracked 
|  94|0x0000000085e00000, 0x0000000085e00000, 0x0000000085f00000|  0%| F|  |TAMS 0x0000000085e00000, 0x0000000085e00000| Untracked 
|  95|0x0000000085f00000, 0x0000000085f00000, 0x0000000086000000|  0%| F|  |TAMS 0x0000000085f00000, 0x0000000085f00000| Untracked 
|  96|0x0000000086000000, 0x0000000086000000, 0x0000000086100000|  0%| F|  |TAMS 0x0000000086000000, 0x0000000086000000| Untracked 
|  97|0x0000000086100000, 0x0000000086100000, 0x0000000086200000|  0%| F|  |TAMS 0x0000000086100000, 0x0000000086100000| Untracked 
|  98|0x0000000086200000, 0x0000000086200000, 0x0000000086300000|  0%| F|  |TAMS 0x0000000086200000, 0x0000000086200000| Untracked 
|  99|0x0000000086300000, 0x0000000086300000, 0x0000000086400000|  0%| F|  |TAMS 0x0000000086300000, 0x0000000086300000| Untracked 
| 100|0x0000000086400000, 0x0000000086400000, 0x0000000086500000|  0%| F|  |TAMS 0x0000000086400000, 0x0000000086400000| Untracked 
| 127|0x0000000087f00000, 0x0000000088000000, 0x0000000088000000|100%| E|  |TAMS 0x0000000087f00000, 0x0000000087f00000| Complete 

Card table byte_map: [0x000002628f400000,0x000002628f800000] _byte_map_base: 0x000002628f000000

Marking Bits (Prev, Next): (CMBitMap*) 0x00000262fc80c5d0, (CMBitMap*) 0x00000262fc80c610
 Prev Bits: [0x000002628fc00000, 0x0000026291c00000)
 Next Bits: [0x0000026291c00000, 0x0000026293c00000)

Polling page: 0x00000262fa790000

Metaspace:

Usage:
  Non-class:     39.09 MB used.
      Class:      5.99 MB used.
       Both:     45.08 MB used.

Virtual space:
  Non-class space:       40.00 MB reserved,      39.31 MB ( 98%) committed,  5 nodes.
      Class space:        1.00 GB reserved,       6.19 MB ( <1%) committed,  1 nodes.
             Both:        1.04 GB reserved,      45.50 MB (  4%) committed. 

Chunk freelists:
   Non-Class:  416.00 KB
       Class:  1.65 MB
        Both:  2.06 MB

MaxMetaspaceSize: unlimited
CompressedClassSpaceSize: 1.00 GB
Initial GC threshold: 21.00 MB
Current GC threshold: 70.31 MB
CDS: off
MetaspaceReclaimPolicy: balanced
 - commit_granule_bytes: 65536.
 - commit_granule_words: 8192.
 - virtual_space_node_default_size: 1048576.
 - enlarge_chunks_in_place: 1.
 - new_chunks_are_fully_committed: 0.
 - uncommit_free_chunks: 1.
 - use_allocation_guard: 0.
 - handle_deallocations: 1.


Internal statistics:

num_allocs_failed_limit: 3.
num_arena_births: 436.
num_arena_deaths: 0.
num_vsnodes_births: 6.
num_vsnodes_deaths: 0.
num_space_committed: 728.
num_space_uncommitted: 0.
num_chunks_returned_to_freelist: 3.
num_chunks_taken_from_freelist: 1863.
num_chunk_merges: 3.
num_chunk_splits: 1206.
num_chunks_enlarged: 805.
num_purges: 0.
num_inconsistent_stats: 0.

CodeHeap 'non-profiled nmethods': size=120000Kb used=2329Kb max_used=2329Kb free=117670Kb
 bounds [0x0000026287ad0000, 0x0000026287d40000, 0x000002628f000000]
CodeHeap 'profiled nmethods': size=120000Kb used=8600Kb max_used=8600Kb free=111399Kb
 bounds [0x0000026280000000, 0x0000026280870000, 0x0000026287530000]
CodeHeap 'non-nmethods': size=5760Kb used=2292Kb max_used=2361Kb free=3467Kb
 bounds [0x0000026287530000, 0x00000262877a0000, 0x0000026287ad0000]
 total_blobs=4907 nmethods=4105 adapters=713
 compilation: enabled
              stopped_count=0, restarted_count=0
 full_count=0

Compilation events (20 events):
Event: 4.778 Thread 0x0000026297049000 nmethod 4106 0x0000026280861610 code [0x00000262808618a0, 0x0000026280862758]
Event: 4.778 Thread 0x0000026297049000 4107       1       org.gradle.internal.instantiation.generator.AbstractClassGenerator$GeneratedClassImpl::getConstructors (5 bytes)
Event: 4.778 Thread 0x0000026297049000 nmethod 4107 0x0000026287d0ac90 code [0x0000026287d0ae20, 0x0000026287d0aef8]
Event: 4.780 Thread 0x0000026297049000 4108       3       com.sun.beans.util.Cache::index (7 bytes)
Event: 4.780 Thread 0x0000026297049000 nmethod 4108 0x0000026280862b10 code [0x0000026280862ca0, 0x0000026280862d98]
Event: 4.780 Thread 0x0000026297049000 4109       3       java.util.Collections$UnmodifiableMap$UnmodifiableEntrySet$1::next (5 bytes)
Event: 4.781 Thread 0x0000026297049000 nmethod 4109 0x0000026280862e90 code [0x0000026280863080, 0x0000026280863798]
Event: 4.781 Thread 0x0000026297049000 4110       3       java.util.Collections$UnmodifiableMap$UnmodifiableEntrySet$1::next (20 bytes)
Event: 4.781 Thread 0x0000026297049000 nmethod 4110 0x0000026280863990 code [0x0000026280863b80, 0x0000026280864218]
Event: 4.781 Thread 0x0000026297049000 4111       3       java.util.Collections$UnmodifiableMap$UnmodifiableEntrySet$UnmodifiableEntry::<init> (16 bytes)
Event: 4.781 Thread 0x0000026297049000 nmethod 4111 0x0000026280864410 code [0x00000262808645e0, 0x0000026280864a08]
Event: 4.813 Thread 0x0000026297049000 4113       3       groovyjarjarasm.asm.SymbolTable::hash (10 bytes)
Event: 4.813 Thread 0x0000026297049000 nmethod 4113 0x0000026280864b90 code [0x0000026280864d20, 0x0000026280864e48]
Event: 4.813 Thread 0x0000026297049000 4114       3       groovyjarjarasm.asm.ByteVector::putByte (39 bytes)
Event: 4.813 Thread 0x0000026297049000 nmethod 4114 0x0000026280864f10 code [0x00000262808650c0, 0x00000262808652a8]
Event: 4.813 Thread 0x0000026297049000 4115       3       groovyjarjarasm.asm.Frame::merge (322 bytes)
Event: 4.814 Thread 0x0000026297049000 nmethod 4115 0x0000026280865410 code [0x0000026280865640, 0x0000026280865fc8]
Event: 4.814 Thread 0x0000026297049000 4116       3       groovyjarjarasm.asm.Frame::execute (2318 bytes)
Event: 4.814 Thread 0x0000026297048560 nmethod 3958 0x0000026287d0af90 code [0x0000026287d0b5e0, 0x0000026287d13068]
Event: 4.816 Thread 0x0000026297048560 4112       4       java.util.zip.ZipFile$Source::initCEN (591 bytes)

GC Heap History (20 events):
Event: 2.965 GC heap before
{Heap before GC invocations=5 (full 0):
 garbage-first heap   total 68608K, used 49825K [0x0000000080000000, 0x0000000100000000)
  region size 1024K, 25 young (25600K), 3 survivors (3072K)
 Metaspace       used 29376K, committed 29696K, reserved 1081344K
  class space    used 3984K, committed 4160K, reserved 1048576K
}
Event: 2.970 GC heap after
{Heap after GC invocations=6 (full 0):
 garbage-first heap   total 68608K, used 32874K [0x0000000080000000, 0x0000000100000000)
  region size 1024K, 4 young (4096K), 4 survivors (4096K)
 Metaspace       used 29376K, committed 29696K, reserved 1081344K
  class space    used 3984K, committed 4160K, reserved 1048576K
}
Event: 2.983 GC heap before
{Heap before GC invocations=6 (full 0):
 garbage-first heap   total 68608K, used 45162K [0x0000000080000000, 0x0000000100000000)
  region size 1024K, 5 young (5120K), 4 survivors (4096K)
 Metaspace       used 29377K, committed 29696K, reserved 1081344K
  class space    used 3984K, committed 4160K, reserved 1048576K
}
Event: 2.985 GC heap after
{Heap after GC invocations=7 (full 0):
 garbage-first heap   total 82944K, used 45334K [0x0000000080000000, 0x0000000100000000)
  region size 1024K, 1 young (1024K), 1 survivors (1024K)
 Metaspace       used 29377K, committed 29696K, reserved 1081344K
  class space    used 3984K, committed 4160K, reserved 1048576K
}
Event: 3.281 GC heap before
{Heap before GC invocations=8 (full 0):
 garbage-first heap   total 83968K, used 64790K [0x0000000080000000, 0x0000000100000000)
  region size 1024K, 19 young (19456K), 1 survivors (1024K)
 Metaspace       used 31637K, committed 32064K, reserved 1081344K
  class space    used 4354K, committed 4544K, reserved 1048576K
}
Event: 3.283 GC heap after
{Heap after GC invocations=9 (full 0):
 garbage-first heap   total 83968K, used 49436K [0x0000000080000000, 0x0000000100000000)
  region size 1024K, 3 young (3072K), 3 survivors (3072K)
 Metaspace       used 31637K, committed 32064K, reserved 1081344K
  class space    used 4354K, committed 4544K, reserved 1048576K
}
Event: 3.523 GC heap before
{Heap before GC invocations=9 (full 0):
 garbage-first heap   total 83968K, used 64796K [0x0000000080000000, 0x0000000100000000)
  region size 1024K, 18 young (18432K), 3 survivors (3072K)
 Metaspace       used 33833K, committed 34176K, reserved 1081344K
  class space    used 4690K, committed 4864K, reserved 1048576K
}
Event: 3.525 GC heap after
{Heap after GC invocations=10 (full 0):
 garbage-first heap   total 83968K, used 50400K [0x0000000080000000, 0x0000000100000000)
  region size 1024K, 1 young (1024K), 1 survivors (1024K)
 Metaspace       used 33833K, committed 34176K, reserved 1081344K
  class space    used 4690K, committed 4864K, reserved 1048576K
}
Event: 3.810 GC heap before
{Heap before GC invocations=11 (full 0):
 garbage-first heap   total 89088K, used 66784K [0x0000000080000000, 0x0000000100000000)
  region size 1024K, 17 young (17408K), 1 survivors (1024K)
 Metaspace       used 37061K, committed 37504K, reserved 1081344K
  class space    used 5118K, committed 5312K, reserved 1048576K
}
Event: 3.813 GC heap after
{Heap after GC invocations=12 (full 0):
 garbage-first heap   total 89088K, used 51739K [0x0000000080000000, 0x0000000100000000)
  region size 1024K, 3 young (3072K), 3 survivors (3072K)
 Metaspace       used 37061K, committed 37504K, reserved 1081344K
  class space    used 5118K, committed 5312K, reserved 1048576K
}
Event: 4.127 GC heap before
{Heap before GC invocations=12 (full 0):
 garbage-first heap   total 89088K, used 70171K [0x0000000080000000, 0x0000000100000000)
  region size 1024K, 22 young (22528K), 3 survivors (3072K)
 Metaspace       used 41717K, committed 42112K, reserved 1089536K
  class space    used 5576K, committed 5760K, reserved 1048576K
}
Event: 4.132 GC heap after
{Heap after GC invocations=13 (full 0):
 garbage-first heap   total 89088K, used 54572K [0x0000000080000000, 0x0000000100000000)
  region size 1024K, 3 young (3072K), 3 survivors (3072K)
 Metaspace       used 41717K, committed 42112K, reserved 1089536K
  class space    used 5576K, committed 5760K, reserved 1048576K
}
Event: 4.252 GC heap before
{Heap before GC invocations=14 (full 0):
 garbage-first heap   total 101376K, used 70956K [0x0000000080000000, 0x0000000100000000)
  region size 1024K, 20 young (20480K), 3 survivors (3072K)
 Metaspace       used 42157K, committed 42560K, reserved 1089536K
  class space    used 5622K, committed 5824K, reserved 1048576K
}
Event: 4.256 GC heap after
{Heap after GC invocations=15 (full 0):
 garbage-first heap   total 101376K, used 57369K [0x0000000080000000, 0x0000000100000000)
  region size 1024K, 3 young (3072K), 3 survivors (3072K)
 Metaspace       used 42157K, committed 42560K, reserved 1089536K
  class space    used 5622K, committed 5824K, reserved 1048576K
}
Event: 4.257 GC heap before
{Heap before GC invocations=15 (full 0):
 garbage-first heap   total 101376K, used 57369K [0x0000000080000000, 0x0000000100000000)
  region size 1024K, 4 young (4096K), 3 survivors (3072K)
 Metaspace       used 42157K, committed 42560K, reserved 1089536K
  class space    used 5622K, committed 5824K, reserved 1048576K
}
Event: 4.259 GC heap after
{Heap after GC invocations=16 (full 0):
 garbage-first heap   total 101376K, used 57481K [0x0000000080000000, 0x0000000100000000)
  region size 1024K, 1 young (1024K), 1 survivors (1024K)
 Metaspace       used 42157K, committed 42560K, reserved 1089536K
  class space    used 5622K, committed 5824K, reserved 1048576K
}
Event: 4.596 GC heap before
{Heap before GC invocations=17 (full 0):
 garbage-first heap   total 104448K, used 78985K [0x0000000080000000, 0x0000000100000000)
  region size 1024K, 19 young (19456K), 1 survivors (1024K)
 Metaspace       used 45083K, committed 45440K, reserved 1089536K
  class space    used 5965K, committed 6144K, reserved 1048576K
}
Event: 4.598 GC heap after
{Heap after GC invocations=18 (full 0):
 garbage-first heap   total 104448K, used 58293K [0x0000000080000000, 0x0000000100000000)
  region size 1024K, 2 young (2048K), 2 survivors (2048K)
 Metaspace       used 45083K, committed 45440K, reserved 1089536K
  class space    used 5965K, committed 6144K, reserved 1048576K
}
Event: 4.787 GC heap before
{Heap before GC invocations=18 (full 0):
 garbage-first heap   total 104448K, used 68533K [0x0000000080000000, 0x0000000100000000)
  region size 1024K, 13 young (13312K), 2 survivors (2048K)
 Metaspace       used 46127K, committed 46592K, reserved 1089536K
  class space    used 6129K, committed 6336K, reserved 1048576K
}
Event: 4.791 GC heap after
{Heap after GC invocations=19 (full 0):
 garbage-first heap   total 104448K, used 59928K [0x0000000080000000, 0x0000000100000000)
  region size 1024K, 3 young (3072K), 3 survivors (3072K)
 Metaspace       used 46127K, committed 46592K, reserved 1089536K
  class space    used 6129K, committed 6336K, reserved 1048576K
}

Dll operation events (2 events):
Event: 0.006 Loaded shared library C:\Program Files\Android\Android Studio\jbr\bin\java.dll
Event: 0.331 Loaded shared library C:\Program Files\Android\Android Studio\jbr\bin\verify.dll

Deoptimization events (20 events):
Event: 4.699 Thread 0x00000262997d96e0 DEOPT PACKING pc=0x0000026287ccb2e4 sp=0x0000006e49df8420
Event: 4.699 Thread 0x00000262997d96e0 DEOPT UNPACKING pc=0x00000262875869a3 sp=0x0000006e49df8350 mode 2
Event: 4.699 Thread 0x00000262997d96e0 Uncommon trap: trap_request=0xffffffc6 fr.pc=0x0000026287ccb2e4 relative=0x0000000000000264
Event: 4.699 Thread 0x00000262997d96e0 Uncommon trap: reason=bimorphic_or_optimized_type_check action=maybe_recompile pc=0x0000026287ccb2e4 method=java.util.stream.Sink$ChainedReference.cancellationRequested()Z @ 4 c2
Event: 4.699 Thread 0x00000262997d96e0 DEOPT PACKING pc=0x0000026287ccb2e4 sp=0x0000006e49df80a0
Event: 4.699 Thread 0x00000262997d96e0 DEOPT UNPACKING pc=0x00000262875869a3 sp=0x0000006e49df7fd0 mode 2
Event: 4.795 Thread 0x00000262997d96e0 DEOPT PACKING pc=0x000002628053ba69 sp=0x0000006e49df8a70
Event: 4.795 Thread 0x00000262997d96e0 DEOPT UNPACKING pc=0x0000026287587143 sp=0x0000006e49df7ff0 mode 0
Event: 4.799 Thread 0x00000262997d96e0 DEOPT PACKING pc=0x00000262800b1043 sp=0x0000006e49df8dc0
Event: 4.799 Thread 0x00000262997d96e0 DEOPT UNPACKING pc=0x0000026287587143 sp=0x0000006e49df82e0 mode 0
Event: 4.807 Thread 0x00000262997d96e0 DEOPT PACKING pc=0x000002628053ba69 sp=0x0000006e49df8a70
Event: 4.807 Thread 0x00000262997d96e0 DEOPT UNPACKING pc=0x0000026287587143 sp=0x0000006e49df7ff0 mode 0
Event: 4.811 Thread 0x00000262997d96e0 Uncommon trap: trap_request=0xffffff45 fr.pc=0x0000026287c3e940 relative=0x0000000000004220
Event: 4.811 Thread 0x00000262997d96e0 Uncommon trap: reason=unstable_if action=reinterpret pc=0x0000026287c3e940 method=java.lang.StringLatin1.regionMatchesCI([BI[BII)Z @ 72 c2
Event: 4.811 Thread 0x00000262997d96e0 DEOPT PACKING pc=0x0000026287c3e940 sp=0x0000006e49df9370
Event: 4.811 Thread 0x00000262997d96e0 DEOPT UNPACKING pc=0x00000262875869a3 sp=0x0000006e49df9128 mode 2
Event: 4.811 Thread 0x00000262997d96e0 Uncommon trap: trap_request=0xffffff45 fr.pc=0x0000026287baeec8 relative=0x0000000000000688
Event: 4.811 Thread 0x00000262997d96e0 Uncommon trap: reason=unstable_if action=reinterpret pc=0x0000026287baeec8 method=java.lang.StringLatin1.regionMatchesCI([BI[BII)Z @ 72 c2
Event: 4.811 Thread 0x00000262997d96e0 DEOPT PACKING pc=0x0000026287baeec8 sp=0x0000006e49df91f0
Event: 4.811 Thread 0x00000262997d96e0 DEOPT UNPACKING pc=0x00000262875869a3 sp=0x0000006e49df90b8 mode 2

Classes unloaded (0 events):
No events

Classes redefined (0 events):
No events

Internal exceptions (20 events):
Event: 4.478 Thread 0x00000262997d96e0 Implicit null exception at 0x0000026287c814ec to 0x0000026287c81590
Event: 4.485 Thread 0x00000262997d96e0 Exception <a 'java/lang/ClassNotFoundException'{0x0000000085aa4800}: org/gradle/api/internal/artifacts/dsl/dependencies/DefaultDependencyHandler_DecoratedBeanInfo> (0x0000000085aa4800) 
thrown [s\src\hotspot\share\classfile\systemDictionary.cpp, line 256]
Event: 4.486 Thread 0x00000262997d96e0 Exception <a 'java/lang/ClassNotFoundException'{0x0000000085aba590}: org/gradle/api/internal/artifacts/dsl/dependencies/DefaultDependencyHandlerBeanInfo> (0x0000000085aba590) 
thrown [s\src\hotspot\share\classfile\systemDictionary.cpp, line 256]
Event: 4.487 Thread 0x00000262997d96e0 Exception <a 'java/lang/ClassNotFoundException'{0x0000000085acf5d8}: org/gradle/api/internal/artifacts/dsl/dependencies/DefaultDependencyHandlerCustomizer> (0x0000000085acf5d8) 
thrown [s\src\hotspot\share\classfile\systemDictionary.cpp, line 256]
Event: 4.489 Thread 0x00000262997d96e0 Exception <a 'java/lang/ClassNotFoundException'{0x000000008590e8a0}: org/gradle/api/internal/artifacts/dsl/dependencies/DefaultDependencyHandler_DecoratedCustomizer> (0x000000008590e8a0) 
thrown [s\src\hotspot\share\classfile\systemDictionary.cpp, line 256]
Event: 4.493 Thread 0x00000262997d96e0 Exception <a 'java/lang/ClassNotFoundException'{0x000000008594f768}: sync_studio_tooling4_c280axsdcjwknb1zqvjhz800m$_run_closure1BeanInfo> (0x000000008594f768) 
thrown [s\src\hotspot\share\classfile\systemDictionary.cpp, line 256]
Event: 4.493 Thread 0x00000262997d96e0 Exception <a 'java/lang/ClassNotFoundException'{0x0000000085956750}: sync_studio_tooling4_c280axsdcjwknb1zqvjhz800m$_run_closure1Customizer> (0x0000000085956750) 
thrown [s\src\hotspot\share\classfile\systemDictionary.cpp, line 256]
Event: 4.544 Thread 0x00000262997d96e0 Exception <a 'java/lang/NoSuchMethodError'{0x00000000856312a0}: 'java.lang.Object java.lang.invoke.DirectMethodHandle$Holder.newInvokeSpecial(java.lang.Object, int, java.lang.Object)'> (0x00000000856312a0) 
thrown [s\src\hotspot\share\interpreter\linkResolver.cpp, line 771]
Event: 4.692 Thread 0x00000262997d96e0 Exception <a 'java/lang/NoSuchMethodError'{0x0000000085f10fd0}: 'int java.lang.invoke.DirectMethodHandle$Holder.invokeStatic(java.lang.Object)'> (0x0000000085f10fd0) 
thrown [s\src\hotspot\share\interpreter\linkResolver.cpp, line 771]
Event: 4.692 Thread 0x00000262997d96e0 Exception <a 'java/lang/NoSuchMethodError'{0x0000000085f153c0}: 'int java.lang.invoke.DirectMethodHandle$Holder.invokeStaticInit(java.lang.Object)'> (0x0000000085f153c0) 
thrown [s\src\hotspot\share\interpreter\linkResolver.cpp, line 771]
Event: 4.719 Thread 0x00000262997d96e0 Exception <a 'java/lang/ClassNotFoundException'{0x0000000085e7efb8}: sync_studio_tooling4_c280axsdcjwknb1zqvjhz800mBeanInfo> (0x0000000085e7efb8) 
thrown [s\src\hotspot\share\classfile\systemDictionary.cpp, line 256]
Event: 4.720 Thread 0x00000262997d96e0 Exception <a 'java/lang/ClassNotFoundException'{0x0000000085e85868}: sync_studio_tooling4_c280axsdcjwknb1zqvjhz800mCustomizer> (0x0000000085e85868) 
thrown [s\src\hotspot\share\classfile\systemDictionary.cpp, line 256]
Event: 4.739 Thread 0x00000262997d96e0 Exception <a 'java/lang/ClassNotFoundException'{0x0000000085d5c8e0}: ijinit_15jgm20pp7xsls8akgv8d152sBeanInfo> (0x0000000085d5c8e0) 
thrown [s\src\hotspot\share\classfile\systemDictionary.cpp, line 256]
Event: 4.739 Thread 0x00000262997d96e0 Exception <a 'java/lang/ClassNotFoundException'{0x0000000085d63160}: ijinit_15jgm20pp7xsls8akgv8d152sCustomizer> (0x0000000085d63160) 
thrown [s\src\hotspot\share\classfile\systemDictionary.cpp, line 256]
Event: 4.744 Thread 0x00000262997d96e0 Exception <a 'java/lang/ClassNotFoundException'{0x0000000085da5dd0}: ijinit_15jgm20pp7xsls8akgv8d152s$_run_closure1BeanInfo> (0x0000000085da5dd0) 
thrown [s\src\hotspot\share\classfile\systemDictionary.cpp, line 256]
Event: 4.744 Thread 0x00000262997d96e0 Exception <a 'java/lang/ClassNotFoundException'{0x0000000085dacd30}: ijinit_15jgm20pp7xsls8akgv8d152s$_run_closure1Customizer> (0x0000000085dacd30) 
thrown [s\src\hotspot\share\classfile\systemDictionary.cpp, line 256]
Event: 4.780 Thread 0x00000262997d96e0 Exception <a 'java/lang/ClassNotFoundException'{0x0000000085b2faf0}: ijinit_15jgm20pp7xsls8akgv8d152sBeanInfo> (0x0000000085b2faf0) 
thrown [s\src\hotspot\share\classfile\systemDictionary.cpp, line 256]
Event: 4.780 Thread 0x00000262997d96e0 Exception <a 'java/lang/ClassNotFoundException'{0x0000000085b36310}: ijinit_15jgm20pp7xsls8akgv8d152sCustomizer> (0x0000000085b36310) 
thrown [s\src\hotspot\share\classfile\systemDictionary.cpp, line 256]
Event: 4.817 Thread 0x00000262997d96e0 Exception <a 'java/lang/ClassNotFoundException'{0x0000000087fd1700}: org/gradle/api/internal/plugins/DefaultObjectConfigurationActionBeanInfo> (0x0000000087fd1700) 
thrown [s\src\hotspot\share\classfile\systemDictionary.cpp, line 256]
Event: 4.818 Thread 0x00000262997d96e0 Exception <a 'java/lang/ClassNotFoundException'{0x0000000087fe2f70}: org/gradle/api/internal/plugins/DefaultObjectConfigurationActionCustomizer> (0x0000000087fe2f70) 
thrown [s\src\hotspot\share\classfile\systemDictionary.cpp, line 256]

VM Operations (20 events):
Event: 4.161 Executing VM operation: G1Concurrent done
Event: 4.252 Executing VM operation: G1CollectForAllocation
Event: 4.256 Executing VM operation: G1CollectForAllocation done
Event: 4.257 Executing VM operation: G1TryInitiateConcMark
Event: 4.259 Executing VM operation: G1TryInitiateConcMark done
Event: 4.278 Executing VM operation: G1Concurrent
Event: 4.292 Executing VM operation: G1Concurrent done
Event: 4.303 Executing VM operation: G1Concurrent
Event: 4.303 Executing VM operation: G1Concurrent done
Event: 4.449 Executing VM operation: HandshakeAllThreads
Event: 4.449 Executing VM operation: HandshakeAllThreads done
Event: 4.466 Executing VM operation: HandshakeAllThreads
Event: 4.466 Executing VM operation: HandshakeAllThreads done
Event: 4.467 Executing VM operation: HandshakeAllThreads
Event: 4.467 Executing VM operation: HandshakeAllThreads done
Event: 4.596 Executing VM operation: G1CollectForAllocation
Event: 4.598 Executing VM operation: G1CollectForAllocation done
Event: 4.787 Executing VM operation: G1TryInitiateConcMark
Event: 4.791 Executing VM operation: G1TryInitiateConcMark done
Event: 4.820 Executing VM operation: G1Concurrent

Events (20 events):
Event: 4.174 loading class java/util/WeakHashMap$KeyIterator
Event: 4.174 loading class java/util/WeakHashMap$HashIterator
Event: 4.174 loading class java/util/WeakHashMap$HashIterator done
Event: 4.175 loading class java/util/WeakHashMap$KeyIterator done
Event: 4.251 loading class jdk/internal/reflect/UnsafeObjectFieldAccessorImpl
Event: 4.251 loading class jdk/internal/reflect/UnsafeObjectFieldAccessorImpl done
Event: 4.297 loading class sun/reflect/MagicAccessorImpl
Event: 4.297 loading class sun/reflect/MagicAccessorImpl done
Event: 4.326 loading class com/sun/beans/finder/MethodFinder
Event: 4.326 loading class com/sun/beans/finder/AbstractFinder
Event: 4.327 loading class com/sun/beans/finder/AbstractFinder done
Event: 4.327 loading class com/sun/beans/finder/MethodFinder done
Event: 4.327 loading class com/sun/beans/finder/MethodFinder$1
Event: 4.327 loading class com/sun/beans/finder/MethodFinder$1 done
Event: 4.327 loading class com/sun/beans/finder/FinderUtils
Event: 4.327 loading class com/sun/beans/finder/FinderUtils done
Event: 4.654 loading class java/io/DeleteOnExitHook
Event: 4.654 loading class java/io/DeleteOnExitHook done
Event: 4.654 loading class java/io/DeleteOnExitHook$1
Event: 4.654 loading class java/io/DeleteOnExitHook$1 done


Dynamic libraries:
0x00007ff6b1c70000 - 0x00007ff6b1c7a000 	C:\Program Files\Android\Android Studio\jbr\bin\java.exe
0x00007ff8645b0000 - 0x00007ff8647c7000 	C:\WINDOWS\SYSTEM32\ntdll.dll
0x00007ff862db0000 - 0x00007ff862e74000 	C:\WINDOWS\System32\KERNEL32.DLL
0x00007ff861e60000 - 0x00007ff86220d000 	C:\WINDOWS\System32\KERNELBASE.dll
0x00007ff8618d0000 - 0x00007ff8619e1000 	C:\WINDOWS\System32\ucrtbase.dll
0x00007ff84df70000 - 0x00007ff84df87000 	C:\Program Files\Android\Android Studio\jbr\bin\jli.dll
0x00007ff85cd50000 - 0x00007ff85cd6b000 	C:\Program Files\Android\Android Studio\jbr\bin\VCRUNTIME140.dll
0x00007ff8628a0000 - 0x00007ff862a4e000 	C:\WINDOWS\System32\USER32.dll
0x00007ff862240000 - 0x00007ff862266000 	C:\WINDOWS\System32\win32u.dll
0x00007ff84f940000 - 0x00007ff84fbd3000 	C:\WINDOWS\WinSxS\amd64_microsoft.windows.common-controls_6595b64144ccf1df_6.0.22621.3672_none_2713b9d173822955\COMCTL32.dll
0x00007ff862a50000 - 0x00007ff862a79000 	C:\WINDOWS\System32\GDI32.dll
0x00007ff8644c0000 - 0x00007ff864567000 	C:\WINDOWS\System32\msvcrt.dll
0x00007ff8619f0000 - 0x00007ff861b09000 	C:\WINDOWS\System32\gdi32full.dll
0x00007ff861b10000 - 0x00007ff861baa000 	C:\WINDOWS\System32\msvcp_win.dll
0x00007ff8636b0000 - 0x00007ff8636e1000 	C:\WINDOWS\System32\IMM32.DLL
0x00007ff85c300000 - 0x00007ff85c30c000 	C:\Program Files\Android\Android Studio\jbr\bin\vcruntime140_1.dll
0x00007ff8410f0000 - 0x00007ff84117d000 	C:\Program Files\Android\Android Studio\jbr\bin\msvcp140.dll
0x00007fffd9890000 - 0x00007fffda4fe000 	C:\Program Files\Android\Android Studio\jbr\bin\server\jvm.dll
0x00007ff863a80000 - 0x00007ff863b32000 	C:\WINDOWS\System32\ADVAPI32.dll
0x00007ff862370000 - 0x00007ff862419000 	C:\WINDOWS\System32\sechost.dll
0x00007ff862210000 - 0x00007ff862238000 	C:\WINDOWS\System32\bcrypt.dll
0x00007ff862620000 - 0x00007ff862734000 	C:\WINDOWS\System32\RPCRT4.dll
0x00007ff85c160000 - 0x00007ff85c194000 	C:\WINDOWS\SYSTEM32\WINMM.dll
0x00007ff843970000 - 0x00007ff843979000 	C:\WINDOWS\SYSTEM32\WSOCK32.dll
0x00007ff85c150000 - 0x00007ff85c15a000 	C:\WINDOWS\SYSTEM32\VERSION.dll
0x00007ff863070000 - 0x00007ff8630e1000 	C:\WINDOWS\System32\WS2_32.dll
0x00007ff8609d0000 - 0x00007ff8609e8000 	C:\WINDOWS\SYSTEM32\kernel.appcore.dll
0x00007ff84ed60000 - 0x00007ff84ed6a000 	C:\Program Files\Android\Android Studio\jbr\bin\jimage.dll
0x00007ff85e890000 - 0x00007ff85eac2000 	C:\WINDOWS\SYSTEM32\DBGHELP.DLL
0x00007ff8636f0000 - 0x00007ff863a7e000 	C:\WINDOWS\System32\combase.dll
0x00007ff8635d0000 - 0x00007ff8636a7000 	C:\WINDOWS\System32\OLEAUT32.dll
0x00007ff834920000 - 0x00007ff834952000 	C:\WINDOWS\SYSTEM32\dbgcore.DLL
0x00007ff861bb0000 - 0x00007ff861c2b000 	C:\WINDOWS\System32\bcryptPrimitives.dll
0x00007ff84ece0000 - 0x00007ff84ed05000 	C:\Program Files\Android\Android Studio\jbr\bin\java.dll
0x00007ff84daf0000 - 0x00007ff84db08000 	C:\Program Files\Android\Android Studio\jbr\bin\zip.dll
0x00007ff863c00000 - 0x00007ff864467000 	C:\WINDOWS\System32\SHELL32.dll
0x00007ff85f7d0000 - 0x00007ff8600cf000 	C:\WINDOWS\SYSTEM32\windows.storage.dll
0x00007ff85f690000 - 0x00007ff85f7cf000 	C:\WINDOWS\SYSTEM32\wintypes.dll
0x00007ff8624c0000 - 0x00007ff8625b9000 	C:\WINDOWS\System32\SHCORE.dll
0x00007ff8630f0000 - 0x00007ff86314e000 	C:\WINDOWS\System32\shlwapi.dll
0x00007ff861800000 - 0x00007ff861827000 	C:\WINDOWS\SYSTEM32\profapi.dll
0x00007ff84d6c0000 - 0x00007ff84d6d9000 	C:\Program Files\Android\Android Studio\jbr\bin\net.dll
0x00007ff85ca90000 - 0x00007ff85cbc6000 	C:\WINDOWS\SYSTEM32\WINHTTP.dll
0x00007ff860e40000 - 0x00007ff860ea9000 	C:\WINDOWS\system32\mswsock.dll
0x00007ff8430c0000 - 0x00007ff8430d6000 	C:\Program Files\Android\Android Studio\jbr\bin\nio.dll
0x00007ff85cdd0000 - 0x00007ff85cde0000 	C:\Program Files\Android\Android Studio\jbr\bin\verify.dll
0x00007ff84f2b0000 - 0x00007ff84f2d7000 	C:\Users\scher\.gradle\native\68d5fa5c4cc2d200863cafc0d521ce42e7d3e7ee720ec0a83991735586a16f82\windows-amd64\native-platform.dll
0x00007ff837cc0000 - 0x00007ff837e04000 	C:\Users\scher\.gradle\native\e376f236ea51e6404a007f0833ffe2c6e607c4080706a723a18a27aeea778392\windows-amd64\native-platform-file-events.dll
0x00007ff85aa10000 - 0x00007ff85aa19000 	C:\Program Files\Android\Android Studio\jbr\bin\management.dll
0x00007ff858ac0000 - 0x00007ff858acb000 	C:\Program Files\Android\Android Studio\jbr\bin\management_ext.dll
0x00007ff8624b0000 - 0x00007ff8624b8000 	C:\WINDOWS\System32\PSAPI.DLL
0x00007ff861060000 - 0x00007ff86107b000 	C:\WINDOWS\SYSTEM32\CRYPTSP.dll
0x00007ff860930000 - 0x00007ff860965000 	C:\WINDOWS\system32\rsaenh.dll
0x00007ff860f00000 - 0x00007ff860f28000 	C:\WINDOWS\SYSTEM32\USERENV.dll
0x00007ff861080000 - 0x00007ff86108c000 	C:\WINDOWS\SYSTEM32\CRYPTBASE.dll
0x00007ff860330000 - 0x00007ff86035d000 	C:\WINDOWS\SYSTEM32\IPHLPAPI.DLL
0x00007ff862e80000 - 0x00007ff862e89000 	C:\WINDOWS\System32\NSI.dll
0x00007ff85cc90000 - 0x00007ff85cca9000 	C:\WINDOWS\SYSTEM32\dhcpcsvc6.DLL
0x00007ff85c700000 - 0x00007ff85c71f000 	C:\WINDOWS\SYSTEM32\dhcpcsvc.DLL
0x00007ff8603a0000 - 0x00007ff860498000 	C:\WINDOWS\SYSTEM32\DNSAPI.dll
0x00007ff83f260000 - 0x00007ff83f268000 	C:\WINDOWS\system32\wshunix.dll

dbghelp: loaded successfully - version: 4.0.5 - missing functions: none
symbol engine: initialized successfully - sym options: 0x614 - pdb path: .;C:\Program Files\Android\Android Studio\jbr\bin;C:\WINDOWS\SYSTEM32;C:\WINDOWS\WinSxS\amd64_microsoft.windows.common-controls_6595b64144ccf1df_6.0.22621.3672_none_2713b9d173822955;C:\Program Files\Android\Android Studio\jbr\bin\server;C:\Users\scher\.gradle\native\68d5fa5c4cc2d200863cafc0d521ce42e7d3e7ee720ec0a83991735586a16f82\windows-amd64;C:\Users\scher\.gradle\native\e376f236ea51e6404a007f0833ffe2c6e607c4080706a723a18a27aeea778392\windows-amd64

VM Arguments:
jvm_args: --add-opens=java.base/java.util=ALL-UNNAMED --add-opens=java.base/java.lang=ALL-UNNAMED --add-opens=java.base/java.lang.invoke=ALL-UNNAMED --add-opens=java.prefs/java.util.prefs=ALL-UNNAMED --add-opens=java.base/java.nio.charset=ALL-UNNAMED --add-opens=java.base/java.net=ALL-UNNAMED --add-opens=java.base/java.util.concurrent.atomic=ALL-UNNAMED -Xmx2048m -Dfile.encoding=UTF-8 -Duser.country=BR -Duser.language=pt -Duser.variant 
java_command: org.gradle.launcher.daemon.bootstrap.GradleDaemon 8.0
java_class_path (initial): C:\Users\scher\.gradle\wrapper\dists\gradle-8.0-bin\ca5e32bp14vu59qr306oxotwh\gradle-8.0\lib\gradle-launcher-8.0.jar
Launcher Type: SUN_STANDARD

[Global flags]
     intx CICompilerCount                          = 4                                         {product} {ergonomic}
     uint ConcGCThreads                            = 2                                         {product} {ergonomic}
     uint G1ConcRefinementThreads                  = 8                                         {product} {ergonomic}
   size_t G1HeapRegionSize                         = 1048576                                   {product} {ergonomic}
    uintx GCDrainStackTargetSize                   = 64                                        {product} {ergonomic}
   size_t InitialHeapSize                          = 134217728                                 {product} {ergonomic}
   size_t MarkStackSize                            = 4194304                                   {product} {ergonomic}
   size_t MaxHeapSize                              = 2147483648                                {product} {command line}
   size_t MaxNewSize                               = 1287651328                                {product} {ergonomic}
   size_t MinHeapDeltaBytes                        = 1048576                                   {product} {ergonomic}
   size_t MinHeapSize                              = 8388608                                   {product} {ergonomic}
    uintx NonNMethodCodeHeapSize                   = 5839372                                {pd product} {ergonomic}
    uintx NonProfiledCodeHeapSize                  = 122909434                              {pd product} {ergonomic}
    uintx ProfiledCodeHeapSize                     = 122909434                              {pd product} {ergonomic}
    uintx ReservedCodeCacheSize                    = 251658240                              {pd product} {ergonomic}
     bool SegmentedCodeCache                       = true                                      {product} {ergonomic}
   size_t SoftMaxHeapSize                          = 2147483648                             {manageable} {ergonomic}
     bool UseCompressedClassPointers               = true                           {product lp64_product} {ergonomic}
     bool UseCompressedOops                        = true                           {product lp64_product} {ergonomic}
     bool UseG1GC                                  = true                                      {product} {ergonomic}
     bool UseLargePagesIndividualAllocation        = false                                  {pd product} {ergonomic}

Logging:
Log output configuration:
 #0: stdout all=warning uptime,level,tags
 #1: stderr all=off uptime,level,tags

Environment Variables:
PATH=C:\Program Files\Common Files\Oracle\Java\javapath;C:\Program Files (x86)\Embarcadero\Studio\22.0\bin;C:\Users\Public\Documents\Embarcadero\Studio\22.0\Bpl;C:\Program Files (x86)\Embarcadero\Studio\22.0\bin64;C:\Users\Public\Documents\Embarcadero\Studio\22.0\Bpl\Win64;C:\Program Files (x86)\Embarcadero\Studio\21.0\bin;C:\Users\Public\Documents\Embarcadero\Studio\21.0\Bpl;C:\Program Files (x86)\Embarcadero\Studio\21.0\bin64;C:\Users\Public\Documents\Embarcadero\Studio\21.0\Bpl\Win64;C:\Windows\system32;C:\Windows;C:\Windows\System32\Wbem;C:\Windows\System32\WindowsPowerShell\v1.0\;C:\Windows\System32\OpenSSH\;C:\Program Files (x86)\NVIDIA Corporation\PhysX\Common;C:\Program Files\NVIDIA Corporation\NVIDIA NvDLISR;C:\WINDOWS\system32;C:\WINDOWS;C:\WINDOWS\System32\Wbem;C:\WINDOWS\System32\WindowsPowerShell\v1.0\;C:\WINDOWS\System32\OpenSSH\;C:\Program Files\dotnet\;C:\Program Files (x86)\Windows Kits\10\Windows Performance Toolkit\;C:\Program Files\Git\cmd;C:\Users\scher\AppData\Local\Microsoft\WindowsApps;;C:\Users\scher\AppData\Local\Programs\Microsoft VS Code\bin
USERNAME=scher
OS=Windows_NT
PROCESSOR_IDENTIFIER=Intel64 Family 6 Model 142 Stepping 12, GenuineIntel
TMP=C:\Users\scher\AppData\Local\Temp
TEMP=C:\Users\scher\AppData\Local\Temp


JNI global refs:
JNI global refs: 26, weak refs: 2

JNI global refs memory usage: 843, weak refs: 841


---------------  S Y S T E M  ---------------

OS:
 Windows 11 , 64 bit Build 22621 (10.0.22621.3958)
OS uptime: 0 days 7:42 hours
Hyper-V role detected

CPU: total 8 (initial active 8) (4 cores per cpu, 2 threads per core) family 6 model 142 stepping 12 microcode 0xea, cx8, cmov, fxsr, ht, mmx, 3dnowpref, sse, sse2, sse3, ssse3, sse4.1, sse4.2, popcnt, lzcnt, tsc, tscinvbit, avx, avx2, aes, erms, clmul, bmi1, bmi2, adx, fma, vzeroupper, clflush, clflushopt, hv

Memory: 4k page, system-wide physical 8072M (320M free)
TotalPageFile size 10120M (AvailPageFile size 13M)
current process WorkingSet (physical memory assigned to process): 254M, peak: 260M
current process commit charge ("private bytes"): 291M, peak: 299M

vm_info: OpenJDK 64-Bit Server VM (17.0.6+0-b2043.56-10027231) for windows-amd64 JRE (17.0.6+0-b2043.56-10027231), built on Apr 28 2023 00:43:19 by "androidbuild" with MS VC++ 16.10 / 16.11 (VS2019)

END.
