#
# There is insufficient memory for the Java Runtime Environment to continue.
# Native memory allocation (mmap) failed to map 208666624 bytes for G1 virtual space
# Possible reasons:
#   The system is out of physical RAM or swap space
#   The process is running with CompressedOops enabled, and the Java Heap may be blocking the growth of the native heap
# Possible solutions:
#   Reduce memory load on the system
#   Increase physical memory or swap space
#   Check if swap backing store is full
#   Decrease Java heap size (-Xmx/-Xms)
#   Decrease number of Java threads
#   Decrease Java thread stack sizes (-Xss)
#   Set larger code cache with -XX:ReservedCodeCacheSize=
#   JVM is running with Unscaled Compressed Oops mode in which the Java heap is
#     placed in the first 4GB address space. The Java Heap base address is the
#     maximum limit for the native heap growth. Please use -XX:HeapBaseMinAddress
#     to set the Java Heap base and to place the Java Heap above 4GB virtual address.
# This output file may be truncated or incomplete.
#
#  Out of Memory Error (os_windows.cpp:3769), pid=13592, tid=5620
#
# JRE version: OpenJDK Runtime Environment (17.0.6) (build 17.0.6+0-b2043.56-10027231)
# Java VM: OpenJDK 64-Bit Server VM (17.0.6+0-b2043.56-10027231, mixed mode, tiered, compressed oops, compressed class ptrs, g1 gc, windows-amd64)
# No core dump will be written. Minidumps are not enabled by default on client versions of Windows
#

---------------  S U M M A R Y ------------

Command Line: --add-opens=java.base/java.util=ALL-UNNAMED --add-opens=java.base/java.lang=ALL-UNNAMED --add-opens=java.base/java.lang.invoke=ALL-UNNAMED --add-opens=java.prefs/java.util.prefs=ALL-UNNAMED --add-opens=java.base/java.nio.charset=ALL-UNNAMED --add-opens=java.base/java.net=ALL-UNNAMED --add-opens=java.base/java.util.concurrent.atomic=ALL-UNNAMED -Xmx2048m -Dfile.encoding=UTF-8 -Duser.country=BR -Duser.language=pt -Duser.variant -javaagent:C:\Users\scher\.gradle\wrapper\dists\gradle-8.1-bin\2eyty4r6kz6fpakefpk52nbbm\gradle-8.1\lib\agents\gradle-instrumentation-agent-8.1.jar org.gradle.launcher.daemon.bootstrap.GradleDaemon 8.1

Host: Intel(R) Core(TM) i7-8565U CPU @ 1.80GHz, 8 cores, 7G,  Windows 11 , 64 bit Build 22621 (10.0.22621.4391)
Time: Sat Dec  7 01:03:14 2024 Hora oficial do Brasil elapsed time: 14.461844 seconds (0d 0h 0m 14s)

---------------  T H R E A D  ---------------

Current thread (0x00000209456bfa20):  VMThread "VM Thread" [stack: 0x000000624c100000,0x000000624c200000] [id=5620]

Stack: [0x000000624c100000,0x000000624c200000]
Native frames: (J=compiled Java code, j=interpreted, Vv=VM code, C=native code)
V  [jvm.dll+0x683c9a]
V  [jvm.dll+0x8427a4]
V  [jvm.dll+0x843f9e]
V  [jvm.dll+0x844603]
V  [jvm.dll+0x249b75]
V  [jvm.dll+0x680b69]
V  [jvm.dll+0x67505a]
V  [jvm.dll+0x309acb]
V  [jvm.dll+0x310f86]
V  [jvm.dll+0x3608ee]
V  [jvm.dll+0x360b1f]
V  [jvm.dll+0x2dfbf8]
V  [jvm.dll+0x2ddec4]
V  [jvm.dll+0x2dd4cc]
V  [jvm.dll+0x321f3b]
V  [jvm.dll+0x848ccb]
V  [jvm.dll+0x849a04]
V  [jvm.dll+0x849f1d]
V  [jvm.dll+0x84a2f4]
V  [jvm.dll+0x84a3c0]
V  [jvm.dll+0x7f274a]
V  [jvm.dll+0x682ad5]
C  [ucrtbase.dll+0x29333]
C  [KERNEL32.DLL+0x1259d]
C  [ntdll.dll+0x5af38]

VM_Operation (0x00000062502fa100): G1CollectForAllocation, mode: safepoint, requested by thread 0x00000209494d3260


---------------  P R O C E S S  ---------------

Threads class SMR info:
_java_thread_list=0x0000020947823e40, length=80, elements={
0x000002092b850ea0, 0x00000209456a3430, 0x00000209456a41b0, 0x00000209460352a0,
0x0000020946035b60, 0x0000020946038430, 0x0000020946038cf0, 0x0000020946039990,
0x000002094603a340, 0x0000020946048160, 0x00000209461333f0, 0x0000020946314060,
0x00000209493c8960, 0x0000020948a34180, 0x0000020948a33760, 0x0000020947b36030,
0x0000020947a9ac40, 0x000002094946c340, 0x00000209489917e0, 0x0000020946cba890,
0x0000020946cb8bb0, 0x0000020946cbbbd0, 0x0000020946cba3c0, 0x0000020946cb9080,
0x0000020946cb9550, 0x0000020946cbad60, 0x0000020946cb9ef0, 0x000002094a07fdb0,
0x000002094a0815c0, 0x000002094a082dd0, 0x000002094a0832a0, 0x000002094a07e5a0,
0x000002094a07cd90, 0x000002094a083770, 0x000002094a080750, 0x000002094a07ef40,
0x000002094a080c20, 0x000002094a07c3f0, 0x000002094a07d260, 0x000002094a07f410,
0x000002094a082430, 0x000002094a07f8e0, 0x000002094a080280, 0x000002094a07c8c0,
0x000002094a0810f0, 0x000002094a082900, 0x00000209494cdbc0, 0x00000209494ccd50,
0x00000209494cc3b0, 0x00000209494cf8a0, 0x00000209494cba10, 0x00000209494d1a50,
0x00000209494d28c0, 0x00000209494d2d90, 0x00000209494d3260, 0x00000209494cbee0,
0x00000209494cc880, 0x00000209494cd220, 0x00000209494cd6f0, 0x00000209494ce090,
0x00000209494ce560, 0x0000020947540c60, 0x0000020946cbb700, 0x0000020948de6960,
0x0000020948debb30, 0x0000020948de94b0, 0x0000020948dec9a0, 0x0000020948dec4d0,
0x0000020948deb660, 0x0000020948de77d0, 0x0000020948dece70, 0x0000020948deb190,
0x0000020950404340, 0x0000020950403000, 0x0000020950403e70, 0x00000209504034d0,
0x0000020950404810, 0x00000209504039a0, 0x00000209495b10c0, 0x00000209495b1590
}

Java Threads: ( => current thread )
  0x000002092b850ea0 JavaThread "main" [_thread_blocked, id=12236, stack(0x000000624bb00000,0x000000624bc00000)]
  0x00000209456a3430 JavaThread "Reference Handler" daemon [_thread_blocked, id=3680, stack(0x000000624c200000,0x000000624c300000)]
  0x00000209456a41b0 JavaThread "Finalizer" daemon [_thread_blocked, id=1864, stack(0x000000624c300000,0x000000624c400000)]
  0x00000209460352a0 JavaThread "Signal Dispatcher" daemon [_thread_blocked, id=10772, stack(0x000000624c400000,0x000000624c500000)]
  0x0000020946035b60 JavaThread "Attach Listener" daemon [_thread_blocked, id=1352, stack(0x000000624c500000,0x000000624c600000)]
  0x0000020946038430 JavaThread "Service Thread" daemon [_thread_blocked, id=7512, stack(0x000000624c600000,0x000000624c700000)]
  0x0000020946038cf0 JavaThread "Monitor Deflation Thread" daemon [_thread_blocked, id=2460, stack(0x000000624c700000,0x000000624c800000)]
  0x0000020946039990 JavaThread "C2 CompilerThread0" daemon [_thread_in_native, id=5300, stack(0x000000624c800000,0x000000624c900000)]
  0x000002094603a340 JavaThread "C1 CompilerThread0" daemon [_thread_blocked, id=5852, stack(0x000000624c900000,0x000000624ca00000)]
  0x0000020946048160 JavaThread "Sweeper thread" daemon [_thread_blocked, id=9584, stack(0x000000624ca00000,0x000000624cb00000)]
  0x00000209461333f0 JavaThread "Common-Cleaner" daemon [_thread_blocked, id=12792, stack(0x000000624cb00000,0x000000624cc00000)]
  0x0000020946314060 JavaThread "Notification Thread" daemon [_thread_blocked, id=14328, stack(0x000000624cd00000,0x000000624ce00000)]
  0x00000209493c8960 JavaThread "Daemon health stats" [_thread_blocked, id=13368, stack(0x000000624d400000,0x000000624d500000)]
  0x0000020948a34180 JavaThread "Incoming local TCP Connector on port 51015" [_thread_in_native, id=7112, stack(0x000000624d500000,0x000000624d600000)]
  0x0000020948a33760 JavaThread "Daemon periodic checks" [_thread_blocked, id=5036, stack(0x000000624d600000,0x000000624d700000)]
  0x0000020947b36030 JavaThread "Daemon" [_thread_blocked, id=7612, stack(0x000000624d700000,0x000000624d800000)]
  0x0000020947a9ac40 JavaThread "Handler for socket connection from /127.0.0.1:51015 to /127.0.0.1:51016" [_thread_in_native, id=9660, stack(0x000000624d800000,0x000000624d900000)]
  0x000002094946c340 JavaThread "Cancel handler" [_thread_blocked, id=4612, stack(0x000000624d900000,0x000000624da00000)]
  0x00000209489917e0 JavaThread "Daemon worker" [_thread_blocked, id=15080, stack(0x000000624da00000,0x000000624db00000)]
  0x0000020946cba890 JavaThread "Asynchronous log dispatcher for DefaultDaemonConnection: socket connection from /127.0.0.1:51015 to /127.0.0.1:51016" [_thread_blocked, id=4280, stack(0x000000624db00000,0x000000624dc00000)]
  0x0000020946cb8bb0 JavaThread "Stdin handler" [_thread_blocked, id=10184, stack(0x000000624dc00000,0x000000624dd00000)]
  0x0000020946cbbbd0 JavaThread "Daemon client event forwarder" [_thread_blocked, id=11268, stack(0x000000624dd00000,0x000000624de00000)]
  0x0000020946cba3c0 JavaThread "Cache worker for journal cache (C:\Users\scher\.gradle\caches\journal-1)" [_thread_blocked, id=12784, stack(0x000000624e200000,0x000000624e300000)]
  0x0000020946cb9080 JavaThread "File lock request listener" [_thread_in_native, id=8908, stack(0x000000624e300000,0x000000624e400000)]
  0x0000020946cb9550 JavaThread "Cache worker for file hash cache (C:\Users\scher\.gradle\caches\8.1\fileHashes)" [_thread_blocked, id=13892, stack(0x000000624e400000,0x000000624e500000)]
  0x0000020946cbad60 JavaThread "File watcher server" daemon [_thread_blocked, id=14940, stack(0x000000624e500000,0x000000624e600000)]
  0x0000020946cb9ef0 JavaThread "File watcher consumer" daemon [_thread_blocked, id=4084, stack(0x000000624e600000,0x000000624e700000)]
  0x000002094a07fdb0 JavaThread "Cache worker for checksums cache (C:\Users\scher\Documents\PROJETOS ANDROID\NOVO\RECICLAAI\.gradle\8.1\checksums)" [_thread_blocked, id=6560, stack(0x000000624e700000,0x000000624e800000)]
  0x000002094a0815c0 JavaThread "Cache worker for cache directory md-rule (C:\Users\scher\.gradle\caches\8.1\md-rule)" [_thread_blocked, id=12452, stack(0x000000624e800000,0x000000624e900000)]
  0x000002094a082dd0 JavaThread "Cache worker for file content cache (C:\Users\scher\.gradle\caches\8.1\fileContent)" [_thread_blocked, id=13632, stack(0x000000624e900000,0x000000624ea00000)]
  0x000002094a0832a0 JavaThread "Cache worker for file hash cache (C:\Users\scher\Documents\PROJETOS ANDROID\NOVO\RECICLAAI\.gradle\8.1\fileHashes)" [_thread_blocked, id=13304, stack(0x000000624ea00000,0x000000624eb00000)]
  0x000002094a07e5a0 JavaThread "Cache worker for cache directory md-supplier (C:\Users\scher\.gradle\caches\8.1\md-supplier)" [_thread_blocked, id=3160, stack(0x000000624eb00000,0x000000624ec00000)]
  0x000002094a07cd90 JavaThread "Cache worker for execution history cache (C:\Users\scher\.gradle\caches\8.1\executionHistory)" [_thread_blocked, id=12420, stack(0x000000624ec00000,0x000000624ed00000)]
  0x000002094a083770 JavaThread "jar transforms" [_thread_blocked, id=13316, stack(0x000000624ee00000,0x000000624ef00000)]
  0x000002094a080750 JavaThread "jar transforms Thread 2" [_thread_blocked, id=14404, stack(0x000000624ef00000,0x000000624f000000)]
  0x000002094a07ef40 JavaThread "jar transforms Thread 3" [_thread_blocked, id=13684, stack(0x000000624f000000,0x000000624f100000)]
  0x000002094a080c20 JavaThread "jar transforms Thread 4" [_thread_blocked, id=12000, stack(0x000000624f100000,0x000000624f200000)]
  0x000002094a07c3f0 JavaThread "Cache worker for dependencies-accessors (C:\Users\scher\Documents\PROJETOS ANDROID\NOVO\RECICLAAI\.gradle\8.1\dependencies-accessors)" [_thread_blocked, id=9356, stack(0x000000624f200000,0x000000624f300000)]
  0x000002094a07d260 JavaThread "jar transforms Thread 5" [_thread_blocked, id=7028, stack(0x000000624cf00000,0x000000624d000000)]
  0x000002094a07f410 JavaThread "Cache worker for Build Output Cleanup Cache (C:\Users\scher\Documents\PROJETOS ANDROID\NOVO\RECICLAAI\.gradle\buildOutputCleanup)" [_thread_blocked, id=13752, stack(0x000000624f300000,0x000000624f400000)]
  0x000002094a082430 JavaThread "Unconstrained build operations" [_thread_blocked, id=9804, stack(0x000000624f500000,0x000000624f600000)]
  0x000002094a07f8e0 JavaThread "Unconstrained build operations Thread 2" [_thread_blocked, id=1556, stack(0x000000624f600000,0x000000624f700000)]
  0x000002094a080280 JavaThread "Unconstrained build operations Thread 3" [_thread_blocked, id=2788, stack(0x000000624f700000,0x000000624f800000)]
  0x000002094a07c8c0 JavaThread "Unconstrained build operations Thread 4" [_thread_blocked, id=4956, stack(0x000000624f800000,0x000000624f900000)]
  0x000002094a0810f0 JavaThread "Unconstrained build operations Thread 5" [_thread_blocked, id=13376, stack(0x000000624f900000,0x000000624fa00000)]
  0x000002094a082900 JavaThread "Unconstrained build operations Thread 6" [_thread_blocked, id=6184, stack(0x000000624fa00000,0x000000624fb00000)]
  0x00000209494cdbc0 JavaThread "Unconstrained build operations Thread 7" [_thread_blocked, id=13120, stack(0x000000624fb00000,0x000000624fc00000)]
  0x00000209494ccd50 JavaThread "jar transforms Thread 6" [_thread_blocked, id=12944, stack(0x000000624fc00000,0x000000624fd00000)]
  0x00000209494cc3b0 JavaThread "jar transforms Thread 7" [_thread_blocked, id=7384, stack(0x000000624fd00000,0x000000624fe00000)]
  0x00000209494cf8a0 JavaThread "jar transforms Thread 8" [_thread_blocked, id=2392, stack(0x000000624fe00000,0x000000624ff00000)]
  0x00000209494cba10 JavaThread "build event listener" [_thread_blocked, id=13700, stack(0x000000624ff00000,0x0000006250000000)]
  0x00000209494d1a50 JavaThread "Memory manager" [_thread_blocked, id=14840, stack(0x0000006250000000,0x0000006250100000)]
  0x00000209494d28c0 JavaThread "included builds" [_thread_blocked, id=6084, stack(0x000000624f400000,0x000000624f500000)]
  0x00000209494d2d90 JavaThread "Execution worker" [_thread_blocked, id=12296, stack(0x0000006250100000,0x0000006250200000)]
  0x00000209494d3260 JavaThread "Execution worker Thread 2" [_thread_blocked, id=6844, stack(0x0000006250200000,0x0000006250300000)]
  0x00000209494cbee0 JavaThread "Execution worker Thread 3" [_thread_blocked, id=14320, stack(0x0000006250300000,0x0000006250400000)]
  0x00000209494cc880 JavaThread "Execution worker Thread 4" [_thread_blocked, id=7296, stack(0x0000006250400000,0x0000006250500000)]
  0x00000209494cd220 JavaThread "Execution worker Thread 5" [_thread_blocked, id=3280, stack(0x0000006250500000,0x0000006250600000)]
  0x00000209494cd6f0 JavaThread "Execution worker Thread 6" [_thread_blocked, id=13384, stack(0x0000006250600000,0x0000006250700000)]
  0x00000209494ce090 JavaThread "Execution worker Thread 7" [_thread_blocked, id=11644, stack(0x0000006250700000,0x0000006250800000)]
  0x00000209494ce560 JavaThread "Cache worker for execution history cache (C:\Users\scher\Documents\PROJETOS ANDROID\NOVO\RECICLAAI\.gradle\8.1\executionHistory)" [_thread_blocked, id=9468, stack(0x0000006250800000,0x0000006250900000)]
  0x0000020947540c60 JavaThread "C2 CompilerThread1" daemon [_thread_blocked, id=1752, stack(0x000000624cc00000,0x000000624cd00000)]
  0x0000020946cbb700 JavaThread "Unconstrained build operations Thread 8" [_thread_blocked, id=8048, stack(0x0000006250b00000,0x0000006250c00000)]
  0x0000020948de6960 JavaThread "Unconstrained build operations Thread 9" [_thread_blocked, id=8104, stack(0x0000006250c00000,0x0000006250d00000)]
  0x0000020948debb30 JavaThread "WorkerExecutor Queue" [_thread_blocked, id=2524, stack(0x0000006250d00000,0x0000006250e00000)]
  0x0000020948de94b0 JavaThread "Unconstrained build operations Thread 10" [_thread_blocked, id=1668, stack(0x0000006250e00000,0x0000006250f00000)]
  0x0000020948dec9a0 JavaThread "Unconstrained build operations Thread 11" [_thread_blocked, id=14104, stack(0x0000006250f00000,0x0000006251000000)]
  0x0000020948dec4d0 JavaThread "Unconstrained build operations Thread 12" [_thread_blocked, id=4968, stack(0x0000006251000000,0x0000006251100000)]
  0x0000020948deb660 JavaThread "Unconstrained build operations Thread 13" [_thread_blocked, id=13088, stack(0x0000006251100000,0x0000006251200000)]
  0x0000020948de77d0 JavaThread "Unconstrained build operations Thread 14" [_thread_blocked, id=7060, stack(0x0000006251200000,0x0000006251300000)]
  0x0000020948dece70 JavaThread "Unconstrained build operations Thread 15" [_thread_blocked, id=10360, stack(0x0000006251300000,0x0000006251400000)]
  0x0000020948deb190 JavaThread "Unconstrained build operations Thread 16" [_thread_blocked, id=3964, stack(0x0000006251400000,0x0000006251500000)]
  0x0000020950404340 JavaThread "WorkerExecutor Queue Thread 2" [_thread_blocked, id=12908, stack(0x0000006251500000,0x0000006251600000)]
  0x0000020950403000 JavaThread "Unconstrained build operations Thread 17" [_thread_blocked, id=14316, stack(0x0000006251600000,0x0000006251700000)]
  0x0000020950403e70 JavaThread "Unconstrained build operations Thread 18" [_thread_blocked, id=12600, stack(0x0000006251700000,0x0000006251800000)]
  0x00000209504034d0 JavaThread "Unconstrained build operations Thread 19" [_thread_blocked, id=13516, stack(0x0000006251800000,0x0000006251900000)]
  0x0000020950404810 JavaThread "Unconstrained build operations Thread 20" [_thread_blocked, id=1884, stack(0x0000006251900000,0x0000006251a00000)]
  0x00000209504039a0 JavaThread "Unconstrained build operations Thread 21" [_thread_blocked, id=8464, stack(0x0000006251a00000,0x0000006251b00000)]
  0x00000209495b10c0 JavaThread "Unconstrained build operations Thread 22" [_thread_blocked, id=9220, stack(0x0000006251b00000,0x0000006251c00000)]
  0x00000209495b1590 JavaThread "Unconstrained build operations Thread 23" [_thread_blocked, id=11780, stack(0x0000006251c00000,0x0000006251d00000)]

Other Threads:
=>0x00000209456bfa20 VMThread "VM Thread" [stack: 0x000000624c100000,0x000000624c200000] [id=5620]
  0x000002092b8c4ca0 WatcherThread [stack: 0x000000624ce00000,0x000000624cf00000] [id=7788]
  0x000002092b8ace20 GCTaskThread "GC Thread#0" [stack: 0x000000624bc00000,0x000000624bd00000] [id=13552]
  0x0000020946dcc440 GCTaskThread "GC Thread#1" [stack: 0x000000624d000000,0x000000624d100000] [id=14188]
  0x0000020946dcc6f0 GCTaskThread "GC Thread#2" [stack: 0x000000624d100000,0x000000624d200000] [id=14728]
  0x000002094717b300 GCTaskThread "GC Thread#3" [stack: 0x000000624d200000,0x000000624d300000] [id=9212]
  0x000002094717b860 GCTaskThread "GC Thread#4" [stack: 0x000000624d300000,0x000000624d400000] [id=13580]
  0x000002094717bdc0 GCTaskThread "GC Thread#5" [stack: 0x000000624de00000,0x000000624df00000] [id=7152]
  0x000002094717c070 GCTaskThread "GC Thread#6" [stack: 0x000000624df00000,0x000000624e000000] [id=1588]
  0x000002094717c320 GCTaskThread "GC Thread#7" [stack: 0x000000624e000000,0x000000624e100000] [id=10304]
  0x000002092b8bdc70 ConcurrentGCThread "G1 Main Marker" [stack: 0x000000624bd00000,0x000000624be00000] [id=8476]
  0x000002092b8be590 ConcurrentGCThread "G1 Conc#0" [stack: 0x000000624be00000,0x000000624bf00000] [id=4324]
  0x000002094717a840 ConcurrentGCThread "G1 Conc#1" [stack: 0x000000624e100000,0x000000624e200000] [id=14068]
  0x000002092b90dcf0 ConcurrentGCThread "G1 Refine#0" [stack: 0x000000624bf00000,0x000000624c000000] [id=7052]
  0x000002094a16b7a0 ConcurrentGCThread "G1 Refine#1" [stack: 0x000000624ed00000,0x000000624ee00000] [id=14904]
  0x000002094b82f290 ConcurrentGCThread "G1 Refine#2" [stack: 0x0000006250900000,0x0000006250a00000] [id=15260]
  0x000002094b8317f0 ConcurrentGCThread "G1 Refine#3" [stack: 0x0000006250a00000,0x0000006250b00000] [id=11164]
  0x000002092b90e620 ConcurrentGCThread "G1 Service" [stack: 0x000000624c000000,0x000000624c100000] [id=12712]

Threads with active compile tasks:
C2 CompilerThread0    14480 11196 % !   4       com.android.ide.common.resources.DataMerger::mergeData @ 247 (611 bytes)
C2 CompilerThread1    14480 11083       4       org.apache.xerces.impl.XMLNSDocumentScannerImpl::scanStartElement (873 bytes)

VM state: at safepoint (normal execution)

VM Mutex/Monitor currently owned by a thread:  ([mutex/lock_event])
[0x000002092b84c430] Threads_lock - owner thread: 0x00000209456bfa20
[0x000002092b84bf20] Heap_lock - owner thread: 0x00000209494d3260

Heap address: 0x0000000080000000, size: 2048 MB, Compressed Oops mode: 32-bit

CDS archive(s) not mapped
Compressed class space mapped at: 0x0000000100000000-0x0000000140000000, reserved size: 1073741824
Narrow klass base: 0x0000000000000000, Narrow klass shift: 3, Narrow klass range: 0x140000000

GC Precious Log:
 CPUs: 8 total, 8 available
 Memory: 8072M
 Large Page Support: Disabled
 NUMA Support: Disabled
 Compressed Oops: Enabled (32-bit)
 Heap Region Size: 1M
 Heap Min Capacity: 8M
 Heap Initial Capacity: 128M
 Heap Max Capacity: 2G
 Pre-touch: Disabled
 Parallel Workers: 8
 Concurrent Workers: 2
 Concurrent Refinement Workers: 8
 Periodic GC: Disabled

Heap:
 garbage-first heap   total 203776K, used 121822K [0x0000000080000000, 0x0000000100000000)
  region size 1024K, 1 young (1024K), 1 survivors (1024K)
 Metaspace       used 92593K, committed 93248K, reserved 1130496K
  class space    used 12673K, committed 12992K, reserved 1048576K

Heap Regions: E=young(eden), S=young(survivor), O=old, HS=humongous(starts), HC=humongous(continues), CS=collection set, F=free, OA=open archive, CA=closed archive, TAMS=top-at-mark-start (previous, next)
|   0|0x0000000080000000, 0x0000000080100000, 0x0000000080100000|100%|HS|  |TAMS 0x0000000080100000, 0x0000000080000000| Complete 
|   1|0x0000000080100000, 0x0000000080200000, 0x0000000080200000|100%|HC|  |TAMS 0x0000000080200000, 0x0000000080100000| Complete 
|   2|0x0000000080200000, 0x0000000080300000, 0x0000000080300000|100%|HC|  |TAMS 0x0000000080300000, 0x0000000080200000| Complete 
|   3|0x0000000080300000, 0x0000000080400000, 0x0000000080400000|100%|HC|  |TAMS 0x0000000080400000, 0x0000000080300000| Complete 
|   4|0x0000000080400000, 0x0000000080500000, 0x0000000080500000|100%| O|  |TAMS 0x0000000080500000, 0x0000000080400000| Untracked 
|   5|0x0000000080500000, 0x0000000080600000, 0x0000000080600000|100%| O|  |TAMS 0x0000000080600000, 0x0000000080500000| Untracked 
|   6|0x0000000080600000, 0x0000000080700000, 0x0000000080700000|100%| O|  |TAMS 0x0000000080700000, 0x0000000080600000| Untracked 
|   7|0x0000000080700000, 0x0000000080800000, 0x0000000080800000|100%| O|  |TAMS 0x0000000080800000, 0x0000000080700000| Untracked 
|   8|0x0000000080800000, 0x0000000080900000, 0x0000000080900000|100%| O|  |TAMS 0x0000000080900000, 0x0000000080800000| Untracked 
|   9|0x0000000080900000, 0x0000000080a00000, 0x0000000080a00000|100%| O|  |TAMS 0x0000000080a00000, 0x0000000080900000| Untracked 
|  10|0x0000000080a00000, 0x0000000080b00000, 0x0000000080b00000|100%| O|  |TAMS 0x0000000080b00000, 0x0000000080a00000| Untracked 
|  11|0x0000000080b00000, 0x0000000080c00000, 0x0000000080c00000|100%| O|  |TAMS 0x0000000080c00000, 0x0000000080b00000| Untracked 
|  12|0x0000000080c00000, 0x0000000080d00000, 0x0000000080d00000|100%| O|  |TAMS 0x0000000080d00000, 0x0000000080c00000| Untracked 
|  13|0x0000000080d00000, 0x0000000080e00000, 0x0000000080e00000|100%| O|  |TAMS 0x0000000080e00000, 0x0000000080d00000| Untracked 
|  14|0x0000000080e00000, 0x0000000080f00000, 0x0000000080f00000|100%| O|  |TAMS 0x0000000080f00000, 0x0000000080e00000| Untracked 
|  15|0x0000000080f00000, 0x0000000081000000, 0x0000000081000000|100%| O|  |TAMS 0x0000000081000000, 0x0000000080f00000| Untracked 
|  16|0x0000000081000000, 0x0000000081100000, 0x0000000081100000|100%| O|  |TAMS 0x0000000081100000, 0x0000000081000000| Untracked 
|  17|0x0000000081100000, 0x0000000081200000, 0x0000000081200000|100%| O|  |TAMS 0x0000000081200000, 0x0000000081100000| Untracked 
|  18|0x0000000081200000, 0x0000000081300000, 0x0000000081300000|100%| O|  |TAMS 0x0000000081300000, 0x0000000081200000| Untracked 
|  19|0x0000000081300000, 0x0000000081400000, 0x0000000081400000|100%| O|  |TAMS 0x0000000081400000, 0x0000000081300000| Untracked 
|  20|0x0000000081400000, 0x0000000081500000, 0x0000000081500000|100%| O|  |TAMS 0x0000000081500000, 0x0000000081400000| Untracked 
|  21|0x0000000081500000, 0x0000000081600000, 0x0000000081600000|100%| O|  |TAMS 0x0000000081600000, 0x0000000081500000| Untracked 
|  22|0x0000000081600000, 0x0000000081700000, 0x0000000081700000|100%| O|  |TAMS 0x0000000081600000, 0x0000000081600000| Untracked 
|  23|0x0000000081700000, 0x0000000081800000, 0x0000000081800000|100%| O|  |TAMS 0x0000000081800000, 0x0000000081700000| Untracked 
|  24|0x0000000081800000, 0x0000000081900000, 0x0000000081900000|100%| O|  |TAMS 0x0000000081900000, 0x0000000081800000| Untracked 
|  25|0x0000000081900000, 0x0000000081a00000, 0x0000000081a00000|100%| O|  |TAMS 0x0000000081a00000, 0x0000000081900000| Untracked 
|  26|0x0000000081a00000, 0x0000000081b00000, 0x0000000081b00000|100%| O|  |TAMS 0x0000000081b00000, 0x0000000081a00000| Untracked 
|  27|0x0000000081b00000, 0x0000000081c00000, 0x0000000081c00000|100%| O|  |TAMS 0x0000000081c00000, 0x0000000081b00000| Untracked 
|  28|0x0000000081c00000, 0x0000000081d00000, 0x0000000081d00000|100%| O|  |TAMS 0x0000000081d00000, 0x0000000081c00000| Untracked 
|  29|0x0000000081d00000, 0x0000000081e00000, 0x0000000081e00000|100%| O|  |TAMS 0x0000000081e00000, 0x0000000081d00000| Untracked 
|  30|0x0000000081e00000, 0x0000000081f00000, 0x0000000081f00000|100%| O|  |TAMS 0x0000000081f00000, 0x0000000081e00000| Untracked 
|  31|0x0000000081f00000, 0x0000000082000000, 0x0000000082000000|100%|HS|  |TAMS 0x0000000082000000, 0x0000000081f00000| Complete 
|  32|0x0000000082000000, 0x0000000082100000, 0x0000000082100000|100%|HS|  |TAMS 0x0000000082100000, 0x0000000082000000| Complete 
|  33|0x0000000082100000, 0x0000000082200000, 0x0000000082200000|100%| O|  |TAMS 0x0000000082200000, 0x0000000082100000| Untracked 
|  34|0x0000000082200000, 0x0000000082300000, 0x0000000082300000|100%| O|  |TAMS 0x0000000082300000, 0x0000000082200000| Untracked 
|  35|0x0000000082300000, 0x0000000082400000, 0x0000000082400000|100%| O|  |TAMS 0x0000000082400000, 0x0000000082300000| Untracked 
|  36|0x0000000082400000, 0x0000000082500000, 0x0000000082500000|100%|HS|  |TAMS 0x0000000082500000, 0x0000000082400000| Complete 
|  37|0x0000000082500000, 0x0000000082600000, 0x0000000082600000|100%|HS|  |TAMS 0x0000000082600000, 0x0000000082500000| Complete 
|  38|0x0000000082600000, 0x0000000082700000, 0x0000000082700000|100%| O|  |TAMS 0x0000000082700000, 0x0000000082600000| Untracked 
|  39|0x0000000082700000, 0x0000000082800000, 0x0000000082800000|100%| O|  |TAMS 0x0000000082800000, 0x0000000082700000| Untracked 
|  40|0x0000000082800000, 0x0000000082900000, 0x0000000082900000|100%| O|  |TAMS 0x0000000082900000, 0x0000000082800000| Untracked 
|  41|0x0000000082900000, 0x0000000082a00000, 0x0000000082a00000|100%| O|  |TAMS 0x0000000082a00000, 0x0000000082900000| Untracked 
|  42|0x0000000082a00000, 0x0000000082b00000, 0x0000000082b00000|100%| O|  |TAMS 0x0000000082b00000, 0x0000000082a00000| Untracked 
|  43|0x0000000082b00000, 0x0000000082c00000, 0x0000000082c00000|100%| O|  |TAMS 0x0000000082c00000, 0x0000000082b00000| Untracked 
|  44|0x0000000082c00000, 0x0000000082d00000, 0x0000000082d00000|100%| O|  |TAMS 0x0000000082d00000, 0x0000000082c00000| Untracked 
|  45|0x0000000082d00000, 0x0000000082e00000, 0x0000000082e00000|100%| O|  |TAMS 0x0000000082e00000, 0x0000000082d00000| Untracked 
|  46|0x0000000082e00000, 0x0000000082f00000, 0x0000000082f00000|100%| O|  |TAMS 0x0000000082f00000, 0x0000000082e00000| Untracked 
|  47|0x0000000082f00000, 0x0000000083000000, 0x0000000083000000|100%| O|  |TAMS 0x0000000083000000, 0x0000000082f00000| Untracked 
|  48|0x0000000083000000, 0x0000000083100000, 0x0000000083100000|100%| O|  |TAMS 0x0000000083100000, 0x0000000083000000| Untracked 
|  49|0x0000000083100000, 0x0000000083200000, 0x0000000083200000|100%| O|  |TAMS 0x0000000083200000, 0x0000000083100000| Untracked 
|  50|0x0000000083200000, 0x0000000083300000, 0x0000000083300000|100%| O|  |TAMS 0x0000000083300000, 0x0000000083200000| Untracked 
|  51|0x0000000083300000, 0x0000000083400000, 0x0000000083400000|100%| O|  |TAMS 0x0000000083400000, 0x0000000083300000| Untracked 
|  52|0x0000000083400000, 0x0000000083500000, 0x0000000083500000|100%| O|  |TAMS 0x0000000083500000, 0x0000000083400000| Untracked 
|  53|0x0000000083500000, 0x0000000083600000, 0x0000000083600000|100%| O|  |TAMS 0x0000000083600000, 0x0000000083500000| Untracked 
|  54|0x0000000083600000, 0x0000000083700000, 0x0000000083700000|100%| O|  |TAMS 0x0000000083700000, 0x0000000083600000| Untracked 
|  55|0x0000000083700000, 0x0000000083800000, 0x0000000083800000|100%| O|  |TAMS 0x0000000083800000, 0x0000000083700000| Untracked 
|  56|0x0000000083800000, 0x0000000083900000, 0x0000000083900000|100%| O|  |TAMS 0x0000000083900000, 0x0000000083800000| Untracked 
|  57|0x0000000083900000, 0x0000000083a00000, 0x0000000083a00000|100%| O|  |TAMS 0x0000000083a00000, 0x0000000083900000| Untracked 
|  58|0x0000000083a00000, 0x0000000083b00000, 0x0000000083b00000|100%| O|  |TAMS 0x0000000083b00000, 0x0000000083a00000| Untracked 
|  59|0x0000000083b00000, 0x0000000083c00000, 0x0000000083c00000|100%| O|  |TAMS 0x0000000083c00000, 0x0000000083b00000| Untracked 
|  60|0x0000000083c00000, 0x0000000083d00000, 0x0000000083d00000|100%| O|  |TAMS 0x0000000083d00000, 0x0000000083c00000| Untracked 
|  61|0x0000000083d00000, 0x0000000083e00000, 0x0000000083e00000|100%| O|  |TAMS 0x0000000083e00000, 0x0000000083d00000| Untracked 
|  62|0x0000000083e00000, 0x0000000083f00000, 0x0000000083f00000|100%| O|  |TAMS 0x0000000083f00000, 0x0000000083e00000| Untracked 
|  63|0x0000000083f00000, 0x0000000084000000, 0x0000000084000000|100%| O|  |TAMS 0x0000000084000000, 0x0000000083f00000| Untracked 
|  64|0x0000000084000000, 0x0000000084100000, 0x0000000084100000|100%| O|  |TAMS 0x0000000084100000, 0x0000000084000000| Untracked 
|  65|0x0000000084100000, 0x0000000084200000, 0x0000000084200000|100%| O|  |TAMS 0x0000000084200000, 0x0000000084100000| Untracked 
|  66|0x0000000084200000, 0x0000000084300000, 0x0000000084300000|100%| O|  |TAMS 0x0000000084300000, 0x0000000084200000| Untracked 
|  67|0x0000000084300000, 0x0000000084400000, 0x0000000084400000|100%| O|  |TAMS 0x0000000084400000, 0x0000000084300000| Untracked 
|  68|0x0000000084400000, 0x0000000084500000, 0x0000000084500000|100%| O|  |TAMS 0x0000000084500000, 0x0000000084400000| Untracked 
|  69|0x0000000084500000, 0x0000000084600000, 0x0000000084600000|100%| O|  |TAMS 0x0000000084600000, 0x0000000084500000| Untracked 
|  70|0x0000000084600000, 0x0000000084700000, 0x0000000084700000|100%| O|  |TAMS 0x0000000084700000, 0x0000000084600000| Untracked 
|  71|0x0000000084700000, 0x0000000084800000, 0x0000000084800000|100%| O|  |TAMS 0x0000000084800000, 0x0000000084700000| Untracked 
|  72|0x0000000084800000, 0x0000000084900000, 0x0000000084900000|100%| O|  |TAMS 0x0000000084900000, 0x0000000084800000| Untracked 
|  73|0x0000000084900000, 0x0000000084a00000, 0x0000000084a00000|100%| O|  |TAMS 0x0000000084a00000, 0x0000000084900000| Untracked 
|  74|0x0000000084a00000, 0x0000000084b00000, 0x0000000084b00000|100%| O|  |TAMS 0x0000000084b00000, 0x0000000084a00000| Untracked 
|  75|0x0000000084b00000, 0x0000000084c00000, 0x0000000084c00000|100%| O|  |TAMS 0x0000000084c00000, 0x0000000084b00000| Untracked 
|  76|0x0000000084c00000, 0x0000000084d00000, 0x0000000084d00000|100%| O|  |TAMS 0x0000000084d00000, 0x0000000084c00000| Untracked 
|  77|0x0000000084d00000, 0x0000000084e00000, 0x0000000084e00000|100%| O|  |TAMS 0x0000000084e00000, 0x0000000084d00000| Untracked 
|  78|0x0000000084e00000, 0x0000000084f00000, 0x0000000084f00000|100%| O|  |TAMS 0x0000000084f00000, 0x0000000084e00000| Untracked 
|  79|0x0000000084f00000, 0x0000000085000000, 0x0000000085000000|100%| O|  |TAMS 0x0000000085000000, 0x0000000084f00000| Untracked 
|  80|0x0000000085000000, 0x0000000085100000, 0x0000000085100000|100%| O|  |TAMS 0x0000000085100000, 0x0000000085000000| Untracked 
|  81|0x0000000085100000, 0x0000000085100000, 0x0000000085200000|  0%| F|  |TAMS 0x0000000085100000, 0x0000000085100000| Untracked 
|  82|0x0000000085200000, 0x0000000085300000, 0x0000000085300000|100%| O|  |TAMS 0x0000000085300000, 0x0000000085200000| Untracked 
|  83|0x0000000085300000, 0x0000000085400000, 0x0000000085400000|100%| O|  |TAMS 0x0000000085400000, 0x0000000085300000| Untracked 
|  84|0x0000000085400000, 0x0000000085500000, 0x0000000085500000|100%| O|  |TAMS 0x0000000085500000, 0x0000000085400000| Untracked 
|  85|0x0000000085500000, 0x0000000085600000, 0x0000000085600000|100%| O|  |TAMS 0x0000000085600000, 0x0000000085500000| Untracked 
|  86|0x0000000085600000, 0x0000000085700000, 0x0000000085700000|100%| O|  |TAMS 0x0000000085700000, 0x0000000085600000| Untracked 
|  87|0x0000000085700000, 0x0000000085800000, 0x0000000085800000|100%| O|  |TAMS 0x0000000085800000, 0x0000000085700000| Untracked 
|  88|0x0000000085800000, 0x0000000085900000, 0x0000000085900000|100%| O|  |TAMS 0x0000000085900000, 0x0000000085800000| Untracked 
|  89|0x0000000085900000, 0x0000000085a00000, 0x0000000085a00000|100%| O|  |TAMS 0x0000000085a00000, 0x0000000085900000| Untracked 
|  90|0x0000000085a00000, 0x0000000085b00000, 0x0000000085b00000|100%| O|  |TAMS 0x0000000085b00000, 0x0000000085a00000| Untracked 
|  91|0x0000000085b00000, 0x0000000085c00000, 0x0000000085c00000|100%| O|  |TAMS 0x0000000085bcd600, 0x0000000085b00000| Untracked 
|  92|0x0000000085c00000, 0x0000000085d00000, 0x0000000085d00000|100%| O|  |TAMS 0x0000000085c00000, 0x0000000085c00000| Untracked 
|  93|0x0000000085d00000, 0x0000000085e00000, 0x0000000085e00000|100%| O|  |TAMS 0x0000000085d00000, 0x0000000085d00000| Untracked 
|  94|0x0000000085e00000, 0x0000000085f00000, 0x0000000085f00000|100%| O|  |TAMS 0x0000000085e00000, 0x0000000085e00000| Untracked 
|  95|0x0000000085f00000, 0x0000000086000000, 0x0000000086000000|100%| O|  |TAMS 0x0000000085f00000, 0x0000000085f00000| Untracked 
|  96|0x0000000086000000, 0x0000000086100000, 0x0000000086100000|100%| O|  |TAMS 0x0000000086000000, 0x0000000086000000| Untracked 
|  97|0x0000000086100000, 0x0000000086200000, 0x0000000086200000|100%| O|  |TAMS 0x0000000086100000, 0x0000000086100000| Untracked 
|  98|0x0000000086200000, 0x0000000086300000, 0x0000000086300000|100%| O|  |TAMS 0x0000000086200000, 0x0000000086200000| Untracked 
|  99|0x0000000086300000, 0x0000000086300000, 0x0000000086400000|  0%| F|  |TAMS 0x0000000086300000, 0x0000000086300000| Untracked 
| 100|0x0000000086400000, 0x0000000086500000, 0x0000000086500000|100%|HS|  |TAMS 0x0000000086400000, 0x0000000086400000| Complete 
| 101|0x0000000086500000, 0x0000000086600000, 0x0000000086600000|100%|HC|  |TAMS 0x0000000086500000, 0x0000000086500000| Complete 
| 102|0x0000000086600000, 0x0000000086700000, 0x0000000086700000|100%| O|  |TAMS 0x0000000086600000, 0x0000000086600000| Untracked 
| 103|0x0000000086700000, 0x0000000086800000, 0x0000000086800000|100%| O|  |TAMS 0x0000000086700000, 0x0000000086700000| Untracked 
| 104|0x0000000086800000, 0x0000000086900000, 0x0000000086900000|100%| O|  |TAMS 0x0000000086800000, 0x0000000086800000| Untracked 
| 105|0x0000000086900000, 0x0000000086a00000, 0x0000000086a00000|100%| O|  |TAMS 0x0000000086900000, 0x0000000086900000| Untracked 
| 106|0x0000000086a00000, 0x0000000086b00000, 0x0000000086b00000|100%| O|  |TAMS 0x0000000086a00000, 0x0000000086a00000| Untracked 
| 107|0x0000000086b00000, 0x0000000086c00000, 0x0000000086c00000|100%| O|  |TAMS 0x0000000086b00000, 0x0000000086b00000| Untracked 
| 108|0x0000000086c00000, 0x0000000086d00000, 0x0000000086d00000|100%| O|  |TAMS 0x0000000086c00000, 0x0000000086c00000| Untracked 
| 109|0x0000000086d00000, 0x0000000086e00000, 0x0000000086e00000|100%| O|  |TAMS 0x0000000086d00000, 0x0000000086d00000| Untracked 
| 110|0x0000000086e00000, 0x0000000086f00000, 0x0000000086f00000|100%| O|  |TAMS 0x0000000086e00000, 0x0000000086e00000| Untracked 
| 111|0x0000000086f00000, 0x0000000087000000, 0x0000000087000000|100%| O|  |TAMS 0x0000000086f00000, 0x0000000086f00000| Untracked 
| 112|0x0000000087000000, 0x0000000087100000, 0x0000000087100000|100%| O|  |TAMS 0x0000000087000000, 0x0000000087000000| Untracked 
| 113|0x0000000087100000, 0x0000000087200000, 0x0000000087200000|100%| O|  |TAMS 0x0000000087100000, 0x0000000087100000| Untracked 
| 114|0x0000000087200000, 0x0000000087300000, 0x0000000087300000|100%| O|  |TAMS 0x0000000087200000, 0x0000000087200000| Untracked 
| 115|0x0000000087300000, 0x0000000087400000, 0x0000000087400000|100%| O|  |TAMS 0x0000000087300000, 0x0000000087300000| Untracked 
| 116|0x0000000087400000, 0x0000000087500000, 0x0000000087500000|100%| O|  |TAMS 0x0000000087400000, 0x0000000087400000| Untracked 
| 117|0x0000000087500000, 0x0000000087600000, 0x0000000087600000|100%| O|  |TAMS 0x0000000087500000, 0x0000000087500000| Untracked 
| 118|0x0000000087600000, 0x0000000087700000, 0x0000000087700000|100%| O|  |TAMS 0x0000000087600000, 0x0000000087600000| Untracked 
| 119|0x0000000087700000, 0x0000000087800000, 0x0000000087800000|100%| O|  |TAMS 0x0000000087700000, 0x0000000087700000| Untracked 
| 120|0x0000000087800000, 0x0000000087800000, 0x0000000087900000|  0%| F|  |TAMS 0x0000000087800000, 0x0000000087800000| Untracked 
| 121|0x0000000087900000, 0x0000000087900000, 0x0000000087a00000|  0%| F|  |TAMS 0x0000000087900000, 0x0000000087900000| Untracked 
| 122|0x0000000087a00000, 0x0000000087a00000, 0x0000000087b00000|  0%| F|  |TAMS 0x0000000087a00000, 0x0000000087a00000| Untracked 
| 123|0x0000000087b00000, 0x0000000087b00000, 0x0000000087c00000|  0%| F|  |TAMS 0x0000000087b00000, 0x0000000087b00000| Untracked 
| 124|0x0000000087c00000, 0x0000000087c00000, 0x0000000087d00000|  0%| F|  |TAMS 0x0000000087c00000, 0x0000000087c00000| Untracked 
| 125|0x0000000087d00000, 0x0000000087d00000, 0x0000000087e00000|  0%| F|  |TAMS 0x0000000087d00000, 0x0000000087d00000| Untracked 
| 126|0x0000000087e00000, 0x0000000087e00000, 0x0000000087f00000|  0%| F|  |TAMS 0x0000000087e00000, 0x0000000087e00000| Untracked 
| 127|0x0000000087f00000, 0x0000000087f00000, 0x0000000088000000|  0%| F|  |TAMS 0x0000000087f00000, 0x0000000087f00000| Untracked 
| 128|0x0000000088000000, 0x0000000088000000, 0x0000000088100000|  0%| F|  |TAMS 0x0000000088000000, 0x0000000088000000| Untracked 
| 129|0x0000000088100000, 0x0000000088100000, 0x0000000088200000|  0%| F|  |TAMS 0x0000000088100000, 0x0000000088100000| Untracked 
| 130|0x0000000088200000, 0x0000000088200000, 0x0000000088300000|  0%| F|  |TAMS 0x0000000088200000, 0x0000000088200000| Untracked 
| 131|0x0000000088300000, 0x0000000088300000, 0x0000000088400000|  0%| F|  |TAMS 0x0000000088300000, 0x0000000088300000| Untracked 
| 132|0x0000000088400000, 0x0000000088400000, 0x0000000088500000|  0%| F|  |TAMS 0x0000000088400000, 0x0000000088400000| Untracked 
| 133|0x0000000088500000, 0x0000000088500000, 0x0000000088600000|  0%| F|  |TAMS 0x0000000088500000, 0x0000000088500000| Untracked 
| 134|0x0000000088600000, 0x0000000088600000, 0x0000000088700000|  0%| F|  |TAMS 0x0000000088600000, 0x0000000088600000| Untracked 
| 135|0x0000000088700000, 0x0000000088700000, 0x0000000088800000|  0%| F|  |TAMS 0x0000000088700000, 0x0000000088700000| Untracked 
| 136|0x0000000088800000, 0x0000000088800000, 0x0000000088900000|  0%| F|  |TAMS 0x0000000088800000, 0x0000000088800000| Untracked 
| 137|0x0000000088900000, 0x0000000088900000, 0x0000000088a00000|  0%| F|  |TAMS 0x0000000088900000, 0x0000000088900000| Untracked 
| 138|0x0000000088a00000, 0x0000000088a00000, 0x0000000088b00000|  0%| F|  |TAMS 0x0000000088a00000, 0x0000000088a00000| Untracked 
| 139|0x0000000088b00000, 0x0000000088b00000, 0x0000000088c00000|  0%| F|  |TAMS 0x0000000088b00000, 0x0000000088b00000| Untracked 
| 140|0x0000000088c00000, 0x0000000088c00000, 0x0000000088d00000|  0%| F|  |TAMS 0x0000000088c00000, 0x0000000088c00000| Untracked 
| 141|0x0000000088d00000, 0x0000000088d00000, 0x0000000088e00000|  0%| F|  |TAMS 0x0000000088d00000, 0x0000000088d00000| Untracked 
| 142|0x0000000088e00000, 0x0000000088e00000, 0x0000000088f00000|  0%| F|  |TAMS 0x0000000088e00000, 0x0000000088e00000| Untracked 
| 143|0x0000000088f00000, 0x0000000088f00000, 0x0000000089000000|  0%| F|  |TAMS 0x0000000088f00000, 0x0000000088f00000| Untracked 
| 144|0x0000000089000000, 0x0000000089000000, 0x0000000089100000|  0%| F|  |TAMS 0x0000000089000000, 0x0000000089000000| Untracked 
| 145|0x0000000089100000, 0x0000000089100000, 0x0000000089200000|  0%| F|  |TAMS 0x0000000089100000, 0x0000000089100000| Untracked 
| 146|0x0000000089200000, 0x0000000089200000, 0x0000000089300000|  0%| F|  |TAMS 0x0000000089200000, 0x0000000089200000| Untracked 
| 147|0x0000000089300000, 0x0000000089300000, 0x0000000089400000|  0%| F|  |TAMS 0x0000000089300000, 0x0000000089300000| Untracked 
| 148|0x0000000089400000, 0x0000000089400000, 0x0000000089500000|  0%| F|  |TAMS 0x0000000089400000, 0x0000000089400000| Untracked 
| 149|0x0000000089500000, 0x0000000089500000, 0x0000000089600000|  0%| F|  |TAMS 0x0000000089500000, 0x0000000089500000| Untracked 
| 150|0x0000000089600000, 0x0000000089600000, 0x0000000089700000|  0%| F|  |TAMS 0x0000000089600000, 0x0000000089600000| Untracked 
| 151|0x0000000089700000, 0x0000000089700000, 0x0000000089800000|  0%| F|  |TAMS 0x0000000089700000, 0x0000000089700000| Untracked 
| 152|0x0000000089800000, 0x0000000089800000, 0x0000000089900000|  0%| F|  |TAMS 0x0000000089800000, 0x0000000089800000| Untracked 
| 153|0x0000000089900000, 0x0000000089900000, 0x0000000089a00000|  0%| F|  |TAMS 0x0000000089900000, 0x0000000089900000| Untracked 
| 154|0x0000000089a00000, 0x0000000089a00000, 0x0000000089b00000|  0%| F|  |TAMS 0x0000000089a00000, 0x0000000089a00000| Untracked 
| 155|0x0000000089b00000, 0x0000000089b00000, 0x0000000089c00000|  0%| F|  |TAMS 0x0000000089b00000, 0x0000000089b00000| Untracked 
| 156|0x0000000089c00000, 0x0000000089c00000, 0x0000000089d00000|  0%| F|  |TAMS 0x0000000089c00000, 0x0000000089c00000| Untracked 
| 157|0x0000000089d00000, 0x0000000089d00000, 0x0000000089e00000|  0%| F|  |TAMS 0x0000000089d00000, 0x0000000089d00000| Untracked 
| 158|0x0000000089e00000, 0x0000000089e00000, 0x0000000089f00000|  0%| F|  |TAMS 0x0000000089e00000, 0x0000000089e00000| Untracked 
| 159|0x0000000089f00000, 0x0000000089f00000, 0x000000008a000000|  0%| F|  |TAMS 0x0000000089f00000, 0x0000000089f00000| Untracked 
| 160|0x000000008a000000, 0x000000008a000000, 0x000000008a100000|  0%| F|  |TAMS 0x000000008a000000, 0x000000008a000000| Untracked 
| 161|0x000000008a100000, 0x000000008a100000, 0x000000008a200000|  0%| F|  |TAMS 0x000000008a100000, 0x000000008a100000| Untracked 
| 162|0x000000008a200000, 0x000000008a200000, 0x000000008a300000|  0%| F|  |TAMS 0x000000008a200000, 0x000000008a200000| Untracked 
| 163|0x000000008a300000, 0x000000008a300000, 0x000000008a400000|  0%| F|  |TAMS 0x000000008a300000, 0x000000008a300000| Untracked 
| 164|0x000000008a400000, 0x000000008a400000, 0x000000008a500000|  0%| F|  |TAMS 0x000000008a400000, 0x000000008a400000| Untracked 
| 165|0x000000008a500000, 0x000000008a500000, 0x000000008a600000|  0%| F|  |TAMS 0x000000008a500000, 0x000000008a500000| Untracked 
| 166|0x000000008a600000, 0x000000008a600000, 0x000000008a700000|  0%| F|  |TAMS 0x000000008a600000, 0x000000008a600000| Untracked 
| 167|0x000000008a700000, 0x000000008a700000, 0x000000008a800000|  0%| F|  |TAMS 0x000000008a700000, 0x000000008a700000| Untracked 
| 168|0x000000008a800000, 0x000000008a800000, 0x000000008a900000|  0%| F|  |TAMS 0x000000008a800000, 0x000000008a800000| Untracked 
| 169|0x000000008a900000, 0x000000008a900000, 0x000000008aa00000|  0%| F|  |TAMS 0x000000008a900000, 0x000000008a900000| Untracked 
| 170|0x000000008aa00000, 0x000000008aa00000, 0x000000008ab00000|  0%| F|  |TAMS 0x000000008aa00000, 0x000000008aa00000| Untracked 
| 171|0x000000008ab00000, 0x000000008ab00000, 0x000000008ac00000|  0%| F|  |TAMS 0x000000008ab00000, 0x000000008ab00000| Untracked 
| 172|0x000000008ac00000, 0x000000008ac00000, 0x000000008ad00000|  0%| F|  |TAMS 0x000000008ac00000, 0x000000008ac00000| Untracked 
| 173|0x000000008ad00000, 0x000000008ad00000, 0x000000008ae00000|  0%| F|  |TAMS 0x000000008ad00000, 0x000000008ad00000| Untracked 
| 174|0x000000008ae00000, 0x000000008ae00000, 0x000000008af00000|  0%| F|  |TAMS 0x000000008ae00000, 0x000000008ae00000| Untracked 
| 175|0x000000008af00000, 0x000000008af00000, 0x000000008b000000|  0%| F|  |TAMS 0x000000008af00000, 0x000000008af00000| Untracked 
| 176|0x000000008b000000, 0x000000008b000000, 0x000000008b100000|  0%| F|  |TAMS 0x000000008b000000, 0x000000008b000000| Untracked 
| 177|0x000000008b100000, 0x000000008b100000, 0x000000008b200000|  0%| F|  |TAMS 0x000000008b100000, 0x000000008b100000| Untracked 
| 178|0x000000008b200000, 0x000000008b200000, 0x000000008b300000|  0%| F|  |TAMS 0x000000008b200000, 0x000000008b200000| Untracked 
| 179|0x000000008b300000, 0x000000008b300000, 0x000000008b400000|  0%| F|  |TAMS 0x000000008b300000, 0x000000008b300000| Untracked 
| 180|0x000000008b400000, 0x000000008b400000, 0x000000008b500000|  0%| F|  |TAMS 0x000000008b400000, 0x000000008b400000| Untracked 
| 181|0x000000008b500000, 0x000000008b500000, 0x000000008b600000|  0%| F|  |TAMS 0x000000008b500000, 0x000000008b500000| Untracked 
| 182|0x000000008b600000, 0x000000008b600000, 0x000000008b700000|  0%| F|  |TAMS 0x000000008b600000, 0x000000008b600000| Untracked 
| 183|0x000000008b700000, 0x000000008b700000, 0x000000008b800000|  0%| F|  |TAMS 0x000000008b700000, 0x000000008b700000| Untracked 
| 184|0x000000008b800000, 0x000000008b800000, 0x000000008b900000|  0%| F|  |TAMS 0x000000008b800000, 0x000000008b800000| Untracked 
| 185|0x000000008b900000, 0x000000008b900000, 0x000000008ba00000|  0%| F|  |TAMS 0x000000008b900000, 0x000000008b900000| Untracked 
| 186|0x000000008ba00000, 0x000000008ba00000, 0x000000008bb00000|  0%| F|  |TAMS 0x000000008ba00000, 0x000000008ba00000| Untracked 
| 187|0x000000008bb00000, 0x000000008bb00000, 0x000000008bc00000|  0%| F|  |TAMS 0x000000008bb00000, 0x000000008bb00000| Untracked 
| 188|0x000000008bc00000, 0x000000008bc00000, 0x000000008bd00000|  0%| F|  |TAMS 0x000000008bc00000, 0x000000008bc00000| Untracked 
| 189|0x000000008bd00000, 0x000000008bd00000, 0x000000008be00000|  0%| F|  |TAMS 0x000000008bd00000, 0x000000008bd00000| Untracked 
| 190|0x000000008be00000, 0x000000008be00000, 0x000000008bf00000|  0%| F|  |TAMS 0x000000008be00000, 0x000000008be00000| Untracked 
| 191|0x000000008bf00000, 0x000000008bf00000, 0x000000008c000000|  0%| F|  |TAMS 0x000000008bf00000, 0x000000008bf00000| Untracked 
| 192|0x000000008c000000, 0x000000008c000000, 0x000000008c100000|  0%| F|  |TAMS 0x000000008c000000, 0x000000008c000000| Untracked 
| 193|0x000000008c100000, 0x000000008c100000, 0x000000008c200000|  0%| F|  |TAMS 0x000000008c100000, 0x000000008c100000| Untracked 
| 194|0x000000008c200000, 0x000000008c2f7b80, 0x000000008c300000| 96%| S|CS|TAMS 0x000000008c200000, 0x000000008c200000| Complete 
| 195|0x000000008c300000, 0x000000008c300000, 0x000000008c400000|  0%| F|  |TAMS 0x000000008c300000, 0x000000008c300000| Untracked 
| 196|0x000000008c400000, 0x000000008c400000, 0x000000008c500000|  0%| F|  |TAMS 0x000000008c400000, 0x000000008c400000| Untracked 
| 197|0x000000008c500000, 0x000000008c500000, 0x000000008c600000|  0%| F|  |TAMS 0x000000008c500000, 0x000000008c500000| Untracked 
| 198|0x000000008c600000, 0x000000008c600000, 0x000000008c700000|  0%| F|  |TAMS 0x000000008c600000, 0x000000008c600000| Untracked 

Card table byte_map: [0x000002093e450000,0x000002093e850000] _byte_map_base: 0x000002093e050000

Marking Bits (Prev, Next): (CMBitMap*) 0x000002092b8ad380, (CMBitMap*) 0x000002092b8ad340
 Prev Bits: [0x0000020940c50000, 0x0000020942c50000)
 Next Bits: [0x000002093ec50000, 0x0000020940c50000)

Polling page: 0x0000020929810000

Metaspace:

Usage:
  Non-class:     78.05 MB used.
      Class:     12.38 MB used.
       Both:     90.42 MB used.

Virtual space:
  Non-class space:       80.00 MB reserved,      78.38 MB ( 98%) committed,  10 nodes.
      Class space:        1.00 GB reserved,      12.69 MB (  1%) committed,  1 nodes.
             Both:        1.08 GB reserved,      91.06 MB (  8%) committed. 

Chunk freelists:
   Non-Class:  704.00 KB
       Class:  3.17 MB
        Both:  3.86 MB

MaxMetaspaceSize: unlimited
CompressedClassSpaceSize: 1.00 GB
Initial GC threshold: 21.00 MB
Current GC threshold: 151.25 MB
CDS: off
MetaspaceReclaimPolicy: balanced
 - commit_granule_bytes: 65536.
 - commit_granule_words: 8192.
 - virtual_space_node_default_size: 1048576.
 - enlarge_chunks_in_place: 1.
 - new_chunks_are_fully_committed: 0.
 - uncommit_free_chunks: 1.
 - use_allocation_guard: 0.
 - handle_deallocations: 1.


Internal statistics:

num_allocs_failed_limit: 6.
num_arena_births: 990.
num_arena_deaths: 0.
num_vsnodes_births: 11.
num_vsnodes_deaths: 0.
num_space_committed: 1456.
num_space_uncommitted: 0.
num_chunks_returned_to_freelist: 6.
num_chunks_taken_from_freelist: 4401.
num_chunk_merges: 6.
num_chunk_splits: 2885.
num_chunks_enlarged: 1926.
num_purges: 0.
num_inconsistent_stats: 0.

CodeHeap 'non-profiled nmethods': size=120000Kb used=6247Kb max_used=6247Kb free=113753Kb
 bounds [0x00000209367e0000, 0x0000020936e00000, 0x000002093dd10000]
CodeHeap 'profiled nmethods': size=120000Kb used=20473Kb max_used=20473Kb free=99526Kb
 bounds [0x000002092ed10000, 0x0000020930110000, 0x0000020936240000]
CodeHeap 'non-nmethods': size=5760Kb used=2467Kb max_used=2492Kb free=3292Kb
 bounds [0x0000020936240000, 0x00000209364d0000, 0x00000209367e0000]
 total_blobs=11153 nmethods=10237 adapters=826
 compilation: enabled
              stopped_count=0, restarted_count=0
 full_count=0

Compilation events (20 events):
Event: 14.364 Thread 0x000002094603a340 11189   !   2       com.android.ide.common.resources.MergedResourceWriter::addItem (199 bytes)
Event: 14.366 Thread 0x000002094603a340 nmethod 11189 0x00000209300f9910 code [0x00000209300f9c20, 0x00000209300fa7e8]
Event: 14.366 Thread 0x000002094603a340 11190       2       com.android.ide.common.resources.DataItem::isWritten (16 bytes)
Event: 14.366 Thread 0x000002094603a340 nmethod 11190 0x00000209300fb190 code [0x00000209300fb320, 0x00000209300fb438]
Event: 14.366 Thread 0x000002094603a340 11191       2       com.android.ide.common.resources.ResourceMerger::filterAccept (9 bytes)
Event: 14.366 Thread 0x000002094603a340 nmethod 11191 0x00000209300fb510 code [0x00000209300fb6a0, 0x00000209300fb7e8]
Event: 14.366 Thread 0x000002094603a340 11192       2       com.android.ide.common.resources.ResourceMerger::filterAccept (36 bytes)
Event: 14.366 Thread 0x000002094603a340 nmethod 11192 0x00000209300fb890 code [0x00000209300fba40, 0x00000209300fbbe8]
Event: 14.368 Thread 0x000002094603a340 11194 % !   3       com.android.ide.common.resources.DataMerger::mergeData @ 247 (611 bytes)
Event: 14.372 Thread 0x0000020946039990 nmethod 11056 0x0000020936df3410 code [0x0000020936df37a0, 0x0000020936df6d98]
Event: 14.372 Thread 0x0000020946039990 11157       4       com.google.common.collect.LinkedListMultimap$ValueForKeyIterator::<init> (140 bytes)
Event: 14.373 Thread 0x000002094603a340 nmethod 11194% 0x00000209300fbd10 code [0x00000209300fc560, 0x00000209301021c8]
Event: 14.374 Thread 0x000002094603a340 11195   !   3       com.android.ide.common.resources.DataMerger::mergeData (611 bytes)
Event: 14.378 Thread 0x000002094603a340 nmethod 11195 0x0000020930104a90 code [0x00000209301052e0, 0x000002093010a8f8]
Event: 14.386 Thread 0x0000020946039990 nmethod 11157 0x0000020936df8990 code [0x0000020936df8b40, 0x0000020936df96c8]
Event: 14.386 Thread 0x0000020946039990 11196 % !   4       com.android.ide.common.resources.DataMerger::mergeData @ 247 (611 bytes)
Event: 14.415 Thread 0x000002094603a340 11197   !   2       com.android.ide.common.resources.MergedResourceWriter::addItem (199 bytes)
Event: 14.416 Thread 0x000002094603a340 nmethod 11197 0x000002093010d010 code [0x000002093010d2c0, 0x000002093010dc18]
Event: 14.442 Thread 0x000002094603a340 11208       2       org.apache.xerces.dom.ParentNode::item (6 bytes)
Event: 14.442 Thread 0x000002094603a340 nmethod 11208 0x000002093010e410 code [0x000002093010e5a0, 0x000002093010e6c8]

GC Heap History (20 events):
Event: 8.893 GC heap after
{Heap after GC invocations=25 (full 0):
 garbage-first heap   total 171008K, used 62263K [0x0000000080000000, 0x0000000100000000)
  region size 1024K, 5 young (5120K), 5 survivors (5120K)
 Metaspace       used 71715K, committed 72192K, reserved 1114112K
  class space    used 9665K, committed 9856K, reserved 1048576K
}
Event: 9.923 GC heap before
{Heap before GC invocations=25 (full 0):
 garbage-first heap   total 171008K, used 131895K [0x0000000080000000, 0x0000000100000000)
  region size 1024K, 73 young (74752K), 5 survivors (5120K)
 Metaspace       used 77163K, committed 77760K, reserved 1122304K
  class space    used 10560K, committed 10880K, reserved 1048576K
}
Event: 9.930 GC heap after
{Heap after GC invocations=26 (full 0):
 garbage-first heap   total 171008K, used 65594K [0x0000000080000000, 0x0000000100000000)
  region size 1024K, 8 young (8192K), 8 survivors (8192K)
 Metaspace       used 77163K, committed 77760K, reserved 1122304K
  class space    used 10560K, committed 10880K, reserved 1048576K
}
Event: 10.783 GC heap before
{Heap before GC invocations=26 (full 0):
 garbage-first heap   total 171008K, used 134202K [0x0000000080000000, 0x0000000100000000)
  region size 1024K, 75 young (76800K), 8 survivors (8192K)
 Metaspace       used 83123K, committed 83712K, reserved 1122304K
  class space    used 11436K, committed 11712K, reserved 1048576K
}
Event: 10.794 GC heap after
{Heap after GC invocations=27 (full 0):
 garbage-first heap   total 171008K, used 70207K [0x0000000080000000, 0x0000000100000000)
  region size 1024K, 9 young (9216K), 9 survivors (9216K)
 Metaspace       used 83123K, committed 83712K, reserved 1122304K
  class space    used 11436K, committed 11712K, reserved 1048576K
}
Event: 11.628 GC heap before
{Heap before GC invocations=27 (full 0):
 garbage-first heap   total 171008K, used 139839K [0x0000000080000000, 0x0000000100000000)
  region size 1024K, 73 young (74752K), 9 survivors (9216K)
 Metaspace       used 86035K, committed 86592K, reserved 1130496K
  class space    used 11878K, committed 12160K, reserved 1048576K
}
Event: 11.641 GC heap after
{Heap after GC invocations=28 (full 0):
 garbage-first heap   total 171008K, used 78116K [0x0000000080000000, 0x0000000100000000)
  region size 1024K, 10 young (10240K), 10 survivors (10240K)
 Metaspace       used 86035K, committed 86592K, reserved 1130496K
  class space    used 11878K, committed 12160K, reserved 1048576K
}
Event: 12.294 GC heap before
{Heap before GC invocations=28 (full 0):
 garbage-first heap   total 171008K, used 134436K [0x0000000080000000, 0x0000000100000000)
  region size 1024K, 66 young (67584K), 10 survivors (10240K)
 Metaspace       used 88663K, committed 89280K, reserved 1130496K
  class space    used 12267K, committed 12544K, reserved 1048576K
}
Event: 12.305 GC heap after
{Heap after GC invocations=29 (full 0):
 garbage-first heap   total 171008K, used 84432K [0x0000000080000000, 0x0000000100000000)
  region size 1024K, 6 young (6144K), 6 survivors (6144K)
 Metaspace       used 88663K, committed 89280K, reserved 1130496K
  class space    used 12267K, committed 12544K, reserved 1048576K
}
Event: 12.776 GC heap before
{Heap before GC invocations=29 (full 0):
 garbage-first heap   total 171008K, used 136656K [0x0000000080000000, 0x0000000100000000)
  region size 1024K, 58 young (59392K), 6 survivors (6144K)
 Metaspace       used 89444K, committed 90112K, reserved 1130496K
  class space    used 12333K, committed 12672K, reserved 1048576K
}
Event: 12.784 GC heap after
{Heap after GC invocations=30 (full 0):
 garbage-first heap   total 171008K, used 87633K [0x0000000080000000, 0x0000000100000000)
  region size 1024K, 4 young (4096K), 4 survivors (4096K)
 Metaspace       used 89444K, committed 90112K, reserved 1130496K
  class space    used 12333K, committed 12672K, reserved 1048576K
}
Event: 13.686 GC heap before
{Heap before GC invocations=31 (full 0):
 garbage-first heap   total 171008K, used 137809K [0x0000000080000000, 0x0000000100000000)
  region size 1024K, 54 young (55296K), 4 survivors (4096K)
 Metaspace       used 92247K, committed 92928K, reserved 1130496K
  class space    used 12646K, committed 12928K, reserved 1048576K
}
Event: 13.693 GC heap after
{Heap after GC invocations=32 (full 0):
 garbage-first heap   total 171008K, used 93324K [0x0000000080000000, 0x0000000100000000)
  region size 1024K, 7 young (7168K), 7 survivors (7168K)
 Metaspace       used 92247K, committed 92928K, reserved 1130496K
  class space    used 12646K, committed 12928K, reserved 1048576K
}
Event: 13.717 GC heap before
{Heap before GC invocations=32 (full 0):
 garbage-first heap   total 171008K, used 94348K [0x0000000080000000, 0x0000000100000000)
  region size 1024K, 8 young (8192K), 7 survivors (7168K)
 Metaspace       used 92257K, committed 92928K, reserved 1130496K
  class space    used 12646K, committed 12928K, reserved 1048576K
}
Event: 13.727 GC heap after
{Heap after GC invocations=33 (full 0):
 garbage-first heap   total 171008K, used 93917K [0x0000000080000000, 0x0000000100000000)
  region size 1024K, 1 young (1024K), 1 survivors (1024K)
 Metaspace       used 92257K, committed 92928K, reserved 1130496K
  class space    used 12646K, committed 12928K, reserved 1048576K
}
Event: 13.975 GC heap before
{Heap before GC invocations=33 (full 0):
 garbage-first heap   total 171008K, used 113373K [0x0000000080000000, 0x0000000100000000)
  region size 1024K, 22 young (22528K), 1 survivors (1024K)
 Metaspace       used 92310K, committed 92928K, reserved 1130496K
  class space    used 12647K, committed 12928K, reserved 1048576K
}
Event: 13.980 GC heap after
{Heap after GC invocations=34 (full 0):
 garbage-first heap   total 171008K, used 101376K [0x0000000080000000, 0x0000000100000000)
  region size 1024K, 6 young (6144K), 6 survivors (6144K)
 Metaspace       used 92310K, committed 92928K, reserved 1130496K
  class space    used 12647K, committed 12928K, reserved 1048576K
}
Event: 14.327 GC heap before
{Heap before GC invocations=35 (full 0):
 garbage-first heap   total 203776K, used 144384K [0x0000000080000000, 0x0000000100000000)
  region size 1024K, 39 young (39936K), 6 survivors (6144K)
 Metaspace       used 92512K, committed 93184K, reserved 1130496K
  class space    used 12667K, committed 12992K, reserved 1048576K
}
Event: 14.344 GC heap after
{Heap after GC invocations=36 (full 0):
 garbage-first heap   total 203776K, used 120830K [0x0000000080000000, 0x0000000100000000)
  region size 1024K, 5 young (5120K), 5 survivors (5120K)
 Metaspace       used 92512K, committed 93184K, reserved 1130496K
  class space    used 12667K, committed 12992K, reserved 1048576K
}
Event: 14.443 GC heap before
{Heap before GC invocations=36 (full 0):
 garbage-first heap   total 203776K, used 124926K [0x0000000080000000, 0x0000000100000000)
  region size 1024K, 9 young (9216K), 5 survivors (5120K)
 Metaspace       used 92593K, committed 93248K, reserved 1130496K
  class space    used 12673K, committed 12992K, reserved 1048576K
}

Dll operation events (3 events):
Event: 0.007 Loaded shared library C:\Program Files\Android\Android Studio\jbr\bin\java.dll
Event: 0.148 Loaded shared library C:\Program Files\Android\Android Studio\jbr\bin\zip.dll
Event: 0.444 Loaded shared library C:\Program Files\Android\Android Studio\jbr\bin\verify.dll

Deoptimization events (20 events):
Event: 14.441 Thread 0x00000209494d3260 Uncommon trap: trap_request=0xffffffc6 fr.pc=0x0000020936dc56b0 relative=0x0000000000000bb0
Event: 14.441 Thread 0x00000209494d3260 Uncommon trap: reason=bimorphic_or_optimized_type_check action=maybe_recompile pc=0x0000020936dc56b0 method=org.apache.xerces.dom.CoreDocumentImpl.isKidOK(Lorg/w3c/dom/Node;Lorg/w3c/dom/Node;)Z @ 39 c2
Event: 14.441 Thread 0x00000209494d3260 DEOPT PACKING pc=0x0000020936dc56b0 sp=0x00000062502fa670
Event: 14.441 Thread 0x00000209494d3260 DEOPT UNPACKING pc=0x00000209362969a3 sp=0x00000062502fa598 mode 2
Event: 14.441 Thread 0x00000209494d3260 Uncommon trap: trap_request=0xffffffc6 fr.pc=0x0000020936dc56b0 relative=0x0000000000000bb0
Event: 14.441 Thread 0x00000209494d3260 Uncommon trap: reason=bimorphic_or_optimized_type_check action=maybe_recompile pc=0x0000020936dc56b0 method=org.apache.xerces.dom.CoreDocumentImpl.isKidOK(Lorg/w3c/dom/Node;Lorg/w3c/dom/Node;)Z @ 39 c2
Event: 14.441 Thread 0x00000209494d3260 DEOPT PACKING pc=0x0000020936dc56b0 sp=0x00000062502fa670
Event: 14.441 Thread 0x00000209494d3260 DEOPT UNPACKING pc=0x00000209362969a3 sp=0x00000062502fa598 mode 2
Event: 14.441 Thread 0x00000209494d3260 Uncommon trap: trap_request=0xffffffc6 fr.pc=0x0000020936dc56b0 relative=0x0000000000000bb0
Event: 14.441 Thread 0x00000209494d3260 Uncommon trap: reason=bimorphic_or_optimized_type_check action=maybe_recompile pc=0x0000020936dc56b0 method=org.apache.xerces.dom.CoreDocumentImpl.isKidOK(Lorg/w3c/dom/Node;Lorg/w3c/dom/Node;)Z @ 39 c2
Event: 14.441 Thread 0x00000209494d3260 DEOPT PACKING pc=0x0000020936dc56b0 sp=0x00000062502fa670
Event: 14.441 Thread 0x00000209494d3260 DEOPT UNPACKING pc=0x00000209362969a3 sp=0x00000062502fa598 mode 2
Event: 14.441 Thread 0x00000209494d3260 Uncommon trap: trap_request=0xffffff45 fr.pc=0x0000020936df0064 relative=0x00000000000004c4
Event: 14.441 Thread 0x00000209494d3260 Uncommon trap: reason=unstable_if action=reinterpret pc=0x0000020936df0064 method=org.apache.xerces.dom.ParentNode.nodeListItem(I)Lorg/w3c/dom/Node; @ 87 c2
Event: 14.441 Thread 0x00000209494d3260 DEOPT PACKING pc=0x0000020936df0064 sp=0x00000062502fa6f0
Event: 14.441 Thread 0x00000209494d3260 DEOPT UNPACKING pc=0x00000209362969a3 sp=0x00000062502fa638 mode 2
Event: 14.442 Thread 0x00000209494d3260 Uncommon trap: trap_request=0xffffff3d fr.pc=0x0000020936de1274 relative=0x00000000000005d4
Event: 14.442 Thread 0x00000209494d3260 Uncommon trap: reason=unstable_fused_if action=reinterpret pc=0x0000020936de1274 method=org.apache.xerces.dom.ParentNode.nodeListItem(I)Lorg/w3c/dom/Node; @ 142 c2
Event: 14.442 Thread 0x00000209494d3260 DEOPT PACKING pc=0x0000020936de1274 sp=0x00000062502fa690
Event: 14.442 Thread 0x00000209494d3260 DEOPT UNPACKING pc=0x00000209362969a3 sp=0x00000062502fa648 mode 2

Classes unloaded (0 events):
No events

Classes redefined (0 events):
No events

Internal exceptions (20 events):
Event: 11.623 Thread 0x00000209494d3260 Exception <a 'sun/nio/fs/WindowsException'{0x0000000086781348}> (0x0000000086781348) 
thrown [s\src\hotspot\share\prims\jni.cpp, line 517]
Event: 11.623 Thread 0x00000209494d3260 Exception <a 'sun/nio/fs/WindowsException'{0x0000000086782320}> (0x0000000086782320) 
thrown [s\src\hotspot\share\prims\jni.cpp, line 517]
Event: 11.623 Thread 0x00000209494d3260 Exception <a 'sun/nio/fs/WindowsException'{0x00000000867823b0}> (0x00000000867823b0) 
thrown [s\src\hotspot\share\prims\jni.cpp, line 517]
Event: 11.623 Thread 0x00000209494d3260 Exception <a 'sun/nio/fs/WindowsException'{0x00000000867827b0}> (0x00000000867827b0) 
thrown [s\src\hotspot\share\prims\jni.cpp, line 517]
Event: 11.723 Thread 0x00000209494cc880 Exception <a 'sun/nio/fs/WindowsException'{0x0000000089ee4c30}> (0x0000000089ee4c30) 
thrown [s\src\hotspot\share\prims\jni.cpp, line 517]
Event: 11.732 Thread 0x0000020946cbbbd0 Exception <a 'java/lang/NoSuchMethodError'{0x0000000089daefe8}: static Lorg/gradle/internal/build/event/types/DefaultTaskSkippedResult;.<clinit>()V> (0x0000000089daefe8) 
thrown [s\src\hotspot\share\prims\jni.cpp, line 1108]
Event: 11.765 Thread 0x00000209494cd220 Exception <a 'sun/nio/fs/WindowsException'{0x0000000089c47868}> (0x0000000089c47868) 
thrown [s\src\hotspot\share\prims\jni.cpp, line 517]
Event: 11.765 Thread 0x00000209494cd220 Exception <a 'sun/nio/fs/WindowsException'{0x0000000089c48758}> (0x0000000089c48758) 
thrown [s\src\hotspot\share\prims\jni.cpp, line 517]
Event: 11.765 Thread 0x00000209494cd220 Exception <a 'sun/nio/fs/WindowsException'{0x0000000089c487e8}> (0x0000000089c487e8) 
thrown [s\src\hotspot\share\prims\jni.cpp, line 517]
Event: 11.765 Thread 0x00000209494cd220 Exception <a 'sun/nio/fs/WindowsException'{0x0000000089c48c58}> (0x0000000089c48c58) 
thrown [s\src\hotspot\share\prims\jni.cpp, line 517]
Event: 11.779 Thread 0x00000209494cd220 Exception <a 'java/lang/NoSuchMethodError'{0x0000000089b60a60}: static Lcom/android/build/gradle/tasks/SerializableArtifact;.<clinit>()V> (0x0000000089b60a60) 
thrown [s\src\hotspot\share\prims\jni.cpp, line 1108]
Event: 11.797 Thread 0x0000020948debb30 Exception <a 'sun/nio/fs/WindowsException'{0x0000000089a82d50}> (0x0000000089a82d50) 
thrown [s\src\hotspot\share\prims\jni.cpp, line 517]
Event: 12.015 Thread 0x00000209494ce090 Exception <a 'java/lang/NoSuchMethodError'{0x0000000088ec0270}: 'void java.lang.invoke.DirectMethodHandle$Holder.invokeStatic(java.lang.Object, java.lang.Object, java.lang.Object, java.lang.Object, int, java.lang.Object, java.lang.Object)'> (0x0000000088ec0270) 
thrown [s\src\hotspot\share\interpreter\linkResolver.cpp, line 771]
Event: 12.644 Thread 0x00000209494ce090 Exception <a 'java/lang/NoSuchMethodError'{0x000000008845cd60}: static Lcom/android/build/gradle/internal/tasks/AarMetadataArtifact;.<clinit>()V> (0x000000008845cd60) 
thrown [s\src\hotspot\share\prims\jni.cpp, line 1108]
Event: 12.673 Thread 0x0000020948debb30 Exception <a 'java/lang/NoSuchMethodError'{0x00000000882754f8}: 'java.lang.Object java.lang.invoke.DirectMethodHandle$Holder.invokeSpecial(java.lang.Object, java.lang.Object, long, java.lang.Object, java.lang.Object, java.lang.Object, java.lang.Object, java.lang.Object, java.lang.Object, java.lang.Object, java.lang.Object, java.lang.Object)'> (0x00000000882754f8) 
thrown [s\src\hotspot\share\interpreter\linkResolver.cpp, line 771]
Event: 12.673 Thread 0x0000020948debb30 Exception <a 'java/lang/NoSuchMethodError'{0x0000000088279ce8}: 'java.lang.Object java.lang.invoke.DelegatingMethodHandle$Holder.reinvoke_L(java.lang.Object, long, java.lang.Object, java.lang.Object, java.lang.Object, java.lang.Object, java.lang.Object, java.lang.Object, java.lang.Object, java.lang.Object, java.lang.Object)'> (0x0000000088279ce8) 
thrown [s\src\hotspot\share\interpreter\linkResolver.cpp, line 771]
Event: 12.797 Thread 0x00000209494d3260 Exception <a 'sun/nio/fs/WindowsException'{0x000000008a6bc018}> (0x000000008a6bc018) 
thrown [s\src\hotspot\share\prims\jni.cpp, line 517]
Event: 12.797 Thread 0x00000209494d3260 Exception <a 'sun/nio/fs/WindowsException'{0x000000008a6bcec0}> (0x000000008a6bcec0) 
thrown [s\src\hotspot\share\prims\jni.cpp, line 517]
Event: 12.797 Thread 0x00000209494d3260 Exception <a 'sun/nio/fs/WindowsException'{0x000000008a6bcf50}> (0x000000008a6bcf50) 
thrown [s\src\hotspot\share\prims\jni.cpp, line 517]
Event: 12.797 Thread 0x00000209494d3260 Exception <a 'sun/nio/fs/WindowsException'{0x000000008a6bd350}> (0x000000008a6bd350) 
thrown [s\src\hotspot\share\prims\jni.cpp, line 517]

VM Operations (20 events):
Event: 12.784 Executing VM operation: G1CollectForAllocation done
Event: 12.873 Executing VM operation: G1Concurrent
Event: 12.878 Executing VM operation: G1Concurrent done
Event: 12.922 Executing VM operation: G1Concurrent
Event: 12.922 Executing VM operation: G1Concurrent done
Event: 13.686 Executing VM operation: G1CollectForAllocation
Event: 13.693 Executing VM operation: G1CollectForAllocation done
Event: 13.717 Executing VM operation: G1CollectForAllocation
Event: 13.727 Executing VM operation: G1CollectForAllocation done
Event: 13.974 Executing VM operation: G1TryInitiateConcMark
Event: 13.980 Executing VM operation: G1TryInitiateConcMark done
Event: 14.086 Executing VM operation: G1Concurrent
Event: 14.098 Executing VM operation: G1Concurrent done
Event: 14.144 Executing VM operation: G1Concurrent
Event: 14.145 Executing VM operation: G1Concurrent done
Event: 14.327 Executing VM operation: G1CollectForAllocation
Event: 14.344 Executing VM operation: G1CollectForAllocation done
Event: 14.414 Executing VM operation: HandshakeAllThreads
Event: 14.414 Executing VM operation: HandshakeAllThreads done
Event: 14.443 Executing VM operation: G1CollectForAllocation

Events (20 events):
Event: 13.026 loading class org/w3c/dom/traversal/TreeWalker
Event: 13.026 loading class org/w3c/dom/traversal/TreeWalker done
Event: 13.026 loading class org/w3c/dom/traversal/NodeIterator
Event: 13.027 loading class org/w3c/dom/traversal/NodeIterator done
Event: 13.027 loading class org/w3c/dom/ranges/Range
Event: 13.027 loading class org/w3c/dom/ranges/Range done
Event: 13.027 loading class org/w3c/dom/events/MutationEvent
Event: 13.027 loading class org/w3c/dom/events/MutationEvent done
Event: 13.027 loading class org/w3c/dom/events/EventException
Event: 13.027 loading class org/w3c/dom/events/EventException done
Event: 14.258 loading class java/util/stream/Nodes$IntFixedNodeBuilder
Event: 14.258 loading class java/util/stream/Node$Builder$OfInt
Event: 14.259 loading class java/util/stream/Node$Builder$OfInt done
Event: 14.259 loading class java/util/stream/Nodes$IntArrayNode
Event: 14.259 loading class java/util/stream/Nodes$IntArrayNode done
Event: 14.259 loading class java/util/stream/Nodes$IntFixedNodeBuilder done
Event: 14.296 loading class java/util/concurrent/ConcurrentLinkedDeque
Event: 14.297 loading class java/util/concurrent/ConcurrentLinkedDeque done
Event: 14.297 loading class java/util/concurrent/ConcurrentLinkedDeque$Node
Event: 14.297 loading class java/util/concurrent/ConcurrentLinkedDeque$Node done


Dynamic libraries:
0x00007ff6cd8e0000 - 0x00007ff6cd8ea000 	C:\Program Files\Android\Android Studio\jbr\bin\java.exe
0x00007ff8cd950000 - 0x00007ff8cdb67000 	C:\WINDOWS\SYSTEM32\ntdll.dll
0x00007ff8cc990000 - 0x00007ff8cca54000 	C:\WINDOWS\System32\KERNEL32.DLL
0x00007ff8cb1c0000 - 0x00007ff8cb579000 	C:\WINDOWS\System32\KERNELBASE.dll
0x00007ff8cad40000 - 0x00007ff8cae51000 	C:\WINDOWS\System32\ucrtbase.dll
0x00007ff8a5300000 - 0x00007ff8a5317000 	C:\Program Files\Android\Android Studio\jbr\bin\jli.dll
0x00007ff8c6970000 - 0x00007ff8c698b000 	C:\Program Files\Android\Android Studio\jbr\bin\VCRUNTIME140.dll
0x00007ff8cce30000 - 0x00007ff8ccfde000 	C:\WINDOWS\System32\USER32.dll
0x00007ff8b86a0000 - 0x00007ff8b8932000 	C:\WINDOWS\WinSxS\amd64_microsoft.windows.common-controls_6595b64144ccf1df_6.0.22621.4391_none_2715d37f73803e96\COMCTL32.dll
0x00007ff8cb580000 - 0x00007ff8cb5a6000 	C:\WINDOWS\System32\win32u.dll
0x00007ff8ccd00000 - 0x00007ff8ccda7000 	C:\WINDOWS\System32\msvcrt.dll
0x00007ff8cc230000 - 0x00007ff8cc259000 	C:\WINDOWS\System32\GDI32.dll
0x00007ff8cb070000 - 0x00007ff8cb18b000 	C:\WINDOWS\System32\gdi32full.dll
0x00007ff8cae60000 - 0x00007ff8caefa000 	C:\WINDOWS\System32\msvcp_win.dll
0x00007ff8cc160000 - 0x00007ff8cc191000 	C:\WINDOWS\System32\IMM32.DLL
0x00007ff8c6680000 - 0x00007ff8c668c000 	C:\Program Files\Android\Android Studio\jbr\bin\vcruntime140_1.dll
0x00007ff8a62d0000 - 0x00007ff8a635d000 	C:\Program Files\Android\Android Studio\jbr\bin\msvcp140.dll
0x00007ff87a510000 - 0x00007ff87b17e000 	C:\Program Files\Android\Android Studio\jbr\bin\server\jvm.dll
0x00007ff8cc670000 - 0x00007ff8cc722000 	C:\WINDOWS\System32\ADVAPI32.dll
0x00007ff8cbb50000 - 0x00007ff8cbbf7000 	C:\WINDOWS\System32\sechost.dll
0x00007ff8cb190000 - 0x00007ff8cb1b8000 	C:\WINDOWS\System32\bcrypt.dll
0x00007ff8cc430000 - 0x00007ff8cc544000 	C:\WINDOWS\System32\RPCRT4.dll
0x00007ff8aad90000 - 0x00007ff8aad99000 	C:\WINDOWS\SYSTEM32\WSOCK32.dll
0x00007ff8c5cf0000 - 0x00007ff8c5d24000 	C:\WINDOWS\SYSTEM32\WINMM.dll
0x00007ff8c5c70000 - 0x00007ff8c5c7a000 	C:\WINDOWS\SYSTEM32\VERSION.dll
0x00007ff8cc730000 - 0x00007ff8cc7a1000 	C:\WINDOWS\System32\WS2_32.dll
0x00007ff8c9d40000 - 0x00007ff8c9d58000 	C:\WINDOWS\SYSTEM32\kernel.appcore.dll
0x00007ff8aaa20000 - 0x00007ff8aaa2a000 	C:\Program Files\Android\Android Studio\jbr\bin\jimage.dll
0x00007ff8c4290000 - 0x00007ff8c44c2000 	C:\WINDOWS\SYSTEM32\DBGHELP.DLL
0x00007ff8cbd80000 - 0x00007ff8cc10f000 	C:\WINDOWS\System32\combase.dll
0x00007ff8ccc10000 - 0x00007ff8ccce7000 	C:\WINDOWS\System32\OLEAUT32.dll
0x00007ff8a7180000 - 0x00007ff8a71b2000 	C:\WINDOWS\SYSTEM32\dbgcore.DLL
0x00007ff8cac50000 - 0x00007ff8caccb000 	C:\WINDOWS\System32\bcryptPrimitives.dll
0x00007ff8a5d20000 - 0x00007ff8a5d2e000 	C:\Program Files\Android\Android Studio\jbr\bin\instrument.dll
0x00007ff8a68c0000 - 0x00007ff8a68e5000 	C:\Program Files\Android\Android Studio\jbr\bin\java.dll
0x00007ff8a6280000 - 0x00007ff8a6298000 	C:\Program Files\Android\Android Studio\jbr\bin\zip.dll
0x00007ff8cd090000 - 0x00007ff8cd906000 	C:\WINDOWS\System32\SHELL32.dll
0x00007ff8c8b10000 - 0x00007ff8c9413000 	C:\WINDOWS\SYSTEM32\windows.storage.dll
0x00007ff8c89d0000 - 0x00007ff8c8b0f000 	C:\WINDOWS\SYSTEM32\wintypes.dll
0x00007ff8cc550000 - 0x00007ff8cc649000 	C:\WINDOWS\System32\SHCORE.dll
0x00007ff8cc810000 - 0x00007ff8cc86e000 	C:\WINDOWS\System32\shlwapi.dll
0x00007ff8cab80000 - 0x00007ff8cabab000 	C:\WINDOWS\SYSTEM32\profapi.dll
0x00007ff8a5ec0000 - 0x00007ff8a5ed9000 	C:\Program Files\Android\Android Studio\jbr\bin\net.dll
0x00007ff8c4ac0000 - 0x00007ff8c4bf6000 	C:\WINDOWS\SYSTEM32\WINHTTP.dll
0x00007ff8ca1c0000 - 0x00007ff8ca229000 	C:\WINDOWS\system32\mswsock.dll
0x00007ff8a5d30000 - 0x00007ff8a5d46000 	C:\Program Files\Android\Android Studio\jbr\bin\nio.dll
0x00007ff8a7140000 - 0x00007ff8a7150000 	C:\Program Files\Android\Android Studio\jbr\bin\verify.dll
0x00007ff8c5980000 - 0x00007ff8c59a7000 	C:\Users\scher\.gradle\native\68d5fa5c4cc2d200863cafc0d521ce42e7d3e7ee720ec0a83991735586a16f82\windows-amd64\native-platform.dll
0x00007ff8a20d0000 - 0x00007ff8a2214000 	C:\Users\scher\.gradle\native\e376f236ea51e6404a007f0833ffe2c6e607c4080706a723a18a27aeea778392\windows-amd64\native-platform-file-events.dll
0x00007ff8a6e10000 - 0x00007ff8a6e19000 	C:\Program Files\Android\Android Studio\jbr\bin\management.dll
0x00007ff8a6cc0000 - 0x00007ff8a6ccb000 	C:\Program Files\Android\Android Studio\jbr\bin\management_ext.dll
0x00007ff8cccf0000 - 0x00007ff8cccf8000 	C:\WINDOWS\System32\PSAPI.DLL
0x00007ff8ca3f0000 - 0x00007ff8ca40b000 	C:\WINDOWS\SYSTEM32\CRYPTSP.dll
0x00007ff8c9ca0000 - 0x00007ff8c9cd5000 	C:\WINDOWS\system32\rsaenh.dll
0x00007ff8ca280000 - 0x00007ff8ca2a8000 	C:\WINDOWS\SYSTEM32\USERENV.dll
0x00007ff8ca410000 - 0x00007ff8ca41c000 	C:\WINDOWS\SYSTEM32\CRYPTBASE.dll
0x00007ff8c96c0000 - 0x00007ff8c96ed000 	C:\WINDOWS\SYSTEM32\IPHLPAPI.DLL
0x00007ff8cc870000 - 0x00007ff8cc879000 	C:\WINDOWS\System32\NSI.dll
0x00007ff8c5090000 - 0x00007ff8c50a9000 	C:\WINDOWS\SYSTEM32\dhcpcsvc6.DLL
0x00007ff8c35b0000 - 0x00007ff8c35cf000 	C:\WINDOWS\SYSTEM32\dhcpcsvc.DLL
0x00007ff8c9740000 - 0x00007ff8c9842000 	C:\WINDOWS\SYSTEM32\DNSAPI.dll
0x00007ff8a5eb0000 - 0x00007ff8a5eb8000 	C:\WINDOWS\system32\wshunix.dll

dbghelp: loaded successfully - version: 4.0.5 - missing functions: none
symbol engine: initialized successfully - sym options: 0x614 - pdb path: .;C:\Program Files\Android\Android Studio\jbr\bin;C:\WINDOWS\SYSTEM32;C:\WINDOWS\WinSxS\amd64_microsoft.windows.common-controls_6595b64144ccf1df_6.0.22621.4391_none_2715d37f73803e96;C:\Program Files\Android\Android Studio\jbr\bin\server;C:\Users\scher\.gradle\native\68d5fa5c4cc2d200863cafc0d521ce42e7d3e7ee720ec0a83991735586a16f82\windows-amd64;C:\Users\scher\.gradle\native\e376f236ea51e6404a007f0833ffe2c6e607c4080706a723a18a27aeea778392\windows-amd64

VM Arguments:
jvm_args: --add-opens=java.base/java.util=ALL-UNNAMED --add-opens=java.base/java.lang=ALL-UNNAMED --add-opens=java.base/java.lang.invoke=ALL-UNNAMED --add-opens=java.prefs/java.util.prefs=ALL-UNNAMED --add-opens=java.base/java.nio.charset=ALL-UNNAMED --add-opens=java.base/java.net=ALL-UNNAMED --add-opens=java.base/java.util.concurrent.atomic=ALL-UNNAMED -Xmx2048m -Dfile.encoding=UTF-8 -Duser.country=BR -Duser.language=pt -Duser.variant -javaagent:C:\Users\scher\.gradle\wrapper\dists\gradle-8.1-bin\2eyty4r6kz6fpakefpk52nbbm\gradle-8.1\lib\agents\gradle-instrumentation-agent-8.1.jar 
java_command: org.gradle.launcher.daemon.bootstrap.GradleDaemon 8.1
java_class_path (initial): C:\Users\scher\.gradle\wrapper\dists\gradle-8.1-bin\2eyty4r6kz6fpakefpk52nbbm\gradle-8.1\lib\gradle-launcher-8.1.jar
Launcher Type: SUN_STANDARD

[Global flags]
     intx CICompilerCount                          = 4                                         {product} {ergonomic}
     uint ConcGCThreads                            = 2                                         {product} {ergonomic}
     uint G1ConcRefinementThreads                  = 8                                         {product} {ergonomic}
   size_t G1HeapRegionSize                         = 1048576                                   {product} {ergonomic}
    uintx GCDrainStackTargetSize                   = 64                                        {product} {ergonomic}
   size_t InitialHeapSize                          = 134217728                                 {product} {ergonomic}
   size_t MarkStackSize                            = 4194304                                   {product} {ergonomic}
   size_t MaxHeapSize                              = 2147483648                                {product} {command line}
   size_t MaxNewSize                               = 1287651328                                {product} {ergonomic}
   size_t MinHeapDeltaBytes                        = 1048576                                   {product} {ergonomic}
   size_t MinHeapSize                              = 8388608                                   {product} {ergonomic}
    uintx NonNMethodCodeHeapSize                   = 5839372                                {pd product} {ergonomic}
    uintx NonProfiledCodeHeapSize                  = 122909434                              {pd product} {ergonomic}
    uintx ProfiledCodeHeapSize                     = 122909434                              {pd product} {ergonomic}
    uintx ReservedCodeCacheSize                    = 251658240                              {pd product} {ergonomic}
     bool SegmentedCodeCache                       = true                                      {product} {ergonomic}
   size_t SoftMaxHeapSize                          = 2147483648                             {manageable} {ergonomic}
     bool UseCompressedClassPointers               = true                           {product lp64_product} {ergonomic}
     bool UseCompressedOops                        = true                           {product lp64_product} {ergonomic}
     bool UseG1GC                                  = true                                      {product} {ergonomic}
     bool UseLargePagesIndividualAllocation        = false                                  {pd product} {ergonomic}

Logging:
Log output configuration:
 #0: stdout all=warning uptime,level,tags
 #1: stderr all=off uptime,level,tags

Environment Variables:
PATH=C:\Program Files\Common Files\Oracle\Java\javapath;C:\Program Files (x86)\Embarcadero\Studio\22.0\bin;C:\Users\Public\Documents\Embarcadero\Studio\22.0\Bpl;C:\Program Files (x86)\Embarcadero\Studio\22.0\bin64;C:\Users\Public\Documents\Embarcadero\Studio\22.0\Bpl\Win64;C:\Program Files (x86)\Embarcadero\Studio\21.0\bin;C:\Users\Public\Documents\Embarcadero\Studio\21.0\Bpl;C:\Program Files (x86)\Embarcadero\Studio\21.0\bin64;C:\Users\Public\Documents\Embarcadero\Studio\21.0\Bpl\Win64;C:\Windows\system32;C:\Windows;C:\Windows\System32\Wbem;C:\Windows\System32\WindowsPowerShell\v1.0\;C:\Windows\System32\OpenSSH\;C:\Program Files (x86)\NVIDIA Corporation\PhysX\Common;C:\Program Files\NVIDIA Corporation\NVIDIA NvDLISR;C:\WINDOWS\system32;C:\WINDOWS;C:\WINDOWS\System32\Wbem;C:\WINDOWS\System32\WindowsPowerShell\v1.0\;C:\WINDOWS\System32\OpenSSH\;C:\Program Files\dotnet\;C:\Program Files (x86)\Windows Kits\10\Windows Performance Toolkit\;C:\Program Files\Git\cmd;C:\Users\scher\AppData\Local\Microsoft\WindowsApps;;C:\Users\scher\AppData\Local\Programs\Microsoft VS Code\bin
USERNAME=scher
OS=Windows_NT
PROCESSOR_IDENTIFIER=Intel64 Family 6 Model 142 Stepping 12, GenuineIntel
TMP=C:\Users\scher\AppData\Local\Temp
TEMP=C:\Users\scher\AppData\Local\Temp


JNI global refs:
JNI global refs: 28, weak refs: 43

JNI global refs memory usage: 843, weak refs: 841


---------------  S Y S T E M  ---------------

OS:
 Windows 11 , 64 bit Build 22621 (10.0.22621.4391)
OS uptime: 0 days 4:41 hours
Hyper-V role detected

CPU: total 8 (initial active 8) (4 cores per cpu, 2 threads per core) family 6 model 142 stepping 12 microcode 0xea, cx8, cmov, fxsr, ht, mmx, 3dnowpref, sse, sse2, sse3, ssse3, sse4.1, sse4.2, popcnt, lzcnt, tsc, tscinvbit, avx, avx2, aes, erms, clmul, bmi1, bmi2, adx, fma, vzeroupper, clflush, clflushopt, hv

Memory: 4k page, system-wide physical 8072M (435M free)
TotalPageFile size 10120M (AvailPageFile size 86M)
current process WorkingSet (physical memory assigned to process): 457M, peak: 459M
current process commit charge ("private bytes"): 495M, peak: 694M

vm_info: OpenJDK 64-Bit Server VM (17.0.6+0-b2043.56-10027231) for windows-amd64 JRE (17.0.6+0-b2043.56-10027231), built on Apr 28 2023 00:43:19 by "androidbuild" with MS VC++ 16.10 / 16.11 (VS2019)

END.
