#
# There is insufficient memory for the Java Runtime Environment to continue.
# Native memory allocation (mmap) failed to map 254803968 bytes for G1 virtual space
# Possible reasons:
#   The system is out of physical RAM or swap space
#   The process is running with CompressedOops enabled, and the Java Heap may be blocking the growth of the native heap
# Possible solutions:
#   Reduce memory load on the system
#   Increase physical memory or swap space
#   Check if swap backing store is full
#   Decrease Java heap size (-Xmx/-Xms)
#   Decrease number of Java threads
#   Decrease Java thread stack sizes (-Xss)
#   Set larger code cache with -XX:ReservedCodeCacheSize=
#   JVM is running with Unscaled Compressed Oops mode in which the Java heap is
#     placed in the first 4GB address space. The Java Heap base address is the
#     maximum limit for the native heap growth. Please use -XX:HeapBaseMinAddress
#     to set the Java Heap base and to place the Java Heap above 4GB virtual address.
# This output file may be truncated or incomplete.
#
#  Out of Memory Error (os_windows.cpp:3769), pid=15112, tid=14520
#
# JRE version: OpenJDK Runtime Environment (17.0.6) (build 17.0.6+0-b2043.56-10027231)
# Java VM: OpenJDK 64-Bit Server VM (17.0.6+0-b2043.56-10027231, mixed mode, tiered, compressed oops, compressed class ptrs, g1 gc, windows-amd64)
# No core dump will be written. Minidumps are not enabled by default on client versions of Windows
#

---------------  S U M M A R Y ------------

Command Line: --add-opens=java.base/java.util=ALL-UNNAMED --add-opens=java.base/java.lang=ALL-UNNAMED --add-opens=java.base/java.lang.invoke=ALL-UNNAMED --add-opens=java.prefs/java.util.prefs=ALL-UNNAMED --add-opens=java.base/java.nio.charset=ALL-UNNAMED --add-opens=java.base/java.net=ALL-UNNAMED --add-opens=java.base/java.util.concurrent.atomic=ALL-UNNAMED -Xmx2048m -Dfile.encoding=UTF-8 -Duser.country=BR -Duser.language=pt -Duser.variant -javaagent:C:\Users\scher\.gradle\wrapper\dists\gradle-8.1-bin\2eyty4r6kz6fpakefpk52nbbm\gradle-8.1\lib\agents\gradle-instrumentation-agent-8.1.jar org.gradle.launcher.daemon.bootstrap.GradleDaemon 8.1

Host: Intel(R) Core(TM) i7-8565U CPU @ 1.80GHz, 8 cores, 7G,  Windows 11 , 64 bit Build 22621 (10.0.22621.4391)
Time: Sat Dec  7 01:02:56 2024 Hora oficial do Brasil elapsed time: 19.470216 seconds (0d 0h 0m 19s)

---------------  T H R E A D  ---------------

Current thread (0x000001d2f3895050):  VMThread "VM Thread" [stack: 0x000000c49d200000,0x000000c49d300000] [id=14520]

Stack: [0x000000c49d200000,0x000000c49d300000]
Native frames: (J=compiled Java code, j=interpreted, Vv=VM code, C=native code)
V  [jvm.dll+0x683c9a]
V  [jvm.dll+0x8427a4]
V  [jvm.dll+0x843f9e]
V  [jvm.dll+0x844603]
V  [jvm.dll+0x249b75]
V  [jvm.dll+0x680b69]
V  [jvm.dll+0x67505a]
V  [jvm.dll+0x309acb]
V  [jvm.dll+0x310f86]
V  [jvm.dll+0x3608ee]
V  [jvm.dll+0x360b1f]
V  [jvm.dll+0x2dfbf8]
V  [jvm.dll+0x2ddec4]
V  [jvm.dll+0x2dd4cc]
V  [jvm.dll+0x321f3b]
V  [jvm.dll+0x848ccb]
V  [jvm.dll+0x849a04]
V  [jvm.dll+0x849f1d]
V  [jvm.dll+0x84a2f4]
V  [jvm.dll+0x84a3c0]
V  [jvm.dll+0x7f274a]
V  [jvm.dll+0x682ad5]
C  [ucrtbase.dll+0x29333]
C  [KERNEL32.DLL+0x1259d]
C  [ntdll.dll+0x5af38]

VM_Operation (0x000000c4a31fcdc0): G1CollectForAllocation, mode: safepoint, requested by thread 0x000001d2f9c35120


---------------  P R O C E S S  ---------------

Threads class SMR info:
_java_thread_list=0x000001d2fac616d0, length=87, elements={
0x000001d2d9a462f0, 0x000001d2f4413020, 0x000001d2f4413e90, 0x000001d2f38ad400,
0x000001d2f38adec0, 0x000001d2f4437030, 0x000001d2f44379e0, 0x000001d2f44386c0,
0x000001d2f4439570, 0x000001d2f443bf70, 0x000001d2f453ac30, 0x000001d2f46d8e60,
0x000001d2f5bef000, 0x000001d2f59e55d0, 0x000001d2f5f4fe80, 0x000001d2f74952c0,
0x000001d2f5da8f80, 0x000001d2f73d5990, 0x000001d2f73d5e60, 0x000001d2f73d6330,
0x000001d2f73d54c0, 0x000001d2f73d37e0, 0x000001d2f73d4180, 0x000001d2f75fa530,
0x000001d2f75fbd40, 0x000001d2f75fc210, 0x000001d2f76000a0, 0x000001d2f75fcbb0,
0x000001d2f75fd550, 0x000001d2f7600a40, 0x000001d2f75faed0, 0x000001d2f7600f10,
0x000001d2fafe3740, 0x000001d2fafe1a60, 0x000001d2fafe1590, 0x000001d2fafdcd60,
0x000001d2fafe2400, 0x000001d2fafe0720, 0x000001d2fafdf3e0, 0x000001d2fafe2da0,
0x000001d2fafe3c10, 0x000001d2fafde570, 0x000001d2fafe10c0, 0x000001d2fafe0bf0,
0x000001d2fafe1f30, 0x000001d2fafdf8b0, 0x000001d2fafe40e0, 0x000001d2fafddbd0,
0x000001d2fafdd700, 0x000001d2fafde0a0, 0x000001d2fafdfd80, 0x000001d2fafe0250,
0x000001d2fafe28d0, 0x000001d2f75fdef0, 0x000001d2f75fe3c0, 0x000001d2f7600570,
0x000001d2f75fe890, 0x000001d2f75ff230, 0x000001d2f76018b0, 0x000001d2f75fa060,
0x000001d2f73d2e40, 0x000001d2f73d4650, 0x000001d2f73d4ff0, 0x000001d2f73d4b20,
0x000001d2f73d3310, 0x000001d2f85bec60, 0x000001d2f85bd450, 0x000001d2f85bf130,
0x000001d2f85c0470, 0x000001d2f85bb2a0, 0x000001d2f85b90f0, 0x000001d2f85be2c0,
0x000001d2f85bf600, 0x000001d2f9c355f0, 0x000001d2f9c35ac0, 0x000001d2f9c35f90,
0x000001d2f748b9d0, 0x000001d2f748bea0, 0x000001d2f748cd10, 0x000001d2f748d1e0,
0x000001d2f7551770, 0x000001d2f9c36460, 0x000001d2f9c35120, 0x000001d2f8402820,
0x000001d2f8404500, 0x000001d2fb1e2d70, 0x000001d2fe3a8ea0
}

Java Threads: ( => current thread )
  0x000001d2d9a462f0 JavaThread "main" [_thread_blocked, id=8344, stack(0x000000c49cc00000,0x000000c49cd00000)]
  0x000001d2f4413020 JavaThread "Reference Handler" daemon [_thread_blocked, id=7432, stack(0x000000c49d300000,0x000000c49d400000)]
  0x000001d2f4413e90 JavaThread "Finalizer" daemon [_thread_blocked, id=1460, stack(0x000000c49d400000,0x000000c49d500000)]
  0x000001d2f38ad400 JavaThread "Signal Dispatcher" daemon [_thread_blocked, id=15316, stack(0x000000c49d500000,0x000000c49d600000)]
  0x000001d2f38adec0 JavaThread "Attach Listener" daemon [_thread_blocked, id=5388, stack(0x000000c49d600000,0x000000c49d700000)]
  0x000001d2f4437030 JavaThread "Service Thread" daemon [_thread_blocked, id=5532, stack(0x000000c49d700000,0x000000c49d800000)]
  0x000001d2f44379e0 JavaThread "Monitor Deflation Thread" daemon [_thread_blocked, id=12840, stack(0x000000c49d800000,0x000000c49d900000)]
  0x000001d2f44386c0 JavaThread "C2 CompilerThread0" daemon [_thread_in_native, id=13200, stack(0x000000c49d900000,0x000000c49da00000)]
  0x000001d2f4439570 JavaThread "C1 CompilerThread0" daemon [_thread_blocked, id=7012, stack(0x000000c49da00000,0x000000c49db00000)]
  0x000001d2f443bf70 JavaThread "Sweeper thread" daemon [_thread_blocked, id=11060, stack(0x000000c49db00000,0x000000c49dc00000)]
  0x000001d2f453ac30 JavaThread "Common-Cleaner" daemon [_thread_blocked, id=12272, stack(0x000000c49dc00000,0x000000c49dd00000)]
  0x000001d2f46d8e60 JavaThread "Notification Thread" daemon [_thread_blocked, id=14484, stack(0x000000c49dd00000,0x000000c49de00000)]
  0x000001d2f5bef000 JavaThread "Daemon health stats" [_thread_blocked, id=7552, stack(0x000000c49e500000,0x000000c49e600000)]
  0x000001d2f59e55d0 JavaThread "Incoming local TCP Connector on port 51012" [_thread_in_native, id=3992, stack(0x000000c49e600000,0x000000c49e700000)]
  0x000001d2f5f4fe80 JavaThread "Daemon periodic checks" [_thread_blocked, id=11156, stack(0x000000c49e700000,0x000000c49e800000)]
  0x000001d2f74952c0 JavaThread "Daemon" [_thread_blocked, id=13380, stack(0x000000c49e800000,0x000000c49e900000)]
  0x000001d2f5da8f80 JavaThread "Daemon worker" [_thread_blocked, id=6516, stack(0x000000c49eb00000,0x000000c49ec00000)]
  0x000001d2f73d5990 JavaThread "Cache worker for journal cache (C:\Users\scher\.gradle\caches\journal-1)" [_thread_blocked, id=2560, stack(0x000000c49f300000,0x000000c49f400000)]
  0x000001d2f73d5e60 JavaThread "File lock request listener" [_thread_in_native, id=6700, stack(0x000000c49f400000,0x000000c49f500000)]
  0x000001d2f73d6330 JavaThread "Cache worker for file hash cache (C:\Users\scher\.gradle\caches\8.1\fileHashes)" [_thread_blocked, id=1728, stack(0x000000c49f500000,0x000000c49f600000)]
  0x000001d2f73d54c0 JavaThread "File watcher server" daemon [_thread_blocked, id=12348, stack(0x000000c49f600000,0x000000c49f700000)]
  0x000001d2f73d37e0 JavaThread "File watcher consumer" daemon [_thread_blocked, id=3344, stack(0x000000c49f700000,0x000000c49f800000)]
  0x000001d2f73d4180 JavaThread "Cache worker for file content cache (C:\Users\scher\.gradle\caches\8.1\fileContent)" [_thread_blocked, id=5816, stack(0x000000c49fa00000,0x000000c49fb00000)]
  0x000001d2f75fa530 JavaThread "Cache worker for execution history cache (C:\Users\scher\.gradle\caches\8.1\executionHistory)" [_thread_blocked, id=9168, stack(0x000000c49fd00000,0x000000c49fe00000)]
  0x000001d2f75fbd40 JavaThread "jar transforms" [_thread_blocked, id=14540, stack(0x000000c49ff00000,0x000000c4a0000000)]
  0x000001d2f75fc210 JavaThread "jar transforms Thread 2" [_thread_blocked, id=15332, stack(0x000000c4a0000000,0x000000c4a0100000)]
  0x000001d2f76000a0 JavaThread "jar transforms Thread 3" [_thread_blocked, id=5468, stack(0x000000c4a0100000,0x000000c4a0200000)]
  0x000001d2f75fcbb0 JavaThread "jar transforms Thread 4" [_thread_blocked, id=14456, stack(0x000000c4a0200000,0x000000c4a0300000)]
  0x000001d2f75fd550 JavaThread "jar transforms Thread 5" [_thread_blocked, id=14256, stack(0x000000c4a0400000,0x000000c4a0500000)]
  0x000001d2f7600a40 JavaThread "jar transforms Thread 6" [_thread_blocked, id=4408, stack(0x000000c4a0d00000,0x000000c4a0e00000)]
  0x000001d2f75faed0 JavaThread "jar transforms Thread 7" [_thread_blocked, id=8884, stack(0x000000c4a0e00000,0x000000c4a0f00000)]
  0x000001d2f7600f10 JavaThread "jar transforms Thread 8" [_thread_blocked, id=10264, stack(0x000000c4a0f00000,0x000000c4a1000000)]
  0x000001d2fafe3740 JavaThread "Memory manager" [_thread_blocked, id=12624, stack(0x000000c4a1100000,0x000000c4a1200000)]
  0x000001d2fafe1a60 JavaThread "included builds" [_thread_blocked, id=10000, stack(0x000000c4a1200000,0x000000c4a1300000)]
  0x000001d2fafe1590 JavaThread "Handler for socket connection from /127.0.0.1:51012 to /127.0.0.1:51014" [_thread_in_native, id=15084, stack(0x000000c49df00000,0x000000c49e000000)]
  0x000001d2fafdcd60 JavaThread "Cancel handler" [_thread_blocked, id=12500, stack(0x000000c49e000000,0x000000c49e100000)]
  0x000001d2fafe2400 JavaThread "Asynchronous log dispatcher for DefaultDaemonConnection: socket connection from /127.0.0.1:51012 to /127.0.0.1:51014" [_thread_blocked, id=6352, stack(0x000000c49e900000,0x000000c49ea00000)]
  0x000001d2fafe0720 JavaThread "Stdin handler" [_thread_blocked, id=3996, stack(0x000000c49ea00000,0x000000c49eb00000)]
  0x000001d2fafdf3e0 JavaThread "Daemon client event forwarder" [_thread_blocked, id=4952, stack(0x000000c49ec00000,0x000000c49ed00000)]
  0x000001d2fafe2da0 JavaThread "Cache worker for checksums cache (C:\Users\scher\Documents\PROJETOS ANDROID\NOVO\RECICLAAI\.gradle\8.1\checksums)" [_thread_blocked, id=13528, stack(0x000000c49ed00000,0x000000c49ee00000)]
  0x000001d2fafe3c10 JavaThread "Cache worker for cache directory md-rule (C:\Users\scher\.gradle\caches\8.1\md-rule)" [_thread_blocked, id=7096, stack(0x000000c49ee00000,0x000000c49ef00000)]
  0x000001d2fafde570 JavaThread "Cache worker for file hash cache (C:\Users\scher\Documents\PROJETOS ANDROID\NOVO\RECICLAAI\.gradle\8.1\fileHashes)" [_thread_blocked, id=15108, stack(0x000000c49f800000,0x000000c49f900000)]
  0x000001d2fafe10c0 JavaThread "Cache worker for cache directory md-supplier (C:\Users\scher\.gradle\caches\8.1\md-supplier)" [_thread_blocked, id=2984, stack(0x000000c49f900000,0x000000c49fa00000)]
  0x000001d2fafe0bf0 JavaThread "Cache worker for dependencies-accessors (C:\Users\scher\Documents\PROJETOS ANDROID\NOVO\RECICLAAI\.gradle\8.1\dependencies-accessors)" [_thread_blocked, id=12768, stack(0x000000c49fb00000,0x000000c49fc00000)]
  0x000001d2fafe1f30 JavaThread "Cache worker for Build Output Cleanup Cache (C:\Users\scher\Documents\PROJETOS ANDROID\NOVO\RECICLAAI\.gradle\buildOutputCleanup)" [_thread_blocked, id=4404, stack(0x000000c4a0300000,0x000000c4a0400000)]
  0x000001d2fafdf8b0 JavaThread "Unconstrained build operations" [_thread_blocked, id=292, stack(0x000000c4a0500000,0x000000c4a0600000)]
  0x000001d2fafe40e0 JavaThread "Unconstrained build operations Thread 2" [_thread_blocked, id=9352, stack(0x000000c4a0600000,0x000000c4a0700000)]
  0x000001d2fafddbd0 JavaThread "Unconstrained build operations Thread 3" [_thread_blocked, id=7160, stack(0x000000c4a0700000,0x000000c4a0800000)]
  0x000001d2fafdd700 JavaThread "Unconstrained build operations Thread 4" [_thread_blocked, id=14636, stack(0x000000c4a0800000,0x000000c4a0900000)]
  0x000001d2fafde0a0 JavaThread "Unconstrained build operations Thread 5" [_thread_blocked, id=5796, stack(0x000000c4a0900000,0x000000c4a0a00000)]
  0x000001d2fafdfd80 JavaThread "Unconstrained build operations Thread 6" [_thread_blocked, id=3204, stack(0x000000c4a0a00000,0x000000c4a0b00000)]
  0x000001d2fafe0250 JavaThread "Unconstrained build operations Thread 7" [_thread_blocked, id=2356, stack(0x000000c4a0b00000,0x000000c4a0c00000)]
  0x000001d2fafe28d0 JavaThread "build event listener" [_thread_blocked, id=7716, stack(0x000000c4a0c00000,0x000000c4a0d00000)]
  0x000001d2f75fdef0 JavaThread "included builds" [_thread_blocked, id=11100, stack(0x000000c4a1000000,0x000000c4a1100000)]
  0x000001d2f75fe3c0 JavaThread "Execution worker" [_thread_blocked, id=13604, stack(0x000000c4a1300000,0x000000c4a1400000)]
  0x000001d2f7600570 JavaThread "Execution worker Thread 2" [_thread_blocked, id=3580, stack(0x000000c4a1400000,0x000000c4a1500000)]
  0x000001d2f75fe890 JavaThread "Execution worker Thread 3" [_thread_blocked, id=14524, stack(0x000000c4a1500000,0x000000c4a1600000)]
  0x000001d2f75ff230 JavaThread "Execution worker Thread 4" [_thread_blocked, id=9596, stack(0x000000c4a1600000,0x000000c4a1700000)]
  0x000001d2f76018b0 JavaThread "Execution worker Thread 5" [_thread_blocked, id=14296, stack(0x000000c4a1700000,0x000000c4a1800000)]
  0x000001d2f75fa060 JavaThread "Execution worker Thread 6" [_thread_blocked, id=9608, stack(0x000000c4a1800000,0x000000c4a1900000)]
  0x000001d2f73d2e40 JavaThread "Execution worker Thread 7" [_thread_blocked, id=1280, stack(0x000000c4a1900000,0x000000c4a1a00000)]
  0x000001d2f73d4650 JavaThread "Cache worker for execution history cache (C:\Users\scher\Documents\PROJETOS ANDROID\NOVO\RECICLAAI\.gradle\8.1\executionHistory)" [_thread_blocked, id=14624, stack(0x000000c4a1a00000,0x000000c4a1b00000)]
  0x000001d2f73d4ff0 JavaThread "Unconstrained build operations Thread 8" [_thread_blocked, id=3396, stack(0x000000c4a1b00000,0x000000c4a1c00000)]
  0x000001d2f73d4b20 JavaThread "Unconstrained build operations Thread 9" [_thread_blocked, id=11908, stack(0x000000c4a1c00000,0x000000c4a1d00000)]
  0x000001d2f73d3310 JavaThread "WorkerExecutor Queue" [_thread_blocked, id=14784, stack(0x000000c4a1d00000,0x000000c4a1e00000)]
  0x000001d2f85bec60 JavaThread "Unconstrained build operations Thread 10" [_thread_blocked, id=9388, stack(0x000000c4a1e00000,0x000000c4a1f00000)]
  0x000001d2f85bd450 JavaThread "Unconstrained build operations Thread 11" [_thread_blocked, id=14900, stack(0x000000c4a1f00000,0x000000c4a2000000)]
  0x000001d2f85bf130 JavaThread "Unconstrained build operations Thread 12" [_thread_blocked, id=10944, stack(0x000000c4a2000000,0x000000c4a2100000)]
  0x000001d2f85c0470 JavaThread "Unconstrained build operations Thread 13" [_thread_blocked, id=10296, stack(0x000000c4a2100000,0x000000c4a2200000)]
  0x000001d2f85bb2a0 JavaThread "Unconstrained build operations Thread 14" [_thread_blocked, id=12984, stack(0x000000c4a2200000,0x000000c4a2300000)]
  0x000001d2f85b90f0 JavaThread "Unconstrained build operations Thread 15" [_thread_blocked, id=1384, stack(0x000000c4a2300000,0x000000c4a2400000)]
  0x000001d2f85be2c0 JavaThread "Unconstrained build operations Thread 16" [_thread_blocked, id=12832, stack(0x000000c4a2400000,0x000000c4a2500000)]
  0x000001d2f85bf600 JavaThread "WorkerExecutor Queue Thread 2" [_thread_blocked, id=2580, stack(0x000000c4a2500000,0x000000c4a2600000)]
  0x000001d2f9c355f0 JavaThread "Unconstrained build operations Thread 17" [_thread_blocked, id=11968, stack(0x000000c4a2600000,0x000000c4a2700000)]
  0x000001d2f9c35ac0 JavaThread "Unconstrained build operations Thread 18" [_thread_blocked, id=6836, stack(0x000000c4a2700000,0x000000c4a2800000)]
  0x000001d2f9c35f90 JavaThread "Unconstrained build operations Thread 19" [_thread_blocked, id=6724, stack(0x000000c4a2800000,0x000000c4a2900000)]
  0x000001d2f748b9d0 JavaThread "Unconstrained build operations Thread 20" [_thread_blocked, id=7732, stack(0x000000c4a2900000,0x000000c4a2a00000)]
  0x000001d2f748bea0 JavaThread "Unconstrained build operations Thread 21" [_thread_blocked, id=3136, stack(0x000000c4a2a00000,0x000000c4a2b00000)]
  0x000001d2f748cd10 JavaThread "Unconstrained build operations Thread 22" [_thread_blocked, id=5872, stack(0x000000c4a2b00000,0x000000c4a2c00000)]
  0x000001d2f748d1e0 JavaThread "Unconstrained build operations Thread 23" [_thread_blocked, id=2720, stack(0x000000c4a2c00000,0x000000c4a2d00000)]
  0x000001d2f7551770 JavaThread "C2 CompilerThread1" daemon [_thread_blocked, id=7032, stack(0x000000c49fc00000,0x000000c49fd00000)]
  0x000001d2f9c36460 JavaThread "WorkerExecutor Queue Thread 3" [_thread_blocked, id=12680, stack(0x000000c4a3000000,0x000000c4a3100000)]
  0x000001d2f9c35120 JavaThread "WorkerExecutor Queue Thread 4" [_thread_blocked, id=10068, stack(0x000000c4a3100000,0x000000c4a3200000)]
  0x000001d2f8402820 JavaThread "WorkerExecutor Queue Thread 5" [_thread_blocked, id=12260, stack(0x000000c4a3200000,0x000000c4a3300000)]
  0x000001d2f8404500 JavaThread "WorkerExecutor Queue Thread 6" [_thread_blocked, id=7828, stack(0x000000c4a3300000,0x000000c4a3400000)]
  0x000001d2fb1e2d70 JavaThread "WorkerExecutor Queue Thread 7" [_thread_blocked, id=8488, stack(0x000000c4a3400000,0x000000c4a3500000)]
  0x000001d2fe3a8ea0 JavaThread "WorkerExecutor Queue Thread 8" [_thread_blocked, id=6064, stack(0x000000c4a3500000,0x000000c4a3600000)]

Other Threads:
=>0x000001d2f3895050 VMThread "VM Thread" [stack: 0x000000c49d200000,0x000000c49d300000] [id=14520]
  0x000001d2d9abee80 WatcherThread [stack: 0x000000c49de00000,0x000000c49df00000] [id=5060]
  0x000001d2d77be800 GCTaskThread "GC Thread#0" [stack: 0x000000c49cd00000,0x000000c49ce00000] [id=1212]
  0x000001d2f56c4d90 GCTaskThread "GC Thread#1" [stack: 0x000000c49e100000,0x000000c49e200000] [id=12560]
  0x000001d2f5264410 GCTaskThread "GC Thread#2" [stack: 0x000000c49e200000,0x000000c49e300000] [id=2688]
  0x000001d2f5197840 GCTaskThread "GC Thread#3" [stack: 0x000000c49e300000,0x000000c49e400000] [id=7648]
  0x000001d2f5a74b40 GCTaskThread "GC Thread#4" [stack: 0x000000c49e400000,0x000000c49e500000] [id=5668]
  0x000001d2f6e1ac40 GCTaskThread "GC Thread#5" [stack: 0x000000c49ef00000,0x000000c49f000000] [id=13780]
  0x000001d2f5ec0840 GCTaskThread "GC Thread#6" [stack: 0x000000c49f000000,0x000000c49f100000] [id=14324]
  0x000001d2f73d6e00 GCTaskThread "GC Thread#7" [stack: 0x000000c49f100000,0x000000c49f200000] [id=15076]
  0x000001d2d9aaed60 ConcurrentGCThread "G1 Main Marker" [stack: 0x000000c49ce00000,0x000000c49cf00000] [id=8128]
  0x000001d2d9aaf680 ConcurrentGCThread "G1 Conc#0" [stack: 0x000000c49cf00000,0x000000c49d000000] [id=3452]
  0x000001d2f56638b0 ConcurrentGCThread "G1 Conc#1" [stack: 0x000000c49f200000,0x000000c49f300000] [id=644]
  0x000001d2f36f40e0 ConcurrentGCThread "G1 Refine#0" [stack: 0x000000c49d000000,0x000000c49d100000] [id=6788]
  0x000001d2f9b36830 ConcurrentGCThread "G1 Refine#1" [stack: 0x000000c49fe00000,0x000000c49ff00000] [id=11992]
  0x000001d2f9878e70 ConcurrentGCThread "G1 Refine#2" [stack: 0x000000c4a2d00000,0x000000c4a2e00000] [id=10808]
  0x000001d2fae092b0 ConcurrentGCThread "G1 Refine#3" [stack: 0x000000c4a2e00000,0x000000c4a2f00000] [id=13796]
  0x000001d2f8023160 ConcurrentGCThread "G1 Refine#4" [stack: 0x000000c4a2f00000,0x000000c4a3000000] [id=7656]
  0x000001d2f36f4b00 ConcurrentGCThread "G1 Service" [stack: 0x000000c49d100000,0x000000c49d200000] [id=12540]

Threads with active compile tasks:
C2 CompilerThread0    19484 12695       4       java.lang.reflect.Constructor::newInstanceWithCaller (75 bytes)
C1 CompilerThread0    19484 13313       2       com.android.aapt.ConfigurationOuterClass$Configuration::writeTo (542 bytes)
C2 CompilerThread1    19484 13316       4       com.sun.org.apache.xerces.internal.impl.XMLEntityScanner::scanLiteral (398 bytes)

VM state: at safepoint (normal execution)

VM Mutex/Monitor currently owned by a thread:  ([mutex/lock_event])
[0x000001d2d9a41eb0] Threads_lock - owner thread: 0x000001d2f3895050
[0x000001d2d9a40b00] Heap_lock - owner thread: 0x000001d2f9c35120

Heap address: 0x0000000080000000, size: 2048 MB, Compressed Oops mode: 32-bit

CDS archive(s) not mapped
Compressed class space mapped at: 0x0000000100000000-0x0000000140000000, reserved size: 1073741824
Narrow klass base: 0x0000000000000000, Narrow klass shift: 3, Narrow klass range: 0x140000000

GC Precious Log:
 CPUs: 8 total, 8 available
 Memory: 8072M
 Large Page Support: Disabled
 NUMA Support: Disabled
 Compressed Oops: Enabled (32-bit)
 Heap Region Size: 1M
 Heap Min Capacity: 8M
 Heap Initial Capacity: 128M
 Heap Max Capacity: 2G
 Pre-touch: Disabled
 Parallel Workers: 8
 Concurrent Workers: 2
 Concurrent Refinement Workers: 8
 Periodic GC: Disabled

Heap:
 garbage-first heap   total 247808K, used 139930K [0x0000000080000000, 0x0000000100000000)
  region size 1024K, 7 young (7168K), 7 survivors (7168K)
 Metaspace       used 97719K, committed 98432K, reserved 1138688K
  class space    used 13133K, committed 13440K, reserved 1048576K

Heap Regions: E=young(eden), S=young(survivor), O=old, HS=humongous(starts), HC=humongous(continues), CS=collection set, F=free, OA=open archive, CA=closed archive, TAMS=top-at-mark-start (previous, next)
|   0|0x0000000080000000, 0x0000000080100000, 0x0000000080100000|100%|HS|  |TAMS 0x0000000080100000, 0x0000000080000000| Complete 
|   1|0x0000000080100000, 0x0000000080200000, 0x0000000080200000|100%|HC|  |TAMS 0x0000000080200000, 0x0000000080100000| Complete 
|   2|0x0000000080200000, 0x0000000080300000, 0x0000000080300000|100%|HC|  |TAMS 0x0000000080300000, 0x0000000080200000| Complete 
|   3|0x0000000080300000, 0x0000000080400000, 0x0000000080400000|100%|HC|  |TAMS 0x0000000080400000, 0x0000000080300000| Complete 
|   4|0x0000000080400000, 0x0000000080500000, 0x0000000080500000|100%| O|  |TAMS 0x0000000080500000, 0x0000000080400000| Untracked 
|   5|0x0000000080500000, 0x0000000080600000, 0x0000000080600000|100%| O|  |TAMS 0x0000000080600000, 0x0000000080500000| Untracked 
|   6|0x0000000080600000, 0x0000000080700000, 0x0000000080700000|100%| O|  |TAMS 0x0000000080700000, 0x0000000080600000| Untracked 
|   7|0x0000000080700000, 0x0000000080800000, 0x0000000080800000|100%| O|  |TAMS 0x0000000080800000, 0x0000000080700000| Untracked 
|   8|0x0000000080800000, 0x0000000080900000, 0x0000000080900000|100%| O|  |TAMS 0x0000000080900000, 0x0000000080800000| Untracked 
|   9|0x0000000080900000, 0x0000000080a00000, 0x0000000080a00000|100%| O|  |TAMS 0x0000000080a00000, 0x0000000080900000| Untracked 
|  10|0x0000000080a00000, 0x0000000080b00000, 0x0000000080b00000|100%| O|  |TAMS 0x0000000080b00000, 0x0000000080a00000| Untracked 
|  11|0x0000000080b00000, 0x0000000080c00000, 0x0000000080c00000|100%| O|  |TAMS 0x0000000080c00000, 0x0000000080b00000| Untracked 
|  12|0x0000000080c00000, 0x0000000080d00000, 0x0000000080d00000|100%| O|  |TAMS 0x0000000080d00000, 0x0000000080c00000| Untracked 
|  13|0x0000000080d00000, 0x0000000080e00000, 0x0000000080e00000|100%| O|  |TAMS 0x0000000080e00000, 0x0000000080d00000| Untracked 
|  14|0x0000000080e00000, 0x0000000080f00000, 0x0000000080f00000|100%| O|  |TAMS 0x0000000080f00000, 0x0000000080e00000| Untracked 
|  15|0x0000000080f00000, 0x0000000081000000, 0x0000000081000000|100%| O|  |TAMS 0x0000000081000000, 0x0000000080f00000| Untracked 
|  16|0x0000000081000000, 0x0000000081100000, 0x0000000081100000|100%| O|  |TAMS 0x0000000081100000, 0x0000000081000000| Untracked 
|  17|0x0000000081100000, 0x0000000081200000, 0x0000000081200000|100%| O|  |TAMS 0x0000000081200000, 0x0000000081100000| Untracked 
|  18|0x0000000081200000, 0x0000000081300000, 0x0000000081300000|100%| O|  |TAMS 0x0000000081300000, 0x0000000081200000| Untracked 
|  19|0x0000000081300000, 0x0000000081400000, 0x0000000081400000|100%| O|  |TAMS 0x0000000081400000, 0x0000000081300000| Untracked 
|  20|0x0000000081400000, 0x0000000081500000, 0x0000000081500000|100%| O|  |TAMS 0x0000000081500000, 0x0000000081400000| Untracked 
|  21|0x0000000081500000, 0x0000000081600000, 0x0000000081600000|100%| O|  |TAMS 0x0000000081600000, 0x0000000081500000| Untracked 
|  22|0x0000000081600000, 0x0000000081700000, 0x0000000081700000|100%| O|  |TAMS 0x0000000081700000, 0x0000000081600000| Untracked 
|  23|0x0000000081700000, 0x0000000081800000, 0x0000000081800000|100%| O|  |TAMS 0x0000000081800000, 0x0000000081700000| Untracked 
|  24|0x0000000081800000, 0x0000000081900000, 0x0000000081900000|100%| O|  |TAMS 0x0000000081900000, 0x0000000081800000| Untracked 
|  25|0x0000000081900000, 0x0000000081a00000, 0x0000000081a00000|100%| O|  |TAMS 0x0000000081a00000, 0x0000000081900000| Untracked 
|  26|0x0000000081a00000, 0x0000000081b00000, 0x0000000081b00000|100%| O|  |TAMS 0x0000000081b00000, 0x0000000081a00000| Untracked 
|  27|0x0000000081b00000, 0x0000000081c00000, 0x0000000081c00000|100%|HS|  |TAMS 0x0000000081c00000, 0x0000000081b00000| Complete 
|  28|0x0000000081c00000, 0x0000000081d00000, 0x0000000081d00000|100%|HS|  |TAMS 0x0000000081d00000, 0x0000000081c00000| Complete 
|  29|0x0000000081d00000, 0x0000000081e00000, 0x0000000081e00000|100%| O|  |TAMS 0x0000000081e00000, 0x0000000081d00000| Untracked 
|  30|0x0000000081e00000, 0x0000000081f00000, 0x0000000081f00000|100%| O|  |TAMS 0x0000000081f00000, 0x0000000081e00000| Untracked 
|  31|0x0000000081f00000, 0x0000000082000000, 0x0000000082000000|100%| O|  |TAMS 0x0000000082000000, 0x0000000081f00000| Untracked 
|  32|0x0000000082000000, 0x0000000082100000, 0x0000000082100000|100%| O|  |TAMS 0x0000000082100000, 0x0000000082000000| Untracked 
|  33|0x0000000082100000, 0x0000000082200000, 0x0000000082200000|100%| O|  |TAMS 0x0000000082200000, 0x0000000082100000| Untracked 
|  34|0x0000000082200000, 0x0000000082300000, 0x0000000082300000|100%| O|  |TAMS 0x0000000082300000, 0x0000000082200000| Untracked 
|  35|0x0000000082300000, 0x0000000082400000, 0x0000000082400000|100%| O|  |TAMS 0x0000000082400000, 0x0000000082300000| Untracked 
|  36|0x0000000082400000, 0x0000000082500000, 0x0000000082500000|100%| O|  |TAMS 0x0000000082500000, 0x0000000082400000| Untracked 
|  37|0x0000000082500000, 0x0000000082600000, 0x0000000082600000|100%|HS|  |TAMS 0x0000000082600000, 0x0000000082500000| Complete 
|  38|0x0000000082600000, 0x0000000082700000, 0x0000000082700000|100%|HS|  |TAMS 0x0000000082700000, 0x0000000082600000| Complete 
|  39|0x0000000082700000, 0x0000000082800000, 0x0000000082800000|100%| O|  |TAMS 0x0000000082800000, 0x0000000082700000| Untracked 
|  40|0x0000000082800000, 0x0000000082900000, 0x0000000082900000|100%| O|  |TAMS 0x0000000082900000, 0x0000000082800000| Untracked 
|  41|0x0000000082900000, 0x0000000082900000, 0x0000000082a00000|  0%| F|  |TAMS 0x0000000082900000, 0x0000000082900000| Untracked 
|  42|0x0000000082a00000, 0x0000000082b00000, 0x0000000082b00000|100%| O|  |TAMS 0x0000000082b00000, 0x0000000082a00000| Untracked 
|  43|0x0000000082b00000, 0x0000000082c00000, 0x0000000082c00000|100%| O|  |TAMS 0x0000000082c00000, 0x0000000082b00000| Untracked 
|  44|0x0000000082c00000, 0x0000000082d00000, 0x0000000082d00000|100%| O|  |TAMS 0x0000000082d00000, 0x0000000082c00000| Untracked 
|  45|0x0000000082d00000, 0x0000000082e00000, 0x0000000082e00000|100%| O|  |TAMS 0x0000000082e00000, 0x0000000082d00000| Untracked 
|  46|0x0000000082e00000, 0x0000000082f00000, 0x0000000082f00000|100%| O|  |TAMS 0x0000000082f00000, 0x0000000082e00000| Untracked 
|  47|0x0000000082f00000, 0x0000000083000000, 0x0000000083000000|100%| O|  |TAMS 0x0000000083000000, 0x0000000082f00000| Untracked 
|  48|0x0000000083000000, 0x0000000083100000, 0x0000000083100000|100%| O|  |TAMS 0x0000000083100000, 0x0000000083000000| Untracked 
|  49|0x0000000083100000, 0x0000000083200000, 0x0000000083200000|100%| O|  |TAMS 0x0000000083200000, 0x0000000083100000| Untracked 
|  50|0x0000000083200000, 0x0000000083300000, 0x0000000083300000|100%| O|  |TAMS 0x0000000083300000, 0x0000000083200000| Untracked 
|  51|0x0000000083300000, 0x0000000083400000, 0x0000000083400000|100%| O|  |TAMS 0x0000000083400000, 0x0000000083300000| Untracked 
|  52|0x0000000083400000, 0x0000000083500000, 0x0000000083500000|100%| O|  |TAMS 0x0000000083500000, 0x0000000083400000| Untracked 
|  53|0x0000000083500000, 0x0000000083600000, 0x0000000083600000|100%| O|  |TAMS 0x0000000083600000, 0x0000000083500000| Untracked 
|  54|0x0000000083600000, 0x0000000083700000, 0x0000000083700000|100%| O|  |TAMS 0x0000000083700000, 0x0000000083600000| Untracked 
|  55|0x0000000083700000, 0x0000000083800000, 0x0000000083800000|100%| O|  |TAMS 0x0000000083800000, 0x0000000083700000| Untracked 
|  56|0x0000000083800000, 0x0000000083900000, 0x0000000083900000|100%| O|  |TAMS 0x0000000083900000, 0x0000000083800000| Untracked 
|  57|0x0000000083900000, 0x0000000083a00000, 0x0000000083a00000|100%| O|  |TAMS 0x0000000083a00000, 0x0000000083900000| Untracked 
|  58|0x0000000083a00000, 0x0000000083b00000, 0x0000000083b00000|100%| O|  |TAMS 0x0000000083b00000, 0x0000000083a00000| Untracked 
|  59|0x0000000083b00000, 0x0000000083c00000, 0x0000000083c00000|100%| O|  |TAMS 0x0000000083c00000, 0x0000000083b00000| Untracked 
|  60|0x0000000083c00000, 0x0000000083d00000, 0x0000000083d00000|100%| O|  |TAMS 0x0000000083d00000, 0x0000000083c00000| Untracked 
|  61|0x0000000083d00000, 0x0000000083e00000, 0x0000000083e00000|100%| O|  |TAMS 0x0000000083e00000, 0x0000000083d00000| Untracked 
|  62|0x0000000083e00000, 0x0000000083f00000, 0x0000000083f00000|100%| O|  |TAMS 0x0000000083f00000, 0x0000000083e00000| Untracked 
|  63|0x0000000083f00000, 0x0000000084000000, 0x0000000084000000|100%| O|  |TAMS 0x0000000084000000, 0x0000000083f00000| Untracked 
|  64|0x0000000084000000, 0x0000000084100000, 0x0000000084100000|100%| O|  |TAMS 0x0000000084100000, 0x0000000084000000| Untracked 
|  65|0x0000000084100000, 0x0000000084200000, 0x0000000084200000|100%| O|  |TAMS 0x0000000084200000, 0x0000000084100000| Untracked 
|  66|0x0000000084200000, 0x0000000084300000, 0x0000000084300000|100%| O|  |TAMS 0x0000000084300000, 0x0000000084200000| Untracked 
|  67|0x0000000084300000, 0x0000000084400000, 0x0000000084400000|100%| O|  |TAMS 0x0000000084400000, 0x0000000084300000| Untracked 
|  68|0x0000000084400000, 0x0000000084500000, 0x0000000084500000|100%| O|  |TAMS 0x0000000084500000, 0x0000000084400000| Untracked 
|  69|0x0000000084500000, 0x0000000084600000, 0x0000000084600000|100%| O|  |TAMS 0x0000000084600000, 0x0000000084500000| Untracked 
|  70|0x0000000084600000, 0x0000000084700000, 0x0000000084700000|100%| O|  |TAMS 0x0000000084700000, 0x0000000084600000| Untracked 
|  71|0x0000000084700000, 0x0000000084800000, 0x0000000084800000|100%| O|  |TAMS 0x0000000084800000, 0x0000000084700000| Untracked 
|  72|0x0000000084800000, 0x0000000084900000, 0x0000000084900000|100%| O|  |TAMS 0x0000000084900000, 0x0000000084800000| Untracked 
|  73|0x0000000084900000, 0x0000000084a00000, 0x0000000084a00000|100%| O|  |TAMS 0x0000000084a00000, 0x0000000084900000| Untracked 
|  74|0x0000000084a00000, 0x0000000084b00000, 0x0000000084b00000|100%| O|  |TAMS 0x0000000084b00000, 0x0000000084a00000| Untracked 
|  75|0x0000000084b00000, 0x0000000084c00000, 0x0000000084c00000|100%| O|  |TAMS 0x0000000084c00000, 0x0000000084b00000| Untracked 
|  76|0x0000000084c00000, 0x0000000084d00000, 0x0000000084d00000|100%| O|  |TAMS 0x0000000084d00000, 0x0000000084c00000| Untracked 
|  77|0x0000000084d00000, 0x0000000084e00000, 0x0000000084e00000|100%| O|  |TAMS 0x0000000084e00000, 0x0000000084d00000| Untracked 
|  78|0x0000000084e00000, 0x0000000084f00000, 0x0000000084f00000|100%| O|  |TAMS 0x0000000084f00000, 0x0000000084e00000| Untracked 
|  79|0x0000000084f00000, 0x0000000085000000, 0x0000000085000000|100%| O|  |TAMS 0x0000000085000000, 0x0000000084f00000| Untracked 
|  80|0x0000000085000000, 0x0000000085100000, 0x0000000085100000|100%| O|  |TAMS 0x0000000085100000, 0x0000000085000000| Untracked 
|  81|0x0000000085100000, 0x0000000085200000, 0x0000000085200000|100%| O|  |TAMS 0x0000000085200000, 0x0000000085100000| Untracked 
|  82|0x0000000085200000, 0x0000000085300000, 0x0000000085300000|100%| O|  |TAMS 0x0000000085300000, 0x0000000085200000| Untracked 
|  83|0x0000000085300000, 0x0000000085400000, 0x0000000085400000|100%| O|  |TAMS 0x0000000085400000, 0x0000000085300000| Untracked 
|  84|0x0000000085400000, 0x0000000085400000, 0x0000000085500000|  0%| F|  |TAMS 0x0000000085400000, 0x0000000085400000| Untracked 
|  85|0x0000000085500000, 0x0000000085600000, 0x0000000085600000|100%| O|  |TAMS 0x0000000085600000, 0x0000000085500000| Untracked 
|  86|0x0000000085600000, 0x0000000085600000, 0x0000000085700000|  0%| F|  |TAMS 0x0000000085600000, 0x0000000085600000| Untracked 
|  87|0x0000000085700000, 0x0000000085800000, 0x0000000085800000|100%| O|  |TAMS 0x0000000085700000, 0x0000000085700000| Untracked 
|  88|0x0000000085800000, 0x0000000085900000, 0x0000000085900000|100%| O|  |TAMS 0x0000000085800000, 0x0000000085800000| Untracked 
|  89|0x0000000085900000, 0x0000000085a00000, 0x0000000085a00000|100%| O|  |TAMS 0x0000000085900000, 0x0000000085900000| Untracked 
|  90|0x0000000085a00000, 0x0000000085b00000, 0x0000000085b00000|100%| O|  |TAMS 0x0000000085a00000, 0x0000000085a00000| Untracked 
|  91|0x0000000085b00000, 0x0000000085c00000, 0x0000000085c00000|100%| O|  |TAMS 0x0000000085b00000, 0x0000000085b00000| Untracked 
|  92|0x0000000085c00000, 0x0000000085c00000, 0x0000000085d00000|  0%| F|  |TAMS 0x0000000085c00000, 0x0000000085c00000| Untracked 
|  93|0x0000000085d00000, 0x0000000085e00000, 0x0000000085e00000|100%| O|  |TAMS 0x0000000085d00000, 0x0000000085d00000| Untracked 
|  94|0x0000000085e00000, 0x0000000085f00000, 0x0000000085f00000|100%|HS|  |TAMS 0x0000000085f00000, 0x0000000085e00000| Complete 
|  95|0x0000000085f00000, 0x0000000086000000, 0x0000000086000000|100%|HC|  |TAMS 0x0000000086000000, 0x0000000085f00000| Complete 
|  96|0x0000000086000000, 0x0000000086100000, 0x0000000086100000|100%| O|  |TAMS 0x0000000086100000, 0x0000000086000000| Untracked 
|  97|0x0000000086100000, 0x0000000086200000, 0x0000000086200000|100%| O|  |TAMS 0x0000000086200000, 0x0000000086100000| Untracked 
|  98|0x0000000086200000, 0x0000000086300000, 0x0000000086300000|100%| O|  |TAMS 0x0000000086300000, 0x0000000086200000| Untracked 
|  99|0x0000000086300000, 0x0000000086400000, 0x0000000086400000|100%| O|  |TAMS 0x0000000086400000, 0x0000000086300000| Untracked 
| 100|0x0000000086400000, 0x0000000086500000, 0x0000000086500000|100%| O|  |TAMS 0x0000000086500000, 0x0000000086400000| Untracked 
| 101|0x0000000086500000, 0x0000000086600000, 0x0000000086600000|100%| O|  |TAMS 0x0000000086600000, 0x0000000086500000| Untracked 
| 102|0x0000000086600000, 0x0000000086700000, 0x0000000086700000|100%| O|  |TAMS 0x0000000086700000, 0x0000000086600000| Untracked 
| 103|0x0000000086700000, 0x0000000086800000, 0x0000000086800000|100%| O|  |TAMS 0x0000000086800000, 0x0000000086700000| Untracked 
| 104|0x0000000086800000, 0x0000000086900000, 0x0000000086900000|100%| O|  |TAMS 0x0000000086900000, 0x0000000086800000| Untracked 
| 105|0x0000000086900000, 0x0000000086a00000, 0x0000000086a00000|100%| O|  |TAMS 0x0000000086a00000, 0x0000000086900000| Untracked 
| 106|0x0000000086a00000, 0x0000000086b00000, 0x0000000086b00000|100%| O|  |TAMS 0x0000000086b00000, 0x0000000086a00000| Untracked 
| 107|0x0000000086b00000, 0x0000000086c00000, 0x0000000086c00000|100%| O|  |TAMS 0x0000000086c00000, 0x0000000086b00000| Untracked 
| 108|0x0000000086c00000, 0x0000000086d00000, 0x0000000086d00000|100%| O|  |TAMS 0x0000000086d00000, 0x0000000086c00000| Untracked 
| 109|0x0000000086d00000, 0x0000000086e00000, 0x0000000086e00000|100%| O|  |TAMS 0x0000000086e00000, 0x0000000086d00000| Untracked 
| 110|0x0000000086e00000, 0x0000000086f00000, 0x0000000086f00000|100%| O|  |TAMS 0x0000000086f00000, 0x0000000086e00000| Untracked 
| 111|0x0000000086f00000, 0x0000000087000000, 0x0000000087000000|100%| O|  |TAMS 0x0000000087000000, 0x0000000086f00000| Untracked 
| 112|0x0000000087000000, 0x0000000087100000, 0x0000000087100000|100%| O|  |TAMS 0x0000000087100000, 0x0000000087000000| Untracked 
| 113|0x0000000087100000, 0x0000000087200000, 0x0000000087200000|100%| O|  |TAMS 0x0000000087100000, 0x0000000087100000| Untracked 
| 114|0x0000000087200000, 0x0000000087300000, 0x0000000087300000|100%| O|  |TAMS 0x0000000087300000, 0x0000000087200000| Untracked 
| 115|0x0000000087300000, 0x0000000087300000, 0x0000000087400000|  0%| F|  |TAMS 0x0000000087300000, 0x0000000087300000| Untracked 
| 116|0x0000000087400000, 0x0000000087400000, 0x0000000087500000|  0%| F|  |TAMS 0x0000000087400000, 0x0000000087400000| Untracked 
| 117|0x0000000087500000, 0x0000000087500000, 0x0000000087600000|  0%| F|  |TAMS 0x0000000087500000, 0x0000000087500000| Untracked 
| 118|0x0000000087600000, 0x0000000087600000, 0x0000000087700000|  0%| F|  |TAMS 0x0000000087600000, 0x0000000087600000| Untracked 
| 119|0x0000000087700000, 0x0000000087800000, 0x0000000087800000|100%| O|  |TAMS 0x0000000087700000, 0x0000000087700000| Untracked 
| 120|0x0000000087800000, 0x0000000087900000, 0x0000000087900000|100%| O|  |TAMS 0x0000000087800000, 0x0000000087800000| Untracked 
| 121|0x0000000087900000, 0x0000000087a00000, 0x0000000087a00000|100%| O|  |TAMS 0x0000000087900000, 0x0000000087900000| Untracked 
| 122|0x0000000087a00000, 0x0000000087b00000, 0x0000000087b00000|100%| O|  |TAMS 0x0000000087a00000, 0x0000000087a00000| Untracked 
| 123|0x0000000087b00000, 0x0000000087c00000, 0x0000000087c00000|100%| O|  |TAMS 0x0000000087b00000, 0x0000000087b00000| Untracked 
| 124|0x0000000087c00000, 0x0000000087d00000, 0x0000000087d00000|100%| O|  |TAMS 0x0000000087c00000, 0x0000000087c00000| Untracked 
| 125|0x0000000087d00000, 0x0000000087e00000, 0x0000000087e00000|100%| O|  |TAMS 0x0000000087d00000, 0x0000000087d00000| Untracked 
| 126|0x0000000087e00000, 0x0000000087f00000, 0x0000000087f00000|100%| O|  |TAMS 0x0000000087e00000, 0x0000000087e00000| Untracked 
| 127|0x0000000087f00000, 0x0000000088000000, 0x0000000088000000|100%| O|  |TAMS 0x0000000087f00000, 0x0000000087f00000| Untracked 
| 128|0x0000000088000000, 0x0000000088100000, 0x0000000088100000|100%| O|  |TAMS 0x0000000088000000, 0x0000000088000000| Untracked 
| 129|0x0000000088100000, 0x0000000088100000, 0x0000000088200000|  0%| F|  |TAMS 0x0000000088100000, 0x0000000088100000| Untracked 
| 130|0x0000000088200000, 0x0000000088300000, 0x0000000088300000|100%| O|  |TAMS 0x0000000088200000, 0x0000000088200000| Untracked 
| 131|0x0000000088300000, 0x0000000088400000, 0x0000000088400000|100%| O|  |TAMS 0x0000000088300000, 0x0000000088300000| Untracked 
| 132|0x0000000088400000, 0x0000000088500000, 0x0000000088500000|100%| O|  |TAMS 0x0000000088400000, 0x0000000088400000| Untracked 
| 133|0x0000000088500000, 0x0000000088600000, 0x0000000088600000|100%| O|  |TAMS 0x0000000088500000, 0x0000000088500000| Untracked 
| 134|0x0000000088600000, 0x0000000088700000, 0x0000000088700000|100%| O|  |TAMS 0x0000000088600000, 0x0000000088600000| Untracked 
| 135|0x0000000088700000, 0x0000000088800000, 0x0000000088800000|100%| O|  |TAMS 0x0000000088700000, 0x0000000088700000| Untracked 
| 136|0x0000000088800000, 0x0000000088800000, 0x0000000088900000|  0%| F|  |TAMS 0x0000000088800000, 0x0000000088800000| Untracked 
| 137|0x0000000088900000, 0x0000000088900000, 0x0000000088a00000|  0%| F|  |TAMS 0x0000000088900000, 0x0000000088900000| Untracked 
| 138|0x0000000088a00000, 0x0000000088a00000, 0x0000000088b00000|  0%| F|  |TAMS 0x0000000088a00000, 0x0000000088a00000| Untracked 
| 139|0x0000000088b00000, 0x0000000088b00000, 0x0000000088c00000|  0%| F|  |TAMS 0x0000000088b00000, 0x0000000088b00000| Untracked 
| 140|0x0000000088c00000, 0x0000000088c00000, 0x0000000088d00000|  0%| F|  |TAMS 0x0000000088c00000, 0x0000000088c00000| Untracked 
| 141|0x0000000088d00000, 0x0000000088d00000, 0x0000000088e00000|  0%| F|  |TAMS 0x0000000088d00000, 0x0000000088d00000| Untracked 
| 142|0x0000000088e00000, 0x0000000088e00000, 0x0000000088f00000|  0%| F|  |TAMS 0x0000000088e00000, 0x0000000088e00000| Untracked 
| 143|0x0000000088f00000, 0x0000000088f00000, 0x0000000089000000|  0%| F|  |TAMS 0x0000000088f00000, 0x0000000088f00000| Untracked 
| 144|0x0000000089000000, 0x0000000089000000, 0x0000000089100000|  0%| F|  |TAMS 0x0000000089000000, 0x0000000089000000| Untracked 
| 145|0x0000000089100000, 0x0000000089100000, 0x0000000089200000|  0%| F|  |TAMS 0x0000000089100000, 0x0000000089100000| Untracked 
| 146|0x0000000089200000, 0x0000000089200000, 0x0000000089300000|  0%| F|  |TAMS 0x0000000089200000, 0x0000000089200000| Untracked 
| 147|0x0000000089300000, 0x0000000089300000, 0x0000000089400000|  0%| F|  |TAMS 0x0000000089300000, 0x0000000089300000| Untracked 
| 148|0x0000000089400000, 0x0000000089400000, 0x0000000089500000|  0%| F|  |TAMS 0x0000000089400000, 0x0000000089400000| Untracked 
| 149|0x0000000089500000, 0x0000000089500000, 0x0000000089600000|  0%| F|  |TAMS 0x0000000089500000, 0x0000000089500000| Untracked 
| 150|0x0000000089600000, 0x0000000089600000, 0x0000000089700000|  0%| F|  |TAMS 0x0000000089600000, 0x0000000089600000| Untracked 
| 151|0x0000000089700000, 0x0000000089700000, 0x0000000089800000|  0%| F|  |TAMS 0x0000000089700000, 0x0000000089700000| Untracked 
| 152|0x0000000089800000, 0x0000000089800000, 0x0000000089900000|  0%| F|  |TAMS 0x0000000089800000, 0x0000000089800000| Untracked 
| 153|0x0000000089900000, 0x0000000089900000, 0x0000000089a00000|  0%| F|  |TAMS 0x0000000089900000, 0x0000000089900000| Untracked 
| 154|0x0000000089a00000, 0x0000000089a00000, 0x0000000089b00000|  0%| F|  |TAMS 0x0000000089a00000, 0x0000000089a00000| Untracked 
| 155|0x0000000089b00000, 0x0000000089b00000, 0x0000000089c00000|  0%| F|  |TAMS 0x0000000089b00000, 0x0000000089b00000| Untracked 
| 156|0x0000000089c00000, 0x0000000089c00000, 0x0000000089d00000|  0%| F|  |TAMS 0x0000000089c00000, 0x0000000089c00000| Untracked 
| 157|0x0000000089d00000, 0x0000000089d00000, 0x0000000089e00000|  0%| F|  |TAMS 0x0000000089d00000, 0x0000000089d00000| Untracked 
| 158|0x0000000089e00000, 0x0000000089e00000, 0x0000000089f00000|  0%| F|  |TAMS 0x0000000089e00000, 0x0000000089e00000| Untracked 
| 159|0x0000000089f00000, 0x0000000089f00000, 0x000000008a000000|  0%| F|  |TAMS 0x0000000089f00000, 0x0000000089f00000| Untracked 
| 160|0x000000008a000000, 0x000000008a000000, 0x000000008a100000|  0%| F|  |TAMS 0x000000008a000000, 0x000000008a000000| Untracked 
| 161|0x000000008a100000, 0x000000008a100000, 0x000000008a200000|  0%| F|  |TAMS 0x000000008a100000, 0x000000008a100000| Untracked 
| 162|0x000000008a200000, 0x000000008a200000, 0x000000008a300000|  0%| F|  |TAMS 0x000000008a200000, 0x000000008a200000| Untracked 
| 163|0x000000008a300000, 0x000000008a300000, 0x000000008a400000|  0%| F|  |TAMS 0x000000008a300000, 0x000000008a300000| Untracked 
| 164|0x000000008a400000, 0x000000008a400000, 0x000000008a500000|  0%| F|  |TAMS 0x000000008a400000, 0x000000008a400000| Untracked 
| 165|0x000000008a500000, 0x000000008a500000, 0x000000008a600000|  0%| F|  |TAMS 0x000000008a500000, 0x000000008a500000| Untracked 
| 166|0x000000008a600000, 0x000000008a600000, 0x000000008a700000|  0%| F|  |TAMS 0x000000008a600000, 0x000000008a600000| Untracked 
| 167|0x000000008a700000, 0x000000008a700000, 0x000000008a800000|  0%| F|  |TAMS 0x000000008a700000, 0x000000008a700000| Untracked 
| 168|0x000000008a800000, 0x000000008a800000, 0x000000008a900000|  0%| F|  |TAMS 0x000000008a800000, 0x000000008a800000| Untracked 
| 169|0x000000008a900000, 0x000000008a900000, 0x000000008aa00000|  0%| F|  |TAMS 0x000000008a900000, 0x000000008a900000| Untracked 
| 170|0x000000008aa00000, 0x000000008aa00000, 0x000000008ab00000|  0%| F|  |TAMS 0x000000008aa00000, 0x000000008aa00000| Untracked 
| 171|0x000000008ab00000, 0x000000008ab00000, 0x000000008ac00000|  0%| F|  |TAMS 0x000000008ab00000, 0x000000008ab00000| Untracked 
| 172|0x000000008ac00000, 0x000000008ac00000, 0x000000008ad00000|  0%| F|  |TAMS 0x000000008ac00000, 0x000000008ac00000| Untracked 
| 173|0x000000008ad00000, 0x000000008ad00000, 0x000000008ae00000|  0%| F|  |TAMS 0x000000008ad00000, 0x000000008ad00000| Untracked 
| 174|0x000000008ae00000, 0x000000008ae00000, 0x000000008af00000|  0%| F|  |TAMS 0x000000008ae00000, 0x000000008ae00000| Untracked 
| 175|0x000000008af00000, 0x000000008afa6b70, 0x000000008b000000| 65%| S|CS|TAMS 0x000000008af00000, 0x000000008af00000| Complete 
| 176|0x000000008b000000, 0x000000008b100000, 0x000000008b100000|100%| S|CS|TAMS 0x000000008b000000, 0x000000008b000000| Complete 
| 177|0x000000008b100000, 0x000000008b200000, 0x000000008b200000|100%| S|CS|TAMS 0x000000008b100000, 0x000000008b100000| Complete 
| 178|0x000000008b200000, 0x000000008b300000, 0x000000008b300000|100%| S|CS|TAMS 0x000000008b200000, 0x000000008b200000| Complete 
| 179|0x000000008b300000, 0x000000008b400000, 0x000000008b400000|100%| S|CS|TAMS 0x000000008b300000, 0x000000008b300000| Complete 
| 180|0x000000008b400000, 0x000000008b500000, 0x000000008b500000|100%| S|CS|TAMS 0x000000008b400000, 0x000000008b400000| Complete 
| 181|0x000000008b500000, 0x000000008b600000, 0x000000008b600000|100%| S|CS|TAMS 0x000000008b500000, 0x000000008b500000| Complete 
| 182|0x000000008b600000, 0x000000008b600000, 0x000000008b700000|  0%| F|  |TAMS 0x000000008b600000, 0x000000008b600000| Untracked 
| 183|0x000000008b700000, 0x000000008b700000, 0x000000008b800000|  0%| F|  |TAMS 0x000000008b700000, 0x000000008b700000| Untracked 
| 184|0x000000008b800000, 0x000000008b800000, 0x000000008b900000|  0%| F|  |TAMS 0x000000008b800000, 0x000000008b800000| Untracked 
| 185|0x000000008b900000, 0x000000008b900000, 0x000000008ba00000|  0%| F|  |TAMS 0x000000008b900000, 0x000000008b900000| Untracked 
| 186|0x000000008ba00000, 0x000000008ba00000, 0x000000008bb00000|  0%| F|  |TAMS 0x000000008ba00000, 0x000000008ba00000| Untracked 
| 187|0x000000008bb00000, 0x000000008bb00000, 0x000000008bc00000|  0%| F|  |TAMS 0x000000008bb00000, 0x000000008bb00000| Untracked 
| 188|0x000000008bc00000, 0x000000008bc00000, 0x000000008bd00000|  0%| F|  |TAMS 0x000000008bc00000, 0x000000008bc00000| Untracked 
| 189|0x000000008bd00000, 0x000000008bd00000, 0x000000008be00000|  0%| F|  |TAMS 0x000000008bd00000, 0x000000008bd00000| Untracked 
| 190|0x000000008be00000, 0x000000008be00000, 0x000000008bf00000|  0%| F|  |TAMS 0x000000008be00000, 0x000000008be00000| Untracked 
| 191|0x000000008bf00000, 0x000000008bf00000, 0x000000008c000000|  0%| F|  |TAMS 0x000000008bf00000, 0x000000008bf00000| Untracked 
| 192|0x000000008c000000, 0x000000008c000000, 0x000000008c100000|  0%| F|  |TAMS 0x000000008c000000, 0x000000008c000000| Untracked 
| 193|0x000000008c100000, 0x000000008c100000, 0x000000008c200000|  0%| F|  |TAMS 0x000000008c100000, 0x000000008c100000| Untracked 
| 194|0x000000008c200000, 0x000000008c200000, 0x000000008c300000|  0%| F|  |TAMS 0x000000008c200000, 0x000000008c200000| Untracked 
| 195|0x000000008c300000, 0x000000008c300000, 0x000000008c400000|  0%| F|  |TAMS 0x000000008c300000, 0x000000008c300000| Untracked 
| 196|0x000000008c400000, 0x000000008c400000, 0x000000008c500000|  0%| F|  |TAMS 0x000000008c400000, 0x000000008c400000| Untracked 
| 197|0x000000008c500000, 0x000000008c500000, 0x000000008c600000|  0%| F|  |TAMS 0x000000008c500000, 0x000000008c500000| Untracked 
| 198|0x000000008c600000, 0x000000008c600000, 0x000000008c700000|  0%| F|  |TAMS 0x000000008c600000, 0x000000008c600000| Untracked 
| 199|0x000000008c700000, 0x000000008c700000, 0x000000008c800000|  0%| F|  |TAMS 0x000000008c700000, 0x000000008c700000| Untracked 
| 200|0x000000008c800000, 0x000000008c800000, 0x000000008c900000|  0%| F|  |TAMS 0x000000008c800000, 0x000000008c800000| Untracked 
| 201|0x000000008c900000, 0x000000008c900000, 0x000000008ca00000|  0%| F|  |TAMS 0x000000008c900000, 0x000000008c900000| Untracked 
| 202|0x000000008ca00000, 0x000000008ca00000, 0x000000008cb00000|  0%| F|  |TAMS 0x000000008ca00000, 0x000000008ca00000| Untracked 
| 203|0x000000008cb00000, 0x000000008cb00000, 0x000000008cc00000|  0%| F|  |TAMS 0x000000008cb00000, 0x000000008cb00000| Untracked 
| 204|0x000000008cc00000, 0x000000008cc00000, 0x000000008cd00000|  0%| F|  |TAMS 0x000000008cc00000, 0x000000008cc00000| Untracked 
| 205|0x000000008cd00000, 0x000000008cd00000, 0x000000008ce00000|  0%| F|  |TAMS 0x000000008cd00000, 0x000000008cd00000| Untracked 
| 206|0x000000008ce00000, 0x000000008ce00000, 0x000000008cf00000|  0%| F|  |TAMS 0x000000008ce00000, 0x000000008ce00000| Untracked 
| 207|0x000000008cf00000, 0x000000008cf00000, 0x000000008d000000|  0%| F|  |TAMS 0x000000008cf00000, 0x000000008cf00000| Untracked 
| 208|0x000000008d000000, 0x000000008d000000, 0x000000008d100000|  0%| F|  |TAMS 0x000000008d000000, 0x000000008d000000| Untracked 
| 209|0x000000008d100000, 0x000000008d100000, 0x000000008d200000|  0%| F|  |TAMS 0x000000008d100000, 0x000000008d100000| Untracked 
| 210|0x000000008d200000, 0x000000008d200000, 0x000000008d300000|  0%| F|  |TAMS 0x000000008d200000, 0x000000008d200000| Untracked 
| 211|0x000000008d300000, 0x000000008d300000, 0x000000008d400000|  0%| F|  |TAMS 0x000000008d300000, 0x000000008d300000| Untracked 
| 212|0x000000008d400000, 0x000000008d400000, 0x000000008d500000|  0%| F|  |TAMS 0x000000008d400000, 0x000000008d400000| Untracked 
| 213|0x000000008d500000, 0x000000008d500000, 0x000000008d600000|  0%| F|  |TAMS 0x000000008d500000, 0x000000008d500000| Untracked 
| 214|0x000000008d600000, 0x000000008d600000, 0x000000008d700000|  0%| F|  |TAMS 0x000000008d600000, 0x000000008d600000| Untracked 
| 215|0x000000008d700000, 0x000000008d700000, 0x000000008d800000|  0%| F|  |TAMS 0x000000008d700000, 0x000000008d700000| Untracked 
| 216|0x000000008d800000, 0x000000008d800000, 0x000000008d900000|  0%| F|  |TAMS 0x000000008d800000, 0x000000008d800000| Untracked 
| 217|0x000000008d900000, 0x000000008d900000, 0x000000008da00000|  0%| F|  |TAMS 0x000000008d900000, 0x000000008d900000| Untracked 
| 218|0x000000008da00000, 0x000000008da00000, 0x000000008db00000|  0%| F|  |TAMS 0x000000008da00000, 0x000000008da00000| Untracked 
| 219|0x000000008db00000, 0x000000008db00000, 0x000000008dc00000|  0%| F|  |TAMS 0x000000008db00000, 0x000000008db00000| Untracked 
| 220|0x000000008dc00000, 0x000000008dc00000, 0x000000008dd00000|  0%| F|  |TAMS 0x000000008dc00000, 0x000000008dc00000| Untracked 
| 221|0x000000008dd00000, 0x000000008dd00000, 0x000000008de00000|  0%| F|  |TAMS 0x000000008dd00000, 0x000000008dd00000| Untracked 
| 222|0x000000008de00000, 0x000000008de00000, 0x000000008df00000|  0%| F|  |TAMS 0x000000008de00000, 0x000000008de00000| Untracked 
| 223|0x000000008df00000, 0x000000008df00000, 0x000000008e000000|  0%| F|  |TAMS 0x000000008df00000, 0x000000008df00000| Untracked 
| 224|0x000000008e000000, 0x000000008e000000, 0x000000008e100000|  0%| F|  |TAMS 0x000000008e000000, 0x000000008e000000| Untracked 
| 225|0x000000008e100000, 0x000000008e100000, 0x000000008e200000|  0%| F|  |TAMS 0x000000008e100000, 0x000000008e100000| Untracked 
| 226|0x000000008e200000, 0x000000008e200000, 0x000000008e300000|  0%| F|  |TAMS 0x000000008e200000, 0x000000008e200000| Untracked 
| 227|0x000000008e300000, 0x000000008e300000, 0x000000008e400000|  0%| F|  |TAMS 0x000000008e300000, 0x000000008e300000| Untracked 
| 228|0x000000008e400000, 0x000000008e400000, 0x000000008e500000|  0%| F|  |TAMS 0x000000008e400000, 0x000000008e400000| Untracked 
| 229|0x000000008e500000, 0x000000008e500000, 0x000000008e600000|  0%| F|  |TAMS 0x000000008e500000, 0x000000008e500000| Untracked 
| 230|0x000000008e600000, 0x000000008e600000, 0x000000008e700000|  0%| F|  |TAMS 0x000000008e600000, 0x000000008e600000| Untracked 
| 231|0x000000008e700000, 0x000000008e700000, 0x000000008e800000|  0%| F|  |TAMS 0x000000008e700000, 0x000000008e700000| Untracked 
| 232|0x000000008e800000, 0x000000008e800000, 0x000000008e900000|  0%| F|  |TAMS 0x000000008e800000, 0x000000008e800000| Untracked 
| 233|0x000000008e900000, 0x000000008e900000, 0x000000008ea00000|  0%| F|  |TAMS 0x000000008e900000, 0x000000008e900000| Untracked 
| 234|0x000000008ea00000, 0x000000008ea00000, 0x000000008eb00000|  0%| F|  |TAMS 0x000000008ea00000, 0x000000008ea00000| Untracked 
| 235|0x000000008eb00000, 0x000000008eb00000, 0x000000008ec00000|  0%| F|  |TAMS 0x000000008eb00000, 0x000000008eb00000| Untracked 
| 236|0x000000008ec00000, 0x000000008ec00000, 0x000000008ed00000|  0%| F|  |TAMS 0x000000008ec00000, 0x000000008ec00000| Untracked 
| 237|0x000000008ed00000, 0x000000008ed00000, 0x000000008ee00000|  0%| F|  |TAMS 0x000000008ed00000, 0x000000008ed00000| Untracked 
| 238|0x000000008ee00000, 0x000000008ee00000, 0x000000008ef00000|  0%| F|  |TAMS 0x000000008ee00000, 0x000000008ee00000| Untracked 
|2045|0x00000000ffd00000, 0x00000000ffe00000, 0x00000000ffe00000|100%| O|  |TAMS 0x00000000ffd28000, 0x00000000ffd00000| Untracked 
|2046|0x00000000ffe00000, 0x00000000fff00000, 0x00000000fff00000|100%| O|  |TAMS 0x00000000fff00000, 0x00000000ffe00000| Untracked 
|2047|0x00000000fff00000, 0x0000000100000000, 0x0000000100000000|100%| O|  |TAMS 0x0000000100000000, 0x00000000fff00000| Untracked 

Card table byte_map: [0x000001d2ec630000,0x000001d2eca30000] _byte_map_base: 0x000001d2ec230000

Marking Bits (Prev, Next): (CMBitMap*) 0x000001d2d9a9e470, (CMBitMap*) 0x000001d2d9a9e430
 Prev Bits: [0x000001d2eee30000, 0x000001d2f0e30000)
 Next Bits: [0x000001d2ece30000, 0x000001d2eee30000)

Polling page: 0x000001d2d7970000

Metaspace:

Usage:
  Non-class:     82.60 MB used.
      Class:     12.83 MB used.
       Both:     95.43 MB used.

Virtual space:
  Non-class space:       88.00 MB reserved,      83.00 MB ( 94%) committed,  11 nodes.
      Class space:        1.00 GB reserved,      13.12 MB (  1%) committed,  1 nodes.
             Both:        1.09 GB reserved,      96.12 MB (  9%) committed. 

Chunk freelists:
   Non-Class:  784.00 KB
       Class:  2.75 MB
        Both:  3.52 MB

MaxMetaspaceSize: unlimited
CompressedClassSpaceSize: 1.00 GB
Initial GC threshold: 21.00 MB
Current GC threshold: 154.38 MB
CDS: off
MetaspaceReclaimPolicy: balanced
 - commit_granule_bytes: 65536.
 - commit_granule_words: 8192.
 - virtual_space_node_default_size: 1048576.
 - enlarge_chunks_in_place: 1.
 - new_chunks_are_fully_committed: 0.
 - uncommit_free_chunks: 1.
 - use_allocation_guard: 0.
 - handle_deallocations: 1.


Internal statistics:

num_allocs_failed_limit: 6.
num_arena_births: 1084.
num_arena_deaths: 0.
num_vsnodes_births: 12.
num_vsnodes_deaths: 0.
num_space_committed: 1536.
num_space_uncommitted: 0.
num_chunks_returned_to_freelist: 6.
num_chunks_taken_from_freelist: 4728.
num_chunk_merges: 6.
num_chunk_splits: 3100.
num_chunks_enlarged: 2030.
num_purges: 0.
num_inconsistent_stats: 0.

CodeHeap 'non-profiled nmethods': size=120000Kb used=6704Kb max_used=6704Kb free=113295Kb
 bounds [0x000001d2e49d0000, 0x000001d2e5060000, 0x000001d2ebf00000]
CodeHeap 'profiled nmethods': size=120000Kb used=23410Kb max_used=23410Kb free=96589Kb
 bounds [0x000001d2dcf00000, 0x000001d2de5e0000, 0x000001d2e4430000]
CodeHeap 'non-nmethods': size=5760Kb used=2389Kb max_used=2478Kb free=3370Kb
 bounds [0x000001d2e4430000, 0x000001d2e46b0000, 0x000001d2e49d0000]
 total_blobs=12450 nmethods=11527 adapters=835
 compilation: enabled
              stopped_count=0, restarted_count=0
 full_count=0

Compilation events (20 events):
Event: 19.455 Thread 0x000001d2f4439570 13305       2       com.android.aapt.Resources$Type$Builder::ensureEntryIsMutable (35 bytes)
Event: 19.455 Thread 0x000001d2f4439570 nmethod 13305 0x000001d2de5d5c10 code [0x000001d2de5d5dc0, 0x000001d2de5d5fc8]
Event: 19.455 Thread 0x000001d2f4439570 13299       2       com.android.aapt.ConfigurationOuterClass$Configuration$Builder::setSmallestScreenWidthDp (11 bytes)
Event: 19.455 Thread 0x000001d2f4439570 nmethod 13299 0x000001d2de5d6090 code [0x000001d2de5d6220, 0x000001d2de5d6368]
Event: 19.455 Thread 0x000001d2f4439570 13300       2       com.android.aapt.ConfigurationOuterClass$Configuration$Builder::setScreenHeightDp (11 bytes)
Event: 19.455 Thread 0x000001d2f4439570 nmethod 13300 0x000001d2de5d6410 code [0x000001d2de5d65a0, 0x000001d2de5d66e8]
Event: 19.455 Thread 0x000001d2f4439570 13306       2       com.android.aapt.ConfigurationOuterClass$Configuration$Builder::setScreenWidthDp (11 bytes)
Event: 19.455 Thread 0x000001d2f4439570 nmethod 13306 0x000001d2de5d6790 code [0x000001d2de5d6920, 0x000001d2de5d6a68]
Event: 19.456 Thread 0x000001d2f4439570 13327       2       com.android.aapt.ConfigurationOuterClass$Configuration$Builder::maybeForceBuilderInitialization (7 bytes)
Event: 19.456 Thread 0x000001d2f4439570 nmethod 13327 0x000001d2de5d6b10 code [0x000001d2de5d6ca0, 0x000001d2de5d6db8]
Event: 19.456 Thread 0x000001d2f4439570 13301       2       com.android.aapt.Resources$Value$Builder::setWeak (11 bytes)
Event: 19.456 Thread 0x000001d2f4439570 nmethod 13301 0x000001d2de5d6e90 code [0x000001d2de5d7020, 0x000001d2de5d7188]
Event: 19.456 Thread 0x000001d2f4439570 13170       2       com.android.aapt.Resources$Entry$Builder::<init> (22 bytes)
Event: 19.456 Thread 0x000001d2f4439570 nmethod 13170 0x000001d2de5d7290 code [0x000001d2de5d7440, 0x000001d2de5d7708]
Event: 19.456 Thread 0x000001d2f4439570 13330       2       com.android.aaptcompiler.StringPool::makeRef$default (25 bytes)
Event: 19.457 Thread 0x000001d2f4439570 nmethod 13330 0x000001d2de5d7810 code [0x000001d2de5d7a40, 0x000001d2de5d7f58]
Event: 19.457 Thread 0x000001d2f4439570 13334       2       com.android.aapt.Resources$ConfigValue$Builder::setValue (42 bytes)
Event: 19.457 Thread 0x000001d2f4439570 nmethod 13334 0x000001d2de5d8310 code [0x000001d2de5d84e0, 0x000001d2de5d8788]
Event: 19.457 Thread 0x000001d2f4439570 13313       2       com.android.aapt.ConfigurationOuterClass$Configuration::writeTo (542 bytes)
Event: 19.464 Thread 0x000001d2f4439570 nmethod 13313 0x000001d2de5d8910 code [0x000001d2de5d9060, 0x000001d2de5db098]

GC Heap History (20 events):
Event: 8.877 GC heap after
{Heap after GC invocations=33 (full 0):
 garbage-first heap   total 204800K, used 64676K [0x0000000080000000, 0x0000000100000000)
  region size 1024K, 8 young (8192K), 8 survivors (8192K)
 Metaspace       used 75340K, committed 75840K, reserved 1122304K
  class space    used 10278K, committed 10496K, reserved 1048576K
}
Event: 8.908 GC heap before
{Heap before GC invocations=33 (full 0):
 garbage-first heap   total 204800K, used 66724K [0x0000000080000000, 0x0000000100000000)
  region size 1024K, 10 young (10240K), 8 survivors (8192K)
 Metaspace       used 75602K, committed 76096K, reserved 1122304K
  class space    used 10322K, committed 10560K, reserved 1048576K
}
Event: 8.915 GC heap after
{Heap after GC invocations=34 (full 0):
 garbage-first heap   total 204800K, used 65154K [0x0000000080000000, 0x0000000100000000)
  region size 1024K, 2 young (2048K), 2 survivors (2048K)
 Metaspace       used 75602K, committed 76096K, reserved 1122304K
  class space    used 10322K, committed 10560K, reserved 1048576K
}
Event: 14.825 GC heap before
{Heap before GC invocations=34 (full 0):
 garbage-first heap   total 204800K, used 161410K [0x0000000080000000, 0x0000000100000000)
  region size 1024K, 97 young (99328K), 2 survivors (2048K)
 Metaspace       used 81494K, committed 82112K, reserved 1122304K
  class space    used 11240K, committed 11520K, reserved 1048576K
}
Event: 14.832 GC heap after
{Heap after GC invocations=35 (full 0):
 garbage-first heap   total 204800K, used 71780K [0x0000000080000000, 0x0000000100000000)
  region size 1024K, 8 young (8192K), 8 survivors (8192K)
 Metaspace       used 81494K, committed 82112K, reserved 1122304K
  class space    used 11240K, committed 11520K, reserved 1048576K
}
Event: 15.573 GC heap before
{Heap before GC invocations=35 (full 0):
 garbage-first heap   total 204800K, used 163940K [0x0000000080000000, 0x0000000100000000)
  region size 1024K, 98 young (100352K), 8 survivors (8192K)
 Metaspace       used 86269K, committed 86912K, reserved 1130496K
  class space    used 11912K, committed 12224K, reserved 1048576K
}
Event: 15.584 GC heap after
{Heap after GC invocations=36 (full 0):
 garbage-first heap   total 204800K, used 82166K [0x0000000080000000, 0x0000000100000000)
  region size 1024K, 11 young (11264K), 11 survivors (11264K)
 Metaspace       used 86269K, committed 86912K, reserved 1130496K
  class space    used 11912K, committed 12224K, reserved 1048576K
}
Event: 16.297 GC heap before
{Heap before GC invocations=36 (full 0):
 garbage-first heap   total 204800K, used 167158K [0x0000000080000000, 0x0000000100000000)
  region size 1024K, 90 young (92160K), 11 survivors (11264K)
 Metaspace       used 89863K, committed 90496K, reserved 1130496K
  class space    used 12385K, committed 12672K, reserved 1048576K
}
Event: 16.307 GC heap after
{Heap after GC invocations=37 (full 0):
 garbage-first heap   total 204800K, used 88794K [0x0000000080000000, 0x0000000100000000)
  region size 1024K, 7 young (7168K), 7 survivors (7168K)
 Metaspace       used 89863K, committed 90496K, reserved 1130496K
  class space    used 12385K, committed 12672K, reserved 1048576K
}
Event: 17.612 GC heap before
{Heap before GC invocations=37 (full 0):
 garbage-first heap   total 204800K, used 163546K [0x0000000080000000, 0x0000000100000000)
  region size 1024K, 81 young (82944K), 7 survivors (7168K)
 Metaspace       used 93266K, committed 93888K, reserved 1130496K
  class space    used 12765K, committed 13056K, reserved 1048576K
}
Event: 17.620 GC heap after
{Heap after GC invocations=38 (full 0):
 garbage-first heap   total 204800K, used 95035K [0x0000000080000000, 0x0000000100000000)
  region size 1024K, 6 young (6144K), 6 survivors (6144K)
 Metaspace       used 93266K, committed 93888K, reserved 1130496K
  class space    used 12765K, committed 13056K, reserved 1048576K
}
Event: 18.334 GC heap before
{Heap before GC invocations=38 (full 0):
 garbage-first heap   total 204800K, used 174907K [0x0000000080000000, 0x0000000100000000)
  region size 1024K, 76 young (77824K), 6 survivors (6144K)
 Metaspace       used 93690K, committed 94400K, reserved 1138688K
  class space    used 12791K, committed 13184K, reserved 1048576K
}
Event: 18.350 GC heap after
{Heap after GC invocations=39 (full 0):
 garbage-first heap   total 207872K, used 122016K [0x0000000080000000, 0x0000000100000000)
  region size 1024K, 10 young (10240K), 10 survivors (10240K)
 Metaspace       used 93690K, committed 94400K, reserved 1138688K
  class space    used 12791K, committed 13184K, reserved 1048576K
}
Event: 18.877 GC heap before
{Heap before GC invocations=39 (full 0):
 garbage-first heap   total 207872K, used 168096K [0x0000000080000000, 0x0000000100000000)
  region size 1024K, 48 young (49152K), 10 survivors (10240K)
 Metaspace       used 94083K, committed 94848K, reserved 1138688K
  class space    used 12819K, committed 13184K, reserved 1048576K
}
Event: 18.890 GC heap after
{Heap after GC invocations=40 (full 0):
 garbage-first heap   total 207872K, used 130048K [0x0000000080000000, 0x0000000100000000)
  region size 1024K, 6 young (6144K), 6 survivors (6144K)
 Metaspace       used 94083K, committed 94848K, reserved 1138688K
  class space    used 12819K, committed 13184K, reserved 1048576K
}
Event: 19.146 GC heap before
{Heap before GC invocations=41 (full 0):
 garbage-first heap   total 247808K, used 193536K [0x0000000080000000, 0x0000000100000000)
  region size 1024K, 41 young (41984K), 6 survivors (6144K)
 Metaspace       used 94435K, committed 95168K, reserved 1138688K
  class space    used 12848K, committed 13184K, reserved 1048576K
}
Event: 19.155 GC heap after
{Heap after GC invocations=42 (full 0):
 garbage-first heap   total 247808K, used 135041K [0x0000000080000000, 0x0000000100000000)
  region size 1024K, 5 young (5120K), 5 survivors (5120K)
 Metaspace       used 94435K, committed 95168K, reserved 1138688K
  class space    used 12848K, committed 13184K, reserved 1048576K
}
Event: 19.170 GC heap before
{Heap before GC invocations=42 (full 0):
 garbage-first heap   total 247808K, used 141185K [0x0000000080000000, 0x0000000100000000)
  region size 1024K, 12 young (12288K), 5 survivors (5120K)
 Metaspace       used 94493K, committed 95232K, reserved 1138688K
  class space    used 12854K, committed 13248K, reserved 1048576K
}
Event: 19.175 GC heap after
{Heap after GC invocations=43 (full 0):
 garbage-first heap   total 247808K, used 134814K [0x0000000080000000, 0x0000000100000000)
  region size 1024K, 2 young (2048K), 2 survivors (2048K)
 Metaspace       used 94493K, committed 95232K, reserved 1138688K
  class space    used 12854K, committed 13248K, reserved 1048576K
}
Event: 19.464 GC heap before
{Heap before GC invocations=43 (full 0):
 garbage-first heap   total 247808K, used 190110K [0x0000000080000000, 0x0000000100000000)
  region size 1024K, 57 young (58368K), 2 survivors (2048K)
 Metaspace       used 97719K, committed 98432K, reserved 1138688K
  class space    used 13133K, committed 13440K, reserved 1048576K
}

Dll operation events (3 events):
Event: 0.015 Loaded shared library C:\Program Files\Android\Android Studio\jbr\bin\java.dll
Event: 0.128 Loaded shared library C:\Program Files\Android\Android Studio\jbr\bin\zip.dll
Event: 0.339 Loaded shared library C:\Program Files\Android\Android Studio\jbr\bin\verify.dll

Deoptimization events (20 events):
Event: 19.271 Thread 0x000001d2f75fa060 DEOPT PACKING pc=0x000001d2e4fe6d28 sp=0x000000c4a18fa0a0
Event: 19.271 Thread 0x000001d2f75fa060 DEOPT UNPACKING pc=0x000001d2e44869a3 sp=0x000000c4a18fa060 mode 2
Event: 19.282 Thread 0x000001d2f85bf600 DEOPT PACKING pc=0x000001d2de4e6384 sp=0x000000c4a25fd6c0
Event: 19.282 Thread 0x000001d2f85bf600 DEOPT UNPACKING pc=0x000001d2e4487143 sp=0x000000c4a25fcba8 mode 0
Event: 19.325 Thread 0x000001d2f85bf600 Uncommon trap: trap_request=0xffffff45 fr.pc=0x000001d2e4b731c8 relative=0x0000000000000868
Event: 19.325 Thread 0x000001d2f85bf600 Uncommon trap: reason=unstable_if action=reinterpret pc=0x000001d2e4b731c8 method=java.lang.String.regionMatches(ZILjava/lang/String;II)Z @ 52 c2
Event: 19.325 Thread 0x000001d2f85bf600 DEOPT PACKING pc=0x000001d2e4b731c8 sp=0x000000c4a25fd4e0
Event: 19.325 Thread 0x000001d2f85bf600 DEOPT UNPACKING pc=0x000001d2e44869a3 sp=0x000000c4a25fd400 mode 2
Event: 19.325 Thread 0x000001d2f85bf600 Uncommon trap: trap_request=0xffffff45 fr.pc=0x000001d2e4aba5a8 relative=0x0000000000000668
Event: 19.325 Thread 0x000001d2f85bf600 Uncommon trap: reason=unstable_if action=reinterpret pc=0x000001d2e4aba5a8 method=java.lang.String.regionMatches(ZILjava/lang/String;II)Z @ 52 c2
Event: 19.325 Thread 0x000001d2f85bf600 DEOPT PACKING pc=0x000001d2e4aba5a8 sp=0x000000c4a25fd450
Event: 19.325 Thread 0x000001d2f85bf600 DEOPT UNPACKING pc=0x000001d2e44869a3 sp=0x000000c4a25fd3f8 mode 2
Event: 19.359 Thread 0x000001d2f85bf600 DEOPT PACKING pc=0x000001d2de51d2cd sp=0x000000c4a25fd550
Event: 19.359 Thread 0x000001d2f85bf600 DEOPT UNPACKING pc=0x000001d2e4487143 sp=0x000000c4a25fca40 mode 0
Event: 19.415 Thread 0x000001d2f9c35120 DEOPT PACKING pc=0x000001d2de5936be sp=0x000000c4a31fd290
Event: 19.415 Thread 0x000001d2f9c35120 DEOPT UNPACKING pc=0x000001d2e4487143 sp=0x000000c4a31fc798 mode 0
Event: 19.423 Thread 0x000001d2f73d3310 DEOPT PACKING pc=0x000001d2de5999fc sp=0x000000c4a1dfd4d0
Event: 19.423 Thread 0x000001d2f73d3310 DEOPT UNPACKING pc=0x000001d2e4487143 sp=0x000000c4a1dfca48 mode 0
Event: 19.457 Thread 0x000001d2f8402820 DEOPT PACKING pc=0x000001d2de5a070f sp=0x000000c4a32fd8f0
Event: 19.457 Thread 0x000001d2f8402820 DEOPT UNPACKING pc=0x000001d2e4487143 sp=0x000000c4a32fce30 mode 0

Classes unloaded (0 events):
No events

Classes redefined (0 events):
No events

Internal exceptions (20 events):
Event: 19.357 Thread 0x000001d2f75fa060 Exception <a 'sun/nio/fs/WindowsException'{0x000000008cce8ec0}> (0x000000008cce8ec0) 
thrown [s\src\hotspot\share\prims\jni.cpp, line 517]
Event: 19.359 Thread 0x000001d2f75fa060 Exception <a 'sun/nio/fs/WindowsException'{0x000000008cb969f8}> (0x000000008cb969f8) 
thrown [s\src\hotspot\share\prims\jni.cpp, line 517]
Event: 19.361 Thread 0x000001d2f75fa060 Exception <a 'sun/nio/fs/WindowsException'{0x000000008cb97dc0}> (0x000000008cb97dc0) 
thrown [s\src\hotspot\share\prims\jni.cpp, line 517]
Event: 19.363 Thread 0x000001d2f75fa060 Exception <a 'sun/nio/fs/WindowsException'{0x000000008cb99158}> (0x000000008cb99158) 
thrown [s\src\hotspot\share\prims\jni.cpp, line 517]
Event: 19.365 Thread 0x000001d2f75fa060 Exception <a 'sun/nio/fs/WindowsException'{0x000000008ca67b80}> (0x000000008ca67b80) 
thrown [s\src\hotspot\share\prims\jni.cpp, line 517]
Event: 19.367 Thread 0x000001d2f75fa060 Exception <a 'sun/nio/fs/WindowsException'{0x000000008ca68f28}> (0x000000008ca68f28) 
thrown [s\src\hotspot\share\prims\jni.cpp, line 517]
Event: 19.369 Thread 0x000001d2f75fa060 Exception <a 'sun/nio/fs/WindowsException'{0x000000008caf6f80}> (0x000000008caf6f80) 
thrown [s\src\hotspot\share\prims\jni.cpp, line 517]
Event: 19.370 Thread 0x000001d2f75fa060 Exception <a 'sun/nio/fs/WindowsException'{0x000000008caf8350}> (0x000000008caf8350) 
thrown [s\src\hotspot\share\prims\jni.cpp, line 517]
Event: 19.374 Thread 0x000001d2f75fa060 Exception <a 'sun/nio/fs/WindowsException'{0x000000008caf97c8}> (0x000000008caf97c8) 
thrown [s\src\hotspot\share\prims\jni.cpp, line 517]
Event: 19.375 Thread 0x000001d2f75fa060 Exception <a 'sun/nio/fs/WindowsException'{0x000000008c82f098}> (0x000000008c82f098) 
thrown [s\src\hotspot\share\prims\jni.cpp, line 517]
Event: 19.377 Thread 0x000001d2f75fa060 Exception <a 'sun/nio/fs/WindowsException'{0x000000008c830418}> (0x000000008c830418) 
thrown [s\src\hotspot\share\prims\jni.cpp, line 517]
Event: 19.380 Thread 0x000001d2f75fa060 Exception <a 'sun/nio/fs/WindowsException'{0x000000008c8317a0}> (0x000000008c8317a0) 
thrown [s\src\hotspot\share\prims\jni.cpp, line 517]
Event: 19.387 Thread 0x000001d2f75fa060 Exception <a 'sun/nio/fs/WindowsException'{0x000000008c500520}> (0x000000008c500520) 
thrown [s\src\hotspot\share\prims\jni.cpp, line 517]
Event: 19.390 Thread 0x000001d2f75fa060 Exception <a 'sun/nio/fs/WindowsException'{0x000000008c520480}> (0x000000008c520480) 
thrown [s\src\hotspot\share\prims\jni.cpp, line 517]
Event: 19.409 Thread 0x000001d2f75fa060 Exception <a 'sun/nio/fs/WindowsException'{0x000000008c5218a8}> (0x000000008c5218a8) 
thrown [s\src\hotspot\share\prims\jni.cpp, line 517]
Event: 19.418 Thread 0x000001d2f75fa060 Exception <a 'sun/nio/fs/WindowsException'{0x000000008bf68c48}> (0x000000008bf68c48) 
thrown [s\src\hotspot\share\prims\jni.cpp, line 517]
Event: 19.425 Thread 0x000001d2f75fa060 Exception <a 'sun/nio/fs/WindowsException'{0x000000008bf6a000}> (0x000000008bf6a000) 
thrown [s\src\hotspot\share\prims\jni.cpp, line 517]
Event: 19.430 Thread 0x000001d2f75fa060 Exception <a 'sun/nio/fs/WindowsException'{0x000000008bf6b470}> (0x000000008bf6b470) 
thrown [s\src\hotspot\share\prims\jni.cpp, line 517]
Event: 19.436 Thread 0x000001d2f75fa060 Exception <a 'sun/nio/fs/WindowsException'{0x000000008bb32808}> (0x000000008bb32808) 
thrown [s\src\hotspot\share\prims\jni.cpp, line 517]
Event: 19.453 Thread 0x000001d2f75fa060 Exception <a 'sun/nio/fs/WindowsException'{0x000000008bb33c68}> (0x000000008bb33c68) 
thrown [s\src\hotspot\share\prims\jni.cpp, line 517]

VM Operations (20 events):
Event: 18.307 Executing VM operation: HandshakeAllThreads done
Event: 18.321 Executing VM operation: ICBufferFull
Event: 18.321 Executing VM operation: ICBufferFull done
Event: 18.334 Executing VM operation: G1CollectForAllocation
Event: 18.350 Executing VM operation: G1CollectForAllocation done
Event: 18.358 Executing VM operation: HandshakeAllThreads
Event: 18.358 Executing VM operation: HandshakeAllThreads done
Event: 18.628 Executing VM operation: ICBufferFull
Event: 18.628 Executing VM operation: ICBufferFull done
Event: 18.877 Executing VM operation: G1CollectForAllocation
Event: 18.890 Executing VM operation: G1CollectForAllocation done
Event: 19.002 Executing VM operation: G1Concurrent
Event: 19.007 Executing VM operation: G1Concurrent done
Event: 19.056 Executing VM operation: G1Concurrent
Event: 19.057 Executing VM operation: G1Concurrent done
Event: 19.146 Executing VM operation: G1CollectForAllocation
Event: 19.155 Executing VM operation: G1CollectForAllocation done
Event: 19.170 Executing VM operation: G1CollectForAllocation
Event: 19.175 Executing VM operation: G1CollectForAllocation done
Event: 19.464 Executing VM operation: G1CollectForAllocation

Events (20 events):
Event: 19.205 loading class com/sun/xml/internal/stream/events/CharacterEvent
Event: 19.205 loading class javax/xml/stream/events/Characters
Event: 19.205 loading class javax/xml/stream/events/Characters done
Event: 19.206 loading class com/sun/xml/internal/stream/events/CharacterEvent done
Event: 19.209 loading class java/util/Spliterators$2Adapter
Event: 19.209 loading class java/util/PrimitiveIterator$OfInt
Event: 19.210 loading class java/util/PrimitiveIterator
Event: 19.210 loading class java/util/PrimitiveIterator done
Event: 19.210 loading class java/util/PrimitiveIterator$OfInt done
Event: 19.210 loading class java/util/Spliterators$2Adapter done
Event: 19.210 loading class com/sun/xml/internal/stream/events/EndElementEvent
Event: 19.210 loading class javax/xml/stream/events/EndElement
Event: 19.210 loading class javax/xml/stream/events/EndElement done
Event: 19.210 loading class com/sun/xml/internal/stream/events/EndElementEvent done
Event: 19.213 loading class java/lang/StringUTF16$CodePointsSpliterator
Event: 19.213 loading class java/lang/StringUTF16$CodePointsSpliterator done
Event: 19.267 loading class java/nio/file/StandardCopyOption
Event: 19.267 loading class java/nio/file/StandardCopyOption done
Event: 19.267 loading class sun/nio/fs/WindowsFileCopy
Event: 19.268 loading class sun/nio/fs/WindowsFileCopy done


Dynamic libraries:
0x00007ff6cd8e0000 - 0x00007ff6cd8ea000 	C:\Program Files\Android\Android Studio\jbr\bin\java.exe
0x00007ff8cd950000 - 0x00007ff8cdb67000 	C:\WINDOWS\SYSTEM32\ntdll.dll
0x00007ff8cc990000 - 0x00007ff8cca54000 	C:\WINDOWS\System32\KERNEL32.DLL
0x00007ff8cb1c0000 - 0x00007ff8cb579000 	C:\WINDOWS\System32\KERNELBASE.dll
0x00007ff8cad40000 - 0x00007ff8cae51000 	C:\WINDOWS\System32\ucrtbase.dll
0x00007ff8a5300000 - 0x00007ff8a5317000 	C:\Program Files\Android\Android Studio\jbr\bin\jli.dll
0x00007ff8c6970000 - 0x00007ff8c698b000 	C:\Program Files\Android\Android Studio\jbr\bin\VCRUNTIME140.dll
0x00007ff8cce30000 - 0x00007ff8ccfde000 	C:\WINDOWS\System32\USER32.dll
0x00007ff8b86a0000 - 0x00007ff8b8932000 	C:\WINDOWS\WinSxS\amd64_microsoft.windows.common-controls_6595b64144ccf1df_6.0.22621.4391_none_2715d37f73803e96\COMCTL32.dll
0x00007ff8cb580000 - 0x00007ff8cb5a6000 	C:\WINDOWS\System32\win32u.dll
0x00007ff8ccd00000 - 0x00007ff8ccda7000 	C:\WINDOWS\System32\msvcrt.dll
0x00007ff8cc230000 - 0x00007ff8cc259000 	C:\WINDOWS\System32\GDI32.dll
0x00007ff8cb070000 - 0x00007ff8cb18b000 	C:\WINDOWS\System32\gdi32full.dll
0x00007ff8cae60000 - 0x00007ff8caefa000 	C:\WINDOWS\System32\msvcp_win.dll
0x00007ff8cc160000 - 0x00007ff8cc191000 	C:\WINDOWS\System32\IMM32.DLL
0x00007ff8c6680000 - 0x00007ff8c668c000 	C:\Program Files\Android\Android Studio\jbr\bin\vcruntime140_1.dll
0x00007ff8a62d0000 - 0x00007ff8a635d000 	C:\Program Files\Android\Android Studio\jbr\bin\msvcp140.dll
0x00007ff87a510000 - 0x00007ff87b17e000 	C:\Program Files\Android\Android Studio\jbr\bin\server\jvm.dll
0x00007ff8cc670000 - 0x00007ff8cc722000 	C:\WINDOWS\System32\ADVAPI32.dll
0x00007ff8cbb50000 - 0x00007ff8cbbf7000 	C:\WINDOWS\System32\sechost.dll
0x00007ff8cb190000 - 0x00007ff8cb1b8000 	C:\WINDOWS\System32\bcrypt.dll
0x00007ff8cc430000 - 0x00007ff8cc544000 	C:\WINDOWS\System32\RPCRT4.dll
0x00007ff8aad90000 - 0x00007ff8aad99000 	C:\WINDOWS\SYSTEM32\WSOCK32.dll
0x00007ff8c5cf0000 - 0x00007ff8c5d24000 	C:\WINDOWS\SYSTEM32\WINMM.dll
0x00007ff8c5c70000 - 0x00007ff8c5c7a000 	C:\WINDOWS\SYSTEM32\VERSION.dll
0x00007ff8cc730000 - 0x00007ff8cc7a1000 	C:\WINDOWS\System32\WS2_32.dll
0x00007ff8c9d40000 - 0x00007ff8c9d58000 	C:\WINDOWS\SYSTEM32\kernel.appcore.dll
0x00007ff8aaa20000 - 0x00007ff8aaa2a000 	C:\Program Files\Android\Android Studio\jbr\bin\jimage.dll
0x00007ff8c4290000 - 0x00007ff8c44c2000 	C:\WINDOWS\SYSTEM32\DBGHELP.DLL
0x00007ff8cbd80000 - 0x00007ff8cc10f000 	C:\WINDOWS\System32\combase.dll
0x00007ff8ccc10000 - 0x00007ff8ccce7000 	C:\WINDOWS\System32\OLEAUT32.dll
0x00007ff8a7180000 - 0x00007ff8a71b2000 	C:\WINDOWS\SYSTEM32\dbgcore.DLL
0x00007ff8cac50000 - 0x00007ff8caccb000 	C:\WINDOWS\System32\bcryptPrimitives.dll
0x00007ff8a5d20000 - 0x00007ff8a5d2e000 	C:\Program Files\Android\Android Studio\jbr\bin\instrument.dll
0x00007ff8a68c0000 - 0x00007ff8a68e5000 	C:\Program Files\Android\Android Studio\jbr\bin\java.dll
0x00007ff8a6280000 - 0x00007ff8a6298000 	C:\Program Files\Android\Android Studio\jbr\bin\zip.dll
0x00007ff8cd090000 - 0x00007ff8cd906000 	C:\WINDOWS\System32\SHELL32.dll
0x00007ff8c8b10000 - 0x00007ff8c9413000 	C:\WINDOWS\SYSTEM32\windows.storage.dll
0x00007ff8c89d0000 - 0x00007ff8c8b0f000 	C:\WINDOWS\SYSTEM32\wintypes.dll
0x00007ff8cc550000 - 0x00007ff8cc649000 	C:\WINDOWS\System32\SHCORE.dll
0x00007ff8cc810000 - 0x00007ff8cc86e000 	C:\WINDOWS\System32\shlwapi.dll
0x00007ff8cab80000 - 0x00007ff8cabab000 	C:\WINDOWS\SYSTEM32\profapi.dll
0x00007ff8a5ec0000 - 0x00007ff8a5ed9000 	C:\Program Files\Android\Android Studio\jbr\bin\net.dll
0x00007ff8c4ac0000 - 0x00007ff8c4bf6000 	C:\WINDOWS\SYSTEM32\WINHTTP.dll
0x00007ff8ca1c0000 - 0x00007ff8ca229000 	C:\WINDOWS\system32\mswsock.dll
0x00007ff8a5d30000 - 0x00007ff8a5d46000 	C:\Program Files\Android\Android Studio\jbr\bin\nio.dll
0x00007ff8a7140000 - 0x00007ff8a7150000 	C:\Program Files\Android\Android Studio\jbr\bin\verify.dll
0x00007ff8c5980000 - 0x00007ff8c59a7000 	C:\Users\scher\.gradle\native\68d5fa5c4cc2d200863cafc0d521ce42e7d3e7ee720ec0a83991735586a16f82\windows-amd64\native-platform.dll
0x00007ff8a20d0000 - 0x00007ff8a2214000 	C:\Users\scher\.gradle\native\e376f236ea51e6404a007f0833ffe2c6e607c4080706a723a18a27aeea778392\windows-amd64\native-platform-file-events.dll
0x00007ff8a6e10000 - 0x00007ff8a6e19000 	C:\Program Files\Android\Android Studio\jbr\bin\management.dll
0x00007ff8a6cc0000 - 0x00007ff8a6ccb000 	C:\Program Files\Android\Android Studio\jbr\bin\management_ext.dll
0x00007ff8cccf0000 - 0x00007ff8cccf8000 	C:\WINDOWS\System32\PSAPI.DLL
0x00007ff8ca3f0000 - 0x00007ff8ca40b000 	C:\WINDOWS\SYSTEM32\CRYPTSP.dll
0x00007ff8c9ca0000 - 0x00007ff8c9cd5000 	C:\WINDOWS\system32\rsaenh.dll
0x00007ff8ca280000 - 0x00007ff8ca2a8000 	C:\WINDOWS\SYSTEM32\USERENV.dll
0x00007ff8ca410000 - 0x00007ff8ca41c000 	C:\WINDOWS\SYSTEM32\CRYPTBASE.dll
0x00007ff8c96c0000 - 0x00007ff8c96ed000 	C:\WINDOWS\SYSTEM32\IPHLPAPI.DLL
0x00007ff8cc870000 - 0x00007ff8cc879000 	C:\WINDOWS\System32\NSI.dll
0x00007ff8c5090000 - 0x00007ff8c50a9000 	C:\WINDOWS\SYSTEM32\dhcpcsvc6.DLL
0x00007ff8c35b0000 - 0x00007ff8c35cf000 	C:\WINDOWS\SYSTEM32\dhcpcsvc.DLL
0x00007ff8c9740000 - 0x00007ff8c9842000 	C:\WINDOWS\SYSTEM32\DNSAPI.dll
0x00007ff8a5eb0000 - 0x00007ff8a5eb8000 	C:\WINDOWS\system32\wshunix.dll
0x00007ff8c9e50000 - 0x00007ff8c9e84000 	C:\WINDOWS\SYSTEM32\ntmarta.dll

dbghelp: loaded successfully - version: 4.0.5 - missing functions: none
symbol engine: initialized successfully - sym options: 0x614 - pdb path: .;C:\Program Files\Android\Android Studio\jbr\bin;C:\WINDOWS\SYSTEM32;C:\WINDOWS\WinSxS\amd64_microsoft.windows.common-controls_6595b64144ccf1df_6.0.22621.4391_none_2715d37f73803e96;C:\Program Files\Android\Android Studio\jbr\bin\server;C:\Users\scher\.gradle\native\68d5fa5c4cc2d200863cafc0d521ce42e7d3e7ee720ec0a83991735586a16f82\windows-amd64;C:\Users\scher\.gradle\native\e376f236ea51e6404a007f0833ffe2c6e607c4080706a723a18a27aeea778392\windows-amd64

VM Arguments:
jvm_args: --add-opens=java.base/java.util=ALL-UNNAMED --add-opens=java.base/java.lang=ALL-UNNAMED --add-opens=java.base/java.lang.invoke=ALL-UNNAMED --add-opens=java.prefs/java.util.prefs=ALL-UNNAMED --add-opens=java.base/java.nio.charset=ALL-UNNAMED --add-opens=java.base/java.net=ALL-UNNAMED --add-opens=java.base/java.util.concurrent.atomic=ALL-UNNAMED -Xmx2048m -Dfile.encoding=UTF-8 -Duser.country=BR -Duser.language=pt -Duser.variant -javaagent:C:\Users\scher\.gradle\wrapper\dists\gradle-8.1-bin\2eyty4r6kz6fpakefpk52nbbm\gradle-8.1\lib\agents\gradle-instrumentation-agent-8.1.jar 
java_command: org.gradle.launcher.daemon.bootstrap.GradleDaemon 8.1
java_class_path (initial): C:\Users\scher\.gradle\wrapper\dists\gradle-8.1-bin\2eyty4r6kz6fpakefpk52nbbm\gradle-8.1\lib\gradle-launcher-8.1.jar
Launcher Type: SUN_STANDARD

[Global flags]
     intx CICompilerCount                          = 4                                         {product} {ergonomic}
     uint ConcGCThreads                            = 2                                         {product} {ergonomic}
     uint G1ConcRefinementThreads                  = 8                                         {product} {ergonomic}
   size_t G1HeapRegionSize                         = 1048576                                   {product} {ergonomic}
    uintx GCDrainStackTargetSize                   = 64                                        {product} {ergonomic}
   size_t InitialHeapSize                          = 134217728                                 {product} {ergonomic}
   size_t MarkStackSize                            = 4194304                                   {product} {ergonomic}
   size_t MaxHeapSize                              = 2147483648                                {product} {command line}
   size_t MaxNewSize                               = 1287651328                                {product} {ergonomic}
   size_t MinHeapDeltaBytes                        = 1048576                                   {product} {ergonomic}
   size_t MinHeapSize                              = 8388608                                   {product} {ergonomic}
    uintx NonNMethodCodeHeapSize                   = 5839372                                {pd product} {ergonomic}
    uintx NonProfiledCodeHeapSize                  = 122909434                              {pd product} {ergonomic}
    uintx ProfiledCodeHeapSize                     = 122909434                              {pd product} {ergonomic}
    uintx ReservedCodeCacheSize                    = 251658240                              {pd product} {ergonomic}
     bool SegmentedCodeCache                       = true                                      {product} {ergonomic}
   size_t SoftMaxHeapSize                          = 2147483648                             {manageable} {ergonomic}
     bool UseCompressedClassPointers               = true                           {product lp64_product} {ergonomic}
     bool UseCompressedOops                        = true                           {product lp64_product} {ergonomic}
     bool UseG1GC                                  = true                                      {product} {ergonomic}
     bool UseLargePagesIndividualAllocation        = false                                  {pd product} {ergonomic}

Logging:
Log output configuration:
 #0: stdout all=warning uptime,level,tags
 #1: stderr all=off uptime,level,tags

Environment Variables:
PATH=C:\Program Files\Common Files\Oracle\Java\javapath;C:\Program Files (x86)\Embarcadero\Studio\22.0\bin;C:\Users\Public\Documents\Embarcadero\Studio\22.0\Bpl;C:\Program Files (x86)\Embarcadero\Studio\22.0\bin64;C:\Users\Public\Documents\Embarcadero\Studio\22.0\Bpl\Win64;C:\Program Files (x86)\Embarcadero\Studio\21.0\bin;C:\Users\Public\Documents\Embarcadero\Studio\21.0\Bpl;C:\Program Files (x86)\Embarcadero\Studio\21.0\bin64;C:\Users\Public\Documents\Embarcadero\Studio\21.0\Bpl\Win64;C:\Windows\system32;C:\Windows;C:\Windows\System32\Wbem;C:\Windows\System32\WindowsPowerShell\v1.0\;C:\Windows\System32\OpenSSH\;C:\Program Files (x86)\NVIDIA Corporation\PhysX\Common;C:\Program Files\NVIDIA Corporation\NVIDIA NvDLISR;C:\WINDOWS\system32;C:\WINDOWS;C:\WINDOWS\System32\Wbem;C:\WINDOWS\System32\WindowsPowerShell\v1.0\;C:\WINDOWS\System32\OpenSSH\;C:\Program Files\dotnet\;C:\Program Files (x86)\Windows Kits\10\Windows Performance Toolkit\;C:\Program Files\Git\cmd;C:\Users\scher\AppData\Local\Microsoft\WindowsApps;;C:\Users\scher\AppData\Local\Programs\Microsoft VS Code\bin
USERNAME=scher
OS=Windows_NT
PROCESSOR_IDENTIFIER=Intel64 Family 6 Model 142 Stepping 12, GenuineIntel
TMP=C:\Users\scher\AppData\Local\Temp
TEMP=C:\Users\scher\AppData\Local\Temp


JNI global refs:
JNI global refs: 27, weak refs: 54

JNI global refs memory usage: 843, weak refs: 1473


---------------  S Y S T E M  ---------------

OS:
 Windows 11 , 64 bit Build 22621 (10.0.22621.4391)
OS uptime: 0 days 4:41 hours
Hyper-V role detected

CPU: total 8 (initial active 8) (4 cores per cpu, 2 threads per core) family 6 model 142 stepping 12 microcode 0xea, cx8, cmov, fxsr, ht, mmx, 3dnowpref, sse, sse2, sse3, ssse3, sse4.1, sse4.2, popcnt, lzcnt, tsc, tscinvbit, avx, avx2, aes, erms, clmul, bmi1, bmi2, adx, fma, vzeroupper, clflush, clflushopt, hv

Memory: 4k page, system-wide physical 8072M (379M free)
TotalPageFile size 10120M (AvailPageFile size 35M)
current process WorkingSet (physical memory assigned to process): 499M, peak: 510M
current process commit charge ("private bytes"): 548M, peak: 791M

vm_info: OpenJDK 64-Bit Server VM (17.0.6+0-b2043.56-10027231) for windows-amd64 JRE (17.0.6+0-b2043.56-10027231), built on Apr 28 2023 00:43:19 by "androidbuild" with MS VC++ 16.10 / 16.11 (VS2019)

END.
