#
# There is insufficient memory for the Java Runtime Environment to continue.
# Native memory allocation (mmap) failed to map 185597952 bytes for G1 virtual space
# Possible reasons:
#   The system is out of physical RAM or swap space
#   The process is running with CompressedOops enabled, and the Java Heap may be blocking the growth of the native heap
# Possible solutions:
#   Reduce memory load on the system
#   Increase physical memory or swap space
#   Check if swap backing store is full
#   Decrease Java heap size (-Xmx/-Xms)
#   Decrease number of Java threads
#   Decrease Java thread stack sizes (-Xss)
#   Set larger code cache with -XX:ReservedCodeCacheSize=
#   JVM is running with Unscaled Compressed Oops mode in which the Java heap is
#     placed in the first 4GB address space. The Java Heap base address is the
#     maximum limit for the native heap growth. Please use -XX:HeapBaseMinAddress
#     to set the Java Heap base and to place the Java Heap above 4GB virtual address.
# This output file may be truncated or incomplete.
#
#  Out of Memory Error (os_windows.cpp:3769), pid=8368, tid=9624
#
# JRE version: OpenJDK Runtime Environment (17.0.6) (build 17.0.6+0-b2043.56-10027231)
# Java VM: OpenJDK 64-Bit Server VM (17.0.6+0-b2043.56-10027231, mixed mode, tiered, compressed oops, compressed class ptrs, g1 gc, windows-amd64)
# No core dump will be written. Minidumps are not enabled by default on client versions of Windows
#

---------------  S U M M A R Y ------------

Command Line: --add-opens=java.base/java.util=ALL-UNNAMED --add-opens=java.base/java.lang=ALL-UNNAMED --add-opens=java.base/java.lang.invoke=ALL-UNNAMED --add-opens=java.prefs/java.util.prefs=ALL-UNNAMED --add-opens=java.base/java.nio.charset=ALL-UNNAMED --add-opens=java.base/java.net=ALL-UNNAMED --add-opens=java.base/java.util.concurrent.atomic=ALL-UNNAMED -Xmx2048m -Dfile.encoding=UTF-8 -Duser.country=BR -Duser.language=pt -Duser.variant org.gradle.launcher.daemon.bootstrap.GradleDaemon 8.0

Host: Intel(R) Core(TM) i7-8565U CPU @ 1.80GHz, 8 cores, 7G,  Windows 11 , 64 bit Build 22621 (10.0.22621.3958)
Time: Sun Sep  1 17:22:43 2024 Hora oficial do Brasil elapsed time: 9.694916 seconds (0d 0h 0m 9s)

---------------  T H R E A D  ---------------

Current thread (0x0000022dbc36f500):  VMThread "VM Thread" [stack: 0x0000006758100000,0x0000006758200000] [id=9624]

Stack: [0x0000006758100000,0x0000006758200000]
Native frames: (J=compiled Java code, j=interpreted, Vv=VM code, C=native code)
V  [jvm.dll+0x683c9a]
V  [jvm.dll+0x8427a4]
V  [jvm.dll+0x843f9e]
V  [jvm.dll+0x844603]
V  [jvm.dll+0x249b75]
V  [jvm.dll+0x680b69]
V  [jvm.dll+0x67505a]
V  [jvm.dll+0x309acb]
V  [jvm.dll+0x310f86]
V  [jvm.dll+0x3608ee]
V  [jvm.dll+0x360b1f]
V  [jvm.dll+0x2dfbf8]
V  [jvm.dll+0x2ddec4]
V  [jvm.dll+0x2dd4cc]
V  [jvm.dll+0x322261]
V  [jvm.dll+0x848ccb]
V  [jvm.dll+0x849a04]
V  [jvm.dll+0x849f1d]
V  [jvm.dll+0x84a2f4]
V  [jvm.dll+0x84a3c0]
V  [jvm.dll+0x7f274a]
V  [jvm.dll+0x682ad5]
C  [ucrtbase.dll+0x29333]
C  [KERNEL32.DLL+0x1257d]
C  [ntdll.dll+0x5af28]

VM_Operation (0x0000006759afad20): G1TryInitiateConcMark, mode: safepoint, requested by thread 0x0000022dbfd98050


---------------  P R O C E S S  ---------------

Threads class SMR info:
_java_thread_list=0x0000022dc822e890, length=126, elements={
0x0000022da251f6f0, 0x0000022dbc373bb0, 0x0000022dbc374a20, 0x0000022dbc39e8b0,
0x0000022dbcc3c7f0, 0x0000022dbcc32530, 0x0000022dbcc32ee0, 0x0000022dbcc33c70,
0x0000022dbcc34710, 0x0000022dbcc37110, 0x0000022dbcdc8020, 0x0000022dbcdcc510,
0x0000022dbce72ef0, 0x0000022dbf7b6900, 0x0000022dbe4bc870, 0x0000022dbf478fe0,
0x0000022dbfd9b170, 0x0000022dbfd9b640, 0x0000022dbfd97b80, 0x0000022dbfd98050,
0x0000022dbf6301d0, 0x0000022dbf632380, 0x0000022dbf6319e0, 0x0000022dbf632850,
0x0000022dbf632d20, 0x0000022dbf6331f0, 0x0000022dbf630b70, 0x0000022dbf6336c0,
0x0000022dbf633b90, 0x0000022dbf6306a0, 0x0000022dbf631040, 0x0000022dbf631510,
0x0000022dbf631eb0, 0x0000022dbe73a0f0, 0x0000022dbe736260, 0x0000022dbe7358c0,
0x0000022dbe735d90, 0x0000022dbe736c00, 0x0000022dbe737a70, 0x0000022dbe734a50,
0x0000022dbe738410, 0x0000022dbfd33b10, 0x0000022dbe736730, 0x0000022dbe738db0,
0x0000022dbe73b900, 0x0000022dbe737f40, 0x0000022dbe73aa90, 0x0000022dbe734f20,
0x0000022dbe73bdd0, 0x0000022dbe739280, 0x0000022dbe739750, 0x0000022dbe73a5c0,
0x0000022dbe73af60, 0x0000022dbe7353f0, 0x0000022dbe73b430, 0x0000022dbe734580,
0x0000022dbdcb1d90, 0x0000022dbdcaf710, 0x0000022dbdcad560, 0x0000022dbdcb3a70,
0x0000022dbdcae3d0, 0x0000022dbdcb0a50, 0x0000022dbdcaed70, 0x0000022dbdcafbe0,
0x0000022dbdcada30, 0x0000022dbdcb00b0, 0x0000022dbdcadf00, 0x0000022dbdcb0f20,
0x0000022dbdcae8a0, 0x0000022dbdcb30d0, 0x0000022dbdcb2c00, 0x0000022dbdcb0580,
0x0000022dbdcaf240, 0x0000022dbdcb2260, 0x0000022dbdcb13f0, 0x0000022dbdcb18c0,
0x0000022dbdcb35a0, 0x0000022dbdcb2730, 0x0000022dbdcacbc0, 0x0000022dbdcb3f40,
0x0000022dbdcb4410, 0x0000022dbdcad090, 0x0000022dc15ea300, 0x0000022dc15e5130,
0x0000022dc15e7c80, 0x0000022dc15ea7d0, 0x0000022dc15e9960, 0x0000022dc15e5fa0,
0x0000022dc15e42c0, 0x0000022dc15e9490, 0x0000022dc15e4790, 0x0000022dc15eaca0,
0x0000022dc15e72e0, 0x0000022dc15e6e10, 0x0000022dc15e4c60, 0x0000022dc15e8af0,
0x0000022dc15e77b0, 0x0000022dc15e8150, 0x0000022dc15e8620, 0x0000022dc15e5600,
0x0000022dc15e8fc0, 0x0000022dc15e5ad0, 0x0000022dc15e6470, 0x0000022dc15e6940,
0x0000022dc15eb640, 0x0000022dc15eb170, 0x0000022dc15e9e30, 0x0000022dc15e3df0,
0x0000022dbf821c80, 0x0000022dbf822620, 0x0000022dbf822fc0, 0x0000022dbf822150,
0x0000022dbf81fad0, 0x0000022dbf81ddf0, 0x0000022dbf81d450, 0x0000022dbf820e10,
0x0000022dbf8212e0, 0x0000022dbf81e2c0, 0x0000022dbf823490, 0x0000022dbf8217b0,
0x0000022dbf81ec60, 0x0000022dbf81ffa0, 0x0000022dbf823960, 0x0000022dbf81e790,
0x0000022dbf820940, 0x0000022dbf824300
}

Java Threads: ( => current thread )
  0x0000022da251f6f0 JavaThread "main" [_thread_blocked, id=16768, stack(0x0000006757b00000,0x0000006757c00000)]
  0x0000022dbc373bb0 JavaThread "Reference Handler" daemon [_thread_blocked, id=8968, stack(0x0000006758200000,0x0000006758300000)]
  0x0000022dbc374a20 JavaThread "Finalizer" daemon [_thread_blocked, id=9508, stack(0x0000006758300000,0x0000006758400000)]
  0x0000022dbc39e8b0 JavaThread "Signal Dispatcher" daemon [_thread_blocked, id=7440, stack(0x0000006758400000,0x0000006758500000)]
  0x0000022dbcc3c7f0 JavaThread "Attach Listener" daemon [_thread_blocked, id=12612, stack(0x0000006758500000,0x0000006758600000)]
  0x0000022dbcc32530 JavaThread "Service Thread" daemon [_thread_blocked, id=12056, stack(0x0000006758600000,0x0000006758700000)]
  0x0000022dbcc32ee0 JavaThread "Monitor Deflation Thread" daemon [_thread_blocked, id=9712, stack(0x0000006758700000,0x0000006758800000)]
  0x0000022dbcc33c70 JavaThread "C2 CompilerThread0" daemon [_thread_blocked, id=2488, stack(0x0000006758800000,0x0000006758900000)]
  0x0000022dbcc34710 JavaThread "C1 CompilerThread0" daemon [_thread_blocked, id=4576, stack(0x0000006758900000,0x0000006758a00000)]
  0x0000022dbcc37110 JavaThread "Sweeper thread" daemon [_thread_blocked, id=6412, stack(0x0000006758a00000,0x0000006758b00000)]
  0x0000022dbcdc8020 JavaThread "Common-Cleaner" daemon [_thread_blocked, id=16856, stack(0x0000006758b00000,0x0000006758c00000)]
  0x0000022dbcdcc510 JavaThread "Notification Thread" daemon [_thread_blocked, id=11032, stack(0x0000006758c00000,0x0000006758d00000)]
  0x0000022dbce72ef0 JavaThread "C2 CompilerThread1" daemon [_thread_in_native, id=4496, stack(0x0000006758e00000,0x0000006758f00000)]
  0x0000022dbf7b6900 JavaThread "Daemon health stats" [_thread_blocked, id=6392, stack(0x0000006759400000,0x0000006759500000)]
  0x0000022dbe4bc870 JavaThread "Incoming local TCP Connector on port 52809" [_thread_in_native, id=12816, stack(0x0000006759500000,0x0000006759600000)]
  0x0000022dbf478fe0 JavaThread "Daemon periodic checks" [_thread_blocked, id=3676, stack(0x0000006759600000,0x0000006759700000)]
  0x0000022dbfd9b170 JavaThread "Daemon" [_thread_blocked, id=10516, stack(0x0000006759700000,0x0000006759800000)]
  0x0000022dbfd9b640 JavaThread "Handler for socket connection from /127.0.0.1:52809 to /127.0.0.1:52810" [_thread_in_native, id=9288, stack(0x0000006759800000,0x0000006759900000)]
  0x0000022dbfd97b80 JavaThread "Cancel handler" [_thread_blocked, id=12500, stack(0x0000006759900000,0x0000006759a00000)]
  0x0000022dbfd98050 JavaThread "Daemon worker" [_thread_blocked, id=9784, stack(0x0000006759a00000,0x0000006759b00000)]
  0x0000022dbf6301d0 JavaThread "Asynchronous log dispatcher for DefaultDaemonConnection: socket connection from /127.0.0.1:52809 to /127.0.0.1:52810" [_thread_blocked, id=9368, stack(0x0000006759b00000,0x0000006759c00000)]
  0x0000022dbf632380 JavaThread "Stdin handler" [_thread_blocked, id=14820, stack(0x0000006759c00000,0x0000006759d00000)]
  0x0000022dbf6319e0 JavaThread "Daemon client event forwarder" [_thread_blocked, id=10616, stack(0x0000006759d00000,0x0000006759e00000)]
  0x0000022dbf632850 JavaThread "Cache worker for journal cache (C:\Users\scher\.gradle\caches\journal-1)" [_thread_blocked, id=13876, stack(0x000000675a200000,0x000000675a300000)]
  0x0000022dbf632d20 JavaThread "File lock request listener" [_thread_in_native, id=5240, stack(0x000000675a300000,0x000000675a400000)]
  0x0000022dbf6331f0 JavaThread "Cache worker for file hash cache (C:\Users\scher\.gradle\caches\8.0\fileHashes)" [_thread_blocked, id=10936, stack(0x000000675a400000,0x000000675a500000)]
  0x0000022dbf630b70 JavaThread "File watcher server" daemon [_thread_in_native, id=15200, stack(0x000000675a500000,0x000000675a600000)]
  0x0000022dbf6336c0 JavaThread "File watcher consumer" daemon [_thread_blocked, id=14884, stack(0x000000675a600000,0x000000675a700000)]
  0x0000022dbf633b90 JavaThread "jar transforms" [_thread_blocked, id=13376, stack(0x000000675a700000,0x000000675a800000)]
  0x0000022dbf6306a0 JavaThread "jar transforms Thread 2" [_thread_blocked, id=2464, stack(0x000000675a800000,0x000000675a900000)]
  0x0000022dbf631040 JavaThread "jar transforms Thread 3" [_thread_blocked, id=1664, stack(0x000000675a900000,0x000000675aa00000)]
  0x0000022dbf631510 JavaThread "jar transforms Thread 4" [_thread_blocked, id=2552, stack(0x000000675aa00000,0x000000675ab00000)]
  0x0000022dbf631eb0 JavaThread "jar transforms Thread 5" [_thread_blocked, id=14192, stack(0x000000675ab00000,0x000000675ac00000)]
  0x0000022dbe73a0f0 JavaThread "jar transforms Thread 6" [_thread_blocked, id=5848, stack(0x000000675ac00000,0x000000675ad00000)]
  0x0000022dbe736260 JavaThread "jar transforms Thread 7" [_thread_blocked, id=8332, stack(0x000000675ad00000,0x000000675ae00000)]
  0x0000022dbe7358c0 JavaThread "jar transforms Thread 8" [_thread_blocked, id=7268, stack(0x000000675ae00000,0x000000675af00000)]
  0x0000022dbe735d90 JavaThread "Cache worker for checksums cache (C:\Users\scher\Documents\PROJETOS ANDROID\RECICLAAI\.gradle\8.0\checksums)" [_thread_blocked, id=7996, stack(0x0000006759300000,0x0000006759400000)]
  0x0000022dbe736c00 JavaThread "Cache worker for cache directory md-rule (C:\Users\scher\.gradle\caches\8.0\md-rule)" [_thread_blocked, id=7544, stack(0x000000675af00000,0x000000675b000000)]
  0x0000022dbe737a70 JavaThread "Cache worker for file content cache (C:\Users\scher\.gradle\caches\8.0\fileContent)" [_thread_blocked, id=4680, stack(0x000000675b000000,0x000000675b100000)]
  0x0000022dbe734a50 JavaThread "Cache worker for file hash cache (C:\Users\scher\Documents\PROJETOS ANDROID\RECICLAAI\.gradle\8.0\fileHashes)" [_thread_blocked, id=15620, stack(0x000000675b100000,0x000000675b200000)]
  0x0000022dbe738410 JavaThread "Cache worker for cache directory md-supplier (C:\Users\scher\.gradle\caches\8.0\md-supplier)" [_thread_blocked, id=17180, stack(0x000000675b200000,0x000000675b300000)]
  0x0000022dbfd33b10 JavaThread "C2 CompilerThread2" daemon [_thread_blocked, id=15796, stack(0x000000675b300000,0x000000675b400000)]
  0x0000022dbe736730 JavaThread "Cache worker for execution history cache (C:\Users\scher\.gradle\caches\8.0\executionHistory)" [_thread_blocked, id=8012, stack(0x000000675b400000,0x000000675b500000)]
  0x0000022dbe738db0 JavaThread "Cache worker for dependencies-accessors (C:\Users\scher\Documents\PROJETOS ANDROID\RECICLAAI\.gradle\8.0\dependencies-accessors)" [_thread_blocked, id=16212, stack(0x000000675b500000,0x000000675b600000)]
  0x0000022dbe73b900 JavaThread "Cache worker for Build Output Cleanup Cache (C:\Users\scher\Documents\PROJETOS ANDROID\RECICLAAI\.gradle\buildOutputCleanup)" [_thread_blocked, id=2252, stack(0x000000675b600000,0x000000675b700000)]
  0x0000022dbe737f40 JavaThread "Unconstrained build operations" [_thread_blocked, id=2388, stack(0x000000675b700000,0x000000675b800000)]
  0x0000022dbe73aa90 JavaThread "Unconstrained build operations Thread 2" [_thread_blocked, id=2660, stack(0x000000675b800000,0x000000675b900000)]
  0x0000022dbe734f20 JavaThread "Unconstrained build operations Thread 3" [_thread_blocked, id=6264, stack(0x000000675b900000,0x000000675ba00000)]
  0x0000022dbe73bdd0 JavaThread "Unconstrained build operations Thread 4" [_thread_blocked, id=15524, stack(0x000000675ba00000,0x000000675bb00000)]
  0x0000022dbe739280 JavaThread "Unconstrained build operations Thread 5" [_thread_blocked, id=13024, stack(0x000000675bb00000,0x000000675bc00000)]
  0x0000022dbe739750 JavaThread "Unconstrained build operations Thread 6" [_thread_blocked, id=16124, stack(0x000000675bc00000,0x000000675bd00000)]
  0x0000022dbe73a5c0 JavaThread "Unconstrained build operations Thread 7" [_thread_blocked, id=8936, stack(0x000000675bd00000,0x000000675be00000)]
  0x0000022dbe73af60 JavaThread "Unconstrained build operations Thread 8" [_thread_blocked, id=3276, stack(0x000000675be00000,0x000000675bf00000)]
  0x0000022dbe7353f0 JavaThread "Unconstrained build operations Thread 9" [_thread_blocked, id=12520, stack(0x000000675bf00000,0x000000675c000000)]
  0x0000022dbe73b430 JavaThread "Unconstrained build operations Thread 10" [_thread_blocked, id=12484, stack(0x000000675c000000,0x000000675c100000)]
  0x0000022dbe734580 JavaThread "Unconstrained build operations Thread 11" [_thread_blocked, id=12832, stack(0x000000675c100000,0x000000675c200000)]
  0x0000022dbdcb1d90 JavaThread "Unconstrained build operations Thread 12" [_thread_blocked, id=7128, stack(0x000000675c200000,0x000000675c300000)]
  0x0000022dbdcaf710 JavaThread "Unconstrained build operations Thread 13" [_thread_blocked, id=17188, stack(0x000000675c300000,0x000000675c400000)]
  0x0000022dbdcad560 JavaThread "Unconstrained build operations Thread 14" [_thread_blocked, id=17176, stack(0x000000675c400000,0x000000675c500000)]
  0x0000022dbdcb3a70 JavaThread "Unconstrained build operations Thread 15" [_thread_blocked, id=10532, stack(0x000000675c500000,0x000000675c600000)]
  0x0000022dbdcae3d0 JavaThread "Unconstrained build operations Thread 16" [_thread_blocked, id=8984, stack(0x000000675c600000,0x000000675c700000)]
  0x0000022dbdcb0a50 JavaThread "Unconstrained build operations Thread 17" [_thread_blocked, id=8468, stack(0x000000675c700000,0x000000675c800000)]
  0x0000022dbdcaed70 JavaThread "Unconstrained build operations Thread 18" [_thread_blocked, id=5784, stack(0x000000675c800000,0x000000675c900000)]
  0x0000022dbdcafbe0 JavaThread "Unconstrained build operations Thread 19" [_thread_blocked, id=16828, stack(0x000000675c900000,0x000000675ca00000)]
  0x0000022dbdcada30 JavaThread "Unconstrained build operations Thread 20" [_thread_blocked, id=4564, stack(0x000000675ca00000,0x000000675cb00000)]
  0x0000022dbdcb00b0 JavaThread "Unconstrained build operations Thread 21" [_thread_blocked, id=5476, stack(0x000000675cb00000,0x000000675cc00000)]
  0x0000022dbdcadf00 JavaThread "Unconstrained build operations Thread 22" [_thread_blocked, id=12156, stack(0x000000675cc00000,0x000000675cd00000)]
  0x0000022dbdcb0f20 JavaThread "Unconstrained build operations Thread 23" [_thread_blocked, id=13060, stack(0x000000675cd00000,0x000000675ce00000)]
  0x0000022dbdcae8a0 JavaThread "Unconstrained build operations Thread 24" [_thread_blocked, id=11288, stack(0x000000675ce00000,0x000000675cf00000)]
  0x0000022dbdcb30d0 JavaThread "Unconstrained build operations Thread 25" [_thread_blocked, id=14592, stack(0x000000675cf00000,0x000000675d000000)]
  0x0000022dbdcb2c00 JavaThread "Unconstrained build operations Thread 26" [_thread_blocked, id=15760, stack(0x000000675d000000,0x000000675d100000)]
  0x0000022dbdcb0580 JavaThread "Unconstrained build operations Thread 27" [_thread_blocked, id=14844, stack(0x000000675d100000,0x000000675d200000)]
  0x0000022dbdcaf240 JavaThread "Unconstrained build operations Thread 28" [_thread_blocked, id=11204, stack(0x000000675d200000,0x000000675d300000)]
  0x0000022dbdcb2260 JavaThread "Unconstrained build operations Thread 29" [_thread_blocked, id=796, stack(0x000000675d300000,0x000000675d400000)]
  0x0000022dbdcb13f0 JavaThread "Unconstrained build operations Thread 30" [_thread_blocked, id=14936, stack(0x000000675d400000,0x000000675d500000)]
  0x0000022dbdcb18c0 JavaThread "Unconstrained build operations Thread 31" [_thread_blocked, id=12364, stack(0x000000675d500000,0x000000675d600000)]
  0x0000022dbdcb35a0 JavaThread "Unconstrained build operations Thread 32" [_thread_blocked, id=15916, stack(0x000000675d600000,0x000000675d700000)]
  0x0000022dbdcb2730 JavaThread "Unconstrained build operations Thread 33" [_thread_blocked, id=15472, stack(0x000000675d700000,0x000000675d800000)]
  0x0000022dbdcacbc0 JavaThread "Unconstrained build operations Thread 34" [_thread_blocked, id=836, stack(0x000000675d800000,0x000000675d900000)]
  0x0000022dbdcb3f40 JavaThread "Unconstrained build operations Thread 35" [_thread_blocked, id=16004, stack(0x000000675d900000,0x000000675da00000)]
  0x0000022dbdcb4410 JavaThread "Unconstrained build operations Thread 36" [_thread_blocked, id=16536, stack(0x000000675da00000,0x000000675db00000)]
  0x0000022dbdcad090 JavaThread "Unconstrained build operations Thread 37" [_thread_blocked, id=5772, stack(0x000000675db00000,0x000000675dc00000)]
  0x0000022dc15ea300 JavaThread "Unconstrained build operations Thread 38" [_thread_blocked, id=14728, stack(0x000000675dc00000,0x000000675dd00000)]
  0x0000022dc15e5130 JavaThread "Unconstrained build operations Thread 39" [_thread_blocked, id=9500, stack(0x000000675dd00000,0x000000675de00000)]
  0x0000022dc15e7c80 JavaThread "Unconstrained build operations Thread 40" [_thread_blocked, id=4196, stack(0x000000675de00000,0x000000675df00000)]
  0x0000022dc15ea7d0 JavaThread "Unconstrained build operations Thread 41" [_thread_blocked, id=5320, stack(0x000000675df00000,0x000000675e000000)]
  0x0000022dc15e9960 JavaThread "Unconstrained build operations Thread 42" [_thread_blocked, id=15632, stack(0x000000675e000000,0x000000675e100000)]
  0x0000022dc15e5fa0 JavaThread "Unconstrained build operations Thread 43" [_thread_blocked, id=1904, stack(0x000000675e100000,0x000000675e200000)]
  0x0000022dc15e42c0 JavaThread "Unconstrained build operations Thread 44" [_thread_blocked, id=12608, stack(0x000000675e200000,0x000000675e300000)]
  0x0000022dc15e9490 JavaThread "Unconstrained build operations Thread 45" [_thread_blocked, id=7516, stack(0x000000675e300000,0x000000675e400000)]
  0x0000022dc15e4790 JavaThread "Unconstrained build operations Thread 46" [_thread_blocked, id=15852, stack(0x000000675e400000,0x000000675e500000)]
  0x0000022dc15eaca0 JavaThread "Unconstrained build operations Thread 47" [_thread_blocked, id=13852, stack(0x000000675e500000,0x000000675e600000)]
  0x0000022dc15e72e0 JavaThread "Unconstrained build operations Thread 48" [_thread_blocked, id=6864, stack(0x000000675e600000,0x000000675e700000)]
  0x0000022dc15e6e10 JavaThread "Unconstrained build operations Thread 49" [_thread_blocked, id=3800, stack(0x000000675e700000,0x000000675e800000)]
  0x0000022dc15e4c60 JavaThread "Unconstrained build operations Thread 50" [_thread_blocked, id=16676, stack(0x000000675e800000,0x000000675e900000)]
  0x0000022dc15e8af0 JavaThread "Unconstrained build operations Thread 51" [_thread_blocked, id=2964, stack(0x000000675e900000,0x000000675ea00000)]
  0x0000022dc15e77b0 JavaThread "Unconstrained build operations Thread 52" [_thread_blocked, id=16860, stack(0x000000675ea00000,0x000000675eb00000)]
  0x0000022dc15e8150 JavaThread "Unconstrained build operations Thread 53" [_thread_blocked, id=4136, stack(0x000000675eb00000,0x000000675ec00000)]
  0x0000022dc15e8620 JavaThread "Unconstrained build operations Thread 54" [_thread_blocked, id=15704, stack(0x000000675ec00000,0x000000675ed00000)]
  0x0000022dc15e5600 JavaThread "Unconstrained build operations Thread 55" [_thread_blocked, id=15580, stack(0x000000675ed00000,0x000000675ee00000)]
  0x0000022dc15e8fc0 JavaThread "Unconstrained build operations Thread 56" [_thread_blocked, id=16608, stack(0x000000675ee00000,0x000000675ef00000)]
  0x0000022dc15e5ad0 JavaThread "Unconstrained build operations Thread 57" [_thread_blocked, id=11336, stack(0x000000675ef00000,0x000000675f000000)]
  0x0000022dc15e6470 JavaThread "Unconstrained build operations Thread 58" [_thread_blocked, id=5160, stack(0x000000675f000000,0x000000675f100000)]
  0x0000022dc15e6940 JavaThread "Unconstrained build operations Thread 59" [_thread_blocked, id=14488, stack(0x000000675f100000,0x000000675f200000)]
  0x0000022dc15eb640 JavaThread "Unconstrained build operations Thread 60" [_thread_blocked, id=5236, stack(0x000000675f200000,0x000000675f300000)]
  0x0000022dc15eb170 JavaThread "Unconstrained build operations Thread 61" [_thread_blocked, id=16784, stack(0x000000675f300000,0x000000675f400000)]
  0x0000022dc15e9e30 JavaThread "Unconstrained build operations Thread 62" [_thread_blocked, id=8756, stack(0x000000675f400000,0x000000675f500000)]
  0x0000022dc15e3df0 JavaThread "Unconstrained build operations Thread 63" [_thread_blocked, id=6432, stack(0x000000675f500000,0x000000675f600000)]
  0x0000022dbf821c80 JavaThread "Unconstrained build operations Thread 64" [_thread_blocked, id=1960, stack(0x000000675f600000,0x000000675f700000)]
  0x0000022dbf822620 JavaThread "Unconstrained build operations Thread 65" [_thread_blocked, id=9932, stack(0x000000675f700000,0x000000675f800000)]
  0x0000022dbf822fc0 JavaThread "Unconstrained build operations Thread 66" [_thread_blocked, id=6420, stack(0x000000675f800000,0x000000675f900000)]
  0x0000022dbf822150 JavaThread "Unconstrained build operations Thread 67" [_thread_blocked, id=15868, stack(0x000000675f900000,0x000000675fa00000)]
  0x0000022dbf81fad0 JavaThread "Unconstrained build operations Thread 68" [_thread_blocked, id=12352, stack(0x000000675fa00000,0x000000675fb00000)]
  0x0000022dbf81ddf0 JavaThread "Unconstrained build operations Thread 69" [_thread_blocked, id=4020, stack(0x000000675fb00000,0x000000675fc00000)]
  0x0000022dbf81d450 JavaThread "Unconstrained build operations Thread 70" [_thread_blocked, id=8684, stack(0x000000675fc00000,0x000000675fd00000)]
  0x0000022dbf820e10 JavaThread "Unconstrained build operations Thread 71" [_thread_blocked, id=2748, stack(0x000000675fd00000,0x000000675fe00000)]
  0x0000022dbf8212e0 JavaThread "Unconstrained build operations Thread 72" [_thread_blocked, id=11064, stack(0x000000675fe00000,0x000000675ff00000)]
  0x0000022dbf81e2c0 JavaThread "Unconstrained build operations Thread 73" [_thread_blocked, id=16288, stack(0x000000675ff00000,0x0000006760000000)]
  0x0000022dbf823490 JavaThread "Unconstrained build operations Thread 74" [_thread_blocked, id=14428, stack(0x0000006760000000,0x0000006760100000)]
  0x0000022dbf8217b0 JavaThread "Unconstrained build operations Thread 75" [_thread_blocked, id=12792, stack(0x0000006760100000,0x0000006760200000)]
  0x0000022dbf81ec60 JavaThread "Unconstrained build operations Thread 76" [_thread_blocked, id=15780, stack(0x0000006760200000,0x0000006760300000)]
  0x0000022dbf81ffa0 JavaThread "Unconstrained build operations Thread 77" [_thread_blocked, id=3916, stack(0x0000006760300000,0x0000006760400000)]
  0x0000022dbf823960 JavaThread "Unconstrained build operations Thread 78" [_thread_blocked, id=2132, stack(0x0000006760400000,0x0000006760500000)]
  0x0000022dbf81e790 JavaThread "Unconstrained build operations Thread 79" [_thread_blocked, id=9412, stack(0x0000006760500000,0x0000006760600000)]
  0x0000022dbf820940 JavaThread "Unconstrained build operations Thread 80" [_thread_blocked, id=7076, stack(0x0000006760600000,0x0000006760700000)]
  0x0000022dbf824300 JavaThread "Memory manager" [_thread_blocked, id=15544, stack(0x0000006760700000,0x0000006760800000)]

Other Threads:
=>0x0000022dbc36f500 VMThread "VM Thread" [stack: 0x0000006758100000,0x0000006758200000] [id=9624]
  0x0000022da259e800 WatcherThread [stack: 0x0000006758d00000,0x0000006758e00000] [id=14960]
  0x0000022da257d6a0 GCTaskThread "GC Thread#0" [stack: 0x0000006757c00000,0x0000006757d00000] [id=11576]
  0x0000022dbde640b0 GCTaskThread "GC Thread#1" [stack: 0x0000006759000000,0x0000006759100000] [id=5048]
  0x0000022dbdc35ac0 GCTaskThread "GC Thread#2" [stack: 0x0000006759100000,0x0000006759200000] [id=10696]
  0x0000022dbd66e390 GCTaskThread "GC Thread#3" [stack: 0x0000006759200000,0x0000006759300000] [id=12440]
  0x0000022dbe558f20 GCTaskThread "GC Thread#4" [stack: 0x0000006758f00000,0x0000006759000000] [id=12824]
  0x0000022dbe1228c0 GCTaskThread "GC Thread#5" [stack: 0x0000006759e00000,0x0000006759f00000] [id=14780]
  0x0000022dbfd95000 GCTaskThread "GC Thread#6" [stack: 0x0000006759f00000,0x000000675a000000] [id=14696]
  0x0000022dbe4ba4a0 GCTaskThread "GC Thread#7" [stack: 0x000000675a000000,0x000000675a100000] [id=2820]
  0x0000022da258e5e0 ConcurrentGCThread "G1 Main Marker" [stack: 0x0000006757d00000,0x0000006757e00000] [id=14184]
  0x0000022da258eff0 ConcurrentGCThread "G1 Conc#0" [stack: 0x0000006757e00000,0x0000006757f00000] [id=16400]
  0x0000022dbe75e590 ConcurrentGCThread "G1 Conc#1" [stack: 0x000000675a100000,0x000000675a200000] [id=9552]
  0x0000022da25deb80 ConcurrentGCThread "G1 Refine#0" [stack: 0x0000006757f00000,0x0000006758000000] [id=9236]
  0x0000022dbc1dc760 ConcurrentGCThread "G1 Service" [stack: 0x0000006758000000,0x0000006758100000] [id=13208]

Threads with active compile tasks:
C2 CompilerThread0     9722 7817       4       java.net.URL::equals (27 bytes)
C2 CompilerThread1     9722 7530 %     4       org.gradle.internal.instantiation.generator.AbstractClassGenerator::inspectType @ 207 (560 bytes)

VM state: at safepoint (normal execution)

VM Mutex/Monitor currently owned by a thread:  ([mutex/lock_event])
[0x0000022da251aba0] Threads_lock - owner thread: 0x0000022dbc36f500
[0x0000022da2519ac0] Heap_lock - owner thread: 0x0000022dbfd98050

Heap address: 0x0000000080000000, size: 2048 MB, Compressed Oops mode: 32-bit

CDS archive(s) not mapped
Compressed class space mapped at: 0x0000000100000000-0x0000000140000000, reserved size: 1073741824
Narrow klass base: 0x0000000000000000, Narrow klass shift: 3, Narrow klass range: 0x140000000

GC Precious Log:
 CPUs: 8 total, 8 available
 Memory: 8072M
 Large Page Support: Disabled
 NUMA Support: Disabled
 Compressed Oops: Enabled (32-bit)
 Heap Region Size: 1M
 Heap Min Capacity: 8M
 Heap Initial Capacity: 128M
 Heap Max Capacity: 2G
 Pre-touch: Disabled
 Parallel Workers: 8
 Concurrent Workers: 2
 Concurrent Refinement Workers: 8
 Periodic GC: Disabled

Heap:
 garbage-first heap   total 181248K, used 98249K [0x0000000080000000, 0x0000000100000000)
  region size 1024K, 3 young (3072K), 3 survivors (3072K)
 Metaspace       used 77209K, committed 77888K, reserved 1122304K
  class space    used 10495K, committed 10816K, reserved 1048576K

Heap Regions: E=young(eden), S=young(survivor), O=old, HS=humongous(starts), HC=humongous(continues), CS=collection set, F=free, OA=open archive, CA=closed archive, TAMS=top-at-mark-start (previous, next)
|   0|0x0000000080000000, 0x0000000080100000, 0x0000000080100000|100%|HS|  |TAMS 0x0000000080100000, 0x0000000080100000| Complete 
|   1|0x0000000080100000, 0x0000000080200000, 0x0000000080200000|100%|HC|  |TAMS 0x0000000080200000, 0x0000000080200000| Complete 
|   2|0x0000000080200000, 0x0000000080300000, 0x0000000080300000|100%|HC|  |TAMS 0x0000000080300000, 0x0000000080300000| Complete 
|   3|0x0000000080300000, 0x0000000080400000, 0x0000000080400000|100%|HC|  |TAMS 0x0000000080400000, 0x0000000080400000| Complete 
|   4|0x0000000080400000, 0x0000000080500000, 0x0000000080500000|100%| O|  |TAMS 0x0000000080500000, 0x0000000080500000| Untracked 
|   5|0x0000000080500000, 0x0000000080500000, 0x0000000080600000|  0%| F|  |TAMS 0x0000000080500000, 0x0000000080500000| Untracked 
|   6|0x0000000080600000, 0x0000000080700000, 0x0000000080700000|100%| O|  |TAMS 0x0000000080700000, 0x0000000080700000| Untracked 
|   7|0x0000000080700000, 0x0000000080800000, 0x0000000080800000|100%| O|  |TAMS 0x0000000080800000, 0x0000000080800000| Untracked 
|   8|0x0000000080800000, 0x0000000080900000, 0x0000000080900000|100%| O|  |TAMS 0x0000000080900000, 0x0000000080900000| Untracked 
|   9|0x0000000080900000, 0x0000000080a00000, 0x0000000080a00000|100%| O|  |TAMS 0x0000000080a00000, 0x0000000080a00000| Untracked 
|  10|0x0000000080a00000, 0x0000000080b00000, 0x0000000080b00000|100%| O|  |TAMS 0x0000000080b00000, 0x0000000080b00000| Untracked 
|  11|0x0000000080b00000, 0x0000000080c00000, 0x0000000080c00000|100%| O|  |TAMS 0x0000000080b00000, 0x0000000080c00000| Untracked 
|  12|0x0000000080c00000, 0x0000000080d00000, 0x0000000080d00000|100%| O|  |TAMS 0x0000000080d00000, 0x0000000080d00000| Untracked 
|  13|0x0000000080d00000, 0x0000000080e00000, 0x0000000080e00000|100%| O|  |TAMS 0x0000000080e00000, 0x0000000080e00000| Untracked 
|  14|0x0000000080e00000, 0x0000000080f00000, 0x0000000080f00000|100%| O|  |TAMS 0x0000000080f00000, 0x0000000080f00000| Untracked 
|  15|0x0000000080f00000, 0x0000000081000000, 0x0000000081000000|100%| O|  |TAMS 0x0000000081000000, 0x0000000081000000| Untracked 
|  16|0x0000000081000000, 0x0000000081100000, 0x0000000081100000|100%| O|  |TAMS 0x0000000081100000, 0x0000000081100000| Untracked 
|  17|0x0000000081100000, 0x0000000081200000, 0x0000000081200000|100%| O|  |TAMS 0x0000000081200000, 0x0000000081200000| Untracked 
|  18|0x0000000081200000, 0x0000000081300000, 0x0000000081300000|100%| O|  |TAMS 0x0000000081300000, 0x0000000081300000| Untracked 
|  19|0x0000000081300000, 0x0000000081400000, 0x0000000081400000|100%|HS|  |TAMS 0x0000000081400000, 0x0000000081400000| Complete 
|  20|0x0000000081400000, 0x0000000081500000, 0x0000000081500000|100%|HC|  |TAMS 0x0000000081500000, 0x0000000081500000| Complete 
|  21|0x0000000081500000, 0x0000000081600000, 0x0000000081600000|100%|HS|  |TAMS 0x0000000081600000, 0x0000000081600000| Complete 
|  22|0x0000000081600000, 0x0000000081700000, 0x0000000081700000|100%|HC|  |TAMS 0x0000000081700000, 0x0000000081700000| Complete 
|  23|0x0000000081700000, 0x0000000081800000, 0x0000000081800000|100%|HC|  |TAMS 0x0000000081800000, 0x0000000081800000| Complete 
|  24|0x0000000081800000, 0x0000000081900000, 0x0000000081900000|100%| O|  |TAMS 0x0000000081900000, 0x0000000081900000| Untracked 
|  25|0x0000000081900000, 0x0000000081a00000, 0x0000000081a00000|100%| O|  |TAMS 0x0000000081a00000, 0x0000000081a00000| Untracked 
|  26|0x0000000081a00000, 0x0000000081b00000, 0x0000000081b00000|100%| O|  |TAMS 0x0000000081b00000, 0x0000000081b00000| Untracked 
|  27|0x0000000081b00000, 0x0000000081c00000, 0x0000000081c00000|100%|HS|  |TAMS 0x0000000081c00000, 0x0000000081c00000| Complete 
|  28|0x0000000081c00000, 0x0000000081d00000, 0x0000000081d00000|100%|HC|  |TAMS 0x0000000081d00000, 0x0000000081d00000| Complete 
|  29|0x0000000081d00000, 0x0000000081e00000, 0x0000000081e00000|100%|HC|  |TAMS 0x0000000081e00000, 0x0000000081e00000| Complete 
|  30|0x0000000081e00000, 0x0000000081f00000, 0x0000000081f00000|100%| O|  |TAMS 0x0000000081f00000, 0x0000000081f00000| Untracked 
|  31|0x0000000081f00000, 0x0000000082000000, 0x0000000082000000|100%| O|  |TAMS 0x0000000082000000, 0x0000000082000000| Untracked 
|  32|0x0000000082000000, 0x0000000082100000, 0x0000000082100000|100%| O|  |TAMS 0x0000000082100000, 0x0000000082100000| Untracked 
|  33|0x0000000082100000, 0x0000000082200000, 0x0000000082200000|100%|HS|  |TAMS 0x0000000082200000, 0x0000000082200000| Complete 
|  34|0x0000000082200000, 0x0000000082300000, 0x0000000082300000|100%|HC|  |TAMS 0x0000000082300000, 0x0000000082300000| Complete 
|  35|0x0000000082300000, 0x0000000082400000, 0x0000000082400000|100%| O|  |TAMS 0x0000000082400000, 0x0000000082400000| Untracked 
|  36|0x0000000082400000, 0x0000000082500000, 0x0000000082500000|100%| O|  |TAMS 0x0000000082500000, 0x0000000082500000| Untracked 
|  37|0x0000000082500000, 0x0000000082600000, 0x0000000082600000|100%| O|  |TAMS 0x0000000082600000, 0x0000000082600000| Untracked 
|  38|0x0000000082600000, 0x0000000082700000, 0x0000000082700000|100%| O|  |TAMS 0x0000000082700000, 0x0000000082700000| Untracked 
|  39|0x0000000082700000, 0x0000000082800000, 0x0000000082800000|100%| O|  |TAMS 0x0000000082800000, 0x0000000082800000| Untracked 
|  40|0x0000000082800000, 0x0000000082900000, 0x0000000082900000|100%| O|  |TAMS 0x0000000082900000, 0x0000000082900000| Untracked 
|  41|0x0000000082900000, 0x0000000082a00000, 0x0000000082a00000|100%| O|  |TAMS 0x0000000082a00000, 0x0000000082a00000| Untracked 
|  42|0x0000000082a00000, 0x0000000082b00000, 0x0000000082b00000|100%| O|  |TAMS 0x0000000082b00000, 0x0000000082b00000| Untracked 
|  43|0x0000000082b00000, 0x0000000082c00000, 0x0000000082c00000|100%|HS|  |TAMS 0x0000000082c00000, 0x0000000082c00000| Complete 
|  44|0x0000000082c00000, 0x0000000082d00000, 0x0000000082d00000|100%|HC|  |TAMS 0x0000000082d00000, 0x0000000082d00000| Complete 
|  45|0x0000000082d00000, 0x0000000082e00000, 0x0000000082e00000|100%|HC|  |TAMS 0x0000000082e00000, 0x0000000082e00000| Complete 
|  46|0x0000000082e00000, 0x0000000082f00000, 0x0000000082f00000|100%|HS|  |TAMS 0x0000000082f00000, 0x0000000082f00000| Complete 
|  47|0x0000000082f00000, 0x0000000083000000, 0x0000000083000000|100%|HC|  |TAMS 0x0000000083000000, 0x0000000083000000| Complete 
|  48|0x0000000083000000, 0x0000000083100000, 0x0000000083100000|100%|HC|  |TAMS 0x0000000083100000, 0x0000000083100000| Complete 
|  49|0x0000000083100000, 0x0000000083200000, 0x0000000083200000|100%|HC|  |TAMS 0x0000000083200000, 0x0000000083200000| Complete 
|  50|0x0000000083200000, 0x0000000083300000, 0x0000000083300000|100%|HC|  |TAMS 0x0000000083300000, 0x0000000083300000| Complete 
|  51|0x0000000083300000, 0x0000000083400000, 0x0000000083400000|100%|HC|  |TAMS 0x0000000083400000, 0x0000000083400000| Complete 
|  52|0x0000000083400000, 0x0000000083500000, 0x0000000083500000|100%|HC|  |TAMS 0x0000000083500000, 0x0000000083500000| Complete 
|  53|0x0000000083500000, 0x0000000083600000, 0x0000000083600000|100%|HC|  |TAMS 0x0000000083600000, 0x0000000083600000| Complete 
|  54|0x0000000083600000, 0x0000000083700000, 0x0000000083700000|100%|HC|  |TAMS 0x0000000083700000, 0x0000000083700000| Complete 
|  55|0x0000000083700000, 0x0000000083800000, 0x0000000083800000|100%|HC|  |TAMS 0x0000000083800000, 0x0000000083800000| Complete 
|  56|0x0000000083800000, 0x0000000083900000, 0x0000000083900000|100%|HC|  |TAMS 0x0000000083900000, 0x0000000083900000| Complete 
|  57|0x0000000083900000, 0x0000000083a00000, 0x0000000083a00000|100%|HC|  |TAMS 0x0000000083a00000, 0x0000000083a00000| Complete 
|  58|0x0000000083a00000, 0x0000000083b00000, 0x0000000083b00000|100%|HS|  |TAMS 0x0000000083b00000, 0x0000000083b00000| Complete 
|  59|0x0000000083b00000, 0x0000000083c00000, 0x0000000083c00000|100%|HC|  |TAMS 0x0000000083c00000, 0x0000000083c00000| Complete 
|  60|0x0000000083c00000, 0x0000000083d00000, 0x0000000083d00000|100%|HC|  |TAMS 0x0000000083d00000, 0x0000000083d00000| Complete 
|  61|0x0000000083d00000, 0x0000000083e00000, 0x0000000083e00000|100%| O|  |TAMS 0x0000000083e00000, 0x0000000083e00000| Untracked 
|  62|0x0000000083e00000, 0x0000000083f00000, 0x0000000083f00000|100%| O|  |TAMS 0x0000000083f00000, 0x0000000083f00000| Untracked 
|  63|0x0000000083f00000, 0x0000000084000000, 0x0000000084000000|100%| O|  |TAMS 0x0000000084000000, 0x0000000084000000| Untracked 
|  64|0x0000000084000000, 0x0000000084100000, 0x0000000084100000|100%| O|  |TAMS 0x0000000084100000, 0x0000000084100000| Untracked 
|  65|0x0000000084100000, 0x0000000084200000, 0x0000000084200000|100%| O|  |TAMS 0x0000000084200000, 0x0000000084200000| Untracked 
|  66|0x0000000084200000, 0x0000000084300000, 0x0000000084300000|100%| O|  |TAMS 0x0000000084300000, 0x0000000084300000| Untracked 
|  67|0x0000000084300000, 0x0000000084400000, 0x0000000084400000|100%| O|  |TAMS 0x0000000084400000, 0x0000000084400000| Untracked 
|  68|0x0000000084400000, 0x0000000084500000, 0x0000000084500000|100%| O|  |TAMS 0x0000000084500000, 0x0000000084500000| Untracked 
|  69|0x0000000084500000, 0x0000000084600000, 0x0000000084600000|100%| O|  |TAMS 0x0000000084600000, 0x0000000084600000| Untracked 
|  70|0x0000000084600000, 0x0000000084700000, 0x0000000084700000|100%| O|  |TAMS 0x0000000084700000, 0x0000000084700000| Untracked 
|  71|0x0000000084700000, 0x0000000084800000, 0x0000000084800000|100%| O|  |TAMS 0x0000000084800000, 0x0000000084800000| Untracked 
|  72|0x0000000084800000, 0x0000000084900000, 0x0000000084900000|100%| O|  |TAMS 0x0000000084900000, 0x0000000084900000| Untracked 
|  73|0x0000000084900000, 0x0000000084a00000, 0x0000000084a00000|100%|HS|  |TAMS 0x0000000084a00000, 0x0000000084a00000| Complete 
|  74|0x0000000084a00000, 0x0000000084b00000, 0x0000000084b00000|100%|HS|  |TAMS 0x0000000084b00000, 0x0000000084b00000| Complete 
|  75|0x0000000084b00000, 0x0000000084c00000, 0x0000000084c00000|100%|HS|  |TAMS 0x0000000084c00000, 0x0000000084c00000| Complete 
|  76|0x0000000084c00000, 0x0000000084d00000, 0x0000000084d00000|100%| O|  |TAMS 0x0000000084d00000, 0x0000000084d00000| Untracked 
|  77|0x0000000084d00000, 0x0000000084e00000, 0x0000000084e00000|100%| O|  |TAMS 0x0000000084e00000, 0x0000000084e00000| Untracked 
|  78|0x0000000084e00000, 0x0000000084f00000, 0x0000000084f00000|100%| O|  |TAMS 0x0000000084f00000, 0x0000000084f00000| Untracked 
|  79|0x0000000084f00000, 0x0000000085000000, 0x0000000085000000|100%| O|  |TAMS 0x0000000085000000, 0x0000000085000000| Untracked 
|  80|0x0000000085000000, 0x0000000085100000, 0x0000000085100000|100%| O|  |TAMS 0x0000000085100000, 0x0000000085100000| Untracked 
|  81|0x0000000085100000, 0x0000000085200000, 0x0000000085200000|100%| O|  |TAMS 0x0000000085200000, 0x0000000085200000| Untracked 
|  82|0x0000000085200000, 0x0000000085300000, 0x0000000085300000|100%| O|  |TAMS 0x0000000085300000, 0x0000000085300000| Untracked 
|  83|0x0000000085300000, 0x0000000085400000, 0x0000000085400000|100%| O|  |TAMS 0x0000000085400000, 0x0000000085400000| Untracked 
|  84|0x0000000085400000, 0x0000000085500000, 0x0000000085500000|100%| O|  |TAMS 0x0000000085500000, 0x0000000085500000| Untracked 
|  85|0x0000000085500000, 0x0000000085600000, 0x0000000085600000|100%| O|  |TAMS 0x0000000085600000, 0x0000000085600000| Untracked 
|  86|0x0000000085600000, 0x0000000085700000, 0x0000000085700000|100%| O|  |TAMS 0x0000000085642600, 0x0000000085700000| Untracked 
|  87|0x0000000085700000, 0x0000000085800000, 0x0000000085800000|100%| O|  |TAMS 0x0000000085800000, 0x0000000085800000| Untracked 
|  88|0x0000000085800000, 0x0000000085900000, 0x0000000085900000|100%| O|  |TAMS 0x0000000085900000, 0x0000000085900000| Untracked 
|  89|0x0000000085900000, 0x0000000085a00000, 0x0000000085a00000|100%| O|  |TAMS 0x0000000085a00000, 0x0000000085a00000| Untracked 
|  90|0x0000000085a00000, 0x0000000085b00000, 0x0000000085b00000|100%| O|  |TAMS 0x0000000085a00000, 0x0000000085b00000| Untracked 
|  91|0x0000000085b00000, 0x0000000085c00000, 0x0000000085c00000|100%| O|  |TAMS 0x0000000085b00000, 0x0000000085c00000| Untracked 
|  92|0x0000000085c00000, 0x0000000085d00000, 0x0000000085d00000|100%| O|  |TAMS 0x0000000085c00000, 0x0000000085d00000| Untracked 
|  93|0x0000000085d00000, 0x0000000085e00000, 0x0000000085e00000|100%| O|  |TAMS 0x0000000085d00000, 0x0000000085e00000| Untracked 
|  94|0x0000000085e00000, 0x0000000085e21e00, 0x0000000085f00000| 13%| O|  |TAMS 0x0000000085e00000, 0x0000000085e21e00| Untracked 
|  95|0x0000000085f00000, 0x0000000085f00000, 0x0000000086000000|  0%| F|  |TAMS 0x0000000085f00000, 0x0000000085f00000| Untracked 
|  96|0x0000000086000000, 0x0000000086000000, 0x0000000086100000|  0%| F|  |TAMS 0x0000000086000000, 0x0000000086000000| Untracked 
|  97|0x0000000086100000, 0x0000000086100000, 0x0000000086200000|  0%| F|  |TAMS 0x0000000086100000, 0x0000000086100000| Untracked 
|  98|0x0000000086200000, 0x0000000086200000, 0x0000000086300000|  0%| F|  |TAMS 0x0000000086200000, 0x0000000086200000| Untracked 
|  99|0x0000000086300000, 0x0000000086300000, 0x0000000086400000|  0%| F|  |TAMS 0x0000000086300000, 0x0000000086300000| Untracked 
| 100|0x0000000086400000, 0x0000000086400000, 0x0000000086500000|  0%| F|  |TAMS 0x0000000086400000, 0x0000000086400000| Untracked 
| 101|0x0000000086500000, 0x0000000086500000, 0x0000000086600000|  0%| F|  |TAMS 0x0000000086500000, 0x0000000086500000| Untracked 
| 102|0x0000000086600000, 0x0000000086600000, 0x0000000086700000|  0%| F|  |TAMS 0x0000000086600000, 0x0000000086600000| Untracked 
| 103|0x0000000086700000, 0x0000000086700000, 0x0000000086800000|  0%| F|  |TAMS 0x0000000086700000, 0x0000000086700000| Untracked 
| 104|0x0000000086800000, 0x0000000086800000, 0x0000000086900000|  0%| F|  |TAMS 0x0000000086800000, 0x0000000086800000| Untracked 
| 105|0x0000000086900000, 0x0000000086900000, 0x0000000086a00000|  0%| F|  |TAMS 0x0000000086900000, 0x0000000086900000| Untracked 
| 106|0x0000000086a00000, 0x0000000086a00000, 0x0000000086b00000|  0%| F|  |TAMS 0x0000000086a00000, 0x0000000086a00000| Untracked 
| 107|0x0000000086b00000, 0x0000000086b00000, 0x0000000086c00000|  0%| F|  |TAMS 0x0000000086b00000, 0x0000000086b00000| Untracked 
| 108|0x0000000086c00000, 0x0000000086c00000, 0x0000000086d00000|  0%| F|  |TAMS 0x0000000086c00000, 0x0000000086c00000| Untracked 
| 109|0x0000000086d00000, 0x0000000086d00000, 0x0000000086e00000|  0%| F|  |TAMS 0x0000000086d00000, 0x0000000086d00000| Untracked 
| 110|0x0000000086e00000, 0x0000000086e00000, 0x0000000086f00000|  0%| F|  |TAMS 0x0000000086e00000, 0x0000000086e00000| Untracked 
| 111|0x0000000086f00000, 0x0000000086f00000, 0x0000000087000000|  0%| F|  |TAMS 0x0000000086f00000, 0x0000000086f00000| Untracked 
| 112|0x0000000087000000, 0x0000000087000000, 0x0000000087100000|  0%| F|  |TAMS 0x0000000087000000, 0x0000000087000000| Untracked 
| 113|0x0000000087100000, 0x0000000087100000, 0x0000000087200000|  0%| F|  |TAMS 0x0000000087100000, 0x0000000087100000| Untracked 
| 114|0x0000000087200000, 0x0000000087200000, 0x0000000087300000|  0%| F|  |TAMS 0x0000000087200000, 0x0000000087200000| Untracked 
| 115|0x0000000087300000, 0x0000000087300000, 0x0000000087400000|  0%| F|  |TAMS 0x0000000087300000, 0x0000000087300000| Untracked 
| 116|0x0000000087400000, 0x0000000087400000, 0x0000000087500000|  0%| F|  |TAMS 0x0000000087400000, 0x0000000087400000| Untracked 
| 117|0x0000000087500000, 0x0000000087500000, 0x0000000087600000|  0%| F|  |TAMS 0x0000000087500000, 0x0000000087500000| Untracked 
| 118|0x0000000087600000, 0x0000000087600000, 0x0000000087700000|  0%| F|  |TAMS 0x0000000087600000, 0x0000000087600000| Untracked 
| 119|0x0000000087700000, 0x0000000087700000, 0x0000000087800000|  0%| F|  |TAMS 0x0000000087700000, 0x0000000087700000| Untracked 
| 120|0x0000000087800000, 0x0000000087800000, 0x0000000087900000|  0%| F|  |TAMS 0x0000000087800000, 0x0000000087800000| Untracked 
| 121|0x0000000087900000, 0x0000000087900000, 0x0000000087a00000|  0%| F|  |TAMS 0x0000000087900000, 0x0000000087900000| Untracked 
| 122|0x0000000087a00000, 0x0000000087a00000, 0x0000000087b00000|  0%| F|  |TAMS 0x0000000087a00000, 0x0000000087a00000| Untracked 
| 123|0x0000000087b00000, 0x0000000087b00000, 0x0000000087c00000|  0%| F|  |TAMS 0x0000000087b00000, 0x0000000087b00000| Untracked 
| 124|0x0000000087c00000, 0x0000000087c00000, 0x0000000087d00000|  0%| F|  |TAMS 0x0000000087c00000, 0x0000000087c00000| Untracked 
| 125|0x0000000087d00000, 0x0000000087d00000, 0x0000000087e00000|  0%| F|  |TAMS 0x0000000087d00000, 0x0000000087d00000| Untracked 
| 126|0x0000000087e00000, 0x0000000087e00000, 0x0000000087f00000|  0%| F|  |TAMS 0x0000000087e00000, 0x0000000087e00000| Untracked 
| 127|0x0000000087f00000, 0x0000000087f00000, 0x0000000088000000|  0%| F|  |TAMS 0x0000000087f00000, 0x0000000087f00000| Untracked 
| 128|0x0000000088000000, 0x0000000088000000, 0x0000000088100000|  0%| F|  |TAMS 0x0000000088000000, 0x0000000088000000| Untracked 
| 129|0x0000000088100000, 0x0000000088100000, 0x0000000088200000|  0%| F|  |TAMS 0x0000000088100000, 0x0000000088100000| Untracked 
| 130|0x0000000088200000, 0x0000000088200000, 0x0000000088300000|  0%| F|  |TAMS 0x0000000088200000, 0x0000000088200000| Untracked 
| 131|0x0000000088300000, 0x0000000088300000, 0x0000000088400000|  0%| F|  |TAMS 0x0000000088300000, 0x0000000088300000| Untracked 
| 132|0x0000000088400000, 0x0000000088400000, 0x0000000088500000|  0%| F|  |TAMS 0x0000000088400000, 0x0000000088400000| Untracked 
| 133|0x0000000088500000, 0x0000000088500000, 0x0000000088600000|  0%| F|  |TAMS 0x0000000088500000, 0x0000000088500000| Untracked 
| 134|0x0000000088600000, 0x0000000088600000, 0x0000000088700000|  0%| F|  |TAMS 0x0000000088600000, 0x0000000088600000| Untracked 
| 135|0x0000000088700000, 0x0000000088700000, 0x0000000088800000|  0%| F|  |TAMS 0x0000000088700000, 0x0000000088700000| Untracked 
| 136|0x0000000088800000, 0x0000000088800000, 0x0000000088900000|  0%| F|  |TAMS 0x0000000088800000, 0x0000000088800000| Untracked 
| 137|0x0000000088900000, 0x0000000088900000, 0x0000000088a00000|  0%| F|  |TAMS 0x0000000088900000, 0x0000000088900000| Untracked 
| 138|0x0000000088a00000, 0x0000000088a00000, 0x0000000088b00000|  0%| F|  |TAMS 0x0000000088a00000, 0x0000000088a00000| Untracked 
| 139|0x0000000088b00000, 0x0000000088b00000, 0x0000000088c00000|  0%| F|  |TAMS 0x0000000088b00000, 0x0000000088b00000| Untracked 
| 140|0x0000000088c00000, 0x0000000088c00000, 0x0000000088d00000|  0%| F|  |TAMS 0x0000000088c00000, 0x0000000088c00000| Untracked 
| 141|0x0000000088d00000, 0x0000000088dd0910, 0x0000000088e00000| 81%| S|CS|TAMS 0x0000000088d00000, 0x0000000088d00000| Complete 
| 142|0x0000000088e00000, 0x0000000088f00000, 0x0000000088f00000|100%| S|CS|TAMS 0x0000000088e00000, 0x0000000088e00000| Complete 
| 143|0x0000000088f00000, 0x0000000089000000, 0x0000000089000000|100%| S|CS|TAMS 0x0000000088f00000, 0x0000000088f00000| Complete 
| 144|0x0000000089000000, 0x0000000089000000, 0x0000000089100000|  0%| F|  |TAMS 0x0000000089000000, 0x0000000089000000| Untracked 
| 145|0x0000000089100000, 0x0000000089100000, 0x0000000089200000|  0%| F|  |TAMS 0x0000000089100000, 0x0000000089100000| Untracked 
| 146|0x0000000089200000, 0x0000000089200000, 0x0000000089300000|  0%| F|  |TAMS 0x0000000089200000, 0x0000000089200000| Untracked 
| 147|0x0000000089300000, 0x0000000089300000, 0x0000000089400000|  0%| F|  |TAMS 0x0000000089300000, 0x0000000089300000| Untracked 
| 148|0x0000000089400000, 0x0000000089400000, 0x0000000089500000|  0%| F|  |TAMS 0x0000000089400000, 0x0000000089400000| Untracked 
| 149|0x0000000089500000, 0x0000000089500000, 0x0000000089600000|  0%| F|  |TAMS 0x0000000089500000, 0x0000000089500000| Untracked 
| 150|0x0000000089600000, 0x0000000089600000, 0x0000000089700000|  0%| F|  |TAMS 0x0000000089600000, 0x0000000089600000| Untracked 
| 151|0x0000000089700000, 0x0000000089700000, 0x0000000089800000|  0%| F|  |TAMS 0x0000000089700000, 0x0000000089700000| Untracked 
| 152|0x0000000089800000, 0x0000000089800000, 0x0000000089900000|  0%| F|  |TAMS 0x0000000089800000, 0x0000000089800000| Untracked 
| 153|0x0000000089900000, 0x0000000089900000, 0x0000000089a00000|  0%| F|  |TAMS 0x0000000089900000, 0x0000000089900000| Untracked 
| 154|0x0000000089a00000, 0x0000000089a00000, 0x0000000089b00000|  0%| F|  |TAMS 0x0000000089a00000, 0x0000000089a00000| Untracked 
| 155|0x0000000089b00000, 0x0000000089b00000, 0x0000000089c00000|  0%| F|  |TAMS 0x0000000089b00000, 0x0000000089b00000| Untracked 
| 156|0x0000000089c00000, 0x0000000089c00000, 0x0000000089d00000|  0%| F|  |TAMS 0x0000000089c00000, 0x0000000089c00000| Untracked 
| 157|0x0000000089d00000, 0x0000000089d00000, 0x0000000089e00000|  0%| F|  |TAMS 0x0000000089d00000, 0x0000000089d00000| Untracked 
| 158|0x0000000089e00000, 0x0000000089e00000, 0x0000000089f00000|  0%| F|  |TAMS 0x0000000089e00000, 0x0000000089e00000| Untracked 
| 159|0x0000000089f00000, 0x0000000089f00000, 0x000000008a000000|  0%| F|  |TAMS 0x0000000089f00000, 0x0000000089f00000| Untracked 
| 160|0x000000008a000000, 0x000000008a000000, 0x000000008a100000|  0%| F|  |TAMS 0x000000008a000000, 0x000000008a000000| Untracked 
| 161|0x000000008a100000, 0x000000008a100000, 0x000000008a200000|  0%| F|  |TAMS 0x000000008a100000, 0x000000008a100000| Untracked 
| 162|0x000000008a200000, 0x000000008a200000, 0x000000008a300000|  0%| F|  |TAMS 0x000000008a200000, 0x000000008a200000| Untracked 
| 163|0x000000008a300000, 0x000000008a300000, 0x000000008a400000|  0%| F|  |TAMS 0x000000008a300000, 0x000000008a300000| Untracked 
| 164|0x000000008a400000, 0x000000008a400000, 0x000000008a500000|  0%| F|  |TAMS 0x000000008a400000, 0x000000008a400000| Untracked 
| 165|0x000000008a500000, 0x000000008a500000, 0x000000008a600000|  0%| F|  |TAMS 0x000000008a500000, 0x000000008a500000| Untracked 
| 166|0x000000008a600000, 0x000000008a600000, 0x000000008a700000|  0%| F|  |TAMS 0x000000008a600000, 0x000000008a600000| Untracked 
| 167|0x000000008a700000, 0x000000008a700000, 0x000000008a800000|  0%| F|  |TAMS 0x000000008a700000, 0x000000008a700000| Untracked 
| 168|0x000000008a800000, 0x000000008a800000, 0x000000008a900000|  0%| F|  |TAMS 0x000000008a800000, 0x000000008a800000| Untracked 
| 169|0x000000008a900000, 0x000000008a900000, 0x000000008aa00000|  0%| F|  |TAMS 0x000000008a900000, 0x000000008a900000| Untracked 
| 170|0x000000008aa00000, 0x000000008aa00000, 0x000000008ab00000|  0%| F|  |TAMS 0x000000008aa00000, 0x000000008aa00000| Untracked 
| 171|0x000000008ab00000, 0x000000008ab00000, 0x000000008ac00000|  0%| F|  |TAMS 0x000000008ab00000, 0x000000008ab00000| Untracked 
| 172|0x000000008ac00000, 0x000000008ac00000, 0x000000008ad00000|  0%| F|  |TAMS 0x000000008ac00000, 0x000000008ac00000| Untracked 
| 173|0x000000008ad00000, 0x000000008ad00000, 0x000000008ae00000|  0%| F|  |TAMS 0x000000008ad00000, 0x000000008ad00000| Untracked 
| 174|0x000000008ae00000, 0x000000008ae00000, 0x000000008af00000|  0%| F|  |TAMS 0x000000008ae00000, 0x000000008ae00000| Untracked 
| 175|0x000000008af00000, 0x000000008af00000, 0x000000008b000000|  0%| F|  |TAMS 0x000000008af00000, 0x000000008af00000| Untracked 
| 176|0x000000008b000000, 0x000000008b000000, 0x000000008b100000|  0%| F|  |TAMS 0x000000008b000000, 0x000000008b000000| Untracked 

Card table byte_map: [0x0000022db5110000,0x0000022db5510000] _byte_map_base: 0x0000022db4d10000

Marking Bits (Prev, Next): (CMBitMap*) 0x0000022da257dcf0, (CMBitMap*) 0x0000022da257dcb0
 Prev Bits: [0x0000022db7910000, 0x0000022db9910000)
 Next Bits: [0x0000022db5910000, 0x0000022db7910000)

Polling page: 0x0000022da0460000

Metaspace:

Usage:
  Non-class:     65.15 MB used.
      Class:     10.25 MB used.
       Both:     75.40 MB used.

Virtual space:
  Non-class space:       72.00 MB reserved,      65.50 MB ( 91%) committed,  9 nodes.
      Class space:        1.00 GB reserved,      10.56 MB (  1%) committed,  1 nodes.
             Both:        1.07 GB reserved,      76.06 MB (  7%) committed. 

Chunk freelists:
   Non-Class:  2.20 MB
       Class:  1.39 MB
        Both:  3.59 MB

MaxMetaspaceSize: unlimited
CompressedClassSpaceSize: 1.00 GB
Initial GC threshold: 21.00 MB
Current GC threshold: 113.38 MB
CDS: off
MetaspaceReclaimPolicy: balanced
 - commit_granule_bytes: 65536.
 - commit_granule_words: 8192.
 - virtual_space_node_default_size: 1048576.
 - enlarge_chunks_in_place: 1.
 - new_chunks_are_fully_committed: 0.
 - uncommit_free_chunks: 1.
 - use_allocation_guard: 0.
 - handle_deallocations: 1.


Internal statistics:

num_allocs_failed_limit: 3.
num_arena_births: 746.
num_arena_deaths: 0.
num_vsnodes_births: 10.
num_vsnodes_deaths: 0.
num_space_committed: 1217.
num_space_uncommitted: 0.
num_chunks_returned_to_freelist: 3.
num_chunks_taken_from_freelist: 3479.
num_chunk_merges: 3.
num_chunk_splits: 2313.
num_chunks_enlarged: 1547.
num_purges: 0.
num_inconsistent_stats: 0.

CodeHeap 'non-profiled nmethods': size=120000Kb used=4532Kb max_used=4532Kb free=115467Kb
 bounds [0x0000022dad4b0000, 0x0000022dad920000, 0x0000022db49e0000]
CodeHeap 'profiled nmethods': size=120000Kb used=13777Kb max_used=13777Kb free=106222Kb
 bounds [0x0000022da59e0000, 0x0000022da6760000, 0x0000022dacf10000]
CodeHeap 'non-nmethods': size=5760Kb used=2362Kb max_used=2475Kb free=3397Kb
 bounds [0x0000022dacf10000, 0x0000022dad1a0000, 0x0000022dad4b0000]
 total_blobs=7939 nmethods=7049 adapters=801
 compilation: enabled
              stopped_count=0, restarted_count=0
 full_count=0

Compilation events (20 events):
Event: 9.618 Thread 0x0000022dbcc34710 nmethod 7815 0x0000022da6751790 code [0x0000022da6751940, 0x0000022da6751b08]
Event: 9.622 Thread 0x0000022dbcc34710 7816       3       jdk.internal.org.objectweb.asm.Frame::getAbstractTypeFromDescriptor (415 bytes)
Event: 9.625 Thread 0x0000022dbcc34710 nmethod 7816 0x0000022da6751c10 code [0x0000022da6751fc0, 0x0000022da6753bd8]
Event: 9.650 Thread 0x0000022dbfd33b10 nmethod 7695 0x0000022dad911990 code [0x0000022dad911cc0, 0x0000022dad915188]
Event: 9.651 Thread 0x0000022dbfd33b10 7778       4       java.util.Arrays$ArrayItr::next (36 bytes)
Event: 9.651 Thread 0x0000022dbcc33c70 nmethod 7697 0x0000022dad916890 code [0x0000022dad916ba0, 0x0000022dad919bd8]
Event: 9.651 Thread 0x0000022dbcc33c70 7737       4       com.esotericsoftware.kryo.io.Input::readInt (6 bytes)
Event: 9.652 Thread 0x0000022dbfd33b10 nmethod 7778 0x0000022dad91b010 code [0x0000022dad91b180, 0x0000022dad91b258]
Event: 9.652 Thread 0x0000022dbfd33b10 7728       4       com.google.common.collect.CollectPreconditions::checkNonnegative (48 bytes)
Event: 9.652 Thread 0x0000022dbfd33b10 nmethod 7728 0x0000022dad91b310 code [0x0000022dad91b480, 0x0000022dad91b4f8]
Event: 9.652 Thread 0x0000022dbfd33b10 7715       4       com.google.common.collect.Iterators$9::hasNext (13 bytes)
Event: 9.652 Thread 0x0000022dbfd33b10 nmethod 7715 0x0000022dad91b610 code [0x0000022dad91b780, 0x0000022dad91b7f8]
Event: 9.652 Thread 0x0000022dbfd33b10 7788       4       org.gradle.internal.Actions$NullAction::execute (1 bytes)
Event: 9.653 Thread 0x0000022dbfd33b10 nmethod 7788 0x0000022dad91b910 code [0x0000022dad91ba80, 0x0000022dad91baf8]
Event: 9.653 Thread 0x0000022dbfd33b10 7811       4       java.lang.ref.SoftReference::<init> (13 bytes)
Event: 9.655 Thread 0x0000022dbfd33b10 nmethod 7811 0x0000022dad91bc10 code [0x0000022dad91bd80, 0x0000022dad91bfd8]
Event: 9.657 Thread 0x0000022dbcc33c70 nmethod 7737 0x0000022dad91c090 code [0x0000022dad91c240, 0x0000022dad91c748]
Event: 9.662 Thread 0x0000022dbcc33c70 7817       4       java.net.URL::equals (27 bytes)
Event: 9.679 Thread 0x0000022dbfd33b10 7818       4       java.net.URLStreamHandler::setURL (159 bytes)
Event: 9.685 Thread 0x0000022dbfd33b10 nmethod 7818 0x0000022dad91cb10 code [0x0000022dad91cca0, 0x0000022dad91cfe8]

GC Heap History (20 events):
Event: 6.431 GC heap after
{Heap after GC invocations=27 (full 0):
 garbage-first heap   total 124928K, used 74561K [0x0000000080000000, 0x0000000100000000)
  region size 1024K, 4 young (4096K), 4 survivors (4096K)
 Metaspace       used 53912K, committed 54464K, reserved 1097728K
  class space    used 7209K, committed 7424K, reserved 1048576K
}
Event: 6.568 GC heap before
{Heap before GC invocations=28 (full 0):
 garbage-first heap   total 135168K, used 81729K [0x0000000080000000, 0x0000000100000000)
  region size 1024K, 13 young (13312K), 4 survivors (4096K)
 Metaspace       used 54093K, committed 54720K, reserved 1097728K
  class space    used 7220K, committed 7488K, reserved 1048576K
}
Event: 6.573 GC heap after
{Heap after GC invocations=29 (full 0):
 garbage-first heap   total 135168K, used 75405K [0x0000000080000000, 0x0000000100000000)
  region size 1024K, 2 young (2048K), 2 survivors (2048K)
 Metaspace       used 54093K, committed 54720K, reserved 1097728K
  class space    used 7220K, committed 7488K, reserved 1048576K
}
Event: 6.645 GC heap before
{Heap before GC invocations=30 (full 0):
 garbage-first heap   total 138240K, used 83597K [0x0000000080000000, 0x0000000100000000)
  region size 1024K, 9 young (9216K), 2 survivors (2048K)
 Metaspace       used 54462K, committed 55040K, reserved 1097728K
  class space    used 7280K, committed 7488K, reserved 1048576K
}
Event: 6.648 GC heap after
{Heap after GC invocations=31 (full 0):
 garbage-first heap   total 138240K, used 82558K [0x0000000080000000, 0x0000000100000000)
  region size 1024K, 4 young (4096K), 4 survivors (4096K)
 Metaspace       used 54462K, committed 55040K, reserved 1097728K
  class space    used 7280K, committed 7488K, reserved 1048576K
}
Event: 6.921 GC heap before
{Heap before GC invocations=32 (full 0):
 garbage-first heap   total 150528K, used 105086K [0x0000000080000000, 0x0000000100000000)
  region size 1024K, 25 young (25600K), 4 survivors (4096K)
 Metaspace       used 57016K, committed 57664K, reserved 1105920K
  class space    used 7635K, committed 7936K, reserved 1048576K
}
Event: 6.925 GC heap after
{Heap after GC invocations=33 (full 0):
 garbage-first heap   total 181248K, used 84753K [0x0000000080000000, 0x0000000100000000)
  region size 1024K, 3 young (3072K), 3 survivors (3072K)
 Metaspace       used 57016K, committed 57664K, reserved 1105920K
  class space    used 7635K, committed 7936K, reserved 1048576K
}
Event: 7.619 GC heap before
{Heap before GC invocations=33 (full 0):
 garbage-first heap   total 181248K, used 123665K [0x0000000080000000, 0x0000000100000000)
  region size 1024K, 41 young (41984K), 3 survivors (3072K)
 Metaspace       used 63414K, committed 64000K, reserved 1105920K
  class space    used 8469K, committed 8704K, reserved 1048576K
}
Event: 7.623 GC heap after
{Heap after GC invocations=34 (full 0):
 garbage-first heap   total 181248K, used 86380K [0x0000000080000000, 0x0000000100000000)
  region size 1024K, 5 young (5120K), 5 survivors (5120K)
 Metaspace       used 63414K, committed 64000K, reserved 1105920K
  class space    used 8469K, committed 8704K, reserved 1048576K
}
Event: 8.116 GC heap before
{Heap before GC invocations=35 (full 0):
 garbage-first heap   total 181248K, used 133484K [0x0000000080000000, 0x0000000100000000)
  region size 1024K, 45 young (46080K), 5 survivors (5120K)
 Metaspace       used 67168K, committed 67904K, reserved 1114112K
  class space    used 8938K, committed 9280K, reserved 1048576K
}
Event: 8.122 GC heap after
{Heap after GC invocations=36 (full 0):
 garbage-first heap   total 181248K, used 90581K [0x0000000080000000, 0x0000000100000000)
  region size 1024K, 6 young (6144K), 6 survivors (6144K)
 Metaspace       used 67168K, committed 67904K, reserved 1114112K
  class space    used 8938K, committed 9280K, reserved 1048576K
}
Event: 8.147 GC heap before
{Heap before GC invocations=36 (full 0):
 garbage-first heap   total 181248K, used 92629K [0x0000000080000000, 0x0000000100000000)
  region size 1024K, 8 young (8192K), 6 survivors (6144K)
 Metaspace       used 67336K, committed 68032K, reserved 1114112K
  class space    used 8956K, committed 9280K, reserved 1048576K
}
Event: 8.152 GC heap after
{Heap after GC invocations=37 (full 0):
 garbage-first heap   total 181248K, used 91120K [0x0000000080000000, 0x0000000100000000)
  region size 1024K, 1 young (1024K), 1 survivors (1024K)
 Metaspace       used 67336K, committed 68032K, reserved 1114112K
  class space    used 8956K, committed 9280K, reserved 1048576K
}
Event: 8.525 GC heap before
{Heap before GC invocations=37 (full 0):
 garbage-first heap   total 181248K, used 132080K [0x0000000080000000, 0x0000000100000000)
  region size 1024K, 41 young (41984K), 1 survivors (1024K)
 Metaspace       used 68954K, committed 69632K, reserved 1114112K
  class space    used 9179K, committed 9472K, reserved 1048576K
}
Event: 8.529 GC heap after
{Heap after GC invocations=38 (full 0):
 garbage-first heap   total 181248K, used 93551K [0x0000000080000000, 0x0000000100000000)
  region size 1024K, 4 young (4096K), 4 survivors (4096K)
 Metaspace       used 68954K, committed 69632K, reserved 1114112K
  class space    used 9179K, committed 9472K, reserved 1048576K
}
Event: 9.085 GC heap before
{Heap before GC invocations=39 (full 0):
 garbage-first heap   total 181248K, used 135535K [0x0000000080000000, 0x0000000100000000)
  region size 1024K, 45 young (46080K), 4 survivors (4096K)
 Metaspace       used 73129K, committed 73728K, reserved 1114112K
  class space    used 9876K, committed 10176K, reserved 1048576K
}
Event: 9.090 GC heap after
{Heap after GC invocations=40 (full 0):
 garbage-first heap   total 181248K, used 95959K [0x0000000080000000, 0x0000000100000000)
  region size 1024K, 6 young (6144K), 6 survivors (6144K)
 Metaspace       used 73129K, committed 73728K, reserved 1114112K
  class space    used 9876K, committed 10176K, reserved 1048576K
}
Event: 9.117 GC heap before
{Heap before GC invocations=40 (full 0):
 garbage-first heap   total 181248K, used 98007K [0x0000000080000000, 0x0000000100000000)
  region size 1024K, 8 young (8192K), 6 survivors (6144K)
 Metaspace       used 73416K, committed 74048K, reserved 1114112K
  class space    used 9950K, committed 10240K, reserved 1048576K
}
Event: 9.122 GC heap after
{Heap after GC invocations=41 (full 0):
 garbage-first heap   total 181248K, used 96288K [0x0000000080000000, 0x0000000100000000)
  region size 1024K, 1 young (1024K), 1 survivors (1024K)
 Metaspace       used 73416K, committed 74048K, reserved 1114112K
  class space    used 9950K, committed 10240K, reserved 1048576K
}
Event: 9.690 GC heap before
{Heap before GC invocations=41 (full 0):
 garbage-first heap   total 181248K, used 128032K [0x0000000080000000, 0x0000000100000000)
  region size 1024K, 33 young (33792K), 1 survivors (1024K)
 Metaspace       used 77209K, committed 77888K, reserved 1122304K
  class space    used 10495K, committed 10816K, reserved 1048576K
}

Dll operation events (2 events):
Event: 0.005 Loaded shared library C:\Program Files\Android\Android Studio\jbr\bin\java.dll
Event: 0.270 Loaded shared library C:\Program Files\Android\Android Studio\jbr\bin\verify.dll

Deoptimization events (20 events):
Event: 9.543 Thread 0x0000022dbfd98050 Uncommon trap: trap_request=0xffffff45 fr.pc=0x0000022dad4c4f0c relative=0x000000000000072c
Event: 9.543 Thread 0x0000022dbfd98050 Uncommon trap: reason=unstable_if action=reinterpret pc=0x0000022dad4c4f0c method=org.gradle.util.internal.SimpleMapInterner.intern(Ljava/lang/String;)Ljava/lang/String; @ 1 c2
Event: 9.543 Thread 0x0000022dbfd98050 DEOPT PACKING pc=0x0000022dad4c4f0c sp=0x0000006759af7f20
Event: 9.543 Thread 0x0000022dbfd98050 DEOPT UNPACKING pc=0x0000022dacf669a3 sp=0x0000006759af7ee8 mode 2
Event: 9.612 Thread 0x0000022dbfd98050 Uncommon trap: trap_request=0xffffff45 fr.pc=0x0000022dad5e76a4 relative=0x00000000000007e4
Event: 9.612 Thread 0x0000022dbfd98050 Uncommon trap: reason=unstable_if action=reinterpret pc=0x0000022dad5e76a4 method=java.lang.Integer.stringSize(I)I @ 3 c2
Event: 9.612 Thread 0x0000022dbfd98050 DEOPT PACKING pc=0x0000022dad5e76a4 sp=0x0000006759afc150
Event: 9.612 Thread 0x0000022dbfd98050 DEOPT UNPACKING pc=0x0000022dacf669a3 sp=0x0000006759afc0a0 mode 2
Event: 9.612 Thread 0x0000022dbfd98050 Uncommon trap: trap_request=0xffffff45 fr.pc=0x0000022dad5e8644 relative=0x00000000000002a4
Event: 9.612 Thread 0x0000022dbfd98050 Uncommon trap: reason=unstable_if action=reinterpret pc=0x0000022dad5e8644 method=java.lang.Integer.getChars(II[B)I @ 4 c2
Event: 9.612 Thread 0x0000022dbfd98050 DEOPT PACKING pc=0x0000022dad5e8644 sp=0x0000006759afc0f0
Event: 9.612 Thread 0x0000022dbfd98050 DEOPT UNPACKING pc=0x0000022dacf669a3 sp=0x0000006759afc080 mode 2
Event: 9.615 Thread 0x0000022dbfd98050 Uncommon trap: trap_request=0xffffff45 fr.pc=0x0000022dad5e8140 relative=0x00000000000000c0
Event: 9.615 Thread 0x0000022dbfd98050 Uncommon trap: reason=unstable_if action=reinterpret pc=0x0000022dad5e8140 method=java.lang.Integer.stringSize(I)I @ 3 c2
Event: 9.615 Thread 0x0000022dbfd98050 DEOPT PACKING pc=0x0000022dad5e8140 sp=0x0000006759afc060
Event: 9.615 Thread 0x0000022dbfd98050 DEOPT UNPACKING pc=0x0000022dacf669a3 sp=0x0000006759afbfe8 mode 2
Event: 9.622 Thread 0x0000022dbfd98050 Uncommon trap: trap_request=0xffffff45 fr.pc=0x0000022dad6aac00 relative=0x00000000000012a0
Event: 9.622 Thread 0x0000022dbfd98050 Uncommon trap: reason=unstable_if action=reinterpret pc=0x0000022dad6aac00 method=jdk.internal.org.objectweb.asm.Frame.getAbstractTypeFromDescriptor(Ljdk/internal/org/objectweb/asm/SymbolTable;Ljava/lang/String;I)I @ 189 c2
Event: 9.622 Thread 0x0000022dbfd98050 DEOPT PACKING pc=0x0000022dad6aac00 sp=0x0000006759afb7a0
Event: 9.622 Thread 0x0000022dbfd98050 DEOPT UNPACKING pc=0x0000022dacf669a3 sp=0x0000006759afb760 mode 2

Classes unloaded (0 events):
No events

Classes redefined (0 events):
No events

Internal exceptions (20 events):
Event: 8.581 Thread 0x0000022dbfd98050 Exception <a 'java/lang/ClassNotFoundException'{0x000000008ab77d58}: build_5lv7fahwyiyox2ea751kber5j$_run_closure1BeanInfo> (0x000000008ab77d58) 
thrown [s\src\hotspot\share\classfile\systemDictionary.cpp, line 256]
Event: 8.582 Thread 0x0000022dbfd98050 Exception <a 'java/lang/ClassNotFoundException'{0x000000008ab82c10}: build_5lv7fahwyiyox2ea751kber5j$_run_closure1Customizer> (0x000000008ab82c10) 
thrown [s\src\hotspot\share\classfile\systemDictionary.cpp, line 256]
Event: 8.586 Thread 0x0000022dbfd98050 Exception <a 'java/lang/ClassNotFoundException'{0x000000008abbf1f0}: org/gradle/api/JavaVersionBeanInfo> (0x000000008abbf1f0) 
thrown [s\src\hotspot\share\classfile\systemDictionary.cpp, line 256]
Event: 8.587 Thread 0x0000022dbfd98050 Exception <a 'java/lang/ClassNotFoundException'{0x000000008abd4858}: org/gradle/api/JavaVersionCustomizer> (0x000000008abd4858) 
thrown [s\src\hotspot\share\classfile\systemDictionary.cpp, line 256]
Event: 8.590 Thread 0x0000022dbfd98050 Exception <a 'java/lang/ClassNotFoundException'{0x000000008aa18600}: com/android/build/gradle/internal/CompileOptions$AgpDecorated_DecoratedBeanInfo> (0x000000008aa18600) 
thrown [s\src\hotspot\share\classfile\systemDictionary.cpp, line 256]
Event: 8.590 Thread 0x0000022dbfd98050 Exception <a 'java/lang/ClassNotFoundException'{0x000000008aa24c70}: com/android/build/gradle/internal/CompileOptions$AgpDecoratedBeanInfo> (0x000000008aa24c70) 
thrown [s\src\hotspot\share\classfile\systemDictionary.cpp, line 256]
Event: 8.591 Thread 0x0000022dbfd98050 Exception <a 'java/lang/ClassNotFoundException'{0x000000008aa31970}: com/android/build/gradle/internal/CompileOptionsBeanInfo> (0x000000008aa31970) 
thrown [s\src\hotspot\share\classfile\systemDictionary.cpp, line 256]
Event: 8.592 Thread 0x0000022dbfd98050 Exception <a 'java/lang/ClassNotFoundException'{0x000000008aa3e128}: com/android/build/gradle/internal/CompileOptionsCustomizer> (0x000000008aa3e128) 
thrown [s\src\hotspot\share\classfile\systemDictionary.cpp, line 256]
Event: 8.592 Thread 0x0000022dbfd98050 Exception <a 'java/lang/ClassNotFoundException'{0x000000008aa55a18}: com/android/build/gradle/internal/CompileOptions$AgpDecoratedCustomizer> (0x000000008aa55a18) 
thrown [s\src\hotspot\share\classfile\systemDictionary.cpp, line 256]
Event: 8.593 Thread 0x0000022dbfd98050 Exception <a 'java/lang/ClassNotFoundException'{0x000000008aa65788}: com/android/build/gradle/internal/CompileOptions$AgpDecorated_DecoratedCustomizer> (0x000000008aa65788) 
thrown [s\src\hotspot\share\classfile\systemDictionary.cpp, line 256]
Event: 9.203 Thread 0x0000022dbfd98050 Exception <a 'java/lang/NoSuchMethodError'{0x000000008aa80b80}: 'int java.lang.invoke.DirectMethodHandle$Holder.invokeSpecialIFC(java.lang.Object, java.lang.Object, java.lang.Object, java.lang.Object, java.lang.Object)'> (0x000000008aa80b80) 
thrown [s\src\hotspot\share\interpreter\linkResolver.cpp, line 771]
Event: 9.402 Thread 0x0000022dbfd98050 Exception <a 'java/lang/ClassNotFoundException'{0x0000000089d9f580}: com/android/build/gradle/internal/api/ApkVariantOutputImpl_DecoratedBeanInfo> (0x0000000089d9f580) 
thrown [s\src\hotspot\share\classfile\systemDictionary.cpp, line 256]
Event: 9.403 Thread 0x0000022dbfd98050 Exception <a 'java/lang/ClassNotFoundException'{0x0000000089dac3b8}: com/android/build/gradle/internal/api/ApkVariantOutputImplBeanInfo> (0x0000000089dac3b8) 
thrown [s\src\hotspot\share\classfile\systemDictionary.cpp, line 256]
Event: 9.403 Thread 0x0000022dbfd98050 Exception <a 'java/lang/ClassNotFoundException'{0x0000000089db9200}: com/android/build/gradle/internal/api/BaseVariantOutputImplBeanInfo> (0x0000000089db9200) 
thrown [s\src\hotspot\share\classfile\systemDictionary.cpp, line 256]
Event: 9.404 Thread 0x0000022dbfd98050 Exception <a 'java/lang/ClassNotFoundException'{0x0000000089dc6020}: com/android/build/gradle/internal/api/BaseVariantOutputImplCustomizer> (0x0000000089dc6020) 
thrown [s\src\hotspot\share\classfile\systemDictionary.cpp, line 256]
Event: 9.405 Thread 0x0000022dbfd98050 Exception <a 'java/lang/ClassNotFoundException'{0x0000000089de5d40}: com/android/build/gradle/internal/api/ApkVariantOutputImplCustomizer> (0x0000000089de5d40) 
thrown [s\src\hotspot\share\classfile\systemDictionary.cpp, line 256]
Event: 9.405 Thread 0x0000022dbfd98050 Exception <a 'java/lang/ClassNotFoundException'{0x0000000089c00f68}: com/android/build/gradle/internal/api/ApkVariantOutputImpl_DecoratedCustomizer> (0x0000000089c00f68) 
thrown [s\src\hotspot\share\classfile\systemDictionary.cpp, line 256]
Event: 9.412 Thread 0x0000022dbfd98050 Exception <a 'java/lang/NoClassDefFoundError'{0x0000000089ce66d0}: org/jetbrains/kotlin/gradle/plugin/KotlinBasePluginWrapper> (0x0000000089ce66d0) 
thrown [s\src\hotspot\share\classfile\systemDictionary.cpp, line 245]
Event: 9.543 Thread 0x0000022dbfd98050 Implicit null exception at 0x0000022dad61670f to 0x0000022dad616e5c
Event: 9.543 Thread 0x0000022dbfd98050 Implicit null exception at 0x0000022dad4c4814 to 0x0000022dad4c4ef4

VM Operations (20 events):
Event: 8.122 Executing VM operation: G1CollectForAllocation done
Event: 8.147 Executing VM operation: G1CollectForAllocation
Event: 8.152 Executing VM operation: G1CollectForAllocation done
Event: 8.525 Executing VM operation: G1CollectForAllocation
Event: 8.529 Executing VM operation: G1CollectForAllocation done
Event: 8.595 Executing VM operation: G1Concurrent
Event: 8.598 Executing VM operation: G1Concurrent done
Event: 8.628 Executing VM operation: G1Concurrent
Event: 8.628 Executing VM operation: G1Concurrent done
Event: 8.630 Executing VM operation: HandshakeAllThreads
Event: 8.630 Executing VM operation: HandshakeAllThreads done
Event: 9.085 Executing VM operation: G1CollectForAllocation
Event: 9.090 Executing VM operation: G1CollectForAllocation done
Event: 9.116 Executing VM operation: G1CollectForAllocation
Event: 9.122 Executing VM operation: G1CollectForAllocation done
Event: 9.456 Executing VM operation: ICBufferFull
Event: 9.456 Executing VM operation: ICBufferFull done
Event: 9.523 Executing VM operation: HandshakeAllThreads
Event: 9.523 Executing VM operation: HandshakeAllThreads done
Event: 9.689 Executing VM operation: G1TryInitiateConcMark

Events (20 events):
Event: 8.090 loading class java/security/KeyStore done
Event: 8.090 loading class java/security/KeyStore$1
Event: 8.090 loading class java/security/KeyStore$1 done
Event: 8.227 loading class javax/xml/stream/XMLStreamException
Event: 8.227 loading class javax/xml/stream/XMLStreamException done
Event: 8.249 loading class sun/reflect/annotation/AnnotationInvocationHandler$1
Event: 8.249 loading class sun/reflect/annotation/AnnotationInvocationHandler$1 done
Event: 8.477 loading class java/beans/IntrospectionException
Event: 8.477 loading class java/beans/IntrospectionException done
Event: 8.830 loading class sun/reflect/generics/repository/FieldRepository
Event: 8.830 loading class sun/reflect/generics/repository/FieldRepository done
Event: 8.886 loading class java/util/regex/Pattern$Caret
Event: 8.886 loading class java/util/regex/Pattern$Caret done
Event: 9.525 Thread 0x0000022dbcc37110 flushing nmethod 0x0000022dad808890
Event: 9.527 Thread 0x0000022dbcc37110 flushing nmethod 0x0000022da5aef410
Event: 9.528 Thread 0x0000022dbcc37110 flushing nmethod 0x0000022da5bebb10
Event: 9.531 Thread 0x0000022dbcc37110 flushing nmethod 0x0000022da6009a90
Event: 9.531 Thread 0x0000022dbcc37110 flushing nmethod 0x0000022da6022190
Event: 9.620 loading class java/io/NotSerializableException
Event: 9.620 loading class java/io/NotSerializableException done


Dynamic libraries:
0x00007ff6ea2c0000 - 0x00007ff6ea2ca000 	C:\Program Files\Android\Android Studio\jbr\bin\java.exe
0x00007ff882650000 - 0x00007ff882867000 	C:\WINDOWS\SYSTEM32\ntdll.dll
0x00007ff881770000 - 0x00007ff881834000 	C:\WINDOWS\System32\KERNEL32.DLL
0x00007ff87f970000 - 0x00007ff87fd1d000 	C:\WINDOWS\System32\KERNELBASE.dll
0x00007ff87fe40000 - 0x00007ff87ff51000 	C:\WINDOWS\System32\ucrtbase.dll
0x00007ff8699d0000 - 0x00007ff8699e7000 	C:\Program Files\Android\Android Studio\jbr\bin\jli.dll
0x00007ff86a6c0000 - 0x00007ff86a6db000 	C:\Program Files\Android\Android Studio\jbr\bin\VCRUNTIME140.dll
0x00007ff882070000 - 0x00007ff88221e000 	C:\WINDOWS\System32\USER32.dll
0x00007ff87ebc0000 - 0x00007ff87ee53000 	C:\WINDOWS\WinSxS\amd64_microsoft.windows.common-controls_6595b64144ccf1df_6.0.22621.3672_none_2713b9d173822955\COMCTL32.dll
0x00007ff8801c0000 - 0x00007ff8801e6000 	C:\WINDOWS\System32\win32u.dll
0x00007ff882410000 - 0x00007ff8824b7000 	C:\WINDOWS\System32\msvcrt.dll
0x00007ff880880000 - 0x00007ff8808a9000 	C:\WINDOWS\System32\GDI32.dll
0x00007ff8801f0000 - 0x00007ff880309000 	C:\WINDOWS\System32\gdi32full.dll
0x00007ff87fd20000 - 0x00007ff87fdba000 	C:\WINDOWS\System32\msvcp_win.dll
0x00007ff881610000 - 0x00007ff881641000 	C:\WINDOWS\System32\IMM32.DLL
0x00007ff87bc10000 - 0x00007ff87bc1c000 	C:\Program Files\Android\Android Studio\jbr\bin\vcruntime140_1.dll
0x00007ff857f80000 - 0x00007ff85800d000 	C:\Program Files\Android\Android Studio\jbr\bin\msvcp140.dll
0x00007ff83a280000 - 0x00007ff83aeee000 	C:\Program Files\Android\Android Studio\jbr\bin\server\jvm.dll
0x00007ff882550000 - 0x00007ff882602000 	C:\WINDOWS\System32\ADVAPI32.dll
0x00007ff881840000 - 0x00007ff8818e9000 	C:\WINDOWS\System32\sechost.dll
0x00007ff880190000 - 0x00007ff8801b8000 	C:\WINDOWS\System32\bcrypt.dll
0x00007ff881650000 - 0x00007ff881764000 	C:\WINDOWS\System32\RPCRT4.dll
0x00007ff865090000 - 0x00007ff865099000 	C:\WINDOWS\SYSTEM32\WSOCK32.dll
0x00007ff87aa90000 - 0x00007ff87aa9a000 	C:\WINDOWS\SYSTEM32\VERSION.dll
0x00007ff86cc40000 - 0x00007ff86cc74000 	C:\WINDOWS\SYSTEM32\WINMM.dll
0x00007ff882220000 - 0x00007ff882291000 	C:\WINDOWS\System32\WS2_32.dll
0x00007ff87e180000 - 0x00007ff87e198000 	C:\WINDOWS\SYSTEM32\kernel.appcore.dll
0x00007ff878380000 - 0x00007ff87838a000 	C:\Program Files\Android\Android Studio\jbr\bin\jimage.dll
0x00007ff87f2d0000 - 0x00007ff87f502000 	C:\WINDOWS\SYSTEM32\DBGHELP.DLL
0x00007ff880380000 - 0x00007ff88070e000 	C:\WINDOWS\System32\combase.dll
0x00007ff882310000 - 0x00007ff8823e7000 	C:\WINDOWS\System32\OLEAUT32.dll
0x00007ff87f170000 - 0x00007ff87f1a2000 	C:\WINDOWS\SYSTEM32\dbgcore.DLL
0x00007ff87fdc0000 - 0x00007ff87fe3b000 	C:\WINDOWS\System32\bcryptPrimitives.dll
0x00007ff86a190000 - 0x00007ff86a1b5000 	C:\Program Files\Android\Android Studio\jbr\bin\java.dll
0x00007ff86dc90000 - 0x00007ff86dca8000 	C:\Program Files\Android\Android Studio\jbr\bin\zip.dll
0x00007ff880910000 - 0x00007ff881177000 	C:\WINDOWS\System32\SHELL32.dll
0x00007ff87ce10000 - 0x00007ff87d70f000 	C:\WINDOWS\SYSTEM32\windows.storage.dll
0x00007ff87ccd0000 - 0x00007ff87ce0f000 	C:\WINDOWS\SYSTEM32\wintypes.dll
0x00007ff8811e0000 - 0x00007ff8812d9000 	C:\WINDOWS\System32\SHCORE.dll
0x00007ff881180000 - 0x00007ff8811de000 	C:\WINDOWS\System32\shlwapi.dll
0x00007ff87f8a0000 - 0x00007ff87f8c7000 	C:\WINDOWS\SYSTEM32\profapi.dll
0x00007ff86a170000 - 0x00007ff86a189000 	C:\Program Files\Android\Android Studio\jbr\bin\net.dll
0x00007ff87a8b0000 - 0x00007ff87a9e6000 	C:\WINDOWS\SYSTEM32\WINHTTP.dll
0x00007ff87e740000 - 0x00007ff87e7a9000 	C:\WINDOWS\system32\mswsock.dll
0x00007ff86a150000 - 0x00007ff86a166000 	C:\Program Files\Android\Android Studio\jbr\bin\nio.dll
0x00007ff877f90000 - 0x00007ff877fa0000 	C:\Program Files\Android\Android Studio\jbr\bin\verify.dll
0x00007ff878970000 - 0x00007ff878997000 	C:\Users\scher\.gradle\native\68d5fa5c4cc2d200863cafc0d521ce42e7d3e7ee720ec0a83991735586a16f82\windows-amd64\native-platform.dll
0x00007ff8568f0000 - 0x00007ff856a34000 	C:\Users\scher\.gradle\native\e376f236ea51e6404a007f0833ffe2c6e607c4080706a723a18a27aeea778392\windows-amd64\native-platform-file-events.dll
0x00007ff877f80000 - 0x00007ff877f89000 	C:\Program Files\Android\Android Studio\jbr\bin\management.dll
0x00007ff877f70000 - 0x00007ff877f7b000 	C:\Program Files\Android\Android Studio\jbr\bin\management_ext.dll
0x00007ff8818f0000 - 0x00007ff8818f8000 	C:\WINDOWS\System32\PSAPI.DLL
0x00007ff87f610000 - 0x00007ff87f62b000 	C:\WINDOWS\SYSTEM32\CRYPTSP.dll
0x00007ff87e0e0000 - 0x00007ff87e115000 	C:\WINDOWS\system32\rsaenh.dll
0x00007ff87e9a0000 - 0x00007ff87e9c8000 	C:\WINDOWS\SYSTEM32\USERENV.dll
0x00007ff87ea00000 - 0x00007ff87ea0c000 	C:\WINDOWS\SYSTEM32\CRYPTBASE.dll
0x00007ff87db70000 - 0x00007ff87db9d000 	C:\WINDOWS\SYSTEM32\IPHLPAPI.DLL
0x00007ff880870000 - 0x00007ff880879000 	C:\WINDOWS\System32\NSI.dll
0x00007ff87b020000 - 0x00007ff87b039000 	C:\WINDOWS\SYSTEM32\dhcpcsvc6.DLL
0x00007ff87aaa0000 - 0x00007ff87aabf000 	C:\WINDOWS\SYSTEM32\dhcpcsvc.DLL
0x00007ff87dbf0000 - 0x00007ff87dce8000 	C:\WINDOWS\SYSTEM32\DNSAPI.dll
0x00007ff877f60000 - 0x00007ff877f68000 	C:\WINDOWS\system32\wshunix.dll

dbghelp: loaded successfully - version: 4.0.5 - missing functions: none
symbol engine: initialized successfully - sym options: 0x614 - pdb path: .;C:\Program Files\Android\Android Studio\jbr\bin;C:\WINDOWS\SYSTEM32;C:\WINDOWS\WinSxS\amd64_microsoft.windows.common-controls_6595b64144ccf1df_6.0.22621.3672_none_2713b9d173822955;C:\Program Files\Android\Android Studio\jbr\bin\server;C:\Users\scher\.gradle\native\68d5fa5c4cc2d200863cafc0d521ce42e7d3e7ee720ec0a83991735586a16f82\windows-amd64;C:\Users\scher\.gradle\native\e376f236ea51e6404a007f0833ffe2c6e607c4080706a723a18a27aeea778392\windows-amd64

VM Arguments:
jvm_args: --add-opens=java.base/java.util=ALL-UNNAMED --add-opens=java.base/java.lang=ALL-UNNAMED --add-opens=java.base/java.lang.invoke=ALL-UNNAMED --add-opens=java.prefs/java.util.prefs=ALL-UNNAMED --add-opens=java.base/java.nio.charset=ALL-UNNAMED --add-opens=java.base/java.net=ALL-UNNAMED --add-opens=java.base/java.util.concurrent.atomic=ALL-UNNAMED -Xmx2048m -Dfile.encoding=UTF-8 -Duser.country=BR -Duser.language=pt -Duser.variant 
java_command: org.gradle.launcher.daemon.bootstrap.GradleDaemon 8.0
java_class_path (initial): C:\Users\scher\.gradle\wrapper\dists\gradle-8.0-bin\ca5e32bp14vu59qr306oxotwh\gradle-8.0\lib\gradle-launcher-8.0.jar
Launcher Type: SUN_STANDARD

[Global flags]
     intx CICompilerCount                          = 4                                         {product} {ergonomic}
     uint ConcGCThreads                            = 2                                         {product} {ergonomic}
     uint G1ConcRefinementThreads                  = 8                                         {product} {ergonomic}
   size_t G1HeapRegionSize                         = 1048576                                   {product} {ergonomic}
    uintx GCDrainStackTargetSize                   = 64                                        {product} {ergonomic}
   size_t InitialHeapSize                          = 134217728                                 {product} {ergonomic}
   size_t MarkStackSize                            = 4194304                                   {product} {ergonomic}
   size_t MaxHeapSize                              = 2147483648                                {product} {command line}
   size_t MaxNewSize                               = 1287651328                                {product} {ergonomic}
   size_t MinHeapDeltaBytes                        = 1048576                                   {product} {ergonomic}
   size_t MinHeapSize                              = 8388608                                   {product} {ergonomic}
    uintx NonNMethodCodeHeapSize                   = 5839372                                {pd product} {ergonomic}
    uintx NonProfiledCodeHeapSize                  = 122909434                              {pd product} {ergonomic}
    uintx ProfiledCodeHeapSize                     = 122909434                              {pd product} {ergonomic}
    uintx ReservedCodeCacheSize                    = 251658240                              {pd product} {ergonomic}
     bool SegmentedCodeCache                       = true                                      {product} {ergonomic}
   size_t SoftMaxHeapSize                          = 2147483648                             {manageable} {ergonomic}
     bool UseCompressedClassPointers               = true                           {product lp64_product} {ergonomic}
     bool UseCompressedOops                        = true                           {product lp64_product} {ergonomic}
     bool UseG1GC                                  = true                                      {product} {ergonomic}
     bool UseLargePagesIndividualAllocation        = false                                  {pd product} {ergonomic}

Logging:
Log output configuration:
 #0: stdout all=warning uptime,level,tags
 #1: stderr all=off uptime,level,tags

Environment Variables:
PATH=C:\Program Files\Common Files\Oracle\Java\javapath;C:\Program Files (x86)\Embarcadero\Studio\22.0\bin;C:\Users\Public\Documents\Embarcadero\Studio\22.0\Bpl;C:\Program Files (x86)\Embarcadero\Studio\22.0\bin64;C:\Users\Public\Documents\Embarcadero\Studio\22.0\Bpl\Win64;C:\Program Files (x86)\Embarcadero\Studio\21.0\bin;C:\Users\Public\Documents\Embarcadero\Studio\21.0\Bpl;C:\Program Files (x86)\Embarcadero\Studio\21.0\bin64;C:\Users\Public\Documents\Embarcadero\Studio\21.0\Bpl\Win64;C:\Windows\system32;C:\Windows;C:\Windows\System32\Wbem;C:\Windows\System32\WindowsPowerShell\v1.0\;C:\Windows\System32\OpenSSH\;C:\Program Files (x86)\NVIDIA Corporation\PhysX\Common;C:\Program Files\NVIDIA Corporation\NVIDIA NvDLISR;C:\WINDOWS\system32;C:\WINDOWS;C:\WINDOWS\System32\Wbem;C:\WINDOWS\System32\WindowsPowerShell\v1.0\;C:\WINDOWS\System32\OpenSSH\;C:\Program Files\dotnet\;C:\Program Files (x86)\Windows Kits\10\Windows Performance Toolkit\;C:\Program Files\Git\cmd;C:\Users\scher\AppData\Local\Microsoft\WindowsApps;;C:\Users\scher\AppData\Local\Programs\Microsoft VS Code\bin
USERNAME=scher
OS=Windows_NT
PROCESSOR_IDENTIFIER=Intel64 Family 6 Model 142 Stepping 12, GenuineIntel
TMP=C:\Users\scher\AppData\Local\Temp
TEMP=C:\Users\scher\AppData\Local\Temp


JNI global refs:
JNI global refs: 26, weak refs: 0

JNI global refs memory usage: 843, weak refs: 841


---------------  S Y S T E M  ---------------

OS:
 Windows 11 , 64 bit Build 22621 (10.0.22621.3958)
OS uptime: 0 days 14:08 hours
Hyper-V role detected

CPU: total 8 (initial active 8) (4 cores per cpu, 2 threads per core) family 6 model 142 stepping 12 microcode 0xea, cx8, cmov, fxsr, ht, mmx, 3dnowpref, sse, sse2, sse3, ssse3, sse4.1, sse4.2, popcnt, lzcnt, tsc, tscinvbit, avx, avx2, aes, erms, clmul, bmi1, bmi2, adx, fma, vzeroupper, clflush, clflushopt, hv

Memory: 4k page, system-wide physical 8072M (788M free)
TotalPageFile size 10120M (AvailPageFile size 112M)
current process WorkingSet (physical memory assigned to process): 436M, peak: 437M
current process commit charge ("private bytes"): 471M, peak: 648M

vm_info: OpenJDK 64-Bit Server VM (17.0.6+0-b2043.56-10027231) for windows-amd64 JRE (17.0.6+0-b2043.56-10027231), built on Apr 28 2023 00:43:19 by "androidbuild" with MS VC++ 16.10 / 16.11 (VS2019)

END.
