#
# There is insufficient memory for the Java Runtime Environment to continue.
# Native memory allocation (mmap) failed to map 513802240 bytes for G1 virtual space
# Possible reasons:
#   The system is out of physical RAM or swap space
#   The process is running with CompressedOops enabled, and the Java Heap may be blocking the growth of the native heap
# Possible solutions:
#   Reduce memory load on the system
#   Increase physical memory or swap space
#   Check if swap backing store is full
#   Decrease Java heap size (-Xmx/-Xms)
#   Decrease number of Java threads
#   Decrease Java thread stack sizes (-Xss)
#   Set larger code cache with -XX:ReservedCodeCacheSize=
#   JVM is running with Unscaled Compressed Oops mode in which the Java heap is
#     placed in the first 4GB address space. The Java Heap base address is the
#     maximum limit for the native heap growth. Please use -XX:HeapBaseMinAddress
#     to set the Java Heap base and to place the Java Heap above 4GB virtual address.
# This output file may be truncated or incomplete.
#
#  Out of Memory Error (os_windows.cpp:3769), pid=6060, tid=16332
#
# JRE version: OpenJDK Runtime Environment (17.0.6) (build 17.0.6+0-b2043.56-10027231)
# Java VM: OpenJDK 64-Bit Server VM (17.0.6+0-b2043.56-10027231, mixed mode, tiered, compressed oops, compressed class ptrs, g1 gc, windows-amd64)
# No core dump will be written. Minidumps are not enabled by default on client versions of Windows
#

---------------  S U M M A R Y ------------

Command Line: --add-opens=java.base/java.util=ALL-UNNAMED --add-opens=java.base/java.lang=ALL-UNNAMED --add-opens=java.base/java.lang.invoke=ALL-UNNAMED --add-opens=java.prefs/java.util.prefs=ALL-UNNAMED --add-opens=java.base/java.nio.charset=ALL-UNNAMED --add-opens=java.base/java.net=ALL-UNNAMED --add-opens=java.base/java.util.concurrent.atomic=ALL-UNNAMED -Xmx2048m -Dfile.encoding=UTF-8 -Duser.country=BR -Duser.language=pt -Duser.variant org.gradle.launcher.daemon.bootstrap.GradleDaemon 8.0

Host: Intel(R) Core(TM) i7-8565U CPU @ 1.80GHz, 8 cores, 7G,  Windows 11 , 64 bit Build 22621 (10.0.22621.3958)
Time: Sat Nov  9 23:01:24 2024 Hora oficial do Brasil elapsed time: 9.532491 seconds (0d 0h 0m 9s)

---------------  T H R E A D  ---------------

Current thread (0x000002049cd41940):  VMThread "VM Thread" [stack: 0x0000009635600000,0x0000009635700000] [id=16332]

Stack: [0x0000009635600000,0x0000009635700000]
Native frames: (J=compiled Java code, j=interpreted, Vv=VM code, C=native code)
V  [jvm.dll+0x683c9a]
V  [jvm.dll+0x8427a4]
V  [jvm.dll+0x843f9e]
V  [jvm.dll+0x844603]
V  [jvm.dll+0x249b75]
V  [jvm.dll+0x680b69]
V  [jvm.dll+0x67505a]
V  [jvm.dll+0x309acb]
V  [jvm.dll+0x310f86]
V  [jvm.dll+0x3608ee]
V  [jvm.dll+0x360b1f]
V  [jvm.dll+0x2dfbf8]
V  [jvm.dll+0x2ddec4]
V  [jvm.dll+0x2dd4cc]
V  [jvm.dll+0x321f3b]
V  [jvm.dll+0x848ccb]
V  [jvm.dll+0x849a04]
V  [jvm.dll+0x849f1d]
V  [jvm.dll+0x84a2f4]
V  [jvm.dll+0x84a3c0]
V  [jvm.dll+0x7f274a]
V  [jvm.dll+0x682ad5]
C  [ucrtbase.dll+0x29333]
C  [KERNEL32.DLL+0x1257d]
C  [ntdll.dll+0x5af08]

VM_Operation (0x000000963c0f9a80): G1CollectForAllocation, mode: safepoint, requested by thread 0x00000204a18eabe0


---------------  P R O C E S S  ---------------

Threads class SMR info:
_java_thread_list=0x00000204a6972550, length=138, elements={
0x0000020482ede890, 0x000002049d813260, 0x000002049d8140d0, 0x000002049cd5e470,
0x000002049d831110, 0x000002049d831bc0, 0x000002049d833580, 0x000002049d835e80,
0x000002049d839a30, 0x000002049d844050, 0x000002049d9c49b0, 0x000002049d9c4e80,
0x000002049da9e430, 0x000002049db9cb30, 0x000002049ff13580, 0x000002049febbad0,
0x00000204a0a322e0, 0x00000204a0c5f780, 0x000002049f35d380, 0x000002049e650990,
0x000002049e651270, 0x000002049e011ce0, 0x000002049e012680, 0x000002049e011340,
0x000002049e012b50, 0x000002049e011810, 0x000002049e0121b0, 0x000002049e010000,
0x000002049e0104d0, 0x000002049e010e70, 0x00000204a151a240, 0x00000204a151ef40,
0x00000204a151d730, 0x00000204a1519d70, 0x00000204a151a710, 0x00000204a151abe0,
0x00000204a1520c20, 0x00000204a151ea70, 0x00000204a151fdb0, 0x00000204a151e5a0,
0x00000204a151dc00, 0x00000204a15210f0, 0x00000204a151ba50, 0x00000204a151f8e0,
0x00000204a151e0d0, 0x00000204a151f410, 0x00000204a151c3f0, 0x00000204a1520280,
0x00000204a1520750, 0x00000204a151bf20, 0x00000204a151c8c0, 0x00000204a151cd90,
0x00000204a3312630, 0x00000204a330fae0, 0x00000204a3311c90, 0x00000204a330c5f0,
0x00000204a330ffb0, 0x00000204a33112f0, 0x00000204a330c120, 0x00000204a3310950,
0x00000204a3310480, 0x00000204a330e2d0, 0x00000204a330d460, 0x00000204a330f140,
0x00000204a330cac0, 0x00000204a3312b00, 0x00000204a3310e20, 0x00000204a33117c0,
0x00000204a330e7a0, 0x00000204a330b2b0, 0x00000204a330cf90, 0x00000204a330bc50,
0x00000204a330d930, 0x00000204a330b780, 0x00000204a3312160, 0x00000204a330ec70,
0x00000204a330de00, 0x00000204a330f610, 0x00000204a18e8f00, 0x00000204a18e3d30,
0x00000204a18e5ee0, 0x00000204a18e9d70, 0x00000204a18eb0b0, 0x00000204a18e6880,
0x00000204a18e6d50, 0x00000204a18e4200, 0x00000204a18e46d0, 0x00000204a18e93d0,
0x00000204a18e98a0, 0x00000204a18e4ba0, 0x00000204a18e8090, 0x00000204a18e8560,
0x00000204a18e5070, 0x00000204a18e5540, 0x00000204a18e5a10, 0x00000204a18ea710,
0x00000204a18eabe0, 0x00000204a18e7220, 0x00000204a18ea240, 0x00000204a18e63b0,
0x00000204a18e8a30, 0x00000204a18e3860, 0x00000204a18e76f0, 0x00000204a18e7bc0,
0x00000204a41356c0, 0x00000204a41386e0, 0x00000204a4136ed0, 0x00000204a4133040,
0x00000204a4133510, 0x00000204a4139550, 0x00000204a4136530, 0x00000204a4138bb0,
0x00000204a4134850, 0x00000204a413a890, 0x00000204a4139a20, 0x00000204a4139080,
0x00000204a4139ef0, 0x00000204a41339e0, 0x00000204a41373a0, 0x00000204a413a3c0,
0x00000204a4136a00, 0x00000204a4137d40, 0x00000204a4136060, 0x00000204a4137870,
0x00000204a4138210, 0x00000204a4134380, 0x00000204a4135b90, 0x00000204a46abdf0,
0x00000204a46af7b0, 0x00000204a46ad600, 0x00000204a46adad0, 0x00000204a46ae470,
0x00000204a46aee10, 0x00000204a46adfa0, 0x00000204a46af2e0, 0x00000204a46aaf80,
0x00000204a62c3160, 0x00000204a46b0620
}

Java Threads: ( => current thread )
  0x0000020482ede890 JavaThread "main" [_thread_blocked, id=7776, stack(0x0000009635000000,0x0000009635100000)]
  0x000002049d813260 JavaThread "Reference Handler" daemon [_thread_blocked, id=18704, stack(0x0000009635700000,0x0000009635800000)]
  0x000002049d8140d0 JavaThread "Finalizer" daemon [_thread_blocked, id=3264, stack(0x0000009635800000,0x0000009635900000)]
  0x000002049cd5e470 JavaThread "Signal Dispatcher" daemon [_thread_blocked, id=17772, stack(0x0000009635900000,0x0000009635a00000)]
  0x000002049d831110 JavaThread "Attach Listener" daemon [_thread_blocked, id=996, stack(0x0000009635a00000,0x0000009635b00000)]
  0x000002049d831bc0 JavaThread "Service Thread" daemon [_thread_blocked, id=14268, stack(0x0000009635b00000,0x0000009635c00000)]
  0x000002049d833580 JavaThread "Monitor Deflation Thread" daemon [_thread_blocked, id=12864, stack(0x0000009635c00000,0x0000009635d00000)]
  0x000002049d835e80 JavaThread "C2 CompilerThread0" daemon [_thread_blocked, id=10248, stack(0x0000009635d00000,0x0000009635e00000)]
  0x000002049d839a30 JavaThread "C1 CompilerThread0" daemon [_thread_blocked, id=16588, stack(0x0000009635e00000,0x0000009635f00000)]
  0x000002049d844050 JavaThread "Sweeper thread" daemon [_thread_blocked, id=18068, stack(0x0000009635f00000,0x0000009636000000)]
  0x000002049d9c49b0 JavaThread "Common-Cleaner" daemon [_thread_blocked, id=11684, stack(0x0000009636000000,0x0000009636100000)]
  0x000002049d9c4e80 JavaThread "Notification Thread" daemon [_thread_blocked, id=17280, stack(0x0000009636100000,0x0000009636200000)]
  0x000002049da9e430 JavaThread "C2 CompilerThread1" daemon [_thread_in_native, id=17532, stack(0x0000009636300000,0x0000009636400000)]
  0x000002049db9cb30 JavaThread "C2 CompilerThread2" daemon [_thread_blocked, id=16720, stack(0x0000009636400000,0x0000009636500000)]
  0x000002049ff13580 JavaThread "Daemon health stats" [_thread_blocked, id=6704, stack(0x0000009636900000,0x0000009636a00000)]
  0x000002049febbad0 JavaThread "Incoming local TCP Connector on port 52456" [_thread_in_native, id=1984, stack(0x0000009636a00000,0x0000009636b00000)]
  0x00000204a0a322e0 JavaThread "Daemon periodic checks" [_thread_blocked, id=19112, stack(0x0000009636b00000,0x0000009636c00000)]
  0x00000204a0c5f780 JavaThread "Daemon" [_thread_blocked, id=7032, stack(0x0000009636c00000,0x0000009636d00000)]
  0x000002049f35d380 JavaThread "Handler for socket connection from /127.0.0.1:52456 to /127.0.0.1:52457" [_thread_in_native, id=14168, stack(0x0000009636d00000,0x0000009636e00000)]
  0x000002049e650990 JavaThread "Cancel handler" [_thread_blocked, id=8008, stack(0x0000009636e00000,0x0000009636f00000)]
  0x000002049e651270 JavaThread "Daemon worker" [_thread_blocked, id=18128, stack(0x0000009636f00000,0x0000009637000000)]
  0x000002049e011ce0 JavaThread "Asynchronous log dispatcher for DefaultDaemonConnection: socket connection from /127.0.0.1:52456 to /127.0.0.1:52457" [_thread_blocked, id=9492, stack(0x0000009637000000,0x0000009637100000)]
  0x000002049e012680 JavaThread "Stdin handler" [_thread_blocked, id=3012, stack(0x0000009637100000,0x0000009637200000)]
  0x000002049e011340 JavaThread "Daemon client event forwarder" [_thread_blocked, id=18956, stack(0x0000009637200000,0x0000009637300000)]
  0x000002049e012b50 JavaThread "Cache worker for journal cache (C:\Users\scher\.gradle\caches\journal-1)" [_thread_blocked, id=17728, stack(0x0000009637700000,0x0000009637800000)]
  0x000002049e011810 JavaThread "File lock request listener" [_thread_in_native, id=9176, stack(0x0000009637800000,0x0000009637900000)]
  0x000002049e0121b0 JavaThread "Cache worker for file hash cache (C:\Users\scher\.gradle\caches\8.0\fileHashes)" [_thread_blocked, id=16356, stack(0x0000009637900000,0x0000009637a00000)]
  0x000002049e010000 JavaThread "File watcher server" daemon [_thread_blocked, id=7096, stack(0x0000009637a00000,0x0000009637b00000)]
  0x000002049e0104d0 JavaThread "File watcher consumer" daemon [_thread_blocked, id=6232, stack(0x0000009637b00000,0x0000009637c00000)]
  0x000002049e010e70 JavaThread "Cache worker for checksums cache (C:\Users\scher\Documents\PROJETOS ANDROID\NOVO\RECICLAAI\.gradle\8.0\checksums)" [_thread_blocked, id=9140, stack(0x0000009637c00000,0x0000009637d00000)]
  0x00000204a151a240 JavaThread "Cache worker for cache directory md-rule (C:\Users\scher\.gradle\caches\8.0\md-rule)" [_thread_blocked, id=17868, stack(0x0000009637d00000,0x0000009637e00000)]
  0x00000204a151ef40 JavaThread "Cache worker for file content cache (C:\Users\scher\.gradle\caches\8.0\fileContent)" [_thread_blocked, id=9032, stack(0x0000009637e00000,0x0000009637f00000)]
  0x00000204a151d730 JavaThread "Cache worker for file hash cache (C:\Users\scher\Documents\PROJETOS ANDROID\NOVO\RECICLAAI\.gradle\8.0\fileHashes)" [_thread_blocked, id=19004, stack(0x0000009637f00000,0x0000009638000000)]
  0x00000204a1519d70 JavaThread "Cache worker for cache directory md-supplier (C:\Users\scher\.gradle\caches\8.0\md-supplier)" [_thread_blocked, id=13228, stack(0x0000009638000000,0x0000009638100000)]
  0x00000204a151a710 JavaThread "Cache worker for execution history cache (C:\Users\scher\.gradle\caches\8.0\executionHistory)" [_thread_blocked, id=19128, stack(0x0000009638100000,0x0000009638200000)]
  0x00000204a151abe0 JavaThread "jar transforms" [_thread_blocked, id=19396, stack(0x0000009638200000,0x0000009638300000)]
  0x00000204a1520c20 JavaThread "jar transforms Thread 2" [_thread_blocked, id=3752, stack(0x0000009638300000,0x0000009638400000)]
  0x00000204a151ea70 JavaThread "jar transforms Thread 3" [_thread_blocked, id=6228, stack(0x0000009638500000,0x0000009638600000)]
  0x00000204a151fdb0 JavaThread "jar transforms Thread 4" [_thread_blocked, id=13612, stack(0x0000009638600000,0x0000009638700000)]
  0x00000204a151e5a0 JavaThread "Cache worker for dependencies-accessors (C:\Users\scher\Documents\PROJETOS ANDROID\NOVO\RECICLAAI\.gradle\8.0\dependencies-accessors)" [_thread_blocked, id=14644, stack(0x0000009638700000,0x0000009638800000)]
  0x00000204a151dc00 JavaThread "jar transforms Thread 5" [_thread_blocked, id=14948, stack(0x0000009638800000,0x0000009638900000)]
  0x00000204a15210f0 JavaThread "Cache worker for Build Output Cleanup Cache (C:\Users\scher\Documents\PROJETOS ANDROID\NOVO\RECICLAAI\.gradle\buildOutputCleanup)" [_thread_blocked, id=12644, stack(0x0000009638900000,0x0000009638a00000)]
  0x00000204a151ba50 JavaThread "Unconstrained build operations" [_thread_blocked, id=11608, stack(0x0000009638a00000,0x0000009638b00000)]
  0x00000204a151f8e0 JavaThread "Unconstrained build operations Thread 2" [_thread_blocked, id=5760, stack(0x0000009638b00000,0x0000009638c00000)]
  0x00000204a151e0d0 JavaThread "Unconstrained build operations Thread 3" [_thread_blocked, id=17976, stack(0x0000009638c00000,0x0000009638d00000)]
  0x00000204a151f410 JavaThread "Unconstrained build operations Thread 4" [_thread_blocked, id=5904, stack(0x0000009638d00000,0x0000009638e00000)]
  0x00000204a151c3f0 JavaThread "Unconstrained build operations Thread 5" [_thread_blocked, id=8788, stack(0x0000009638e00000,0x0000009638f00000)]
  0x00000204a1520280 JavaThread "Unconstrained build operations Thread 6" [_thread_blocked, id=17764, stack(0x0000009638f00000,0x0000009639000000)]
  0x00000204a1520750 JavaThread "Unconstrained build operations Thread 7" [_thread_blocked, id=14232, stack(0x0000009639000000,0x0000009639100000)]
  0x00000204a151bf20 JavaThread "Unconstrained build operations Thread 8" [_thread_blocked, id=2188, stack(0x0000009639100000,0x0000009639200000)]
  0x00000204a151c8c0 JavaThread "Unconstrained build operations Thread 9" [_thread_blocked, id=1484, stack(0x0000009639200000,0x0000009639300000)]
  0x00000204a151cd90 JavaThread "Unconstrained build operations Thread 10" [_thread_blocked, id=12436, stack(0x0000009639300000,0x0000009639400000)]
  0x00000204a3312630 JavaThread "Unconstrained build operations Thread 11" [_thread_blocked, id=18660, stack(0x0000009639400000,0x0000009639500000)]
  0x00000204a330fae0 JavaThread "Unconstrained build operations Thread 12" [_thread_blocked, id=11212, stack(0x0000009639500000,0x0000009639600000)]
  0x00000204a3311c90 JavaThread "Unconstrained build operations Thread 13" [_thread_blocked, id=15184, stack(0x0000009639600000,0x0000009639700000)]
  0x00000204a330c5f0 JavaThread "Unconstrained build operations Thread 14" [_thread_blocked, id=1536, stack(0x0000009639700000,0x0000009639800000)]
  0x00000204a330ffb0 JavaThread "Unconstrained build operations Thread 15" [_thread_blocked, id=2488, stack(0x0000009639800000,0x0000009639900000)]
  0x00000204a33112f0 JavaThread "Unconstrained build operations Thread 16" [_thread_blocked, id=8688, stack(0x0000009639900000,0x0000009639a00000)]
  0x00000204a330c120 JavaThread "Unconstrained build operations Thread 17" [_thread_blocked, id=15396, stack(0x0000009639a00000,0x0000009639b00000)]
  0x00000204a3310950 JavaThread "Unconstrained build operations Thread 18" [_thread_blocked, id=4904, stack(0x0000009639b00000,0x0000009639c00000)]
  0x00000204a3310480 JavaThread "Unconstrained build operations Thread 19" [_thread_blocked, id=18848, stack(0x0000009639c00000,0x0000009639d00000)]
  0x00000204a330e2d0 JavaThread "Unconstrained build operations Thread 20" [_thread_blocked, id=7796, stack(0x0000009639d00000,0x0000009639e00000)]
  0x00000204a330d460 JavaThread "Unconstrained build operations Thread 21" [_thread_blocked, id=13508, stack(0x0000009639e00000,0x0000009639f00000)]
  0x00000204a330f140 JavaThread "Unconstrained build operations Thread 22" [_thread_blocked, id=15168, stack(0x0000009639f00000,0x000000963a000000)]
  0x00000204a330cac0 JavaThread "Unconstrained build operations Thread 23" [_thread_blocked, id=12260, stack(0x000000963a000000,0x000000963a100000)]
  0x00000204a3312b00 JavaThread "Unconstrained build operations Thread 24" [_thread_blocked, id=15112, stack(0x000000963a100000,0x000000963a200000)]
  0x00000204a3310e20 JavaThread "Unconstrained build operations Thread 25" [_thread_blocked, id=4396, stack(0x000000963a200000,0x000000963a300000)]
  0x00000204a33117c0 JavaThread "Unconstrained build operations Thread 26" [_thread_blocked, id=12628, stack(0x000000963a300000,0x000000963a400000)]
  0x00000204a330e7a0 JavaThread "Unconstrained build operations Thread 27" [_thread_blocked, id=19360, stack(0x000000963a400000,0x000000963a500000)]
  0x00000204a330b2b0 JavaThread "Unconstrained build operations Thread 28" [_thread_blocked, id=308, stack(0x000000963a500000,0x000000963a600000)]
  0x00000204a330cf90 JavaThread "Unconstrained build operations Thread 29" [_thread_blocked, id=17360, stack(0x000000963a600000,0x000000963a700000)]
  0x00000204a330bc50 JavaThread "Unconstrained build operations Thread 30" [_thread_blocked, id=16168, stack(0x000000963a700000,0x000000963a800000)]
  0x00000204a330d930 JavaThread "Unconstrained build operations Thread 31" [_thread_blocked, id=9372, stack(0x000000963a800000,0x000000963a900000)]
  0x00000204a330b780 JavaThread "Unconstrained build operations Thread 32" [_thread_blocked, id=18340, stack(0x000000963a900000,0x000000963aa00000)]
  0x00000204a3312160 JavaThread "Unconstrained build operations Thread 33" [_thread_blocked, id=16340, stack(0x000000963aa00000,0x000000963ab00000)]
  0x00000204a330ec70 JavaThread "Unconstrained build operations Thread 34" [_thread_blocked, id=2016, stack(0x000000963ab00000,0x000000963ac00000)]
  0x00000204a330de00 JavaThread "Unconstrained build operations Thread 35" [_thread_blocked, id=13792, stack(0x000000963ac00000,0x000000963ad00000)]
  0x00000204a330f610 JavaThread "Unconstrained build operations Thread 36" [_thread_blocked, id=1220, stack(0x000000963ad00000,0x000000963ae00000)]
  0x00000204a18e8f00 JavaThread "Unconstrained build operations Thread 37" [_thread_blocked, id=12392, stack(0x000000963ae00000,0x000000963af00000)]
  0x00000204a18e3d30 JavaThread "Unconstrained build operations Thread 38" [_thread_blocked, id=6856, stack(0x000000963af00000,0x000000963b000000)]
  0x00000204a18e5ee0 JavaThread "Unconstrained build operations Thread 39" [_thread_blocked, id=15580, stack(0x000000963b000000,0x000000963b100000)]
  0x00000204a18e9d70 JavaThread "Unconstrained build operations Thread 40" [_thread_blocked, id=18204, stack(0x000000963b100000,0x000000963b200000)]
  0x00000204a18eb0b0 JavaThread "Unconstrained build operations Thread 41" [_thread_blocked, id=10584, stack(0x000000963b200000,0x000000963b300000)]
  0x00000204a18e6880 JavaThread "Unconstrained build operations Thread 42" [_thread_blocked, id=8552, stack(0x000000963b300000,0x000000963b400000)]
  0x00000204a18e6d50 JavaThread "Unconstrained build operations Thread 43" [_thread_blocked, id=16660, stack(0x000000963b400000,0x000000963b500000)]
  0x00000204a18e4200 JavaThread "Unconstrained build operations Thread 44" [_thread_blocked, id=1244, stack(0x000000963b500000,0x000000963b600000)]
  0x00000204a18e46d0 JavaThread "Unconstrained build operations Thread 45" [_thread_blocked, id=12788, stack(0x000000963b600000,0x000000963b700000)]
  0x00000204a18e93d0 JavaThread "Unconstrained build operations Thread 46" [_thread_blocked, id=13080, stack(0x000000963b700000,0x000000963b800000)]
  0x00000204a18e98a0 JavaThread "Unconstrained build operations Thread 47" [_thread_blocked, id=13348, stack(0x000000963b800000,0x000000963b900000)]
  0x00000204a18e4ba0 JavaThread "Unconstrained build operations Thread 48" [_thread_blocked, id=3308, stack(0x000000963b900000,0x000000963ba00000)]
  0x00000204a18e8090 JavaThread "Unconstrained build operations Thread 49" [_thread_blocked, id=18780, stack(0x000000963ba00000,0x000000963bb00000)]
  0x00000204a18e8560 JavaThread "Unconstrained build operations Thread 50" [_thread_blocked, id=5268, stack(0x000000963bb00000,0x000000963bc00000)]
  0x00000204a18e5070 JavaThread "Unconstrained build operations Thread 51" [_thread_blocked, id=4196, stack(0x000000963bc00000,0x000000963bd00000)]
  0x00000204a18e5540 JavaThread "Unconstrained build operations Thread 52" [_thread_blocked, id=13820, stack(0x000000963bd00000,0x000000963be00000)]
  0x00000204a18e5a10 JavaThread "Unconstrained build operations Thread 53" [_thread_blocked, id=17732, stack(0x000000963be00000,0x000000963bf00000)]
  0x00000204a18ea710 JavaThread "Unconstrained build operations Thread 54" [_thread_blocked, id=15376, stack(0x000000963bf00000,0x000000963c000000)]
  0x00000204a18eabe0 JavaThread "Unconstrained build operations Thread 55" [_thread_blocked, id=11044, stack(0x000000963c000000,0x000000963c100000)]
  0x00000204a18e7220 JavaThread "Unconstrained build operations Thread 56" [_thread_blocked, id=15756, stack(0x000000963c100000,0x000000963c200000)]
  0x00000204a18ea240 JavaThread "Unconstrained build operations Thread 57" [_thread_blocked, id=9076, stack(0x000000963c200000,0x000000963c300000)]
  0x00000204a18e63b0 JavaThread "Unconstrained build operations Thread 58" [_thread_blocked, id=17660, stack(0x000000963c300000,0x000000963c400000)]
  0x00000204a18e8a30 JavaThread "Unconstrained build operations Thread 59" [_thread_blocked, id=2980, stack(0x000000963c400000,0x000000963c500000)]
  0x00000204a18e3860 JavaThread "Unconstrained build operations Thread 60" [_thread_blocked, id=3596, stack(0x000000963c500000,0x000000963c600000)]
  0x00000204a18e76f0 JavaThread "Unconstrained build operations Thread 61" [_thread_blocked, id=17116, stack(0x000000963c600000,0x000000963c700000)]
  0x00000204a18e7bc0 JavaThread "Unconstrained build operations Thread 62" [_thread_blocked, id=12384, stack(0x000000963c700000,0x000000963c800000)]
  0x00000204a41356c0 JavaThread "Unconstrained build operations Thread 63" [_thread_blocked, id=13012, stack(0x000000963c800000,0x000000963c900000)]
  0x00000204a41386e0 JavaThread "Unconstrained build operations Thread 64" [_thread_blocked, id=7672, stack(0x000000963c900000,0x000000963ca00000)]
  0x00000204a4136ed0 JavaThread "Unconstrained build operations Thread 65" [_thread_blocked, id=2460, stack(0x000000963ca00000,0x000000963cb00000)]
  0x00000204a4133040 JavaThread "Unconstrained build operations Thread 66" [_thread_blocked, id=18148, stack(0x000000963cb00000,0x000000963cc00000)]
  0x00000204a4133510 JavaThread "Unconstrained build operations Thread 67" [_thread_blocked, id=16180, stack(0x000000963cc00000,0x000000963cd00000)]
  0x00000204a4139550 JavaThread "Unconstrained build operations Thread 68" [_thread_blocked, id=4588, stack(0x000000963cd00000,0x000000963ce00000)]
  0x00000204a4136530 JavaThread "Unconstrained build operations Thread 69" [_thread_blocked, id=15780, stack(0x000000963ce00000,0x000000963cf00000)]
  0x00000204a4138bb0 JavaThread "Unconstrained build operations Thread 70" [_thread_blocked, id=2532, stack(0x000000963cf00000,0x000000963d000000)]
  0x00000204a4134850 JavaThread "Unconstrained build operations Thread 71" [_thread_blocked, id=14820, stack(0x000000963d000000,0x000000963d100000)]
  0x00000204a413a890 JavaThread "Unconstrained build operations Thread 72" [_thread_blocked, id=6880, stack(0x000000963d100000,0x000000963d200000)]
  0x00000204a4139a20 JavaThread "Unconstrained build operations Thread 73" [_thread_blocked, id=2576, stack(0x000000963d200000,0x000000963d300000)]
  0x00000204a4139080 JavaThread "Unconstrained build operations Thread 74" [_thread_blocked, id=13052, stack(0x000000963d300000,0x000000963d400000)]
  0x00000204a4139ef0 JavaThread "Unconstrained build operations Thread 75" [_thread_blocked, id=5088, stack(0x000000963d400000,0x000000963d500000)]
  0x00000204a41339e0 JavaThread "Unconstrained build operations Thread 76" [_thread_blocked, id=16240, stack(0x000000963d500000,0x000000963d600000)]
  0x00000204a41373a0 JavaThread "Unconstrained build operations Thread 77" [_thread_blocked, id=4716, stack(0x000000963d600000,0x000000963d700000)]
  0x00000204a413a3c0 JavaThread "Unconstrained build operations Thread 78" [_thread_blocked, id=7528, stack(0x000000963d700000,0x000000963d800000)]
  0x00000204a4136a00 JavaThread "Unconstrained build operations Thread 79" [_thread_blocked, id=4468, stack(0x000000963d800000,0x000000963d900000)]
  0x00000204a4137d40 JavaThread "Unconstrained build operations Thread 80" [_thread_blocked, id=18420, stack(0x000000963d900000,0x000000963da00000)]
  0x00000204a4136060 JavaThread "jar transforms Thread 6" [_thread_blocked, id=11644, stack(0x000000963da00000,0x000000963db00000)]
  0x00000204a4137870 JavaThread "jar transforms Thread 7" [_thread_blocked, id=3416, stack(0x000000963db00000,0x000000963dc00000)]
  0x00000204a4138210 JavaThread "jar transforms Thread 8" [_thread_blocked, id=8048, stack(0x000000963dc00000,0x000000963dd00000)]
  0x00000204a4134380 JavaThread "build event listener" [_thread_blocked, id=4556, stack(0x000000963dd00000,0x000000963de00000)]
  0x00000204a4135b90 JavaThread "Memory manager" [_thread_blocked, id=16812, stack(0x000000963de00000,0x000000963df00000)]
  0x00000204a46abdf0 JavaThread "included builds" [_thread_blocked, id=13624, stack(0x000000963e100000,0x000000963e200000)]
  0x00000204a46af7b0 JavaThread "Execution worker" [_thread_blocked, id=11268, stack(0x000000963e200000,0x000000963e300000)]
  0x00000204a46ad600 JavaThread "Execution worker Thread 2" [_thread_blocked, id=17184, stack(0x000000963e300000,0x000000963e400000)]
  0x00000204a46adad0 JavaThread "Execution worker Thread 3" [_thread_blocked, id=17516, stack(0x000000963e400000,0x000000963e500000)]
  0x00000204a46ae470 JavaThread "Execution worker Thread 4" [_thread_blocked, id=13232, stack(0x000000963e500000,0x000000963e600000)]
  0x00000204a46aee10 JavaThread "Execution worker Thread 5" [_thread_blocked, id=4984, stack(0x000000963e600000,0x000000963e700000)]
  0x00000204a46adfa0 JavaThread "Execution worker Thread 6" [_thread_blocked, id=1736, stack(0x000000963e700000,0x000000963e800000)]
  0x00000204a46af2e0 JavaThread "Execution worker Thread 7" [_thread_blocked, id=16272, stack(0x000000963e800000,0x000000963e900000)]
  0x00000204a46aaf80 JavaThread "Cache worker for execution history cache (C:\Users\scher\Documents\PROJETOS ANDROID\NOVO\RECICLAAI\.gradle\8.0\executionHistory)" [_thread_blocked, id=15584, stack(0x000000963e900000,0x000000963ea00000)]
  0x00000204a62c3160 JavaThread "WorkerExecutor Queue" [_thread_blocked, id=18472, stack(0x000000963ea00000,0x000000963eb00000)]
  0x00000204a46b0620 JavaThread "WorkerExecutor Queue Thread 2" [_thread_blocked, id=12048, stack(0x000000963eb00000,0x000000963ec00000)]

Other Threads:
=>0x000002049cd41940 VMThread "VM Thread" [stack: 0x0000009635600000,0x0000009635700000] [id=16332]
  0x000002049d9c5350 WatcherThread [stack: 0x0000009636200000,0x0000009636300000] [id=10664]
  0x0000020482f3c960 GCTaskThread "GC Thread#0" [stack: 0x0000009635100000,0x0000009635200000] [id=16496]
  0x000002049dd5b170 GCTaskThread "GC Thread#1" [stack: 0x0000009636500000,0x0000009636600000] [id=18616]
  0x000002049e675260 GCTaskThread "GC Thread#2" [stack: 0x0000009636600000,0x0000009636700000] [id=14952]
  0x000002049dfb70b0 GCTaskThread "GC Thread#3" [stack: 0x0000009636700000,0x0000009636800000] [id=18428]
  0x000002049f21cc50 GCTaskThread "GC Thread#4" [stack: 0x0000009636800000,0x0000009636900000] [id=14596]
  0x000002049eab9710 GCTaskThread "GC Thread#5" [stack: 0x0000009637300000,0x0000009637400000] [id=11956]
  0x000002049f21abb0 GCTaskThread "GC Thread#6" [stack: 0x0000009637400000,0x0000009637500000] [id=11528]
  0x000002049e416980 GCTaskThread "GC Thread#7" [stack: 0x0000009637500000,0x0000009637600000] [id=14040]
  0x0000020482f4d8a0 ConcurrentGCThread "G1 Main Marker" [stack: 0x0000009635200000,0x0000009635300000] [id=2652]
  0x0000020482f4e2b0 ConcurrentGCThread "G1 Conc#0" [stack: 0x0000009635300000,0x0000009635400000] [id=8092]
  0x00000204a07bd4a0 ConcurrentGCThread "G1 Conc#1" [stack: 0x0000009637600000,0x0000009637700000] [id=13100]
  0x0000020482f9e4d0 ConcurrentGCThread "G1 Refine#0" [stack: 0x0000009635400000,0x0000009635500000] [id=16380]
  0x000002049f1e99f0 ConcurrentGCThread "G1 Refine#1" [stack: 0x0000009638400000,0x0000009638500000] [id=7048]
  0x00000204a43fa4a0 ConcurrentGCThread "G1 Refine#2" [stack: 0x000000963df00000,0x000000963e000000] [id=15412]
  0x00000204a43fc720 ConcurrentGCThread "G1 Refine#3" [stack: 0x000000963e000000,0x000000963e100000] [id=17900]
  0x000002049cb980f0 ConcurrentGCThread "G1 Service" [stack: 0x0000009635500000,0x0000009635600000] [id=14616]

Threads with active compile tasks:
C2 CompilerThread0     9545 12110       4       com.android.tools.r8.internal.EZ::b (96 bytes)
C1 CompilerThread0     9545 12192       2       com.android.tools.r8.internal.yt::hasNext (212 bytes)
C2 CompilerThread1     9545 11992       4       com.android.tools.r8.graph.M3::c (280 bytes)
C2 CompilerThread2     9546 12099       4       com.android.tools.r8.graph.Q3::<init> (230 bytes)

VM state: at safepoint (normal execution)

VM Mutex/Monitor currently owned by a thread:  ([mutex/lock_event])
[0x0000020482ed99e0] Threads_lock - owner thread: 0x000002049cd41940
[0x0000020482ed86c0] Heap_lock - owner thread: 0x00000204a18eabe0

Heap address: 0x0000000080000000, size: 2048 MB, Compressed Oops mode: 32-bit

CDS archive(s) not mapped
Compressed class space mapped at: 0x0000000100000000-0x0000000140000000, reserved size: 1073741824
Narrow klass base: 0x0000000000000000, Narrow klass shift: 3, Narrow klass range: 0x140000000

GC Precious Log:
 CPUs: 8 total, 8 available
 Memory: 8072M
 Large Page Support: Disabled
 NUMA Support: Disabled
 Compressed Oops: Enabled (32-bit)
 Heap Region Size: 1M
 Heap Min Capacity: 8M
 Heap Initial Capacity: 128M
 Heap Max Capacity: 2G
 Pre-touch: Disabled
 Parallel Workers: 8
 Concurrent Workers: 2
 Concurrent Refinement Workers: 8
 Periodic GC: Disabled

Heap:
 garbage-first heap   total 250880K, used 144182K [0x0000000080000000, 0x0000000100000000)
  region size 1024K, 8 young (8192K), 8 survivors (8192K)
 Metaspace       used 100589K, committed 101312K, reserved 1138688K
  class space    used 13855K, committed 14208K, reserved 1048576K

Heap Regions: E=young(eden), S=young(survivor), O=old, HS=humongous(starts), HC=humongous(continues), CS=collection set, F=free, OA=open archive, CA=closed archive, TAMS=top-at-mark-start (previous, next)
|   0|0x0000000080000000, 0x0000000080100000, 0x0000000080100000|100%|HS|  |TAMS 0x0000000080100000, 0x0000000080100000| Complete 
|   1|0x0000000080100000, 0x0000000080200000, 0x0000000080200000|100%|HC|  |TAMS 0x0000000080200000, 0x0000000080200000| Complete 
|   2|0x0000000080200000, 0x0000000080300000, 0x0000000080300000|100%|HC|  |TAMS 0x0000000080300000, 0x0000000080300000| Complete 
|   3|0x0000000080300000, 0x0000000080400000, 0x0000000080400000|100%|HC|  |TAMS 0x0000000080400000, 0x0000000080400000| Complete 
|   4|0x0000000080400000, 0x0000000080500000, 0x0000000080500000|100%| O|  |TAMS 0x0000000080500000, 0x0000000080500000| Untracked 
|   5|0x0000000080500000, 0x0000000080600000, 0x0000000080600000|100%| O|  |TAMS 0x0000000080600000, 0x0000000080600000| Untracked 
|   6|0x0000000080600000, 0x0000000080700000, 0x0000000080700000|100%| O|  |TAMS 0x0000000080700000, 0x0000000080700000| Untracked 
|   7|0x0000000080700000, 0x0000000080800000, 0x0000000080800000|100%| O|  |TAMS 0x0000000080800000, 0x0000000080800000| Untracked 
|   8|0x0000000080800000, 0x0000000080900000, 0x0000000080900000|100%| O|  |TAMS 0x0000000080900000, 0x0000000080900000| Untracked 
|   9|0x0000000080900000, 0x0000000080a00000, 0x0000000080a00000|100%| O|  |TAMS 0x0000000080a00000, 0x0000000080a00000| Untracked 
|  10|0x0000000080a00000, 0x0000000080b00000, 0x0000000080b00000|100%| O|  |TAMS 0x0000000080b00000, 0x0000000080b00000| Untracked 
|  11|0x0000000080b00000, 0x0000000080bdc600, 0x0000000080c00000| 86%| O|  |TAMS 0x0000000080bdc600, 0x0000000080bdc600| Untracked 
|  12|0x0000000080c00000, 0x0000000080d00000, 0x0000000080d00000|100%| O|  |TAMS 0x0000000080d00000, 0x0000000080d00000| Untracked 
|  13|0x0000000080d00000, 0x0000000080dffff8, 0x0000000080e00000| 99%| O|  |TAMS 0x0000000080dffff8, 0x0000000080dffff8| Untracked 
|  14|0x0000000080e00000, 0x0000000080f00000, 0x0000000080f00000|100%| O|  |TAMS 0x0000000080f00000, 0x0000000080f00000| Untracked 
|  15|0x0000000080f00000, 0x0000000081000000, 0x0000000081000000|100%| O|  |TAMS 0x0000000081000000, 0x0000000081000000| Untracked 
|  16|0x0000000081000000, 0x0000000081100000, 0x0000000081100000|100%| O|  |TAMS 0x0000000081100000, 0x0000000081100000| Untracked 
|  17|0x0000000081100000, 0x0000000081200000, 0x0000000081200000|100%| O|  |TAMS 0x0000000081200000, 0x0000000081200000| Untracked 
|  18|0x0000000081200000, 0x0000000081300000, 0x0000000081300000|100%| O|  |TAMS 0x0000000081300000, 0x0000000081300000| Untracked 
|  19|0x0000000081300000, 0x0000000081400000, 0x0000000081400000|100%| O|  |TAMS 0x0000000081400000, 0x0000000081400000| Untracked 
|  20|0x0000000081400000, 0x0000000081500000, 0x0000000081500000|100%| O|  |TAMS 0x0000000081500000, 0x0000000081500000| Untracked 
|  21|0x0000000081500000, 0x0000000081600000, 0x0000000081600000|100%| O|  |TAMS 0x0000000081600000, 0x0000000081600000| Untracked 
|  22|0x0000000081600000, 0x0000000081700000, 0x0000000081700000|100%| O|  |TAMS 0x0000000081700000, 0x0000000081700000| Untracked 
|  23|0x0000000081700000, 0x0000000081800000, 0x0000000081800000|100%| O|  |TAMS 0x0000000081800000, 0x0000000081800000| Untracked 
|  24|0x0000000081800000, 0x0000000081900000, 0x0000000081900000|100%| O|  |TAMS 0x0000000081900000, 0x0000000081900000| Untracked 
|  25|0x0000000081900000, 0x0000000081a00000, 0x0000000081a00000|100%| O|  |TAMS 0x0000000081a00000, 0x0000000081a00000| Untracked 
|  26|0x0000000081a00000, 0x0000000081b00000, 0x0000000081b00000|100%| O|  |TAMS 0x0000000081b00000, 0x0000000081b00000| Untracked 
|  27|0x0000000081b00000, 0x0000000081c00000, 0x0000000081c00000|100%| O|  |TAMS 0x0000000081c00000, 0x0000000081c00000| Untracked 
|  28|0x0000000081c00000, 0x0000000081d00000, 0x0000000081d00000|100%| O|  |TAMS 0x0000000081d00000, 0x0000000081d00000| Untracked 
|  29|0x0000000081d00000, 0x0000000081e00000, 0x0000000081e00000|100%| O|  |TAMS 0x0000000081e00000, 0x0000000081e00000| Untracked 
|  30|0x0000000081e00000, 0x0000000081f00000, 0x0000000081f00000|100%| O|  |TAMS 0x0000000081f00000, 0x0000000081f00000| Untracked 
|  31|0x0000000081f00000, 0x0000000082000000, 0x0000000082000000|100%| O|  |TAMS 0x0000000082000000, 0x0000000082000000| Untracked 
|  32|0x0000000082000000, 0x0000000082100000, 0x0000000082100000|100%| O|  |TAMS 0x0000000082100000, 0x0000000082100000| Untracked 
|  33|0x0000000082100000, 0x0000000082200000, 0x0000000082200000|100%|HS|  |TAMS 0x0000000082200000, 0x0000000082200000| Complete 
|  34|0x0000000082200000, 0x0000000082300000, 0x0000000082300000|100%|HS|  |TAMS 0x0000000082300000, 0x0000000082300000| Complete 
|  35|0x0000000082300000, 0x0000000082400000, 0x0000000082400000|100%|HS|  |TAMS 0x0000000082400000, 0x0000000082400000| Complete 
|  36|0x0000000082400000, 0x0000000082500000, 0x0000000082500000|100%| O|  |TAMS 0x0000000082500000, 0x0000000082500000| Untracked 
|  37|0x0000000082500000, 0x0000000082600000, 0x0000000082600000|100%| O|  |TAMS 0x0000000082600000, 0x0000000082600000| Untracked 
|  38|0x0000000082600000, 0x0000000082700000, 0x0000000082700000|100%| O|  |TAMS 0x0000000082600000, 0x0000000082700000| Untracked 
|  39|0x0000000082700000, 0x0000000082800000, 0x0000000082800000|100%| O|  |TAMS 0x0000000082700000, 0x0000000082800000| Untracked 
|  40|0x0000000082800000, 0x0000000082900000, 0x0000000082900000|100%| O|  |TAMS 0x0000000082900000, 0x0000000082900000| Untracked 
|  41|0x0000000082900000, 0x0000000082a00000, 0x0000000082a00000|100%| O|  |TAMS 0x0000000082a00000, 0x0000000082a00000| Untracked 
|  42|0x0000000082a00000, 0x0000000082b00000, 0x0000000082b00000|100%| O|  |TAMS 0x0000000082b00000, 0x0000000082b00000| Untracked 
|  43|0x0000000082b00000, 0x0000000082c00000, 0x0000000082c00000|100%| O|  |TAMS 0x0000000082c00000, 0x0000000082c00000| Untracked 
|  44|0x0000000082c00000, 0x0000000082d00000, 0x0000000082d00000|100%| O|  |TAMS 0x0000000082d00000, 0x0000000082d00000| Untracked 
|  45|0x0000000082d00000, 0x0000000082e00000, 0x0000000082e00000|100%| O|  |TAMS 0x0000000082e00000, 0x0000000082e00000| Untracked 
|  46|0x0000000082e00000, 0x0000000082f00000, 0x0000000082f00000|100%| O|  |TAMS 0x0000000082f00000, 0x0000000082f00000| Untracked 
|  47|0x0000000082f00000, 0x0000000083000000, 0x0000000083000000|100%| O|  |TAMS 0x0000000083000000, 0x0000000083000000| Untracked 
|  48|0x0000000083000000, 0x0000000083100000, 0x0000000083100000|100%| O|  |TAMS 0x0000000083100000, 0x0000000083100000| Untracked 
|  49|0x0000000083100000, 0x0000000083200000, 0x0000000083200000|100%| O|  |TAMS 0x0000000083200000, 0x0000000083200000| Untracked 
|  50|0x0000000083200000, 0x0000000083300000, 0x0000000083300000|100%| O|  |TAMS 0x0000000083300000, 0x0000000083300000| Untracked 
|  51|0x0000000083300000, 0x0000000083400000, 0x0000000083400000|100%| O|  |TAMS 0x0000000083400000, 0x0000000083400000| Untracked 
|  52|0x0000000083400000, 0x0000000083500000, 0x0000000083500000|100%| O|  |TAMS 0x0000000083500000, 0x0000000083500000| Untracked 
|  53|0x0000000083500000, 0x0000000083600000, 0x0000000083600000|100%| O|  |TAMS 0x0000000083600000, 0x0000000083600000| Untracked 
|  54|0x0000000083600000, 0x0000000083700000, 0x0000000083700000|100%| O|  |TAMS 0x0000000083700000, 0x0000000083700000| Untracked 
|  55|0x0000000083700000, 0x0000000083800000, 0x0000000083800000|100%| O|  |TAMS 0x0000000083800000, 0x0000000083800000| Untracked 
|  56|0x0000000083800000, 0x0000000083900000, 0x0000000083900000|100%| O|  |TAMS 0x0000000083900000, 0x0000000083900000| Untracked 
|  57|0x0000000083900000, 0x0000000083a00000, 0x0000000083a00000|100%| O|  |TAMS 0x0000000083a00000, 0x0000000083a00000| Untracked 
|  58|0x0000000083a00000, 0x0000000083b00000, 0x0000000083b00000|100%| O|  |TAMS 0x0000000083b00000, 0x0000000083b00000| Untracked 
|  59|0x0000000083b00000, 0x0000000083c00000, 0x0000000083c00000|100%| O|  |TAMS 0x0000000083c00000, 0x0000000083c00000| Untracked 
|  60|0x0000000083c00000, 0x0000000083d00000, 0x0000000083d00000|100%| O|  |TAMS 0x0000000083d00000, 0x0000000083d00000| Untracked 
|  61|0x0000000083d00000, 0x0000000083e00000, 0x0000000083e00000|100%| O|  |TAMS 0x0000000083e00000, 0x0000000083e00000| Untracked 
|  62|0x0000000083e00000, 0x0000000083f00000, 0x0000000083f00000|100%| O|  |TAMS 0x0000000083f00000, 0x0000000083f00000| Untracked 
|  63|0x0000000083f00000, 0x0000000084000000, 0x0000000084000000|100%| O|  |TAMS 0x0000000084000000, 0x0000000084000000| Untracked 
|  64|0x0000000084000000, 0x0000000084100000, 0x0000000084100000|100%| O|  |TAMS 0x0000000084100000, 0x0000000084100000| Untracked 
|  65|0x0000000084100000, 0x0000000084200000, 0x0000000084200000|100%| O|  |TAMS 0x0000000084200000, 0x0000000084200000| Untracked 
|  66|0x0000000084200000, 0x0000000084300000, 0x0000000084300000|100%| O|  |TAMS 0x0000000084300000, 0x0000000084300000| Untracked 
|  67|0x0000000084300000, 0x0000000084400000, 0x0000000084400000|100%| O|  |TAMS 0x0000000084400000, 0x0000000084400000| Untracked 
|  68|0x0000000084400000, 0x0000000084500000, 0x0000000084500000|100%| O|  |TAMS 0x0000000084500000, 0x0000000084500000| Untracked 
|  69|0x0000000084500000, 0x0000000084600000, 0x0000000084600000|100%| O|  |TAMS 0x0000000084600000, 0x0000000084600000| Untracked 
|  70|0x0000000084600000, 0x0000000084700000, 0x0000000084700000|100%| O|  |TAMS 0x0000000084700000, 0x0000000084700000| Untracked 
|  71|0x0000000084700000, 0x0000000084800000, 0x0000000084800000|100%| O|  |TAMS 0x0000000084800000, 0x0000000084800000| Untracked 
|  72|0x0000000084800000, 0x0000000084900000, 0x0000000084900000|100%| O|  |TAMS 0x0000000084900000, 0x0000000084900000| Untracked 
|  73|0x0000000084900000, 0x0000000084a00000, 0x0000000084a00000|100%| O|  |TAMS 0x0000000084a00000, 0x0000000084a00000| Untracked 
|  74|0x0000000084a00000, 0x0000000084b00000, 0x0000000084b00000|100%| O|  |TAMS 0x0000000084b00000, 0x0000000084b00000| Untracked 
|  75|0x0000000084b00000, 0x0000000084c00000, 0x0000000084c00000|100%| O|  |TAMS 0x0000000084c00000, 0x0000000084c00000| Untracked 
|  76|0x0000000084c00000, 0x0000000084d00000, 0x0000000084d00000|100%| O|  |TAMS 0x0000000084d00000, 0x0000000084d00000| Untracked 
|  77|0x0000000084d00000, 0x0000000084e00000, 0x0000000084e00000|100%| O|  |TAMS 0x0000000084e00000, 0x0000000084e00000| Untracked 
|  78|0x0000000084e00000, 0x0000000084f00000, 0x0000000084f00000|100%| O|  |TAMS 0x0000000084f00000, 0x0000000084f00000| Untracked 
|  79|0x0000000084f00000, 0x0000000085000000, 0x0000000085000000|100%| O|  |TAMS 0x0000000084f00000, 0x0000000084f00000| Untracked 
|  80|0x0000000085000000, 0x0000000085100000, 0x0000000085100000|100%| O|  |TAMS 0x0000000085100000, 0x0000000085100000| Untracked 
|  81|0x0000000085100000, 0x0000000085200000, 0x0000000085200000|100%| O|  |TAMS 0x0000000085200000, 0x0000000085200000| Untracked 
|  82|0x0000000085200000, 0x0000000085300000, 0x0000000085300000|100%| O|  |TAMS 0x0000000085300000, 0x0000000085300000| Untracked 
|  83|0x0000000085300000, 0x0000000085400000, 0x0000000085400000|100%| O|  |TAMS 0x0000000085400000, 0x0000000085400000| Untracked 
|  84|0x0000000085400000, 0x0000000085500000, 0x0000000085500000|100%| O|  |TAMS 0x0000000085500000, 0x0000000085500000| Untracked 
|  85|0x0000000085500000, 0x0000000085600000, 0x0000000085600000|100%| O|  |TAMS 0x0000000085600000, 0x0000000085600000| Untracked 
|  86|0x0000000085600000, 0x0000000085700000, 0x0000000085700000|100%| O|  |TAMS 0x0000000085700000, 0x0000000085700000| Untracked 
|  87|0x0000000085700000, 0x0000000085800000, 0x0000000085800000|100%| O|  |TAMS 0x0000000085800000, 0x0000000085800000| Untracked 
|  88|0x0000000085800000, 0x0000000085900000, 0x0000000085900000|100%| O|  |TAMS 0x0000000085900000, 0x0000000085900000| Untracked 
|  89|0x0000000085900000, 0x0000000085a00000, 0x0000000085a00000|100%| O|  |TAMS 0x0000000085a00000, 0x0000000085a00000| Untracked 
|  90|0x0000000085a00000, 0x0000000085b00000, 0x0000000085b00000|100%| O|  |TAMS 0x0000000085b00000, 0x0000000085b00000| Untracked 
|  91|0x0000000085b00000, 0x0000000085c00000, 0x0000000085c00000|100%| O|  |TAMS 0x0000000085c00000, 0x0000000085c00000| Untracked 
|  92|0x0000000085c00000, 0x0000000085d00000, 0x0000000085d00000|100%| O|  |TAMS 0x0000000085d00000, 0x0000000085d00000| Untracked 
|  93|0x0000000085d00000, 0x0000000085e00000, 0x0000000085e00000|100%| O|  |TAMS 0x0000000085e00000, 0x0000000085e00000| Untracked 
|  94|0x0000000085e00000, 0x0000000085f00000, 0x0000000085f00000|100%| O|  |TAMS 0x0000000085f00000, 0x0000000085f00000| Untracked 
|  95|0x0000000085f00000, 0x0000000086000000, 0x0000000086000000|100%| O|  |TAMS 0x0000000086000000, 0x0000000086000000| Untracked 
|  96|0x0000000086000000, 0x0000000086100000, 0x0000000086100000|100%| O|  |TAMS 0x0000000086100000, 0x0000000086100000| Untracked 
|  97|0x0000000086100000, 0x0000000086200000, 0x0000000086200000|100%| O|  |TAMS 0x0000000086200000, 0x0000000086200000| Untracked 
|  98|0x0000000086200000, 0x0000000086300000, 0x0000000086300000|100%| O|  |TAMS 0x0000000086300000, 0x0000000086300000| Untracked 
|  99|0x0000000086300000, 0x0000000086400000, 0x0000000086400000|100%| O|  |TAMS 0x0000000086400000, 0x0000000086400000| Untracked 
| 100|0x0000000086400000, 0x0000000086500000, 0x0000000086500000|100%| O|  |TAMS 0x0000000086500000, 0x0000000086500000| Untracked 
| 101|0x0000000086500000, 0x0000000086600000, 0x0000000086600000|100%| O|  |TAMS 0x0000000086600000, 0x0000000086600000| Untracked 
| 102|0x0000000086600000, 0x0000000086700000, 0x0000000086700000|100%| O|  |TAMS 0x0000000086700000, 0x0000000086700000| Untracked 
| 103|0x0000000086700000, 0x0000000086800000, 0x0000000086800000|100%| O|  |TAMS 0x0000000086800000, 0x0000000086800000| Untracked 
| 104|0x0000000086800000, 0x0000000086900000, 0x0000000086900000|100%| O|  |TAMS 0x0000000086900000, 0x0000000086900000| Untracked 
| 105|0x0000000086900000, 0x0000000086a00000, 0x0000000086a00000|100%| O|  |TAMS 0x0000000086a00000, 0x0000000086a00000| Untracked 
| 106|0x0000000086a00000, 0x0000000086b00000, 0x0000000086b00000|100%| O|  |TAMS 0x0000000086b00000, 0x0000000086b00000| Untracked 
| 107|0x0000000086b00000, 0x0000000086c00000, 0x0000000086c00000|100%| O|  |TAMS 0x0000000086b00000, 0x0000000086b00000| Untracked 
| 108|0x0000000086c00000, 0x0000000086d00000, 0x0000000086d00000|100%| O|  |TAMS 0x0000000086c00000, 0x0000000086d00000| Untracked 
| 109|0x0000000086d00000, 0x0000000086e00000, 0x0000000086e00000|100%| O|  |TAMS 0x0000000086d00000, 0x0000000086e00000| Untracked 
| 110|0x0000000086e00000, 0x0000000086f00000, 0x0000000086f00000|100%| O|  |TAMS 0x0000000086e00000, 0x0000000086f00000| Untracked 
| 111|0x0000000086f00000, 0x0000000087000000, 0x0000000087000000|100%| O|  |TAMS 0x0000000086f00000, 0x0000000087000000| Untracked 
| 112|0x0000000087000000, 0x0000000087100000, 0x0000000087100000|100%| O|  |TAMS 0x0000000087000000, 0x0000000087100000| Untracked 
| 113|0x0000000087100000, 0x0000000087200000, 0x0000000087200000|100%| O|  |TAMS 0x0000000087100000, 0x0000000087200000| Untracked 
| 114|0x0000000087200000, 0x0000000087300000, 0x0000000087300000|100%| O|  |TAMS 0x0000000087200000, 0x0000000087300000| Untracked 
| 115|0x0000000087300000, 0x0000000087400000, 0x0000000087400000|100%| O|  |TAMS 0x0000000087300000, 0x0000000087400000| Untracked 
| 116|0x0000000087400000, 0x0000000087500000, 0x0000000087500000|100%| O|  |TAMS 0x0000000087400000, 0x0000000087500000| Untracked 
| 117|0x0000000087500000, 0x0000000087600000, 0x0000000087600000|100%| O|  |TAMS 0x0000000087500000, 0x0000000087600000| Untracked 
| 118|0x0000000087600000, 0x0000000087700000, 0x0000000087700000|100%| O|  |TAMS 0x0000000087600000, 0x0000000087700000| Untracked 
| 119|0x0000000087700000, 0x0000000087800000, 0x0000000087800000|100%| O|  |TAMS 0x0000000087700000, 0x0000000087800000| Untracked 
| 120|0x0000000087800000, 0x0000000087900000, 0x0000000087900000|100%| O|  |TAMS 0x0000000087800000, 0x0000000087900000| Untracked 
| 121|0x0000000087900000, 0x0000000087a00000, 0x0000000087a00000|100%| O|  |TAMS 0x0000000087900000, 0x0000000087a00000| Untracked 
| 122|0x0000000087a00000, 0x0000000087b00000, 0x0000000087b00000|100%| O|  |TAMS 0x0000000087a00000, 0x0000000087b00000| Untracked 
| 123|0x0000000087b00000, 0x0000000087c00000, 0x0000000087c00000|100%| O|  |TAMS 0x0000000087b00000, 0x0000000087c00000| Untracked 
| 124|0x0000000087c00000, 0x0000000087d00000, 0x0000000087d00000|100%| O|  |TAMS 0x0000000087c00000, 0x0000000087d00000| Untracked 
| 125|0x0000000087d00000, 0x0000000087e00000, 0x0000000087e00000|100%| O|  |TAMS 0x0000000087d00000, 0x0000000087e00000| Untracked 
| 126|0x0000000087e00000, 0x0000000087f00000, 0x0000000087f00000|100%| O|  |TAMS 0x0000000087e00000, 0x0000000087f00000| Untracked 
| 127|0x0000000087f00000, 0x0000000088000000, 0x0000000088000000|100%| O|  |TAMS 0x0000000087f00000, 0x0000000088000000| Untracked 
| 128|0x0000000088000000, 0x0000000088100000, 0x0000000088100000|100%| O|  |TAMS 0x0000000088000000, 0x0000000088100000| Untracked 
| 129|0x0000000088100000, 0x0000000088200000, 0x0000000088200000|100%| O|  |TAMS 0x0000000088100000, 0x0000000088200000| Untracked 
| 130|0x0000000088200000, 0x0000000088300000, 0x0000000088300000|100%| O|  |TAMS 0x0000000088200000, 0x0000000088239c00| Untracked 
| 131|0x0000000088300000, 0x0000000088400000, 0x0000000088400000|100%| O|  |TAMS 0x0000000088300000, 0x0000000088300000| Untracked 
| 132|0x0000000088400000, 0x00000000884f1600, 0x0000000088500000| 94%| O|  |TAMS 0x0000000088400000, 0x0000000088400000| Untracked 
| 133|0x0000000088500000, 0x0000000088500000, 0x0000000088600000|  0%| F|  |TAMS 0x0000000088500000, 0x0000000088500000| Untracked 
| 134|0x0000000088600000, 0x0000000088600000, 0x0000000088700000|  0%| F|  |TAMS 0x0000000088600000, 0x0000000088600000| Untracked 
| 135|0x0000000088700000, 0x0000000088700000, 0x0000000088800000|  0%| F|  |TAMS 0x0000000088700000, 0x0000000088700000| Untracked 
| 136|0x0000000088800000, 0x0000000088800000, 0x0000000088900000|  0%| F|  |TAMS 0x0000000088800000, 0x0000000088800000| Untracked 
| 137|0x0000000088900000, 0x0000000088900000, 0x0000000088a00000|  0%| F|  |TAMS 0x0000000088900000, 0x0000000088900000| Untracked 
| 138|0x0000000088a00000, 0x0000000088a00000, 0x0000000088b00000|  0%| F|  |TAMS 0x0000000088a00000, 0x0000000088a00000| Untracked 
| 139|0x0000000088b00000, 0x0000000088b00000, 0x0000000088c00000|  0%| F|  |TAMS 0x0000000088b00000, 0x0000000088b00000| Untracked 
| 140|0x0000000088c00000, 0x0000000088c00000, 0x0000000088d00000|  0%| F|  |TAMS 0x0000000088c00000, 0x0000000088c00000| Untracked 
| 141|0x0000000088d00000, 0x0000000088d00000, 0x0000000088e00000|  0%| F|  |TAMS 0x0000000088d00000, 0x0000000088d00000| Untracked 
| 142|0x0000000088e00000, 0x0000000088e00000, 0x0000000088f00000|  0%| F|  |TAMS 0x0000000088e00000, 0x0000000088e00000| Untracked 
| 143|0x0000000088f00000, 0x0000000088f00000, 0x0000000089000000|  0%| F|  |TAMS 0x0000000088f00000, 0x0000000088f00000| Untracked 
| 144|0x0000000089000000, 0x0000000089000000, 0x0000000089100000|  0%| F|  |TAMS 0x0000000089000000, 0x0000000089000000| Untracked 
| 145|0x0000000089100000, 0x0000000089100000, 0x0000000089200000|  0%| F|  |TAMS 0x0000000089100000, 0x0000000089100000| Untracked 
| 146|0x0000000089200000, 0x0000000089200000, 0x0000000089300000|  0%| F|  |TAMS 0x0000000089200000, 0x0000000089200000| Untracked 
| 147|0x0000000089300000, 0x0000000089300000, 0x0000000089400000|  0%| F|  |TAMS 0x0000000089300000, 0x0000000089300000| Untracked 
| 148|0x0000000089400000, 0x0000000089400000, 0x0000000089500000|  0%| F|  |TAMS 0x0000000089400000, 0x0000000089400000| Untracked 
| 149|0x0000000089500000, 0x0000000089500000, 0x0000000089600000|  0%| F|  |TAMS 0x0000000089500000, 0x0000000089500000| Untracked 
| 150|0x0000000089600000, 0x0000000089600000, 0x0000000089700000|  0%| F|  |TAMS 0x0000000089600000, 0x0000000089600000| Untracked 
| 151|0x0000000089700000, 0x0000000089700000, 0x0000000089800000|  0%| F|  |TAMS 0x0000000089700000, 0x0000000089700000| Untracked 
| 152|0x0000000089800000, 0x0000000089800000, 0x0000000089900000|  0%| F|  |TAMS 0x0000000089800000, 0x0000000089800000| Untracked 
| 153|0x0000000089900000, 0x0000000089900000, 0x0000000089a00000|  0%| F|  |TAMS 0x0000000089900000, 0x0000000089900000| Untracked 
| 154|0x0000000089a00000, 0x0000000089a00000, 0x0000000089b00000|  0%| F|  |TAMS 0x0000000089a00000, 0x0000000089a00000| Untracked 
| 155|0x0000000089b00000, 0x0000000089b00000, 0x0000000089c00000|  0%| F|  |TAMS 0x0000000089b00000, 0x0000000089b00000| Untracked 
| 156|0x0000000089c00000, 0x0000000089c00000, 0x0000000089d00000|  0%| F|  |TAMS 0x0000000089c00000, 0x0000000089c00000| Untracked 
| 157|0x0000000089d00000, 0x0000000089d00000, 0x0000000089e00000|  0%| F|  |TAMS 0x0000000089d00000, 0x0000000089d00000| Untracked 
| 158|0x0000000089e00000, 0x0000000089e00000, 0x0000000089f00000|  0%| F|  |TAMS 0x0000000089e00000, 0x0000000089e00000| Untracked 
| 159|0x0000000089f00000, 0x0000000089f00000, 0x000000008a000000|  0%| F|  |TAMS 0x0000000089f00000, 0x0000000089f00000| Untracked 
| 160|0x000000008a000000, 0x000000008a000000, 0x000000008a100000|  0%| F|  |TAMS 0x000000008a000000, 0x000000008a000000| Untracked 
| 161|0x000000008a100000, 0x000000008a100000, 0x000000008a200000|  0%| F|  |TAMS 0x000000008a100000, 0x000000008a100000| Untracked 
| 162|0x000000008a200000, 0x000000008a200000, 0x000000008a300000|  0%| F|  |TAMS 0x000000008a200000, 0x000000008a200000| Untracked 
| 163|0x000000008a300000, 0x000000008a300000, 0x000000008a400000|  0%| F|  |TAMS 0x000000008a300000, 0x000000008a300000| Untracked 
| 164|0x000000008a400000, 0x000000008a400000, 0x000000008a500000|  0%| F|  |TAMS 0x000000008a400000, 0x000000008a400000| Untracked 
| 165|0x000000008a500000, 0x000000008a500000, 0x000000008a600000|  0%| F|  |TAMS 0x000000008a500000, 0x000000008a500000| Untracked 
| 166|0x000000008a600000, 0x000000008a600000, 0x000000008a700000|  0%| F|  |TAMS 0x000000008a600000, 0x000000008a600000| Untracked 
| 167|0x000000008a700000, 0x000000008a700000, 0x000000008a800000|  0%| F|  |TAMS 0x000000008a700000, 0x000000008a700000| Untracked 
| 168|0x000000008a800000, 0x000000008a800000, 0x000000008a900000|  0%| F|  |TAMS 0x000000008a800000, 0x000000008a800000| Untracked 
| 169|0x000000008a900000, 0x000000008a900000, 0x000000008aa00000|  0%| F|  |TAMS 0x000000008a900000, 0x000000008a900000| Untracked 
| 170|0x000000008aa00000, 0x000000008aa00000, 0x000000008ab00000|  0%| F|  |TAMS 0x000000008aa00000, 0x000000008aa00000| Untracked 
| 171|0x000000008ab00000, 0x000000008ab00000, 0x000000008ac00000|  0%| F|  |TAMS 0x000000008ab00000, 0x000000008ab00000| Untracked 
| 172|0x000000008ac00000, 0x000000008ac00000, 0x000000008ad00000|  0%| F|  |TAMS 0x000000008ac00000, 0x000000008ac00000| Untracked 
| 173|0x000000008ad00000, 0x000000008ae00000, 0x000000008ae00000|100%| S|CS|TAMS 0x000000008ad00000, 0x000000008ad00000| Complete 
| 174|0x000000008ae00000, 0x000000008af00000, 0x000000008af00000|100%| S|CS|TAMS 0x000000008ae00000, 0x000000008ae00000| Complete 
| 175|0x000000008af00000, 0x000000008b000000, 0x000000008b000000|100%| S|CS|TAMS 0x000000008af00000, 0x000000008af00000| Complete 
| 176|0x000000008b000000, 0x000000008b100000, 0x000000008b100000|100%| S|CS|TAMS 0x000000008b000000, 0x000000008b000000| Complete 
| 177|0x000000008b100000, 0x000000008b200000, 0x000000008b200000|100%| S|CS|TAMS 0x000000008b100000, 0x000000008b100000| Complete 
| 178|0x000000008b200000, 0x000000008b300000, 0x000000008b300000|100%| S|CS|TAMS 0x000000008b200000, 0x000000008b200000| Complete 
| 179|0x000000008b300000, 0x000000008b400000, 0x000000008b400000|100%| S|CS|TAMS 0x000000008b300000, 0x000000008b300000| Complete 
| 180|0x000000008b400000, 0x000000008b500000, 0x000000008b500000|100%| S|CS|TAMS 0x000000008b400000, 0x000000008b400000| Complete 
| 181|0x000000008b500000, 0x000000008b500000, 0x000000008b600000|  0%| F|  |TAMS 0x000000008b500000, 0x000000008b500000| Untracked 
| 182|0x000000008b600000, 0x000000008b600000, 0x000000008b700000|  0%| F|  |TAMS 0x000000008b600000, 0x000000008b600000| Untracked 
| 183|0x000000008b700000, 0x000000008b700000, 0x000000008b800000|  0%| F|  |TAMS 0x000000008b700000, 0x000000008b700000| Untracked 
| 184|0x000000008b800000, 0x000000008b800000, 0x000000008b900000|  0%| F|  |TAMS 0x000000008b800000, 0x000000008b800000| Untracked 
| 185|0x000000008b900000, 0x000000008b900000, 0x000000008ba00000|  0%| F|  |TAMS 0x000000008b900000, 0x000000008b900000| Untracked 
| 186|0x000000008ba00000, 0x000000008ba00000, 0x000000008bb00000|  0%| F|  |TAMS 0x000000008ba00000, 0x000000008ba00000| Untracked 
| 187|0x000000008bb00000, 0x000000008bb00000, 0x000000008bc00000|  0%| F|  |TAMS 0x000000008bb00000, 0x000000008bb00000| Untracked 
| 188|0x000000008bc00000, 0x000000008bc00000, 0x000000008bd00000|  0%| F|  |TAMS 0x000000008bc00000, 0x000000008bc00000| Untracked 
| 189|0x000000008bd00000, 0x000000008bd00000, 0x000000008be00000|  0%| F|  |TAMS 0x000000008bd00000, 0x000000008bd00000| Untracked 
| 190|0x000000008be00000, 0x000000008be00000, 0x000000008bf00000|  0%| F|  |TAMS 0x000000008be00000, 0x000000008be00000| Untracked 
| 191|0x000000008bf00000, 0x000000008bf00000, 0x000000008c000000|  0%| F|  |TAMS 0x000000008bf00000, 0x000000008bf00000| Untracked 
| 192|0x000000008c000000, 0x000000008c000000, 0x000000008c100000|  0%| F|  |TAMS 0x000000008c000000, 0x000000008c000000| Untracked 
| 193|0x000000008c100000, 0x000000008c100000, 0x000000008c200000|  0%| F|  |TAMS 0x000000008c100000, 0x000000008c100000| Untracked 
| 194|0x000000008c200000, 0x000000008c200000, 0x000000008c300000|  0%| F|  |TAMS 0x000000008c200000, 0x000000008c200000| Untracked 
| 195|0x000000008c300000, 0x000000008c300000, 0x000000008c400000|  0%| F|  |TAMS 0x000000008c300000, 0x000000008c300000| Untracked 
| 196|0x000000008c400000, 0x000000008c400000, 0x000000008c500000|  0%| F|  |TAMS 0x000000008c400000, 0x000000008c400000| Untracked 
| 197|0x000000008c500000, 0x000000008c500000, 0x000000008c600000|  0%| F|  |TAMS 0x000000008c500000, 0x000000008c500000| Untracked 
| 198|0x000000008c600000, 0x000000008c600000, 0x000000008c700000|  0%| F|  |TAMS 0x000000008c600000, 0x000000008c600000| Untracked 
| 199|0x000000008c700000, 0x000000008c700000, 0x000000008c800000|  0%| F|  |TAMS 0x000000008c700000, 0x000000008c700000| Untracked 
| 200|0x000000008c800000, 0x000000008c800000, 0x000000008c900000|  0%| F|  |TAMS 0x000000008c800000, 0x000000008c800000| Untracked 
| 201|0x000000008c900000, 0x000000008c900000, 0x000000008ca00000|  0%| F|  |TAMS 0x000000008c900000, 0x000000008c900000| Untracked 
| 202|0x000000008ca00000, 0x000000008ca00000, 0x000000008cb00000|  0%| F|  |TAMS 0x000000008ca00000, 0x000000008ca00000| Untracked 
| 203|0x000000008cb00000, 0x000000008cb00000, 0x000000008cc00000|  0%| F|  |TAMS 0x000000008cb00000, 0x000000008cb00000| Untracked 
| 204|0x000000008cc00000, 0x000000008cc00000, 0x000000008cd00000|  0%| F|  |TAMS 0x000000008cc00000, 0x000000008cc00000| Untracked 
| 205|0x000000008cd00000, 0x000000008cd00000, 0x000000008ce00000|  0%| F|  |TAMS 0x000000008cd00000, 0x000000008cd00000| Untracked 
| 206|0x000000008ce00000, 0x000000008ce00000, 0x000000008cf00000|  0%| F|  |TAMS 0x000000008ce00000, 0x000000008ce00000| Untracked 
| 207|0x000000008cf00000, 0x000000008cf00000, 0x000000008d000000|  0%| F|  |TAMS 0x000000008cf00000, 0x000000008cf00000| Untracked 
| 208|0x000000008d000000, 0x000000008d000000, 0x000000008d100000|  0%| F|  |TAMS 0x000000008d000000, 0x000000008d000000| Untracked 
| 209|0x000000008d100000, 0x000000008d100000, 0x000000008d200000|  0%| F|  |TAMS 0x000000008d100000, 0x000000008d100000| Untracked 
| 210|0x000000008d200000, 0x000000008d200000, 0x000000008d300000|  0%| F|  |TAMS 0x000000008d200000, 0x000000008d200000| Untracked 
| 211|0x000000008d300000, 0x000000008d300000, 0x000000008d400000|  0%| F|  |TAMS 0x000000008d300000, 0x000000008d300000| Untracked 
| 212|0x000000008d400000, 0x000000008d400000, 0x000000008d500000|  0%| F|  |TAMS 0x000000008d400000, 0x000000008d400000| Untracked 
| 213|0x000000008d500000, 0x000000008d500000, 0x000000008d600000|  0%| F|  |TAMS 0x000000008d500000, 0x000000008d500000| Untracked 
| 214|0x000000008d600000, 0x000000008d600000, 0x000000008d700000|  0%| F|  |TAMS 0x000000008d600000, 0x000000008d600000| Untracked 
| 215|0x000000008d700000, 0x000000008d700000, 0x000000008d800000|  0%| F|  |TAMS 0x000000008d700000, 0x000000008d700000| Untracked 
| 216|0x000000008d800000, 0x000000008d800000, 0x000000008d900000|  0%| F|  |TAMS 0x000000008d800000, 0x000000008d800000| Untracked 
| 217|0x000000008d900000, 0x000000008d900000, 0x000000008da00000|  0%| F|  |TAMS 0x000000008d900000, 0x000000008d900000| Untracked 
| 218|0x000000008da00000, 0x000000008da00000, 0x000000008db00000|  0%| F|  |TAMS 0x000000008da00000, 0x000000008da00000| Untracked 
| 219|0x000000008db00000, 0x000000008db00000, 0x000000008dc00000|  0%| F|  |TAMS 0x000000008db00000, 0x000000008db00000| Untracked 
| 220|0x000000008dc00000, 0x000000008dc00000, 0x000000008dd00000|  0%| F|  |TAMS 0x000000008dc00000, 0x000000008dc00000| Untracked 
| 221|0x000000008dd00000, 0x000000008dd00000, 0x000000008de00000|  0%| F|  |TAMS 0x000000008dd00000, 0x000000008dd00000| Untracked 
| 222|0x000000008de00000, 0x000000008de00000, 0x000000008df00000|  0%| F|  |TAMS 0x000000008de00000, 0x000000008de00000| Untracked 
| 223|0x000000008df00000, 0x000000008df00000, 0x000000008e000000|  0%| F|  |TAMS 0x000000008df00000, 0x000000008df00000| Untracked 
| 224|0x000000008e000000, 0x000000008e000000, 0x000000008e100000|  0%| F|  |TAMS 0x000000008e000000, 0x000000008e000000| Untracked 
| 225|0x000000008e100000, 0x000000008e100000, 0x000000008e200000|  0%| F|  |TAMS 0x000000008e100000, 0x000000008e100000| Untracked 
| 226|0x000000008e200000, 0x000000008e200000, 0x000000008e300000|  0%| F|  |TAMS 0x000000008e200000, 0x000000008e200000| Untracked 
| 227|0x000000008e300000, 0x000000008e300000, 0x000000008e400000|  0%| F|  |TAMS 0x000000008e300000, 0x000000008e300000| Untracked 
| 228|0x000000008e400000, 0x000000008e400000, 0x000000008e500000|  0%| F|  |TAMS 0x000000008e400000, 0x000000008e400000| Untracked 
| 229|0x000000008e500000, 0x000000008e500000, 0x000000008e600000|  0%| F|  |TAMS 0x000000008e500000, 0x000000008e500000| Untracked 
| 230|0x000000008e600000, 0x000000008e600000, 0x000000008e700000|  0%| F|  |TAMS 0x000000008e600000, 0x000000008e600000| Untracked 
| 231|0x000000008e700000, 0x000000008e700000, 0x000000008e800000|  0%| F|  |TAMS 0x000000008e700000, 0x000000008e700000| Untracked 
| 232|0x000000008e800000, 0x000000008e800000, 0x000000008e900000|  0%| F|  |TAMS 0x000000008e800000, 0x000000008e800000| Untracked 
| 233|0x000000008e900000, 0x000000008e900000, 0x000000008ea00000|  0%| F|  |TAMS 0x000000008e900000, 0x000000008e900000| Untracked 
| 234|0x000000008ea00000, 0x000000008ea00000, 0x000000008eb00000|  0%| F|  |TAMS 0x000000008ea00000, 0x000000008ea00000| Untracked 
| 235|0x000000008eb00000, 0x000000008eb00000, 0x000000008ec00000|  0%| F|  |TAMS 0x000000008eb00000, 0x000000008eb00000| Untracked 
| 236|0x000000008ec00000, 0x000000008ec00000, 0x000000008ed00000|  0%| F|  |TAMS 0x000000008ec00000, 0x000000008ec00000| Untracked 
| 237|0x000000008ed00000, 0x000000008ed00000, 0x000000008ee00000|  0%| F|  |TAMS 0x000000008ed00000, 0x000000008ed00000| Untracked 
| 238|0x000000008ee00000, 0x000000008ee00000, 0x000000008ef00000|  0%| F|  |TAMS 0x000000008ee00000, 0x000000008ee00000| Untracked 
| 239|0x000000008ef00000, 0x000000008ef00000, 0x000000008f000000|  0%| F|  |TAMS 0x000000008ef00000, 0x000000008ef00000| Untracked 
| 240|0x000000008f000000, 0x000000008f000000, 0x000000008f100000|  0%| F|  |TAMS 0x000000008f000000, 0x000000008f000000| Untracked 
| 241|0x000000008f100000, 0x000000008f100000, 0x000000008f200000|  0%| F|  |TAMS 0x000000008f100000, 0x000000008f100000| Untracked 
| 242|0x000000008f200000, 0x000000008f200000, 0x000000008f300000|  0%| F|  |TAMS 0x000000008f200000, 0x000000008f200000| Untracked 
| 243|0x000000008f300000, 0x000000008f300000, 0x000000008f400000|  0%| F|  |TAMS 0x000000008f300000, 0x000000008f300000| Untracked 
| 244|0x000000008f400000, 0x000000008f400000, 0x000000008f500000|  0%| F|  |TAMS 0x000000008f400000, 0x000000008f400000| Untracked 

Card table byte_map: [0x0000020495ae0000,0x0000020495ee0000] _byte_map_base: 0x00000204956e0000

Marking Bits (Prev, Next): (CMBitMap*) 0x0000020482f3cfb0, (CMBitMap*) 0x0000020482f3cf70
 Prev Bits: [0x00000204982e0000, 0x000002049a2e0000)
 Next Bits: [0x00000204962e0000, 0x00000204982e0000)

Polling page: 0x00000204826a0000

Metaspace:

Usage:
  Non-class:     84.70 MB used.
      Class:     13.53 MB used.
       Both:     98.23 MB used.

Virtual space:
  Non-class space:       88.00 MB reserved,      85.06 MB ( 97%) committed,  11 nodes.
      Class space:        1.00 GB reserved,      13.88 MB (  1%) committed,  1 nodes.
             Both:        1.09 GB reserved,      98.94 MB (  9%) committed. 

Chunk freelists:
   Non-Class:  2.67 MB
       Class:  2.17 MB
        Both:  4.84 MB

MaxMetaspaceSize: unlimited
CompressedClassSpaceSize: 1.00 GB
Initial GC threshold: 21.00 MB
Current GC threshold: 160.94 MB
CDS: off
MetaspaceReclaimPolicy: balanced
 - commit_granule_bytes: 65536.
 - commit_granule_words: 8192.
 - virtual_space_node_default_size: 1048576.
 - enlarge_chunks_in_place: 1.
 - new_chunks_are_fully_committed: 0.
 - uncommit_free_chunks: 1.
 - use_allocation_guard: 0.
 - handle_deallocations: 1.


Internal statistics:

num_allocs_failed_limit: 12.
num_arena_births: 1008.
num_arena_deaths: 22.
num_vsnodes_births: 12.
num_vsnodes_deaths: 0.
num_space_committed: 1582.
num_space_uncommitted: 0.
num_chunks_returned_to_freelist: 41.
num_chunks_taken_from_freelist: 4704.
num_chunk_merges: 17.
num_chunk_splits: 3152.
num_chunks_enlarged: 2127.
num_purges: 2.
num_inconsistent_stats: 0.

CodeHeap 'non-profiled nmethods': size=120000Kb used=5943Kb max_used=5975Kb free=114056Kb
 bounds [0x000002048de70000, 0x000002048e450000, 0x00000204953a0000]
CodeHeap 'profiled nmethods': size=120000Kb used=19841Kb max_used=19841Kb free=100159Kb
 bounds [0x00000204863a0000, 0x0000020487710000, 0x000002048d8d0000]
CodeHeap 'non-nmethods': size=5760Kb used=2394Kb max_used=2501Kb free=3365Kb
 bounds [0x000002048d8d0000, 0x000002048db50000, 0x000002048de70000]
 total_blobs=11487 nmethods=10559 adapters=840
 compilation: enabled
              stopped_count=0, restarted_count=0
 full_count=0

Compilation events (20 events):
Event: 9.502 Thread 0x000002049d839a30 nmethod 12195 0x00000204876d5e10 code [0x00000204876d70c0, 0x00000204876e36c8]
Event: 9.503 Thread 0x000002049d839a30 12222 % !   3       java.util.concurrent.ConcurrentHashMap::putVal @ 212 (432 bytes)
Event: 9.506 Thread 0x000002049d839a30 nmethod 12222% 0x00000204876ef790 code [0x00000204876efb00, 0x00000204876f1a08]
Event: 9.506 Thread 0x000002049d839a30 12198       2       java.util.HashMap::computeIfAbsent (330 bytes)
Event: 9.507 Thread 0x000002049d839a30 nmethod 12198 0x00000204873af690 code [0x00000204873af940, 0x00000204873b0468]
Event: 9.507 Thread 0x000002049d839a30 12258       2       java.util.Collections$SetFromMap::remove (19 bytes)
Event: 9.507 Thread 0x000002049d839a30 nmethod 12258 0x00000204873af310 code [0x00000204873af4a0, 0x00000204873af5e8]
Event: 9.507 Thread 0x000002049d839a30 12221       2       java.util.ArrayDeque::<init> (35 bytes)
Event: 9.507 Thread 0x000002049d839a30 nmethod 12221 0x00000204873aee90 code [0x00000204873af020, 0x00000204873af238]
Event: 9.507 Thread 0x000002049d839a30 12201 %     3       com.android.tools.r8.graph.Q3::c @ 327 (872 bytes)
Event: 9.508 Thread 0x000002049d835e80 nmethod 12225% 0x000002048e2e6c90 code [0x000002048e2e6e20, 0x000002048e2e7878]
Event: 9.508 Thread 0x000002049d835e80 12110       4       com.android.tools.r8.internal.EZ::b (96 bytes)
Event: 9.515 Thread 0x000002049d839a30 nmethod 12201% 0x00000204876f2490 code [0x00000204876f2e80, 0x00000204876fa498]
Event: 9.515 Thread 0x000002049d839a30 12266   !   3       java.util.concurrent.ConcurrentHashMap::putVal (432 bytes)
Event: 9.517 Thread 0x000002049d839a30 nmethod 12266 0x00000204876fcd90 code [0x00000204876fd0e0, 0x00000204876feba8]
Event: 9.517 Thread 0x000002049d839a30 12275       2       java.util.stream.AbstractPipeline::<init> (91 bytes)
Event: 9.517 Thread 0x000002049d839a30 nmethod 12275 0x00000204873ae590 code [0x00000204873ae760, 0x00000204873aeb18]
Event: 9.517 Thread 0x000002049d839a30 12177       3       com.android.tools.r8.internal.Ia::a (131 bytes)
Event: 9.518 Thread 0x000002049d839a30 nmethod 12177 0x00000204876ff510 code [0x00000204876ff740, 0x00000204876ffff8]
Event: 9.518 Thread 0x000002049d839a30 12192       2       com.android.tools.r8.internal.yt::hasNext (212 bytes)

GC Heap History (20 events):
Event: 7.144 GC heap after
{Heap after GC invocations=28 (full 0):
 garbage-first heap   total 189440K, used 72732K [0x0000000080000000, 0x0000000100000000)
  region size 1024K, 11 young (11264K), 11 survivors (11264K)
 Metaspace       used 82143K, committed 82752K, reserved 1122304K
  class space    used 11175K, committed 11456K, reserved 1048576K
}
Event: 7.647 GC heap before
{Heap before GC invocations=28 (full 0):
 garbage-first heap   total 189440K, used 144412K [0x0000000080000000, 0x0000000100000000)
  region size 1024K, 82 young (83968K), 11 survivors (11264K)
 Metaspace       used 84895K, committed 85504K, reserved 1122304K
  class space    used 11701K, committed 11968K, reserved 1048576K
}
Event: 7.657 GC heap after
{Heap after GC invocations=29 (full 0):
 garbage-first heap   total 189440K, used 82086K [0x0000000080000000, 0x0000000100000000)
  region size 1024K, 9 young (9216K), 9 survivors (9216K)
 Metaspace       used 84895K, committed 85504K, reserved 1122304K
  class space    used 11701K, committed 11968K, reserved 1048576K
}
Event: 7.954 GC heap before
{Heap before GC invocations=29 (full 0):
 garbage-first heap   total 189440K, used 147622K [0x0000000080000000, 0x0000000100000000)
  region size 1024K, 73 young (74752K), 9 survivors (9216K)
 Metaspace       used 86554K, committed 87168K, reserved 1130496K
  class space    used 11821K, committed 12096K, reserved 1048576K
}
Event: 7.961 GC heap after
{Heap after GC invocations=30 (full 0):
 garbage-first heap   total 189440K, used 86328K [0x0000000080000000, 0x0000000100000000)
  region size 1024K, 6 young (6144K), 6 survivors (6144K)
 Metaspace       used 86554K, committed 87168K, reserved 1130496K
  class space    used 11821K, committed 12096K, reserved 1048576K
}
Event: 8.345 GC heap before
{Heap before GC invocations=30 (full 0):
 garbage-first heap   total 189440K, used 148792K [0x0000000080000000, 0x0000000100000000)
  region size 1024K, 68 young (69632K), 6 survivors (6144K)
 Metaspace       used 89621K, committed 90304K, reserved 1130496K
  class space    used 12238K, committed 12544K, reserved 1048576K
}
Event: 8.351 GC heap after
{Heap after GC invocations=31 (full 0):
 garbage-first heap   total 189440K, used 90651K [0x0000000080000000, 0x0000000100000000)
  region size 1024K, 6 young (6144K), 6 survivors (6144K)
 Metaspace       used 89621K, committed 90304K, reserved 1130496K
  class space    used 12238K, committed 12544K, reserved 1048576K
}
Event: 8.681 GC heap before
{Heap before GC invocations=31 (full 0):
 garbage-first heap   total 189440K, used 150043K [0x0000000080000000, 0x0000000100000000)
  region size 1024K, 65 young (66560K), 6 survivors (6144K)
 Metaspace       used 92862K, committed 93504K, reserved 1130496K
  class space    used 12653K, committed 12992K, reserved 1048576K
}
Event: 8.688 GC heap after
{Heap after GC invocations=32 (full 0):
 garbage-first heap   total 227328K, used 96373K [0x0000000080000000, 0x0000000100000000)
  region size 1024K, 9 young (9216K), 9 survivors (9216K)
 Metaspace       used 92862K, committed 93504K, reserved 1130496K
  class space    used 12653K, committed 12992K, reserved 1048576K
}
Event: 8.901 GC heap before
{Heap before GC invocations=33 (full 0):
 garbage-first heap   total 227328K, used 175221K [0x0000000080000000, 0x0000000100000000)
  region size 1024K, 87 young (89088K), 9 survivors (9216K)
 Metaspace       used 94042K, committed 94656K, reserved 1130496K
  class space    used 12825K, committed 13120K, reserved 1048576K
}
Event: 8.910 GC heap after
{Heap after GC invocations=34 (full 0):
 garbage-first heap   total 227328K, used 109398K [0x0000000080000000, 0x0000000100000000)
  region size 1024K, 11 young (11264K), 11 survivors (11264K)
 Metaspace       used 94042K, committed 94656K, reserved 1130496K
  class space    used 12825K, committed 13120K, reserved 1048576K
}
Event: 8.911 GC heap before
{Heap before GC invocations=34 (full 0):
 garbage-first heap   total 227328K, used 110422K [0x0000000080000000, 0x0000000100000000)
  region size 1024K, 12 young (12288K), 11 survivors (11264K)
 Metaspace       used 94048K, committed 94656K, reserved 1130496K
  class space    used 12827K, committed 13120K, reserved 1048576K
}
Event: 8.914 GC heap after
{Heap after GC invocations=35 (full 0):
 garbage-first heap   total 227328K, used 110368K [0x0000000080000000, 0x0000000100000000)
  region size 1024K, 2 young (2048K), 2 survivors (2048K)
 Metaspace       used 94048K, committed 94656K, reserved 1130496K
  class space    used 12827K, committed 13120K, reserved 1048576K
}
Event: 9.177 GC heap before
{Heap before GC invocations=35 (full 0):
 garbage-first heap   total 227328K, used 176928K [0x0000000080000000, 0x0000000100000000)
  region size 1024K, 68 young (69632K), 2 survivors (2048K)
 Metaspace       used 98024K, committed 98688K, reserved 1138688K
  class space    used 13423K, committed 13760K, reserved 1048576K
}
Event: 9.183 GC heap after
{Heap after GC invocations=36 (full 0):
 garbage-first heap   total 227328K, used 119665K [0x0000000080000000, 0x0000000100000000)
  region size 1024K, 9 young (9216K), 9 survivors (9216K)
 Metaspace       used 98024K, committed 98688K, reserved 1138688K
  class space    used 13423K, committed 13760K, reserved 1048576K
}
Event: 9.355 GC heap before
{Heap before GC invocations=37 (full 0):
 garbage-first heap   total 250880K, used 180081K [0x0000000080000000, 0x0000000100000000)
  region size 1024K, 68 young (69632K), 9 survivors (9216K)
 Metaspace       used 98718K, committed 99392K, reserved 1138688K
  class space    used 13527K, committed 13824K, reserved 1048576K
}
Event: 9.366 GC heap after
{Heap after GC invocations=38 (full 0):
 garbage-first heap   total 250880K, used 131762K [0x0000000080000000, 0x0000000100000000)
  region size 1024K, 9 young (9216K), 9 survivors (9216K)
 Metaspace       used 98718K, committed 99392K, reserved 1138688K
  class space    used 13527K, committed 13824K, reserved 1048576K
}
Event: 9.371 GC heap before
{Heap before GC invocations=38 (full 0):
 garbage-first heap   total 250880K, used 133810K [0x0000000080000000, 0x0000000100000000)
  region size 1024K, 12 young (12288K), 9 survivors (9216K)
 Metaspace       used 98755K, committed 99456K, reserved 1138688K
  class space    used 13535K, committed 13888K, reserved 1048576K
}
Event: 9.378 GC heap after
{Heap after GC invocations=39 (full 0):
 garbage-first heap   total 250880K, used 133033K [0x0000000080000000, 0x0000000100000000)
  region size 1024K, 2 young (2048K), 2 survivors (2048K)
 Metaspace       used 98755K, committed 99456K, reserved 1138688K
  class space    used 13535K, committed 13888K, reserved 1048576K
}
Event: 9.518 GC heap before
{Heap before GC invocations=39 (full 0):
 garbage-first heap   total 250880K, used 196521K [0x0000000080000000, 0x0000000100000000)
  region size 1024K, 64 young (65536K), 2 survivors (2048K)
 Metaspace       used 100589K, committed 101312K, reserved 1138688K
  class space    used 13855K, committed 14208K, reserved 1048576K
}

Dll operation events (2 events):
Event: 0.005 Loaded shared library C:\Program Files\Android\Android Studio\jbr\bin\java.dll
Event: 0.374 Loaded shared library C:\Program Files\Android\Android Studio\jbr\bin\verify.dll

Deoptimization events (20 events):
Event: 9.511 Thread 0x00000204a46adfa0 DEOPT PACKING pc=0x00000204876b34d0 sp=0x000000963e7f6680
Event: 9.511 Thread 0x00000204a46adfa0 DEOPT UNPACKING pc=0x000002048d927143 sp=0x000000963e7f5ba8 mode 0
Event: 9.512 Thread 0x00000204a18eabe0 DEOPT PACKING pc=0x00000204876b34a0 sp=0x000000963c0f9cb0
Event: 9.512 Thread 0x00000204a18eabe0 DEOPT UNPACKING pc=0x000002048d927143 sp=0x000000963c0f91d8 mode 0
Event: 9.513 Thread 0x00000204a18eabe0 DEOPT PACKING pc=0x00000204876b34d0 sp=0x000000963c0f9cb0
Event: 9.513 Thread 0x00000204a18eabe0 DEOPT UNPACKING pc=0x000002048d927143 sp=0x000000963c0f91d8 mode 0
Event: 9.513 Thread 0x00000204a18e8090 DEOPT PACKING pc=0x00000204876b34d0 sp=0x000000963baf9d50
Event: 9.513 Thread 0x00000204a18e8090 DEOPT UNPACKING pc=0x000002048d927143 sp=0x000000963baf9278 mode 0
Event: 9.514 Thread 0x00000204a18e8f00 DEOPT PACKING pc=0x00000204876b34a0 sp=0x000000963aef96b0
Event: 9.514 Thread 0x00000204a18e8f00 DEOPT UNPACKING pc=0x000002048d927143 sp=0x000000963aef8bd8 mode 0
Event: 9.515 Thread 0x00000204a18e8090 DEOPT PACKING pc=0x00000204876b34d0 sp=0x000000963baf9d50
Event: 9.515 Thread 0x00000204a18e8090 DEOPT UNPACKING pc=0x000002048d927143 sp=0x000000963baf9278 mode 0
Event: 9.516 Thread 0x00000204a18eabe0 DEOPT PACKING pc=0x00000204876b34a0 sp=0x000000963c0f9be0
Event: 9.516 Thread 0x00000204a18eabe0 DEOPT UNPACKING pc=0x000002048d927143 sp=0x000000963c0f9108 mode 0
Event: 9.516 Thread 0x00000204a18e8a30 DEOPT PACKING pc=0x00000204876b34a0 sp=0x000000963c4f9a60
Event: 9.516 Thread 0x00000204a18e8a30 DEOPT UNPACKING pc=0x000002048d927143 sp=0x000000963c4f8f88 mode 0
Event: 9.517 Thread 0x00000204a18e8090 DEOPT PACKING pc=0x00000204876b34a0 sp=0x000000963baf9c80
Event: 9.517 Thread 0x00000204a18e8090 DEOPT UNPACKING pc=0x000002048d927143 sp=0x000000963baf91a8 mode 0
Event: 9.518 Thread 0x00000204a18e8090 DEOPT PACKING pc=0x00000204876b34a0 sp=0x000000963baf9d50
Event: 9.518 Thread 0x00000204a18e8090 DEOPT UNPACKING pc=0x000002048d927143 sp=0x000000963baf9278 mode 0

Classes unloaded (11 events):
Event: 8.769 Thread 0x000002049cd41940 Unloading class 0x0000000100bbd000 'java/lang/invoke/LambdaForm$DMH+0x0000000100bbd000'
Event: 8.769 Thread 0x000002049cd41940 Unloading class 0x0000000100bbc400 'java/lang/invoke/LambdaForm$DMH+0x0000000100bbc400'
Event: 8.769 Thread 0x000002049cd41940 Unloading class 0x0000000100bbcc00 'java/lang/invoke/LambdaForm$DMH+0x0000000100bbcc00'
Event: 8.769 Thread 0x000002049cd41940 Unloading class 0x0000000100bbc800 'java/lang/invoke/LambdaForm$DMH+0x0000000100bbc800'
Event: 8.769 Thread 0x000002049cd41940 Unloading class 0x0000000100ba5c00 'java/lang/invoke/LambdaForm$DMH+0x0000000100ba5c00'
Event: 8.769 Thread 0x000002049cd41940 Unloading class 0x0000000100ba5800 'java/lang/invoke/LambdaForm$DMH+0x0000000100ba5800'
Event: 8.769 Thread 0x000002049cd41940 Unloading class 0x0000000100ba5400 'java/lang/invoke/LambdaForm$DMH+0x0000000100ba5400'
Event: 8.769 Thread 0x000002049cd41940 Unloading class 0x0000000100ba5000 'java/lang/invoke/LambdaForm$DMH+0x0000000100ba5000'
Event: 8.769 Thread 0x000002049cd41940 Unloading class 0x0000000100ba4400 'java/lang/invoke/LambdaForm$DMH+0x0000000100ba4400'
Event: 8.769 Thread 0x000002049cd41940 Unloading class 0x0000000100ba4c00 'java/lang/invoke/LambdaForm$DMH+0x0000000100ba4c00'
Event: 8.769 Thread 0x000002049cd41940 Unloading class 0x0000000100ba4800 'java/lang/invoke/LambdaForm$DMH+0x0000000100ba4800'

Classes redefined (0 events):
No events

Internal exceptions (20 events):
Event: 9.072 Thread 0x00000204a18e8a30 Exception <a 'java/lang/IncompatibleClassChangeError'{0x000000008b3f3810}: Found class java.lang.Object, but interface was expected> (0x000000008b3f3810) 
thrown [s\src\hotspot\share\interpreter\linkResolver.cpp, line 838]
Event: 9.072 Thread 0x00000204a46adfa0 Exception <a 'java/lang/IncompatibleClassChangeError'{0x000000008b312a40}: Found class java.lang.Object, but interface was expected> (0x000000008b312a40) 
thrown [s\src\hotspot\share\interpreter\linkResolver.cpp, line 838]
Event: 9.094 Thread 0x00000204a18e8a30 Exception <a 'java/lang/NoSuchMethodError'{0x000000008afd8770}: 'java.lang.Object java.lang.invoke.DirectMethodHandle$Holder.newInvokeSpecial(java.lang.Object, long)'> (0x000000008afd8770) 
thrown [s\src\hotspot\share\interpreter\linkResolver.cpp, line 771]
Event: 9.417 Thread 0x00000204a18e8f00 Exception <a 'java/lang/NoSuchMethodError'{0x000000008e3fcd30}: 'void java.lang.invoke.DirectMethodHandle$Holder.invokeStatic(java.lang.Object, java.lang.Object, java.lang.Object, int)'> (0x000000008e3fcd30) 
thrown [s\src\hotspot\share\interpreter\linkResolver.cpp, line 771]
Event: 9.417 Thread 0x00000204a18eabe0 Exception <a 'java/lang/NoSuchMethodError'{0x000000008e5a3fb0}: 'void java.lang.invoke.DirectMethodHandle$Holder.invokeStatic(java.lang.Object, java.lang.Object, java.lang.Object, int)'> (0x000000008e5a3fb0) 
thrown [s\src\hotspot\share\interpreter\linkResolver.cpp, line 771]
Event: 9.417 Thread 0x00000204a18e8a30 Exception <a 'java/lang/NoSuchMethodError'{0x000000008de63cd8}: 'void java.lang.invoke.DirectMethodHandle$Holder.invokeStatic(java.lang.Object, java.lang.Object, java.lang.Object, int)'> (0x000000008de63cd8) 
thrown [s\src\hotspot\share\interpreter\linkResolver.cpp, line 771]
Event: 9.417 Thread 0x00000204a46adfa0 Exception <a 'java/lang/NoSuchMethodError'{0x000000008dfa4118}: 'void java.lang.invoke.DirectMethodHandle$Holder.invokeStatic(java.lang.Object, java.lang.Object, java.lang.Object, int)'> (0x000000008dfa4118) 
thrown [s\src\hotspot\share\interpreter\linkResolver.cpp, line 771]
Event: 9.417 Thread 0x00000204a151bf20 Exception <a 'java/lang/NoSuchMethodError'{0x000000008de0c0c0}: 'void java.lang.invoke.DirectMethodHandle$Holder.invokeStatic(java.lang.Object, java.lang.Object, java.lang.Object, int)'> (0x000000008de0c0c0) 
thrown [s\src\hotspot\share\interpreter\linkResolver.cpp, line 771]
Event: 9.418 Thread 0x00000204a330ffb0 Exception <a 'java/lang/NoSuchMethodError'{0x000000008de03078}: 'void java.lang.invoke.DirectMethodHandle$Holder.invokeStatic(java.lang.Object, java.lang.Object, java.lang.Object, int)'> (0x000000008de03078) 
thrown [s\src\hotspot\share\interpreter\linkResolver.cpp, line 771]
Event: 9.419 Thread 0x00000204a18e8a30 Exception <a 'java/lang/IncompatibleClassChangeError'{0x000000008de6b058}: Found class java.lang.Object, but interface was expected> (0x000000008de6b058) 
thrown [s\src\hotspot\share\interpreter\linkResolver.cpp, line 838]
Event: 9.419 Thread 0x00000204a46adfa0 Exception <a 'java/lang/IncompatibleClassChangeError'{0x000000008dd60538}: Found class java.lang.Object, but interface was expected> (0x000000008dd60538) 
thrown [s\src\hotspot\share\interpreter\linkResolver.cpp, line 838]
Event: 9.419 Thread 0x00000204a151bf20 Exception <a 'java/lang/IncompatibleClassChangeError'{0x000000008de13440}: Found class java.lang.Object, but interface was expected> (0x000000008de13440) 
thrown [s\src\hotspot\share\interpreter\linkResolver.cpp, line 838]
Event: 9.419 Thread 0x00000204a18eabe0 Exception <a 'java/lang/IncompatibleClassChangeError'{0x000000008dd4e760}: Found class java.lang.Object, but interface was expected> (0x000000008dd4e760) 
thrown [s\src\hotspot\share\interpreter\linkResolver.cpp, line 838]
Event: 9.419 Thread 0x00000204a330ffb0 Exception <a 'java/lang/IncompatibleClassChangeError'{0x000000008de0a410}: Found class java.lang.Object, but interface was expected> (0x000000008de0a410) 
thrown [s\src\hotspot\share\interpreter\linkResolver.cpp, line 838]
Event: 9.420 Thread 0x00000204a46adfa0 Exception <a 'java/lang/NoSuchMethodError'{0x000000008dc0b8a8}: 'void java.lang.invoke.DirectMethodHandle$Holder.invokeInterface(java.lang.Object, java.lang.Object, java.lang.Object, int)'> (0x000000008dc0b8a8) 
thrown [s\src\hotspot\share\interpreter\linkResolver.cpp, line 771]
Event: 9.421 Thread 0x00000204a330ffb0 Exception <a 'java/lang/NoSuchMethodError'{0x000000008dc02878}: 'void java.lang.invoke.DirectMethodHandle$Holder.invokeInterface(java.lang.Object, java.lang.Object, java.lang.Object, int)'> (0x000000008dc02878) 
thrown [s\src\hotspot\share\interpreter\linkResolver.cpp, line 771]
Event: 9.421 Thread 0x00000204a18eabe0 Exception <a 'java/lang/NoSuchMethodError'{0x000000008dd52ec8}: 'void java.lang.invoke.DirectMethodHandle$Holder.invokeInterface(java.lang.Object, java.lang.Object, java.lang.Object, int)'> (0x000000008dd52ec8) 
thrown [s\src\hotspot\share\interpreter\linkResolver.cpp, line 771]
Event: 9.421 Thread 0x00000204a18e8f00 Exception <a 'java/lang/NoSuchMethodError'{0x000000008dec1940}: 'void java.lang.invoke.DirectMethodHandle$Holder.invokeInterface(java.lang.Object, java.lang.Object, java.lang.Object, int)'> (0x000000008dec1940) 
thrown [s\src\hotspot\share\interpreter\linkResolver.cpp, line 771]
Event: 9.421 Thread 0x00000204a18e8a30 Exception <a 'java/lang/NoSuchMethodError'{0x000000008de6f7e0}: 'void java.lang.invoke.DirectMethodHandle$Holder.invokeInterface(java.lang.Object, java.lang.Object, java.lang.Object, int)'> (0x000000008de6f7e0) 
thrown [s\src\hotspot\share\interpreter\linkResolver.cpp, line 771]
Event: 9.421 Thread 0x00000204a151bf20 Exception <a 'java/lang/NoSuchMethodError'{0x000000008ddf39c0}: 'void java.lang.invoke.DirectMethodHandle$Holder.invokeInterface(java.lang.Object, java.lang.Object, java.lang.Object, int)'> (0x000000008ddf39c0) 
thrown [s\src\hotspot\share\interpreter\linkResolver.cpp, line 771]

VM Operations (20 events):
Event: 9.185 Executing VM operation: G1CollectForAllocation done
Event: 9.281 Executing VM operation: G1Concurrent
Event: 9.285 Executing VM operation: G1Concurrent done
Event: 9.333 Executing VM operation: G1Concurrent
Event: 9.333 Executing VM operation: G1Concurrent done
Event: 9.355 Executing VM operation: G1CollectForAllocation
Event: 9.366 Executing VM operation: G1CollectForAllocation done
Event: 9.371 Executing VM operation: G1CollectForAllocation
Event: 9.378 Executing VM operation: G1CollectForAllocation done
Event: 9.431 Executing VM operation: HandshakeAllThreads
Event: 9.431 Executing VM operation: HandshakeAllThreads done
Event: 9.431 Executing VM operation: HandshakeAllThreads
Event: 9.431 Executing VM operation: HandshakeAllThreads done
Event: 9.459 Executing VM operation: HandshakeAllThreads
Event: 9.460 Executing VM operation: HandshakeAllThreads done
Event: 9.461 Executing VM operation: HandshakeAllThreads
Event: 9.461 Executing VM operation: HandshakeAllThreads done
Event: 9.465 Executing VM operation: HandshakeAllThreads
Event: 9.465 Executing VM operation: HandshakeAllThreads done
Event: 9.518 Executing VM operation: G1CollectForAllocation

Events (20 events):
Event: 8.831 loading class java/util/regex/Pattern$SliceU done
Event: 8.831 loading class sun/nio/fs/WindowsFileSystem$2
Event: 8.832 loading class java/nio/file/PathMatcher
Event: 8.832 loading class java/nio/file/PathMatcher done
Event: 8.832 loading class sun/nio/fs/WindowsFileSystem$2 done
Event: 8.854 loading class java/util/zip/ZipInputStream
Event: 8.855 loading class java/util/zip/ZipInputStream done
Event: 8.931 loading class java/io/UTFDataFormatException
Event: 8.931 loading class java/io/UTFDataFormatException done
Event: 8.995 loading class java/util/concurrent/RejectedExecutionException
Event: 8.996 loading class java/util/concurrent/RejectedExecutionException done
Event: 9.071 loading class java/lang/reflect/GenericSignatureFormatError
Event: 9.071 loading class java/lang/reflect/GenericSignatureFormatError done
Event: 9.152 loading class java/util/concurrent/ConcurrentLinkedQueue$Itr
Event: 9.152 loading class java/util/concurrent/ConcurrentLinkedQueue$Itr done
Event: 9.185 loading class java/util/concurrent/ConcurrentHashMap$TreeNode
Event: 9.186 loading class java/util/concurrent/ConcurrentHashMap$TreeNode done
Event: 9.187 loading class java/util/concurrent/ConcurrentHashMap$TreeBin
Event: 9.188 loading class java/util/concurrent/ConcurrentHashMap$TreeBin done
Event: 9.445 Thread 0x000002049d844050 flushing nmethod 0x00000204873ae590


Dynamic libraries:
0x00007ff6b44a0000 - 0x00007ff6b44aa000 	C:\Program Files\Android\Android Studio\jbr\bin\java.exe
0x00007fff8f610000 - 0x00007fff8f827000 	C:\WINDOWS\SYSTEM32\ntdll.dll
0x00007fff8eeb0000 - 0x00007fff8ef74000 	C:\WINDOWS\System32\KERNEL32.DLL
0x00007fff8cdc0000 - 0x00007fff8d177000 	C:\WINDOWS\System32\KERNELBASE.dll
0x00007fff8d220000 - 0x00007fff8d331000 	C:\WINDOWS\System32\ucrtbase.dll
0x00007fff88170000 - 0x00007fff88187000 	C:\Program Files\Android\Android Studio\jbr\bin\jli.dll
0x00007fff7a780000 - 0x00007fff7a79b000 	C:\Program Files\Android\Android Studio\jbr\bin\VCRUNTIME140.dll
0x00007fff8f270000 - 0x00007fff8f41f000 	C:\WINDOWS\System32\USER32.dll
0x00007fff7a310000 - 0x00007fff7a5a3000 	C:\WINDOWS\WinSxS\amd64_microsoft.windows.common-controls_6595b64144ccf1df_6.0.22621.3672_none_2713b9d173822955\COMCTL32.dll
0x00007fff8cad0000 - 0x00007fff8caf6000 	C:\WINDOWS\System32\win32u.dll
0x00007fff8db40000 - 0x00007fff8dbe7000 	C:\WINDOWS\System32\msvcrt.dll
0x00007fff8ef80000 - 0x00007fff8efa9000 	C:\WINDOWS\System32\GDI32.dll
0x00007fff8cb30000 - 0x00007fff8cc48000 	C:\WINDOWS\System32\gdi32full.dll
0x00007fff8d180000 - 0x00007fff8d21a000 	C:\WINDOWS\System32\msvcp_win.dll
0x00007fff8e930000 - 0x00007fff8e961000 	C:\WINDOWS\System32\IMM32.DLL
0x00007fff86d70000 - 0x00007fff86d7c000 	C:\Program Files\Android\Android Studio\jbr\bin\vcruntime140_1.dll
0x00007fff65300000 - 0x00007fff6538d000 	C:\Program Files\Android\Android Studio\jbr\bin\msvcp140.dll
0x00007fff40c60000 - 0x00007fff418ce000 	C:\Program Files\Android\Android Studio\jbr\bin\server\jvm.dll
0x00007fff8d900000 - 0x00007fff8d9b2000 	C:\WINDOWS\System32\ADVAPI32.dll
0x00007fff8e680000 - 0x00007fff8e728000 	C:\WINDOWS\System32\sechost.dll
0x00007fff8cb00000 - 0x00007fff8cb28000 	C:\WINDOWS\System32\bcrypt.dll
0x00007fff8e990000 - 0x00007fff8eaa4000 	C:\WINDOWS\System32\RPCRT4.dll
0x00007fff634b0000 - 0x00007fff634b9000 	C:\WINDOWS\SYSTEM32\WSOCK32.dll
0x00007fff86ba0000 - 0x00007fff86bd4000 	C:\WINDOWS\SYSTEM32\WINMM.dll
0x00007fff8f1e0000 - 0x00007fff8f251000 	C:\WINDOWS\System32\WS2_32.dll
0x00007fff86be0000 - 0x00007fff86bea000 	C:\WINDOWS\SYSTEM32\VERSION.dll
0x00007fff8ba20000 - 0x00007fff8ba38000 	C:\WINDOWS\SYSTEM32\kernel.appcore.dll
0x00007fff5ccb0000 - 0x00007fff5ccba000 	C:\Program Files\Android\Android Studio\jbr\bin\jimage.dll
0x00007fff8a300000 - 0x00007fff8a532000 	C:\WINDOWS\SYSTEM32\DBGHELP.DLL
0x00007fff8eb10000 - 0x00007fff8ee9e000 	C:\WINDOWS\System32\combase.dll
0x00007fff8d820000 - 0x00007fff8d8f7000 	C:\WINDOWS\System32\OLEAUT32.dll
0x00007fff67ec0000 - 0x00007fff67ef2000 	C:\WINDOWS\SYSTEM32\dbgcore.DLL
0x00007fff8c9e0000 - 0x00007fff8ca5b000 	C:\WINDOWS\System32\bcryptPrimitives.dll
0x00007fff552b0000 - 0x00007fff552d5000 	C:\Program Files\Android\Android Studio\jbr\bin\java.dll
0x00007fff55cd0000 - 0x00007fff55ce8000 	C:\Program Files\Android\Android Studio\jbr\bin\zip.dll
0x00007fff8dc50000 - 0x00007fff8e4b9000 	C:\WINDOWS\System32\SHELL32.dll
0x00007fff8a810000 - 0x00007fff8b10f000 	C:\WINDOWS\SYSTEM32\windows.storage.dll
0x00007fff8a6d0000 - 0x00007fff8a80f000 	C:\WINDOWS\SYSTEM32\wintypes.dll
0x00007fff8e730000 - 0x00007fff8e829000 	C:\WINDOWS\System32\SHCORE.dll
0x00007fff8dbf0000 - 0x00007fff8dc4e000 	C:\WINDOWS\System32\shlwapi.dll
0x00007fff8c850000 - 0x00007fff8c877000 	C:\WINDOWS\SYSTEM32\profapi.dll
0x00007fff55c00000 - 0x00007fff55c19000 	C:\Program Files\Android\Android Studio\jbr\bin\net.dll
0x00007fff84da0000 - 0x00007fff84ed6000 	C:\WINDOWS\SYSTEM32\WINHTTP.dll
0x00007fff8be90000 - 0x00007fff8bef9000 	C:\WINDOWS\system32\mswsock.dll
0x00007fff51e10000 - 0x00007fff51e26000 	C:\Program Files\Android\Android Studio\jbr\bin\nio.dll
0x00007fff51d00000 - 0x00007fff51d10000 	C:\Program Files\Android\Android Studio\jbr\bin\verify.dll
0x00007fff04a90000 - 0x00007fff04ab7000 	C:\Users\scher\.gradle\native\68d5fa5c4cc2d200863cafc0d521ce42e7d3e7ee720ec0a83991735586a16f82\windows-amd64\native-platform.dll
0x00007fff4d520000 - 0x00007fff4d664000 	C:\Users\scher\.gradle\native\e376f236ea51e6404a007f0833ffe2c6e607c4080706a723a18a27aeea778392\windows-amd64\native-platform-file-events.dll
0x00007fff4b830000 - 0x00007fff4b839000 	C:\Program Files\Android\Android Studio\jbr\bin\management.dll
0x00007fff45e10000 - 0x00007fff45e1b000 	C:\Program Files\Android\Android Studio\jbr\bin\management_ext.dll
0x00007fff8eea0000 - 0x00007fff8eea8000 	C:\WINDOWS\System32\PSAPI.DLL
0x00007fff8c0d0000 - 0x00007fff8c0eb000 	C:\WINDOWS\SYSTEM32\CRYPTSP.dll
0x00007fff8b980000 - 0x00007fff8b9b5000 	C:\WINDOWS\system32\rsaenh.dll
0x00007fff8bf60000 - 0x00007fff8bf88000 	C:\WINDOWS\SYSTEM32\USERENV.dll
0x00007fff8c0f0000 - 0x00007fff8c0fc000 	C:\WINDOWS\SYSTEM32\CRYPTBASE.dll
0x00007fff8b3e0000 - 0x00007fff8b40d000 	C:\WINDOWS\SYSTEM32\IPHLPAPI.DLL
0x00007fff8efb0000 - 0x00007fff8efb9000 	C:\WINDOWS\System32\NSI.dll
0x00007fff859b0000 - 0x00007fff859c9000 	C:\WINDOWS\SYSTEM32\dhcpcsvc6.DLL
0x00007fff846f0000 - 0x00007fff8470f000 	C:\WINDOWS\SYSTEM32\dhcpcsvc.DLL
0x00007fff8b450000 - 0x00007fff8b552000 	C:\WINDOWS\SYSTEM32\DNSAPI.dll
0x00007fff881a0000 - 0x00007fff881a8000 	C:\WINDOWS\system32\wshunix.dll

dbghelp: loaded successfully - version: 4.0.5 - missing functions: none
symbol engine: initialized successfully - sym options: 0x614 - pdb path: .;C:\Program Files\Android\Android Studio\jbr\bin;C:\WINDOWS\SYSTEM32;C:\WINDOWS\WinSxS\amd64_microsoft.windows.common-controls_6595b64144ccf1df_6.0.22621.3672_none_2713b9d173822955;C:\Program Files\Android\Android Studio\jbr\bin\server;C:\Users\scher\.gradle\native\68d5fa5c4cc2d200863cafc0d521ce42e7d3e7ee720ec0a83991735586a16f82\windows-amd64;C:\Users\scher\.gradle\native\e376f236ea51e6404a007f0833ffe2c6e607c4080706a723a18a27aeea778392\windows-amd64

VM Arguments:
jvm_args: --add-opens=java.base/java.util=ALL-UNNAMED --add-opens=java.base/java.lang=ALL-UNNAMED --add-opens=java.base/java.lang.invoke=ALL-UNNAMED --add-opens=java.prefs/java.util.prefs=ALL-UNNAMED --add-opens=java.base/java.nio.charset=ALL-UNNAMED --add-opens=java.base/java.net=ALL-UNNAMED --add-opens=java.base/java.util.concurrent.atomic=ALL-UNNAMED -Xmx2048m -Dfile.encoding=UTF-8 -Duser.country=BR -Duser.language=pt -Duser.variant 
java_command: org.gradle.launcher.daemon.bootstrap.GradleDaemon 8.0
java_class_path (initial): C:\Users\scher\.gradle\wrapper\dists\gradle-8.0-bin\ca5e32bp14vu59qr306oxotwh\gradle-8.0\lib\gradle-launcher-8.0.jar
Launcher Type: SUN_STANDARD

[Global flags]
     intx CICompilerCount                          = 4                                         {product} {ergonomic}
     uint ConcGCThreads                            = 2                                         {product} {ergonomic}
     uint G1ConcRefinementThreads                  = 8                                         {product} {ergonomic}
   size_t G1HeapRegionSize                         = 1048576                                   {product} {ergonomic}
    uintx GCDrainStackTargetSize                   = 64                                        {product} {ergonomic}
   size_t InitialHeapSize                          = 134217728                                 {product} {ergonomic}
   size_t MarkStackSize                            = 4194304                                   {product} {ergonomic}
   size_t MaxHeapSize                              = 2147483648                                {product} {command line}
   size_t MaxNewSize                               = 1287651328                                {product} {ergonomic}
   size_t MinHeapDeltaBytes                        = 1048576                                   {product} {ergonomic}
   size_t MinHeapSize                              = 8388608                                   {product} {ergonomic}
    uintx NonNMethodCodeHeapSize                   = 5839372                                {pd product} {ergonomic}
    uintx NonProfiledCodeHeapSize                  = 122909434                              {pd product} {ergonomic}
    uintx ProfiledCodeHeapSize                     = 122909434                              {pd product} {ergonomic}
    uintx ReservedCodeCacheSize                    = 251658240                              {pd product} {ergonomic}
     bool SegmentedCodeCache                       = true                                      {product} {ergonomic}
   size_t SoftMaxHeapSize                          = 2147483648                             {manageable} {ergonomic}
     bool UseCompressedClassPointers               = true                           {product lp64_product} {ergonomic}
     bool UseCompressedOops                        = true                           {product lp64_product} {ergonomic}
     bool UseG1GC                                  = true                                      {product} {ergonomic}
     bool UseLargePagesIndividualAllocation        = false                                  {pd product} {ergonomic}

Logging:
Log output configuration:
 #0: stdout all=warning uptime,level,tags
 #1: stderr all=off uptime,level,tags

Environment Variables:
PATH=C:\Program Files\Common Files\Oracle\Java\javapath;C:\Program Files (x86)\Embarcadero\Studio\22.0\bin;C:\Users\Public\Documents\Embarcadero\Studio\22.0\Bpl;C:\Program Files (x86)\Embarcadero\Studio\22.0\bin64;C:\Users\Public\Documents\Embarcadero\Studio\22.0\Bpl\Win64;C:\Program Files (x86)\Embarcadero\Studio\21.0\bin;C:\Users\Public\Documents\Embarcadero\Studio\21.0\Bpl;C:\Program Files (x86)\Embarcadero\Studio\21.0\bin64;C:\Users\Public\Documents\Embarcadero\Studio\21.0\Bpl\Win64;C:\Windows\system32;C:\Windows;C:\Windows\System32\Wbem;C:\Windows\System32\WindowsPowerShell\v1.0\;C:\Windows\System32\OpenSSH\;C:\Program Files (x86)\NVIDIA Corporation\PhysX\Common;C:\Program Files\NVIDIA Corporation\NVIDIA NvDLISR;C:\WINDOWS\system32;C:\WINDOWS;C:\WINDOWS\System32\Wbem;C:\WINDOWS\System32\WindowsPowerShell\v1.0\;C:\WINDOWS\System32\OpenSSH\;C:\Program Files\dotnet\;C:\Program Files (x86)\Windows Kits\10\Windows Performance Toolkit\;C:\Program Files\Git\cmd;C:\Users\scher\AppData\Local\Microsoft\WindowsApps;;C:\Users\scher\AppData\Local\Programs\Microsoft VS Code\bin
USERNAME=scher
OS=Windows_NT
PROCESSOR_IDENTIFIER=Intel64 Family 6 Model 142 Stepping 12, GenuineIntel
TMP=C:\Users\scher\AppData\Local\Temp
TEMP=C:\Users\scher\AppData\Local\Temp


JNI global refs:
JNI global refs: 29, weak refs: 108

JNI global refs memory usage: 843, weak refs: 1473


---------------  S Y S T E M  ---------------

OS:
 Windows 11 , 64 bit Build 22621 (10.0.22621.3958)
OS uptime: 2 days 21:57 hours
Hyper-V role detected

CPU: total 8 (initial active 8) (4 cores per cpu, 2 threads per core) family 6 model 142 stepping 12 microcode 0xea, cx8, cmov, fxsr, ht, mmx, 3dnowpref, sse, sse2, sse3, ssse3, sse4.1, sse4.2, popcnt, lzcnt, tsc, tscinvbit, avx, avx2, aes, erms, clmul, bmi1, bmi2, adx, fma, vzeroupper, clflush, clflushopt, hv

Memory: 4k page, system-wide physical 8072M (896M free)
TotalPageFile size 10120M (AvailPageFile size 241M)
current process WorkingSet (physical memory assigned to process): 537M, peak: 537M
current process commit charge ("private bytes"): 572M, peak: 1059M

vm_info: OpenJDK 64-Bit Server VM (17.0.6+0-b2043.56-10027231) for windows-amd64 JRE (17.0.6+0-b2043.56-10027231), built on Apr 28 2023 00:43:19 by "androidbuild" with MS VC++ 16.10 / 16.11 (VS2019)

END.
