#
# There is insufficient memory for the Java Runtime Environment to continue.
# Native memory allocation (mmap) failed to map 184549376 bytes for G1 virtual space
# Possible reasons:
#   The system is out of physical RAM or swap space
#   The process is running with CompressedOops enabled, and the Java Heap may be blocking the growth of the native heap
# Possible solutions:
#   Reduce memory load on the system
#   Increase physical memory or swap space
#   Check if swap backing store is full
#   Decrease Java heap size (-Xmx/-Xms)
#   Decrease number of Java threads
#   Decrease Java thread stack sizes (-Xss)
#   Set larger code cache with -XX:ReservedCodeCacheSize=
#   JVM is running with Unscaled Compressed Oops mode in which the Java heap is
#     placed in the first 4GB address space. The Java Heap base address is the
#     maximum limit for the native heap growth. Please use -XX:HeapBaseMinAddress
#     to set the Java Heap base and to place the Java Heap above 4GB virtual address.
# This output file may be truncated or incomplete.
#
#  Out of Memory Error (os_windows.cpp:3769), pid=15260, tid=1752
#
# JRE version: OpenJDK Runtime Environment (17.0.6) (build 17.0.6+0-b2043.56-10027231)
# Java VM: OpenJDK 64-Bit Server VM (17.0.6+0-b2043.56-10027231, mixed mode, tiered, compressed oops, compressed class ptrs, g1 gc, windows-amd64)
# No core dump will be written. Minidumps are not enabled by default on client versions of Windows
#

---------------  S U M M A R Y ------------

Command Line: --add-opens=java.base/java.util=ALL-UNNAMED --add-opens=java.base/java.lang=ALL-UNNAMED --add-opens=java.base/java.lang.invoke=ALL-UNNAMED --add-opens=java.prefs/java.util.prefs=ALL-UNNAMED --add-opens=java.base/java.nio.charset=ALL-UNNAMED --add-opens=java.base/java.net=ALL-UNNAMED --add-opens=java.base/java.util.concurrent.atomic=ALL-UNNAMED -Xmx2048m -Dfile.encoding=UTF-8 -Duser.country=BR -Duser.language=pt -Duser.variant -javaagent:C:\Users\scher\.gradle\wrapper\dists\gradle-8.1-bin\2eyty4r6kz6fpakefpk52nbbm\gradle-8.1\lib\agents\gradle-instrumentation-agent-8.1.jar org.gradle.launcher.daemon.bootstrap.GradleDaemon 8.1

Host: Intel(R) Core(TM) i7-8565U CPU @ 1.80GHz, 8 cores, 7G,  Windows 11 , 64 bit Build 22621 (10.0.22621.4391)
Time: Sat Dec  7 01:01:29 2024 Hora oficial do Brasil elapsed time: 12.975860 seconds (0d 0h 0m 12s)

---------------  T H R E A D  ---------------

Current thread (0x0000017d2cc20440):  VMThread "VM Thread" [stack: 0x00000017e9700000,0x00000017e9800000] [id=1752]

Stack: [0x00000017e9700000,0x00000017e9800000]
Native frames: (J=compiled Java code, j=interpreted, Vv=VM code, C=native code)
V  [jvm.dll+0x683c9a]
V  [jvm.dll+0x8427a4]
V  [jvm.dll+0x843f9e]
V  [jvm.dll+0x844603]
V  [jvm.dll+0x249b75]
V  [jvm.dll+0x680b69]
V  [jvm.dll+0x67505a]
V  [jvm.dll+0x309acb]
V  [jvm.dll+0x310f86]
V  [jvm.dll+0x3608ee]
V  [jvm.dll+0x360b1f]
V  [jvm.dll+0x2dfbf8]
V  [jvm.dll+0x2ddec4]
V  [jvm.dll+0x2dd4cc]
V  [jvm.dll+0x321f3b]
V  [jvm.dll+0x848ccb]
V  [jvm.dll+0x849a04]
V  [jvm.dll+0x849f1d]
V  [jvm.dll+0x84a2f4]
V  [jvm.dll+0x84a3c0]
V  [jvm.dll+0x7f274a]
V  [jvm.dll+0x682ad5]
C  [ucrtbase.dll+0x29333]
C  [KERNEL32.DLL+0x1259d]
C  [ntdll.dll+0x5af38]

VM_Operation (0x00000017e9ffe1d0): G1CollectForAllocation, mode: safepoint, requested by thread 0x0000017d2cc5f3d0


---------------  P R O C E S S  ---------------

Threads class SMR info:
_java_thread_list=0x0000017d36ac3650, length=125, elements={
0x0000017d122e2830, 0x0000017d2c1424f0, 0x0000017d2c143360, 0x0000017d2cc59c10,
0x0000017d2cc5a4d0, 0x0000017d2cc5d2a0, 0x0000017d2cc5dc50, 0x0000017d2cc5e930,
0x0000017d2cc5f3d0, 0x0000017d2cc62570, 0x0000017d2cd08e20, 0x0000017d2cebc230,
0x0000017d2cfcd7f0, 0x0000017d2ff25010, 0x0000017d2ddc4100, 0x0000017d2ddc3610,
0x0000017d2e6328c0, 0x0000017d2f520030, 0x0000017d2ffabab0, 0x0000017d2f77cc20,
0x0000017d2fb331a0, 0x0000017d2fb34010, 0x0000017d2fb30b20, 0x0000017d2fb31990,
0x0000017d2fb32330, 0x0000017d2fb33670, 0x0000017d2fb32800, 0x0000017d2fb32cd0,
0x0000017d2fb33b40, 0x0000017d2fb30ff0, 0x0000017d2fb30650, 0x0000017d2fb314c0,
0x0000017d2fb31e60, 0x0000017d3285b9a0, 0x0000017d3285a660, 0x0000017d328597f0,
0x0000017d3285b000, 0x0000017d3285b4d0, 0x0000017d32859cc0, 0x0000017d3285be70,
0x0000017d3285a190, 0x0000017d338b4ed0, 0x0000017d338b4060, 0x0000017d338b7550,
0x0000017d338b7080, 0x0000017d338b7a20, 0x0000017d338b4530, 0x0000017d338b5d40,
0x0000017d338b6210, 0x0000017d338b4a00, 0x0000017d338b66e0, 0x0000017d338b5870,
0x0000017d3084c290, 0x0000017d30847f30, 0x0000017d3084af50, 0x0000017d308488d0,
0x0000017d30848400, 0x0000017d3084c760, 0x0000017d3084b420, 0x0000017d3084bdc0,
0x0000017d30848da0, 0x0000017d30849270, 0x0000017d30849c10, 0x0000017d30849740,
0x0000017d3084a0e0, 0x0000017d3084daa0, 0x0000017d3084d100, 0x0000017d3084d5d0,
0x0000017d30846250, 0x0000017d30846720, 0x0000017d342b00b0, 0x0000017d34252b20,
0x0000017d34252ff0, 0x0000017d342534c0, 0x0000017d34253990, 0x0000017d34252180,
0x0000017d3240b850, 0x0000017d33fbca40, 0x0000017d33fbb3d0, 0x0000017d33fba090,
0x0000017d33fbb8a0, 0x0000017d33fbaa30, 0x0000017d33fba560, 0x0000017d33fbaf00,
0x0000017d30d81780, 0x0000017d30d81c50, 0x0000017d36426f10, 0x0000017d364273e0,
0x0000017d364278b0, 0x0000017d36426a40, 0x0000017d364260a0, 0x0000017d36426570,
0x0000017d2de7f420, 0x0000017d30d80de0, 0x0000017d30d80440, 0x0000017d30d7faa0,
0x0000017d30d812b0, 0x0000017d30d82120, 0x0000017d30d825f0, 0x0000017d30d7ec30,
0x0000017d30d7ff70, 0x0000017d30d80910, 0x0000017d30d7f100, 0x0000017d30d7f5d0,
0x0000017d301eb3d0, 0x0000017d301e83b0, 0x0000017d301eaf00, 0x0000017d301e7a10,
0x0000017d301e8d50, 0x0000017d301eaa30, 0x0000017d301e7ee0, 0x0000017d301e8880,
0x0000017d301e9220, 0x0000017d301e9bc0, 0x0000017d301e96f0, 0x0000017d342b0580,
0x0000017d342ae8a0, 0x0000017d342af240, 0x0000017d342adf00, 0x0000017d342af710,
0x0000017d342afbe0, 0x0000017d342b0a50, 0x0000017d342aed70, 0x0000017d342ae3d0,
0x0000017d342b0f20
}

Java Threads: ( => current thread )
  0x0000017d122e2830 JavaThread "main" [_thread_blocked, id=9028, stack(0x00000017e9100000,0x00000017e9200000)]
  0x0000017d2c1424f0 JavaThread "Reference Handler" daemon [_thread_blocked, id=13524, stack(0x00000017e9800000,0x00000017e9900000)]
  0x0000017d2c143360 JavaThread "Finalizer" daemon [_thread_blocked, id=7360, stack(0x00000017e9900000,0x00000017e9a00000)]
  0x0000017d2cc59c10 JavaThread "Signal Dispatcher" daemon [_thread_blocked, id=4916, stack(0x00000017e9a00000,0x00000017e9b00000)]
  0x0000017d2cc5a4d0 JavaThread "Attach Listener" daemon [_thread_blocked, id=10204, stack(0x00000017e9b00000,0x00000017e9c00000)]
  0x0000017d2cc5d2a0 JavaThread "Service Thread" daemon [_thread_blocked, id=10764, stack(0x00000017e9c00000,0x00000017e9d00000)]
  0x0000017d2cc5dc50 JavaThread "Monitor Deflation Thread" daemon [_thread_blocked, id=6740, stack(0x00000017e9d00000,0x00000017e9e00000)]
  0x0000017d2cc5e930 JavaThread "C2 CompilerThread0" daemon [_thread_blocked, id=1804, stack(0x00000017e9e00000,0x00000017e9f00000)]
  0x0000017d2cc5f3d0 JavaThread "C1 CompilerThread0" daemon [_thread_blocked, id=2116, stack(0x00000017e9f00000,0x00000017ea000000)]
  0x0000017d2cc62570 JavaThread "Sweeper thread" daemon [_thread_blocked, id=14220, stack(0x00000017ea000000,0x00000017ea100000)]
  0x0000017d2cd08e20 JavaThread "Common-Cleaner" daemon [_thread_blocked, id=13676, stack(0x00000017ea100000,0x00000017ea200000)]
  0x0000017d2cebc230 JavaThread "Notification Thread" daemon [_thread_blocked, id=14348, stack(0x00000017ea200000,0x00000017ea300000)]
  0x0000017d2cfcd7f0 JavaThread "C2 CompilerThread1" daemon [_thread_blocked, id=7284, stack(0x00000017ea400000,0x00000017ea500000)]
  0x0000017d2ff25010 JavaThread "Daemon health stats" [_thread_blocked, id=4680, stack(0x00000017eaa00000,0x00000017eab00000)]
  0x0000017d2ddc4100 JavaThread "Incoming local TCP Connector on port 51000" [_thread_in_native, id=5244, stack(0x00000017eab00000,0x00000017eac00000)]
  0x0000017d2ddc3610 JavaThread "Daemon periodic checks" [_thread_blocked, id=5944, stack(0x00000017eac00000,0x00000017ead00000)]
  0x0000017d2e6328c0 JavaThread "Daemon" [_thread_blocked, id=564, stack(0x00000017ead00000,0x00000017eae00000)]
  0x0000017d2f520030 JavaThread "Handler for socket connection from /127.0.0.1:51000 to /127.0.0.1:51001" [_thread_in_native, id=13260, stack(0x00000017eae00000,0x00000017eaf00000)]
  0x0000017d2ffabab0 JavaThread "Cancel handler" [_thread_blocked, id=12356, stack(0x00000017eaf00000,0x00000017eb000000)]
  0x0000017d2f77cc20 JavaThread "Daemon worker" [_thread_blocked, id=8148, stack(0x00000017eb000000,0x00000017eb100000)]
  0x0000017d2fb331a0 JavaThread "Asynchronous log dispatcher for DefaultDaemonConnection: socket connection from /127.0.0.1:51000 to /127.0.0.1:51001" [_thread_blocked, id=11336, stack(0x00000017eb100000,0x00000017eb200000)]
  0x0000017d2fb34010 JavaThread "Stdin handler" [_thread_blocked, id=7676, stack(0x00000017eb200000,0x00000017eb300000)]
  0x0000017d2fb30b20 JavaThread "Daemon client event forwarder" [_thread_blocked, id=11808, stack(0x00000017eb300000,0x00000017eb400000)]
  0x0000017d2fb31990 JavaThread "Cache worker for journal cache (C:\Users\scher\.gradle\caches\journal-1)" [_thread_blocked, id=984, stack(0x00000017eb800000,0x00000017eb900000)]
  0x0000017d2fb32330 JavaThread "File lock request listener" [_thread_in_native, id=1688, stack(0x00000017eb900000,0x00000017eba00000)]
  0x0000017d2fb33670 JavaThread "Cache worker for file hash cache (C:\Users\scher\.gradle\caches\8.1\fileHashes)" [_thread_blocked, id=12888, stack(0x00000017eba00000,0x00000017ebb00000)]
  0x0000017d2fb32800 JavaThread "File watcher server" daemon [_thread_blocked, id=15336, stack(0x00000017ebb00000,0x00000017ebc00000)]
  0x0000017d2fb32cd0 JavaThread "File watcher consumer" daemon [_thread_blocked, id=15328, stack(0x00000017ebc00000,0x00000017ebd00000)]
  0x0000017d2fb33b40 JavaThread "Cache worker for checksums cache (C:\Users\scher\Documents\PROJETOS ANDROID\NOVO\RECICLAAI\.gradle\8.1\checksums)" [_thread_blocked, id=13592, stack(0x00000017ebd00000,0x00000017ebe00000)]
  0x0000017d2fb30ff0 JavaThread "Cache worker for cache directory md-rule (C:\Users\scher\.gradle\caches\8.1\md-rule)" [_thread_blocked, id=11384, stack(0x00000017ebe00000,0x00000017ebf00000)]
  0x0000017d2fb30650 JavaThread "Cache worker for file content cache (C:\Users\scher\.gradle\caches\8.1\fileContent)" [_thread_blocked, id=7576, stack(0x00000017ebf00000,0x00000017ec000000)]
  0x0000017d2fb314c0 JavaThread "Cache worker for file hash cache (C:\Users\scher\Documents\PROJETOS ANDROID\NOVO\RECICLAAI\.gradle\8.1\fileHashes)" [_thread_blocked, id=9876, stack(0x00000017ec000000,0x00000017ec100000)]
  0x0000017d2fb31e60 JavaThread "Cache worker for cache directory md-supplier (C:\Users\scher\.gradle\caches\8.1\md-supplier)" [_thread_blocked, id=7812, stack(0x00000017ec100000,0x00000017ec200000)]
  0x0000017d3285b9a0 JavaThread "Cache worker for execution history cache (C:\Users\scher\.gradle\caches\8.1\executionHistory)" [_thread_blocked, id=7044, stack(0x00000017ec200000,0x00000017ec300000)]
  0x0000017d3285a660 JavaThread "jar transforms" [_thread_blocked, id=13428, stack(0x00000017ec300000,0x00000017ec400000)]
  0x0000017d328597f0 JavaThread "jar transforms Thread 2" [_thread_blocked, id=7856, stack(0x00000017ec400000,0x00000017ec500000)]
  0x0000017d3285b000 JavaThread "jar transforms Thread 3" [_thread_blocked, id=12160, stack(0x00000017ec500000,0x00000017ec600000)]
  0x0000017d3285b4d0 JavaThread "jar transforms Thread 4" [_thread_blocked, id=6512, stack(0x00000017ec600000,0x00000017ec700000)]
  0x0000017d32859cc0 JavaThread "Cache worker for dependencies-accessors (C:\Users\scher\Documents\PROJETOS ANDROID\NOVO\RECICLAAI\.gradle\8.1\dependencies-accessors)" [_thread_blocked, id=13928, stack(0x00000017ec700000,0x00000017ec800000)]
  0x0000017d3285be70 JavaThread "jar transforms Thread 5" [_thread_blocked, id=13968, stack(0x00000017ec800000,0x00000017ec900000)]
  0x0000017d3285a190 JavaThread "Cache worker for Build Output Cleanup Cache (C:\Users\scher\Documents\PROJETOS ANDROID\NOVO\RECICLAAI\.gradle\buildOutputCleanup)" [_thread_blocked, id=12236, stack(0x00000017ec900000,0x00000017eca00000)]
  0x0000017d338b4ed0 JavaThread "Unconstrained build operations" [_thread_blocked, id=13552, stack(0x00000017eca00000,0x00000017ecb00000)]
  0x0000017d338b4060 JavaThread "Unconstrained build operations Thread 2" [_thread_blocked, id=8476, stack(0x00000017ecb00000,0x00000017ecc00000)]
  0x0000017d338b7550 JavaThread "Unconstrained build operations Thread 3" [_thread_blocked, id=4324, stack(0x00000017ecc00000,0x00000017ecd00000)]
  0x0000017d338b7080 JavaThread "Unconstrained build operations Thread 4" [_thread_blocked, id=7052, stack(0x00000017ecd00000,0x00000017ece00000)]
  0x0000017d338b7a20 JavaThread "Unconstrained build operations Thread 5" [_thread_blocked, id=12712, stack(0x00000017ece00000,0x00000017ecf00000)]
  0x0000017d338b4530 JavaThread "Unconstrained build operations Thread 6" [_thread_blocked, id=5620, stack(0x00000017ecf00000,0x00000017ed000000)]
  0x0000017d338b5d40 JavaThread "Unconstrained build operations Thread 7" [_thread_blocked, id=3680, stack(0x00000017ed000000,0x00000017ed100000)]
  0x0000017d338b6210 JavaThread "jar transforms Thread 6" [_thread_blocked, id=1864, stack(0x00000017ed100000,0x00000017ed200000)]
  0x0000017d338b4a00 JavaThread "jar transforms Thread 7" [_thread_blocked, id=10772, stack(0x00000017ed200000,0x00000017ed300000)]
  0x0000017d338b66e0 JavaThread "jar transforms Thread 8" [_thread_blocked, id=1352, stack(0x00000017ed300000,0x00000017ed400000)]
  0x0000017d338b5870 JavaThread "build event listener" [_thread_blocked, id=2460, stack(0x00000017ed500000,0x00000017ed600000)]
  0x0000017d3084c290 JavaThread "Memory manager" [_thread_blocked, id=5300, stack(0x00000017ed600000,0x00000017ed700000)]
  0x0000017d30847f30 JavaThread "included builds" [_thread_blocked, id=12792, stack(0x00000017ed800000,0x00000017ed900000)]
  0x0000017d3084af50 JavaThread "Execution worker" [_thread_blocked, id=14864, stack(0x00000017ed900000,0x00000017eda00000)]
  0x0000017d308488d0 JavaThread "Execution worker Thread 2" [_thread_blocked, id=14328, stack(0x00000017eda00000,0x00000017edb00000)]
  0x0000017d30848400 JavaThread "Execution worker Thread 3" [_thread_blocked, id=7788, stack(0x00000017edb00000,0x00000017edc00000)]
  0x0000017d3084c760 JavaThread "Execution worker Thread 4" [_thread_blocked, id=12932, stack(0x00000017edc00000,0x00000017edd00000)]
  0x0000017d3084b420 JavaThread "Execution worker Thread 5" [_thread_blocked, id=14188, stack(0x00000017edd00000,0x00000017ede00000)]
  0x0000017d3084bdc0 JavaThread "Execution worker Thread 6" [_thread_blocked, id=14728, stack(0x00000017ede00000,0x00000017edf00000)]
  0x0000017d30848da0 JavaThread "Execution worker Thread 7" [_thread_blocked, id=9212, stack(0x00000017edf00000,0x00000017ee000000)]
  0x0000017d30849270 JavaThread "Cache worker for execution history cache (C:\Users\scher\Documents\PROJETOS ANDROID\NOVO\RECICLAAI\.gradle\8.1\executionHistory)" [_thread_blocked, id=13580, stack(0x00000017ee000000,0x00000017ee100000)]
  0x0000017d30849c10 JavaThread "Unconstrained build operations Thread 8" [_thread_blocked, id=13368, stack(0x00000017ee100000,0x00000017ee200000)]
  0x0000017d30849740 JavaThread "Unconstrained build operations Thread 9" [_thread_blocked, id=13532, stack(0x00000017ee200000,0x00000017ee300000)]
  0x0000017d3084a0e0 JavaThread "Unconstrained build operations Thread 10" [_thread_blocked, id=7112, stack(0x00000017ee300000,0x00000017ee400000)]
  0x0000017d3084daa0 JavaThread "Unconstrained build operations Thread 11" [_thread_blocked, id=5036, stack(0x00000017ee400000,0x00000017ee500000)]
  0x0000017d3084d100 JavaThread "Unconstrained build operations Thread 12" [_thread_blocked, id=7612, stack(0x00000017ee500000,0x00000017ee600000)]
  0x0000017d3084d5d0 JavaThread "Unconstrained build operations Thread 13" [_thread_blocked, id=9660, stack(0x00000017ee600000,0x00000017ee700000)]
  0x0000017d30846250 JavaThread "Unconstrained build operations Thread 14" [_thread_blocked, id=4612, stack(0x00000017ee700000,0x00000017ee800000)]
  0x0000017d30846720 JavaThread "Unconstrained build operations Thread 15" [_thread_blocked, id=15080, stack(0x00000017ee800000,0x00000017ee900000)]
  0x0000017d342b00b0 JavaThread "Unconstrained build operations Thread 16" [_thread_blocked, id=12856, stack(0x00000017ee900000,0x00000017eea00000)]
  0x0000017d34252b20 JavaThread "Unconstrained build operations Thread 17" [_thread_blocked, id=7152, stack(0x00000017eea00000,0x00000017eeb00000)]
  0x0000017d34252ff0 JavaThread "Unconstrained build operations Thread 18" [_thread_blocked, id=10184, stack(0x00000017eeb00000,0x00000017eec00000)]
  0x0000017d342534c0 JavaThread "Unconstrained build operations Thread 19" [_thread_blocked, id=1588, stack(0x00000017eec00000,0x00000017eed00000)]
  0x0000017d34253990 JavaThread "Unconstrained build operations Thread 20" [_thread_blocked, id=14424, stack(0x00000017eed00000,0x00000017eee00000)]
  0x0000017d34252180 JavaThread "Unconstrained build operations Thread 21" [_thread_blocked, id=4280, stack(0x00000017eee00000,0x00000017eef00000)]
  0x0000017d3240b850 JavaThread "Unconstrained build operations Thread 22" [_thread_blocked, id=11268, stack(0x00000017eef00000,0x00000017ef000000)]
  0x0000017d33fbca40 JavaThread "Unconstrained build operations Thread 23" [_thread_blocked, id=10304, stack(0x00000017ef000000,0x00000017ef100000)]
  0x0000017d33fbb3d0 JavaThread "Unconstrained build operations Thread 24" [_thread_blocked, id=4076, stack(0x00000017ef100000,0x00000017ef200000)]
  0x0000017d33fba090 JavaThread "Unconstrained build operations Thread 25" [_thread_blocked, id=14068, stack(0x00000017ef200000,0x00000017ef300000)]
  0x0000017d33fbb8a0 JavaThread "Unconstrained build operations Thread 26" [_thread_blocked, id=12784, stack(0x00000017ef300000,0x00000017ef400000)]
  0x0000017d33fbaa30 JavaThread "Unconstrained build operations Thread 27" [_thread_blocked, id=8908, stack(0x00000017ef400000,0x00000017ef500000)]
  0x0000017d33fba560 JavaThread "Unconstrained build operations Thread 28" [_thread_blocked, id=4428, stack(0x00000017ef500000,0x00000017ef600000)]
  0x0000017d33fbaf00 JavaThread "Unconstrained build operations Thread 29" [_thread_blocked, id=13892, stack(0x00000017ef600000,0x00000017ef700000)]
  0x0000017d30d81780 JavaThread "Unconstrained build operations Thread 30" [_thread_blocked, id=14940, stack(0x00000017ef700000,0x00000017ef800000)]
  0x0000017d30d81c50 JavaThread "Unconstrained build operations Thread 31" [_thread_blocked, id=4084, stack(0x00000017ef800000,0x00000017ef900000)]
  0x0000017d36426f10 JavaThread "Unconstrained build operations Thread 32" [_thread_blocked, id=6560, stack(0x00000017ef900000,0x00000017efa00000)]
  0x0000017d364273e0 JavaThread "Unconstrained build operations Thread 33" [_thread_blocked, id=12452, stack(0x00000017efa00000,0x00000017efb00000)]
  0x0000017d364278b0 JavaThread "Unconstrained build operations Thread 34" [_thread_blocked, id=13632, stack(0x00000017efb00000,0x00000017efc00000)]
  0x0000017d36426a40 JavaThread "Unconstrained build operations Thread 35" [_thread_blocked, id=13304, stack(0x00000017efc00000,0x00000017efd00000)]
  0x0000017d364260a0 JavaThread "Unconstrained build operations Thread 36" [_thread_blocked, id=3160, stack(0x00000017efd00000,0x00000017efe00000)]
  0x0000017d36426570 JavaThread "Unconstrained build operations Thread 37" [_thread_blocked, id=12420, stack(0x00000017efe00000,0x00000017eff00000)]
  0x0000017d2de7f420 JavaThread "Unconstrained build operations Thread 38" [_thread_blocked, id=14904, stack(0x00000017eff00000,0x00000017f0000000)]
  0x0000017d30d80de0 JavaThread "Unconstrained build operations Thread 39" [_thread_blocked, id=13316, stack(0x00000017f0000000,0x00000017f0100000)]
  0x0000017d30d80440 JavaThread "Unconstrained build operations Thread 40" [_thread_blocked, id=14404, stack(0x00000017f0100000,0x00000017f0200000)]
  0x0000017d30d7faa0 JavaThread "Unconstrained build operations Thread 41" [_thread_blocked, id=13684, stack(0x00000017f0200000,0x00000017f0300000)]
  0x0000017d30d812b0 JavaThread "Unconstrained build operations Thread 42" [_thread_blocked, id=12000, stack(0x00000017f0300000,0x00000017f0400000)]
  0x0000017d30d82120 JavaThread "Unconstrained build operations Thread 43" [_thread_blocked, id=9356, stack(0x00000017f0400000,0x00000017f0500000)]
  0x0000017d30d825f0 JavaThread "Unconstrained build operations Thread 44" [_thread_blocked, id=7028, stack(0x00000017f0500000,0x00000017f0600000)]
  0x0000017d30d7ec30 JavaThread "Unconstrained build operations Thread 45" [_thread_blocked, id=13752, stack(0x00000017f0600000,0x00000017f0700000)]
  0x0000017d30d7ff70 JavaThread "Unconstrained build operations Thread 46" [_thread_blocked, id=1252, stack(0x00000017f0700000,0x00000017f0800000)]
  0x0000017d30d80910 JavaThread "Unconstrained build operations Thread 47" [_thread_blocked, id=1556, stack(0x00000017f0800000,0x00000017f0900000)]
  0x0000017d30d7f100 JavaThread "Unconstrained build operations Thread 48" [_thread_blocked, id=9804, stack(0x00000017f0900000,0x00000017f0a00000)]
  0x0000017d30d7f5d0 JavaThread "Unconstrained build operations Thread 49" [_thread_blocked, id=2788, stack(0x00000017f0a00000,0x00000017f0b00000)]
  0x0000017d301eb3d0 JavaThread "Unconstrained build operations Thread 50" [_thread_blocked, id=4956, stack(0x00000017f0b00000,0x00000017f0c00000)]
  0x0000017d301e83b0 JavaThread "Unconstrained build operations Thread 51" [_thread_blocked, id=13376, stack(0x00000017f0c00000,0x00000017f0d00000)]
  0x0000017d301eaf00 JavaThread "Unconstrained build operations Thread 52" [_thread_blocked, id=6184, stack(0x00000017f0d00000,0x00000017f0e00000)]
  0x0000017d301e7a10 JavaThread "Unconstrained build operations Thread 53" [_thread_blocked, id=13120, stack(0x00000017f0e00000,0x00000017f0f00000)]
  0x0000017d301e8d50 JavaThread "Unconstrained build operations Thread 54" [_thread_blocked, id=7384, stack(0x00000017f0f00000,0x00000017f1000000)]
  0x0000017d301eaa30 JavaThread "Unconstrained build operations Thread 55" [_thread_blocked, id=2392, stack(0x00000017f1000000,0x00000017f1100000)]
  0x0000017d301e7ee0 JavaThread "Unconstrained build operations Thread 56" [_thread_blocked, id=12944, stack(0x00000017f1100000,0x00000017f1200000)]
  0x0000017d301e8880 JavaThread "Unconstrained build operations Thread 57" [_thread_blocked, id=13700, stack(0x00000017f1200000,0x00000017f1300000)]
  0x0000017d301e9220 JavaThread "Unconstrained build operations Thread 58" [_thread_blocked, id=14840, stack(0x00000017f1300000,0x00000017f1400000)]
  0x0000017d301e9bc0 JavaThread "Unconstrained build operations Thread 59" [_thread_blocked, id=13308, stack(0x00000017f1400000,0x00000017f1500000)]
  0x0000017d301e96f0 JavaThread "Unconstrained build operations Thread 60" [_thread_blocked, id=7076, stack(0x00000017f1500000,0x00000017f1600000)]
  0x0000017d342b0580 JavaThread "Unconstrained build operations Thread 61" [_thread_blocked, id=6084, stack(0x00000017f1600000,0x00000017f1700000)]
  0x0000017d342ae8a0 JavaThread "Unconstrained build operations Thread 62" [_thread_blocked, id=12296, stack(0x00000017f1700000,0x00000017f1800000)]
  0x0000017d342af240 JavaThread "Cache worker for Java compile cache (C:\Users\scher\.gradle\caches\8.1\javaCompile)" [_thread_blocked, id=11468, stack(0x00000017f1800000,0x00000017f1900000)]
  0x0000017d342adf00 JavaThread "Build operations" [_thread_blocked, id=6844, stack(0x00000017f1900000,0x00000017f1a00000)]
  0x0000017d342af710 JavaThread "Build operations Thread 2" [_thread_blocked, id=14320, stack(0x00000017f1a00000,0x00000017f1b00000)]
  0x0000017d342afbe0 JavaThread "Build operations Thread 3" [_thread_blocked, id=7296, stack(0x00000017f1b00000,0x00000017f1c00000)]
  0x0000017d342b0a50 JavaThread "Build operations Thread 4" [_thread_blocked, id=3280, stack(0x00000017f1c00000,0x00000017f1d00000)]
  0x0000017d342aed70 JavaThread "Build operations Thread 5" [_thread_blocked, id=13384, stack(0x00000017f1d00000,0x00000017f1e00000)]
  0x0000017d342ae3d0 JavaThread "Build operations Thread 6" [_thread_blocked, id=11644, stack(0x00000017f1e00000,0x00000017f1f00000)]
  0x0000017d342b0f20 JavaThread "Build operations Thread 7" [_thread_blocked, id=9468, stack(0x00000017f1f00000,0x00000017f2000000)]

Other Threads:
=>0x0000017d2cc20440 VMThread "VM Thread" [stack: 0x00000017e9700000,0x00000017e9800000] [id=1752]
  0x0000017d122e36a0 WatcherThread [stack: 0x00000017ea300000,0x00000017ea400000] [id=14668]
  0x0000017d123407d0 GCTaskThread "GC Thread#0" [stack: 0x00000017e9200000,0x00000017e9300000] [id=3104]
  0x0000017d2d36d7d0 GCTaskThread "GC Thread#1" [stack: 0x00000017ea600000,0x00000017ea700000] [id=11892]
  0x0000017d2d36d520 GCTaskThread "GC Thread#2" [stack: 0x00000017ea700000,0x00000017ea800000] [id=13624]
  0x0000017d2d36dfe0 GCTaskThread "GC Thread#3" [stack: 0x00000017ea800000,0x00000017ea900000] [id=3412]
  0x0000017d2d36dd30 GCTaskThread "GC Thread#4" [stack: 0x00000017ea900000,0x00000017eaa00000] [id=7588]
  0x0000017d2d36e290 GCTaskThread "GC Thread#5" [stack: 0x00000017eb400000,0x00000017eb500000] [id=9408]
  0x0000017d2d36eaa0 GCTaskThread "GC Thread#6" [stack: 0x00000017eb500000,0x00000017eb600000] [id=2412]
  0x0000017d2d36e7f0 GCTaskThread "GC Thread#7" [stack: 0x00000017eb600000,0x00000017eb700000] [id=6368]
  0x0000017d12351710 ConcurrentGCThread "G1 Main Marker" [stack: 0x00000017e9300000,0x00000017e9400000] [id=11452]
  0x0000017d12352120 ConcurrentGCThread "G1 Conc#0" [stack: 0x00000017e9400000,0x00000017e9500000] [id=7936]
  0x0000017d2d36ed50 ConcurrentGCThread "G1 Conc#1" [stack: 0x00000017eb700000,0x00000017eb800000] [id=4940]
  0x0000017d1239d4a0 ConcurrentGCThread "G1 Refine#0" [stack: 0x00000017e9500000,0x00000017e9600000] [id=11988]
  0x0000017d3215a370 ConcurrentGCThread "G1 Refine#1" [stack: 0x00000017ed400000,0x00000017ed500000] [id=7512]
  0x0000017d3215aef0 ConcurrentGCThread "G1 Refine#2" [stack: 0x00000017ea500000,0x00000017ea600000] [id=5852]
  0x0000017d3215b790 ConcurrentGCThread "G1 Refine#3" [stack: 0x00000017ed700000,0x00000017ed800000] [id=9584]
  0x0000017d2bf8c510 ConcurrentGCThread "G1 Service" [stack: 0x00000017e9600000,0x00000017e9700000] [id=6876]

Threads with active compile tasks:
C2 CompilerThread0    13000 11716       4       com.sun.tools.javac.util.ListBuffer::append (66 bytes)
C1 CompilerThread0    13000 11718       3       com.sun.tools.javac.jvm.ClassReader$3::read (281 bytes)
C2 CompilerThread1    13000 11649   !   4       com.sun.tools.javac.jvm.ClassReader::classSigToType (497 bytes)

VM state: at safepoint (normal execution)

VM Mutex/Monitor currently owned by a thread:  ([mutex/lock_event])
[0x0000017d122de050] Threads_lock - owner thread: 0x0000017d2cc20440
[0x0000017d122de710] Heap_lock - owner thread: 0x0000017d2cc5f3d0

Heap address: 0x0000000080000000, size: 2048 MB, Compressed Oops mode: 32-bit

CDS archive(s) not mapped
Compressed class space mapped at: 0x0000000100000000-0x0000000140000000, reserved size: 1073741824
Narrow klass base: 0x0000000000000000, Narrow klass shift: 3, Narrow klass range: 0x140000000

GC Precious Log:
 CPUs: 8 total, 8 available
 Memory: 8072M
 Large Page Support: Disabled
 NUMA Support: Disabled
 Compressed Oops: Enabled (32-bit)
 Heap Region Size: 1M
 Heap Min Capacity: 8M
 Heap Initial Capacity: 128M
 Heap Max Capacity: 2G
 Pre-touch: Disabled
 Parallel Workers: 8
 Concurrent Workers: 2
 Concurrent Refinement Workers: 8
 Periodic GC: Disabled

Heap:
 garbage-first heap   total 180224K, used 111163K [0x0000000080000000, 0x0000000100000000)
  region size 1024K, 6 young (6144K), 6 survivors (6144K)
 Metaspace       used 96500K, committed 97088K, reserved 1138688K
  class space    used 13206K, committed 13504K, reserved 1048576K

Heap Regions: E=young(eden), S=young(survivor), O=old, HS=humongous(starts), HC=humongous(continues), CS=collection set, F=free, OA=open archive, CA=closed archive, TAMS=top-at-mark-start (previous, next)
|   0|0x0000000080000000, 0x0000000080100000, 0x0000000080100000|100%|HS|  |TAMS 0x0000000080100000, 0x0000000080100000| Complete 
|   1|0x0000000080100000, 0x0000000080200000, 0x0000000080200000|100%|HC|  |TAMS 0x0000000080200000, 0x0000000080200000| Complete 
|   2|0x0000000080200000, 0x0000000080300000, 0x0000000080300000|100%|HC|  |TAMS 0x0000000080300000, 0x0000000080300000| Complete 
|   3|0x0000000080300000, 0x0000000080400000, 0x0000000080400000|100%|HC|  |TAMS 0x0000000080400000, 0x0000000080400000| Complete 
|   4|0x0000000080400000, 0x0000000080500000, 0x0000000080500000|100%| O|  |TAMS 0x0000000080500000, 0x0000000080500000| Untracked 
|   5|0x0000000080500000, 0x0000000080600000, 0x0000000080600000|100%| O|  |TAMS 0x0000000080600000, 0x0000000080600000| Untracked 
|   6|0x0000000080600000, 0x0000000080700000, 0x0000000080700000|100%| O|  |TAMS 0x0000000080700000, 0x0000000080700000| Untracked 
|   7|0x0000000080700000, 0x0000000080800000, 0x0000000080800000|100%| O|  |TAMS 0x0000000080800000, 0x0000000080800000| Untracked 
|   8|0x0000000080800000, 0x0000000080900000, 0x0000000080900000|100%| O|  |TAMS 0x0000000080900000, 0x0000000080900000| Untracked 
|   9|0x0000000080900000, 0x0000000080a00000, 0x0000000080a00000|100%| O|  |TAMS 0x0000000080a00000, 0x0000000080a00000| Untracked 
|  10|0x0000000080a00000, 0x0000000080b00000, 0x0000000080b00000|100%| O|  |TAMS 0x0000000080b00000, 0x0000000080b00000| Untracked 
|  11|0x0000000080b00000, 0x0000000080c00000, 0x0000000080c00000|100%| O|  |TAMS 0x0000000080c00000, 0x0000000080c00000| Untracked 
|  12|0x0000000080c00000, 0x0000000080d00000, 0x0000000080d00000|100%| O|  |TAMS 0x0000000080d00000, 0x0000000080d00000| Untracked 
|  13|0x0000000080d00000, 0x0000000080e00000, 0x0000000080e00000|100%| O|  |TAMS 0x0000000080e00000, 0x0000000080e00000| Untracked 
|  14|0x0000000080e00000, 0x0000000080f00000, 0x0000000080f00000|100%| O|  |TAMS 0x0000000080f00000, 0x0000000080f00000| Untracked 
|  15|0x0000000080f00000, 0x0000000081000000, 0x0000000081000000|100%| O|  |TAMS 0x0000000081000000, 0x0000000081000000| Untracked 
|  16|0x0000000081000000, 0x0000000081100000, 0x0000000081100000|100%| O|  |TAMS 0x0000000081100000, 0x0000000081100000| Untracked 
|  17|0x0000000081100000, 0x0000000081200000, 0x0000000081200000|100%| O|  |TAMS 0x0000000081200000, 0x0000000081200000| Untracked 
|  18|0x0000000081200000, 0x0000000081300000, 0x0000000081300000|100%| O|  |TAMS 0x0000000081300000, 0x0000000081300000| Untracked 
|  19|0x0000000081300000, 0x0000000081400000, 0x0000000081400000|100%| O|  |TAMS 0x0000000081400000, 0x0000000081400000| Untracked 
|  20|0x0000000081400000, 0x0000000081500000, 0x0000000081500000|100%|HS|  |TAMS 0x0000000081500000, 0x0000000081500000| Complete 
|  21|0x0000000081500000, 0x0000000081600000, 0x0000000081600000|100%| O|  |TAMS 0x0000000081600000, 0x0000000081600000| Untracked 
|  22|0x0000000081600000, 0x0000000081700000, 0x0000000081700000|100%| O|  |TAMS 0x0000000081700000, 0x0000000081700000| Untracked 
|  23|0x0000000081700000, 0x0000000081800000, 0x0000000081800000|100%| O|  |TAMS 0x0000000081800000, 0x0000000081800000| Untracked 
|  24|0x0000000081800000, 0x0000000081900000, 0x0000000081900000|100%| O|  |TAMS 0x0000000081900000, 0x0000000081900000| Untracked 
|  25|0x0000000081900000, 0x0000000081a00000, 0x0000000081a00000|100%| O|  |TAMS 0x0000000081a00000, 0x0000000081a00000| Untracked 
|  26|0x0000000081a00000, 0x0000000081b00000, 0x0000000081b00000|100%| O|  |TAMS 0x0000000081b00000, 0x0000000081b00000| Untracked 
|  27|0x0000000081b00000, 0x0000000081c00000, 0x0000000081c00000|100%| O|  |TAMS 0x0000000081c00000, 0x0000000081c00000| Untracked 
|  28|0x0000000081c00000, 0x0000000081d00000, 0x0000000081d00000|100%| O|  |TAMS 0x0000000081d00000, 0x0000000081d00000| Untracked 
|  29|0x0000000081d00000, 0x0000000081e00000, 0x0000000081e00000|100%|HS|  |TAMS 0x0000000081e00000, 0x0000000081e00000| Complete 
|  30|0x0000000081e00000, 0x0000000081f00000, 0x0000000081f00000|100%| O|  |TAMS 0x0000000081f00000, 0x0000000081f00000| Untracked 
|  31|0x0000000081f00000, 0x0000000082000000, 0x0000000082000000|100%| O|  |TAMS 0x0000000082000000, 0x0000000082000000| Untracked 
|  32|0x0000000082000000, 0x0000000082100000, 0x0000000082100000|100%| O|  |TAMS 0x0000000082100000, 0x0000000082100000| Untracked 
|  33|0x0000000082100000, 0x0000000082200000, 0x0000000082200000|100%| O|  |TAMS 0x0000000082200000, 0x0000000082200000| Untracked 
|  34|0x0000000082200000, 0x0000000082300000, 0x0000000082300000|100%|HS|  |TAMS 0x0000000082300000, 0x0000000082300000| Complete 
|  35|0x0000000082300000, 0x0000000082400000, 0x0000000082400000|100%| O|  |TAMS 0x0000000082400000, 0x0000000082400000| Untracked 
|  36|0x0000000082400000, 0x0000000082500000, 0x0000000082500000|100%|HS|  |TAMS 0x0000000082500000, 0x0000000082500000| Complete 
|  37|0x0000000082500000, 0x0000000082600000, 0x0000000082600000|100%| O|  |TAMS 0x0000000082600000, 0x0000000082600000| Untracked 
|  38|0x0000000082600000, 0x0000000082700000, 0x0000000082700000|100%| O|  |TAMS 0x0000000082700000, 0x0000000082700000| Untracked 
|  39|0x0000000082700000, 0x0000000082800000, 0x0000000082800000|100%| O|  |TAMS 0x0000000082800000, 0x0000000082800000| Untracked 
|  40|0x0000000082800000, 0x0000000082900000, 0x0000000082900000|100%| O|  |TAMS 0x0000000082900000, 0x0000000082900000| Untracked 
|  41|0x0000000082900000, 0x0000000082a00000, 0x0000000082a00000|100%| O|  |TAMS 0x0000000082a00000, 0x0000000082a00000| Untracked 
|  42|0x0000000082a00000, 0x0000000082b00000, 0x0000000082b00000|100%| O|  |TAMS 0x0000000082b00000, 0x0000000082b00000| Untracked 
|  43|0x0000000082b00000, 0x0000000082c00000, 0x0000000082c00000|100%| O|  |TAMS 0x0000000082c00000, 0x0000000082c00000| Untracked 
|  44|0x0000000082c00000, 0x0000000082d00000, 0x0000000082d00000|100%| O|  |TAMS 0x0000000082d00000, 0x0000000082d00000| Untracked 
|  45|0x0000000082d00000, 0x0000000082e00000, 0x0000000082e00000|100%| O|  |TAMS 0x0000000082e00000, 0x0000000082e00000| Untracked 
|  46|0x0000000082e00000, 0x0000000082f00000, 0x0000000082f00000|100%| O|  |TAMS 0x0000000082f00000, 0x0000000082f00000| Untracked 
|  47|0x0000000082f00000, 0x0000000083000000, 0x0000000083000000|100%| O|  |TAMS 0x0000000083000000, 0x0000000083000000| Untracked 
|  48|0x0000000083000000, 0x0000000083100000, 0x0000000083100000|100%| O|  |TAMS 0x0000000083100000, 0x0000000083100000| Untracked 
|  49|0x0000000083100000, 0x0000000083200000, 0x0000000083200000|100%| O|  |TAMS 0x0000000083200000, 0x0000000083200000| Untracked 
|  50|0x0000000083200000, 0x0000000083300000, 0x0000000083300000|100%| O|  |TAMS 0x0000000083300000, 0x0000000083300000| Untracked 
|  51|0x0000000083300000, 0x0000000083400000, 0x0000000083400000|100%| O|  |TAMS 0x0000000083400000, 0x0000000083400000| Untracked 
|  52|0x0000000083400000, 0x0000000083500000, 0x0000000083500000|100%| O|  |TAMS 0x0000000083500000, 0x0000000083500000| Untracked 
|  53|0x0000000083500000, 0x0000000083600000, 0x0000000083600000|100%| O|  |TAMS 0x0000000083600000, 0x0000000083600000| Untracked 
|  54|0x0000000083600000, 0x0000000083700000, 0x0000000083700000|100%| O|  |TAMS 0x0000000083700000, 0x0000000083700000| Untracked 
|  55|0x0000000083700000, 0x0000000083800000, 0x0000000083800000|100%| O|  |TAMS 0x0000000083800000, 0x0000000083800000| Untracked 
|  56|0x0000000083800000, 0x0000000083900000, 0x0000000083900000|100%| O|  |TAMS 0x0000000083900000, 0x0000000083900000| Untracked 
|  57|0x0000000083900000, 0x0000000083a00000, 0x0000000083a00000|100%| O|  |TAMS 0x0000000083a00000, 0x0000000083a00000| Untracked 
|  58|0x0000000083a00000, 0x0000000083b00000, 0x0000000083b00000|100%| O|  |TAMS 0x0000000083b00000, 0x0000000083b00000| Untracked 
|  59|0x0000000083b00000, 0x0000000083c00000, 0x0000000083c00000|100%| O|  |TAMS 0x0000000083c00000, 0x0000000083c00000| Untracked 
|  60|0x0000000083c00000, 0x0000000083d00000, 0x0000000083d00000|100%| O|  |TAMS 0x0000000083d00000, 0x0000000083d00000| Untracked 
|  61|0x0000000083d00000, 0x0000000083e00000, 0x0000000083e00000|100%| O|  |TAMS 0x0000000083e00000, 0x0000000083e00000| Untracked 
|  62|0x0000000083e00000, 0x0000000083f00000, 0x0000000083f00000|100%| O|  |TAMS 0x0000000083f00000, 0x0000000083f00000| Untracked 
|  63|0x0000000083f00000, 0x0000000084000000, 0x0000000084000000|100%| O|  |TAMS 0x0000000084000000, 0x0000000084000000| Untracked 
|  64|0x0000000084000000, 0x0000000084100000, 0x0000000084100000|100%| O|  |TAMS 0x0000000084100000, 0x0000000084100000| Untracked 
|  65|0x0000000084100000, 0x0000000084200000, 0x0000000084200000|100%| O|  |TAMS 0x0000000084200000, 0x0000000084200000| Untracked 
|  66|0x0000000084200000, 0x0000000084300000, 0x0000000084300000|100%| O|  |TAMS 0x0000000084300000, 0x0000000084300000| Untracked 
|  67|0x0000000084300000, 0x0000000084400000, 0x0000000084400000|100%| O|  |TAMS 0x0000000084400000, 0x0000000084400000| Untracked 
|  68|0x0000000084400000, 0x0000000084500000, 0x0000000084500000|100%| O|  |TAMS 0x0000000084500000, 0x0000000084500000| Untracked 
|  69|0x0000000084500000, 0x0000000084600000, 0x0000000084600000|100%| O|  |TAMS 0x0000000084600000, 0x0000000084600000| Untracked 
|  70|0x0000000084600000, 0x0000000084700000, 0x0000000084700000|100%| O|  |TAMS 0x0000000084700000, 0x0000000084700000| Untracked 
|  71|0x0000000084700000, 0x0000000084800000, 0x0000000084800000|100%| O|  |TAMS 0x0000000084800000, 0x0000000084800000| Untracked 
|  72|0x0000000084800000, 0x0000000084900000, 0x0000000084900000|100%| O|  |TAMS 0x0000000084900000, 0x0000000084900000| Untracked 
|  73|0x0000000084900000, 0x0000000084a00000, 0x0000000084a00000|100%| O|  |TAMS 0x0000000084a00000, 0x0000000084a00000| Untracked 
|  74|0x0000000084a00000, 0x0000000084b00000, 0x0000000084b00000|100%| O|  |TAMS 0x0000000084b00000, 0x0000000084b00000| Untracked 
|  75|0x0000000084b00000, 0x0000000084c00000, 0x0000000084c00000|100%| O|  |TAMS 0x0000000084c00000, 0x0000000084c00000| Untracked 
|  76|0x0000000084c00000, 0x0000000084d00000, 0x0000000084d00000|100%| O|  |TAMS 0x0000000084d00000, 0x0000000084d00000| Untracked 
|  77|0x0000000084d00000, 0x0000000084e00000, 0x0000000084e00000|100%| O|  |TAMS 0x0000000084e00000, 0x0000000084e00000| Untracked 
|  78|0x0000000084e00000, 0x0000000084f00000, 0x0000000084f00000|100%| O|  |TAMS 0x0000000084e00000, 0x0000000084e00000| Untracked 
|  79|0x0000000084f00000, 0x0000000085000000, 0x0000000085000000|100%| O|  |TAMS 0x0000000084f00000, 0x0000000085000000| Untracked 
|  80|0x0000000085000000, 0x0000000085100000, 0x0000000085100000|100%| O|  |TAMS 0x0000000085000000, 0x0000000085100000| Untracked 
|  81|0x0000000085100000, 0x0000000085200000, 0x0000000085200000|100%| O|  |TAMS 0x0000000085100000, 0x0000000085200000| Untracked 
|  82|0x0000000085200000, 0x0000000085300000, 0x0000000085300000|100%| O|  |TAMS 0x0000000085200000, 0x0000000085300000| Untracked 
|  83|0x0000000085300000, 0x0000000085400000, 0x0000000085400000|100%| O|  |TAMS 0x0000000085300000, 0x0000000085400000| Untracked 
|  84|0x0000000085400000, 0x0000000085500000, 0x0000000085500000|100%| O|  |TAMS 0x0000000085400000, 0x0000000085500000| Untracked 
|  85|0x0000000085500000, 0x0000000085600000, 0x0000000085600000|100%| O|  |TAMS 0x0000000085500000, 0x0000000085600000| Untracked 
|  86|0x0000000085600000, 0x0000000085700000, 0x0000000085700000|100%| O|  |TAMS 0x0000000085600000, 0x0000000085700000| Untracked 
|  87|0x0000000085700000, 0x0000000085800000, 0x0000000085800000|100%| O|  |TAMS 0x0000000085700000, 0x0000000085800000| Untracked 
|  88|0x0000000085800000, 0x0000000085900000, 0x0000000085900000|100%| O|  |TAMS 0x0000000085800000, 0x0000000085900000| Untracked 
|  89|0x0000000085900000, 0x0000000085a00000, 0x0000000085a00000|100%| O|  |TAMS 0x0000000085900000, 0x0000000085a00000| Untracked 
|  90|0x0000000085a00000, 0x0000000085b00000, 0x0000000085b00000|100%| O|  |TAMS 0x0000000085a00000, 0x0000000085b00000| Untracked 
|  91|0x0000000085b00000, 0x0000000085c00000, 0x0000000085c00000|100%| O|  |TAMS 0x0000000085b00000, 0x0000000085c00000| Untracked 
|  92|0x0000000085c00000, 0x0000000085d00000, 0x0000000085d00000|100%| O|  |TAMS 0x0000000085c00000, 0x0000000085d00000| Untracked 
|  93|0x0000000085d00000, 0x0000000085e00000, 0x0000000085e00000|100%| O|  |TAMS 0x0000000085d00000, 0x0000000085e00000| Untracked 
|  94|0x0000000085e00000, 0x0000000085f00000, 0x0000000085f00000|100%| O|  |TAMS 0x0000000085e00000, 0x0000000085f00000| Untracked 
|  95|0x0000000085f00000, 0x0000000086000000, 0x0000000086000000|100%| O|  |TAMS 0x0000000085f00000, 0x0000000086000000| Untracked 
|  96|0x0000000086000000, 0x0000000086100000, 0x0000000086100000|100%| O|  |TAMS 0x0000000086000000, 0x0000000086100000| Untracked 
|  97|0x0000000086100000, 0x0000000086200000, 0x0000000086200000|100%| O|  |TAMS 0x0000000086100000, 0x00000000861c6c00| Untracked 
|  98|0x0000000086200000, 0x0000000086300000, 0x0000000086300000|100%|HS|  |TAMS 0x0000000086200000, 0x0000000086300000| Complete 
|  99|0x0000000086300000, 0x0000000086400000, 0x0000000086400000|100%|HC|  |TAMS 0x0000000086300000, 0x0000000086400000| Complete 
| 100|0x0000000086400000, 0x0000000086500000, 0x0000000086500000|100%| O|  |TAMS 0x0000000086400000, 0x0000000086400000| Untracked 
| 101|0x0000000086500000, 0x0000000086600000, 0x0000000086600000|100%| O|  |TAMS 0x0000000086500000, 0x0000000086500000| Untracked 
| 102|0x0000000086600000, 0x000000008668ec00, 0x0000000086700000| 55%| O|  |TAMS 0x0000000086600000, 0x0000000086600000| Untracked 
| 103|0x0000000086700000, 0x0000000086700000, 0x0000000086800000|  0%| F|  |TAMS 0x0000000086700000, 0x0000000086700000| Untracked 
| 104|0x0000000086800000, 0x0000000086800000, 0x0000000086900000|  0%| F|  |TAMS 0x0000000086800000, 0x0000000086800000| Untracked 
| 105|0x0000000086900000, 0x0000000086900000, 0x0000000086a00000|  0%| F|  |TAMS 0x0000000086900000, 0x0000000086900000| Untracked 
| 106|0x0000000086a00000, 0x0000000086a00000, 0x0000000086b00000|  0%| F|  |TAMS 0x0000000086a00000, 0x0000000086a00000| Untracked 
| 107|0x0000000086b00000, 0x0000000086b00000, 0x0000000086c00000|  0%| F|  |TAMS 0x0000000086b00000, 0x0000000086b00000| Untracked 
| 108|0x0000000086c00000, 0x0000000086c00000, 0x0000000086d00000|  0%| F|  |TAMS 0x0000000086c00000, 0x0000000086c00000| Untracked 
| 109|0x0000000086d00000, 0x0000000086d00000, 0x0000000086e00000|  0%| F|  |TAMS 0x0000000086d00000, 0x0000000086d00000| Untracked 
| 110|0x0000000086e00000, 0x0000000086e00000, 0x0000000086f00000|  0%| F|  |TAMS 0x0000000086e00000, 0x0000000086e00000| Untracked 
| 111|0x0000000086f00000, 0x0000000086f00000, 0x0000000087000000|  0%| F|  |TAMS 0x0000000086f00000, 0x0000000086f00000| Untracked 
| 112|0x0000000087000000, 0x0000000087000000, 0x0000000087100000|  0%| F|  |TAMS 0x0000000087000000, 0x0000000087000000| Untracked 
| 113|0x0000000087100000, 0x0000000087100000, 0x0000000087200000|  0%| F|  |TAMS 0x0000000087100000, 0x0000000087100000| Untracked 
| 114|0x0000000087200000, 0x0000000087200000, 0x0000000087300000|  0%| F|  |TAMS 0x0000000087200000, 0x0000000087200000| Untracked 
| 115|0x0000000087300000, 0x0000000087300000, 0x0000000087400000|  0%| F|  |TAMS 0x0000000087300000, 0x0000000087300000| Untracked 
| 116|0x0000000087400000, 0x0000000087400000, 0x0000000087500000|  0%| F|  |TAMS 0x0000000087400000, 0x0000000087400000| Untracked 
| 117|0x0000000087500000, 0x0000000087500000, 0x0000000087600000|  0%| F|  |TAMS 0x0000000087500000, 0x0000000087500000| Untracked 
| 118|0x0000000087600000, 0x0000000087600000, 0x0000000087700000|  0%| F|  |TAMS 0x0000000087600000, 0x0000000087600000| Untracked 
| 119|0x0000000087700000, 0x0000000087700000, 0x0000000087800000|  0%| F|  |TAMS 0x0000000087700000, 0x0000000087700000| Untracked 
| 120|0x0000000087800000, 0x0000000087800000, 0x0000000087900000|  0%| F|  |TAMS 0x0000000087800000, 0x0000000087800000| Untracked 
| 121|0x0000000087900000, 0x0000000087900000, 0x0000000087a00000|  0%| F|  |TAMS 0x0000000087900000, 0x0000000087900000| Untracked 
| 122|0x0000000087a00000, 0x0000000087a00000, 0x0000000087b00000|  0%| F|  |TAMS 0x0000000087a00000, 0x0000000087a00000| Untracked 
| 123|0x0000000087b00000, 0x0000000087c00000, 0x0000000087c00000|100%| S|CS|TAMS 0x0000000087b00000, 0x0000000087b00000| Complete 
| 124|0x0000000087c00000, 0x0000000087d00000, 0x0000000087d00000|100%| S|CS|TAMS 0x0000000087c00000, 0x0000000087c00000| Complete 
| 125|0x0000000087d00000, 0x0000000087e00000, 0x0000000087e00000|100%| S|CS|TAMS 0x0000000087d00000, 0x0000000087d00000| Complete 
| 126|0x0000000087e00000, 0x0000000087f00000, 0x0000000087f00000|100%| S|CS|TAMS 0x0000000087e00000, 0x0000000087e00000| Complete 
| 127|0x0000000087f00000, 0x0000000088000000, 0x0000000088000000|100%| S|CS|TAMS 0x0000000087f00000, 0x0000000087f00000| Complete 
| 128|0x0000000088000000, 0x0000000088100000, 0x0000000088100000|100%| S|CS|TAMS 0x0000000088000000, 0x0000000088000000| Complete 
| 129|0x0000000088100000, 0x0000000088100000, 0x0000000088200000|  0%| F|  |TAMS 0x0000000088100000, 0x0000000088100000| Untracked 
| 130|0x0000000088200000, 0x0000000088200000, 0x0000000088300000|  0%| F|  |TAMS 0x0000000088200000, 0x0000000088200000| Untracked 
| 131|0x0000000088300000, 0x0000000088300000, 0x0000000088400000|  0%| F|  |TAMS 0x0000000088300000, 0x0000000088300000| Untracked 
| 132|0x0000000088400000, 0x0000000088400000, 0x0000000088500000|  0%| F|  |TAMS 0x0000000088400000, 0x0000000088400000| Untracked 
| 133|0x0000000088500000, 0x0000000088500000, 0x0000000088600000|  0%| F|  |TAMS 0x0000000088500000, 0x0000000088500000| Untracked 
| 134|0x0000000088600000, 0x0000000088600000, 0x0000000088700000|  0%| F|  |TAMS 0x0000000088600000, 0x0000000088600000| Untracked 
| 135|0x0000000088700000, 0x0000000088700000, 0x0000000088800000|  0%| F|  |TAMS 0x0000000088700000, 0x0000000088700000| Untracked 
| 136|0x0000000088800000, 0x0000000088800000, 0x0000000088900000|  0%| F|  |TAMS 0x0000000088800000, 0x0000000088800000| Untracked 
| 137|0x0000000088900000, 0x0000000088900000, 0x0000000088a00000|  0%| F|  |TAMS 0x0000000088900000, 0x0000000088900000| Untracked 
| 138|0x0000000088a00000, 0x0000000088a00000, 0x0000000088b00000|  0%| F|  |TAMS 0x0000000088a00000, 0x0000000088a00000| Untracked 
| 139|0x0000000088b00000, 0x0000000088b00000, 0x0000000088c00000|  0%| F|  |TAMS 0x0000000088b00000, 0x0000000088b00000| Untracked 
| 140|0x0000000088c00000, 0x0000000088c00000, 0x0000000088d00000|  0%| F|  |TAMS 0x0000000088c00000, 0x0000000088c00000| Untracked 
| 141|0x0000000088d00000, 0x0000000088d00000, 0x0000000088e00000|  0%| F|  |TAMS 0x0000000088d00000, 0x0000000088d00000| Untracked 
| 142|0x0000000088e00000, 0x0000000088e00000, 0x0000000088f00000|  0%| F|  |TAMS 0x0000000088e00000, 0x0000000088e00000| Untracked 
| 143|0x0000000088f00000, 0x0000000088f00000, 0x0000000089000000|  0%| F|  |TAMS 0x0000000088f00000, 0x0000000088f00000| Untracked 
| 144|0x0000000089000000, 0x0000000089000000, 0x0000000089100000|  0%| F|  |TAMS 0x0000000089000000, 0x0000000089000000| Untracked 
| 145|0x0000000089100000, 0x0000000089100000, 0x0000000089200000|  0%| F|  |TAMS 0x0000000089100000, 0x0000000089100000| Untracked 
| 146|0x0000000089200000, 0x0000000089200000, 0x0000000089300000|  0%| F|  |TAMS 0x0000000089200000, 0x0000000089200000| Untracked 
| 147|0x0000000089300000, 0x0000000089300000, 0x0000000089400000|  0%| F|  |TAMS 0x0000000089300000, 0x0000000089300000| Untracked 
| 148|0x0000000089400000, 0x0000000089400000, 0x0000000089500000|  0%| F|  |TAMS 0x0000000089400000, 0x0000000089400000| Untracked 
| 149|0x0000000089500000, 0x0000000089500000, 0x0000000089600000|  0%| F|  |TAMS 0x0000000089500000, 0x0000000089500000| Untracked 
| 150|0x0000000089600000, 0x0000000089600000, 0x0000000089700000|  0%| F|  |TAMS 0x0000000089600000, 0x0000000089600000| Untracked 
| 151|0x0000000089700000, 0x0000000089700000, 0x0000000089800000|  0%| F|  |TAMS 0x0000000089700000, 0x0000000089700000| Untracked 
| 152|0x0000000089800000, 0x0000000089800000, 0x0000000089900000|  0%| F|  |TAMS 0x0000000089800000, 0x0000000089800000| Untracked 
| 153|0x0000000089900000, 0x0000000089900000, 0x0000000089a00000|  0%| F|  |TAMS 0x0000000089900000, 0x0000000089900000| Untracked 
| 154|0x0000000089a00000, 0x0000000089a00000, 0x0000000089b00000|  0%| F|  |TAMS 0x0000000089a00000, 0x0000000089a00000| Untracked 
| 155|0x0000000089b00000, 0x0000000089b00000, 0x0000000089c00000|  0%| F|  |TAMS 0x0000000089b00000, 0x0000000089b00000| Untracked 
| 156|0x0000000089c00000, 0x0000000089c00000, 0x0000000089d00000|  0%| F|  |TAMS 0x0000000089c00000, 0x0000000089c00000| Untracked 
| 157|0x0000000089d00000, 0x0000000089d00000, 0x0000000089e00000|  0%| F|  |TAMS 0x0000000089d00000, 0x0000000089d00000| Untracked 
| 158|0x0000000089e00000, 0x0000000089e00000, 0x0000000089f00000|  0%| F|  |TAMS 0x0000000089e00000, 0x0000000089e00000| Untracked 
| 159|0x0000000089f00000, 0x0000000089f00000, 0x000000008a000000|  0%| F|  |TAMS 0x0000000089f00000, 0x0000000089f00000| Untracked 
| 160|0x000000008a000000, 0x000000008a000000, 0x000000008a100000|  0%| F|  |TAMS 0x000000008a000000, 0x000000008a000000| Untracked 
| 161|0x000000008a100000, 0x000000008a100000, 0x000000008a200000|  0%| F|  |TAMS 0x000000008a100000, 0x000000008a100000| Untracked 
| 162|0x000000008a200000, 0x000000008a200000, 0x000000008a300000|  0%| F|  |TAMS 0x000000008a200000, 0x000000008a200000| Untracked 
| 163|0x000000008a300000, 0x000000008a300000, 0x000000008a400000|  0%| F|  |TAMS 0x000000008a300000, 0x000000008a300000| Untracked 
| 164|0x000000008a400000, 0x000000008a400000, 0x000000008a500000|  0%| F|  |TAMS 0x000000008a400000, 0x000000008a400000| Untracked 
| 165|0x000000008a500000, 0x000000008a500000, 0x000000008a600000|  0%| F|  |TAMS 0x000000008a500000, 0x000000008a500000| Untracked 
| 166|0x000000008a600000, 0x000000008a600000, 0x000000008a700000|  0%| F|  |TAMS 0x000000008a600000, 0x000000008a600000| Untracked 
| 167|0x000000008a700000, 0x000000008a700000, 0x000000008a800000|  0%| F|  |TAMS 0x000000008a700000, 0x000000008a700000| Untracked 
| 168|0x000000008a800000, 0x000000008a800000, 0x000000008a900000|  0%| F|  |TAMS 0x000000008a800000, 0x000000008a800000| Untracked 
| 169|0x000000008a900000, 0x000000008a900000, 0x000000008aa00000|  0%| F|  |TAMS 0x000000008a900000, 0x000000008a900000| Untracked 
| 170|0x000000008aa00000, 0x000000008aa00000, 0x000000008ab00000|  0%| F|  |TAMS 0x000000008aa00000, 0x000000008aa00000| Untracked 
| 171|0x000000008ab00000, 0x000000008ab00000, 0x000000008ac00000|  0%| F|  |TAMS 0x000000008ab00000, 0x000000008ab00000| Untracked 
| 172|0x000000008ac00000, 0x000000008ac00000, 0x000000008ad00000|  0%| F|  |TAMS 0x000000008ac00000, 0x000000008ac00000| Untracked 
| 173|0x000000008ad00000, 0x000000008ad00000, 0x000000008ae00000|  0%| F|  |TAMS 0x000000008ad00000, 0x000000008ad00000| Untracked 
| 174|0x000000008ae00000, 0x000000008ae00000, 0x000000008af00000|  0%| F|  |TAMS 0x000000008ae00000, 0x000000008ae00000| Untracked 
| 175|0x000000008af00000, 0x000000008af00000, 0x000000008b000000|  0%| F|  |TAMS 0x000000008af00000, 0x000000008af00000| Untracked 

Card table byte_map: [0x0000017d24ed0000,0x0000017d252d0000] _byte_map_base: 0x0000017d24ad0000

Marking Bits (Prev, Next): (CMBitMap*) 0x0000017d12340e20, (CMBitMap*) 0x0000017d12340de0
 Prev Bits: [0x0000017d276d0000, 0x0000017d296d0000)
 Next Bits: [0x0000017d256d0000, 0x0000017d276d0000)

Polling page: 0x0000017d10290000

Metaspace:

Usage:
  Non-class:     81.34 MB used.
      Class:     12.90 MB used.
       Both:     94.24 MB used.

Virtual space:
  Non-class space:       88.00 MB reserved,      81.62 MB ( 93%) committed,  11 nodes.
      Class space:        1.00 GB reserved,      13.19 MB (  1%) committed,  1 nodes.
             Both:        1.09 GB reserved,      94.81 MB (  9%) committed. 

Chunk freelists:
   Non-Class:  1.94 MB
       Class:  2.79 MB
        Both:  4.72 MB

MaxMetaspaceSize: unlimited
CompressedClassSpaceSize: 1.00 GB
Initial GC threshold: 21.00 MB
Current GC threshold: 145.44 MB
CDS: off
MetaspaceReclaimPolicy: balanced
 - commit_granule_bytes: 65536.
 - commit_granule_words: 8192.
 - virtual_space_node_default_size: 1048576.
 - enlarge_chunks_in_place: 1.
 - new_chunks_are_fully_committed: 0.
 - uncommit_free_chunks: 1.
 - use_allocation_guard: 0.
 - handle_deallocations: 1.


Internal statistics:

num_allocs_failed_limit: 9.
num_arena_births: 906.
num_arena_deaths: 0.
num_vsnodes_births: 12.
num_vsnodes_deaths: 0.
num_space_committed: 1516.
num_space_uncommitted: 0.
num_chunks_returned_to_freelist: 9.
num_chunks_taken_from_freelist: 4462.
num_chunk_merges: 6.
num_chunk_splits: 2940.
num_chunks_enlarged: 1944.
num_purges: 0.
num_inconsistent_stats: 0.

CodeHeap 'non-profiled nmethods': size=120000Kb used=5949Kb max_used=5949Kb free=114050Kb
 bounds [0x0000017d1d270000, 0x0000017d1d840000, 0x0000017d247a0000]
CodeHeap 'profiled nmethods': size=120000Kb used=19739Kb max_used=19739Kb free=100260Kb
 bounds [0x0000017d157a0000, 0x0000017d16af0000, 0x0000017d1ccd0000]
CodeHeap 'non-nmethods': size=5760Kb used=2383Kb max_used=2464Kb free=3376Kb
 bounds [0x0000017d1ccd0000, 0x0000017d1cf40000, 0x0000017d1d270000]
 total_blobs=11000 nmethods=10083 adapters=829
 compilation: enabled
              stopped_count=0, restarted_count=0
 full_count=0

Compilation events (20 events):
Event: 12.957 Thread 0x0000017d2cc5f3d0 11705       3       java.util.concurrent.locks.AbstractQueuedSynchronizer::apparentlyFirstQueuedIsExclusive (38 bytes)
Event: 12.957 Thread 0x0000017d2cc5e930 11712       4       java.util.ImmutableCollections$List12::get (35 bytes)
Event: 12.957 Thread 0x0000017d2cc5f3d0 nmethod 11705 0x0000017d16adfe10 code [0x0000017d16adffc0, 0x0000017d16ae02d8]
Event: 12.957 Thread 0x0000017d2cc5f3d0 11706       3       java.util.concurrent.locks.AbstractQueuedSynchronizer::acquireShared (20 bytes)
Event: 12.958 Thread 0x0000017d2cc5f3d0 nmethod 11706 0x0000017d16ae0390 code [0x0000017d16ae0540, 0x0000017d16ae07b8]
Event: 12.958 Thread 0x0000017d2cc5f3d0 11707       3       java.util.concurrent.locks.ReentrantReadWriteLock$Sync::tryAcquireShared (177 bytes)
Event: 12.958 Thread 0x0000017d2cc5e930 nmethod 11712 0x0000017d1d83f210 code [0x0000017d1d83f380, 0x0000017d1d83f438]
Event: 12.959 Thread 0x0000017d2cc5f3d0 nmethod 11707 0x0000017d16ae0890 code [0x0000017d16ae0ae0, 0x0000017d16ae15e8]
Event: 12.959 Thread 0x0000017d2cc5f3d0 11696       3       com.sun.tools.javac.file.PathFileObject::forJarPath (11 bytes)
Event: 12.959 Thread 0x0000017d2cc5f3d0 nmethod 11696 0x0000017d16ae1990 code [0x0000017d16ae1b40, 0x0000017d16ae1d88]
Event: 12.959 Thread 0x0000017d2cc5f3d0 11714       3       com.sun.tools.javac.jvm.ClassReader::setParameters (334 bytes)
Event: 12.962 Thread 0x0000017d2cc5e930 11716       4       com.sun.tools.javac.util.ListBuffer::append (66 bytes)
Event: 12.963 Thread 0x0000017d2cc5f3d0 nmethod 11714 0x0000017d16ae1e90 code [0x0000017d16ae2360, 0x0000017d16ae52a8]
Event: 12.963 Thread 0x0000017d2cc5f3d0 11717       3       com.sun.tools.javac.jvm.PoolReader::getConstant (12 bytes)
Event: 12.963 Thread 0x0000017d2cc5f3d0 nmethod 11717 0x0000017d16ae6210 code [0x0000017d16ae63c0, 0x0000017d16ae6528]
Event: 12.963 Thread 0x0000017d2cc5f3d0 11722       3       com.sun.tools.javac.jvm.ClassReader::readCompoundAnnotation (117 bytes)
Event: 12.964 Thread 0x0000017d2cc5f3d0 nmethod 11722 0x0000017d16ae6610 code [0x0000017d16ae6920, 0x0000017d16ae7bc8]
Event: 12.964 Thread 0x0000017d2cc5f3d0 11713       3       com.sun.tools.javac.code.Types::isSignaturePolymorphic (111 bytes)
Event: 12.965 Thread 0x0000017d2cc5f3d0 nmethod 11713 0x0000017d16ae8490 code [0x0000017d16ae86a0, 0x0000017d16ae8fd8]
Event: 12.965 Thread 0x0000017d2cc5f3d0 11718       3       com.sun.tools.javac.jvm.ClassReader$3::read (281 bytes)

GC Heap History (20 events):
Event: 7.987 GC heap after
{Heap after GC invocations=19 (full 0):
 garbage-first heap   total 149504K, used 61586K [0x0000000080000000, 0x0000000100000000)
  region size 1024K, 3 young (3072K), 3 survivors (3072K)
 Metaspace       used 72875K, committed 73344K, reserved 1114112K
  class space    used 9929K, committed 10112K, reserved 1048576K
}
Event: 8.741 GC heap before
{Heap before GC invocations=19 (full 0):
 garbage-first heap   total 149504K, used 118930K [0x0000000080000000, 0x0000000100000000)
  region size 1024K, 59 young (60416K), 3 survivors (3072K)
 Metaspace       used 77258K, committed 77760K, reserved 1122304K
  class space    used 10578K, committed 10816K, reserved 1048576K
}
Event: 8.748 GC heap after
{Heap after GC invocations=20 (full 0):
 garbage-first heap   total 149504K, used 64950K [0x0000000080000000, 0x0000000100000000)
  region size 1024K, 6 young (6144K), 6 survivors (6144K)
 Metaspace       used 77258K, committed 77760K, reserved 1122304K
  class space    used 10578K, committed 10816K, reserved 1048576K
}
Event: 9.293 GC heap before
{Heap before GC invocations=20 (full 0):
 garbage-first heap   total 149504K, used 120246K [0x0000000080000000, 0x0000000100000000)
  region size 1024K, 60 young (61440K), 6 survivors (6144K)
 Metaspace       used 82419K, committed 83072K, reserved 1122304K
  class space    used 11324K, committed 11648K, reserved 1048576K
}
Event: 9.299 GC heap after
{Heap after GC invocations=21 (full 0):
 garbage-first heap   total 149504K, used 68016K [0x0000000080000000, 0x0000000100000000)
  region size 1024K, 7 young (7168K), 7 survivors (7168K)
 Metaspace       used 82419K, committed 83072K, reserved 1122304K
  class space    used 11324K, committed 11648K, reserved 1048576K
}
Event: 9.645 GC heap before
{Heap before GC invocations=21 (full 0):
 garbage-first heap   total 149504K, used 121264K [0x0000000080000000, 0x0000000100000000)
  region size 1024K, 59 young (60416K), 7 survivors (7168K)
 Metaspace       used 83568K, committed 84160K, reserved 1122304K
  class space    used 11485K, committed 11776K, reserved 1048576K
}
Event: 9.654 GC heap after
{Heap after GC invocations=22 (full 0):
 garbage-first heap   total 149504K, used 75270K [0x0000000080000000, 0x0000000100000000)
  region size 1024K, 8 young (8192K), 8 survivors (8192K)
 Metaspace       used 83568K, committed 84160K, reserved 1122304K
  class space    used 11485K, committed 11776K, reserved 1048576K
}
Event: 10.152 GC heap before
{Heap before GC invocations=22 (full 0):
 garbage-first heap   total 149504K, used 119302K [0x0000000080000000, 0x0000000100000000)
  region size 1024K, 52 young (53248K), 8 survivors (8192K)
 Metaspace       used 86212K, committed 86848K, reserved 1130496K
  class space    used 12023K, committed 12352K, reserved 1048576K
}
Event: 10.164 GC heap after
{Heap after GC invocations=23 (full 0):
 garbage-first heap   total 180224K, used 81188K [0x0000000080000000, 0x0000000100000000)
  region size 1024K, 6 young (6144K), 6 survivors (6144K)
 Metaspace       used 86212K, committed 86848K, reserved 1130496K
  class space    used 12023K, committed 12352K, reserved 1048576K
}
Event: 10.680 GC heap before
{Heap before GC invocations=24 (full 0):
 garbage-first heap   total 180224K, used 141604K [0x0000000080000000, 0x0000000100000000)
  region size 1024K, 66 young (67584K), 6 survivors (6144K)
 Metaspace       used 86573K, committed 87232K, reserved 1130496K
  class space    used 12029K, committed 12352K, reserved 1048576K
}
Event: 10.686 GC heap after
{Heap after GC invocations=25 (full 0):
 garbage-first heap   total 180224K, used 84919K [0x0000000080000000, 0x0000000100000000)
  region size 1024K, 4 young (4096K), 4 survivors (4096K)
 Metaspace       used 86573K, committed 87232K, reserved 1130496K
  class space    used 12029K, committed 12352K, reserved 1048576K
}
Event: 11.024 GC heap before
{Heap before GC invocations=25 (full 0):
 garbage-first heap   total 180224K, used 144311K [0x0000000080000000, 0x0000000100000000)
  region size 1024K, 63 young (64512K), 4 survivors (4096K)
 Metaspace       used 87143K, committed 87744K, reserved 1130496K
  class space    used 12077K, committed 12352K, reserved 1048576K
}
Event: 11.029 GC heap after
{Heap after GC invocations=26 (full 0):
 garbage-first heap   total 180224K, used 88881K [0x0000000080000000, 0x0000000100000000)
  region size 1024K, 8 young (8192K), 8 survivors (8192K)
 Metaspace       used 87143K, committed 87744K, reserved 1130496K
  class space    used 12077K, committed 12352K, reserved 1048576K
}
Event: 11.330 GC heap before
{Heap before GC invocations=26 (full 0):
 garbage-first heap   total 180224K, used 138033K [0x0000000080000000, 0x0000000100000000)
  region size 1024K, 58 young (59392K), 8 survivors (8192K)
 Metaspace       used 87789K, committed 88448K, reserved 1130496K
  class space    used 12164K, committed 12480K, reserved 1048576K
}
Event: 11.336 GC heap after
{Heap after GC invocations=27 (full 0):
 garbage-first heap   total 180224K, used 92915K [0x0000000080000000, 0x0000000100000000)
  region size 1024K, 9 young (9216K), 9 survivors (9216K)
 Metaspace       used 87789K, committed 88448K, reserved 1130496K
  class space    used 12164K, committed 12480K, reserved 1048576K
}
Event: 12.059 GC heap before
{Heap before GC invocations=28 (full 0):
 garbage-first heap   total 180224K, used 151283K [0x0000000080000000, 0x0000000100000000)
  region size 1024K, 62 young (63488K), 9 survivors (9216K)
 Metaspace       used 92125K, committed 92736K, reserved 1130496K
  class space    used 12718K, committed 12992K, reserved 1048576K
}
Event: 12.071 GC heap after
{Heap after GC invocations=29 (full 0):
 garbage-first heap   total 180224K, used 99213K [0x0000000080000000, 0x0000000100000000)
  region size 1024K, 8 young (8192K), 8 survivors (8192K)
 Metaspace       used 92125K, committed 92736K, reserved 1130496K
  class space    used 12718K, committed 12992K, reserved 1048576K
}
Event: 12.091 GC heap before
{Heap before GC invocations=29 (full 0):
 garbage-first heap   total 180224K, used 100237K [0x0000000080000000, 0x0000000100000000)
  region size 1024K, 9 young (9216K), 8 survivors (8192K)
 Metaspace       used 92447K, committed 93056K, reserved 1130496K
  class space    used 12778K, committed 13056K, reserved 1048576K
}
Event: 12.101 GC heap after
{Heap after GC invocations=30 (full 0):
 garbage-first heap   total 180224K, used 100123K [0x0000000080000000, 0x0000000100000000)
  region size 1024K, 1 young (1024K), 1 survivors (1024K)
 Metaspace       used 92447K, committed 93056K, reserved 1130496K
  class space    used 12778K, committed 13056K, reserved 1048576K
}
Event: 12.966 GC heap before
{Heap before GC invocations=30 (full 0):
 garbage-first heap   total 180224K, used 149275K [0x0000000080000000, 0x0000000100000000)
  region size 1024K, 47 young (48128K), 1 survivors (1024K)
 Metaspace       used 96500K, committed 97088K, reserved 1138688K
  class space    used 13206K, committed 13504K, reserved 1048576K
}

Dll operation events (3 events):
Event: 0.006 Loaded shared library C:\Program Files\Android\Android Studio\jbr\bin\java.dll
Event: 0.097 Loaded shared library C:\Program Files\Android\Android Studio\jbr\bin\zip.dll
Event: 0.319 Loaded shared library C:\Program Files\Android\Android Studio\jbr\bin\verify.dll

Deoptimization events (20 events):
Event: 12.783 Thread 0x0000017d30847f30 Uncommon trap: trap_request=0xffffffc6 fr.pc=0x0000017d1d43ae20 relative=0x00000000000002c0
Event: 12.783 Thread 0x0000017d30847f30 Uncommon trap: reason=bimorphic_or_optimized_type_check action=maybe_recompile pc=0x0000017d1d43ae20 method=java.util.Spliterators$IteratorSpliterator.tryAdvance(Ljava/util/function/Consumer;)Z @ 50 c2
Event: 12.783 Thread 0x0000017d30847f30 DEOPT PACKING pc=0x0000017d1d43ae20 sp=0x00000017ed8f7fc0
Event: 12.783 Thread 0x0000017d30847f30 DEOPT UNPACKING pc=0x0000017d1cd269a3 sp=0x00000017ed8f7f60 mode 2
Event: 12.792 Thread 0x0000017d30847f30 Uncommon trap: trap_request=0xffffffc6 fr.pc=0x0000017d1d43ae20 relative=0x00000000000002c0
Event: 12.792 Thread 0x0000017d30847f30 Uncommon trap: reason=bimorphic_or_optimized_type_check action=maybe_recompile pc=0x0000017d1d43ae20 method=java.util.Spliterators$IteratorSpliterator.tryAdvance(Ljava/util/function/Consumer;)Z @ 50 c2
Event: 12.792 Thread 0x0000017d30847f30 DEOPT PACKING pc=0x0000017d1d43ae20 sp=0x00000017ed8f7fc0
Event: 12.792 Thread 0x0000017d30847f30 DEOPT UNPACKING pc=0x0000017d1cd269a3 sp=0x00000017ed8f7f60 mode 2
Event: 12.792 Thread 0x0000017d30847f30 Uncommon trap: trap_request=0xffffffc6 fr.pc=0x0000017d1d43ae20 relative=0x00000000000002c0
Event: 12.792 Thread 0x0000017d30847f30 Uncommon trap: reason=bimorphic_or_optimized_type_check action=maybe_recompile pc=0x0000017d1d43ae20 method=java.util.Spliterators$IteratorSpliterator.tryAdvance(Ljava/util/function/Consumer;)Z @ 50 c2
Event: 12.792 Thread 0x0000017d30847f30 DEOPT PACKING pc=0x0000017d1d43ae20 sp=0x00000017ed8f7fc0
Event: 12.792 Thread 0x0000017d30847f30 DEOPT UNPACKING pc=0x0000017d1cd269a3 sp=0x00000017ed8f7f60 mode 2
Event: 12.801 Thread 0x0000017d30847f30 Uncommon trap: trap_request=0xffffff45 fr.pc=0x0000017d1d821554 relative=0x0000000000001514
Event: 12.801 Thread 0x0000017d30847f30 Uncommon trap: reason=unstable_if action=reinterpret pc=0x0000017d1d821554 method=java.nio.file.FileTreeWalker.visit(Ljava/nio/file/Path;ZZ)Ljava/nio/file/FileTreeWalker$Event; @ 53 c2
Event: 12.801 Thread 0x0000017d30847f30 DEOPT PACKING pc=0x0000017d1d821554 sp=0x00000017ed8f7880
Event: 12.801 Thread 0x0000017d30847f30 DEOPT UNPACKING pc=0x0000017d1cd269a3 sp=0x00000017ed8f77c8 mode 2
Event: 12.849 Thread 0x0000017d30847f30 Uncommon trap: trap_request=0xffffff45 fr.pc=0x0000017d1d4cdc88 relative=0x0000000000000208
Event: 12.849 Thread 0x0000017d30847f30 Uncommon trap: reason=unstable_if action=reinterpret pc=0x0000017d1d4cdc88 method=com.sun.tools.javac.util.Name$Table.equals([BI[BII)Z @ 22 c2
Event: 12.849 Thread 0x0000017d30847f30 DEOPT PACKING pc=0x0000017d1d4cdc88 sp=0x00000017ed8f76b0
Event: 12.849 Thread 0x0000017d30847f30 DEOPT UNPACKING pc=0x0000017d1cd269a3 sp=0x00000017ed8f7628 mode 2

Classes unloaded (0 events):
No events

Classes redefined (0 events):
No events

Internal exceptions (20 events):
Event: 12.809 Thread 0x0000017d30847f30 Exception <a 'sun/nio/fs/WindowsException'{0x00000000886854b0}> (0x00000000886854b0) 
thrown [s\src\hotspot\share\prims\jni.cpp, line 517]
Event: 12.812 Thread 0x0000017d30847f30 Exception <a 'sun/nio/fs/WindowsException'{0x0000000088690200}> (0x0000000088690200) 
thrown [s\src\hotspot\share\prims\jni.cpp, line 517]
Event: 12.815 Thread 0x0000017d30847f30 Exception <a 'sun/nio/fs/WindowsException'{0x000000008869ebd0}> (0x000000008869ebd0) 
thrown [s\src\hotspot\share\prims\jni.cpp, line 517]
Event: 12.821 Thread 0x0000017d30847f30 Exception <a 'sun/nio/fs/WindowsException'{0x00000000886c63b8}> (0x00000000886c63b8) 
thrown [s\src\hotspot\share\prims\jni.cpp, line 517]
Event: 12.821 Thread 0x0000017d30847f30 Exception <a 'sun/nio/fs/WindowsException'{0x00000000886c6778}> (0x00000000886c6778) 
thrown [s\src\hotspot\share\prims\jni.cpp, line 517]
Event: 12.839 Thread 0x0000017d30847f30 Exception <a 'java/lang/NoSuchMethodError'{0x00000000886e4448}: 'java.lang.Object java.lang.invoke.DirectMethodHandle$Holder.invokeStatic(java.lang.Object, java.lang.Object, int, int)'> (0x00000000886e4448) 
thrown [s\src\hotspot\share\interpreter\linkResolver.cpp, line 771]
Event: 12.840 Thread 0x0000017d30847f30 Exception <a 'java/lang/NoSuchMethodError'{0x00000000886f09f0}: 'java.lang.Object java.lang.invoke.DirectMethodHandle$Holder.invokeVirtual(java.lang.Object, java.lang.Object, int)'> (0x00000000886f09f0) 
thrown [s\src\hotspot\share\interpreter\linkResolver.cpp, line 771]
Event: 12.842 Thread 0x0000017d30847f30 Exception <a 'java/lang/NoSuchMethodError'{0x00000000885008a0}: 'java.lang.Object java.lang.invoke.DirectMethodHandle$Holder.invokeVirtual(java.lang.Object, java.lang.Object, java.lang.Object, int, int)'> (0x00000000885008a0) 
thrown [s\src\hotspot\share\interpreter\linkResolver.cpp, line 771]
Event: 12.849 Thread 0x0000017d30847f30 Exception <a 'sun/nio/fs/WindowsException'{0x00000000885a23a8}> (0x00000000885a23a8) 
thrown [s\src\hotspot\share\prims\jni.cpp, line 517]
Event: 12.849 Thread 0x0000017d30847f30 Exception <a 'sun/nio/fs/WindowsException'{0x00000000885a2780}> (0x00000000885a2780) 
thrown [s\src\hotspot\share\prims\jni.cpp, line 517]
Event: 12.909 Thread 0x0000017d30847f30 Exception <a 'sun/nio/fs/WindowsException'{0x0000000088490458}> (0x0000000088490458) 
thrown [s\src\hotspot\share\prims\jni.cpp, line 517]
Event: 12.909 Thread 0x0000017d30847f30 Exception <a 'sun/nio/fs/WindowsException'{0x0000000088490848}> (0x0000000088490848) 
thrown [s\src\hotspot\share\prims\jni.cpp, line 517]
Event: 12.935 Thread 0x0000017d30847f30 Exception <a 'sun/nio/fs/WindowsException'{0x0000000088387550}> (0x0000000088387550) 
thrown [s\src\hotspot\share\prims\jni.cpp, line 517]
Event: 12.935 Thread 0x0000017d30847f30 Exception <a 'sun/nio/fs/WindowsException'{0x0000000088387950}> (0x0000000088387950) 
thrown [s\src\hotspot\share\prims\jni.cpp, line 517]
Event: 12.948 Thread 0x0000017d30847f30 Exception <a 'sun/nio/fs/WindowsException'{0x000000008822b940}> (0x000000008822b940) 
thrown [s\src\hotspot\share\prims\jni.cpp, line 517]
Event: 12.948 Thread 0x0000017d30847f30 Exception <a 'sun/nio/fs/WindowsException'{0x000000008822bd18}> (0x000000008822bd18) 
thrown [s\src\hotspot\share\prims\jni.cpp, line 517]
Event: 12.953 Thread 0x0000017d30847f30 Exception <a 'sun/nio/fs/WindowsException'{0x0000000088270748}> (0x0000000088270748) 
thrown [s\src\hotspot\share\prims\jni.cpp, line 517]
Event: 12.953 Thread 0x0000017d30847f30 Exception <a 'sun/nio/fs/WindowsException'{0x0000000088270b28}> (0x0000000088270b28) 
thrown [s\src\hotspot\share\prims\jni.cpp, line 517]
Event: 12.958 Thread 0x0000017d30847f30 Exception <a 'sun/nio/fs/WindowsException'{0x0000000088115138}> (0x0000000088115138) 
thrown [s\src\hotspot\share\prims\jni.cpp, line 517]
Event: 12.958 Thread 0x0000017d30847f30 Exception <a 'sun/nio/fs/WindowsException'{0x0000000088115518}> (0x0000000088115518) 
thrown [s\src\hotspot\share\prims\jni.cpp, line 517]

VM Operations (20 events):
Event: 11.337 Executing VM operation: G1TryInitiateConcMark done
Event: 11.395 Executing VM operation: G1Concurrent
Event: 11.398 Executing VM operation: G1Concurrent done
Event: 11.421 Executing VM operation: HandshakeAllThreads
Event: 11.421 Executing VM operation: HandshakeAllThreads done
Event: 11.422 Executing VM operation: HandshakeAllThreads
Event: 11.423 Executing VM operation: HandshakeAllThreads done
Event: 11.431 Executing VM operation: G1Concurrent
Event: 11.431 Executing VM operation: G1Concurrent done
Event: 11.693 Executing VM operation: HandshakeAllThreads
Event: 11.693 Executing VM operation: HandshakeAllThreads done
Event: 11.790 Executing VM operation: HandshakeAllThreads
Event: 11.790 Executing VM operation: HandshakeAllThreads done
Event: 12.059 Executing VM operation: G1CollectForAllocation
Event: 12.071 Executing VM operation: G1CollectForAllocation done
Event: 12.091 Executing VM operation: G1CollectForAllocation
Event: 12.101 Executing VM operation: G1CollectForAllocation done
Event: 12.951 Executing VM operation: ICBufferFull
Event: 12.952 Executing VM operation: ICBufferFull done
Event: 12.966 Executing VM operation: G1CollectForAllocation

Events (20 events):
Event: 11.708 loading class java/util/JumboEnumSet$EnumSetIterator
Event: 11.709 loading class java/util/JumboEnumSet$EnumSetIterator done
Event: 11.718 loading class java/util/ResourceBundle$KeyElementReference
Event: 11.718 loading class java/util/ResourceBundle$CacheKeyReference
Event: 11.718 loading class java/util/ResourceBundle$CacheKeyReference done
Event: 11.718 loading class java/util/ResourceBundle$KeyElementReference done
Event: 11.718 loading class java/util/ResourceBundle$3
Event: 11.718 loading class java/util/ResourceBundle$3 done
Event: 11.725 loading class java/util/ResourceBundle$BundleReference
Event: 11.725 loading class java/util/ResourceBundle$BundleReference done
Event: 11.740 loading class jdk/internal/access/foreign/MemorySegmentProxy
Event: 11.740 loading class jdk/internal/access/foreign/MemorySegmentProxy done
Event: 11.778 loading class java/util/ServiceLoader$ProviderSpliterator
Event: 11.778 loading class java/util/ServiceLoader$ProviderSpliterator done
Event: 12.775 loading class java/util/ImmutableCollections$Access
Event: 12.775 loading class java/util/ImmutableCollections$Access done
Event: 12.775 loading class java/util/ImmutableCollections$Access$1
Event: 12.775 loading class jdk/internal/access/JavaUtilCollectionAccess
Event: 12.775 loading class jdk/internal/access/JavaUtilCollectionAccess done
Event: 12.775 loading class java/util/ImmutableCollections$Access$1 done


Dynamic libraries:
0x00007ff6cd8e0000 - 0x00007ff6cd8ea000 	C:\Program Files\Android\Android Studio\jbr\bin\java.exe
0x00007ff8cd950000 - 0x00007ff8cdb67000 	C:\WINDOWS\SYSTEM32\ntdll.dll
0x00007ff8cc990000 - 0x00007ff8cca54000 	C:\WINDOWS\System32\KERNEL32.DLL
0x00007ff8cb1c0000 - 0x00007ff8cb579000 	C:\WINDOWS\System32\KERNELBASE.dll
0x00007ff8cad40000 - 0x00007ff8cae51000 	C:\WINDOWS\System32\ucrtbase.dll
0x00007ff8a5300000 - 0x00007ff8a5317000 	C:\Program Files\Android\Android Studio\jbr\bin\jli.dll
0x00007ff8c6970000 - 0x00007ff8c698b000 	C:\Program Files\Android\Android Studio\jbr\bin\VCRUNTIME140.dll
0x00007ff8cce30000 - 0x00007ff8ccfde000 	C:\WINDOWS\System32\USER32.dll
0x00007ff8cb580000 - 0x00007ff8cb5a6000 	C:\WINDOWS\System32\win32u.dll
0x00007ff8b86a0000 - 0x00007ff8b8932000 	C:\WINDOWS\WinSxS\amd64_microsoft.windows.common-controls_6595b64144ccf1df_6.0.22621.4391_none_2715d37f73803e96\COMCTL32.dll
0x00007ff8ccd00000 - 0x00007ff8ccda7000 	C:\WINDOWS\System32\msvcrt.dll
0x00007ff8cc230000 - 0x00007ff8cc259000 	C:\WINDOWS\System32\GDI32.dll
0x00007ff8cb070000 - 0x00007ff8cb18b000 	C:\WINDOWS\System32\gdi32full.dll
0x00007ff8cae60000 - 0x00007ff8caefa000 	C:\WINDOWS\System32\msvcp_win.dll
0x00007ff8cc160000 - 0x00007ff8cc191000 	C:\WINDOWS\System32\IMM32.DLL
0x00007ff8c6680000 - 0x00007ff8c668c000 	C:\Program Files\Android\Android Studio\jbr\bin\vcruntime140_1.dll
0x00007ff8a62d0000 - 0x00007ff8a635d000 	C:\Program Files\Android\Android Studio\jbr\bin\msvcp140.dll
0x00007ff87a510000 - 0x00007ff87b17e000 	C:\Program Files\Android\Android Studio\jbr\bin\server\jvm.dll
0x00007ff8cc670000 - 0x00007ff8cc722000 	C:\WINDOWS\System32\ADVAPI32.dll
0x00007ff8cbb50000 - 0x00007ff8cbbf7000 	C:\WINDOWS\System32\sechost.dll
0x00007ff8cb190000 - 0x00007ff8cb1b8000 	C:\WINDOWS\System32\bcrypt.dll
0x00007ff8cc430000 - 0x00007ff8cc544000 	C:\WINDOWS\System32\RPCRT4.dll
0x00007ff8aad90000 - 0x00007ff8aad99000 	C:\WINDOWS\SYSTEM32\WSOCK32.dll
0x00007ff8c5cf0000 - 0x00007ff8c5d24000 	C:\WINDOWS\SYSTEM32\WINMM.dll
0x00007ff8c5c70000 - 0x00007ff8c5c7a000 	C:\WINDOWS\SYSTEM32\VERSION.dll
0x00007ff8cc730000 - 0x00007ff8cc7a1000 	C:\WINDOWS\System32\WS2_32.dll
0x00007ff8c9d40000 - 0x00007ff8c9d58000 	C:\WINDOWS\SYSTEM32\kernel.appcore.dll
0x00007ff8aaa20000 - 0x00007ff8aaa2a000 	C:\Program Files\Android\Android Studio\jbr\bin\jimage.dll
0x00007ff8c4290000 - 0x00007ff8c44c2000 	C:\WINDOWS\SYSTEM32\DBGHELP.DLL
0x00007ff8cbd80000 - 0x00007ff8cc10f000 	C:\WINDOWS\System32\combase.dll
0x00007ff8ccc10000 - 0x00007ff8ccce7000 	C:\WINDOWS\System32\OLEAUT32.dll
0x00007ff8a7180000 - 0x00007ff8a71b2000 	C:\WINDOWS\SYSTEM32\dbgcore.DLL
0x00007ff8cac50000 - 0x00007ff8caccb000 	C:\WINDOWS\System32\bcryptPrimitives.dll
0x00007ff8a5d20000 - 0x00007ff8a5d2e000 	C:\Program Files\Android\Android Studio\jbr\bin\instrument.dll
0x00007ff8a68c0000 - 0x00007ff8a68e5000 	C:\Program Files\Android\Android Studio\jbr\bin\java.dll
0x00007ff8a6280000 - 0x00007ff8a6298000 	C:\Program Files\Android\Android Studio\jbr\bin\zip.dll
0x00007ff8cd090000 - 0x00007ff8cd906000 	C:\WINDOWS\System32\SHELL32.dll
0x00007ff8c8b10000 - 0x00007ff8c9413000 	C:\WINDOWS\SYSTEM32\windows.storage.dll
0x00007ff8c89d0000 - 0x00007ff8c8b0f000 	C:\WINDOWS\SYSTEM32\wintypes.dll
0x00007ff8cc550000 - 0x00007ff8cc649000 	C:\WINDOWS\System32\SHCORE.dll
0x00007ff8cc810000 - 0x00007ff8cc86e000 	C:\WINDOWS\System32\shlwapi.dll
0x00007ff8cab80000 - 0x00007ff8cabab000 	C:\WINDOWS\SYSTEM32\profapi.dll
0x00007ff8a5ec0000 - 0x00007ff8a5ed9000 	C:\Program Files\Android\Android Studio\jbr\bin\net.dll
0x00007ff8c4ac0000 - 0x00007ff8c4bf6000 	C:\WINDOWS\SYSTEM32\WINHTTP.dll
0x00007ff8ca1c0000 - 0x00007ff8ca229000 	C:\WINDOWS\system32\mswsock.dll
0x00007ff8a5d30000 - 0x00007ff8a5d46000 	C:\Program Files\Android\Android Studio\jbr\bin\nio.dll
0x00007ff8a7140000 - 0x00007ff8a7150000 	C:\Program Files\Android\Android Studio\jbr\bin\verify.dll
0x00007ff8c5980000 - 0x00007ff8c59a7000 	C:\Users\scher\.gradle\native\68d5fa5c4cc2d200863cafc0d521ce42e7d3e7ee720ec0a83991735586a16f82\windows-amd64\native-platform.dll
0x00007ff8a20d0000 - 0x00007ff8a2214000 	C:\Users\scher\.gradle\native\e376f236ea51e6404a007f0833ffe2c6e607c4080706a723a18a27aeea778392\windows-amd64\native-platform-file-events.dll
0x00007ff8a6e10000 - 0x00007ff8a6e19000 	C:\Program Files\Android\Android Studio\jbr\bin\management.dll
0x00007ff8a6cc0000 - 0x00007ff8a6ccb000 	C:\Program Files\Android\Android Studio\jbr\bin\management_ext.dll
0x00007ff8cccf0000 - 0x00007ff8cccf8000 	C:\WINDOWS\System32\PSAPI.DLL
0x00007ff8ca3f0000 - 0x00007ff8ca40b000 	C:\WINDOWS\SYSTEM32\CRYPTSP.dll
0x00007ff8c9ca0000 - 0x00007ff8c9cd5000 	C:\WINDOWS\system32\rsaenh.dll
0x00007ff8ca280000 - 0x00007ff8ca2a8000 	C:\WINDOWS\SYSTEM32\USERENV.dll
0x00007ff8ca410000 - 0x00007ff8ca41c000 	C:\WINDOWS\SYSTEM32\CRYPTBASE.dll
0x00007ff8c96c0000 - 0x00007ff8c96ed000 	C:\WINDOWS\SYSTEM32\IPHLPAPI.DLL
0x00007ff8cc870000 - 0x00007ff8cc879000 	C:\WINDOWS\System32\NSI.dll
0x00007ff8c5090000 - 0x00007ff8c50a9000 	C:\WINDOWS\SYSTEM32\dhcpcsvc6.DLL
0x00007ff8c35b0000 - 0x00007ff8c35cf000 	C:\WINDOWS\SYSTEM32\dhcpcsvc.DLL
0x00007ff8c9740000 - 0x00007ff8c9842000 	C:\WINDOWS\SYSTEM32\DNSAPI.dll
0x00007ff8a5eb0000 - 0x00007ff8a5eb8000 	C:\WINDOWS\system32\wshunix.dll

dbghelp: loaded successfully - version: 4.0.5 - missing functions: none
symbol engine: initialized successfully - sym options: 0x614 - pdb path: .;C:\Program Files\Android\Android Studio\jbr\bin;C:\WINDOWS\SYSTEM32;C:\WINDOWS\WinSxS\amd64_microsoft.windows.common-controls_6595b64144ccf1df_6.0.22621.4391_none_2715d37f73803e96;C:\Program Files\Android\Android Studio\jbr\bin\server;C:\Users\scher\.gradle\native\68d5fa5c4cc2d200863cafc0d521ce42e7d3e7ee720ec0a83991735586a16f82\windows-amd64;C:\Users\scher\.gradle\native\e376f236ea51e6404a007f0833ffe2c6e607c4080706a723a18a27aeea778392\windows-amd64

VM Arguments:
jvm_args: --add-opens=java.base/java.util=ALL-UNNAMED --add-opens=java.base/java.lang=ALL-UNNAMED --add-opens=java.base/java.lang.invoke=ALL-UNNAMED --add-opens=java.prefs/java.util.prefs=ALL-UNNAMED --add-opens=java.base/java.nio.charset=ALL-UNNAMED --add-opens=java.base/java.net=ALL-UNNAMED --add-opens=java.base/java.util.concurrent.atomic=ALL-UNNAMED -Xmx2048m -Dfile.encoding=UTF-8 -Duser.country=BR -Duser.language=pt -Duser.variant -javaagent:C:\Users\scher\.gradle\wrapper\dists\gradle-8.1-bin\2eyty4r6kz6fpakefpk52nbbm\gradle-8.1\lib\agents\gradle-instrumentation-agent-8.1.jar 
java_command: org.gradle.launcher.daemon.bootstrap.GradleDaemon 8.1
java_class_path (initial): C:\Users\scher\.gradle\wrapper\dists\gradle-8.1-bin\2eyty4r6kz6fpakefpk52nbbm\gradle-8.1\lib\gradle-launcher-8.1.jar
Launcher Type: SUN_STANDARD

[Global flags]
     intx CICompilerCount                          = 4                                         {product} {ergonomic}
     uint ConcGCThreads                            = 2                                         {product} {ergonomic}
     uint G1ConcRefinementThreads                  = 8                                         {product} {ergonomic}
   size_t G1HeapRegionSize                         = 1048576                                   {product} {ergonomic}
    uintx GCDrainStackTargetSize                   = 64                                        {product} {ergonomic}
   size_t InitialHeapSize                          = 134217728                                 {product} {ergonomic}
   size_t MarkStackSize                            = 4194304                                   {product} {ergonomic}
   size_t MaxHeapSize                              = 2147483648                                {product} {command line}
   size_t MaxNewSize                               = 1287651328                                {product} {ergonomic}
   size_t MinHeapDeltaBytes                        = 1048576                                   {product} {ergonomic}
   size_t MinHeapSize                              = 8388608                                   {product} {ergonomic}
    uintx NonNMethodCodeHeapSize                   = 5839372                                {pd product} {ergonomic}
    uintx NonProfiledCodeHeapSize                  = 122909434                              {pd product} {ergonomic}
    uintx ProfiledCodeHeapSize                     = 122909434                              {pd product} {ergonomic}
    uintx ReservedCodeCacheSize                    = 251658240                              {pd product} {ergonomic}
     bool SegmentedCodeCache                       = true                                      {product} {ergonomic}
   size_t SoftMaxHeapSize                          = 2147483648                             {manageable} {ergonomic}
     bool UseCompressedClassPointers               = true                           {product lp64_product} {ergonomic}
     bool UseCompressedOops                        = true                           {product lp64_product} {ergonomic}
     bool UseG1GC                                  = true                                      {product} {ergonomic}
     bool UseLargePagesIndividualAllocation        = false                                  {pd product} {ergonomic}

Logging:
Log output configuration:
 #0: stdout all=warning uptime,level,tags
 #1: stderr all=off uptime,level,tags

Environment Variables:
PATH=C:\Program Files\Common Files\Oracle\Java\javapath;C:\Program Files (x86)\Embarcadero\Studio\22.0\bin;C:\Users\Public\Documents\Embarcadero\Studio\22.0\Bpl;C:\Program Files (x86)\Embarcadero\Studio\22.0\bin64;C:\Users\Public\Documents\Embarcadero\Studio\22.0\Bpl\Win64;C:\Program Files (x86)\Embarcadero\Studio\21.0\bin;C:\Users\Public\Documents\Embarcadero\Studio\21.0\Bpl;C:\Program Files (x86)\Embarcadero\Studio\21.0\bin64;C:\Users\Public\Documents\Embarcadero\Studio\21.0\Bpl\Win64;C:\Windows\system32;C:\Windows;C:\Windows\System32\Wbem;C:\Windows\System32\WindowsPowerShell\v1.0\;C:\Windows\System32\OpenSSH\;C:\Program Files (x86)\NVIDIA Corporation\PhysX\Common;C:\Program Files\NVIDIA Corporation\NVIDIA NvDLISR;C:\WINDOWS\system32;C:\WINDOWS;C:\WINDOWS\System32\Wbem;C:\WINDOWS\System32\WindowsPowerShell\v1.0\;C:\WINDOWS\System32\OpenSSH\;C:\Program Files\dotnet\;C:\Program Files (x86)\Windows Kits\10\Windows Performance Toolkit\;C:\Program Files\Git\cmd;C:\Users\scher\AppData\Local\Microsoft\WindowsApps;;C:\Users\scher\AppData\Local\Programs\Microsoft VS Code\bin
USERNAME=scher
OS=Windows_NT
PROCESSOR_IDENTIFIER=Intel64 Family 6 Model 142 Stepping 12, GenuineIntel
TMP=C:\Users\scher\AppData\Local\Temp
TEMP=C:\Users\scher\AppData\Local\Temp


JNI global refs:
JNI global refs: 29, weak refs: 22

JNI global refs memory usage: 843, weak refs: 841


---------------  S Y S T E M  ---------------

OS:
 Windows 11 , 64 bit Build 22621 (10.0.22621.4391)
OS uptime: 0 days 4:40 hours
Hyper-V role detected

CPU: total 8 (initial active 8) (4 cores per cpu, 2 threads per core) family 6 model 142 stepping 12 microcode 0xea, cx8, cmov, fxsr, ht, mmx, 3dnowpref, sse, sse2, sse3, ssse3, sse4.1, sse4.2, popcnt, lzcnt, tsc, tscinvbit, avx, avx2, aes, erms, clmul, bmi1, bmi2, adx, fma, vzeroupper, clflush, clflushopt, hv

Memory: 4k page, system-wide physical 8072M (454M free)
TotalPageFile size 10120M (AvailPageFile size 110M)
current process WorkingSet (physical memory assigned to process): 439M, peak: 440M
current process commit charge ("private bytes"): 470M, peak: 646M

vm_info: OpenJDK 64-Bit Server VM (17.0.6+0-b2043.56-10027231) for windows-amd64 JRE (17.0.6+0-b2043.56-10027231), built on Apr 28 2023 00:43:19 by "androidbuild" with MS VC++ 16.10 / 16.11 (VS2019)

END.
