#
# There is insufficient memory for the Java Runtime Environment to continue.
# Native memory allocation (malloc) failed to allocate 1998672 bytes for Chunk::new
# Possible reasons:
#   The system is out of physical RAM or swap space
#   The process is running with CompressedOops enabled, and the Java Heap may be blocking the growth of the native heap
# Possible solutions:
#   Reduce memory load on the system
#   Increase physical memory or swap space
#   Check if swap backing store is full
#   Decrease Java heap size (-Xmx/-Xms)
#   Decrease number of Java threads
#   Decrease Java thread stack sizes (-Xss)
#   Set larger code cache with -XX:ReservedCodeCacheSize=
#   JVM is running with Unscaled Compressed Oops mode in which the Java heap is
#     placed in the first 4GB address space. The Java Heap base address is the
#     maximum limit for the native heap growth. Please use -XX:HeapBaseMinAddress
#     to set the Java Heap base and to place the Java Heap above 4GB virtual address.
# This output file may be truncated or incomplete.
#
#  Out of Memory Error (arena.cpp:189), pid=1480, tid=7068
#
# JRE version: OpenJDK Runtime Environment (17.0.6) (build 17.0.6+0-b2043.56-10027231)
# Java VM: OpenJDK 64-Bit Server VM (17.0.6+0-b2043.56-10027231, mixed mode, tiered, compressed oops, compressed class ptrs, g1 gc, windows-amd64)
# No core dump will be written. Minidumps are not enabled by default on client versions of Windows
#

---------------  S U M M A R Y ------------

Command Line: --add-opens=java.base/java.util=ALL-UNNAMED --add-opens=java.base/java.lang=ALL-UNNAMED --add-opens=java.base/java.lang.invoke=ALL-UNNAMED --add-opens=java.prefs/java.util.prefs=ALL-UNNAMED --add-opens=java.base/java.nio.charset=ALL-UNNAMED --add-opens=java.base/java.net=ALL-UNNAMED --add-opens=java.base/java.util.concurrent.atomic=ALL-UNNAMED -Xmx2048m -Dfile.encoding=UTF-8 -Duser.country=BR -Duser.language=pt -Duser.variant org.gradle.launcher.daemon.bootstrap.GradleDaemon 8.0

Host: Intel(R) Core(TM) i7-8565U CPU @ 1.80GHz, 8 cores, 7G,  Windows 11 , 64 bit Build 22621 (10.0.22621.3958)
Time: Wed Sep  4 01:25:36 2024 Hora oficial do Brasil elapsed time: 9.863069 seconds (0d 0h 0m 9s)

---------------  T H R E A D  ---------------

Current thread (0x000001858587c3d0):  JavaThread "C2 CompilerThread1" daemon [_thread_in_native, id=7068, stack(0x0000000eea800000,0x0000000eea900000)]


Current CompileTask:
C2:   9863 3968       4       java.lang.invoke.MethodType::makeImpl (109 bytes)

Stack: [0x0000000eea800000,0x0000000eea900000]
Native frames: (J=compiled Java code, j=interpreted, Vv=VM code, C=native code)
V  [jvm.dll+0x683c9a]
V  [jvm.dll+0x8427a4]
V  [jvm.dll+0x843f9e]
V  [jvm.dll+0x844603]
V  [jvm.dll+0x249b75]
V  [jvm.dll+0xabcac]
V  [jvm.dll+0xac27c]
V  [jvm.dll+0x368857]
V  [jvm.dll+0x332f31]
V  [jvm.dll+0x3323da]
V  [jvm.dll+0x21c201]
V  [jvm.dll+0x21b621]
V  [jvm.dll+0x1a4fdd]
V  [jvm.dll+0x22b098]
V  [jvm.dll+0x229159]
V  [jvm.dll+0x7f81ec]
V  [jvm.dll+0x7f274a]
V  [jvm.dll+0x682ad5]
C  [ucrtbase.dll+0x29333]
C  [KERNEL32.DLL+0x1257d]
C  [ntdll.dll+0x5af28]


---------------  P R O C E S S  ---------------

Threads class SMR info:
_java_thread_list=0x0000018586eb10b0, length=40, elements={
0x00000185e7f30f60, 0x0000018582813260, 0x00000185828140d0, 0x00000185ffd9a730,
0x00000185ffd9b2e0, 0x00000185ffd9dda0, 0x00000185ffd9e750, 0x0000018582833730,
0x0000018582834c40, 0x0000018582857e00, 0x00000185829af540, 0x00000185829b1a20,
0x00000185843254c0, 0x0000018584fd1870, 0x0000018584dec6e0, 0x0000018585717060,
0x0000018585717530, 0x00000185835dd900, 0x0000018585714880, 0x0000018584f6afc0,
0x000001858357dc70, 0x00000185854c63e0, 0x00000185854c7bf0, 0x00000185854c4bd0,
0x00000185854c80c0, 0x000001858587c3d0, 0x00000185854c5a40, 0x00000185854c6d80,
0x00000185854c5570, 0x00000185854c50a0, 0x00000185854c4700, 0x00000185854c7720,
0x00000185854c68b0, 0x00000185854c5f10, 0x00000185854c7250, 0x00000185878dac20,
0x00000185878da750, 0x00000185878db5c0, 0x00000185878d7c00, 0x000001858587af90
}

Java Threads: ( => current thread )
  0x00000185e7f30f60 JavaThread "main" [_thread_blocked, id=2188, stack(0x0000000ee8000000,0x0000000ee8100000)]
  0x0000018582813260 JavaThread "Reference Handler" daemon [_thread_blocked, id=9080, stack(0x0000000ee8700000,0x0000000ee8800000)]
  0x00000185828140d0 JavaThread "Finalizer" daemon [_thread_blocked, id=14452, stack(0x0000000ee8800000,0x0000000ee8900000)]
  0x00000185ffd9a730 JavaThread "Signal Dispatcher" daemon [_thread_blocked, id=13376, stack(0x0000000ee8900000,0x0000000ee8a00000)]
  0x00000185ffd9b2e0 JavaThread "Attach Listener" daemon [_thread_blocked, id=8288, stack(0x0000000ee8a00000,0x0000000ee8b00000)]
  0x00000185ffd9dda0 JavaThread "Service Thread" daemon [_thread_blocked, id=7760, stack(0x0000000ee8b00000,0x0000000ee8c00000)]
  0x00000185ffd9e750 JavaThread "Monitor Deflation Thread" daemon [_thread_blocked, id=14400, stack(0x0000000ee8c00000,0x0000000ee8d00000)]
  0x0000018582833730 JavaThread "C2 CompilerThread0" daemon [_thread_in_native, id=15284, stack(0x0000000ee8d00000,0x0000000ee8e00000)]
  0x0000018582834c40 JavaThread "C1 CompilerThread0" daemon [_thread_in_native, id=13604, stack(0x0000000ee8e00000,0x0000000ee8f00000)]
  0x0000018582857e00 JavaThread "Sweeper thread" daemon [_thread_blocked, id=8532, stack(0x0000000ee8f00000,0x0000000ee9000000)]
  0x00000185829af540 JavaThread "Common-Cleaner" daemon [_thread_blocked, id=14780, stack(0x0000000ee9000000,0x0000000ee9100000)]
  0x00000185829b1a20 JavaThread "Notification Thread" daemon [_thread_blocked, id=9704, stack(0x0000000ee9100000,0x0000000ee9200000)]
  0x00000185843254c0 JavaThread "Daemon health stats" [_thread_blocked, id=6412, stack(0x0000000ee9900000,0x0000000ee9a00000)]
  0x0000018584fd1870 JavaThread "Incoming local TCP Connector on port 51401" [_thread_in_native, id=8720, stack(0x0000000ee9800000,0x0000000ee9900000)]
  0x0000018584dec6e0 JavaThread "Daemon periodic checks" [_thread_blocked, id=8024, stack(0x0000000ee9a00000,0x0000000ee9b00000)]
  0x0000018585717060 JavaThread "Daemon" [_thread_blocked, id=5576, stack(0x0000000ee9b00000,0x0000000ee9c00000)]
  0x0000018585717530 JavaThread "Handler for socket connection from /127.0.0.1:51401 to /127.0.0.1:51402" [_thread_in_native, id=12072, stack(0x0000000ee9c00000,0x0000000ee9d00000)]
  0x00000185835dd900 JavaThread "Cancel handler" [_thread_blocked, id=5264, stack(0x0000000ee9d00000,0x0000000ee9e00000)]
  0x0000018585714880 JavaThread "Daemon worker" [_thread_in_native, id=9928, stack(0x0000000ee9e00000,0x0000000ee9f00000)]
  0x0000018584f6afc0 JavaThread "Asynchronous log dispatcher for DefaultDaemonConnection: socket connection from /127.0.0.1:51401 to /127.0.0.1:51402" [_thread_blocked, id=12292, stack(0x0000000ee9f00000,0x0000000eea000000)]
  0x000001858357dc70 JavaThread "Stdin handler" [_thread_blocked, id=12584, stack(0x0000000eea000000,0x0000000eea100000)]
  0x00000185854c63e0 JavaThread "Daemon client event forwarder" [_thread_blocked, id=6840, stack(0x0000000eea100000,0x0000000eea200000)]
  0x00000185854c7bf0 JavaThread "Cache worker for journal cache (C:\Users\scher\.gradle\caches\journal-1)" [_thread_blocked, id=12712, stack(0x0000000eea500000,0x0000000eea600000)]
  0x00000185854c4bd0 JavaThread "File lock request listener" [_thread_in_native, id=12400, stack(0x0000000eea600000,0x0000000eea700000)]
  0x00000185854c80c0 JavaThread "Cache worker for file hash cache (C:\Users\scher\.gradle\caches\8.0\fileHashes)" [_thread_blocked, id=13140, stack(0x0000000eea700000,0x0000000eea800000)]
=>0x000001858587c3d0 JavaThread "C2 CompilerThread1" daemon [_thread_in_native, id=7068, stack(0x0000000eea800000,0x0000000eea900000)]
  0x00000185854c5a40 JavaThread "File watcher server" daemon [_thread_in_native, id=1240, stack(0x0000000eeaa00000,0x0000000eeab00000)]
  0x00000185854c6d80 JavaThread "File watcher consumer" daemon [_thread_blocked, id=14980, stack(0x0000000eeab00000,0x0000000eeac00000)]
  0x00000185854c5570 JavaThread "Cache worker for checksums cache (C:\Users\scher\Documents\PROJETOS ANDROID\RECICLAAI\.gradle\8.0\checksums)" [_thread_blocked, id=14364, stack(0x0000000eeac00000,0x0000000eead00000)]
  0x00000185854c50a0 JavaThread "Cache worker for cache directory md-rule (C:\Users\scher\.gradle\caches\8.0\md-rule)" [_thread_blocked, id=3404, stack(0x0000000eead00000,0x0000000eeae00000)]
  0x00000185854c4700 JavaThread "Cache worker for file content cache (C:\Users\scher\.gradle\caches\8.0\fileContent)" [_thread_blocked, id=2676, stack(0x0000000eeae00000,0x0000000eeaf00000)]
  0x00000185854c7720 JavaThread "Cache worker for file hash cache (C:\Users\scher\Documents\PROJETOS ANDROID\RECICLAAI\.gradle\8.0\fileHashes)" [_thread_blocked, id=13728, stack(0x0000000eeaf00000,0x0000000eeb000000)]
  0x00000185854c68b0 JavaThread "Cache worker for cache directory md-supplier (C:\Users\scher\.gradle\caches\8.0\md-supplier)" [_thread_blocked, id=8548, stack(0x0000000eeb000000,0x0000000eeb100000)]
  0x00000185854c5f10 JavaThread "Cache worker for execution history cache (C:\Users\scher\.gradle\caches\8.0\executionHistory)" [_thread_blocked, id=5636, stack(0x0000000eeb100000,0x0000000eeb200000)]
  0x00000185854c7250 JavaThread "jar transforms" [_thread_blocked, id=15248, stack(0x0000000eea900000,0x0000000eeaa00000)]
  0x00000185878dac20 JavaThread "jar transforms Thread 2" [_thread_blocked, id=3584, stack(0x0000000eeb200000,0x0000000eeb300000)]
  0x00000185878da750 JavaThread "jar transforms Thread 3" [_thread_blocked, id=13572, stack(0x0000000eeb300000,0x0000000eeb400000)]
  0x00000185878db5c0 JavaThread "jar transforms Thread 4" [_thread_blocked, id=14580, stack(0x0000000eeb500000,0x0000000eeb600000)]
  0x00000185878d7c00 JavaThread "Cache worker for dependencies-accessors (C:\Users\scher\Documents\PROJETOS ANDROID\RECICLAAI\.gradle\8.0\dependencies-accessors)" [_thread_blocked, id=2784, stack(0x0000000eeb600000,0x0000000eeb700000)]
  0x000001858587af90 JavaThread "C2 CompilerThread2" daemon [_thread_in_native, id=8524, stack(0x0000000eeb700000,0x0000000eeb800000)]

Other Threads:
  0x00000185ffd80a10 VMThread "VM Thread" [stack: 0x0000000ee8600000,0x0000000ee8700000] [id=7676]
  0x00000185829ac200 WatcherThread [stack: 0x0000000ee9200000,0x0000000ee9300000] [id=2444]
  0x00000185e7f8d950 GCTaskThread "GC Thread#0" [stack: 0x0000000ee8100000,0x0000000ee8200000] [id=7452]
  0x0000018582e61440 GCTaskThread "GC Thread#1" [stack: 0x0000000ee9500000,0x0000000ee9600000] [id=7472]
  0x0000018582f3d280 GCTaskThread "GC Thread#2" [stack: 0x0000000ee9600000,0x0000000ee9700000] [id=8700]
  0x0000018582f3d530 GCTaskThread "GC Thread#3" [stack: 0x0000000ee9700000,0x0000000ee9800000] [id=15164]
  0x00000185835f3c00 GCTaskThread "GC Thread#4" [stack: 0x0000000ee9300000,0x0000000ee9400000] [id=13040]
  0x0000018585633040 GCTaskThread "GC Thread#5" [stack: 0x0000000ee9400000,0x0000000ee9500000] [id=13032]
  0x00000185856332f0 GCTaskThread "GC Thread#6" [stack: 0x0000000eea200000,0x0000000eea300000] [id=13620]
  0x0000018585087220 GCTaskThread "GC Thread#7" [stack: 0x0000000eea300000,0x0000000eea400000] [id=4836]
  0x00000185e7f9e890 ConcurrentGCThread "G1 Main Marker" [stack: 0x0000000ee8200000,0x0000000ee8300000] [id=2364]
  0x00000185e7f9fa40 ConcurrentGCThread "G1 Conc#0" [stack: 0x0000000ee8300000,0x0000000ee8400000] [id=3944]
  0x00000185839df7d0 ConcurrentGCThread "G1 Conc#1" [stack: 0x0000000eea400000,0x0000000eea500000] [id=3360]
  0x00000185e7fee260 ConcurrentGCThread "G1 Refine#0" [stack: 0x0000000ee8400000,0x0000000ee8500000] [id=1540]
  0x0000018585084f30 ConcurrentGCThread "G1 Refine#1" [stack: 0x0000000eeb400000,0x0000000eeb500000] [id=12724]
  0x00000185e7feec80 ConcurrentGCThread "G1 Service" [stack: 0x0000000ee8500000,0x0000000ee8600000] [id=12376]

Threads with active compile tasks:
C2 CompilerThread0     9890 3945       4       org.objectweb.asm.Frame::execute (2318 bytes)
C1 CompilerThread0     9890 4050       3       java.net.URI$Parser::scan (76 bytes)
C2 CompilerThread1     9891 3968       4       java.lang.invoke.MethodType::makeImpl (109 bytes)
C2 CompilerThread2     9891 4021       4       sun.net.util.URLUtil::urlNoFragString (114 bytes)

VM state: not at safepoint (normal execution)

VM Mutex/Monitor currently owned by a thread: None

Heap address: 0x0000000080000000, size: 2048 MB, Compressed Oops mode: 32-bit

CDS archive(s) not mapped
Compressed class space mapped at: 0x0000000100000000-0x0000000140000000, reserved size: 1073741824
Narrow klass base: 0x0000000000000000, Narrow klass shift: 3, Narrow klass range: 0x140000000

GC Precious Log:
 CPUs: 8 total, 8 available
 Memory: 8072M
 Large Page Support: Disabled
 NUMA Support: Disabled
 Compressed Oops: Enabled (32-bit)
 Heap Region Size: 1M
 Heap Min Capacity: 8M
 Heap Initial Capacity: 128M
 Heap Max Capacity: 2G
 Pre-touch: Disabled
 Parallel Workers: 8
 Concurrent Workers: 2
 Concurrent Refinement Workers: 8
 Periodic GC: Disabled

Heap:
 garbage-first heap   total 71680K, used 35203K [0x0000000080000000, 0x0000000100000000)
  region size 1024K, 6 young (6144K), 3 survivors (3072K)
 Metaspace       used 45762K, committed 46144K, reserved 1089536K
  class space    used 6081K, committed 6272K, reserved 1048576K

Heap Regions: E=young(eden), S=young(survivor), O=old, HS=humongous(starts), HC=humongous(continues), CS=collection set, F=free, OA=open archive, CA=closed archive, TAMS=top-at-mark-start (previous, next)
|   0|0x0000000080000000, 0x0000000080100000, 0x0000000080100000|100%|HS|  |TAMS 0x0000000080100000, 0x0000000080000000| Complete 
|   1|0x0000000080100000, 0x0000000080200000, 0x0000000080200000|100%|HC|  |TAMS 0x0000000080200000, 0x0000000080100000| Complete 
|   2|0x0000000080200000, 0x0000000080300000, 0x0000000080300000|100%|HC|  |TAMS 0x0000000080300000, 0x0000000080200000| Complete 
|   3|0x0000000080300000, 0x0000000080400000, 0x0000000080400000|100%|HC|  |TAMS 0x0000000080400000, 0x0000000080300000| Complete 
|   4|0x0000000080400000, 0x0000000080500000, 0x0000000080500000|100%| O|  |TAMS 0x0000000080500000, 0x0000000080400000| Untracked 
|   5|0x0000000080500000, 0x0000000080600000, 0x0000000080600000|100%| O|  |TAMS 0x0000000080600000, 0x0000000080500000| Untracked 
|   6|0x0000000080600000, 0x0000000080700000, 0x0000000080700000|100%| O|  |TAMS 0x0000000080700000, 0x0000000080600000| Untracked 
|   7|0x0000000080700000, 0x0000000080800000, 0x0000000080800000|100%| O|  |TAMS 0x0000000080800000, 0x0000000080700000| Untracked 
|   8|0x0000000080800000, 0x0000000080900000, 0x0000000080900000|100%| O|  |TAMS 0x0000000080900000, 0x0000000080800000| Untracked 
|   9|0x0000000080900000, 0x0000000080a00000, 0x0000000080a00000|100%| O|  |TAMS 0x0000000080a00000, 0x0000000080900000| Untracked 
|  10|0x0000000080a00000, 0x0000000080b00000, 0x0000000080b00000|100%| O|  |TAMS 0x0000000080b00000, 0x0000000080a00000| Untracked 
|  11|0x0000000080b00000, 0x0000000080b1a200, 0x0000000080c00000| 10%| O|  |TAMS 0x0000000080b1a200, 0x0000000080b00000| Untracked 
|  12|0x0000000080c00000, 0x0000000080d00000, 0x0000000080d00000|100%| O|  |TAMS 0x0000000080d00000, 0x0000000080c00000| Untracked 
|  13|0x0000000080d00000, 0x0000000080e00000, 0x0000000080e00000|100%| O|  |TAMS 0x0000000080e00000, 0x0000000080d00000| Untracked 
|  14|0x0000000080e00000, 0x0000000080f00000, 0x0000000080f00000|100%| O|  |TAMS 0x0000000080f00000, 0x0000000080e00000| Untracked 
|  15|0x0000000080f00000, 0x0000000081000000, 0x0000000081000000|100%| O|  |TAMS 0x0000000081000000, 0x0000000080f00000| Untracked 
|  16|0x0000000081000000, 0x0000000081100000, 0x0000000081100000|100%| O|  |TAMS 0x0000000081100000, 0x0000000081000000| Untracked 
|  17|0x0000000081100000, 0x0000000081200000, 0x0000000081200000|100%| O|  |TAMS 0x0000000081200000, 0x0000000081100000| Untracked 
|  18|0x0000000081200000, 0x0000000081300000, 0x0000000081300000|100%| O|  |TAMS 0x0000000081285400, 0x0000000081200000| Untracked 
|  19|0x0000000081300000, 0x0000000081400000, 0x0000000081400000|100%| O|  |TAMS 0x0000000081300000, 0x0000000081300000| Untracked 
|  20|0x0000000081400000, 0x0000000081500000, 0x0000000081500000|100%| O|  |TAMS 0x0000000081400000, 0x0000000081400000| Untracked 
|  21|0x0000000081500000, 0x0000000081600000, 0x0000000081600000|100%| O|  |TAMS 0x0000000081500000, 0x0000000081500000| Untracked 
|  22|0x0000000081600000, 0x0000000081700000, 0x0000000081700000|100%| O|  |TAMS 0x0000000081600000, 0x0000000081600000| Untracked 
|  23|0x0000000081700000, 0x0000000081800000, 0x0000000081800000|100%| O|  |TAMS 0x0000000081700000, 0x0000000081700000| Untracked 
|  24|0x0000000081800000, 0x0000000081900000, 0x0000000081900000|100%| O|  |TAMS 0x0000000081800000, 0x0000000081800000| Untracked 
|  25|0x0000000081900000, 0x0000000081a00000, 0x0000000081a00000|100%| O|  |TAMS 0x0000000081900000, 0x0000000081900000| Untracked 
|  26|0x0000000081a00000, 0x0000000081afa400, 0x0000000081b00000| 97%| O|  |TAMS 0x0000000081a00000, 0x0000000081a00000| Untracked 
|  27|0x0000000081b00000, 0x0000000081c00000, 0x0000000081c00000|100%| O|  |TAMS 0x0000000081b00000, 0x0000000081b00000| Untracked 
|  28|0x0000000081c00000, 0x0000000081d00000, 0x0000000081d00000|100%| O|  |TAMS 0x0000000081c00000, 0x0000000081c00000| Untracked 
|  29|0x0000000081d00000, 0x0000000081e00000, 0x0000000081e00000|100%| O|  |TAMS 0x0000000081d00000, 0x0000000081d00000| Untracked 
|  30|0x0000000081e00000, 0x0000000081f00000, 0x0000000081f00000|100%| O|  |TAMS 0x0000000081e00000, 0x0000000081e00000| Untracked 
|  31|0x0000000081f00000, 0x0000000081f00000, 0x0000000082000000|  0%| F|  |TAMS 0x0000000081f00000, 0x0000000081f00000| Untracked 
|  32|0x0000000082000000, 0x0000000082000000, 0x0000000082100000|  0%| F|  |TAMS 0x0000000082000000, 0x0000000082000000| Untracked 
|  33|0x0000000082100000, 0x0000000082100000, 0x0000000082200000|  0%| F|  |TAMS 0x0000000082100000, 0x0000000082100000| Untracked 
|  34|0x0000000082200000, 0x0000000082200000, 0x0000000082300000|  0%| F|  |TAMS 0x0000000082200000, 0x0000000082200000| Untracked 
|  35|0x0000000082300000, 0x0000000082300000, 0x0000000082400000|  0%| F|  |TAMS 0x0000000082300000, 0x0000000082300000| Untracked 
|  36|0x0000000082400000, 0x0000000082400000, 0x0000000082500000|  0%| F|  |TAMS 0x0000000082400000, 0x0000000082400000| Untracked 
|  37|0x0000000082500000, 0x0000000082500000, 0x0000000082600000|  0%| F|  |TAMS 0x0000000082500000, 0x0000000082500000| Untracked 
|  38|0x0000000082600000, 0x0000000082600000, 0x0000000082700000|  0%| F|  |TAMS 0x0000000082600000, 0x0000000082600000| Untracked 
|  39|0x0000000082700000, 0x0000000082700000, 0x0000000082800000|  0%| F|  |TAMS 0x0000000082700000, 0x0000000082700000| Untracked 
|  40|0x0000000082800000, 0x0000000082800000, 0x0000000082900000|  0%| F|  |TAMS 0x0000000082800000, 0x0000000082800000| Untracked 
|  41|0x0000000082900000, 0x0000000082900000, 0x0000000082a00000|  0%| F|  |TAMS 0x0000000082900000, 0x0000000082900000| Untracked 
|  42|0x0000000082a00000, 0x0000000082a00000, 0x0000000082b00000|  0%| F|  |TAMS 0x0000000082a00000, 0x0000000082a00000| Untracked 
|  43|0x0000000082b00000, 0x0000000082b00000, 0x0000000082c00000|  0%| F|  |TAMS 0x0000000082b00000, 0x0000000082b00000| Untracked 
|  44|0x0000000082c00000, 0x0000000082c00000, 0x0000000082d00000|  0%| F|  |TAMS 0x0000000082c00000, 0x0000000082c00000| Untracked 
|  45|0x0000000082d00000, 0x0000000082d4c760, 0x0000000082e00000| 29%| S|CS|TAMS 0x0000000082d00000, 0x0000000082d00000| Complete 
|  46|0x0000000082e00000, 0x0000000082f00000, 0x0000000082f00000|100%| S|CS|TAMS 0x0000000082e00000, 0x0000000082e00000| Complete 
|  47|0x0000000082f00000, 0x0000000083000000, 0x0000000083000000|100%| S|CS|TAMS 0x0000000082f00000, 0x0000000082f00000| Complete 
|  48|0x0000000083000000, 0x0000000083000000, 0x0000000083100000|  0%| F|  |TAMS 0x0000000083000000, 0x0000000083000000| Untracked 
|  49|0x0000000083100000, 0x0000000083100000, 0x0000000083200000|  0%| F|  |TAMS 0x0000000083100000, 0x0000000083100000| Untracked 
|  50|0x0000000083200000, 0x0000000083200000, 0x0000000083300000|  0%| F|  |TAMS 0x0000000083200000, 0x0000000083200000| Untracked 
|  51|0x0000000083300000, 0x0000000083300000, 0x0000000083400000|  0%| F|  |TAMS 0x0000000083300000, 0x0000000083300000| Untracked 
|  52|0x0000000083400000, 0x0000000083400000, 0x0000000083500000|  0%| F|  |TAMS 0x0000000083400000, 0x0000000083400000| Untracked 
|  53|0x0000000083500000, 0x0000000083500000, 0x0000000083600000|  0%| F|  |TAMS 0x0000000083500000, 0x0000000083500000| Untracked 
|  54|0x0000000083600000, 0x0000000083600000, 0x0000000083700000|  0%| F|  |TAMS 0x0000000083600000, 0x0000000083600000| Untracked 
|  55|0x0000000083700000, 0x0000000083700000, 0x0000000083800000|  0%| F|  |TAMS 0x0000000083700000, 0x0000000083700000| Untracked 
|  56|0x0000000083800000, 0x0000000083800000, 0x0000000083900000|  0%| F|  |TAMS 0x0000000083800000, 0x0000000083800000| Untracked 
|  57|0x0000000083900000, 0x0000000083900000, 0x0000000083a00000|  0%| F|  |TAMS 0x0000000083900000, 0x0000000083900000| Untracked 
|  58|0x0000000083a00000, 0x0000000083a00000, 0x0000000083b00000|  0%| F|  |TAMS 0x0000000083a00000, 0x0000000083a00000| Untracked 
|  59|0x0000000083b00000, 0x0000000083b00000, 0x0000000083c00000|  0%| F|  |TAMS 0x0000000083b00000, 0x0000000083b00000| Untracked 
|  76|0x0000000084c00000, 0x0000000084c00000, 0x0000000084d00000|  0%| F|  |TAMS 0x0000000084c00000, 0x0000000084c00000| Untracked 
|  77|0x0000000084d00000, 0x0000000084d00000, 0x0000000084e00000|  0%| F|  |TAMS 0x0000000084d00000, 0x0000000084d00000| Untracked 
|  78|0x0000000084e00000, 0x0000000084e00000, 0x0000000084f00000|  0%| F|  |TAMS 0x0000000084e00000, 0x0000000084e00000| Untracked 
|  79|0x0000000084f00000, 0x0000000084f00000, 0x0000000085000000|  0%| F|  |TAMS 0x0000000084f00000, 0x0000000084f00000| Untracked 
|  80|0x0000000085000000, 0x0000000085000000, 0x0000000085100000|  0%| F|  |TAMS 0x0000000085000000, 0x0000000085000000| Untracked 
|  81|0x0000000085100000, 0x0000000085100000, 0x0000000085200000|  0%| F|  |TAMS 0x0000000085100000, 0x0000000085100000| Untracked 
|  82|0x0000000085200000, 0x0000000085200000, 0x0000000085300000|  0%| F|  |TAMS 0x0000000085200000, 0x0000000085200000| Untracked 
|  83|0x0000000085300000, 0x00000000853c9510, 0x0000000085400000| 78%| E|  |TAMS 0x0000000085300000, 0x0000000085300000| Complete 
|  84|0x0000000085400000, 0x0000000085500000, 0x0000000085500000|100%| E|CS|TAMS 0x0000000085400000, 0x0000000085400000| Complete 
| 127|0x0000000087f00000, 0x0000000088000000, 0x0000000088000000|100%| E|CS|TAMS 0x0000000087f00000, 0x0000000087f00000| Complete 

Card table byte_map: [0x00000185fab20000,0x00000185faf20000] _byte_map_base: 0x00000185fa720000

Marking Bits (Prev, Next): (CMBitMap*) 0x00000185e7f8df60, (CMBitMap*) 0x00000185e7f8dfa0
 Prev Bits: [0x00000185fb320000, 0x00000185fd320000)
 Next Bits: [0x00000185fd320000, 0x00000185ff320000)

Polling page: 0x00000185e76f0000

Metaspace:

Usage:
  Non-class:     38.78 MB used.
      Class:      5.94 MB used.
       Both:     44.72 MB used.

Virtual space:
  Non-class space:       40.00 MB reserved,      39.00 MB ( 98%) committed,  5 nodes.
      Class space:        1.00 GB reserved,       6.12 MB ( <1%) committed,  1 nodes.
             Both:        1.04 GB reserved,      45.12 MB (  4%) committed. 

Chunk freelists:
   Non-Class:  672.00 KB
       Class:  1.83 MB
        Both:  2.48 MB

MaxMetaspaceSize: unlimited
CompressedClassSpaceSize: 1.00 GB
Initial GC threshold: 21.00 MB
Current GC threshold: 58.69 MB
CDS: off
MetaspaceReclaimPolicy: balanced
 - commit_granule_bytes: 65536.
 - commit_granule_words: 8192.
 - virtual_space_node_default_size: 1048576.
 - enlarge_chunks_in_place: 1.
 - new_chunks_are_fully_committed: 0.
 - uncommit_free_chunks: 1.
 - use_allocation_guard: 0.
 - handle_deallocations: 1.


Internal statistics:

num_allocs_failed_limit: 6.
num_arena_births: 356.
num_arena_deaths: 0.
num_vsnodes_births: 6.
num_vsnodes_deaths: 0.
num_space_committed: 722.
num_space_uncommitted: 0.
num_chunks_returned_to_freelist: 6.
num_chunks_taken_from_freelist: 1691.
num_chunk_merges: 6.
num_chunk_splits: 1134.
num_chunks_enlarged: 801.
num_purges: 0.
num_inconsistent_stats: 0.

CodeHeap 'non-profiled nmethods': size=120000Kb used=2283Kb max_used=2283Kb free=117716Kb
 bounds [0x00000185f2ec0000, 0x00000185f3130000, 0x00000185fa3f0000]
CodeHeap 'profiled nmethods': size=120000Kb used=8409Kb max_used=8409Kb free=111590Kb
 bounds [0x00000185eb3f0000, 0x00000185ebc30000, 0x00000185f2920000]
CodeHeap 'non-nmethods': size=5760Kb used=2287Kb max_used=2350Kb free=3472Kb
 bounds [0x00000185f2920000, 0x00000185f2b90000, 0x00000185f2ec0000]
 total_blobs=4832 nmethods=4035 adapters=708
 compilation: enabled
              stopped_count=0, restarted_count=0
 full_count=0

Compilation events (20 events):
Event: 9.823 Thread 0x0000018582834c40 nmethod 4013 0x00000185ebc18390 code [0x00000185ebc18520, 0x00000185ebc18698]
Event: 9.824 Thread 0x000001858587af90 4014       4       java.lang.String::<init> (14 bytes)
Event: 9.824 Thread 0x0000018582834c40 4015       3       org.objectweb.asm.ClassReader::readUtf (161 bytes)
Event: 9.825 Thread 0x0000018582834c40 nmethod 4015 0x00000185ebc18790 code [0x00000185ebc18960, 0x00000185ebc18dc8]
Event: 9.825 Thread 0x0000018582834c40 4016       3       org.objectweb.asm.ClassReader::readUtf (44 bytes)
Event: 9.825 Thread 0x0000018582834c40 nmethod 4016 0x00000185ebc19090 code [0x00000185ebc19260, 0x00000185ebc19638]
Event: 9.825 Thread 0x0000018582834c40 4020       3       org.objectweb.asm.ByteVector::putShort (52 bytes)
Event: 9.825 Thread 0x0000018582834c40 nmethod 4020 0x00000185ebc19810 code [0x00000185ebc199c0, 0x00000185ebc19bc8]
Event: 9.825 Thread 0x0000018582834c40 4017       3       org.objectweb.asm.ClassReader::readUTF8 (23 bytes)
Event: 9.825 Thread 0x0000018582834c40 nmethod 4017 0x00000185ebc19d10 code [0x00000185ebc19ec0, 0x00000185ebc1a118]
Event: 9.833 Thread 0x000001858587af90 nmethod 4014 0x00000185f30f9690 code [0x00000185f30f9820, 0x00000185f30f9d98]
Event: 9.834 Thread 0x000001858587af90 4018       4       org.objectweb.asm.ClassReader::readUnsignedShort (26 bytes)
Event: 9.835 Thread 0x000001858587af90 nmethod 4018 0x00000185f30fa010 code [0x00000185f30fa180, 0x00000185f30fa258]
Event: 9.835 Thread 0x000001858587af90 4019       4       org.objectweb.asm.Symbol::<init> (38 bytes)
Event: 9.839 Thread 0x000001858587af90 nmethod 4019 0x00000185f30fa390 code [0x00000185f30fa500, 0x00000185f30fa858]
Event: 9.849 Thread 0x000001858587af90 4021       4       sun.net.util.URLUtil::urlNoFragString (114 bytes)
Event: 9.854 Thread 0x0000018582834c40 4022       1       org.gradle.internal.operations.BuildOperationDescriptor::getParentId (5 bytes)
Event: 9.854 Thread 0x0000018582834c40 nmethod 4022 0x00000185f30fa910 code [0x00000185f30faaa0, 0x00000185f30fab78]
Event: 9.860 Thread 0x0000018582834c40 4024       3       com.google.common.reflect.TypeResolver$TypeVariableKey::equalsTypeVariable (48 bytes)
Event: 9.861 Thread 0x0000018582834c40 nmethod 4024 0x00000185ebc1a210 code [0x00000185ebc1a400, 0x00000185ebc1a9b8]

GC Heap History (18 events):
Event: 2.084 GC heap before
{Heap before GC invocations=0 (full 0):
 garbage-first heap   total 131072K, used 26624K [0x0000000080000000, 0x0000000100000000)
  region size 1024K, 23 young (23552K), 0 survivors (0K)
 Metaspace       used 10275K, committed 10432K, reserved 1064960K
  class space    used 1061K, committed 1152K, reserved 1048576K
}
Event: 2.100 GC heap after
{Heap after GC invocations=1 (full 0):
 garbage-first heap   total 131072K, used 10083K [0x0000000080000000, 0x0000000100000000)
  region size 1024K, 3 young (3072K), 3 survivors (3072K)
 Metaspace       used 10275K, committed 10432K, reserved 1064960K
  class space    used 1061K, committed 1152K, reserved 1048576K
}
Event: 3.274 GC heap before
{Heap before GC invocations=1 (full 0):
 garbage-first heap   total 131072K, used 38755K [0x0000000080000000, 0x0000000100000000)
  region size 1024K, 30 young (30720K), 3 survivors (3072K)
 Metaspace       used 11211K, committed 11456K, reserved 1064960K
  class space    used 1163K, committed 1280K, reserved 1048576K
}
Event: 3.280 GC heap after
{Heap after GC invocations=2 (full 0):
 garbage-first heap   total 131072K, used 13633K [0x0000000080000000, 0x0000000100000000)
  region size 1024K, 4 young (4096K), 4 survivors (4096K)
 Metaspace       used 11211K, committed 11456K, reserved 1064960K
  class space    used 1163K, committed 1280K, reserved 1048576K
}
Event: 4.743 GC heap before
{Heap before GC invocations=2 (full 0):
 garbage-first heap   total 131072K, used 52545K [0x0000000080000000, 0x0000000100000000)
  region size 1024K, 43 young (44032K), 4 survivors (4096K)
 Metaspace       used 21235K, committed 21504K, reserved 1073152K
  class space    used 2586K, committed 2752K, reserved 1048576K
}
Event: 4.750 GC heap after
{Heap after GC invocations=3 (full 0):
 garbage-first heap   total 131072K, used 18567K [0x0000000080000000, 0x0000000100000000)
  region size 1024K, 9 young (9216K), 9 survivors (9216K)
 Metaspace       used 21235K, committed 21504K, reserved 1073152K
  class space    used 2586K, committed 2752K, reserved 1048576K
}
Event: 5.764 GC heap before
{Heap before GC invocations=4 (full 0):
 garbage-first heap   total 71680K, used 51335K [0x0000000080000000, 0x0000000100000000)
  region size 1024K, 42 young (43008K), 9 survivors (9216K)
 Metaspace       used 26609K, committed 26880K, reserved 1073152K
  class space    used 3509K, committed 3648K, reserved 1048576K
}
Event: 5.772 GC heap after
{Heap after GC invocations=5 (full 0):
 garbage-first heap   total 71680K, used 20390K [0x0000000080000000, 0x0000000100000000)
  region size 1024K, 3 young (3072K), 3 survivors (3072K)
 Metaspace       used 26609K, committed 26880K, reserved 1073152K
  class space    used 3509K, committed 3648K, reserved 1048576K
}
Event: 6.744 GC heap before
{Heap before GC invocations=5 (full 0):
 garbage-first heap   total 71680K, used 48038K [0x0000000080000000, 0x0000000100000000)
  region size 1024K, 30 young (30720K), 3 survivors (3072K)
 Metaspace       used 30736K, committed 31040K, reserved 1081344K
  class space    used 4190K, committed 4288K, reserved 1048576K
}
Event: 6.785 GC heap after
{Heap after GC invocations=6 (full 0):
 garbage-first heap   total 71680K, used 21756K [0x0000000080000000, 0x0000000100000000)
  region size 1024K, 4 young (4096K), 4 survivors (4096K)
 Metaspace       used 30736K, committed 31040K, reserved 1081344K
  class space    used 4190K, committed 4288K, reserved 1048576K
}
Event: 7.511 GC heap before
{Heap before GC invocations=6 (full 0):
 garbage-first heap   total 71680K, used 47356K [0x0000000080000000, 0x0000000100000000)
  region size 1024K, 31 young (31744K), 4 survivors (4096K)
 Metaspace       used 35624K, committed 35968K, reserved 1081344K
  class space    used 4878K, committed 5056K, reserved 1048576K
}
Event: 7.517 GC heap after
{Heap after GC invocations=7 (full 0):
 garbage-first heap   total 71680K, used 23940K [0x0000000080000000, 0x0000000100000000)
  region size 1024K, 4 young (4096K), 4 survivors (4096K)
 Metaspace       used 35624K, committed 35968K, reserved 1081344K
  class space    used 4878K, committed 5056K, reserved 1048576K
}
Event: 8.254 GC heap before
{Heap before GC invocations=8 (full 0):
 garbage-first heap   total 71680K, used 51588K [0x0000000080000000, 0x0000000100000000)
  region size 1024K, 32 young (32768K), 4 survivors (4096K)
 Metaspace       used 40391K, committed 40704K, reserved 1089536K
  class space    used 5357K, committed 5504K, reserved 1048576K
}
Event: 8.267 GC heap after
{Heap after GC invocations=9 (full 0):
 garbage-first heap   total 71680K, used 27637K [0x0000000080000000, 0x0000000100000000)
  region size 1024K, 4 young (4096K), 4 survivors (4096K)
 Metaspace       used 40391K, committed 40704K, reserved 1089536K
  class space    used 5357K, committed 5504K, reserved 1048576K
}
Event: 9.255 GC heap before
{Heap before GC invocations=9 (full 0):
 garbage-first heap   total 71680K, used 55285K [0x0000000080000000, 0x0000000100000000)
  region size 1024K, 29 young (29696K), 4 survivors (4096K)
 Metaspace       used 42625K, committed 42944K, reserved 1089536K
  class space    used 5570K, committed 5696K, reserved 1048576K
}
Event: 9.261 GC heap after
{Heap after GC invocations=10 (full 0):
 garbage-first heap   total 71680K, used 30901K [0x0000000080000000, 0x0000000100000000)
  region size 1024K, 4 young (4096K), 4 survivors (4096K)
 Metaspace       used 42625K, committed 42944K, reserved 1089536K
  class space    used 5570K, committed 5696K, reserved 1048576K
}
Event: 9.827 GC heap before
{Heap before GC invocations=10 (full 0):
 garbage-first heap   total 71680K, used 53429K [0x0000000080000000, 0x0000000100000000)
  region size 1024K, 26 young (26624K), 4 survivors (4096K)
 Metaspace       used 45383K, committed 45824K, reserved 1089536K
  class space    used 6018K, committed 6208K, reserved 1048576K
}
Event: 9.833 GC heap after
{Heap after GC invocations=11 (full 0):
 garbage-first heap   total 71680K, used 33155K [0x0000000080000000, 0x0000000100000000)
  region size 1024K, 3 young (3072K), 3 survivors (3072K)
 Metaspace       used 45383K, committed 45824K, reserved 1089536K
  class space    used 6018K, committed 6208K, reserved 1048576K
}

Dll operation events (2 events):
Event: 0.012 Loaded shared library C:\Program Files\Android\Android Studio\jbr\bin\java.dll
Event: 1.368 Loaded shared library C:\Program Files\Android\Android Studio\jbr\bin\verify.dll

Deoptimization events (20 events):
Event: 9.627 Thread 0x0000018585714880 Uncommon trap: trap_request=0xffffffde fr.pc=0x00000185f3097f68 relative=0x0000000000003288
Event: 9.627 Thread 0x0000018585714880 Uncommon trap: reason=class_check action=maybe_recompile pc=0x00000185f3097f68 method=java.util.regex.Pattern$CharProperty.study(Ljava/util/regex/Pattern$TreeInfo;)Z @ 25 c2
Event: 9.627 Thread 0x0000018585714880 DEOPT PACKING pc=0x00000185f3097f68 sp=0x0000000ee9ef9cc0
Event: 9.627 Thread 0x0000018585714880 DEOPT UNPACKING pc=0x00000185f29769a3 sp=0x0000000ee9ef9bb8 mode 2
Event: 9.795 Thread 0x0000018585714880 Uncommon trap: trap_request=0xffffff45 fr.pc=0x00000185f305cc70 relative=0x00000000000002d0
Event: 9.795 Thread 0x0000018585714880 Uncommon trap: reason=unstable_if action=reinterpret pc=0x00000185f305cc70 method=java.util.HashMap.getNode(Ljava/lang/Object;)Ljava/util/HashMap$Node; @ 57 c2
Event: 9.795 Thread 0x0000018585714880 DEOPT PACKING pc=0x00000185f305cc70 sp=0x0000000ee9ef8560
Event: 9.795 Thread 0x0000018585714880 DEOPT UNPACKING pc=0x00000185f29769a3 sp=0x0000000ee9ef8480 mode 2
Event: 9.795 Thread 0x0000018585714880 Uncommon trap: trap_request=0xffffff45 fr.pc=0x00000185f3036e88 relative=0x00000000000007a8
Event: 9.795 Thread 0x0000018585714880 Uncommon trap: reason=unstable_if action=reinterpret pc=0x00000185f3036e88 method=java.util.HashMap.putVal(ILjava/lang/Object;Ljava/lang/Object;ZZ)Ljava/lang/Object; @ 85 c2
Event: 9.795 Thread 0x0000018585714880 DEOPT PACKING pc=0x00000185f3036e88 sp=0x0000000ee9ef8530
Event: 9.795 Thread 0x0000018585714880 DEOPT UNPACKING pc=0x00000185f29769a3 sp=0x0000000ee9ef8460 mode 2
Event: 9.800 Thread 0x0000018585714880 Uncommon trap: trap_request=0xffffff45 fr.pc=0x00000185f303d184 relative=0x0000000000000344
Event: 9.800 Thread 0x0000018585714880 Uncommon trap: reason=unstable_if action=reinterpret pc=0x00000185f303d184 method=org.gradle.internal.reflect.PropertyAccessorType.isGetGetterName(Ljava/lang/String;)Z @ 14 c2
Event: 9.800 Thread 0x0000018585714880 DEOPT PACKING pc=0x00000185f303d184 sp=0x0000000ee9ef8fc0
Event: 9.800 Thread 0x0000018585714880 DEOPT UNPACKING pc=0x00000185f29769a3 sp=0x0000000ee9ef8f18 mode 2
Event: 9.825 Thread 0x0000018585714880 Uncommon trap: trap_request=0xffffff45 fr.pc=0x00000185f3037e6c relative=0x00000000000000ec
Event: 9.825 Thread 0x0000018585714880 Uncommon trap: reason=unstable_if action=reinterpret pc=0x00000185f3037e6c method=org.objectweb.asm.ByteVector.putShort(I)Lorg/objectweb/asm/ByteVector; @ 13 c2
Event: 9.825 Thread 0x0000018585714880 DEOPT PACKING pc=0x00000185f3037e6c sp=0x0000000ee9ef8be0
Event: 9.825 Thread 0x0000018585714880 DEOPT UNPACKING pc=0x00000185f29769a3 sp=0x0000000ee9ef8b78 mode 2

Classes unloaded (0 events):
No events

Classes redefined (0 events):
No events

Internal exceptions (20 events):
Event: 9.363 Thread 0x0000018585714880 Exception <a 'java/lang/ClassNotFoundException'{0x0000000085181f98}: org/gradle/internal/management/DefaultDependencyResolutionManagementCustomizer> (0x0000000085181f98) 
thrown [s\src\hotspot\share\classfile\systemDictionary.cpp, line 256]
Event: 9.365 Thread 0x0000018585714880 Exception <a 'java/lang/ClassNotFoundException'{0x00000000851a8620}: org/gradle/internal/management/DefaultDependencyResolutionManagement_DecoratedCustomizer> (0x00000000851a8620) 
thrown [s\src\hotspot\share\classfile\systemDictionary.cpp, line 256]
Event: 9.370 Thread 0x0000018585714880 Exception <a 'java/lang/ClassNotFoundException'{0x00000000851f5210}: org/gradle/api/initialization/resolve/RepositoriesModeBeanInfo> (0x00000000851f5210) 
thrown [s\src\hotspot\share\classfile\systemDictionary.cpp, line 256]
Event: 9.371 Thread 0x0000018585714880 Exception <a 'java/lang/ClassNotFoundException'{0x00000000851fa058}: java/lang/EnumBeanInfo> (0x00000000851fa058) 
thrown [s\src\hotspot\share\classfile\systemDictionary.cpp, line 256]
Event: 9.371 Thread 0x0000018585714880 Exception <a 'java/lang/ClassNotFoundException'{0x00000000851feec0}: java/lang/EnumCustomizer> (0x00000000851feec0) 
thrown [s\src\hotspot\share\classfile\systemDictionary.cpp, line 256]
Event: 9.373 Thread 0x0000018585714880 Exception <a 'java/lang/ClassNotFoundException'{0x0000000085017fb0}: org/gradle/api/initialization/resolve/RepositoriesModeCustomizer> (0x0000000085017fb0) 
thrown [s\src\hotspot\share\classfile\systemDictionary.cpp, line 256]
Event: 9.380 Thread 0x0000018585714880 Exception <a 'java/lang/ClassNotFoundException'{0x0000000085085ae8}: org/gradle/api/internal/provider/DefaultPropertyBeanInfo> (0x0000000085085ae8) 
thrown [s\src\hotspot\share\classfile\systemDictionary.cpp, line 256]
Event: 9.381 Thread 0x0000018585714880 Exception <a 'java/lang/ClassNotFoundException'{0x0000000085096d00}: org/gradle/api/internal/provider/AbstractPropertyBeanInfo> (0x0000000085096d00) 
thrown [s\src\hotspot\share\classfile\systemDictionary.cpp, line 256]
Event: 9.384 Thread 0x0000018585714880 Exception <a 'java/lang/ClassNotFoundException'{0x00000000850a87f0}: org/gradle/api/internal/provider/AbstractMinimalProviderBeanInfo> (0x00000000850a87f0) 
thrown [s\src\hotspot\share\classfile\systemDictionary.cpp, line 256]
Event: 9.388 Thread 0x0000018585714880 Exception <a 'java/lang/ClassNotFoundException'{0x00000000850b9b18}: org/gradle/api/internal/provider/AbstractMinimalProviderCustomizer> (0x00000000850b9b18) 
thrown [s\src\hotspot\share\classfile\systemDictionary.cpp, line 256]
Event: 9.394 Thread 0x0000018585714880 Exception <a 'java/lang/ClassNotFoundException'{0x00000000850e3ed0}: org/gradle/api/internal/provider/AbstractPropertyCustomizer> (0x00000000850e3ed0) 
thrown [s\src\hotspot\share\classfile\systemDictionary.cpp, line 256]
Event: 9.398 Thread 0x0000018585714880 Exception <a 'java/lang/ClassNotFoundException'{0x0000000084f011b0}: org/gradle/api/internal/provider/DefaultPropertyCustomizer> (0x0000000084f011b0) 
thrown [s\src\hotspot\share\classfile\systemDictionary.cpp, line 256]
Event: 9.413 Thread 0x0000018585714880 Exception <a 'java/lang/ClassNotFoundException'{0x0000000084f6ce78}: org/gradle/initialization/DefaultProjectDescriptorBeanInfo> (0x0000000084f6ce78) 
thrown [s\src\hotspot\share\classfile\systemDictionary.cpp, line 256]
Event: 9.414 Thread 0x0000018585714880 Exception <a 'java/lang/ClassNotFoundException'{0x0000000084f7b368}: org/gradle/initialization/DefaultProjectDescriptorCustomizer> (0x0000000084f7b368) 
thrown [s\src\hotspot\share\classfile\systemDictionary.cpp, line 256]
Event: 9.418 Thread 0x0000018585714880 Implicit null exception at 0x00000185f305f36c to 0x00000185f305f410
Event: 9.649 Thread 0x00000185854c63e0 Exception <a 'java/lang/NoSuchMethodError'{0x00000000837da0f8}: static Lorg/gradle/internal/build/event/types/DefaultOperationStartedProgressEvent;.<clinit>()V> (0x00000000837da0f8) 
thrown [s\src\hotspot\share\prims\jni.cpp, line 1108]
Event: 9.649 Thread 0x00000185854c63e0 Exception <a 'java/lang/NoSuchMethodError'{0x00000000837db9f8}: static Lorg/gradle/internal/build/event/types/AbstractProgressEvent;.<clinit>()V> (0x00000000837db9f8) 
thrown [s\src\hotspot\share\prims\jni.cpp, line 1108]
Event: 9.652 Thread 0x00000185854c63e0 Exception <a 'java/lang/NoSuchMethodError'{0x00000000837ec838}: static Lorg/gradle/internal/build/event/types/DefaultProjectConfigurationDescriptor;.<clinit>()V> (0x00000000837ec838) 
thrown [s\src\hotspot\share\prims\jni.cpp, line 1108]
Event: 9.652 Thread 0x00000185854c63e0 Exception <a 'java/lang/NoSuchMethodError'{0x00000000837eedc0}: static Lorg/gradle/internal/build/event/types/DefaultOperationDescriptor;.<clinit>()V> (0x00000000837eedc0) 
thrown [s\src\hotspot\share\prims\jni.cpp, line 1108]
Event: 9.655 Thread 0x00000185854c63e0 Exception <a 'java/lang/NoSuchMethodError'{0x000000008366f298}: static Lorg/gradle/internal/operations/OperationIdentifier;.<clinit>()V> (0x000000008366f298) 
thrown [s\src\hotspot\share\prims\jni.cpp, line 1108]

VM Operations (20 events):
Event: 7.922 Executing VM operation: HandshakeAllThreads
Event: 7.922 Executing VM operation: HandshakeAllThreads done
Event: 7.932 Executing VM operation: HandshakeAllThreads
Event: 7.932 Executing VM operation: HandshakeAllThreads done
Event: 8.064 Executing VM operation: HandshakeAllThreads
Event: 8.065 Executing VM operation: HandshakeAllThreads done
Event: 8.254 Executing VM operation: G1CollectForAllocation
Event: 8.314 Executing VM operation: G1CollectForAllocation done
Event: 9.155 Executing VM operation: ICBufferFull
Event: 9.155 Executing VM operation: ICBufferFull done
Event: 9.255 Executing VM operation: G1CollectForAllocation
Event: 9.261 Executing VM operation: G1CollectForAllocation done
Event: 9.560 Executing VM operation: HandshakeAllThreads
Event: 9.560 Executing VM operation: HandshakeAllThreads done
Event: 9.620 Executing VM operation: HandshakeAllThreads
Event: 9.620 Executing VM operation: HandshakeAllThreads done
Event: 9.805 Executing VM operation: HandshakeAllThreads
Event: 9.805 Executing VM operation: HandshakeAllThreads done
Event: 9.827 Executing VM operation: G1CollectForAllocation
Event: 9.834 Executing VM operation: G1CollectForAllocation done

Events (20 events):
Event: 9.648 loading class java/io/ObjectStreamClass$1 done
Event: 9.648 loading class java/io/ObjectStreamClass$MemberSignature
Event: 9.648 loading class java/io/ObjectStreamClass$MemberSignature done
Event: 9.649 loading class java/io/ObjectStreamClass$3
Event: 9.649 loading class java/io/ObjectStreamClass$3 done
Event: 9.649 loading class java/io/ObjectStreamClass$4
Event: 9.649 loading class java/io/ObjectStreamClass$4 done
Event: 9.649 loading class java/io/ObjectStreamClass$5
Event: 9.649 loading class java/io/ObjectStreamClass$5 done
Event: 9.650 loading class java/io/ObjectStreamClass$ClassDataSlot
Event: 9.650 loading class java/io/ObjectStreamClass$ClassDataSlot done
Event: 9.652 loading class jdk/internal/reflect/UnsafeQualifiedStaticLongFieldAccessorImpl
Event: 9.653 loading class jdk/internal/reflect/UnsafeQualifiedStaticLongFieldAccessorImpl done
Event: 9.656 loading class java/io/SerialCallbackContext
Event: 9.656 loading class java/io/SerialCallbackContext done
Event: 9.671 Thread 0x000001858587af90 Thread added: 0x000001858587af90
Event: 9.732 loading class java/util/DualPivotQuicksort
Event: 9.733 loading class java/util/DualPivotQuicksort done
Event: 9.844 loading class java/lang/StringIndexOutOfBoundsException
Event: 9.844 loading class java/lang/StringIndexOutOfBoundsException done


Dynamic libraries:
0x00007ff613de0000 - 0x00007ff613dea000 	C:\Program Files\Android\Android Studio\jbr\bin\java.exe
0x00007ffb8a8f0000 - 0x00007ffb8ab07000 	C:\WINDOWS\SYSTEM32\ntdll.dll
0x00007ffb89240000 - 0x00007ffb89304000 	C:\WINDOWS\System32\KERNEL32.DLL
0x00007ffb88270000 - 0x00007ffb8861d000 	C:\WINDOWS\System32\KERNELBASE.dll
0x00007ffb87c10000 - 0x00007ffb87d21000 	C:\WINDOWS\System32\ucrtbase.dll
0x00007ffb493f0000 - 0x00007ffb49407000 	C:\Program Files\Android\Android Studio\jbr\bin\jli.dll
0x00007ffb70fd0000 - 0x00007ffb70feb000 	C:\Program Files\Android\Android Studio\jbr\bin\VCRUNTIME140.dll
0x00007ffb89090000 - 0x00007ffb8923e000 	C:\WINDOWS\System32\USER32.dll
0x00007ffb86e60000 - 0x00007ffb870f3000 	C:\WINDOWS\WinSxS\amd64_microsoft.windows.common-controls_6595b64144ccf1df_6.0.22621.3672_none_2713b9d173822955\COMCTL32.dll
0x00007ffb8a7c0000 - 0x00007ffb8a867000 	C:\WINDOWS\System32\msvcrt.dll
0x00007ffb88a50000 - 0x00007ffb88a79000 	C:\WINDOWS\System32\GDI32.dll
0x00007ffb88190000 - 0x00007ffb881b6000 	C:\WINDOWS\System32\win32u.dll
0x00007ffb87f10000 - 0x00007ffb88029000 	C:\WINDOWS\System32\gdi32full.dll
0x00007ffb880f0000 - 0x00007ffb8818a000 	C:\WINDOWS\System32\msvcp_win.dll
0x00007ffb8a870000 - 0x00007ffb8a8a1000 	C:\WINDOWS\System32\IMM32.DLL
0x00007ffb81850000 - 0x00007ffb8185c000 	C:\Program Files\Android\Android Studio\jbr\bin\vcruntime140_1.dll
0x00007ffb6be60000 - 0x00007ffb6beed000 	C:\Program Files\Android\Android Studio\jbr\bin\msvcp140.dll
0x00007ffb44f60000 - 0x00007ffb45bce000 	C:\Program Files\Android\Android Studio\jbr\bin\server\jvm.dll
0x00007ffb88990000 - 0x00007ffb88a42000 	C:\WINDOWS\System32\ADVAPI32.dll
0x00007ffb89700000 - 0x00007ffb897a9000 	C:\WINDOWS\System32\sechost.dll
0x00007ffb88240000 - 0x00007ffb88268000 	C:\WINDOWS\System32\bcrypt.dll
0x00007ffb894e0000 - 0x00007ffb895f4000 	C:\WINDOWS\System32\RPCRT4.dll
0x00007ffb69c50000 - 0x00007ffb69c59000 	C:\WINDOWS\SYSTEM32\WSOCK32.dll
0x00007ffb81610000 - 0x00007ffb81644000 	C:\WINDOWS\SYSTEM32\WINMM.dll
0x00007ffb897b0000 - 0x00007ffb89821000 	C:\WINDOWS\System32\WS2_32.dll
0x00007ffb7f0e0000 - 0x00007ffb7f0ea000 	C:\WINDOWS\SYSTEM32\VERSION.dll
0x00007ffb865b0000 - 0x00007ffb865c8000 	C:\WINDOWS\SYSTEM32\kernel.appcore.dll
0x00007ffb723a0000 - 0x00007ffb723aa000 	C:\Program Files\Android\Android Studio\jbr\bin\jimage.dll
0x00007ffb87570000 - 0x00007ffb877a2000 	C:\WINDOWS\SYSTEM32\DBGHELP.DLL
0x00007ffb89a40000 - 0x00007ffb89dce000 	C:\WINDOWS\System32\combase.dll
0x00007ffb88a90000 - 0x00007ffb88b67000 	C:\WINDOWS\System32\OLEAUT32.dll
0x00007ffb87410000 - 0x00007ffb87442000 	C:\WINDOWS\SYSTEM32\dbgcore.DLL
0x00007ffb881c0000 - 0x00007ffb8823b000 	C:\WINDOWS\System32\bcryptPrimitives.dll
0x00007ffb5b780000 - 0x00007ffb5b7a5000 	C:\Program Files\Android\Android Studio\jbr\bin\java.dll
0x00007ffb5efa0000 - 0x00007ffb5efb8000 	C:\Program Files\Android\Android Studio\jbr\bin\zip.dll
0x00007ffb89e30000 - 0x00007ffb8a697000 	C:\WINDOWS\System32\SHELL32.dll
0x00007ffb85270000 - 0x00007ffb85b6f000 	C:\WINDOWS\SYSTEM32\windows.storage.dll
0x00007ffb85130000 - 0x00007ffb8526f000 	C:\WINDOWS\SYSTEM32\wintypes.dll
0x00007ffb89830000 - 0x00007ffb89929000 	C:\WINDOWS\System32\SHCORE.dll
0x00007ffb8a6a0000 - 0x00007ffb8a6fe000 	C:\WINDOWS\System32\shlwapi.dll
0x00007ffb87b40000 - 0x00007ffb87b67000 	C:\WINDOWS\SYSTEM32\profapi.dll
0x00007ffb5b710000 - 0x00007ffb5b729000 	C:\Program Files\Android\Android Studio\jbr\bin\net.dll
0x00007ffb827c0000 - 0x00007ffb828f6000 	C:\WINDOWS\SYSTEM32\WINHTTP.dll
0x00007ffb869d0000 - 0x00007ffb86a39000 	C:\WINDOWS\system32\mswsock.dll
0x00007ffb5b6f0000 - 0x00007ffb5b706000 	C:\Program Files\Android\Android Studio\jbr\bin\nio.dll
0x00007ffb6f940000 - 0x00007ffb6f950000 	C:\Program Files\Android\Android Studio\jbr\bin\verify.dll
0x00007ffb683f0000 - 0x00007ffb68417000 	C:\Users\scher\.gradle\native\68d5fa5c4cc2d200863cafc0d521ce42e7d3e7ee720ec0a83991735586a16f82\windows-amd64\native-platform.dll
0x00007ffb43ef0000 - 0x00007ffb44034000 	C:\Users\scher\.gradle\native\e376f236ea51e6404a007f0833ffe2c6e607c4080706a723a18a27aeea778392\windows-amd64\native-platform-file-events.dll
0x00007ffb6eff0000 - 0x00007ffb6eff9000 	C:\Program Files\Android\Android Studio\jbr\bin\management.dll
0x00007ffb6e1b0000 - 0x00007ffb6e1bb000 	C:\Program Files\Android\Android Studio\jbr\bin\management_ext.dll
0x00007ffb89310000 - 0x00007ffb89318000 	C:\WINDOWS\System32\PSAPI.DLL
0x00007ffb878b0000 - 0x00007ffb878cb000 	C:\WINDOWS\SYSTEM32\CRYPTSP.dll
0x00007ffb863a0000 - 0x00007ffb863d5000 	C:\WINDOWS\system32\rsaenh.dll
0x00007ffb86a90000 - 0x00007ffb86ab8000 	C:\WINDOWS\SYSTEM32\USERENV.dll
0x00007ffb86ca0000 - 0x00007ffb86cac000 	C:\WINDOWS\SYSTEM32\CRYPTBASE.dll
0x00007ffb85e10000 - 0x00007ffb85e3d000 	C:\WINDOWS\SYSTEM32\IPHLPAPI.DLL
0x00007ffb89930000 - 0x00007ffb89939000 	C:\WINDOWS\System32\NSI.dll
0x00007ffb82640000 - 0x00007ffb82659000 	C:\WINDOWS\SYSTEM32\dhcpcsvc6.DLL
0x00007ffb82620000 - 0x00007ffb8263f000 	C:\WINDOWS\SYSTEM32\dhcpcsvc.DLL
0x00007ffb85e90000 - 0x00007ffb85f88000 	C:\WINDOWS\SYSTEM32\DNSAPI.dll
0x00007ffb69cb0000 - 0x00007ffb69cb8000 	C:\WINDOWS\system32\wshunix.dll

dbghelp: loaded successfully - version: 4.0.5 - missing functions: none
symbol engine: initialized successfully - sym options: 0x614 - pdb path: .;C:\Program Files\Android\Android Studio\jbr\bin;C:\WINDOWS\SYSTEM32;C:\WINDOWS\WinSxS\amd64_microsoft.windows.common-controls_6595b64144ccf1df_6.0.22621.3672_none_2713b9d173822955;C:\Program Files\Android\Android Studio\jbr\bin\server;C:\Users\scher\.gradle\native\68d5fa5c4cc2d200863cafc0d521ce42e7d3e7ee720ec0a83991735586a16f82\windows-amd64;C:\Users\scher\.gradle\native\e376f236ea51e6404a007f0833ffe2c6e607c4080706a723a18a27aeea778392\windows-amd64

VM Arguments:
jvm_args: --add-opens=java.base/java.util=ALL-UNNAMED --add-opens=java.base/java.lang=ALL-UNNAMED --add-opens=java.base/java.lang.invoke=ALL-UNNAMED --add-opens=java.prefs/java.util.prefs=ALL-UNNAMED --add-opens=java.base/java.nio.charset=ALL-UNNAMED --add-opens=java.base/java.net=ALL-UNNAMED --add-opens=java.base/java.util.concurrent.atomic=ALL-UNNAMED -Xmx2048m -Dfile.encoding=UTF-8 -Duser.country=BR -Duser.language=pt -Duser.variant 
java_command: org.gradle.launcher.daemon.bootstrap.GradleDaemon 8.0
java_class_path (initial): C:\Users\scher\.gradle\wrapper\dists\gradle-8.0-bin\ca5e32bp14vu59qr306oxotwh\gradle-8.0\lib\gradle-launcher-8.0.jar
Launcher Type: SUN_STANDARD

[Global flags]
     intx CICompilerCount                          = 4                                         {product} {ergonomic}
     uint ConcGCThreads                            = 2                                         {product} {ergonomic}
     uint G1ConcRefinementThreads                  = 8                                         {product} {ergonomic}
   size_t G1HeapRegionSize                         = 1048576                                   {product} {ergonomic}
    uintx GCDrainStackTargetSize                   = 64                                        {product} {ergonomic}
   size_t InitialHeapSize                          = 134217728                                 {product} {ergonomic}
   size_t MarkStackSize                            = 4194304                                   {product} {ergonomic}
   size_t MaxHeapSize                              = 2147483648                                {product} {command line}
   size_t MaxNewSize                               = 1287651328                                {product} {ergonomic}
   size_t MinHeapDeltaBytes                        = 1048576                                   {product} {ergonomic}
   size_t MinHeapSize                              = 8388608                                   {product} {ergonomic}
    uintx NonNMethodCodeHeapSize                   = 5839372                                {pd product} {ergonomic}
    uintx NonProfiledCodeHeapSize                  = 122909434                              {pd product} {ergonomic}
    uintx ProfiledCodeHeapSize                     = 122909434                              {pd product} {ergonomic}
    uintx ReservedCodeCacheSize                    = 251658240                              {pd product} {ergonomic}
     bool SegmentedCodeCache                       = true                                      {product} {ergonomic}
   size_t SoftMaxHeapSize                          = 2147483648                             {manageable} {ergonomic}
     bool UseCompressedClassPointers               = true                           {product lp64_product} {ergonomic}
     bool UseCompressedOops                        = true                           {product lp64_product} {ergonomic}
     bool UseG1GC                                  = true                                      {product} {ergonomic}
     bool UseLargePagesIndividualAllocation        = false                                  {pd product} {ergonomic}

Logging:
Log output configuration:
 #0: stdout all=warning uptime,level,tags
 #1: stderr all=off uptime,level,tags

Environment Variables:
PATH=C:\Program Files\Common Files\Oracle\Java\javapath;C:\Program Files (x86)\Embarcadero\Studio\22.0\bin;C:\Users\Public\Documents\Embarcadero\Studio\22.0\Bpl;C:\Program Files (x86)\Embarcadero\Studio\22.0\bin64;C:\Users\Public\Documents\Embarcadero\Studio\22.0\Bpl\Win64;C:\Program Files (x86)\Embarcadero\Studio\21.0\bin;C:\Users\Public\Documents\Embarcadero\Studio\21.0\Bpl;C:\Program Files (x86)\Embarcadero\Studio\21.0\bin64;C:\Users\Public\Documents\Embarcadero\Studio\21.0\Bpl\Win64;C:\Windows\system32;C:\Windows;C:\Windows\System32\Wbem;C:\Windows\System32\WindowsPowerShell\v1.0\;C:\Windows\System32\OpenSSH\;C:\Program Files (x86)\NVIDIA Corporation\PhysX\Common;C:\Program Files\NVIDIA Corporation\NVIDIA NvDLISR;C:\WINDOWS\system32;C:\WINDOWS;C:\WINDOWS\System32\Wbem;C:\WINDOWS\System32\WindowsPowerShell\v1.0\;C:\WINDOWS\System32\OpenSSH\;C:\Program Files\dotnet\;C:\Program Files (x86)\Windows Kits\10\Windows Performance Toolkit\;C:\Program Files\Git\cmd;C:\Users\scher\AppData\Local\Microsoft\WindowsApps;;C:\Users\scher\AppData\Local\Programs\Microsoft VS Code\bin
USERNAME=scher
OS=Windows_NT
PROCESSOR_IDENTIFIER=Intel64 Family 6 Model 142 Stepping 12, GenuineIntel
TMP=C:\Users\scher\AppData\Local\Temp
TEMP=C:\Users\scher\AppData\Local\Temp


JNI global refs:
JNI global refs: 25, weak refs: 1

JNI global refs memory usage: 843, weak refs: 841


---------------  S Y S T E M  ---------------

OS:
 Windows 11 , 64 bit Build 22621 (10.0.22621.3958)
OS uptime: 0 days 4:07 hours
Hyper-V role detected

CPU: total 8 (initial active 8) (4 cores per cpu, 2 threads per core) family 6 model 142 stepping 12 microcode 0xea, cx8, cmov, fxsr, ht, mmx, 3dnowpref, sse, sse2, sse3, ssse3, sse4.1, sse4.2, popcnt, lzcnt, tsc, tscinvbit, avx, avx2, aes, erms, clmul, bmi1, bmi2, adx, fma, vzeroupper, clflush, clflushopt, hv

Memory: 4k page, system-wide physical 8072M (715M free)
TotalPageFile size 10120M (AvailPageFile size 5M)
current process WorkingSet (physical memory assigned to process): 237M, peak: 237M
current process commit charge ("private bytes"): 273M, peak: 274M

vm_info: OpenJDK 64-Bit Server VM (17.0.6+0-b2043.56-10027231) for windows-amd64 JRE (17.0.6+0-b2043.56-10027231), built on Apr 28 2023 00:43:19 by "androidbuild" with MS VC++ 16.10 / 16.11 (VS2019)

END.
