#
# There is insufficient memory for the Java Runtime Environment to continue.
# Native memory allocation (mmap) failed to map 217055232 bytes for G1 virtual space
# Possible reasons:
#   The system is out of physical RAM or swap space
#   The process is running with CompressedOops enabled, and the Java Heap may be blocking the growth of the native heap
# Possible solutions:
#   Reduce memory load on the system
#   Increase physical memory or swap space
#   Check if swap backing store is full
#   Decrease Java heap size (-Xmx/-Xms)
#   Decrease number of Java threads
#   Decrease Java thread stack sizes (-Xss)
#   Set larger code cache with -XX:ReservedCodeCacheSize=
#   JVM is running with Unscaled Compressed Oops mode in which the Java heap is
#     placed in the first 4GB address space. The Java Heap base address is the
#     maximum limit for the native heap growth. Please use -XX:HeapBaseMinAddress
#     to set the Java Heap base and to place the Java Heap above 4GB virtual address.
# This output file may be truncated or incomplete.
#
#  Out of Memory Error (os_windows.cpp:3769), pid=12564, tid=13724
#
# JRE version: OpenJDK Runtime Environment (17.0.6) (build 17.0.6+0-b2043.56-10027231)
# Java VM: OpenJDK 64-Bit Server VM (17.0.6+0-b2043.56-10027231, mixed mode, tiered, compressed oops, compressed class ptrs, g1 gc, windows-amd64)
# No core dump will be written. Minidumps are not enabled by default on client versions of Windows
#

---------------  S U M M A R Y ------------

Command Line: --add-opens=java.base/java.util=ALL-UNNAMED --add-opens=java.base/java.lang=ALL-UNNAMED --add-opens=java.base/java.lang.invoke=ALL-UNNAMED --add-opens=java.prefs/java.util.prefs=ALL-UNNAMED --add-opens=java.base/java.nio.charset=ALL-UNNAMED --add-opens=java.base/java.net=ALL-UNNAMED --add-opens=java.base/java.util.concurrent.atomic=ALL-UNNAMED -Xmx2048m -Dfile.encoding=UTF-8 -Duser.country=BR -Duser.language=pt -Duser.variant org.gradle.launcher.daemon.bootstrap.GradleDaemon 8.0

Host: Intel(R) Core(TM) i7-8565U CPU @ 1.80GHz, 8 cores, 7G,  Windows 11 , 64 bit Build 22621 (10.0.22621.3958)
Time: Sat Aug 31 12:24:54 2024 Hora oficial do Brasil elapsed time: 15.589492 seconds (0d 0h 0m 15s)

---------------  T H R E A D  ---------------

Current thread (0x000001b84c95f940):  VMThread "VM Thread" [stack: 0x0000004414f00000,0x0000004415000000] [id=13724]

Stack: [0x0000004414f00000,0x0000004415000000]
Native frames: (J=compiled Java code, j=interpreted, Vv=VM code, C=native code)
V  [jvm.dll+0x683c9a]
V  [jvm.dll+0x8427a4]
V  [jvm.dll+0x843f9e]
V  [jvm.dll+0x844603]
V  [jvm.dll+0x249b75]
V  [jvm.dll+0x680b69]
V  [jvm.dll+0x67505a]
V  [jvm.dll+0x309acb]
V  [jvm.dll+0x310f86]
V  [jvm.dll+0x3608ee]
V  [jvm.dll+0x360b1f]
V  [jvm.dll+0x2dfbf8]
V  [jvm.dll+0x2ddec4]
V  [jvm.dll+0x2dd4cc]
V  [jvm.dll+0x322261]
V  [jvm.dll+0x848ccb]
V  [jvm.dll+0x849a04]
V  [jvm.dll+0x849f1d]
V  [jvm.dll+0x84a2f4]
V  [jvm.dll+0x84a3c0]
V  [jvm.dll+0x7f274a]
V  [jvm.dll+0x682ad5]
C  [ucrtbase.dll+0x29333]
C  [KERNEL32.DLL+0x1257d]
C  [ntdll.dll+0x5af28]

VM_Operation (0x000000441eafcd40): G1TryInitiateConcMark, mode: safepoint, requested by thread 0x000001b85660d7f0


---------------  P R O C E S S  ---------------

Threads class SMR info:
_java_thread_list=0x000001b84efafd80, length=143, elements={
0x000001b830b3fd30, 0x000001b84d413260, 0x000001b84d4140d0, 0x000001b84c973400,
0x000001b84c973fb0, 0x000001b84c974a60, 0x000001b84c976420, 0x000001b84c9771b0,
0x000001b84c977c50, 0x000001b84c978640, 0x000001b84d5c87d0, 0x000001b84d5c8ca0,
0x000001b84d7ef0f0, 0x000001b850260790, 0x000001b84edc0d60, 0x000001b850517520,
0x000001b84ee7c730, 0x000001b84ee7a160, 0x000001b84ee7a630, 0x000001b84fa9e5f0,
0x000001b84f987040, 0x000001b850468e40, 0x000001b8504697e0, 0x000001b85046aff0,
0x000001b850469310, 0x000001b8504684a0, 0x000001b85046ab20, 0x000001b85046b4c0,
0x000001b850469cb0, 0x000001b85046a180, 0x000001b85046b990, 0x000001b85046be60,
0x000001b850468970, 0x000001b852db6980, 0x000001b852dba340, 0x000001b852db4ca0,
0x000001b852db6e50, 0x000001b852db7320, 0x000001b852db8b30, 0x000001b852db5640,
0x000001b852db7cc0, 0x000001b852db77f0, 0x000001b852db8660, 0x000001b852db94d0,
0x000001b852db4300, 0x000001b852db9e70, 0x000001b852dba810, 0x000001b852dbb1b0,
0x000001b852dbb680, 0x000001b852db5fe0, 0x000001b852db3e30, 0x000001b852db47d0,
0x000001b852db64b0, 0x000001b852db8190, 0x000001b853186570, 0x000001b85318a8d0,
0x000001b853186a40, 0x000001b853188250, 0x000001b8531843c0, 0x000001b853184890,
0x000001b8531890c0, 0x000001b853189590, 0x000001b853189a60, 0x000001b853189f30,
0x000001b853183ef0, 0x000001b85318a400, 0x000001b853184d60, 0x000001b85318ada0,
0x000001b853185700, 0x000001b85318b270, 0x000001b853185230, 0x000001b853188720,
0x000001b853185bd0, 0x000001b853186f10, 0x000001b85318b740, 0x000001b8531860a0,
0x000001b8531873e0, 0x000001b8531878b0, 0x000001b853187d80, 0x000001b853188bf0,
0x000001b853217ca0, 0x000001b8532177d0, 0x000001b853215af0, 0x000001b853210df0,
0x000001b853215150, 0x000001b853211c60, 0x000001b853218170, 0x000001b853215fc0,
0x000001b853212130, 0x000001b853213940, 0x000001b853215620, 0x000001b853216960,
0x000001b853211790, 0x000001b853216490, 0x000001b853216e30, 0x000001b853217300,
0x000001b8532142e0, 0x000001b853218640, 0x000001b8532112c0, 0x000001b853212600,
0x000001b853213470, 0x000001b853212ad0, 0x000001b8532147b0, 0x000001b853212fa0,
0x000001b853213e10, 0x000001b853214c80, 0x000001b8536bc9c0, 0x000001b8536c2a00,
0x000001b8536be6a0, 0x000001b8536c2530, 0x000001b8536c0380, 0x000001b8536c2ed0,
0x000001b8536bfeb0, 0x000001b8536c33a0, 0x000001b8536c1b90, 0x000001b8536c0850,
0x000001b8536c3870, 0x000001b8536bce90, 0x000001b8536c2060, 0x000001b8536bc020,
0x000001b8536bc4f0, 0x000001b8536bf9e0, 0x000001b8536bd360, 0x000001b8536bd830,
0x000001b8536bdd00, 0x000001b8536bf510, 0x000001b8560b9140, 0x000001b8560bb7c0,
0x000001b8560bb2f0, 0x000001b8560ba950, 0x000001b8560b9610, 0x000001b8560b9fb0,
0x000001b8560bf650, 0x000001b8560b87a0, 0x000001b8560bbc90, 0x000001b8560bc160,
0x000001b85444bf20, 0x000001b8501ba0d0, 0x000001b85689eef0, 0x000001b85abf2530,
0x000001b85689f3c0, 0x000001b85660d7f0, 0x000001b85660bfe0
}

Java Threads: ( => current thread )
  0x000001b830b3fd30 JavaThread "main" [_thread_blocked, id=15548, stack(0x0000004414900000,0x0000004414a00000)]
  0x000001b84d413260 JavaThread "Reference Handler" daemon [_thread_blocked, id=7052, stack(0x0000004415000000,0x0000004415100000)]
  0x000001b84d4140d0 JavaThread "Finalizer" daemon [_thread_blocked, id=7176, stack(0x0000004415100000,0x0000004415200000)]
  0x000001b84c973400 JavaThread "Signal Dispatcher" daemon [_thread_blocked, id=5140, stack(0x0000004415200000,0x0000004415300000)]
  0x000001b84c973fb0 JavaThread "Attach Listener" daemon [_thread_blocked, id=1316, stack(0x0000004415300000,0x0000004415400000)]
  0x000001b84c974a60 JavaThread "Service Thread" daemon [_thread_blocked, id=14896, stack(0x0000004415400000,0x0000004415500000)]
  0x000001b84c976420 JavaThread "Monitor Deflation Thread" daemon [_thread_blocked, id=14880, stack(0x0000004415500000,0x0000004415600000)]
  0x000001b84c9771b0 JavaThread "C2 CompilerThread0" daemon [_thread_in_native, id=1912, stack(0x0000004415600000,0x0000004415700000)]
  0x000001b84c977c50 JavaThread "C1 CompilerThread0" daemon [_thread_blocked, id=4128, stack(0x0000004415700000,0x0000004415800000)]
  0x000001b84c978640 JavaThread "Sweeper thread" daemon [_thread_blocked, id=11644, stack(0x0000004415800000,0x0000004415900000)]
  0x000001b84d5c87d0 JavaThread "Common-Cleaner" daemon [_thread_blocked, id=13712, stack(0x0000004415900000,0x0000004415a00000)]
  0x000001b84d5c8ca0 JavaThread "Notification Thread" daemon [_thread_blocked, id=13480, stack(0x0000004415a00000,0x0000004415b00000)]
  0x000001b84d7ef0f0 JavaThread "C2 CompilerThread1" daemon [_thread_blocked, id=10580, stack(0x0000004415c00000,0x0000004415d00000)]
  0x000001b850260790 JavaThread "Daemon health stats" [_thread_blocked, id=2544, stack(0x0000004416200000,0x0000004416300000)]
  0x000001b84edc0d60 JavaThread "Incoming local TCP Connector on port 51967" [_thread_in_native, id=8584, stack(0x0000004416300000,0x0000004416400000)]
  0x000001b850517520 JavaThread "Daemon periodic checks" [_thread_blocked, id=2064, stack(0x0000004416400000,0x0000004416500000)]
  0x000001b84ee7c730 JavaThread "Daemon" [_thread_blocked, id=12788, stack(0x0000004416500000,0x0000004416600000)]
  0x000001b84ee7a160 JavaThread "Handler for socket connection from /127.0.0.1:51967 to /127.0.0.1:51969" [_thread_in_native, id=10460, stack(0x0000004416600000,0x0000004416700000)]
  0x000001b84ee7a630 JavaThread "Cancel handler" [_thread_blocked, id=8872, stack(0x0000004416700000,0x0000004416800000)]
  0x000001b84fa9e5f0 JavaThread "Daemon worker" [_thread_blocked, id=13364, stack(0x0000004416800000,0x0000004416900000)]
  0x000001b84f987040 JavaThread "Asynchronous log dispatcher for DefaultDaemonConnection: socket connection from /127.0.0.1:51967 to /127.0.0.1:51969" [_thread_blocked, id=6068, stack(0x0000004416900000,0x0000004416a00000)]
  0x000001b850468e40 JavaThread "Stdin handler" [_thread_blocked, id=14412, stack(0x0000004416a00000,0x0000004416b00000)]
  0x000001b8504697e0 JavaThread "Daemon client event forwarder" [_thread_blocked, id=11740, stack(0x0000004416b00000,0x0000004416c00000)]
  0x000001b85046aff0 JavaThread "Cache worker for journal cache (C:\Users\scher\.gradle\caches\journal-1)" [_thread_blocked, id=11476, stack(0x0000004417000000,0x0000004417100000)]
  0x000001b850469310 JavaThread "File lock request listener" [_thread_in_native, id=2072, stack(0x0000004417100000,0x0000004417200000)]
  0x000001b8504684a0 JavaThread "Cache worker for file hash cache (C:\Users\scher\.gradle\caches\8.0\fileHashes)" [_thread_blocked, id=8480, stack(0x0000004417200000,0x0000004417300000)]
  0x000001b85046ab20 JavaThread "File watcher server" daemon [_thread_blocked, id=5084, stack(0x0000004417300000,0x0000004417400000)]
  0x000001b85046b4c0 JavaThread "File watcher consumer" daemon [_thread_blocked, id=14480, stack(0x0000004417400000,0x0000004417500000)]
  0x000001b850469cb0 JavaThread "Cache worker for checksums cache (C:\Users\scher\Documents\PROJETOS ANDROID\RECICLAAI\.gradle\8.0\checksums)" [_thread_blocked, id=4468, stack(0x0000004417500000,0x0000004417600000)]
  0x000001b85046a180 JavaThread "Cache worker for cache directory md-rule (C:\Users\scher\.gradle\caches\8.0\md-rule)" [_thread_blocked, id=9624, stack(0x0000004417600000,0x0000004417700000)]
  0x000001b85046b990 JavaThread "Cache worker for file content cache (C:\Users\scher\.gradle\caches\8.0\fileContent)" [_thread_blocked, id=6364, stack(0x0000004417700000,0x0000004417800000)]
  0x000001b85046be60 JavaThread "Cache worker for file hash cache (C:\Users\scher\Documents\PROJETOS ANDROID\RECICLAAI\.gradle\8.0\fileHashes)" [_thread_blocked, id=15564, stack(0x0000004417800000,0x0000004417900000)]
  0x000001b850468970 JavaThread "Cache worker for cache directory md-supplier (C:\Users\scher\.gradle\caches\8.0\md-supplier)" [_thread_blocked, id=6888, stack(0x0000004417900000,0x0000004417a00000)]
  0x000001b852db6980 JavaThread "Cache worker for execution history cache (C:\Users\scher\.gradle\caches\8.0\executionHistory)" [_thread_blocked, id=12516, stack(0x0000004417a00000,0x0000004417b00000)]
  0x000001b852dba340 JavaThread "jar transforms" [_thread_blocked, id=9568, stack(0x0000004417b00000,0x0000004417c00000)]
  0x000001b852db4ca0 JavaThread "jar transforms Thread 2" [_thread_blocked, id=9000, stack(0x0000004417c00000,0x0000004417d00000)]
  0x000001b852db6e50 JavaThread "jar transforms Thread 3" [_thread_blocked, id=4740, stack(0x0000004417e00000,0x0000004417f00000)]
  0x000001b852db7320 JavaThread "jar transforms Thread 4" [_thread_blocked, id=14404, stack(0x0000004417f00000,0x0000004418000000)]
  0x000001b852db8b30 JavaThread "Cache worker for dependencies-accessors (C:\Users\scher\Documents\PROJETOS ANDROID\RECICLAAI\.gradle\8.0\dependencies-accessors)" [_thread_blocked, id=9588, stack(0x0000004418000000,0x0000004418100000)]
  0x000001b852db5640 JavaThread "jar transforms Thread 5" [_thread_blocked, id=808, stack(0x0000004418100000,0x0000004418200000)]
  0x000001b852db7cc0 JavaThread "Cache worker for Build Output Cleanup Cache (C:\Users\scher\Documents\PROJETOS ANDROID\RECICLAAI\.gradle\buildOutputCleanup)" [_thread_blocked, id=12468, stack(0x0000004418200000,0x0000004418300000)]
  0x000001b852db77f0 JavaThread "Unconstrained build operations" [_thread_blocked, id=14524, stack(0x0000004418300000,0x0000004418400000)]
  0x000001b852db8660 JavaThread "Unconstrained build operations Thread 2" [_thread_blocked, id=9924, stack(0x0000004418400000,0x0000004418500000)]
  0x000001b852db94d0 JavaThread "Unconstrained build operations Thread 3" [_thread_blocked, id=2268, stack(0x0000004418500000,0x0000004418600000)]
  0x000001b852db4300 JavaThread "Unconstrained build operations Thread 4" [_thread_blocked, id=9312, stack(0x0000004418600000,0x0000004418700000)]
  0x000001b852db9e70 JavaThread "Unconstrained build operations Thread 5" [_thread_blocked, id=15800, stack(0x0000004418700000,0x0000004418800000)]
  0x000001b852dba810 JavaThread "Unconstrained build operations Thread 6" [_thread_blocked, id=4388, stack(0x0000004418800000,0x0000004418900000)]
  0x000001b852dbb1b0 JavaThread "Unconstrained build operations Thread 7" [_thread_blocked, id=9304, stack(0x0000004418900000,0x0000004418a00000)]
  0x000001b852dbb680 JavaThread "Unconstrained build operations Thread 8" [_thread_blocked, id=12860, stack(0x0000004418a00000,0x0000004418b00000)]
  0x000001b852db5fe0 JavaThread "Unconstrained build operations Thread 9" [_thread_blocked, id=7764, stack(0x0000004418b00000,0x0000004418c00000)]
  0x000001b852db3e30 JavaThread "Unconstrained build operations Thread 10" [_thread_blocked, id=15932, stack(0x0000004418c00000,0x0000004418d00000)]
  0x000001b852db47d0 JavaThread "Unconstrained build operations Thread 11" [_thread_blocked, id=1948, stack(0x0000004418d00000,0x0000004418e00000)]
  0x000001b852db64b0 JavaThread "Unconstrained build operations Thread 12" [_thread_blocked, id=1068, stack(0x0000004418e00000,0x0000004418f00000)]
  0x000001b852db8190 JavaThread "Unconstrained build operations Thread 13" [_thread_blocked, id=13228, stack(0x0000004418f00000,0x0000004419000000)]
  0x000001b853186570 JavaThread "Unconstrained build operations Thread 14" [_thread_blocked, id=3164, stack(0x0000004419000000,0x0000004419100000)]
  0x000001b85318a8d0 JavaThread "Unconstrained build operations Thread 15" [_thread_blocked, id=5484, stack(0x0000004419100000,0x0000004419200000)]
  0x000001b853186a40 JavaThread "Unconstrained build operations Thread 16" [_thread_blocked, id=15208, stack(0x0000004419200000,0x0000004419300000)]
  0x000001b853188250 JavaThread "Unconstrained build operations Thread 17" [_thread_blocked, id=1992, stack(0x0000004419300000,0x0000004419400000)]
  0x000001b8531843c0 JavaThread "Unconstrained build operations Thread 18" [_thread_blocked, id=1900, stack(0x0000004419400000,0x0000004419500000)]
  0x000001b853184890 JavaThread "Unconstrained build operations Thread 19" [_thread_blocked, id=15956, stack(0x0000004419500000,0x0000004419600000)]
  0x000001b8531890c0 JavaThread "Unconstrained build operations Thread 20" [_thread_blocked, id=1228, stack(0x0000004419600000,0x0000004419700000)]
  0x000001b853189590 JavaThread "Unconstrained build operations Thread 21" [_thread_blocked, id=14200, stack(0x0000004419700000,0x0000004419800000)]
  0x000001b853189a60 JavaThread "Unconstrained build operations Thread 22" [_thread_blocked, id=9864, stack(0x0000004419800000,0x0000004419900000)]
  0x000001b853189f30 JavaThread "Unconstrained build operations Thread 23" [_thread_blocked, id=13664, stack(0x0000004419900000,0x0000004419a00000)]
  0x000001b853183ef0 JavaThread "Unconstrained build operations Thread 24" [_thread_blocked, id=5184, stack(0x0000004419a00000,0x0000004419b00000)]
  0x000001b85318a400 JavaThread "Unconstrained build operations Thread 25" [_thread_blocked, id=10200, stack(0x0000004419b00000,0x0000004419c00000)]
  0x000001b853184d60 JavaThread "Unconstrained build operations Thread 26" [_thread_blocked, id=12524, stack(0x0000004419c00000,0x0000004419d00000)]
  0x000001b85318ada0 JavaThread "Unconstrained build operations Thread 27" [_thread_blocked, id=9472, stack(0x0000004419d00000,0x0000004419e00000)]
  0x000001b853185700 JavaThread "Unconstrained build operations Thread 28" [_thread_blocked, id=14076, stack(0x0000004419e00000,0x0000004419f00000)]
  0x000001b85318b270 JavaThread "Unconstrained build operations Thread 29" [_thread_blocked, id=4124, stack(0x0000004419f00000,0x000000441a000000)]
  0x000001b853185230 JavaThread "Unconstrained build operations Thread 30" [_thread_blocked, id=13924, stack(0x000000441a000000,0x000000441a100000)]
  0x000001b853188720 JavaThread "Unconstrained build operations Thread 31" [_thread_blocked, id=16308, stack(0x000000441a100000,0x000000441a200000)]
  0x000001b853185bd0 JavaThread "Unconstrained build operations Thread 32" [_thread_blocked, id=3236, stack(0x000000441a200000,0x000000441a300000)]
  0x000001b853186f10 JavaThread "Unconstrained build operations Thread 33" [_thread_blocked, id=8512, stack(0x000000441a300000,0x000000441a400000)]
  0x000001b85318b740 JavaThread "Unconstrained build operations Thread 34" [_thread_blocked, id=3020, stack(0x000000441a400000,0x000000441a500000)]
  0x000001b8531860a0 JavaThread "Unconstrained build operations Thread 35" [_thread_blocked, id=15740, stack(0x000000441a500000,0x000000441a600000)]
  0x000001b8531873e0 JavaThread "Unconstrained build operations Thread 36" [_thread_blocked, id=15684, stack(0x000000441a600000,0x000000441a700000)]
  0x000001b8531878b0 JavaThread "Unconstrained build operations Thread 37" [_thread_blocked, id=14948, stack(0x000000441a700000,0x000000441a800000)]
  0x000001b853187d80 JavaThread "Unconstrained build operations Thread 38" [_thread_blocked, id=7368, stack(0x000000441a800000,0x000000441a900000)]
  0x000001b853188bf0 JavaThread "Unconstrained build operations Thread 39" [_thread_blocked, id=7224, stack(0x000000441a900000,0x000000441aa00000)]
  0x000001b853217ca0 JavaThread "Unconstrained build operations Thread 40" [_thread_blocked, id=15808, stack(0x000000441aa00000,0x000000441ab00000)]
  0x000001b8532177d0 JavaThread "Unconstrained build operations Thread 41" [_thread_blocked, id=7000, stack(0x000000441ab00000,0x000000441ac00000)]
  0x000001b853215af0 JavaThread "Unconstrained build operations Thread 42" [_thread_blocked, id=10464, stack(0x000000441ac00000,0x000000441ad00000)]
  0x000001b853210df0 JavaThread "Unconstrained build operations Thread 43" [_thread_blocked, id=5096, stack(0x000000441ad00000,0x000000441ae00000)]
  0x000001b853215150 JavaThread "Unconstrained build operations Thread 44" [_thread_blocked, id=15872, stack(0x000000441ae00000,0x000000441af00000)]
  0x000001b853211c60 JavaThread "Unconstrained build operations Thread 45" [_thread_blocked, id=3672, stack(0x000000441af00000,0x000000441b000000)]
  0x000001b853218170 JavaThread "Unconstrained build operations Thread 46" [_thread_blocked, id=15536, stack(0x000000441b000000,0x000000441b100000)]
  0x000001b853215fc0 JavaThread "Unconstrained build operations Thread 47" [_thread_blocked, id=5480, stack(0x000000441b100000,0x000000441b200000)]
  0x000001b853212130 JavaThread "Unconstrained build operations Thread 48" [_thread_blocked, id=14280, stack(0x000000441b200000,0x000000441b300000)]
  0x000001b853213940 JavaThread "Unconstrained build operations Thread 49" [_thread_blocked, id=2896, stack(0x000000441b300000,0x000000441b400000)]
  0x000001b853215620 JavaThread "Unconstrained build operations Thread 50" [_thread_blocked, id=10312, stack(0x000000441b400000,0x000000441b500000)]
  0x000001b853216960 JavaThread "Unconstrained build operations Thread 51" [_thread_blocked, id=8808, stack(0x000000441b500000,0x000000441b600000)]
  0x000001b853211790 JavaThread "Unconstrained build operations Thread 52" [_thread_blocked, id=12688, stack(0x000000441b600000,0x000000441b700000)]
  0x000001b853216490 JavaThread "Unconstrained build operations Thread 53" [_thread_blocked, id=1284, stack(0x000000441b700000,0x000000441b800000)]
  0x000001b853216e30 JavaThread "Unconstrained build operations Thread 54" [_thread_blocked, id=13492, stack(0x000000441b800000,0x000000441b900000)]
  0x000001b853217300 JavaThread "Unconstrained build operations Thread 55" [_thread_blocked, id=8736, stack(0x000000441b900000,0x000000441ba00000)]
  0x000001b8532142e0 JavaThread "Unconstrained build operations Thread 56" [_thread_blocked, id=13300, stack(0x000000441ba00000,0x000000441bb00000)]
  0x000001b853218640 JavaThread "Unconstrained build operations Thread 57" [_thread_blocked, id=3808, stack(0x000000441bb00000,0x000000441bc00000)]
  0x000001b8532112c0 JavaThread "Unconstrained build operations Thread 58" [_thread_blocked, id=12484, stack(0x000000441bc00000,0x000000441bd00000)]
  0x000001b853212600 JavaThread "Unconstrained build operations Thread 59" [_thread_blocked, id=7432, stack(0x000000441bd00000,0x000000441be00000)]
  0x000001b853213470 JavaThread "Unconstrained build operations Thread 60" [_thread_blocked, id=3560, stack(0x000000441be00000,0x000000441bf00000)]
  0x000001b853212ad0 JavaThread "Unconstrained build operations Thread 61" [_thread_blocked, id=7124, stack(0x000000441bf00000,0x000000441c000000)]
  0x000001b8532147b0 JavaThread "Unconstrained build operations Thread 62" [_thread_blocked, id=7304, stack(0x000000441c000000,0x000000441c100000)]
  0x000001b853212fa0 JavaThread "Unconstrained build operations Thread 63" [_thread_blocked, id=11428, stack(0x000000441c100000,0x000000441c200000)]
  0x000001b853213e10 JavaThread "Unconstrained build operations Thread 64" [_thread_blocked, id=13660, stack(0x000000441c200000,0x000000441c300000)]
  0x000001b853214c80 JavaThread "Unconstrained build operations Thread 65" [_thread_blocked, id=4284, stack(0x000000441c300000,0x000000441c400000)]
  0x000001b8536bc9c0 JavaThread "Unconstrained build operations Thread 66" [_thread_blocked, id=5424, stack(0x000000441c400000,0x000000441c500000)]
  0x000001b8536c2a00 JavaThread "Unconstrained build operations Thread 67" [_thread_blocked, id=9256, stack(0x000000441c500000,0x000000441c600000)]
  0x000001b8536be6a0 JavaThread "Unconstrained build operations Thread 68" [_thread_blocked, id=7132, stack(0x000000441c600000,0x000000441c700000)]
  0x000001b8536c2530 JavaThread "Unconstrained build operations Thread 69" [_thread_blocked, id=11864, stack(0x000000441c700000,0x000000441c800000)]
  0x000001b8536c0380 JavaThread "Unconstrained build operations Thread 70" [_thread_blocked, id=4556, stack(0x000000441c800000,0x000000441c900000)]
  0x000001b8536c2ed0 JavaThread "Unconstrained build operations Thread 71" [_thread_blocked, id=8076, stack(0x000000441c900000,0x000000441ca00000)]
  0x000001b8536bfeb0 JavaThread "Unconstrained build operations Thread 72" [_thread_blocked, id=14864, stack(0x000000441ca00000,0x000000441cb00000)]
  0x000001b8536c33a0 JavaThread "Unconstrained build operations Thread 73" [_thread_blocked, id=8724, stack(0x000000441cb00000,0x000000441cc00000)]
  0x000001b8536c1b90 JavaThread "Unconstrained build operations Thread 74" [_thread_blocked, id=12416, stack(0x000000441cc00000,0x000000441cd00000)]
  0x000001b8536c0850 JavaThread "Unconstrained build operations Thread 75" [_thread_blocked, id=14628, stack(0x000000441cd00000,0x000000441ce00000)]
  0x000001b8536c3870 JavaThread "Unconstrained build operations Thread 76" [_thread_blocked, id=15092, stack(0x000000441ce00000,0x000000441cf00000)]
  0x000001b8536bce90 JavaThread "Unconstrained build operations Thread 77" [_thread_blocked, id=11932, stack(0x000000441cf00000,0x000000441d000000)]
  0x000001b8536c2060 JavaThread "Unconstrained build operations Thread 78" [_thread_blocked, id=2944, stack(0x000000441d000000,0x000000441d100000)]
  0x000001b8536bc020 JavaThread "Unconstrained build operations Thread 79" [_thread_blocked, id=6540, stack(0x000000441d100000,0x000000441d200000)]
  0x000001b8536bc4f0 JavaThread "Unconstrained build operations Thread 80" [_thread_blocked, id=13980, stack(0x000000441d200000,0x000000441d300000)]
  0x000001b8536bf9e0 JavaThread "jar transforms Thread 6" [_thread_blocked, id=14084, stack(0x000000441d300000,0x000000441d400000)]
  0x000001b8536bd360 JavaThread "jar transforms Thread 7" [_thread_blocked, id=10456, stack(0x000000441d400000,0x000000441d500000)]
  0x000001b8536bd830 JavaThread "jar transforms Thread 8" [_thread_blocked, id=12952, stack(0x000000441d500000,0x000000441d600000)]
  0x000001b8536bdd00 JavaThread "build event listener" [_thread_blocked, id=3556, stack(0x000000441d600000,0x000000441d700000)]
  0x000001b8536bf510 JavaThread "Memory manager" [_thread_blocked, id=9496, stack(0x000000441d700000,0x000000441d800000)]
  0x000001b8560b9140 JavaThread "included builds" [_thread_blocked, id=10912, stack(0x000000441da00000,0x000000441db00000)]
  0x000001b8560bb7c0 JavaThread "Execution worker" [_thread_blocked, id=4580, stack(0x000000441db00000,0x000000441dc00000)]
  0x000001b8560bb2f0 JavaThread "Execution worker Thread 2" [_thread_blocked, id=6028, stack(0x000000441dc00000,0x000000441dd00000)]
  0x000001b8560ba950 JavaThread "Execution worker Thread 3" [_thread_blocked, id=10300, stack(0x000000441dd00000,0x000000441de00000)]
  0x000001b8560b9610 JavaThread "Execution worker Thread 4" [_thread_blocked, id=2508, stack(0x000000441de00000,0x000000441df00000)]
  0x000001b8560b9fb0 JavaThread "Execution worker Thread 5" [_thread_blocked, id=9548, stack(0x000000441df00000,0x000000441e000000)]
  0x000001b8560bf650 JavaThread "Execution worker Thread 6" [_thread_blocked, id=2356, stack(0x000000441e000000,0x000000441e100000)]
  0x000001b8560b87a0 JavaThread "Execution worker Thread 7" [_thread_blocked, id=12772, stack(0x000000441e100000,0x000000441e200000)]
  0x000001b8560bbc90 JavaThread "Cache worker for execution history cache (C:\Users\scher\Documents\PROJETOS ANDROID\RECICLAAI\.gradle\8.0\executionHistory)" [_thread_blocked, id=12756, stack(0x000000441e200000,0x000000441e300000)]
  0x000001b8560bc160 JavaThread "WorkerExecutor Queue" [_thread_blocked, id=9332, stack(0x000000441e500000,0x000000441e600000)]
  0x000001b85444bf20 JavaThread "WorkerExecutor Queue Thread 2" [_thread_blocked, id=6664, stack(0x000000441e600000,0x000000441e700000)]
  0x000001b8501ba0d0 JavaThread "C2 CompilerThread2" daemon [_thread_in_native, id=15284, stack(0x0000004415d00000,0x0000004415e00000)]
  0x000001b85689eef0 JavaThread "WorkerExecutor Queue Thread 3" [_thread_blocked, id=4668, stack(0x000000441e700000,0x000000441e800000)]
  0x000001b85abf2530 JavaThread "WorkerExecutor Queue Thread 4" [_thread_blocked, id=3264, stack(0x000000441e800000,0x000000441e900000)]
  0x000001b85689f3c0 JavaThread "WorkerExecutor Queue Thread 5" [_thread_blocked, id=4056, stack(0x000000441e900000,0x000000441ea00000)]
  0x000001b85660d7f0 JavaThread "WorkerExecutor Queue Thread 6" [_thread_blocked, id=3112, stack(0x000000441ea00000,0x000000441eb00000)]
  0x000001b85660bfe0 JavaThread "WorkerExecutor Queue Thread 7" [_thread_blocked, id=15812, stack(0x000000441eb00000,0x000000441ec00000)]

Other Threads:
=>0x000001b84c95f940 VMThread "VM Thread" [stack: 0x0000004414f00000,0x0000004415000000] [id=13724]
  0x000001b84d5cb180 WatcherThread [stack: 0x0000004415b00000,0x0000004415c00000] [id=4676]
  0x000001b830b9d7e0 GCTaskThread "GC Thread#0" [stack: 0x0000004414a00000,0x0000004414b00000] [id=6352]
  0x000001b84dfbee30 GCTaskThread "GC Thread#1" [stack: 0x0000004415e00000,0x0000004415f00000] [id=4248]
  0x000001b84d9b9c30 GCTaskThread "GC Thread#2" [stack: 0x0000004415f00000,0x0000004416000000] [id=13852]
  0x000001b84de51cd0 GCTaskThread "GC Thread#3" [stack: 0x0000004416000000,0x0000004416100000] [id=15168]
  0x000001b84ec601d0 GCTaskThread "GC Thread#4" [stack: 0x0000004416100000,0x0000004416200000] [id=8472]
  0x000001b84ef7dd50 GCTaskThread "GC Thread#5" [stack: 0x0000004416c00000,0x0000004416d00000] [id=12248]
  0x000001b8501d6030 GCTaskThread "GC Thread#6" [stack: 0x0000004416d00000,0x0000004416e00000] [id=12588]
  0x000001b8501d62e0 GCTaskThread "GC Thread#7" [stack: 0x0000004416e00000,0x0000004416f00000] [id=11548]
  0x000001b830bae720 ConcurrentGCThread "G1 Main Marker" [stack: 0x0000004414b00000,0x0000004414c00000] [id=14172]
  0x000001b830baf130 ConcurrentGCThread "G1 Conc#0" [stack: 0x0000004414c00000,0x0000004414d00000] [id=13596]
  0x000001b84e891550 ConcurrentGCThread "G1 Conc#1" [stack: 0x0000004416f00000,0x0000004417000000] [id=4656]
  0x000001b84c7bc510 ConcurrentGCThread "G1 Refine#0" [stack: 0x0000004414d00000,0x0000004414e00000] [id=2608]
  0x000001b852d4deb0 ConcurrentGCThread "G1 Refine#1" [stack: 0x0000004417d00000,0x0000004417e00000] [id=5232]
  0x000001b8537e1800 ConcurrentGCThread "G1 Refine#2" [stack: 0x000000441d800000,0x000000441d900000] [id=9236]
  0x000001b8537e1ae0 ConcurrentGCThread "G1 Refine#3" [stack: 0x000000441d900000,0x000000441da00000] [id=13984]
  0x000001b856a3f8d0 ConcurrentGCThread "G1 Refine#4" [stack: 0x000000441e300000,0x000000441e400000] [id=12624]
  0x000001b856a40730 ConcurrentGCThread "G1 Refine#5" [stack: 0x000000441e400000,0x000000441e500000] [id=4408]
  0x000001b84c7bcf30 ConcurrentGCThread "G1 Service" [stack: 0x0000004414e00000,0x0000004414f00000] [id=5496]

Threads with active compile tasks:
C2 CompilerThread0    15620 13041       4       java.io.File::<init> (111 bytes)
C1 CompilerThread0    15620 13276       1       org.gradle.internal.fingerprint.classpath.impl.ClasspathFingerprintingStrategy::access$900 (5 bytes)
C2 CompilerThread1    15620 13182       4       java.lang.Boolean::hashCode (8 bytes)
C2 CompilerThread2    15620 12948       4       org.gradle.internal.instantiation.generator.AbstractClassGenerator::inspectType (560 bytes)

VM state: at safepoint (normal execution)

VM Mutex/Monitor currently owned by a thread:  ([mutex/lock_event])
[0x000001b830b3b980] Threads_lock - owner thread: 0x000001b84c95f940
[0x000001b830b3c3a0] Heap_lock - owner thread: 0x000001b85660d7f0

Heap address: 0x0000000080000000, size: 2048 MB, Compressed Oops mode: 32-bit

CDS archive(s) not mapped
Compressed class space mapped at: 0x0000000100000000-0x0000000140000000, reserved size: 1073741824
Narrow klass base: 0x0000000000000000, Narrow klass shift: 3, Narrow klass range: 0x140000000

GC Precious Log:
 CPUs: 8 total, 8 available
 Memory: 8072M
 Large Page Support: Disabled
 NUMA Support: Disabled
 Compressed Oops: Enabled (32-bit)
 Heap Region Size: 1M
 Heap Min Capacity: 8M
 Heap Initial Capacity: 128M
 Heap Max Capacity: 2G
 Pre-touch: Disabled
 Parallel Workers: 8
 Concurrent Workers: 2
 Concurrent Refinement Workers: 8
 Periodic GC: Disabled

Heap:
 garbage-first heap   total 197632K, used 146407K [0x0000000080000000, 0x0000000100000000)
  region size 1024K, 4 young (4096K), 4 survivors (4096K)
 Metaspace       used 101899K, committed 102656K, reserved 1138688K
  class space    used 13775K, committed 14144K, reserved 1048576K

Heap Regions: E=young(eden), S=young(survivor), O=old, HS=humongous(starts), HC=humongous(continues), CS=collection set, F=free, OA=open archive, CA=closed archive, TAMS=top-at-mark-start (previous, next)
|   0|0x0000000080000000, 0x0000000080100000, 0x0000000080100000|100%|HS|  |TAMS 0x0000000080100000, 0x0000000080100000| Complete 
|   1|0x0000000080100000, 0x0000000080200000, 0x0000000080200000|100%|HC|  |TAMS 0x0000000080200000, 0x0000000080200000| Complete 
|   2|0x0000000080200000, 0x0000000080300000, 0x0000000080300000|100%|HC|  |TAMS 0x0000000080300000, 0x0000000080300000| Complete 
|   3|0x0000000080300000, 0x0000000080400000, 0x0000000080400000|100%|HC|  |TAMS 0x0000000080400000, 0x0000000080400000| Complete 
|   4|0x0000000080400000, 0x0000000080500000, 0x0000000080500000|100%| O|  |TAMS 0x0000000080500000, 0x0000000080500000| Untracked 
|   5|0x0000000080500000, 0x0000000080600000, 0x0000000080600000|100%| O|  |TAMS 0x0000000080600000, 0x0000000080600000| Untracked 
|   6|0x0000000080600000, 0x0000000080700000, 0x0000000080700000|100%| O|  |TAMS 0x0000000080700000, 0x0000000080700000| Untracked 
|   7|0x0000000080700000, 0x0000000080800000, 0x0000000080800000|100%| O|  |TAMS 0x0000000080800000, 0x0000000080800000| Untracked 
|   8|0x0000000080800000, 0x0000000080900000, 0x0000000080900000|100%| O|  |TAMS 0x0000000080900000, 0x0000000080900000| Untracked 
|   9|0x0000000080900000, 0x0000000080a00000, 0x0000000080a00000|100%| O|  |TAMS 0x0000000080a00000, 0x0000000080a00000| Untracked 
|  10|0x0000000080a00000, 0x0000000080b00000, 0x0000000080b00000|100%| O|  |TAMS 0x0000000080b00000, 0x0000000080b00000| Untracked 
|  11|0x0000000080b00000, 0x0000000080bcc400, 0x0000000080c00000| 79%| O|  |TAMS 0x0000000080bcc400, 0x0000000080bcc400| Untracked 
|  12|0x0000000080c00000, 0x0000000080d00000, 0x0000000080d00000|100%| O|  |TAMS 0x0000000080d00000, 0x0000000080d00000| Untracked 
|  13|0x0000000080d00000, 0x0000000080e00000, 0x0000000080e00000|100%| O|  |TAMS 0x0000000080e00000, 0x0000000080e00000| Untracked 
|  14|0x0000000080e00000, 0x0000000080f00000, 0x0000000080f00000|100%| O|  |TAMS 0x0000000080f00000, 0x0000000080f00000| Untracked 
|  15|0x0000000080f00000, 0x0000000081000000, 0x0000000081000000|100%| O|  |TAMS 0x0000000081000000, 0x0000000081000000| Untracked 
|  16|0x0000000081000000, 0x0000000081100000, 0x0000000081100000|100%| O|  |TAMS 0x0000000081100000, 0x0000000081100000| Untracked 
|  17|0x0000000081100000, 0x0000000081200000, 0x0000000081200000|100%| O|  |TAMS 0x0000000081200000, 0x0000000081200000| Untracked 
|  18|0x0000000081200000, 0x0000000081300000, 0x0000000081300000|100%| O|  |TAMS 0x0000000081300000, 0x0000000081300000| Untracked 
|  19|0x0000000081300000, 0x0000000081400000, 0x0000000081400000|100%| O|  |TAMS 0x0000000081400000, 0x0000000081400000| Untracked 
|  20|0x0000000081400000, 0x0000000081500000, 0x0000000081500000|100%| O|  |TAMS 0x0000000081500000, 0x0000000081500000| Untracked 
|  21|0x0000000081500000, 0x0000000081600000, 0x0000000081600000|100%| O|  |TAMS 0x0000000081600000, 0x0000000081600000| Untracked 
|  22|0x0000000081600000, 0x0000000081700000, 0x0000000081700000|100%| O|  |TAMS 0x0000000081700000, 0x0000000081700000| Untracked 
|  23|0x0000000081700000, 0x0000000081800000, 0x0000000081800000|100%| O|  |TAMS 0x0000000081800000, 0x0000000081800000| Untracked 
|  24|0x0000000081800000, 0x0000000081900000, 0x0000000081900000|100%| O|  |TAMS 0x0000000081900000, 0x0000000081900000| Untracked 
|  25|0x0000000081900000, 0x0000000081a00000, 0x0000000081a00000|100%| O|  |TAMS 0x0000000081a00000, 0x0000000081a00000| Untracked 
|  26|0x0000000081a00000, 0x0000000081b00000, 0x0000000081b00000|100%| O|  |TAMS 0x0000000081b00000, 0x0000000081b00000| Untracked 
|  27|0x0000000081b00000, 0x0000000081c00000, 0x0000000081c00000|100%| O|  |TAMS 0x0000000081c00000, 0x0000000081c00000| Untracked 
|  28|0x0000000081c00000, 0x0000000081d00000, 0x0000000081d00000|100%| O|  |TAMS 0x0000000081d00000, 0x0000000081d00000| Untracked 
|  29|0x0000000081d00000, 0x0000000081e00000, 0x0000000081e00000|100%| O|  |TAMS 0x0000000081e00000, 0x0000000081e00000| Untracked 
|  30|0x0000000081e00000, 0x0000000081f00000, 0x0000000081f00000|100%|HS|  |TAMS 0x0000000081f00000, 0x0000000081f00000| Complete 
|  31|0x0000000081f00000, 0x0000000082000000, 0x0000000082000000|100%| O|  |TAMS 0x0000000082000000, 0x0000000082000000| Untracked 
|  32|0x0000000082000000, 0x0000000082100000, 0x0000000082100000|100%| O|  |TAMS 0x0000000082100000, 0x0000000082100000| Untracked 
|  33|0x0000000082100000, 0x0000000082200000, 0x0000000082200000|100%| O|  |TAMS 0x0000000082100000, 0x0000000082200000| Untracked 
|  34|0x0000000082200000, 0x0000000082300000, 0x0000000082300000|100%|HS|  |TAMS 0x0000000082300000, 0x0000000082300000| Complete 
|  35|0x0000000082300000, 0x0000000082400000, 0x0000000082400000|100%|HS|  |TAMS 0x0000000082400000, 0x0000000082400000| Complete 
|  36|0x0000000082400000, 0x0000000082500000, 0x0000000082500000|100%| O|  |TAMS 0x0000000082500000, 0x0000000082500000| Untracked 
|  37|0x0000000082500000, 0x0000000082600000, 0x0000000082600000|100%| O|  |TAMS 0x0000000082600000, 0x0000000082600000| Untracked 
|  38|0x0000000082600000, 0x0000000082700000, 0x0000000082700000|100%| O|  |TAMS 0x0000000082700000, 0x0000000082700000| Untracked 
|  39|0x0000000082700000, 0x0000000082800000, 0x0000000082800000|100%| O|  |TAMS 0x0000000082700000, 0x0000000082800000| Untracked 
|  40|0x0000000082800000, 0x0000000082900000, 0x0000000082900000|100%| O|  |TAMS 0x0000000082900000, 0x0000000082900000| Untracked 
|  41|0x0000000082900000, 0x0000000082a00000, 0x0000000082a00000|100%| O|  |TAMS 0x0000000082a00000, 0x0000000082a00000| Untracked 
|  42|0x0000000082a00000, 0x0000000082b00000, 0x0000000082b00000|100%| O|  |TAMS 0x0000000082b00000, 0x0000000082b00000| Untracked 
|  43|0x0000000082b00000, 0x0000000082c00000, 0x0000000082c00000|100%| O|  |TAMS 0x0000000082c00000, 0x0000000082c00000| Untracked 
|  44|0x0000000082c00000, 0x0000000082d00000, 0x0000000082d00000|100%| O|  |TAMS 0x0000000082d00000, 0x0000000082d00000| Untracked 
|  45|0x0000000082d00000, 0x0000000082e00000, 0x0000000082e00000|100%| O|  |TAMS 0x0000000082e00000, 0x0000000082e00000| Untracked 
|  46|0x0000000082e00000, 0x0000000082f00000, 0x0000000082f00000|100%| O|  |TAMS 0x0000000082f00000, 0x0000000082f00000| Untracked 
|  47|0x0000000082f00000, 0x0000000083000000, 0x0000000083000000|100%| O|  |TAMS 0x0000000083000000, 0x0000000083000000| Untracked 
|  48|0x0000000083000000, 0x0000000083100000, 0x0000000083100000|100%| O|  |TAMS 0x0000000083100000, 0x0000000083100000| Untracked 
|  49|0x0000000083100000, 0x0000000083200000, 0x0000000083200000|100%| O|  |TAMS 0x0000000083200000, 0x0000000083200000| Untracked 
|  50|0x0000000083200000, 0x0000000083300000, 0x0000000083300000|100%| O|  |TAMS 0x0000000083300000, 0x0000000083300000| Untracked 
|  51|0x0000000083300000, 0x0000000083400000, 0x0000000083400000|100%| O|  |TAMS 0x0000000083400000, 0x0000000083400000| Untracked 
|  52|0x0000000083400000, 0x0000000083500000, 0x0000000083500000|100%| O|  |TAMS 0x0000000083500000, 0x0000000083500000| Untracked 
|  53|0x0000000083500000, 0x0000000083600000, 0x0000000083600000|100%| O|  |TAMS 0x0000000083600000, 0x0000000083600000| Untracked 
|  54|0x0000000083600000, 0x0000000083700000, 0x0000000083700000|100%| O|  |TAMS 0x0000000083700000, 0x0000000083700000| Untracked 
|  55|0x0000000083700000, 0x0000000083800000, 0x0000000083800000|100%| O|  |TAMS 0x0000000083800000, 0x0000000083800000| Untracked 
|  56|0x0000000083800000, 0x0000000083900000, 0x0000000083900000|100%| O|  |TAMS 0x0000000083900000, 0x0000000083900000| Untracked 
|  57|0x0000000083900000, 0x0000000083a00000, 0x0000000083a00000|100%| O|  |TAMS 0x0000000083a00000, 0x0000000083a00000| Untracked 
|  58|0x0000000083a00000, 0x0000000083b00000, 0x0000000083b00000|100%| O|  |TAMS 0x0000000083b00000, 0x0000000083b00000| Untracked 
|  59|0x0000000083b00000, 0x0000000083c00000, 0x0000000083c00000|100%| O|  |TAMS 0x0000000083c00000, 0x0000000083c00000| Untracked 
|  60|0x0000000083c00000, 0x0000000083d00000, 0x0000000083d00000|100%| O|  |TAMS 0x0000000083d00000, 0x0000000083d00000| Untracked 
|  61|0x0000000083d00000, 0x0000000083e00000, 0x0000000083e00000|100%| O|  |TAMS 0x0000000083e00000, 0x0000000083e00000| Untracked 
|  62|0x0000000083e00000, 0x0000000083f00000, 0x0000000083f00000|100%| O|  |TAMS 0x0000000083f00000, 0x0000000083f00000| Untracked 
|  63|0x0000000083f00000, 0x0000000084000000, 0x0000000084000000|100%| O|  |TAMS 0x0000000084000000, 0x0000000084000000| Untracked 
|  64|0x0000000084000000, 0x0000000084100000, 0x0000000084100000|100%| O|  |TAMS 0x0000000084100000, 0x0000000084100000| Untracked 
|  65|0x0000000084100000, 0x0000000084200000, 0x0000000084200000|100%| O|  |TAMS 0x0000000084200000, 0x0000000084200000| Untracked 
|  66|0x0000000084200000, 0x0000000084300000, 0x0000000084300000|100%| O|  |TAMS 0x0000000084300000, 0x0000000084300000| Untracked 
|  67|0x0000000084300000, 0x0000000084400000, 0x0000000084400000|100%| O|  |TAMS 0x0000000084400000, 0x0000000084400000| Untracked 
|  68|0x0000000084400000, 0x0000000084500000, 0x0000000084500000|100%| O|  |TAMS 0x0000000084500000, 0x0000000084500000| Untracked 
|  69|0x0000000084500000, 0x0000000084600000, 0x0000000084600000|100%| O|  |TAMS 0x0000000084600000, 0x0000000084600000| Untracked 
|  70|0x0000000084600000, 0x0000000084700000, 0x0000000084700000|100%| O|  |TAMS 0x0000000084700000, 0x0000000084700000| Untracked 
|  71|0x0000000084700000, 0x0000000084800000, 0x0000000084800000|100%| O|  |TAMS 0x0000000084800000, 0x0000000084800000| Untracked 
|  72|0x0000000084800000, 0x0000000084900000, 0x0000000084900000|100%| O|  |TAMS 0x0000000084900000, 0x0000000084900000| Untracked 
|  73|0x0000000084900000, 0x0000000084a00000, 0x0000000084a00000|100%| O|  |TAMS 0x0000000084a00000, 0x0000000084a00000| Untracked 
|  74|0x0000000084a00000, 0x0000000084b00000, 0x0000000084b00000|100%| O|  |TAMS 0x0000000084b00000, 0x0000000084b00000| Untracked 
|  75|0x0000000084b00000, 0x0000000084c00000, 0x0000000084c00000|100%| O|  |TAMS 0x0000000084c00000, 0x0000000084c00000| Untracked 
|  76|0x0000000084c00000, 0x0000000084d00000, 0x0000000084d00000|100%| O|  |TAMS 0x0000000084d00000, 0x0000000084d00000| Untracked 
|  77|0x0000000084d00000, 0x0000000084e00000, 0x0000000084e00000|100%| O|  |TAMS 0x0000000084d00000, 0x0000000084e00000| Untracked 
|  78|0x0000000084e00000, 0x0000000084f00000, 0x0000000084f00000|100%| O|  |TAMS 0x0000000084f00000, 0x0000000084f00000| Untracked 
|  79|0x0000000084f00000, 0x0000000085000000, 0x0000000085000000|100%| O|  |TAMS 0x0000000085000000, 0x0000000085000000| Untracked 
|  80|0x0000000085000000, 0x0000000085100000, 0x0000000085100000|100%| O|  |TAMS 0x0000000085100000, 0x0000000085100000| Untracked 
|  81|0x0000000085100000, 0x0000000085200000, 0x0000000085200000|100%| O|  |TAMS 0x0000000085200000, 0x0000000085200000| Untracked 
|  82|0x0000000085200000, 0x0000000085300000, 0x0000000085300000|100%| O|  |TAMS 0x0000000085300000, 0x0000000085300000| Untracked 
|  83|0x0000000085300000, 0x0000000085400000, 0x0000000085400000|100%| O|  |TAMS 0x0000000085400000, 0x0000000085400000| Untracked 
|  84|0x0000000085400000, 0x0000000085500000, 0x0000000085500000|100%| O|  |TAMS 0x0000000085500000, 0x0000000085500000| Untracked 
|  85|0x0000000085500000, 0x0000000085600000, 0x0000000085600000|100%| O|  |TAMS 0x0000000085600000, 0x0000000085600000| Untracked 
|  86|0x0000000085600000, 0x0000000085700000, 0x0000000085700000|100%| O|  |TAMS 0x0000000085700000, 0x0000000085700000| Untracked 
|  87|0x0000000085700000, 0x0000000085800000, 0x0000000085800000|100%| O|  |TAMS 0x0000000085800000, 0x0000000085800000| Untracked 
|  88|0x0000000085800000, 0x0000000085900000, 0x0000000085900000|100%| O|  |TAMS 0x0000000085800000, 0x0000000085900000| Untracked 
|  89|0x0000000085900000, 0x0000000085a00000, 0x0000000085a00000|100%| O|  |TAMS 0x0000000085900000, 0x0000000085a00000| Untracked 
|  90|0x0000000085a00000, 0x0000000085b00000, 0x0000000085b00000|100%| O|  |TAMS 0x0000000085a00000, 0x0000000085b00000| Untracked 
|  91|0x0000000085b00000, 0x0000000085c00000, 0x0000000085c00000|100%|HS|  |TAMS 0x0000000085b00000, 0x0000000085c00000| Complete 
|  92|0x0000000085c00000, 0x0000000085d00000, 0x0000000085d00000|100%|HC|  |TAMS 0x0000000085c00000, 0x0000000085d00000| Complete 
|  93|0x0000000085d00000, 0x0000000085e00000, 0x0000000085e00000|100%|HS|  |TAMS 0x0000000085d00000, 0x0000000085e00000| Complete 
|  94|0x0000000085e00000, 0x0000000085f00000, 0x0000000085f00000|100%|HS|  |TAMS 0x0000000085e00000, 0x0000000085f00000| Complete 
|  95|0x0000000085f00000, 0x0000000086000000, 0x0000000086000000|100%|HS|  |TAMS 0x0000000085f00000, 0x0000000086000000| Complete 
|  96|0x0000000086000000, 0x0000000086100000, 0x0000000086100000|100%|HC|  |TAMS 0x0000000086000000, 0x0000000086100000| Complete 
|  97|0x0000000086100000, 0x0000000086200000, 0x0000000086200000|100%|HS|  |TAMS 0x0000000086100000, 0x0000000086200000| Complete 
|  98|0x0000000086200000, 0x0000000086300000, 0x0000000086300000|100%|HC|  |TAMS 0x0000000086200000, 0x0000000086300000| Complete 
|  99|0x0000000086300000, 0x0000000086400000, 0x0000000086400000|100%|HS|  |TAMS 0x0000000086300000, 0x0000000086400000| Complete 
| 100|0x0000000086400000, 0x0000000086500000, 0x0000000086500000|100%|HC|  |TAMS 0x0000000086400000, 0x0000000086500000| Complete 
| 101|0x0000000086500000, 0x0000000086600000, 0x0000000086600000|100%| O|  |TAMS 0x0000000086500000, 0x0000000086600000| Untracked 
| 102|0x0000000086600000, 0x0000000086700000, 0x0000000086700000|100%| O|  |TAMS 0x0000000086600000, 0x0000000086700000| Untracked 
| 103|0x0000000086700000, 0x0000000086800000, 0x0000000086800000|100%| O|  |TAMS 0x0000000086800000, 0x0000000086800000| Untracked 
| 104|0x0000000086800000, 0x0000000086900000, 0x0000000086900000|100%| O|  |TAMS 0x0000000086800000, 0x0000000086900000| Untracked 
| 105|0x0000000086900000, 0x0000000086a00000, 0x0000000086a00000|100%| O|  |TAMS 0x0000000086999000, 0x0000000086a00000| Untracked 
| 106|0x0000000086a00000, 0x0000000086b00000, 0x0000000086b00000|100%|HS|  |TAMS 0x0000000086a00000, 0x0000000086b00000| Complete 
| 107|0x0000000086b00000, 0x0000000086c00000, 0x0000000086c00000|100%|HC|  |TAMS 0x0000000086b00000, 0x0000000086c00000| Complete 
| 108|0x0000000086c00000, 0x0000000086d00000, 0x0000000086d00000|100%|HC|  |TAMS 0x0000000086c00000, 0x0000000086d00000| Complete 
| 109|0x0000000086d00000, 0x0000000086e00000, 0x0000000086e00000|100%| O|  |TAMS 0x0000000086d00000, 0x0000000086e00000| Untracked 
| 110|0x0000000086e00000, 0x0000000086f00000, 0x0000000086f00000|100%| O|  |TAMS 0x0000000086e00000, 0x0000000086f00000| Untracked 
| 111|0x0000000086f00000, 0x0000000086f00000, 0x0000000087000000|  0%| F|  |TAMS 0x0000000086f00000, 0x0000000086f00000| Untracked 
| 112|0x0000000087000000, 0x0000000087000000, 0x0000000087100000|  0%| F|  |TAMS 0x0000000087000000, 0x0000000087000000| Untracked 
| 113|0x0000000087100000, 0x0000000087100000, 0x0000000087200000|  0%| F|  |TAMS 0x0000000087100000, 0x0000000087100000| Untracked 
| 114|0x0000000087200000, 0x0000000087300000, 0x0000000087300000|100%|HS|  |TAMS 0x0000000087200000, 0x0000000087300000| Complete 
| 115|0x0000000087300000, 0x0000000087400000, 0x0000000087400000|100%|HC|  |TAMS 0x0000000087300000, 0x0000000087400000| Complete 
| 116|0x0000000087400000, 0x0000000087400000, 0x0000000087500000|  0%| F|  |TAMS 0x0000000087400000, 0x0000000087400000| Untracked 
| 117|0x0000000087500000, 0x0000000087600000, 0x0000000087600000|100%|HS|  |TAMS 0x0000000087500000, 0x0000000087600000| Complete 
| 118|0x0000000087600000, 0x0000000087700000, 0x0000000087700000|100%|HS|  |TAMS 0x0000000087600000, 0x0000000087700000| Complete 
| 119|0x0000000087700000, 0x0000000087800000, 0x0000000087800000|100%|HS|  |TAMS 0x0000000087700000, 0x0000000087800000| Complete 
| 120|0x0000000087800000, 0x0000000087900000, 0x0000000087900000|100%|HS|  |TAMS 0x0000000087800000, 0x0000000087900000| Complete 
| 121|0x0000000087900000, 0x0000000087a00000, 0x0000000087a00000|100%|HC|  |TAMS 0x0000000087900000, 0x0000000087a00000| Complete 
| 122|0x0000000087a00000, 0x0000000087b00000, 0x0000000087b00000|100%| O|  |TAMS 0x0000000087a00000, 0x0000000087a00000| Untracked 
| 123|0x0000000087b00000, 0x0000000087c00000, 0x0000000087c00000|100%|HS|  |TAMS 0x0000000087b00000, 0x0000000087c00000| Complete 
| 124|0x0000000087c00000, 0x0000000087d00000, 0x0000000087d00000|100%|HC|  |TAMS 0x0000000087c00000, 0x0000000087d00000| Complete 
| 125|0x0000000087d00000, 0x0000000087e00000, 0x0000000087e00000|100%| O|  |TAMS 0x0000000087d00000, 0x0000000087e00000| Untracked 
| 126|0x0000000087e00000, 0x0000000087e00000, 0x0000000087f00000|  0%| F|  |TAMS 0x0000000087e00000, 0x0000000087e00000| Untracked 
| 127|0x0000000087f00000, 0x0000000087f00000, 0x0000000088000000|  0%| F|  |TAMS 0x0000000087f00000, 0x0000000087f00000| Untracked 
| 128|0x0000000088000000, 0x0000000088100000, 0x0000000088100000|100%|HS|  |TAMS 0x0000000088000000, 0x0000000088100000| Complete 
| 129|0x0000000088100000, 0x0000000088200000, 0x0000000088200000|100%|HC|  |TAMS 0x0000000088100000, 0x0000000088200000| Complete 
| 130|0x0000000088200000, 0x0000000088300000, 0x0000000088300000|100%|HS|  |TAMS 0x0000000088200000, 0x0000000088300000| Complete 
| 131|0x0000000088300000, 0x0000000088400000, 0x0000000088400000|100%|HC|  |TAMS 0x0000000088300000, 0x0000000088400000| Complete 
| 132|0x0000000088400000, 0x0000000088500000, 0x0000000088500000|100%| O|  |TAMS 0x0000000088400000, 0x0000000088500000| Untracked 
| 133|0x0000000088500000, 0x0000000088600000, 0x0000000088600000|100%| O|  |TAMS 0x0000000088600000, 0x0000000088600000| Untracked 
| 134|0x0000000088600000, 0x0000000088700000, 0x0000000088700000|100%| O|  |TAMS 0x0000000088600000, 0x0000000088700000| Untracked 
| 135|0x0000000088700000, 0x0000000088800000, 0x0000000088800000|100%| O|  |TAMS 0x0000000088800000, 0x0000000088800000| Untracked 
| 136|0x0000000088800000, 0x0000000088900000, 0x0000000088900000|100%| O|  |TAMS 0x0000000088800000, 0x0000000088900000| Untracked 
| 137|0x0000000088900000, 0x0000000088a00000, 0x0000000088a00000|100%| O|  |TAMS 0x0000000088900000, 0x0000000088a00000| Untracked 
| 138|0x0000000088a00000, 0x0000000088b00000, 0x0000000088b00000|100%| O|  |TAMS 0x0000000088a00000, 0x0000000088b00000| Untracked 
| 139|0x0000000088b00000, 0x0000000088c00000, 0x0000000088c00000|100%| O|  |TAMS 0x0000000088b00000, 0x0000000088b00000| Untracked 
| 140|0x0000000088c00000, 0x0000000088d00000, 0x0000000088d00000|100%| O|  |TAMS 0x0000000088c00000, 0x0000000088c00000| Untracked 
| 141|0x0000000088d00000, 0x0000000088e00000, 0x0000000088e00000|100%| O|  |TAMS 0x0000000088d00000, 0x0000000088e00000| Untracked 
| 142|0x0000000088e00000, 0x0000000088f00000, 0x0000000088f00000|100%| O|  |TAMS 0x0000000088e00000, 0x0000000088f00000| Untracked 
| 143|0x0000000088f00000, 0x0000000089000000, 0x0000000089000000|100%| O|  |TAMS 0x0000000088f00000, 0x0000000088f18c00| Untracked 
| 144|0x0000000089000000, 0x0000000089100000, 0x0000000089100000|100%| O|  |TAMS 0x0000000089000000, 0x0000000089000000| Untracked 
| 145|0x0000000089100000, 0x00000000891e3e00, 0x0000000089200000| 89%| O|  |TAMS 0x0000000089100000, 0x0000000089100000| Untracked 
| 146|0x0000000089200000, 0x0000000089200000, 0x0000000089300000|  0%| F|  |TAMS 0x0000000089200000, 0x0000000089200000| Untracked 
| 147|0x0000000089300000, 0x0000000089300000, 0x0000000089400000|  0%| F|  |TAMS 0x0000000089300000, 0x0000000089300000| Untracked 
| 148|0x0000000089400000, 0x0000000089400000, 0x0000000089500000|  0%| F|  |TAMS 0x0000000089400000, 0x0000000089400000| Untracked 
| 149|0x0000000089500000, 0x0000000089500000, 0x0000000089600000|  0%| F|  |TAMS 0x0000000089500000, 0x0000000089500000| Untracked 
| 150|0x0000000089600000, 0x0000000089600000, 0x0000000089700000|  0%| F|  |TAMS 0x0000000089600000, 0x0000000089600000| Untracked 
| 151|0x0000000089700000, 0x0000000089700000, 0x0000000089800000|  0%| F|  |TAMS 0x0000000089700000, 0x0000000089700000| Untracked 
| 152|0x0000000089800000, 0x0000000089800000, 0x0000000089900000|  0%| F|  |TAMS 0x0000000089800000, 0x0000000089800000| Untracked 
| 153|0x0000000089900000, 0x0000000089900000, 0x0000000089a00000|  0%| F|  |TAMS 0x0000000089900000, 0x0000000089900000| Untracked 
| 154|0x0000000089a00000, 0x0000000089a00000, 0x0000000089b00000|  0%| F|  |TAMS 0x0000000089a00000, 0x0000000089a00000| Untracked 
| 155|0x0000000089b00000, 0x0000000089b00000, 0x0000000089c00000|  0%| F|  |TAMS 0x0000000089b00000, 0x0000000089b00000| Untracked 
| 156|0x0000000089c00000, 0x0000000089c00000, 0x0000000089d00000|  0%| F|  |TAMS 0x0000000089c00000, 0x0000000089c00000| Untracked 
| 157|0x0000000089d00000, 0x0000000089d00000, 0x0000000089e00000|  0%| F|  |TAMS 0x0000000089d00000, 0x0000000089d00000| Untracked 
| 158|0x0000000089e00000, 0x0000000089e00000, 0x0000000089f00000|  0%| F|  |TAMS 0x0000000089e00000, 0x0000000089e00000| Untracked 
| 159|0x0000000089f00000, 0x0000000089f00000, 0x000000008a000000|  0%| F|  |TAMS 0x0000000089f00000, 0x0000000089f00000| Untracked 
| 160|0x000000008a000000, 0x000000008a000000, 0x000000008a100000|  0%| F|  |TAMS 0x000000008a000000, 0x000000008a000000| Untracked 
| 161|0x000000008a100000, 0x000000008a100000, 0x000000008a200000|  0%| F|  |TAMS 0x000000008a100000, 0x000000008a100000| Untracked 
| 162|0x000000008a200000, 0x000000008a200000, 0x000000008a300000|  0%| F|  |TAMS 0x000000008a200000, 0x000000008a200000| Untracked 
| 163|0x000000008a300000, 0x000000008a300000, 0x000000008a400000|  0%| F|  |TAMS 0x000000008a300000, 0x000000008a300000| Untracked 
| 164|0x000000008a400000, 0x000000008a400000, 0x000000008a500000|  0%| F|  |TAMS 0x000000008a400000, 0x000000008a400000| Untracked 
| 165|0x000000008a500000, 0x000000008a500000, 0x000000008a600000|  0%| F|  |TAMS 0x000000008a500000, 0x000000008a500000| Untracked 
| 166|0x000000008a600000, 0x000000008a600000, 0x000000008a700000|  0%| F|  |TAMS 0x000000008a600000, 0x000000008a600000| Untracked 
| 167|0x000000008a700000, 0x000000008a700000, 0x000000008a800000|  0%| F|  |TAMS 0x000000008a700000, 0x000000008a700000| Untracked 
| 168|0x000000008a800000, 0x000000008a800000, 0x000000008a900000|  0%| F|  |TAMS 0x000000008a800000, 0x000000008a800000| Untracked 
| 169|0x000000008a900000, 0x000000008a900000, 0x000000008aa00000|  0%| F|  |TAMS 0x000000008a900000, 0x000000008a900000| Untracked 
| 170|0x000000008aa00000, 0x000000008aa00000, 0x000000008ab00000|  0%| F|  |TAMS 0x000000008aa00000, 0x000000008aa00000| Untracked 
| 171|0x000000008ab00000, 0x000000008ab00000, 0x000000008ac00000|  0%| F|  |TAMS 0x000000008ab00000, 0x000000008ab00000| Untracked 
| 172|0x000000008ac00000, 0x000000008ac00000, 0x000000008ad00000|  0%| F|  |TAMS 0x000000008ac00000, 0x000000008ac00000| Untracked 
| 173|0x000000008ad00000, 0x000000008ad00000, 0x000000008ae00000|  0%| F|  |TAMS 0x000000008ad00000, 0x000000008ad00000| Untracked 
| 174|0x000000008ae00000, 0x000000008ae00000, 0x000000008af00000|  0%| F|  |TAMS 0x000000008ae00000, 0x000000008ae00000| Untracked 
| 175|0x000000008af00000, 0x000000008af00000, 0x000000008b000000|  0%| F|  |TAMS 0x000000008af00000, 0x000000008af00000| Untracked 
| 176|0x000000008b000000, 0x000000008b000000, 0x000000008b100000|  0%| F|  |TAMS 0x000000008b000000, 0x000000008b000000| Untracked 
| 177|0x000000008b100000, 0x000000008b100000, 0x000000008b200000|  0%| F|  |TAMS 0x000000008b100000, 0x000000008b100000| Untracked 
| 178|0x000000008b200000, 0x000000008b200000, 0x000000008b300000|  0%| F|  |TAMS 0x000000008b200000, 0x000000008b200000| Untracked 
| 179|0x000000008b300000, 0x000000008b300000, 0x000000008b400000|  0%| F|  |TAMS 0x000000008b300000, 0x000000008b300000| Untracked 
| 180|0x000000008b400000, 0x000000008b449de8, 0x000000008b500000| 28%| S|CS|TAMS 0x000000008b400000, 0x000000008b400000| Complete 
| 181|0x000000008b500000, 0x000000008b600000, 0x000000008b600000|100%| S|CS|TAMS 0x000000008b500000, 0x000000008b500000| Complete 
| 182|0x000000008b600000, 0x000000008b700000, 0x000000008b700000|100%| S|CS|TAMS 0x000000008b600000, 0x000000008b600000| Complete 
| 183|0x000000008b700000, 0x000000008b800000, 0x000000008b800000|100%| S|CS|TAMS 0x000000008b700000, 0x000000008b700000| Complete 
| 184|0x000000008b800000, 0x000000008b800000, 0x000000008b900000|  0%| F|  |TAMS 0x000000008b800000, 0x000000008b800000| Untracked 
| 185|0x000000008b900000, 0x000000008b900000, 0x000000008ba00000|  0%| F|  |TAMS 0x000000008b900000, 0x000000008b900000| Untracked 
| 186|0x000000008ba00000, 0x000000008ba00000, 0x000000008bb00000|  0%| F|  |TAMS 0x000000008ba00000, 0x000000008ba00000| Untracked 
| 187|0x000000008bb00000, 0x000000008bb00000, 0x000000008bc00000|  0%| F|  |TAMS 0x000000008bb00000, 0x000000008bb00000| Untracked 
| 188|0x000000008bc00000, 0x000000008bc00000, 0x000000008bd00000|  0%| F|  |TAMS 0x000000008bc00000, 0x000000008bc00000| Untracked 
| 189|0x000000008bd00000, 0x000000008bd00000, 0x000000008be00000|  0%| F|  |TAMS 0x000000008bd00000, 0x000000008bd00000| Untracked 
| 190|0x000000008be00000, 0x000000008be00000, 0x000000008bf00000|  0%| F|  |TAMS 0x000000008be00000, 0x000000008be00000| Untracked 
| 191|0x000000008bf00000, 0x000000008bf00000, 0x000000008c000000|  0%| F|  |TAMS 0x000000008bf00000, 0x000000008bf00000| Untracked 
| 192|0x000000008c000000, 0x000000008c000000, 0x000000008c100000|  0%| F|  |TAMS 0x000000008c000000, 0x000000008c000000| Untracked 

Card table byte_map: [0x000001b845660000,0x000001b845a60000] _byte_map_base: 0x000001b845260000

Marking Bits (Prev, Next): (CMBitMap*) 0x000001b830b9ddf0, (CMBitMap*) 0x000001b830b9de30
 Prev Bits: [0x000001b845e60000, 0x000001b847e60000)
 Next Bits: [0x000001b847e60000, 0x000001b849e60000)

Polling page: 0x000001b830c00000

Metaspace:

Usage:
  Non-class:     86.06 MB used.
      Class:     13.45 MB used.
       Both:     99.51 MB used.

Virtual space:
  Non-class space:       88.00 MB reserved,      86.44 MB ( 98%) committed,  11 nodes.
      Class space:        1.00 GB reserved,      13.81 MB (  1%) committed,  1 nodes.
             Both:        1.09 GB reserved,     100.25 MB (  9%) committed. 

Chunk freelists:
   Non-Class:  1.17 MB
       Class:  2.04 MB
        Both:  3.22 MB

MaxMetaspaceSize: unlimited
CompressedClassSpaceSize: 1.00 GB
Initial GC threshold: 21.00 MB
Current GC threshold: 155.88 MB
CDS: off
MetaspaceReclaimPolicy: balanced
 - commit_granule_bytes: 65536.
 - commit_granule_words: 8192.
 - virtual_space_node_default_size: 1048576.
 - enlarge_chunks_in_place: 1.
 - new_chunks_are_fully_committed: 0.
 - uncommit_free_chunks: 1.
 - use_allocation_guard: 0.
 - handle_deallocations: 1.


Internal statistics:

num_allocs_failed_limit: 6.
num_arena_births: 1030.
num_arena_deaths: 18.
num_vsnodes_births: 12.
num_vsnodes_deaths: 0.
num_space_committed: 1603.
num_space_uncommitted: 0.
num_chunks_returned_to_freelist: 30.
num_chunks_taken_from_freelist: 4842.
num_chunk_merges: 15.
num_chunk_splits: 3193.
num_chunks_enlarged: 2132.
num_purges: 2.
num_inconsistent_stats: 0.

CodeHeap 'non-profiled nmethods': size=120000Kb used=6401Kb max_used=7468Kb free=113598Kb
 bounds [0x000001b83d2c0000, 0x000001b83da10000, 0x000001b8447f0000]
CodeHeap 'profiled nmethods': size=120000Kb used=21001Kb max_used=22273Kb free=98998Kb
 bounds [0x000001b8357f0000, 0x000001b836dc0000, 0x000001b83cd20000]
CodeHeap 'non-nmethods': size=5760Kb used=2413Kb max_used=2544Kb free=3347Kb
 bounds [0x000001b83cd20000, 0x000001b83cfb0000, 0x000001b83d2c0000]
 total_blobs=11870 nmethods=10923 adapters=859
 compilation: enabled
              stopped_count=0, restarted_count=0
 full_count=0

Compilation events (20 events):
Event: 15.582 Thread 0x000001b84c977c50 nmethod 13268 0x000001b83d5cd890 code [0x000001b83d5cda20, 0x000001b83d5cdad8]
Event: 15.582 Thread 0x000001b84d7ef0f0 nmethod 13181 0x000001b83d85e490 code [0x000001b83d85e680, 0x000001b83d85fba8]
Event: 15.582 Thread 0x000001b84c977c50 13269       1       org.gradle.internal.fingerprint.classpath.impl.ClasspathFingerprintingStrategy$ClasspathFingerprintingVisitor::access$400 (5 bytes)
Event: 15.582 Thread 0x000001b84c977c50 nmethod 13269 0x000001b83d5cd390 code [0x000001b83d5cd520, 0x000001b83d5cd5d8]
Event: 15.582 Thread 0x000001b84c977c50 13274       3       java.nio.ByteBuffer::rewind (7 bytes)
Event: 15.582 Thread 0x000001b84d7ef0f0 13204       4       java.util.LinkedHashMap::afterNodeInsertion (40 bytes)
Event: 15.582 Thread 0x000001b84c977c50 nmethod 13274 0x000001b836376590 code [0x000001b836376720, 0x000001b836376898]
Event: 15.582 Thread 0x000001b84c977c50 13275       3       java.nio.Buffer::rewind (12 bytes)
Event: 15.583 Thread 0x000001b84c977c50 nmethod 13275 0x000001b835f37c10 code [0x000001b835f37da0, 0x000001b835f37eb8]
Event: 15.583 Thread 0x000001b84c977c50 13270       1       org.gradle.api.internal.file.pattern.FixedStepPathMatcher::getMinSegments (5 bytes)
Event: 15.583 Thread 0x000001b84c977c50 nmethod 13270 0x000001b83d8bb510 code [0x000001b83d8bb6a0, 0x000001b83d8bb778]
Event: 15.583 Thread 0x000001b84c977c50 13271       1       org.gradle.api.internal.file.pattern.FixedStepPathMatcher::getMaxSegments (5 bytes)
Event: 15.583 Thread 0x000001b84c977c50 nmethod 13271 0x000001b83d8baf90 code [0x000001b83d8bb120, 0x000001b83d8bb1f8]
Event: 15.583 Thread 0x000001b84c977c50 13267       1       com.android.tools.r8.utils.H0::a (5 bytes)
Event: 15.583 Thread 0x000001b84c977c50 nmethod 13267 0x000001b83d5e4810 code [0x000001b83d5e49a0, 0x000001b83d5e4a78]
Event: 15.583 Thread 0x000001b84c977c50 13265       3       com.google.android.gms.dependencies.Dependency::hashCode (57 bytes)
Event: 15.583 Thread 0x000001b84d7ef0f0 nmethod 13204 0x000001b83d5e4510 code [0x000001b83d5e4680, 0x000001b83d5e4738]
Event: 15.583 Thread 0x000001b84c977c50 nmethod 13265 0x000001b8360f3d10 code [0x000001b8360f3ee0, 0x000001b8360f41c8]
Event: 15.583 Thread 0x000001b84d7ef0f0 13182       4       java.lang.Boolean::hashCode (8 bytes)
Event: 15.583 Thread 0x000001b84c977c50 13276       1       org.gradle.internal.fingerprint.classpath.impl.ClasspathFingerprintingStrategy::access$900 (5 bytes)

GC Heap History (20 events):
Event: 10.866 GC heap after
{Heap after GC invocations=41 (full 0):
 garbage-first heap   total 155648K, used 89223K [0x0000000080000000, 0x0000000100000000)
  region size 1024K, 1 young (1024K), 1 survivors (1024K)
 Metaspace       used 87615K, committed 88256K, reserved 1130496K
  class space    used 12006K, committed 12352K, reserved 1048576K
}
Event: 11.714 GC heap before
{Heap before GC invocations=41 (full 0):
 garbage-first heap   total 155648K, used 126087K [0x0000000080000000, 0x0000000100000000)
  region size 1024K, 37 young (37888K), 1 survivors (1024K)
 Metaspace       used 89133K, committed 89856K, reserved 1130496K
  class space    used 12198K, committed 12544K, reserved 1048576K
}
Event: 11.726 GC heap after
{Heap after GC invocations=42 (full 0):
 garbage-first heap   total 197632K, used 110111K [0x0000000080000000, 0x0000000100000000)
  region size 1024K, 5 young (5120K), 5 survivors (5120K)
 Metaspace       used 89133K, committed 89856K, reserved 1130496K
  class space    used 12198K, committed 12544K, reserved 1048576K
}
Event: 12.835 GC heap before
{Heap before GC invocations=43 (full 0):
 garbage-first heap   total 197632K, used 170527K [0x0000000080000000, 0x0000000100000000)
  region size 1024K, 40 young (40960K), 5 survivors (5120K)
 Metaspace       used 91160K, committed 91776K, reserved 1130496K
  class space    used 12404K, committed 12672K, reserved 1048576K
}
Event: 12.846 GC heap after
{Heap after GC invocations=44 (full 0):
 garbage-first heap   total 197632K, used 111604K [0x0000000080000000, 0x0000000100000000)
  region size 1024K, 5 young (5120K), 5 survivors (5120K)
 Metaspace       used 91160K, committed 91776K, reserved 1130496K
  class space    used 12404K, committed 12672K, reserved 1048576K
}
Event: 12.868 GC heap before
{Heap before GC invocations=44 (full 0):
 garbage-first heap   total 197632K, used 114676K [0x0000000080000000, 0x0000000100000000)
  region size 1024K, 9 young (9216K), 5 survivors (5120K)
 Metaspace       used 91302K, committed 91968K, reserved 1130496K
  class space    used 12415K, committed 12736K, reserved 1048576K
}
Event: 12.877 GC heap after
{Heap after GC invocations=45 (full 0):
 garbage-first heap   total 197632K, used 112021K [0x0000000080000000, 0x0000000100000000)
  region size 1024K, 1 young (1024K), 1 survivors (1024K)
 Metaspace       used 91302K, committed 91968K, reserved 1130496K
  class space    used 12415K, committed 12736K, reserved 1048576K
}
Event: 13.603 GC heap before
{Heap before GC invocations=45 (full 0):
 garbage-first heap   total 197632K, used 147861K [0x0000000080000000, 0x0000000100000000)
  region size 1024K, 37 young (37888K), 1 survivors (1024K)
 Metaspace       used 94155K, committed 94848K, reserved 1138688K
  class space    used 12773K, committed 13120K, reserved 1048576K
}
Event: 13.608 GC heap after
{Heap after GC invocations=46 (full 0):
 garbage-first heap   total 197632K, used 113280K [0x0000000080000000, 0x0000000100000000)
  region size 1024K, 3 young (3072K), 3 survivors (3072K)
 Metaspace       used 94155K, committed 94848K, reserved 1138688K
  class space    used 12773K, committed 13120K, reserved 1048576K
}
Event: 14.443 GC heap before
{Heap before GC invocations=47 (full 0):
 garbage-first heap   total 197632K, used 135808K [0x0000000080000000, 0x0000000100000000)
  region size 1024K, 41 young (41984K), 3 survivors (3072K)
 Metaspace       used 97855K, committed 98496K, reserved 1138688K
  class space    used 13250K, committed 13568K, reserved 1048576K
}
Event: 14.451 GC heap after
{Heap after GC invocations=48 (full 0):
 garbage-first heap   total 197632K, used 101498K [0x0000000080000000, 0x0000000100000000)
  region size 1024K, 6 young (6144K), 6 survivors (6144K)
 Metaspace       used 97855K, committed 98496K, reserved 1138688K
  class space    used 13250K, committed 13568K, reserved 1048576K
}
Event: 14.474 GC heap before
{Heap before GC invocations=48 (full 0):
 garbage-first heap   total 197632K, used 104570K [0x0000000080000000, 0x0000000100000000)
  region size 1024K, 9 young (9216K), 6 survivors (6144K)
 Metaspace       used 97882K, committed 98560K, reserved 1138688K
  class space    used 13250K, committed 13568K, reserved 1048576K
}
Event: 14.482 GC heap after
{Heap after GC invocations=49 (full 0):
 garbage-first heap   total 197632K, used 97286K [0x0000000080000000, 0x0000000100000000)
  region size 1024K, 1 young (1024K), 1 survivors (1024K)
 Metaspace       used 97882K, committed 98560K, reserved 1138688K
  class space    used 13250K, committed 13568K, reserved 1048576K
}
Event: 14.919 GC heap before
{Heap before GC invocations=49 (full 0):
 garbage-first heap   total 197632K, used 150534K [0x0000000080000000, 0x0000000100000000)
  region size 1024K, 54 young (55296K), 1 survivors (1024K)
 Metaspace       used 98131K, committed 98816K, reserved 1138688K
  class space    used 13259K, committed 13568K, reserved 1048576K
}
Event: 14.924 GC heap after
{Heap after GC invocations=50 (full 0):
 garbage-first heap   total 197632K, used 100910K [0x0000000080000000, 0x0000000100000000)
  region size 1024K, 5 young (5120K), 5 survivors (5120K)
 Metaspace       used 98131K, committed 98816K, reserved 1138688K
  class space    used 13259K, committed 13568K, reserved 1048576K
}
Event: 15.241 GC heap before
{Heap before GC invocations=50 (full 0):
 garbage-first heap   total 197632K, used 166446K [0x0000000080000000, 0x0000000100000000)
  region size 1024K, 57 young (58368K), 5 survivors (5120K)
 Metaspace       used 99194K, committed 99904K, reserved 1138688K
  class space    used 13396K, committed 13760K, reserved 1048576K
}
Event: 15.254 GC heap after
{Heap after GC invocations=51 (full 0):
 garbage-first heap   total 197632K, used 122864K [0x0000000080000000, 0x0000000100000000)
  region size 1024K, 8 young (8192K), 8 survivors (8192K)
 Metaspace       used 99194K, committed 99904K, reserved 1138688K
  class space    used 13396K, committed 13760K, reserved 1048576K
}
Event: 15.566 GC heap before
{Heap before GC invocations=51 (full 0):
 garbage-first heap   total 197632K, used 169968K [0x0000000080000000, 0x0000000100000000)
  region size 1024K, 41 young (41984K), 8 survivors (8192K)
 Metaspace       used 101880K, committed 102592K, reserved 1138688K
  class space    used 13771K, committed 14144K, reserved 1048576K
}
Event: 15.571 GC heap after
{Heap after GC invocations=52 (full 0):
 garbage-first heap   total 197632K, used 136084K [0x0000000080000000, 0x0000000100000000)
  region size 1024K, 6 young (6144K), 6 survivors (6144K)
 Metaspace       used 101880K, committed 102592K, reserved 1138688K
  class space    used 13771K, committed 14144K, reserved 1048576K
}
Event: 15.584 GC heap before
{Heap before GC invocations=52 (full 0):
 garbage-first heap   total 197632K, used 156564K [0x0000000080000000, 0x0000000100000000)
  region size 1024K, 15 young (15360K), 6 survivors (6144K)
 Metaspace       used 101899K, committed 102656K, reserved 1138688K
  class space    used 13775K, committed 14144K, reserved 1048576K
}

Dll operation events (2 events):
Event: 0.006 Loaded shared library C:\Program Files\Android\Android Studio\jbr\bin\java.dll
Event: 0.312 Loaded shared library C:\Program Files\Android\Android Studio\jbr\bin\verify.dll

Deoptimization events (20 events):
Event: 15.488 Thread 0x000001b8560bb2f0 Uncommon trap: trap_request=0xffffffc6 fr.pc=0x000001b83d90bfe8 relative=0x0000000000000888
Event: 15.488 Thread 0x000001b8560bb2f0 Uncommon trap: reason=bimorphic_or_optimized_type_check action=maybe_recompile pc=0x000001b83d90bfe8 method=java.util.Collections.indexedBinarySearch(Ljava/util/List;Ljava/lang/Object;Ljava/util/Comparator;)I @ 3 c2
Event: 15.488 Thread 0x000001b8560bb2f0 DEOPT PACKING pc=0x000001b83d90bfe8 sp=0x000000441dcfae30
Event: 15.488 Thread 0x000001b8560bb2f0 DEOPT UNPACKING pc=0x000001b83cd769a3 sp=0x000000441dcfade0 mode 2
Event: 15.488 Thread 0x000001b8560bb2f0 Uncommon trap: trap_request=0xffffffc6 fr.pc=0x000001b83d90bfe8 relative=0x0000000000000888
Event: 15.488 Thread 0x000001b8560bb2f0 Uncommon trap: reason=bimorphic_or_optimized_type_check action=maybe_recompile pc=0x000001b83d90bfe8 method=java.util.Collections.indexedBinarySearch(Ljava/util/List;Ljava/lang/Object;Ljava/util/Comparator;)I @ 3 c2
Event: 15.488 Thread 0x000001b8560bb2f0 DEOPT PACKING pc=0x000001b83d90bfe8 sp=0x000000441dcfae30
Event: 15.488 Thread 0x000001b8560bb2f0 DEOPT UNPACKING pc=0x000001b83cd769a3 sp=0x000000441dcfade0 mode 2
Event: 15.488 Thread 0x000001b8560bb2f0 Uncommon trap: trap_request=0xffffffc6 fr.pc=0x000001b83d90bfe8 relative=0x0000000000000888
Event: 15.488 Thread 0x000001b8560bb2f0 Uncommon trap: reason=bimorphic_or_optimized_type_check action=maybe_recompile pc=0x000001b83d90bfe8 method=java.util.Collections.indexedBinarySearch(Ljava/util/List;Ljava/lang/Object;Ljava/util/Comparator;)I @ 3 c2
Event: 15.488 Thread 0x000001b8560bb2f0 DEOPT PACKING pc=0x000001b83d90bfe8 sp=0x000000441dcfae30
Event: 15.488 Thread 0x000001b8560bb2f0 DEOPT UNPACKING pc=0x000001b83cd769a3 sp=0x000000441dcfade0 mode 2
Event: 15.552 Thread 0x000001b85660d7f0 Uncommon trap: trap_request=0xffffff45 fr.pc=0x000001b83d44f9e8 relative=0x00000000000000e8
Event: 15.552 Thread 0x000001b85660d7f0 Uncommon trap: reason=unstable_if action=reinterpret pc=0x000001b83d44f9e8 method=jdk.internal.misc.Unsafe.convEndian(ZS)S @ 4 c2
Event: 15.552 Thread 0x000001b85660d7f0 DEOPT PACKING pc=0x000001b83d44f9e8 sp=0x000000441eafd120
Event: 15.552 Thread 0x000001b85660d7f0 DEOPT UNPACKING pc=0x000001b83cd769a3 sp=0x000000441eafceb8 mode 2
Event: 15.552 Thread 0x000001b85660d7f0 Uncommon trap: trap_request=0xffffff45 fr.pc=0x000001b83d3fecf8 relative=0x0000000000000078
Event: 15.552 Thread 0x000001b85660d7f0 Uncommon trap: reason=unstable_if action=reinterpret pc=0x000001b83d3fecf8 method=jdk.internal.misc.Unsafe.convEndian(ZS)S @ 4 c2
Event: 15.552 Thread 0x000001b85660d7f0 DEOPT PACKING pc=0x000001b83d3fecf8 sp=0x000000441eafd000
Event: 15.552 Thread 0x000001b85660d7f0 DEOPT UNPACKING pc=0x000001b83cd769a3 sp=0x000000441eafcf08 mode 2

Classes unloaded (9 events):
Event: 11.841 Thread 0x000001b84c95f940 Unloading class 0x0000000100bc0800 'java/lang/invoke/LambdaForm$DMH+0x0000000100bc0800'
Event: 11.841 Thread 0x000001b84c95f940 Unloading class 0x0000000100bc0400 'java/lang/invoke/LambdaForm$DMH+0x0000000100bc0400'
Event: 11.841 Thread 0x000001b84c95f940 Unloading class 0x0000000100bad800 'java/lang/invoke/LambdaForm$DMH+0x0000000100bad800'
Event: 11.841 Thread 0x000001b84c95f940 Unloading class 0x0000000100badc00 'java/lang/invoke/LambdaForm$DMH+0x0000000100badc00'
Event: 11.841 Thread 0x000001b84c95f940 Unloading class 0x0000000100bad400 'java/lang/invoke/LambdaForm$DMH+0x0000000100bad400'
Event: 11.841 Thread 0x000001b84c95f940 Unloading class 0x0000000100bad000 'java/lang/invoke/LambdaForm$DMH+0x0000000100bad000'
Event: 11.841 Thread 0x000001b84c95f940 Unloading class 0x0000000100bacc00 'java/lang/invoke/LambdaForm$DMH+0x0000000100bacc00'
Event: 11.841 Thread 0x000001b84c95f940 Unloading class 0x0000000100bac800 'java/lang/invoke/LambdaForm$DMH+0x0000000100bac800'
Event: 11.841 Thread 0x000001b84c95f940 Unloading class 0x0000000100bac400 'java/lang/invoke/LambdaForm$DMH+0x0000000100bac400'

Classes redefined (0 events):
No events

Internal exceptions (20 events):
Event: 14.241 Thread 0x000001b8560b9140 Exception <a 'sun/nio/fs/WindowsException'{0x000000008a281418}> (0x000000008a281418) 
thrown [s\src\hotspot\share\prims\jni.cpp, line 517]
Event: 14.279 Thread 0x000001b8560b9610 Exception <a 'sun/nio/fs/WindowsException'{0x000000008a153c90}> (0x000000008a153c90) 
thrown [s\src\hotspot\share\prims\jni.cpp, line 517]
Event: 14.295 Thread 0x000001b8560b9610 Exception <a 'java/lang/NoSuchMethodError'{0x000000008a0139e8}: 'int java.lang.invoke.DirectMethodHandle$Holder.invokeSpecial(java.lang.Object, java.lang.Object, java.lang.Object, java.lang.Object, java.lang.Object)'> (0x000000008a0139e8) 
thrown [s\src\hotspot\share\interpreter\linkResolver.cpp, line 771]
Event: 14.383 Thread 0x000001b853216960 Implicit null exception at 0x000001b83d99f308 to 0x000001b83d99f494
Event: 14.383 Thread 0x000001b8536c0380 Implicit null exception at 0x000001b83d99f308 to 0x000001b83d99f494
Event: 14.383 Thread 0x000001b85318a8d0 Implicit null exception at 0x000001b83d99f308 to 0x000001b83d99f494
Event: 14.388 Thread 0x000001b853212600 Implicit null exception at 0x000001b83d9a0708 to 0x000001b83d9a0e88
Event: 14.430 Thread 0x000001b853212fa0 Implicit null exception at 0x000001b83d90a328 to 0x000001b83d90a7a8
Event: 14.507 Thread 0x000001b8560b87a0 Exception <a 'sun/nio/fs/WindowsException'{0x000000008bf9e300}> (0x000000008bf9e300) 
thrown [s\src\hotspot\share\prims\jni.cpp, line 517]
Event: 14.993 Thread 0x000001b8560bb2f0 Exception <a 'sun/nio/fs/WindowsException'{0x000000008bb64048}> (0x000000008bb64048) 
thrown [s\src\hotspot\share\prims\jni.cpp, line 517]
Event: 15.044 Thread 0x000001b8560bb2f0 Exception <a 'sun/nio/fs/WindowsException'{0x000000008af7aff0}> (0x000000008af7aff0) 
thrown [s\src\hotspot\share\prims\jni.cpp, line 517]
Event: 15.091 Thread 0x000001b8560bb2f0 Exception <a 'java/lang/NoSuchMethodError'{0x000000008ac683d0}: static Lcom/android/build/gradle/internal/scope/InternalArtifactType;.<clinit>()V> (0x000000008ac683d0) 
thrown [s\src\hotspot\share\prims\jni.cpp, line 1108]
Event: 15.091 Thread 0x000001b8560bb2f0 Exception <a 'java/lang/NoSuchMethodError'{0x000000008ac69b10}: static Lcom/android/build/gradle/internal/scope/InternalArtifactType;.<clinit>()V> (0x000000008ac69b10) 
thrown [s\src\hotspot\share\prims\jni.cpp, line 1108]
Event: 15.091 Thread 0x000001b8560bb2f0 Exception <a 'java/lang/NoSuchMethodError'{0x000000008ac6ccb0}: static Lcom/android/build/api/artifact/Artifact$Single;.<clinit>()V> (0x000000008ac6ccb0) 
thrown [s\src\hotspot\share\prims\jni.cpp, line 1108]
Event: 15.092 Thread 0x000001b8560bb2f0 Exception <a 'java/lang/NoSuchMethodError'{0x000000008ac72400}: static Ljava/lang/Object;.<clinit>()V> (0x000000008ac72400) 
thrown [s\src\hotspot\share\prims\jni.cpp, line 1108]
Event: 15.095 Thread 0x000001b8560bb2f0 Exception <a 'java/lang/NoSuchMethodError'{0x000000008ac8c308}: static Lcom/android/build/api/artifact/ArtifactKind;.<clinit>()V> (0x000000008ac8c308) 
thrown [s\src\hotspot\share\prims\jni.cpp, line 1108]
Event: 15.095 Thread 0x000001b8560bb2f0 Exception <a 'java/lang/NoSuchMethodError'{0x000000008ac8d4c8}: static Lcom/android/build/api/artifact/ArtifactKind;.<clinit>()V> (0x000000008ac8d4c8) 
thrown [s\src\hotspot\share\prims\jni.cpp, line 1108]
Event: 15.118 Thread 0x000001b8560bb2f0 Implicit null exception at 0x000001b83d9eaf60 to 0x000001b83d9eaff0
Event: 15.216 Thread 0x000001b85660d7f0 Exception <a 'sun/nio/fs/WindowsException'{0x00000000892abee0}> (0x00000000892abee0) 
thrown [s\src\hotspot\share\prims\jni.cpp, line 517]
Event: 15.545 Thread 0x000001b85660d7f0 Exception <a 'java/lang/NoSuchMethodError'{0x000000008a9af888}: 'java.lang.Object java.lang.invoke.DirectMethodHandle$Holder.invokeStaticInit(java.lang.Object, java.lang.Object, java.lang.Object, java.lang.Object, java.lang.Object, java.lang.Object, java.lang.Object, java.lang.Object, java.lang.Object, java.lang.Object, java.lang.Object, java.lang.Object, java.lang.Object, java.lang.Object, java.lang.Object, java.lang.Object, java.lang.Object, java.lang.Object, java.lang.Object, java.lang.Object, int, java

VM Operations (20 events):
Event: 15.114 Executing VM operation: HandshakeAllThreads done
Event: 15.227 Executing VM operation: HandshakeAllThreads
Event: 15.227 Executing VM operation: HandshakeAllThreads done
Event: 15.241 Executing VM operation: G1CollectForAllocation
Event: 15.254 Executing VM operation: G1CollectForAllocation done
Event: 15.308 Executing VM operation: HandshakeAllThreads
Event: 15.308 Executing VM operation: HandshakeAllThreads done
Event: 15.308 Executing VM operation: HandshakeAllThreads
Event: 15.309 Executing VM operation: HandshakeAllThreads done
Event: 15.367 Executing VM operation: HandshakeAllThreads
Event: 15.368 Executing VM operation: HandshakeAllThreads done
Event: 15.476 Executing VM operation: HandshakeAllThreads
Event: 15.476 Executing VM operation: HandshakeAllThreads done
Event: 15.481 Executing VM operation: HandshakeAllThreads
Event: 15.482 Executing VM operation: HandshakeAllThreads done
Event: 15.514 Executing VM operation: ICBufferFull
Event: 15.514 Executing VM operation: ICBufferFull done
Event: 15.566 Executing VM operation: G1CollectForAllocation
Event: 15.571 Executing VM operation: G1CollectForAllocation done
Event: 15.583 Executing VM operation: G1TryInitiateConcMark

Events (20 events):
Event: 15.499 Thread 0x000001b84c978640 flushing nmethod 0x000001b836a17690
Event: 15.500 Thread 0x000001b84c978640 flushing nmethod 0x000001b836a25a90
Event: 15.500 Thread 0x000001b84c978640 flushing nmethod 0x000001b836a29b10
Event: 15.500 Thread 0x000001b84c978640 flushing nmethod 0x000001b836a40390
Event: 15.500 Thread 0x000001b84c978640 flushing nmethod 0x000001b836a53190
Event: 15.500 Thread 0x000001b84c978640 flushing nmethod 0x000001b836a62b10
Event: 15.500 Thread 0x000001b84c978640 flushing nmethod 0x000001b836ac4210
Event: 15.500 Thread 0x000001b84c978640 flushing nmethod 0x000001b836b15f10
Event: 15.500 Thread 0x000001b84c978640 flushing nmethod 0x000001b836b16990
Event: 15.500 Thread 0x000001b84c978640 flushing nmethod 0x000001b836b17510
Event: 15.500 Thread 0x000001b84c978640 flushing nmethod 0x000001b836b17910
Event: 15.500 Thread 0x000001b84c978640 flushing nmethod 0x000001b836b21e10
Event: 15.500 Thread 0x000001b84c978640 flushing nmethod 0x000001b836b26390
Event: 15.501 Thread 0x000001b84c978640 flushing nmethod 0x000001b836b6bc90
Event: 15.501 Thread 0x000001b84c978640 flushing nmethod 0x000001b836c3be90
Event: 15.502 Thread 0x000001b84c978640 flushing nmethod 0x000001b836c73190
Event: 15.502 Thread 0x000001b84c978640 flushing nmethod 0x000001b836c76410
Event: 15.502 Thread 0x000001b84c978640 flushing nmethod 0x000001b836cc8e10
Event: 15.511 loading class java/nio/BufferUnderflowException
Event: 15.511 loading class java/nio/BufferUnderflowException done


Dynamic libraries:
0x00007ff614c20000 - 0x00007ff614c2a000 	C:\Program Files\Android\Android Studio\jbr\bin\java.exe
0x00007fff288b0000 - 0x00007fff28ac7000 	C:\WINDOWS\SYSTEM32\ntdll.dll
0x00007fff28230000 - 0x00007fff282f4000 	C:\WINDOWS\System32\KERNEL32.DLL
0x00007fff26200000 - 0x00007fff265ad000 	C:\WINDOWS\System32\KERNELBASE.dll
0x00007fff25f70000 - 0x00007fff26081000 	C:\WINDOWS\System32\ucrtbase.dll
0x00007ffefbfa0000 - 0x00007ffefbfb7000 	C:\Program Files\Android\Android Studio\jbr\bin\jli.dll
0x00007fff21430000 - 0x00007fff2144b000 	C:\Program Files\Android\Android Studio\jbr\bin\VCRUNTIME140.dll
0x00007fff26610000 - 0x00007fff267be000 	C:\WINDOWS\System32\USER32.dll
0x00007fff15250000 - 0x00007fff154e3000 	C:\WINDOWS\WinSxS\amd64_microsoft.windows.common-controls_6595b64144ccf1df_6.0.22621.3672_none_2713b9d173822955\COMCTL32.dll
0x00007fff265b0000 - 0x00007fff265d6000 	C:\WINDOWS\System32\win32u.dll
0x00007fff284b0000 - 0x00007fff28557000 	C:\WINDOWS\System32\msvcrt.dll
0x00007fff28310000 - 0x00007fff28339000 	C:\WINDOWS\System32\GDI32.dll
0x00007fff25bd0000 - 0x00007fff25ce9000 	C:\WINDOWS\System32\gdi32full.dll
0x00007fff25d60000 - 0x00007fff25dfa000 	C:\WINDOWS\System32\msvcp_win.dll
0x00007fff28120000 - 0x00007fff28151000 	C:\WINDOWS\System32\IMM32.DLL
0x00007fff214c0000 - 0x00007fff214cc000 	C:\Program Files\Android\Android Studio\jbr\bin\vcruntime140_1.dll
0x00007fff20930000 - 0x00007fff209bd000 	C:\Program Files\Android\Android Studio\jbr\bin\msvcp140.dll
0x00007ffea6090000 - 0x00007ffea6cfe000 	C:\Program Files\Android\Android Studio\jbr\bin\server\jvm.dll
0x00007fff27d60000 - 0x00007fff27e12000 	C:\WINDOWS\System32\ADVAPI32.dll
0x00007fff287c0000 - 0x00007fff28869000 	C:\WINDOWS\System32\sechost.dll
0x00007fff25ec0000 - 0x00007fff25ee8000 	C:\WINDOWS\System32\bcrypt.dll
0x00007fff285e0000 - 0x00007fff286f4000 	C:\WINDOWS\System32\RPCRT4.dll
0x00007fff038a0000 - 0x00007fff038a9000 	C:\WINDOWS\SYSTEM32\WSOCK32.dll
0x00007fff20640000 - 0x00007fff2064a000 	C:\WINDOWS\SYSTEM32\VERSION.dll
0x00007fff20790000 - 0x00007fff207c4000 	C:\WINDOWS\SYSTEM32\WINMM.dll
0x00007fff26f80000 - 0x00007fff26ff1000 	C:\WINDOWS\System32\WS2_32.dll
0x00007fff24cd0000 - 0x00007fff24ce8000 	C:\WINDOWS\SYSTEM32\kernel.appcore.dll
0x00007fff10db0000 - 0x00007fff10dba000 	C:\Program Files\Android\Android Studio\jbr\bin\jimage.dll
0x00007fff21d00000 - 0x00007fff21f32000 	C:\WINDOWS\SYSTEM32\DBGHELP.DLL
0x00007fff27000000 - 0x00007fff2738e000 	C:\WINDOWS\System32\combase.dll
0x00007fff27fe0000 - 0x00007fff280b7000 	C:\WINDOWS\System32\OLEAUT32.dll
0x00007fff0d4e0000 - 0x00007fff0d512000 	C:\WINDOWS\SYSTEM32\dbgcore.DLL
0x00007fff25ef0000 - 0x00007fff25f6b000 	C:\WINDOWS\System32\bcryptPrimitives.dll
0x00007fff10d80000 - 0x00007fff10da5000 	C:\Program Files\Android\Android Studio\jbr\bin\java.dll
0x00007fff0d1d0000 - 0x00007fff0d1e8000 	C:\Program Files\Android\Android Studio\jbr\bin\zip.dll
0x00007fff274f0000 - 0x00007fff27d57000 	C:\WINDOWS\System32\SHELL32.dll
0x00007fff23ad0000 - 0x00007fff243cf000 	C:\WINDOWS\SYSTEM32\windows.storage.dll
0x00007fff23990000 - 0x00007fff23acf000 	C:\WINDOWS\SYSTEM32\wintypes.dll
0x00007fff28340000 - 0x00007fff28439000 	C:\WINDOWS\System32\SHCORE.dll
0x00007fff28440000 - 0x00007fff2849e000 	C:\WINDOWS\System32\shlwapi.dll
0x00007fff25b00000 - 0x00007fff25b27000 	C:\WINDOWS\SYSTEM32\profapi.dll
0x00007fff0d1b0000 - 0x00007fff0d1c9000 	C:\Program Files\Android\Android Studio\jbr\bin\net.dll
0x00007fff20d20000 - 0x00007fff20e56000 	C:\WINDOWS\SYSTEM32\WINHTTP.dll
0x00007fff25140000 - 0x00007fff251a9000 	C:\WINDOWS\system32\mswsock.dll
0x00007fff04250000 - 0x00007fff04266000 	C:\Program Files\Android\Android Studio\jbr\bin\nio.dll
0x00007fff10d70000 - 0x00007fff10d80000 	C:\Program Files\Android\Android Studio\jbr\bin\verify.dll
0x00007fff21280000 - 0x00007fff212a7000 	C:\Users\scher\.gradle\native\68d5fa5c4cc2d200863cafc0d521ce42e7d3e7ee720ec0a83991735586a16f82\windows-amd64\native-platform.dll
0x00007fff0ef60000 - 0x00007fff0f0a4000 	C:\Users\scher\.gradle\native\e376f236ea51e6404a007f0833ffe2c6e607c4080706a723a18a27aeea778392\windows-amd64\native-platform-file-events.dll
0x00007fff049c0000 - 0x00007fff049c9000 	C:\Program Files\Android\Android Studio\jbr\bin\management.dll
0x00007fff04200000 - 0x00007fff0420b000 	C:\Program Files\Android\Android Studio\jbr\bin\management_ext.dll
0x00007fff28700000 - 0x00007fff28708000 	C:\WINDOWS\System32\PSAPI.DLL
0x00007fff25370000 - 0x00007fff2538b000 	C:\WINDOWS\SYSTEM32\CRYPTSP.dll
0x00007fff24c30000 - 0x00007fff24c65000 	C:\WINDOWS\system32\rsaenh.dll
0x00007fff25200000 - 0x00007fff25228000 	C:\WINDOWS\SYSTEM32\USERENV.dll
0x00007fff25390000 - 0x00007fff2539c000 	C:\WINDOWS\SYSTEM32\CRYPTBASE.dll
0x00007fff24670000 - 0x00007fff2469d000 	C:\WINDOWS\SYSTEM32\IPHLPAPI.DLL
0x00007fff28300000 - 0x00007fff28309000 	C:\WINDOWS\System32\NSI.dll
0x00007fff21030000 - 0x00007fff21049000 	C:\WINDOWS\SYSTEM32\dhcpcsvc6.DLL
0x00007fff20cc0000 - 0x00007fff20cdf000 	C:\WINDOWS\SYSTEM32\dhcpcsvc.DLL
0x00007fff246f0000 - 0x00007fff247e8000 	C:\WINDOWS\SYSTEM32\DNSAPI.dll
0x00007fff10e60000 - 0x00007fff10e68000 	C:\WINDOWS\system32\wshunix.dll
0x00007fff24cf0000 - 0x00007fff24d24000 	C:\WINDOWS\SYSTEM32\ntmarta.dll

dbghelp: loaded successfully - version: 4.0.5 - missing functions: none
symbol engine: initialized successfully - sym options: 0x614 - pdb path: .;C:\Program Files\Android\Android Studio\jbr\bin;C:\WINDOWS\SYSTEM32;C:\WINDOWS\WinSxS\amd64_microsoft.windows.common-controls_6595b64144ccf1df_6.0.22621.3672_none_2713b9d173822955;C:\Program Files\Android\Android Studio\jbr\bin\server;C:\Users\scher\.gradle\native\68d5fa5c4cc2d200863cafc0d521ce42e7d3e7ee720ec0a83991735586a16f82\windows-amd64;C:\Users\scher\.gradle\native\e376f236ea51e6404a007f0833ffe2c6e607c4080706a723a18a27aeea778392\windows-amd64

VM Arguments:
jvm_args: --add-opens=java.base/java.util=ALL-UNNAMED --add-opens=java.base/java.lang=ALL-UNNAMED --add-opens=java.base/java.lang.invoke=ALL-UNNAMED --add-opens=java.prefs/java.util.prefs=ALL-UNNAMED --add-opens=java.base/java.nio.charset=ALL-UNNAMED --add-opens=java.base/java.net=ALL-UNNAMED --add-opens=java.base/java.util.concurrent.atomic=ALL-UNNAMED -Xmx2048m -Dfile.encoding=UTF-8 -Duser.country=BR -Duser.language=pt -Duser.variant 
java_command: org.gradle.launcher.daemon.bootstrap.GradleDaemon 8.0
java_class_path (initial): C:\Users\scher\.gradle\wrapper\dists\gradle-8.0-bin\ca5e32bp14vu59qr306oxotwh\gradle-8.0\lib\gradle-launcher-8.0.jar
Launcher Type: SUN_STANDARD

[Global flags]
     intx CICompilerCount                          = 4                                         {product} {ergonomic}
     uint ConcGCThreads                            = 2                                         {product} {ergonomic}
     uint G1ConcRefinementThreads                  = 8                                         {product} {ergonomic}
   size_t G1HeapRegionSize                         = 1048576                                   {product} {ergonomic}
    uintx GCDrainStackTargetSize                   = 64                                        {product} {ergonomic}
   size_t InitialHeapSize                          = 134217728                                 {product} {ergonomic}
   size_t MarkStackSize                            = 4194304                                   {product} {ergonomic}
   size_t MaxHeapSize                              = 2147483648                                {product} {command line}
   size_t MaxNewSize                               = 1287651328                                {product} {ergonomic}
   size_t MinHeapDeltaBytes                        = 1048576                                   {product} {ergonomic}
   size_t MinHeapSize                              = 8388608                                   {product} {ergonomic}
    uintx NonNMethodCodeHeapSize                   = 5839372                                {pd product} {ergonomic}
    uintx NonProfiledCodeHeapSize                  = 122909434                              {pd product} {ergonomic}
    uintx ProfiledCodeHeapSize                     = 122909434                              {pd product} {ergonomic}
    uintx ReservedCodeCacheSize                    = 251658240                              {pd product} {ergonomic}
     bool SegmentedCodeCache                       = true                                      {product} {ergonomic}
   size_t SoftMaxHeapSize                          = 2147483648                             {manageable} {ergonomic}
     bool UseCompressedClassPointers               = true                           {product lp64_product} {ergonomic}
     bool UseCompressedOops                        = true                           {product lp64_product} {ergonomic}
     bool UseG1GC                                  = true                                      {product} {ergonomic}
     bool UseLargePagesIndividualAllocation        = false                                  {pd product} {ergonomic}

Logging:
Log output configuration:
 #0: stdout all=warning uptime,level,tags
 #1: stderr all=off uptime,level,tags

Environment Variables:
PATH=C:\Program Files\Common Files\Oracle\Java\javapath;C:\Program Files (x86)\Embarcadero\Studio\22.0\bin;C:\Users\Public\Documents\Embarcadero\Studio\22.0\Bpl;C:\Program Files (x86)\Embarcadero\Studio\22.0\bin64;C:\Users\Public\Documents\Embarcadero\Studio\22.0\Bpl\Win64;C:\Program Files (x86)\Embarcadero\Studio\21.0\bin;C:\Users\Public\Documents\Embarcadero\Studio\21.0\Bpl;C:\Program Files (x86)\Embarcadero\Studio\21.0\bin64;C:\Users\Public\Documents\Embarcadero\Studio\21.0\Bpl\Win64;C:\Windows\system32;C:\Windows;C:\Windows\System32\Wbem;C:\Windows\System32\WindowsPowerShell\v1.0\;C:\Windows\System32\OpenSSH\;C:\Program Files (x86)\NVIDIA Corporation\PhysX\Common;C:\Program Files\NVIDIA Corporation\NVIDIA NvDLISR;C:\WINDOWS\system32;C:\WINDOWS;C:\WINDOWS\System32\Wbem;C:\WINDOWS\System32\WindowsPowerShell\v1.0\;C:\WINDOWS\System32\OpenSSH\;C:\Program Files\dotnet\;C:\Program Files (x86)\Windows Kits\10\Windows Performance Toolkit\;C:\Program Files\Git\cmd;C:\Users\scher\AppData\Local\Microsoft\WindowsApps;;C:\Users\scher\AppData\Local\Programs\Microsoft VS Code\bin
USERNAME=scher
OS=Windows_NT
PROCESSOR_IDENTIFIER=Intel64 Family 6 Model 142 Stepping 12, GenuineIntel
TMP=C:\Users\scher\AppData\Local\Temp
TEMP=C:\Users\scher\AppData\Local\Temp


JNI global refs:
JNI global refs: 27, weak refs: 9

JNI global refs memory usage: 843, weak refs: 841


---------------  S Y S T E M  ---------------

OS:
 Windows 11 , 64 bit Build 22621 (10.0.22621.3958)
OS uptime: 0 days 12:12 hours
Hyper-V role detected

CPU: total 8 (initial active 8) (4 cores per cpu, 2 threads per core) family 6 model 142 stepping 12 microcode 0xea, cx8, cmov, fxsr, ht, mmx, 3dnowpref, sse, sse2, sse3, ssse3, sse4.1, sse4.2, popcnt, lzcnt, tsc, tscinvbit, avx, avx2, aes, erms, clmul, bmi1, bmi2, adx, fma, vzeroupper, clflush, clflushopt, hv

Memory: 4k page, system-wide physical 8072M (990M free)
TotalPageFile size 10119M (AvailPageFile size 75M)
current process WorkingSet (physical memory assigned to process): 487M, peak: 490M
current process commit charge ("private bytes"): 523M, peak: 728M

vm_info: OpenJDK 64-Bit Server VM (17.0.6+0-b2043.56-10027231) for windows-amd64 JRE (17.0.6+0-b2043.56-10027231), built on Apr 28 2023 00:43:19 by "androidbuild" with MS VC++ 16.10 / 16.11 (VS2019)

END.
