#
# There is insufficient memory for the Java Runtime Environment to continue.
# Native memory allocation (malloc) failed to allocate 1030896 bytes for Chunk::new
# Possible reasons:
#   The system is out of physical RAM or swap space
#   The process is running with CompressedOops enabled, and the Java Heap may be blocking the growth of the native heap
# Possible solutions:
#   Reduce memory load on the system
#   Increase physical memory or swap space
#   Check if swap backing store is full
#   Decrease Java heap size (-Xmx/-Xms)
#   Decrease number of Java threads
#   Decrease Java thread stack sizes (-Xss)
#   Set larger code cache with -XX:ReservedCodeCacheSize=
#   JVM is running with Unscaled Compressed Oops mode in which the Java heap is
#     placed in the first 4GB address space. The Java Heap base address is the
#     maximum limit for the native heap growth. Please use -XX:HeapBaseMinAddress
#     to set the Java Heap base and to place the Java Heap above 4GB virtual address.
# This output file may be truncated or incomplete.
#
#  Out of Memory Error (arena.cpp:189), pid=14864, tid=1988
#
# JRE version: OpenJDK Runtime Environment (17.0.6) (build 17.0.6+0-b2043.56-10027231)
# Java VM: OpenJDK 64-Bit Server VM (17.0.6+0-b2043.56-10027231, mixed mode, tiered, compressed oops, compressed class ptrs, g1 gc, windows-amd64)
# No core dump will be written. Minidumps are not enabled by default on client versions of Windows
#

---------------  S U M M A R Y ------------

Command Line: --add-opens=java.base/java.util=ALL-UNNAMED --add-opens=java.base/java.lang=ALL-UNNAMED --add-opens=java.base/java.lang.invoke=ALL-UNNAMED --add-opens=java.prefs/java.util.prefs=ALL-UNNAMED --add-opens=java.base/java.nio.charset=ALL-UNNAMED --add-opens=java.base/java.net=ALL-UNNAMED --add-opens=java.base/java.util.concurrent.atomic=ALL-UNNAMED -Xmx2048m -Dfile.encoding=UTF-8 -Duser.country=BR -Duser.language=pt -Duser.variant org.gradle.launcher.daemon.bootstrap.GradleDaemon 8.0

Host: Intel(R) Core(TM) i7-8565U CPU @ 1.80GHz, 8 cores, 7G,  Windows 11 , 64 bit Build 22621 (10.0.22621.3958)
Time: Sat Oct 26 22:04:20 2024 Hora oficial do Brasil elapsed time: 18.603867 seconds (0d 0h 0m 18s)

---------------  T H R E A D  ---------------

Current thread (0x000001cc2cfe6ad0):  JavaThread "C2 CompilerThread1" daemon [_thread_in_native, id=1988, stack(0x0000004319b00000,0x0000004319c00000)]


Current CompileTask:
C2:  18603 6840       4       sun.reflect.generics.parser.SignatureParser::parsePackageNameAndSimpleClassTypeSignature (119 bytes)

Stack: [0x0000004319b00000,0x0000004319c00000]
Native frames: (J=compiled Java code, j=interpreted, Vv=VM code, C=native code)
V  [jvm.dll+0x683c9a]
V  [jvm.dll+0x8427a4]
V  [jvm.dll+0x843f9e]
V  [jvm.dll+0x844603]
V  [jvm.dll+0x249b75]
V  [jvm.dll+0xabcac]
V  [jvm.dll+0xac27c]
V  [jvm.dll+0x368802]
V  [jvm.dll+0x1bced2]
V  [jvm.dll+0x21c359]
V  [jvm.dll+0x21b621]
V  [jvm.dll+0x1a4fdd]
V  [jvm.dll+0x22b098]
V  [jvm.dll+0x229159]
V  [jvm.dll+0x7f81ec]
V  [jvm.dll+0x7f274a]
V  [jvm.dll+0x682ad5]
C  [ucrtbase.dll+0x29333]
C  [KERNEL32.DLL+0x1257d]
C  [ntdll.dll+0x5af08]


---------------  P R O C E S S  ---------------

Threads class SMR info:
_java_thread_list=0x000001cc2c85ea70, length=127, elements={
0x000001cc0c34e1b0, 0x000001cc26c13260, 0x000001cc26c13fe0, 0x000001cc261cbc60,
0x000001cc261cc720, 0x000001cc261cd0e0, 0x000001cc261cd9a0, 0x000001cc261ce640,
0x000001cc26c3c480, 0x000001cc26c42290, 0x000001cc26dd5350, 0x000001cc26dd5820,
0x000001cc29567970, 0x000001cc29f5b020, 0x000001cc2841a070, 0x000001cc28494f00,
0x000001cc29c10580, 0x000001cc27d0b040, 0x000001cc27d0b510, 0x000001cc2964b290,
0x000001cc2964bc30, 0x000001cc2964adc0, 0x000001cc2964b760, 0x000001cc2964c100,
0x000001cc2964d440, 0x000001cc2964caa0, 0x000001cc2964cf70, 0x000001cc2964dde0,
0x000001cc2964e2b0, 0x000001cc2964e780, 0x000001cc2cd21100, 0x000001cc2cd25e00,
0x000001cc2cd28480, 0x000001cc2cd24120, 0x000001cc2cd24f90, 0x000001cc2cd262d0,
0x000001cc2cd21aa0, 0x000001cc2cd26c70, 0x000001cc2cd25460, 0x000001cc2cd24ac0,
0x000001cc2cd22440, 0x000001cc2cd23c50, 0x000001cc2cd267a0, 0x000001cc2cd27ae0,
0x000001cc2cd27fb0, 0x000001cc2cd25930, 0x000001cc2cd232b0, 0x000001cc2739c230,
0x000001cc2739c700, 0x000001cc27397060, 0x000001cc2739a550, 0x000001cc273983a0,
0x000001cc27398870, 0x000001cc2739e3e0, 0x000001cc2739aa20, 0x000001cc2739bd60,
0x000001cc2739a080, 0x000001cc2739cbd0, 0x000001cc27399210, 0x000001cc27398d40,
0x000001cc2739e8b0, 0x000001cc273996e0, 0x000001cc2739b890, 0x000001cc2739d570,
0x000001cc2739da40, 0x000001cc27399bb0, 0x000001cc2739d0a0, 0x000001cc27397ed0,
0x000001cc27397530, 0x000001cc2739df10, 0x000001cc2739aef0, 0x000001cc2739b3c0,
0x000001cc27397a00, 0x000001cc270c2780, 0x000001cc270be8f0, 0x000001cc270c3ac0,
0x000001cc270bfc30, 0x000001cc270c57a0, 0x000001cc270c4460, 0x000001cc270c4e00,
0x000001cc270c0f70, 0x000001cc270c5c70, 0x000001cc270c2c50, 0x000001cc270bedc0,
0x000001cc270c4930, 0x000001cc270bf760, 0x000001cc270c3120, 0x000001cc270bf290,
0x000001cc270c35f0, 0x000001cc270c0aa0, 0x000001cc270c1910, 0x000001cc270c52d0,
0x000001cc270c6140, 0x000001cc270c05d0, 0x000001cc270c1440, 0x000001cc270c0100,
0x000001cc270c1de0, 0x000001cc270c22b0, 0x000001cc270c3f90, 0x000001cc2a54b3a0,
0x000001cc2a545d00, 0x000001cc2a5444f0, 0x000001cc2a548380, 0x000001cc2a54b870,
0x000001cc2a5461d0, 0x000001cc2a54aed0, 0x000001cc2a547eb0, 0x000001cc2a5466a0,
0x000001cc2a544020, 0x000001cc2a546b70, 0x000001cc2a5496c0, 0x000001cc2a547040,
0x000001cc2a547510, 0x000001cc2a5479e0, 0x000001cc2a545830, 0x000001cc2a548850,
0x000001cc2a548d20, 0x000001cc2a549b90, 0x000001cc2a5491f0, 0x000001cc2a5449c0,
0x000001cc2a54a060, 0x000001cc2a545360, 0x000001cc2a54a530, 0x000001cc2729b460,
0x000001cc2729c7a0, 0x000001cc2cfe6ad0, 0x000001cc2d22d790
}

Java Threads: ( => current thread )
  0x000001cc0c34e1b0 JavaThread "main" [_thread_blocked, id=14984, stack(0x0000004311500000,0x0000004311600000)]
  0x000001cc26c13260 JavaThread "Reference Handler" daemon [_thread_blocked, id=15040, stack(0x0000004311c00000,0x0000004311d00000)]
  0x000001cc26c13fe0 JavaThread "Finalizer" daemon [_thread_blocked, id=15056, stack(0x0000004311d00000,0x0000004311e00000)]
  0x000001cc261cbc60 JavaThread "Signal Dispatcher" daemon [_thread_blocked, id=15084, stack(0x0000004311e00000,0x0000004311f00000)]
  0x000001cc261cc720 JavaThread "Attach Listener" daemon [_thread_blocked, id=15088, stack(0x0000004311f00000,0x0000004312000000)]
  0x000001cc261cd0e0 JavaThread "Service Thread" daemon [_thread_blocked, id=15188, stack(0x0000004312000000,0x0000004312100000)]
  0x000001cc261cd9a0 JavaThread "Monitor Deflation Thread" daemon [_thread_blocked, id=15212, stack(0x0000004312100000,0x0000004312200000)]
  0x000001cc261ce640 JavaThread "C2 CompilerThread0" daemon [_thread_in_native, id=14944, stack(0x0000004312200000,0x0000004312300000)]
  0x000001cc26c3c480 JavaThread "C1 CompilerThread0" daemon [_thread_blocked, id=4780, stack(0x0000004312300000,0x0000004312400000)]
  0x000001cc26c42290 JavaThread "Sweeper thread" daemon [_thread_blocked, id=4812, stack(0x0000004312400000,0x0000004312500000)]
  0x000001cc26dd5350 JavaThread "Common-Cleaner" daemon [_thread_blocked, id=5548, stack(0x0000004312500000,0x0000004312600000)]
  0x000001cc26dd5820 JavaThread "Notification Thread" daemon [_thread_blocked, id=4844, stack(0x0000004312600000,0x0000004312700000)]
  0x000001cc29567970 JavaThread "Daemon health stats" [_thread_blocked, id=4716, stack(0x0000004312e00000,0x0000004312f00000)]
  0x000001cc29f5b020 JavaThread "Incoming local TCP Connector on port 49874" [_thread_in_native, id=11288, stack(0x0000004312800000,0x0000004312900000)]
  0x000001cc2841a070 JavaThread "Daemon periodic checks" [_thread_blocked, id=14224, stack(0x0000004312d00000,0x0000004312e00000)]
  0x000001cc28494f00 JavaThread "Daemon" [_thread_blocked, id=14232, stack(0x0000004312f00000,0x0000004313000000)]
  0x000001cc29c10580 JavaThread "Handler for socket connection from /127.0.0.1:49874 to /127.0.0.1:49875" [_thread_in_native, id=14288, stack(0x0000004313000000,0x0000004313100000)]
  0x000001cc27d0b040 JavaThread "Cancel handler" [_thread_blocked, id=11564, stack(0x0000004313100000,0x0000004313200000)]
  0x000001cc27d0b510 JavaThread "Daemon worker" [_thread_in_vm, id=11568, stack(0x0000004313200000,0x0000004313300000)]
  0x000001cc2964b290 JavaThread "Asynchronous log dispatcher for DefaultDaemonConnection: socket connection from /127.0.0.1:49874 to /127.0.0.1:49875" [_thread_blocked, id=11764, stack(0x0000004313300000,0x0000004313400000)]
  0x000001cc2964bc30 JavaThread "Stdin handler" [_thread_blocked, id=11896, stack(0x0000004313400000,0x0000004313500000)]
  0x000001cc2964adc0 JavaThread "Daemon client event forwarder" [_thread_blocked, id=13064, stack(0x0000004313500000,0x0000004313600000)]
  0x000001cc2964b760 JavaThread "Cache worker for journal cache (C:\Users\scher\.gradle\caches\journal-1)" [_thread_blocked, id=10872, stack(0x0000004313a00000,0x0000004313b00000)]
  0x000001cc2964c100 JavaThread "File lock request listener" [_thread_in_native, id=11280, stack(0x0000004313b00000,0x0000004313c00000)]
  0x000001cc2964d440 JavaThread "Cache worker for file hash cache (C:\Users\scher\.gradle\caches\8.0\fileHashes)" [_thread_blocked, id=4264, stack(0x0000004313c00000,0x0000004313d00000)]
  0x000001cc2964caa0 JavaThread "File watcher server" daemon [_thread_in_native, id=8880, stack(0x0000004313f00000,0x0000004314000000)]
  0x000001cc2964cf70 JavaThread "File watcher consumer" daemon [_thread_blocked, id=12240, stack(0x0000004314000000,0x0000004314100000)]
  0x000001cc2964dde0 JavaThread "Cache worker for checksums cache (C:\Users\scher\Documents\PROJETOS ANDROID\NOVO\RECICLAAI\.gradle\8.0\checksums)" [_thread_blocked, id=3768, stack(0x0000004314100000,0x0000004314200000)]
  0x000001cc2964e2b0 JavaThread "Cache worker for cache directory md-rule (C:\Users\scher\.gradle\caches\8.0\md-rule)" [_thread_blocked, id=4960, stack(0x0000004314200000,0x0000004314300000)]
  0x000001cc2964e780 JavaThread "Cache worker for file content cache (C:\Users\scher\.gradle\caches\8.0\fileContent)" [_thread_blocked, id=5552, stack(0x0000004314300000,0x0000004314400000)]
  0x000001cc2cd21100 JavaThread "Cache worker for file hash cache (C:\Users\scher\Documents\PROJETOS ANDROID\NOVO\RECICLAAI\.gradle\8.0\fileHashes)" [_thread_blocked, id=13164, stack(0x0000004313e00000,0x0000004313f00000)]
  0x000001cc2cd25e00 JavaThread "Cache worker for cache directory md-supplier (C:\Users\scher\.gradle\caches\8.0\md-supplier)" [_thread_blocked, id=13288, stack(0x0000004314400000,0x0000004314500000)]
  0x000001cc2cd28480 JavaThread "Cache worker for execution history cache (C:\Users\scher\.gradle\caches\8.0\executionHistory)" [_thread_blocked, id=13264, stack(0x0000004313d00000,0x0000004313e00000)]
  0x000001cc2cd24120 JavaThread "jar transforms" [_thread_blocked, id=9964, stack(0x0000004314500000,0x0000004314600000)]
  0x000001cc2cd24f90 JavaThread "jar transforms Thread 2" [_thread_blocked, id=12732, stack(0x0000004314600000,0x0000004314700000)]
  0x000001cc2cd262d0 JavaThread "jar transforms Thread 3" [_thread_blocked, id=1188, stack(0x0000004314700000,0x0000004314800000)]
  0x000001cc2cd21aa0 JavaThread "jar transforms Thread 4" [_thread_blocked, id=8872, stack(0x0000004314800000,0x0000004314900000)]
  0x000001cc2cd26c70 JavaThread "Cache worker for dependencies-accessors (C:\Users\scher\Documents\PROJETOS ANDROID\NOVO\RECICLAAI\.gradle\8.0\dependencies-accessors)" [_thread_blocked, id=3588, stack(0x0000004314a00000,0x0000004314b00000)]
  0x000001cc2cd25460 JavaThread "jar transforms Thread 5" [_thread_blocked, id=15340, stack(0x0000004314c00000,0x0000004314d00000)]
  0x000001cc2cd24ac0 JavaThread "Cache worker for Build Output Cleanup Cache (C:\Users\scher\Documents\PROJETOS ANDROID\NOVO\RECICLAAI\.gradle\buildOutputCleanup)" [_thread_blocked, id=5112, stack(0x0000004314d00000,0x0000004314e00000)]
  0x000001cc2cd22440 JavaThread "Unconstrained build operations" [_thread_blocked, id=8620, stack(0x0000004314b00000,0x0000004314c00000)]
  0x000001cc2cd23c50 JavaThread "Unconstrained build operations Thread 2" [_thread_blocked, id=10912, stack(0x0000004314e00000,0x0000004314f00000)]
  0x000001cc2cd267a0 JavaThread "Unconstrained build operations Thread 3" [_thread_blocked, id=3164, stack(0x0000004314f00000,0x0000004315000000)]
  0x000001cc2cd27ae0 JavaThread "Unconstrained build operations Thread 4" [_thread_blocked, id=1708, stack(0x0000004315000000,0x0000004315100000)]
  0x000001cc2cd27fb0 JavaThread "Unconstrained build operations Thread 5" [_thread_blocked, id=9688, stack(0x0000004315100000,0x0000004315200000)]
  0x000001cc2cd25930 JavaThread "Unconstrained build operations Thread 6" [_thread_blocked, id=1716, stack(0x0000004315200000,0x0000004315300000)]
  0x000001cc2cd232b0 JavaThread "Unconstrained build operations Thread 7" [_thread_blocked, id=2044, stack(0x0000004315300000,0x0000004315400000)]
  0x000001cc2739c230 JavaThread "Unconstrained build operations Thread 8" [_thread_blocked, id=14592, stack(0x0000004315400000,0x0000004315500000)]
  0x000001cc2739c700 JavaThread "Unconstrained build operations Thread 9" [_thread_blocked, id=1996, stack(0x0000004315500000,0x0000004315600000)]
  0x000001cc27397060 JavaThread "Unconstrained build operations Thread 10" [_thread_blocked, id=14564, stack(0x0000004315600000,0x0000004315700000)]
  0x000001cc2739a550 JavaThread "Unconstrained build operations Thread 11" [_thread_blocked, id=9992, stack(0x0000004315700000,0x0000004315800000)]
  0x000001cc273983a0 JavaThread "Unconstrained build operations Thread 12" [_thread_blocked, id=10492, stack(0x0000004315800000,0x0000004315900000)]
  0x000001cc27398870 JavaThread "Unconstrained build operations Thread 13" [_thread_blocked, id=3584, stack(0x0000004315900000,0x0000004315a00000)]
  0x000001cc2739e3e0 JavaThread "Unconstrained build operations Thread 14" [_thread_blocked, id=5100, stack(0x0000004315a00000,0x0000004315b00000)]
  0x000001cc2739aa20 JavaThread "Unconstrained build operations Thread 15" [_thread_blocked, id=9632, stack(0x0000004315b00000,0x0000004315c00000)]
  0x000001cc2739bd60 JavaThread "Unconstrained build operations Thread 16" [_thread_blocked, id=8428, stack(0x0000004315c00000,0x0000004315d00000)]
  0x000001cc2739a080 JavaThread "Unconstrained build operations Thread 17" [_thread_blocked, id=9656, stack(0x0000004315d00000,0x0000004315e00000)]
  0x000001cc2739cbd0 JavaThread "Unconstrained build operations Thread 18" [_thread_blocked, id=10740, stack(0x0000004315e00000,0x0000004315f00000)]
  0x000001cc27399210 JavaThread "Unconstrained build operations Thread 19" [_thread_blocked, id=10732, stack(0x0000004315f00000,0x0000004316000000)]
  0x000001cc27398d40 JavaThread "Unconstrained build operations Thread 20" [_thread_blocked, id=10676, stack(0x0000004316000000,0x0000004316100000)]
  0x000001cc2739e8b0 JavaThread "Unconstrained build operations Thread 21" [_thread_blocked, id=10672, stack(0x0000004316100000,0x0000004316200000)]
  0x000001cc273996e0 JavaThread "Unconstrained build operations Thread 22" [_thread_blocked, id=15236, stack(0x0000004316200000,0x0000004316300000)]
  0x000001cc2739b890 JavaThread "Unconstrained build operations Thread 23" [_thread_blocked, id=3152, stack(0x0000004316300000,0x0000004316400000)]
  0x000001cc2739d570 JavaThread "Unconstrained build operations Thread 24" [_thread_blocked, id=1948, stack(0x0000004316400000,0x0000004316500000)]
  0x000001cc2739da40 JavaThread "Unconstrained build operations Thread 25" [_thread_blocked, id=9636, stack(0x0000004316500000,0x0000004316600000)]
  0x000001cc27399bb0 JavaThread "Unconstrained build operations Thread 26" [_thread_blocked, id=4748, stack(0x0000004316600000,0x0000004316700000)]
  0x000001cc2739d0a0 JavaThread "Unconstrained build operations Thread 27" [_thread_blocked, id=1352, stack(0x0000004316700000,0x0000004316800000)]
  0x000001cc27397ed0 JavaThread "Unconstrained build operations Thread 28" [_thread_blocked, id=14900, stack(0x0000004316800000,0x0000004316900000)]
  0x000001cc27397530 JavaThread "Unconstrained build operations Thread 29" [_thread_blocked, id=15308, stack(0x0000004316900000,0x0000004316a00000)]
  0x000001cc2739df10 JavaThread "Unconstrained build operations Thread 30" [_thread_blocked, id=5104, stack(0x0000004316a00000,0x0000004316b00000)]
  0x000001cc2739aef0 JavaThread "Unconstrained build operations Thread 31" [_thread_blocked, id=4736, stack(0x0000004316b00000,0x0000004316c00000)]
  0x000001cc2739b3c0 JavaThread "Unconstrained build operations Thread 32" [_thread_blocked, id=12720, stack(0x0000004316c00000,0x0000004316d00000)]
  0x000001cc27397a00 JavaThread "Unconstrained build operations Thread 33" [_thread_blocked, id=13008, stack(0x0000004316d00000,0x0000004316e00000)]
  0x000001cc270c2780 JavaThread "Unconstrained build operations Thread 34" [_thread_blocked, id=3736, stack(0x0000004316e00000,0x0000004316f00000)]
  0x000001cc270be8f0 JavaThread "Unconstrained build operations Thread 35" [_thread_blocked, id=1360, stack(0x0000004316f00000,0x0000004317000000)]
  0x000001cc270c3ac0 JavaThread "Unconstrained build operations Thread 36" [_thread_blocked, id=11560, stack(0x0000004317000000,0x0000004317100000)]
  0x000001cc270bfc30 JavaThread "Unconstrained build operations Thread 37" [_thread_blocked, id=9108, stack(0x0000004317100000,0x0000004317200000)]
  0x000001cc270c57a0 JavaThread "Unconstrained build operations Thread 38" [_thread_blocked, id=1036, stack(0x0000004317200000,0x0000004317300000)]
  0x000001cc270c4460 JavaThread "Unconstrained build operations Thread 39" [_thread_blocked, id=3340, stack(0x0000004317300000,0x0000004317400000)]
  0x000001cc270c4e00 JavaThread "Unconstrained build operations Thread 40" [_thread_blocked, id=3592, stack(0x0000004317400000,0x0000004317500000)]
  0x000001cc270c0f70 JavaThread "Unconstrained build operations Thread 41" [_thread_blocked, id=8712, stack(0x0000004317500000,0x0000004317600000)]
  0x000001cc270c5c70 JavaThread "Unconstrained build operations Thread 42" [_thread_blocked, id=12956, stack(0x0000004317600000,0x0000004317700000)]
  0x000001cc270c2c50 JavaThread "Unconstrained build operations Thread 43" [_thread_blocked, id=4556, stack(0x0000004317700000,0x0000004317800000)]
  0x000001cc270bedc0 JavaThread "Unconstrained build operations Thread 44" [_thread_blocked, id=2084, stack(0x0000004317800000,0x0000004317900000)]
  0x000001cc270c4930 JavaThread "Unconstrained build operations Thread 45" [_thread_blocked, id=11144, stack(0x0000004317900000,0x0000004317a00000)]
  0x000001cc270bf760 JavaThread "Unconstrained build operations Thread 46" [_thread_blocked, id=14196, stack(0x0000004317a00000,0x0000004317b00000)]
  0x000001cc270c3120 JavaThread "Unconstrained build operations Thread 47" [_thread_blocked, id=4928, stack(0x0000004317b00000,0x0000004317c00000)]
  0x000001cc270bf290 JavaThread "Unconstrained build operations Thread 48" [_thread_blocked, id=14360, stack(0x0000004317c00000,0x0000004317d00000)]
  0x000001cc270c35f0 JavaThread "Unconstrained build operations Thread 49" [_thread_blocked, id=14192, stack(0x0000004317d00000,0x0000004317e00000)]
  0x000001cc270c0aa0 JavaThread "Unconstrained build operations Thread 50" [_thread_blocked, id=10556, stack(0x0000004317e00000,0x0000004317f00000)]
  0x000001cc270c1910 JavaThread "Unconstrained build operations Thread 51" [_thread_blocked, id=15300, stack(0x0000004317f00000,0x0000004318000000)]
  0x000001cc270c52d0 JavaThread "Unconstrained build operations Thread 52" [_thread_blocked, id=3332, stack(0x0000004318000000,0x0000004318100000)]
  0x000001cc270c6140 JavaThread "Unconstrained build operations Thread 53" [_thread_blocked, id=8408, stack(0x0000004318100000,0x0000004318200000)]
  0x000001cc270c05d0 JavaThread "Unconstrained build operations Thread 54" [_thread_blocked, id=13256, stack(0x0000004318200000,0x0000004318300000)]
  0x000001cc270c1440 JavaThread "Unconstrained build operations Thread 55" [_thread_blocked, id=13124, stack(0x0000004318300000,0x0000004318400000)]
  0x000001cc270c0100 JavaThread "Unconstrained build operations Thread 56" [_thread_blocked, id=12676, stack(0x0000004318400000,0x0000004318500000)]
  0x000001cc270c1de0 JavaThread "Unconstrained build operations Thread 57" [_thread_blocked, id=7868, stack(0x0000004318500000,0x0000004318600000)]
  0x000001cc270c22b0 JavaThread "Unconstrained build operations Thread 58" [_thread_blocked, id=10480, stack(0x0000004318600000,0x0000004318700000)]
  0x000001cc270c3f90 JavaThread "Unconstrained build operations Thread 59" [_thread_blocked, id=10472, stack(0x0000004318700000,0x0000004318800000)]
  0x000001cc2a54b3a0 JavaThread "Unconstrained build operations Thread 60" [_thread_blocked, id=14712, stack(0x0000004318800000,0x0000004318900000)]
  0x000001cc2a545d00 JavaThread "Unconstrained build operations Thread 61" [_thread_blocked, id=11668, stack(0x0000004318900000,0x0000004318a00000)]
  0x000001cc2a5444f0 JavaThread "Unconstrained build operations Thread 62" [_thread_blocked, id=4952, stack(0x0000004318a00000,0x0000004318b00000)]
  0x000001cc2a548380 JavaThread "Unconstrained build operations Thread 63" [_thread_blocked, id=11656, stack(0x0000004318b00000,0x0000004318c00000)]
  0x000001cc2a54b870 JavaThread "Unconstrained build operations Thread 64" [_thread_blocked, id=3160, stack(0x0000004318c00000,0x0000004318d00000)]
  0x000001cc2a5461d0 JavaThread "Unconstrained build operations Thread 65" [_thread_blocked, id=9628, stack(0x0000004318d00000,0x0000004318e00000)]
  0x000001cc2a54aed0 JavaThread "Unconstrained build operations Thread 66" [_thread_blocked, id=5036, stack(0x0000004318e00000,0x0000004318f00000)]
  0x000001cc2a547eb0 JavaThread "Unconstrained build operations Thread 67" [_thread_blocked, id=13332, stack(0x0000004318f00000,0x0000004319000000)]
  0x000001cc2a5466a0 JavaThread "Unconstrained build operations Thread 68" [_thread_blocked, id=4392, stack(0x0000004319000000,0x0000004319100000)]
  0x000001cc2a544020 JavaThread "Unconstrained build operations Thread 69" [_thread_blocked, id=11684, stack(0x0000004319100000,0x0000004319200000)]
  0x000001cc2a546b70 JavaThread "Unconstrained build operations Thread 70" [_thread_blocked, id=4212, stack(0x0000004319200000,0x0000004319300000)]
  0x000001cc2a5496c0 JavaThread "Unconstrained build operations Thread 71" [_thread_blocked, id=5128, stack(0x0000004319300000,0x0000004319400000)]
  0x000001cc2a547040 JavaThread "Unconstrained build operations Thread 72" [_thread_blocked, id=3992, stack(0x0000004319400000,0x0000004319500000)]
  0x000001cc2a547510 JavaThread "Unconstrained build operations Thread 73" [_thread_blocked, id=3596, stack(0x0000004319500000,0x0000004319600000)]
  0x000001cc2a5479e0 JavaThread "Unconstrained build operations Thread 74" [_thread_blocked, id=3604, stack(0x0000004319600000,0x0000004319700000)]
  0x000001cc2a545830 JavaThread "Unconstrained build operations Thread 75" [_thread_blocked, id=3600, stack(0x0000004319700000,0x0000004319800000)]
  0x000001cc2a548850 JavaThread "Unconstrained build operations Thread 76" [_thread_blocked, id=11652, stack(0x0000004319800000,0x0000004319900000)]
  0x000001cc2a548d20 JavaThread "Unconstrained build operations Thread 77" [_thread_blocked, id=1184, stack(0x0000004319900000,0x0000004319a00000)]
  0x000001cc2a549b90 JavaThread "Unconstrained build operations Thread 78" [_thread_blocked, id=15280, stack(0x0000004319a00000,0x0000004319b00000)]
  0x000001cc2a5491f0 JavaThread "Unconstrained build operations Thread 79" [_thread_blocked, id=10908, stack(0x0000004319c00000,0x0000004319d00000)]
  0x000001cc2a5449c0 JavaThread "Unconstrained build operations Thread 80" [_thread_blocked, id=3764, stack(0x0000004319d00000,0x0000004319e00000)]
  0x000001cc2a54a060 JavaThread "jar transforms Thread 6" [_thread_blocked, id=10612, stack(0x0000004319e00000,0x0000004319f00000)]
  0x000001cc2a545360 JavaThread "jar transforms Thread 7" [_thread_blocked, id=11624, stack(0x0000004319f00000,0x000000431a000000)]
  0x000001cc2a54a530 JavaThread "jar transforms Thread 8" [_thread_blocked, id=13348, stack(0x000000431a000000,0x000000431a100000)]
  0x000001cc2729b460 JavaThread "build event listener" [_thread_blocked, id=6532, stack(0x000000431a100000,0x000000431a200000)]
  0x000001cc2729c7a0 JavaThread "Memory manager" [_thread_blocked, id=6356, stack(0x000000431a200000,0x000000431a300000)]
=>0x000001cc2cfe6ad0 JavaThread "C2 CompilerThread1" daemon [_thread_in_native, id=1988, stack(0x0000004319b00000,0x0000004319c00000)]
  0x000001cc2d22d790 JavaThread "C2 CompilerThread2" daemon [_thread_in_native, id=4072, stack(0x000000431a300000,0x000000431a400000)]

Other Threads:
  0x000001cc261b5940 VMThread "VM Thread" [stack: 0x0000004311b00000,0x0000004311c00000] [id=15044]
  0x000001cc0c3dcd60 WatcherThread [stack: 0x0000004312700000,0x0000004312800000] [id=4924]
  0x000001cc0c3ab280 GCTaskThread "GC Thread#0" [stack: 0x0000004311600000,0x0000004311700000] [id=14932]
  0x000001cc2700c0b0 GCTaskThread "GC Thread#1" [stack: 0x0000004312a00000,0x0000004312b00000] [id=3148]
  0x000001cc2700c360 GCTaskThread "GC Thread#2" [stack: 0x0000004312b00000,0x0000004312c00000] [id=4932]
  0x000001cc27d93880 GCTaskThread "GC Thread#3" [stack: 0x0000004312c00000,0x0000004312d00000] [id=4788]
  0x000001cc26e7e7f0 GCTaskThread "GC Thread#4" [stack: 0x0000004312900000,0x0000004312a00000] [id=11688]
  0x000001cc27fe7730 GCTaskThread "GC Thread#5" [stack: 0x0000004313600000,0x0000004313700000] [id=5664]
  0x000001cc294b7990 GCTaskThread "GC Thread#6" [stack: 0x0000004313700000,0x0000004313800000] [id=12692]
  0x000001cc286f3810 GCTaskThread "GC Thread#7" [stack: 0x0000004313800000,0x0000004313900000] [id=9360]
  0x000001cc0c3bd0e0 ConcurrentGCThread "G1 Main Marker" [stack: 0x0000004311700000,0x0000004311800000] [id=14988]
  0x000001cc0c3bda00 ConcurrentGCThread "G1 Conc#0" [stack: 0x0000004311800000,0x0000004311900000] [id=14992]
  0x000001cc2932c380 ConcurrentGCThread "G1 Conc#1" [stack: 0x0000004313900000,0x0000004313a00000] [id=11084]
  0x000001cc0c40dd20 ConcurrentGCThread "G1 Refine#0" [stack: 0x0000004311900000,0x0000004311a00000] [id=14976]
  0x000001cc2a94f0c0 ConcurrentGCThread "G1 Refine#1" [stack: 0x0000004314900000,0x0000004314a00000] [id=8284]
  0x000001cc0c40e650 ConcurrentGCThread "G1 Service" [stack: 0x0000004311a00000,0x0000004311b00000] [id=15008]

Threads with active compile tasks:
C2 CompilerThread0    18686 6841 %     4       org.gradle.internal.instantiation.generator.AbstractClassGenerator::inspectType @ 77 (560 bytes)
C2 CompilerThread1    18686 6840       4       sun.reflect.generics.parser.SignatureParser::parsePackageNameAndSimpleClassTypeSignature (119 bytes)
C2 CompilerThread2    18686 6956       4       java.util.AbstractCollection::addAll (42 bytes)

VM state: not at safepoint (normal execution)

VM Mutex/Monitor currently owned by a thread: None

Heap address: 0x0000000080000000, size: 2048 MB, Compressed Oops mode: 32-bit

CDS archive(s) not mapped
Compressed class space mapped at: 0x0000000100000000-0x0000000140000000, reserved size: 1073741824
Narrow klass base: 0x0000000000000000, Narrow klass shift: 3, Narrow klass range: 0x140000000

GC Precious Log:
 CPUs: 8 total, 8 available
 Memory: 8072M
 Large Page Support: Disabled
 NUMA Support: Disabled
 Compressed Oops: Enabled (32-bit)
 Heap Region Size: 1M
 Heap Min Capacity: 8M
 Heap Initial Capacity: 128M
 Heap Max Capacity: 2G
 Pre-touch: Disabled
 Parallel Workers: 8
 Concurrent Workers: 2
 Concurrent Refinement Workers: 8
 Periodic GC: Disabled

Heap:
 garbage-first heap   total 104448K, used 57985K [0x0000000080000000, 0x0000000100000000)
  region size 1024K, 6 young (6144K), 2 survivors (2048K)
 Metaspace       used 67098K, committed 67648K, reserved 1114112K
  class space    used 8855K, committed 9088K, reserved 1048576K

Heap Regions: E=young(eden), S=young(survivor), O=old, HS=humongous(starts), HC=humongous(continues), CS=collection set, F=free, OA=open archive, CA=closed archive, TAMS=top-at-mark-start (previous, next)
|   0|0x0000000080000000, 0x0000000080100000, 0x0000000080100000|100%|HS|  |TAMS 0x0000000080100000, 0x0000000080000000| Complete 
|   1|0x0000000080100000, 0x0000000080200000, 0x0000000080200000|100%|HC|  |TAMS 0x0000000080200000, 0x0000000080100000| Complete 
|   2|0x0000000080200000, 0x0000000080300000, 0x0000000080300000|100%|HC|  |TAMS 0x0000000080300000, 0x0000000080200000| Complete 
|   3|0x0000000080300000, 0x0000000080400000, 0x0000000080400000|100%|HC|  |TAMS 0x0000000080400000, 0x0000000080300000| Complete 
|   4|0x0000000080400000, 0x0000000080500000, 0x0000000080500000|100%| O|  |TAMS 0x0000000080500000, 0x0000000080400000| Untracked 
|   5|0x0000000080500000, 0x0000000080600000, 0x0000000080600000|100%| O|  |TAMS 0x0000000080600000, 0x0000000080500000| Untracked 
|   6|0x0000000080600000, 0x0000000080700000, 0x0000000080700000|100%| O|  |TAMS 0x0000000080700000, 0x0000000080600000| Untracked 
|   7|0x0000000080700000, 0x0000000080800000, 0x0000000080800000|100%| O|  |TAMS 0x0000000080800000, 0x0000000080700000| Untracked 
|   8|0x0000000080800000, 0x0000000080900000, 0x0000000080900000|100%| O|  |TAMS 0x0000000080900000, 0x0000000080800000| Untracked 
|   9|0x0000000080900000, 0x0000000080a00000, 0x0000000080a00000|100%| O|  |TAMS 0x0000000080a00000, 0x0000000080900000| Untracked 
|  10|0x0000000080a00000, 0x0000000080b00000, 0x0000000080b00000|100%| O|  |TAMS 0x0000000080b00000, 0x0000000080a00000| Untracked 
|  11|0x0000000080b00000, 0x0000000080b94400, 0x0000000080c00000| 57%| O|  |TAMS 0x0000000080b94400, 0x0000000080b00000| Untracked 
|  12|0x0000000080c00000, 0x0000000080d00000, 0x0000000080d00000|100%| O|  |TAMS 0x0000000080d00000, 0x0000000080c00000| Untracked 
|  13|0x0000000080d00000, 0x0000000080e00000, 0x0000000080e00000|100%| O|  |TAMS 0x0000000080e00000, 0x0000000080d00000| Untracked 
|  14|0x0000000080e00000, 0x0000000080f00000, 0x0000000080f00000|100%| O|  |TAMS 0x0000000080f00000, 0x0000000080e00000| Untracked 
|  15|0x0000000080f00000, 0x0000000081000000, 0x0000000081000000|100%| O|  |TAMS 0x0000000081000000, 0x0000000080f00000| Untracked 
|  16|0x0000000081000000, 0x0000000081100000, 0x0000000081100000|100%| O|  |TAMS 0x0000000081100000, 0x0000000081000000| Untracked 
|  17|0x0000000081100000, 0x0000000081200000, 0x0000000081200000|100%| O|  |TAMS 0x0000000081200000, 0x0000000081100000| Untracked 
|  18|0x0000000081200000, 0x0000000081300000, 0x0000000081300000|100%| O|  |TAMS 0x0000000081300000, 0x0000000081200000| Untracked 
|  19|0x0000000081300000, 0x0000000081400000, 0x0000000081400000|100%| O|  |TAMS 0x0000000081400000, 0x0000000081300000| Untracked 
|  20|0x0000000081400000, 0x0000000081500000, 0x0000000081500000|100%| O|  |TAMS 0x0000000081500000, 0x0000000081400000| Untracked 
|  21|0x0000000081500000, 0x0000000081600000, 0x0000000081600000|100%| O|  |TAMS 0x0000000081600000, 0x0000000081500000| Untracked 
|  22|0x0000000081600000, 0x0000000081700000, 0x0000000081700000|100%| O|  |TAMS 0x0000000081700000, 0x0000000081600000| Untracked 
|  23|0x0000000081700000, 0x0000000081800000, 0x0000000081800000|100%| O|  |TAMS 0x0000000081800000, 0x0000000081700000| Untracked 
|  24|0x0000000081800000, 0x0000000081900000, 0x0000000081900000|100%| O|  |TAMS 0x0000000081900000, 0x0000000081800000| Complete 
|  25|0x0000000081900000, 0x0000000081a00000, 0x0000000081a00000|100%|HS|  |TAMS 0x0000000081a00000, 0x0000000081900000| Complete 
|  26|0x0000000081a00000, 0x0000000081b00000, 0x0000000081b00000|100%| O|  |TAMS 0x0000000081b00000, 0x0000000081a00000| Untracked 
|  27|0x0000000081b00000, 0x0000000081c00000, 0x0000000081c00000|100%| O|  |TAMS 0x0000000081c00000, 0x0000000081b00000| Untracked 
|  28|0x0000000081c00000, 0x0000000081d00000, 0x0000000081d00000|100%| O|  |TAMS 0x0000000081d00000, 0x0000000081c00000| Untracked 
|  29|0x0000000081d00000, 0x0000000081e00000, 0x0000000081e00000|100%| O|  |TAMS 0x0000000081e00000, 0x0000000081d00000| Untracked 
|  30|0x0000000081e00000, 0x0000000081f00000, 0x0000000081f00000|100%| O|  |TAMS 0x0000000081f00000, 0x0000000081e00000| Untracked 
|  31|0x0000000081f00000, 0x0000000082000000, 0x0000000082000000|100%| O|  |TAMS 0x0000000082000000, 0x0000000081f00000| Untracked 
|  32|0x0000000082000000, 0x0000000082100000, 0x0000000082100000|100%|HS|  |TAMS 0x0000000082100000, 0x0000000082000000| Complete 
|  33|0x0000000082100000, 0x0000000082200000, 0x0000000082200000|100%|HS|  |TAMS 0x0000000082200000, 0x0000000082100000| Complete 
|  34|0x0000000082200000, 0x0000000082300000, 0x0000000082300000|100%| O|  |TAMS 0x0000000082300000, 0x0000000082200000| Untracked 
|  35|0x0000000082300000, 0x0000000082400000, 0x0000000082400000|100%| O|  |TAMS 0x0000000082400000, 0x0000000082300000| Untracked 
|  36|0x0000000082400000, 0x0000000082500000, 0x0000000082500000|100%| O|  |TAMS 0x0000000082500000, 0x0000000082400000| Untracked 
|  37|0x0000000082500000, 0x0000000082600000, 0x0000000082600000|100%| O|  |TAMS 0x0000000082600000, 0x0000000082500000| Untracked 
|  38|0x0000000082600000, 0x0000000082700000, 0x0000000082700000|100%| O|  |TAMS 0x0000000082700000, 0x0000000082600000| Untracked 
|  39|0x0000000082700000, 0x0000000082800000, 0x0000000082800000|100%| O|  |TAMS 0x0000000082800000, 0x0000000082700000| Untracked 
|  40|0x0000000082800000, 0x0000000082900000, 0x0000000082900000|100%| O|  |TAMS 0x0000000082900000, 0x0000000082800000| Untracked 
|  41|0x0000000082900000, 0x0000000082a00000, 0x0000000082a00000|100%| O|  |TAMS 0x0000000082a00000, 0x0000000082900000| Untracked 
|  42|0x0000000082a00000, 0x0000000082b00000, 0x0000000082b00000|100%| O|  |TAMS 0x0000000082b00000, 0x0000000082a00000| Untracked 
|  43|0x0000000082b00000, 0x0000000082c00000, 0x0000000082c00000|100%| O|  |TAMS 0x0000000082c00000, 0x0000000082b00000| Untracked 
|  44|0x0000000082c00000, 0x0000000082d00000, 0x0000000082d00000|100%| O|  |TAMS 0x0000000082d00000, 0x0000000082c00000| Untracked 
|  45|0x0000000082d00000, 0x0000000082e00000, 0x0000000082e00000|100%| O|  |TAMS 0x0000000082e00000, 0x0000000082d00000| Untracked 
|  46|0x0000000082e00000, 0x0000000082f00000, 0x0000000082f00000|100%| O|  |TAMS 0x0000000082f00000, 0x0000000082e00000| Untracked 
|  47|0x0000000082f00000, 0x0000000082f00000, 0x0000000083000000|  0%| F|  |TAMS 0x0000000082f00000, 0x0000000082f00000| Untracked 
|  48|0x0000000083000000, 0x0000000083100000, 0x0000000083100000|100%| O|  |TAMS 0x0000000083000000, 0x0000000083000000| Untracked 
|  49|0x0000000083100000, 0x000000008313a000, 0x0000000083200000| 22%| O|  |TAMS 0x0000000083100000, 0x0000000083100000| Untracked 
|  50|0x0000000083200000, 0x0000000083200000, 0x0000000083300000|  0%| F|  |TAMS 0x0000000083200000, 0x0000000083200000| Untracked 
|  51|0x0000000083300000, 0x0000000083400000, 0x0000000083400000|100%| O|  |TAMS 0x0000000083400000, 0x0000000083300000| Untracked 
|  52|0x0000000083400000, 0x0000000083500000, 0x0000000083500000|100%| O|  |TAMS 0x0000000083500000, 0x0000000083400000| Untracked 
|  53|0x0000000083500000, 0x0000000083500000, 0x0000000083600000|  0%| F|  |TAMS 0x0000000083500000, 0x0000000083500000| Untracked 
|  54|0x0000000083600000, 0x0000000083700000, 0x0000000083700000|100%| O|  |TAMS 0x0000000083700000, 0x0000000083600000| Untracked 
|  55|0x0000000083700000, 0x0000000083800000, 0x0000000083800000|100%| O|  |TAMS 0x000000008376b200, 0x0000000083700000| Untracked 
|  56|0x0000000083800000, 0x0000000083800000, 0x0000000083900000|  0%| F|  |TAMS 0x0000000083800000, 0x0000000083800000| Untracked 
|  57|0x0000000083900000, 0x0000000083900000, 0x0000000083a00000|  0%| F|  |TAMS 0x0000000083900000, 0x0000000083900000| Untracked 
|  58|0x0000000083a00000, 0x0000000083a00000, 0x0000000083b00000|  0%| F|  |TAMS 0x0000000083a00000, 0x0000000083a00000| Untracked 
|  59|0x0000000083b00000, 0x0000000083b00000, 0x0000000083c00000|  0%| F|  |TAMS 0x0000000083b00000, 0x0000000083b00000| Untracked 
|  60|0x0000000083c00000, 0x0000000083c00000, 0x0000000083d00000|  0%| F|  |TAMS 0x0000000083c00000, 0x0000000083c00000| Untracked 
|  61|0x0000000083d00000, 0x0000000083d00000, 0x0000000083e00000|  0%| F|  |TAMS 0x0000000083d00000, 0x0000000083d00000| Untracked 
|  62|0x0000000083e00000, 0x0000000083e00000, 0x0000000083f00000|  0%| F|  |TAMS 0x0000000083e00000, 0x0000000083e00000| Untracked 
|  63|0x0000000083f00000, 0x0000000083f00000, 0x0000000084000000|  0%| F|  |TAMS 0x0000000083f00000, 0x0000000083f00000| Untracked 
|  64|0x0000000084000000, 0x0000000084000000, 0x0000000084100000|  0%| F|  |TAMS 0x0000000084000000, 0x0000000084000000| Untracked 
|  65|0x0000000084100000, 0x0000000084100000, 0x0000000084200000|  0%| F|  |TAMS 0x0000000084100000, 0x0000000084100000| Untracked 
|  66|0x0000000084200000, 0x0000000084200000, 0x0000000084300000|  0%| F|  |TAMS 0x0000000084200000, 0x0000000084200000| Untracked 
|  67|0x0000000084300000, 0x0000000084300000, 0x0000000084400000|  0%| F|  |TAMS 0x0000000084300000, 0x0000000084300000| Untracked 
|  68|0x0000000084400000, 0x0000000084400000, 0x0000000084500000|  0%| F|  |TAMS 0x0000000084400000, 0x0000000084400000| Untracked 
|  69|0x0000000084500000, 0x0000000084500000, 0x0000000084600000|  0%| F|  |TAMS 0x0000000084500000, 0x0000000084500000| Untracked 
|  70|0x0000000084600000, 0x0000000084600000, 0x0000000084700000|  0%| F|  |TAMS 0x0000000084600000, 0x0000000084600000| Untracked 
|  71|0x0000000084700000, 0x0000000084700000, 0x0000000084800000|  0%| F|  |TAMS 0x0000000084700000, 0x0000000084700000| Untracked 
|  72|0x0000000084800000, 0x0000000084800000, 0x0000000084900000|  0%| F|  |TAMS 0x0000000084800000, 0x0000000084800000| Untracked 
|  73|0x0000000084900000, 0x0000000084900000, 0x0000000084a00000|  0%| F|  |TAMS 0x0000000084900000, 0x0000000084900000| Untracked 
|  74|0x0000000084a00000, 0x0000000084a00000, 0x0000000084b00000|  0%| F|  |TAMS 0x0000000084a00000, 0x0000000084a00000| Untracked 
|  75|0x0000000084b00000, 0x0000000084b00000, 0x0000000084c00000|  0%| F|  |TAMS 0x0000000084b00000, 0x0000000084b00000| Untracked 
|  76|0x0000000084c00000, 0x0000000084c00000, 0x0000000084d00000|  0%| F|  |TAMS 0x0000000084c00000, 0x0000000084c00000| Untracked 
|  77|0x0000000084d00000, 0x0000000084d00000, 0x0000000084e00000|  0%| F|  |TAMS 0x0000000084d00000, 0x0000000084d00000| Untracked 
|  78|0x0000000084e00000, 0x0000000084ed2060, 0x0000000084f00000| 82%| S|CS|TAMS 0x0000000084e00000, 0x0000000084e00000| Complete 
|  79|0x0000000084f00000, 0x0000000085000000, 0x0000000085000000|100%| S|CS|TAMS 0x0000000084f00000, 0x0000000084f00000| Complete 
|  80|0x0000000085000000, 0x0000000085000000, 0x0000000085100000|  0%| F|  |TAMS 0x0000000085000000, 0x0000000085000000| Untracked 
|  81|0x0000000085100000, 0x0000000085100000, 0x0000000085200000|  0%| F|  |TAMS 0x0000000085100000, 0x0000000085100000| Untracked 
|  82|0x0000000085200000, 0x0000000085200000, 0x0000000085300000|  0%| F|  |TAMS 0x0000000085200000, 0x0000000085200000| Untracked 
|  83|0x0000000085300000, 0x0000000085300000, 0x0000000085400000|  0%| F|  |TAMS 0x0000000085300000, 0x0000000085300000| Untracked 
|  84|0x0000000085400000, 0x0000000085400000, 0x0000000085500000|  0%| F|  |TAMS 0x0000000085400000, 0x0000000085400000| Untracked 
|  85|0x0000000085500000, 0x0000000085500000, 0x0000000085600000|  0%| F|  |TAMS 0x0000000085500000, 0x0000000085500000| Untracked 
|  86|0x0000000085600000, 0x0000000085600000, 0x0000000085700000|  0%| F|  |TAMS 0x0000000085600000, 0x0000000085600000| Untracked 
|  87|0x0000000085700000, 0x0000000085700000, 0x0000000085800000|  0%| F|  |TAMS 0x0000000085700000, 0x0000000085700000| Untracked 
|  88|0x0000000085800000, 0x0000000085800000, 0x0000000085900000|  0%| F|  |TAMS 0x0000000085800000, 0x0000000085800000| Untracked 
|  89|0x0000000085900000, 0x0000000085900000, 0x0000000085a00000|  0%| F|  |TAMS 0x0000000085900000, 0x0000000085900000| Untracked 
|  90|0x0000000085a00000, 0x0000000085a00000, 0x0000000085b00000|  0%| F|  |TAMS 0x0000000085a00000, 0x0000000085a00000| Untracked 
|  91|0x0000000085b00000, 0x0000000085b00000, 0x0000000085c00000|  0%| F|  |TAMS 0x0000000085b00000, 0x0000000085b00000| Untracked 
|  92|0x0000000085c00000, 0x0000000085c00000, 0x0000000085d00000|  0%| F|  |TAMS 0x0000000085c00000, 0x0000000085c00000| Untracked 
|  93|0x0000000085d00000, 0x0000000085d00000, 0x0000000085e00000|  0%| F|  |TAMS 0x0000000085d00000, 0x0000000085d00000| Untracked 
|  94|0x0000000085e00000, 0x0000000085e00000, 0x0000000085f00000|  0%| F|  |TAMS 0x0000000085e00000, 0x0000000085e00000| Untracked 
|  95|0x0000000085f00000, 0x0000000085f00000, 0x0000000086000000|  0%| F|  |TAMS 0x0000000085f00000, 0x0000000085f00000| Untracked 
|  96|0x0000000086000000, 0x0000000086000000, 0x0000000086100000|  0%| F|  |TAMS 0x0000000086000000, 0x0000000086000000| Untracked 
|  97|0x0000000086100000, 0x0000000086100000, 0x0000000086200000|  0%| F|  |TAMS 0x0000000086100000, 0x0000000086100000| Untracked 
|  98|0x0000000086200000, 0x00000000862eca20, 0x0000000086300000| 92%| E|  |TAMS 0x0000000086200000, 0x0000000086200000| Complete 
|  99|0x0000000086300000, 0x0000000086400000, 0x0000000086400000|100%| E|CS|TAMS 0x0000000086300000, 0x0000000086300000| Complete 
| 100|0x0000000086400000, 0x0000000086500000, 0x0000000086500000|100%| E|CS|TAMS 0x0000000086400000, 0x0000000086400000| Complete 
| 127|0x0000000087f00000, 0x0000000088000000, 0x0000000088000000|100%| E|CS|TAMS 0x0000000087f00000, 0x0000000087f00000| Complete 

Card table byte_map: [0x000001cc1ef40000,0x000001cc1f340000] _byte_map_base: 0x000001cc1eb40000

Marking Bits (Prev, Next): (CMBitMap*) 0x000001cc0c3ac7b0, (CMBitMap*) 0x000001cc0c3ac7f0
 Prev Bits: [0x000001cc1f740000, 0x000001cc21740000)
 Next Bits: [0x000001cc21740000, 0x000001cc23740000)

Polling page: 0x000001cc0a300000

Metaspace:

Usage:
  Non-class:     56.88 MB used.
      Class:      8.65 MB used.
       Both:     65.53 MB used.

Virtual space:
  Non-class space:       64.00 MB reserved,      57.19 MB ( 89%) committed,  8 nodes.
      Class space:        1.00 GB reserved,       8.88 MB ( <1%) committed,  1 nodes.
             Both:        1.06 GB reserved,      66.06 MB (  6%) committed. 

Chunk freelists:
   Non-Class:  2.72 MB
       Class:  3.07 MB
        Both:  5.79 MB

MaxMetaspaceSize: unlimited
CompressedClassSpaceSize: 1.00 GB
Initial GC threshold: 21.00 MB
Current GC threshold: 110.00 MB
CDS: off
MetaspaceReclaimPolicy: balanced
 - commit_granule_bytes: 65536.
 - commit_granule_words: 8192.
 - virtual_space_node_default_size: 1048576.
 - enlarge_chunks_in_place: 1.
 - new_chunks_are_fully_committed: 0.
 - uncommit_free_chunks: 1.
 - use_allocation_guard: 0.
 - handle_deallocations: 1.


Internal statistics:

num_allocs_failed_limit: 6.
num_arena_births: 620.
num_arena_deaths: 0.
num_vsnodes_births: 9.
num_vsnodes_deaths: 0.
num_space_committed: 1057.
num_space_uncommitted: 0.
num_chunks_returned_to_freelist: 6.
num_chunks_taken_from_freelist: 2825.
num_chunk_merges: 6.
num_chunk_splits: 1886.
num_chunks_enlarged: 1287.
num_purges: 0.
num_inconsistent_stats: 0.

CodeHeap 'non-profiled nmethods': size=120000Kb used=3442Kb max_used=3442Kb free=116558Kb
 bounds [0x000001cc172e0000, 0x000001cc17640000, 0x000001cc1e810000]
CodeHeap 'profiled nmethods': size=120000Kb used=11835Kb max_used=11835Kb free=108164Kb
 bounds [0x000001cc0f810000, 0x000001cc103a0000, 0x000001cc16d40000]
CodeHeap 'non-nmethods': size=5760Kb used=2348Kb max_used=2434Kb free=3411Kb
 bounds [0x000001cc16d40000, 0x000001cc16fc0000, 0x000001cc172e0000]
 total_blobs=7012 nmethods=6141 adapters=783
 compilation: enabled
              stopped_count=0, restarted_count=0
 full_count=0

Compilation events (20 events):
Event: 18.569 Thread 0x000001cc26c3c480 nmethod 6944 0x000001cc10392810 code [0x000001cc10392cc0, 0x000001cc103959a8]
Event: 18.570 Thread 0x000001cc26c3c480 6946       3       jdk.proxy1.$Proxy17::<init> (6 bytes)
Event: 18.574 Thread 0x000001cc26c3c480 nmethod 6946 0x000001cc10396410 code [0x000001cc103965e0, 0x000001cc10396968]
Event: 18.578 Thread 0x000001cc2d22d790 6947       4       java.beans.MethodRef::get (91 bytes)
Event: 18.579 Thread 0x000001cc26c3c480 6949       3       com.sun.beans.introspect.PropertyInfo::isConstrained (101 bytes)
Event: 18.579 Thread 0x000001cc26c3c480 nmethod 6949 0x000001cc10396b10 code [0x000001cc10396ce0, 0x000001cc10396fb8]
Event: 18.581 Thread 0x000001cc2d22d790 nmethod 6947 0x000001cc1763b010 code [0x000001cc1763b1a0, 0x000001cc1763b2f8]
Event: 18.581 Thread 0x000001cc2d22d790 6948       4       java.util.StringJoiner::<init> (63 bytes)
Event: 18.581 Thread 0x000001cc26c3c480 6950       3       java.util.Comparator$$Lambda$173/0x00000001002c78b0::compare (10 bytes)
Event: 18.581 Thread 0x000001cc26c3c480 nmethod 6950 0x000001cc10397110 code [0x000001cc103972e0, 0x000001cc103977a8]
Event: 18.581 Thread 0x000001cc26c3c480 6952       3       java.util.AbstractSequentialList::iterator (5 bytes)
Event: 18.582 Thread 0x000001cc26c3c480 nmethod 6952 0x000001cc10397910 code [0x000001cc10397ac0, 0x000001cc10397d68]
Event: 18.582 Thread 0x000001cc26c3c480 6951       3       java.util.Comparator::lambda$comparing$77a9974f$1 (23 bytes)
Event: 18.582 Thread 0x000001cc26c3c480 nmethod 6951 0x000001cc10397e10 code [0x000001cc10397fe0, 0x000001cc10398428]
Event: 18.587 Thread 0x000001cc2d22d790 nmethod 6948 0x000001cc1763b410 code [0x000001cc1763b5a0, 0x000001cc1763ba78]
Event: 18.595 Thread 0x000001cc2d22d790 6953       4       org.codehaus.groovy.util.SingleKeyHashMap::getOrPut (137 bytes)
Event: 18.595 Thread 0x000001cc26c3c480 6955   !   3       java.lang.ClassValue::initializeMap (46 bytes)
Event: 18.596 Thread 0x000001cc26c3c480 nmethod 6955 0x000001cc10398590 code [0x000001cc10398780, 0x000001cc10398bf8]
Event: 18.597 Thread 0x000001cc26c3c480 6957       3       groovy.lang.MetaClassImpl::addMetaBeanProperty (119 bytes)
Event: 18.598 Thread 0x000001cc26c3c480 nmethod 6957 0x000001cc10398e10 code [0x000001cc103990c0, 0x000001cc1039a748]

GC Heap History (20 events):
Event: 10.690 GC heap before
{Heap before GC invocations=10 (full 0):
 garbage-first heap   total 86016K, used 64702K [0x0000000080000000, 0x0000000100000000)
  region size 1024K, 35 young (35840K), 3 survivors (3072K)
 Metaspace       used 47213K, committed 47680K, reserved 1097728K
  class space    used 6188K, committed 6400K, reserved 1048576K
}
Event: 10.706 GC heap after
{Heap after GC invocations=11 (full 0):
 garbage-first heap   total 86016K, used 33411K [0x0000000080000000, 0x0000000100000000)
  region size 1024K, 3 young (3072K), 3 survivors (3072K)
 Metaspace       used 47213K, committed 47680K, reserved 1097728K
  class space    used 6188K, committed 6400K, reserved 1048576K
}
Event: 12.345 GC heap before
{Heap before GC invocations=11 (full 0):
 garbage-first heap   total 86016K, used 64131K [0x0000000080000000, 0x0000000100000000)
  region size 1024K, 33 young (33792K), 3 survivors (3072K)
 Metaspace       used 50891K, committed 51328K, reserved 1097728K
  class space    used 6743K, committed 6912K, reserved 1048576K
}
Event: 12.351 GC heap after
{Heap after GC invocations=12 (full 0):
 garbage-first heap   total 86016K, used 35201K [0x0000000080000000, 0x0000000100000000)
  region size 1024K, 5 young (5120K), 5 survivors (5120K)
 Metaspace       used 50891K, committed 51328K, reserved 1097728K
  class space    used 6743K, committed 6912K, reserved 1048576K
}
Event: 13.753 GC heap before
{Heap before GC invocations=12 (full 0):
 garbage-first heap   total 86016K, used 67969K [0x0000000080000000, 0x0000000100000000)
  region size 1024K, 35 young (35840K), 5 survivors (5120K)
 Metaspace       used 52008K, committed 52480K, reserved 1097728K
  class space    used 6852K, committed 7040K, reserved 1048576K
}
Event: 13.760 GC heap after
{Heap after GC invocations=13 (full 0):
 garbage-first heap   total 86016K, used 42263K [0x0000000080000000, 0x0000000100000000)
  region size 1024K, 5 young (5120K), 5 survivors (5120K)
 Metaspace       used 52008K, committed 52480K, reserved 1097728K
  class space    used 6852K, committed 7040K, reserved 1048576K
}
Event: 14.283 GC heap before
{Heap before GC invocations=13 (full 0):
 garbage-first heap   total 86016K, used 66839K [0x0000000080000000, 0x0000000100000000)
  region size 1024K, 29 young (29696K), 5 survivors (5120K)
 Metaspace       used 54734K, committed 55232K, reserved 1097728K
  class space    used 7234K, committed 7424K, reserved 1048576K
}
Event: 14.289 GC heap after
{Heap after GC invocations=14 (full 0):
 garbage-first heap   total 86016K, used 46791K [0x0000000080000000, 0x0000000100000000)
  region size 1024K, 4 young (4096K), 4 survivors (4096K)
 Metaspace       used 54734K, committed 55232K, reserved 1097728K
  class space    used 7234K, committed 7424K, reserved 1048576K
}
Event: 14.774 GC heap before
{Heap before GC invocations=14 (full 0):
 garbage-first heap   total 86016K, used 67271K [0x0000000080000000, 0x0000000100000000)
  region size 1024K, 24 young (24576K), 4 survivors (4096K)
 Metaspace       used 58194K, committed 58688K, reserved 1105920K
  class space    used 7657K, committed 7872K, reserved 1048576K
}
Event: 14.777 GC heap after
{Heap after GC invocations=15 (full 0):
 garbage-first heap   total 86016K, used 47735K [0x0000000080000000, 0x0000000100000000)
  region size 1024K, 1 young (1024K), 1 survivors (1024K)
 Metaspace       used 58194K, committed 58688K, reserved 1105920K
  class space    used 7657K, committed 7872K, reserved 1048576K
}
Event: 15.495 GC heap before
{Heap before GC invocations=16 (full 0):
 garbage-first heap   total 86016K, used 68215K [0x0000000080000000, 0x0000000100000000)
  region size 1024K, 21 young (21504K), 1 survivors (1024K)
 Metaspace       used 61381K, committed 61824K, reserved 1105920K
  class space    used 8123K, committed 8320K, reserved 1048576K
}
Event: 15.498 GC heap after
{Heap after GC invocations=17 (full 0):
 garbage-first heap   total 86016K, used 48786K [0x0000000080000000, 0x0000000100000000)
  region size 1024K, 2 young (2048K), 2 survivors (2048K)
 Metaspace       used 61381K, committed 61824K, reserved 1105920K
  class space    used 8123K, committed 8320K, reserved 1048576K
}
Event: 16.363 GC heap before
{Heap before GC invocations=17 (full 0):
 garbage-first heap   total 86016K, used 53906K [0x0000000080000000, 0x0000000100000000)
  region size 1024K, 8 young (8192K), 2 survivors (2048K)
 Metaspace       used 62914K, committed 63488K, reserved 1105920K
  class space    used 8296K, committed 8576K, reserved 1048576K
}
Event: 16.367 GC heap after
{Heap after GC invocations=18 (full 0):
 garbage-first heap   total 86016K, used 50040K [0x0000000080000000, 0x0000000100000000)
  region size 1024K, 3 young (3072K), 3 survivors (3072K)
 Metaspace       used 62914K, committed 63488K, reserved 1105920K
  class space    used 8296K, committed 8576K, reserved 1048576K
}
Event: 16.716 GC heap before
{Heap before GC invocations=19 (full 0):
 garbage-first heap   total 104448K, used 62328K [0x0000000080000000, 0x0000000100000000)
  region size 1024K, 12 young (12288K), 3 survivors (3072K)
 Metaspace       used 62920K, committed 63488K, reserved 1105920K
  class space    used 8296K, committed 8576K, reserved 1048576K
}
Event: 16.722 GC heap after
{Heap after GC invocations=20 (full 0):
 garbage-first heap   total 104448K, used 55866K [0x0000000080000000, 0x0000000100000000)
  region size 1024K, 3 young (3072K), 3 survivors (3072K)
 Metaspace       used 62920K, committed 63488K, reserved 1105920K
  class space    used 8296K, committed 8576K, reserved 1048576K
}
Event: 17.818 GC heap before
{Heap before GC invocations=21 (full 0):
 garbage-first heap   total 104448K, used 79418K [0x0000000080000000, 0x0000000100000000)
  region size 1024K, 24 young (24576K), 3 survivors (3072K)
 Metaspace       used 64934K, committed 65472K, reserved 1105920K
  class space    used 8563K, committed 8832K, reserved 1048576K
}
Event: 17.822 GC heap after
{Heap after GC invocations=22 (full 0):
 garbage-first heap   total 104448K, used 54183K [0x0000000080000000, 0x0000000100000000)
  region size 1024K, 2 young (2048K), 2 survivors (2048K)
 Metaspace       used 64934K, committed 65472K, reserved 1105920K
  class space    used 8563K, committed 8832K, reserved 1048576K
}
Event: 18.570 GC heap before
{Heap before GC invocations=22 (full 0):
 garbage-first heap   total 104448K, used 76711K [0x0000000080000000, 0x0000000100000000)
  region size 1024K, 24 young (24576K), 2 survivors (2048K)
 Metaspace       used 66964K, committed 67584K, reserved 1114112K
  class space    used 8825K, committed 9088K, reserved 1048576K
}
Event: 18.574 GC heap after
{Heap after GC invocations=23 (full 0):
 garbage-first heap   total 104448K, used 55937K [0x0000000080000000, 0x0000000100000000)
  region size 1024K, 2 young (2048K), 2 survivors (2048K)
 Metaspace       used 66964K, committed 67584K, reserved 1114112K
  class space    used 8825K, committed 9088K, reserved 1048576K
}

Dll operation events (2 events):
Event: 0.068 Loaded shared library C:\Program Files\Android\Android Studio\jbr\bin\java.dll
Event: 0.509 Loaded shared library C:\Program Files\Android\Android Studio\jbr\bin\verify.dll

Deoptimization events (20 events):
Event: 18.293 Thread 0x000001cc27d0b510 Uncommon trap: trap_request=0xffffff45 fr.pc=0x000001cc173c6f30 relative=0x0000000000000a70
Event: 18.293 Thread 0x000001cc27d0b510 Uncommon trap: reason=unstable_if action=reinterpret pc=0x000001cc173c6f30 method=org.objectweb.asm.Label.resolve([BI)Z @ 80 c2
Event: 18.293 Thread 0x000001cc27d0b510 DEOPT PACKING pc=0x000001cc173c6f30 sp=0x00000043132f5c20
Event: 18.293 Thread 0x000001cc27d0b510 DEOPT UNPACKING pc=0x000001cc16d969a3 sp=0x00000043132f5b40 mode 2
Event: 18.293 Thread 0x000001cc27d0b510 Uncommon trap: trap_request=0xffffff45 fr.pc=0x000001cc175630a0 relative=0x0000000000000200
Event: 18.293 Thread 0x000001cc27d0b510 Uncommon trap: reason=unstable_if action=reinterpret pc=0x000001cc175630a0 method=org.objectweb.asm.Label.resolve([BI)Z @ 80 c2
Event: 18.293 Thread 0x000001cc27d0b510 DEOPT PACKING pc=0x000001cc175630a0 sp=0x00000043132f5bb0
Event: 18.293 Thread 0x000001cc27d0b510 DEOPT UNPACKING pc=0x000001cc16d969a3 sp=0x00000043132f5b30 mode 2
Event: 18.295 Thread 0x000001cc27d0b510 Uncommon trap: trap_request=0xffffff45 fr.pc=0x000001cc17434254 relative=0x0000000000001274
Event: 18.295 Thread 0x000001cc27d0b510 Uncommon trap: reason=unstable_if action=reinterpret pc=0x000001cc17434254 method=org.objectweb.asm.MethodWriter.<init>(Lorg/objectweb/asm/SymbolTable;ILjava/lang/String;Ljava/lang/String;Ljava/lang/String;[Ljava/lang/String;I)V @ 94 c2
Event: 18.295 Thread 0x000001cc27d0b510 DEOPT PACKING pc=0x000001cc17434254 sp=0x00000043132f5d40
Event: 18.295 Thread 0x000001cc27d0b510 DEOPT UNPACKING pc=0x000001cc16d969a3 sp=0x00000043132f5c18 mode 2
Event: 18.295 Thread 0x000001cc27d0b510 Uncommon trap: trap_request=0xffffff45 fr.pc=0x000001cc17435d1c relative=0x00000000000004dc
Event: 18.295 Thread 0x000001cc27d0b510 Uncommon trap: reason=unstable_if action=reinterpret pc=0x000001cc17435d1c method=org.objectweb.asm.MethodWriter.computeMethodInfoSize()I @ 342 c2
Event: 18.295 Thread 0x000001cc27d0b510 DEOPT PACKING pc=0x000001cc17435d1c sp=0x00000043132f5f90
Event: 18.295 Thread 0x000001cc27d0b510 DEOPT UNPACKING pc=0x000001cc16d969a3 sp=0x00000043132f5f28 mode 2
Event: 18.295 Thread 0x000001cc27d0b510 Uncommon trap: trap_request=0xffffff45 fr.pc=0x000001cc1762d488 relative=0x0000000000001b68
Event: 18.295 Thread 0x000001cc27d0b510 Uncommon trap: reason=unstable_if action=reinterpret pc=0x000001cc1762d488 method=org.objectweb.asm.MethodWriter.putMethodInfo(Lorg/objectweb/asm/ByteVector;)V @ 108 c2
Event: 18.295 Thread 0x000001cc27d0b510 DEOPT PACKING pc=0x000001cc1762d488 sp=0x00000043132f5f40
Event: 18.295 Thread 0x000001cc27d0b510 DEOPT UNPACKING pc=0x000001cc16d969a3 sp=0x00000043132f5ef8 mode 2

Classes unloaded (0 events):
No events

Classes redefined (0 events):
No events

Internal exceptions (20 events):
Event: 13.669 Thread 0x000001cc27d0b510 Exception <a 'java/lang/ClassNotFoundException'{0x0000000083842840}: build_4xcers2buwey95oa5n2ksaafiBeanInfo> (0x0000000083842840) 
thrown [s\src\hotspot\share\classfile\systemDictionary.cpp, line 256]
Event: 13.670 Thread 0x000001cc27d0b510 Exception <a 'java/lang/ClassNotFoundException'{0x00000000838490c0}: build_4xcers2buwey95oa5n2ksaafiCustomizer> (0x00000000838490c0) 
thrown [s\src\hotspot\share\classfile\systemDictionary.cpp, line 256]
Event: 13.861 Thread 0x000001cc27d0b510 Exception <a 'java/lang/ClassNotFoundException'{0x000000008531f128}: org/gradle/api/internal/plugins/DefaultObjectConfigurationActionBeanInfo> (0x000000008531f128) 
thrown [s\src\hotspot\share\classfile\systemDictionary.cpp, line 256]
Event: 13.862 Thread 0x000001cc27d0b510 Exception <a 'java/lang/ClassNotFoundException'{0x0000000085331480}: org/gradle/api/internal/plugins/DefaultObjectConfigurationActionCustomizer> (0x0000000085331480) 
thrown [s\src\hotspot\share\classfile\systemDictionary.cpp, line 256]
Event: 14.096 Thread 0x000001cc27d0b510 Exception <a 'java/lang/NoSuchMethodError'{0x000000008432ae98}: 'java.lang.Object java.lang.invoke.DirectMethodHandle$Holder.newInvokeSpecial(java.lang.Object, java.lang.Object, java.lang.Object, java.lang.Object, int)'> (0x000000008432ae98) 
thrown [s\src\hotspot\share\interpreter\linkResolver.cpp, line 771]
Event: 14.096 Thread 0x000001cc27d0b510 Exception <a 'java/lang/NoSuchMethodError'{0x0000000084330038}: 'java.lang.Object java.lang.invoke.DirectMethodHandle$Holder.invokeSpecial(java.lang.Object, java.lang.Object, java.lang.Object, java.lang.Object, java.lang.Object, int)'> (0x0000000084330038) 
thrown [s\src\hotspot\share\interpreter\linkResolver.cpp, line 771]
Event: 14.097 Thread 0x000001cc27d0b510 Exception <a 'java/lang/NoSuchMethodError'{0x0000000084334b10}: 'java.lang.Object java.lang.invoke.Invokers$Holder.linkToTargetMethod(java.lang.Object, java.lang.Object, java.lang.Object, int, java.lang.Object)'> (0x0000000084334b10) 
thrown [s\src\hotspot\share\interpreter\linkResolver.cpp, line 771]
Event: 14.440 Thread 0x000001cc27d0b510 Exception <a 'java/lang/NoSuchMethodError'{0x000000008532b5f8}: 'int java.lang.invoke.DirectMethodHandle$Holder.invokeInterface(java.lang.Object, java.lang.Object, java.lang.Object, java.lang.Object)'> (0x000000008532b5f8) 
thrown [s\src\hotspot\share\interpreter\linkResolver.cpp, line 771]
Event: 15.281 Thread 0x000001cc27d0b510 Exception <a 'java/lang/IncompatibleClassChangeError'{0x000000008477e8c8}: Found class java.lang.Object, but interface was expected> (0x000000008477e8c8) 
thrown [s\src\hotspot\share\interpreter\linkResolver.cpp, line 838]
Event: 15.357 Thread 0x000001cc27d0b510 Implicit null exception at 0x000001cc175fe854 to 0x000001cc175fea00
Event: 15.358 Thread 0x000001cc27d0b510 Implicit null exception at 0x000001cc17523146 to 0x000001cc17524dfc
Event: 15.742 Thread 0x000001cc27d0b510 Implicit null exception at 0x000001cc174a468c to 0x000001cc174a47c2
Event: 16.945 Thread 0x000001cc27d0b510 Exception <a 'sun/nio/fs/WindowsException'{0x0000000085f04068}> (0x0000000085f04068) 
thrown [s\src\hotspot\share\prims\jni.cpp, line 517]
Event: 18.293 Thread 0x000001cc27d0b510 Implicit null exception at 0x000001cc1749bac9 to 0x000001cc1749bb9c
Event: 18.540 Thread 0x000001cc27d0b510 Exception <a 'java/lang/ClassNotFoundException'{0x0000000085175208}: build_4xcers2buwey95oa5n2ksaafiBeanInfo> (0x0000000085175208) 
thrown [s\src\hotspot\share\classfile\systemDictionary.cpp, line 256]
Event: 18.540 Thread 0x000001cc27d0b510 Exception <a 'java/lang/ClassNotFoundException'{0x000000008517bd48}: build_4xcers2buwey95oa5n2ksaafiCustomizer> (0x000000008517bd48) 
thrown [s\src\hotspot\share\classfile\systemDictionary.cpp, line 256]
Event: 18.562 Thread 0x000001cc27d0b510 Exception <a 'java/lang/ClassNotFoundException'{0x000000008505c4e8}: org/gradle/api/internal/project/DefaultProject_DecoratedBeanInfo> (0x000000008505c4e8) 
thrown [s\src\hotspot\share\classfile\systemDictionary.cpp, line 256]
Event: 18.563 Thread 0x000001cc27d0b510 Exception <a 'java/lang/ClassNotFoundException'{0x0000000085070068}: org/gradle/api/internal/project/DefaultProjectBeanInfo> (0x0000000085070068) 
thrown [s\src\hotspot\share\classfile\systemDictionary.cpp, line 256]
Event: 18.564 Thread 0x000001cc27d0b510 Exception <a 'java/lang/ClassNotFoundException'{0x0000000085083b30}: org/gradle/api/internal/project/DefaultProjectCustomizer> (0x0000000085083b30) 
thrown [s\src\hotspot\share\classfile\systemDictionary.cpp, line 256]
Event: 18.577 Thread 0x000001cc27d0b510 Exception <a 'java/lang/ClassNotFoundException'{0x0000000087f34038}: org/gradle/api/internal/project/DefaultProject_DecoratedCustomizer> (0x0000000087f34038) 
thrown [s\src\hotspot\share\classfile\systemDictionary.cpp, line 256]

VM Operations (20 events):
Event: 15.840 Executing VM operation: HandshakeAllThreads
Event: 15.840 Executing VM operation: HandshakeAllThreads done
Event: 16.363 Executing VM operation: G1TryInitiateConcMark
Event: 16.367 Executing VM operation: G1TryInitiateConcMark done
Event: 16.440 Executing VM operation: G1Concurrent
Event: 16.450 Executing VM operation: G1Concurrent done
Event: 16.474 Executing VM operation: G1Concurrent
Event: 16.489 Executing VM operation: G1Concurrent done
Event: 16.716 Executing VM operation: G1TryInitiateConcMark
Event: 16.722 Executing VM operation: G1TryInitiateConcMark done
Event: 16.778 Executing VM operation: G1Concurrent
Event: 16.782 Executing VM operation: G1Concurrent done
Event: 16.812 Executing VM operation: G1Concurrent
Event: 16.820 Executing VM operation: G1Concurrent done
Event: 17.818 Executing VM operation: G1CollectForAllocation
Event: 17.822 Executing VM operation: G1CollectForAllocation done
Event: 18.483 Executing VM operation: ICBufferFull
Event: 18.483 Executing VM operation: ICBufferFull done
Event: 18.570 Executing VM operation: G1CollectForAllocation
Event: 18.574 Executing VM operation: G1CollectForAllocation done

Events (20 events):
Event: 16.348 loading class sun/security/util/ManifestEntryVerifier$SunProviderHolder done
Event: 16.944 loading class sun/nio/fs/WindowsException
Event: 16.945 loading class sun/nio/fs/WindowsException done
Event: 17.000 Thread 0x000001cc2cfc70f0 Thread exited: 0x000001cc2cfc70f0
Event: 17.259 Thread 0x000001cc2cfe6ad0 Thread added: 0x000001cc2cfe6ad0
Event: 17.372 Thread 0x000001cc2d22d790 Thread added: 0x000001cc2d22d790
Event: 17.962 loading class java/security/KeyStore
Event: 17.963 loading class java/security/KeyStore done
Event: 17.963 loading class java/security/KeyStore$1
Event: 17.963 loading class java/security/KeyStore$1 done
Event: 18.204 loading class javax/xml/stream/XMLStreamException
Event: 18.205 loading class javax/xml/stream/XMLStreamException done
Event: 18.239 loading class sun/reflect/annotation/AnnotationInvocationHandler$1
Event: 18.240 loading class sun/reflect/annotation/AnnotationInvocationHandler$1 done
Event: 18.582 loading class org/xml/sax/Locator
Event: 18.582 loading class org/xml/sax/Locator done
Event: 18.587 loading class org/xml/sax/SAXParseException
Event: 18.589 loading class org/xml/sax/SAXParseException done
Event: 18.592 loading class org/xml/sax/Attributes
Event: 18.592 loading class org/xml/sax/Attributes done


Dynamic libraries:
0x00007ff6ce990000 - 0x00007ff6ce99a000 	C:\Program Files\Android\Android Studio\jbr\bin\java.exe
0x00007ffeaa090000 - 0x00007ffeaa2a7000 	C:\WINDOWS\SYSTEM32\ntdll.dll
0x00007ffea9b50000 - 0x00007ffea9c14000 	C:\WINDOWS\System32\KERNEL32.DLL
0x00007ffea7420000 - 0x00007ffea77d7000 	C:\WINDOWS\System32\KERNELBASE.dll
0x00007ffea77e0000 - 0x00007ffea78f1000 	C:\WINDOWS\System32\ucrtbase.dll
0x00007ffe88cb0000 - 0x00007ffe88cc7000 	C:\Program Files\Android\Android Studio\jbr\bin\jli.dll
0x00007ffe8d130000 - 0x00007ffe8d14b000 	C:\Program Files\Android\Android Studio\jbr\bin\VCRUNTIME140.dll
0x00007ffea99a0000 - 0x00007ffea9b4f000 	C:\WINDOWS\System32\USER32.dll
0x00007ffe94e00000 - 0x00007ffe95093000 	C:\WINDOWS\WinSxS\amd64_microsoft.windows.common-controls_6595b64144ccf1df_6.0.22621.3672_none_2713b9d173822955\COMCTL32.dll
0x00007ffea7b00000 - 0x00007ffea7b26000 	C:\WINDOWS\System32\win32u.dll
0x00007ffea94b0000 - 0x00007ffea9557000 	C:\WINDOWS\System32\msvcrt.dll
0x00007ffea9480000 - 0x00007ffea94a9000 	C:\WINDOWS\System32\GDI32.dll
0x00007ffea7ca0000 - 0x00007ffea7db8000 	C:\WINDOWS\System32\gdi32full.dll
0x00007ffea7a30000 - 0x00007ffea7aca000 	C:\WINDOWS\System32\msvcp_win.dll
0x00007ffea7dc0000 - 0x00007ffea7df1000 	C:\WINDOWS\System32\IMM32.DLL
0x00007ffea2a90000 - 0x00007ffea2a9c000 	C:\Program Files\Android\Android Studio\jbr\bin\vcruntime140_1.dll
0x00007ffe8d0a0000 - 0x00007ffe8d12d000 	C:\Program Files\Android\Android Studio\jbr\bin\msvcp140.dll
0x00007ffe5e6c0000 - 0x00007ffe5f32e000 	C:\Program Files\Android\Android Studio\jbr\bin\server\jvm.dll
0x00007ffea96d0000 - 0x00007ffea9782000 	C:\WINDOWS\System32\ADVAPI32.dll
0x00007ffea9560000 - 0x00007ffea9608000 	C:\WINDOWS\System32\sechost.dll
0x00007ffea7ad0000 - 0x00007ffea7af8000 	C:\WINDOWS\System32\bcrypt.dll
0x00007ffea9d10000 - 0x00007ffea9e24000 	C:\WINDOWS\System32\RPCRT4.dll
0x00007ffea1500000 - 0x00007ffea1534000 	C:\WINDOWS\SYSTEM32\WINMM.dll
0x00007ffe89060000 - 0x00007ffe89069000 	C:\WINDOWS\SYSTEM32\WSOCK32.dll
0x00007ffea9220000 - 0x00007ffea9291000 	C:\WINDOWS\System32\WS2_32.dll
0x00007ffea1130000 - 0x00007ffea113a000 	C:\WINDOWS\SYSTEM32\VERSION.dll
0x00007ffea64a0000 - 0x00007ffea64b8000 	C:\WINDOWS\SYSTEM32\kernel.appcore.dll
0x00007ffe785a0000 - 0x00007ffe785aa000 	C:\Program Files\Android\Android Studio\jbr\bin\jimage.dll
0x00007ffea4ef0000 - 0x00007ffea5122000 	C:\WINDOWS\SYSTEM32\DBGHELP.DLL
0x00007ffea8a10000 - 0x00007ffea8d9e000 	C:\WINDOWS\System32\combase.dll
0x00007ffea93a0000 - 0x00007ffea9477000 	C:\WINDOWS\System32\OLEAUT32.dll
0x00007ffe81f60000 - 0x00007ffe81f92000 	C:\WINDOWS\SYSTEM32\dbgcore.DLL
0x00007ffea73a0000 - 0x00007ffea741b000 	C:\WINDOWS\System32\bcryptPrimitives.dll
0x00007ffe77970000 - 0x00007ffe77995000 	C:\Program Files\Android\Android Studio\jbr\bin\java.dll
0x00007ffe72860000 - 0x00007ffe72878000 	C:\Program Files\Android\Android Studio\jbr\bin\zip.dll
0x00007ffea7e60000 - 0x00007ffea86c9000 	C:\WINDOWS\System32\SHELL32.dll
0x00007ffea5290000 - 0x00007ffea5b8f000 	C:\WINDOWS\SYSTEM32\windows.storage.dll
0x00007ffea5150000 - 0x00007ffea528f000 	C:\WINDOWS\SYSTEM32\wintypes.dll
0x00007ffea9840000 - 0x00007ffea9939000 	C:\WINDOWS\System32\SHCORE.dll
0x00007ffea9ff0000 - 0x00007ffeaa04e000 	C:\WINDOWS\System32\shlwapi.dll
0x00007ffea72d0000 - 0x00007ffea72f7000 	C:\WINDOWS\SYSTEM32\profapi.dll
0x00007ffe800a0000 - 0x00007ffe800b9000 	C:\Program Files\Android\Android Studio\jbr\bin\net.dll
0x00007ffe9ee30000 - 0x00007ffe9ef66000 	C:\WINDOWS\SYSTEM32\WINHTTP.dll
0x00007ffea6910000 - 0x00007ffea6979000 	C:\WINDOWS\system32\mswsock.dll
0x00007ffe80080000 - 0x00007ffe80096000 	C:\Program Files\Android\Android Studio\jbr\bin\nio.dll
0x00007ffe821d0000 - 0x00007ffe821e0000 	C:\Program Files\Android\Android Studio\jbr\bin\verify.dll
0x00007ffe9eaa0000 - 0x00007ffe9eac7000 	C:\Users\scher\.gradle\native\68d5fa5c4cc2d200863cafc0d521ce42e7d3e7ee720ec0a83991735586a16f82\windows-amd64\native-platform.dll
0x00007ffe7f6c0000 - 0x00007ffe7f804000 	C:\Users\scher\.gradle\native\e376f236ea51e6404a007f0833ffe2c6e607c4080706a723a18a27aeea778392\windows-amd64\native-platform-file-events.dll
0x00007ffe88ca0000 - 0x00007ffe88ca9000 	C:\Program Files\Android\Android Studio\jbr\bin\management.dll
0x00007ffe88c90000 - 0x00007ffe88c9b000 	C:\Program Files\Android\Android Studio\jbr\bin\management_ext.dll
0x00007ffea9c20000 - 0x00007ffea9c28000 	C:\WINDOWS\System32\PSAPI.DLL
0x00007ffea6b30000 - 0x00007ffea6b4b000 	C:\WINDOWS\SYSTEM32\CRYPTSP.dll
0x00007ffea6400000 - 0x00007ffea6435000 	C:\WINDOWS\system32\rsaenh.dll
0x00007ffea69d0000 - 0x00007ffea69f8000 	C:\WINDOWS\SYSTEM32\USERENV.dll
0x00007ffea6b50000 - 0x00007ffea6b5c000 	C:\WINDOWS\SYSTEM32\CRYPTBASE.dll
0x00007ffea5df0000 - 0x00007ffea5e1d000 	C:\WINDOWS\SYSTEM32\IPHLPAPI.DLL
0x00007ffea96a0000 - 0x00007ffea96a9000 	C:\WINDOWS\System32\NSI.dll
0x00007ffea0de0000 - 0x00007ffea0df9000 	C:\WINDOWS\SYSTEM32\dhcpcsvc6.DLL
0x00007ffe9fa50000 - 0x00007ffe9fa6f000 	C:\WINDOWS\SYSTEM32\dhcpcsvc.DLL
0x00007ffea5e60000 - 0x00007ffea5f62000 	C:\WINDOWS\SYSTEM32\DNSAPI.dll
0x00007ffe88ce0000 - 0x00007ffe88ce8000 	C:\WINDOWS\system32\wshunix.dll

dbghelp: loaded successfully - version: 4.0.5 - missing functions: none
symbol engine: initialized successfully - sym options: 0x614 - pdb path: .;C:\Program Files\Android\Android Studio\jbr\bin;C:\WINDOWS\SYSTEM32;C:\WINDOWS\WinSxS\amd64_microsoft.windows.common-controls_6595b64144ccf1df_6.0.22621.3672_none_2713b9d173822955;C:\Program Files\Android\Android Studio\jbr\bin\server;C:\Users\scher\.gradle\native\68d5fa5c4cc2d200863cafc0d521ce42e7d3e7ee720ec0a83991735586a16f82\windows-amd64;C:\Users\scher\.gradle\native\e376f236ea51e6404a007f0833ffe2c6e607c4080706a723a18a27aeea778392\windows-amd64

VM Arguments:
jvm_args: --add-opens=java.base/java.util=ALL-UNNAMED --add-opens=java.base/java.lang=ALL-UNNAMED --add-opens=java.base/java.lang.invoke=ALL-UNNAMED --add-opens=java.prefs/java.util.prefs=ALL-UNNAMED --add-opens=java.base/java.nio.charset=ALL-UNNAMED --add-opens=java.base/java.net=ALL-UNNAMED --add-opens=java.base/java.util.concurrent.atomic=ALL-UNNAMED -Xmx2048m -Dfile.encoding=UTF-8 -Duser.country=BR -Duser.language=pt -Duser.variant 
java_command: org.gradle.launcher.daemon.bootstrap.GradleDaemon 8.0
java_class_path (initial): C:\Users\scher\.gradle\wrapper\dists\gradle-8.0-bin\ca5e32bp14vu59qr306oxotwh\gradle-8.0\lib\gradle-launcher-8.0.jar
Launcher Type: SUN_STANDARD

[Global flags]
     intx CICompilerCount                          = 4                                         {product} {ergonomic}
     uint ConcGCThreads                            = 2                                         {product} {ergonomic}
     uint G1ConcRefinementThreads                  = 8                                         {product} {ergonomic}
   size_t G1HeapRegionSize                         = 1048576                                   {product} {ergonomic}
    uintx GCDrainStackTargetSize                   = 64                                        {product} {ergonomic}
   size_t InitialHeapSize                          = 134217728                                 {product} {ergonomic}
   size_t MarkStackSize                            = 4194304                                   {product} {ergonomic}
   size_t MaxHeapSize                              = 2147483648                                {product} {command line}
   size_t MaxNewSize                               = 1287651328                                {product} {ergonomic}
   size_t MinHeapDeltaBytes                        = 1048576                                   {product} {ergonomic}
   size_t MinHeapSize                              = 8388608                                   {product} {ergonomic}
    uintx NonNMethodCodeHeapSize                   = 5839372                                {pd product} {ergonomic}
    uintx NonProfiledCodeHeapSize                  = 122909434                              {pd product} {ergonomic}
    uintx ProfiledCodeHeapSize                     = 122909434                              {pd product} {ergonomic}
    uintx ReservedCodeCacheSize                    = 251658240                              {pd product} {ergonomic}
     bool SegmentedCodeCache                       = true                                      {product} {ergonomic}
   size_t SoftMaxHeapSize                          = 2147483648                             {manageable} {ergonomic}
     bool UseCompressedClassPointers               = true                           {product lp64_product} {ergonomic}
     bool UseCompressedOops                        = true                           {product lp64_product} {ergonomic}
     bool UseG1GC                                  = true                                      {product} {ergonomic}
     bool UseLargePagesIndividualAllocation        = false                                  {pd product} {ergonomic}

Logging:
Log output configuration:
 #0: stdout all=warning uptime,level,tags
 #1: stderr all=off uptime,level,tags

Environment Variables:
PATH=C:\Program Files\Common Files\Oracle\Java\javapath;C:\Program Files (x86)\Embarcadero\Studio\22.0\bin;C:\Users\Public\Documents\Embarcadero\Studio\22.0\Bpl;C:\Program Files (x86)\Embarcadero\Studio\22.0\bin64;C:\Users\Public\Documents\Embarcadero\Studio\22.0\Bpl\Win64;C:\Program Files (x86)\Embarcadero\Studio\21.0\bin;C:\Users\Public\Documents\Embarcadero\Studio\21.0\Bpl;C:\Program Files (x86)\Embarcadero\Studio\21.0\bin64;C:\Users\Public\Documents\Embarcadero\Studio\21.0\Bpl\Win64;C:\Windows\system32;C:\Windows;C:\Windows\System32\Wbem;C:\Windows\System32\WindowsPowerShell\v1.0\;C:\Windows\System32\OpenSSH\;C:\Program Files (x86)\NVIDIA Corporation\PhysX\Common;C:\Program Files\NVIDIA Corporation\NVIDIA NvDLISR;C:\WINDOWS\system32;C:\WINDOWS;C:\WINDOWS\System32\Wbem;C:\WINDOWS\System32\WindowsPowerShell\v1.0\;C:\WINDOWS\System32\OpenSSH\;C:\Program Files\dotnet\;C:\Program Files (x86)\Windows Kits\10\Windows Performance Toolkit\;C:\Program Files\Git\cmd;C:\Users\scher\AppData\Local\Microsoft\WindowsApps;;C:\Users\scher\AppData\Local\Programs\Microsoft VS Code\bin
USERNAME=scher
OS=Windows_NT
PROCESSOR_IDENTIFIER=Intel64 Family 6 Model 142 Stepping 12, GenuineIntel
TMP=C:\Users\scher\AppData\Local\Temp
TEMP=C:\Users\scher\AppData\Local\Temp


JNI global refs:
JNI global refs: 26, weak refs: 1

JNI global refs memory usage: 843, weak refs: 841


---------------  S Y S T E M  ---------------

OS:
 Windows 11 , 64 bit Build 22621 (10.0.22621.3958)
OS uptime: 0 days 0:02 hours
Hyper-V role detected

CPU: total 8 (initial active 8) (4 cores per cpu, 2 threads per core) family 6 model 142 stepping 12 microcode 0xea, cx8, cmov, fxsr, ht, mmx, 3dnowpref, sse, sse2, sse3, ssse3, sse4.1, sse4.2, popcnt, lzcnt, tsc, tscinvbit, avx, avx2, aes, erms, clmul, bmi1, bmi2, adx, fma, vzeroupper, clflush, clflushopt, hv

Memory: 4k page, system-wide physical 8072M (615M free)
TotalPageFile size 10120M (AvailPageFile size 4M)
current process WorkingSet (physical memory assigned to process): 305M, peak: 307M
current process commit charge ("private bytes"): 345M, peak: 346M

vm_info: OpenJDK 64-Bit Server VM (17.0.6+0-b2043.56-10027231) for windows-amd64 JRE (17.0.6+0-b2043.56-10027231), built on Apr 28 2023 00:43:19 by "androidbuild" with MS VC++ 16.10 / 16.11 (VS2019)

END.
