#
# There is insufficient memory for the Java Runtime Environment to continue.
# Native memory allocation (mmap) failed to map 188743680 bytes for G1 virtual space
# Possible reasons:
#   The system is out of physical RAM or swap space
#   The process is running with CompressedOops enabled, and the Java Heap may be blocking the growth of the native heap
# Possible solutions:
#   Reduce memory load on the system
#   Increase physical memory or swap space
#   Check if swap backing store is full
#   Decrease Java heap size (-Xmx/-Xms)
#   Decrease number of Java threads
#   Decrease Java thread stack sizes (-Xss)
#   Set larger code cache with -XX:ReservedCodeCacheSize=
#   JVM is running with Unscaled Compressed Oops mode in which the Java heap is
#     placed in the first 4GB address space. The Java Heap base address is the
#     maximum limit for the native heap growth. Please use -XX:HeapBaseMinAddress
#     to set the Java Heap base and to place the Java Heap above 4GB virtual address.
# This output file may be truncated or incomplete.
#
#  Out of Memory Error (os_windows.cpp:3769), pid=2988, tid=12268
#
# JRE version: OpenJDK Runtime Environment (17.0.6) (build 17.0.6+0-b2043.56-10027231)
# Java VM: OpenJDK 64-Bit Server VM (17.0.6+0-b2043.56-10027231, mixed mode, tiered, compressed oops, compressed class ptrs, g1 gc, windows-amd64)
# No core dump will be written. Minidumps are not enabled by default on client versions of Windows
#

---------------  S U M M A R Y ------------

Command Line: --add-opens=java.base/java.util=ALL-UNNAMED --add-opens=java.base/java.lang=ALL-UNNAMED --add-opens=java.base/java.lang.invoke=ALL-UNNAMED --add-opens=java.prefs/java.util.prefs=ALL-UNNAMED --add-opens=java.base/java.nio.charset=ALL-UNNAMED --add-opens=java.base/java.net=ALL-UNNAMED --add-opens=java.base/java.util.concurrent.atomic=ALL-UNNAMED -Xmx2048m -Dfile.encoding=UTF-8 -Duser.country=BR -Duser.language=pt -Duser.variant org.gradle.launcher.daemon.bootstrap.GradleDaemon 8.0

Host: Intel(R) Core(TM) i7-8565U CPU @ 1.80GHz, 8 cores, 7G,  Windows 11 , 64 bit Build 22621 (10.0.22621.3958)
Time: Sun Sep  1 01:16:56 2024 Hora oficial do Brasil elapsed time: 7.329901 seconds (0d 0h 0m 7s)

---------------  T H R E A D  ---------------

Current thread (0x000002ae7f553fd0):  VMThread "VM Thread" [stack: 0x000000b9a7d00000,0x000000b9a7e00000] [id=12268]

Stack: [0x000000b9a7d00000,0x000000b9a7e00000]
Native frames: (J=compiled Java code, j=interpreted, Vv=VM code, C=native code)
V  [jvm.dll+0x683c9a]
V  [jvm.dll+0x8427a4]
V  [jvm.dll+0x843f9e]
V  [jvm.dll+0x844603]
V  [jvm.dll+0x249b75]
V  [jvm.dll+0x680b69]
V  [jvm.dll+0x67505a]
V  [jvm.dll+0x309acb]
V  [jvm.dll+0x310f86]
V  [jvm.dll+0x3608ee]
V  [jvm.dll+0x360b1f]
V  [jvm.dll+0x2dfbf8]
V  [jvm.dll+0x2ddec4]
V  [jvm.dll+0x2dd4cc]
V  [jvm.dll+0x321f3b]
V  [jvm.dll+0x848ccb]
V  [jvm.dll+0x849a04]
V  [jvm.dll+0x849f1d]
V  [jvm.dll+0x84a2f4]
V  [jvm.dll+0x84a3c0]
V  [jvm.dll+0x7f274a]
V  [jvm.dll+0x682ad5]
C  [ucrtbase.dll+0x29333]
C  [KERNEL32.DLL+0x1257d]
C  [ntdll.dll+0x5af28]

VM_Operation (0x000000b9a9efda00): G1CollectForAllocation, mode: safepoint, requested by thread 0x000002ae1b7ca420


---------------  P R O C E S S  ---------------

Threads class SMR info:
_java_thread_list=0x000002ae1bc680b0, length=136, elements={
0x000002ae7dae17f0, 0x000002ae18c13260, 0x000002ae18c13fe0, 0x000002ae7f56d6f0,
0x000002ae7f56e1b0, 0x000002ae18c4cd00, 0x000002ae18c4d1d0, 0x000002ae18c4e480,
0x000002ae18c51870, 0x000002ae18c34730, 0x000002ae18db69b0, 0x000002ae18db6e80,
0x000002ae18fe7130, 0x000002ae19cf9640, 0x000002ae1b4b4260, 0x000002ae1a324780,
0x000002ae1bda5030, 0x000002ae1a843c20, 0x000002ae1a8440f0, 0x000002ae1a725440,
0x000002ae1b4088c0, 0x000002ae1b7cc100, 0x000002ae1b7cb760, 0x000002ae1b7c95b0,
0x000002ae1b7ca420, 0x000002ae1b7cadc0, 0x000002ae1b7ccaa0, 0x000002ae1b7cbc30,
0x000002ae1b7c9a80, 0x000002ae1b7cb290, 0x000002ae1b7cc5d0, 0x000002ae1b7c9f50,
0x000002ae1d2c9ca0, 0x000002ae1d2c7150, 0x000002ae1d2c4ad0, 0x000002ae1d2ca170,
0x000002ae1d2c8490, 0x000002ae1d2ca640, 0x000002ae1d2c6c80, 0x000002ae1d2c4fa0,
0x000002ae1d2c5e10, 0x000002ae1d2c5470, 0x000002ae1d2c4130, 0x000002ae1d2c7fc0,
0x000002ae1d2c8e30, 0x000002ae1c248050, 0x000002ae1c24a200, 0x000002ae1c245500,
0x000002ae1c248520, 0x000002ae1c24c880, 0x000002ae1c2471e0, 0x000002ae1c24aba0,
0x000002ae1c24a6d0, 0x000002ae1c249390, 0x000002ae1c249860, 0x000002ae1c24b070,
0x000002ae1c24b540, 0x000002ae1c2476b0, 0x000002ae1c24ba10, 0x000002ae1c245030,
0x000002ae1c249d30, 0x000002ae1c24bee0, 0x000002ae1c24c3b0, 0x000002ae1c2489f0,
0x000002ae1c2459d0, 0x000002ae1c245ea0, 0x000002ae1c246370, 0x000002ae1c247b80,
0x000002ae1c248ec0, 0x000002ae1c246840, 0x000002ae1c246d10, 0x000002ae1d1753a0,
0x000002ae1d16e9c0, 0x000002ae1d16fd00, 0x000002ae1d16f830, 0x000002ae1d172850,
0x000002ae1d16db50, 0x000002ae1d16e020, 0x000002ae1d16ee90, 0x000002ae1d16f360,
0x000002ae1d170b70, 0x000002ae1d174530, 0x000002ae1d172d20, 0x000002ae1d16e4f0,
0x000002ae1d174ed0, 0x000002ae1d172380, 0x000002ae1d1719e0, 0x000002ae1d1731f0,
0x000002ae1d1706a0, 0x000002ae1d171040, 0x000002ae1d171510, 0x000002ae1d1736c0,
0x000002ae1d1701d0, 0x000002ae1d171eb0, 0x000002ae1d173b90, 0x000002ae1d174060,
0x000002ae1d174a00, 0x000002ae1f6daf60, 0x000002ae1f6da5c0, 0x000002ae1f6daa90,
0x000002ae1f6d9c20, 0x000002ae1f6db430, 0x000002ae1f6d9280, 0x000002ae1f6d9750,
0x000002ae1f6dc770, 0x000002ae1f6db900, 0x000002ae1f6dcc40, 0x000002ae1f6dbdd0,
0x000002ae1f6dc2a0, 0x000002ae1f6da0f0, 0x000002ae1f6d2a90, 0x000002ae1f6cd3f0,
0x000002ae1f6d42a0, 0x000002ae1f6d0410, 0x000002ae1f6cfa70, 0x000002ae1f6cdd90,
0x000002ae1f6d4770, 0x000002ae1f6d25c0, 0x000002ae1f6cd8c0, 0x000002ae1f6cec00,
0x000002ae1f6d2f60, 0x000002ae1f6cff40, 0x000002ae1f6d3900, 0x000002ae1f6cf0d0,
0x000002ae1f6d1c20, 0x000002ae1f6ce730, 0x000002ae1fe5e2e0, 0x000002ae1fe5faf0,
0x000002ae1fe60490, 0x000002ae1fe62640, 0x000002ae1fe647f0, 0x000002ae1fe65190,
0x000002ae1fe5f150, 0x000002ae1fe5ec80, 0x000002ae1fe5f620, 0x000002ae1fe5ffc0
}

Java Threads: ( => current thread )
  0x000002ae7dae17f0 JavaThread "main" [_thread_blocked, id=11524, stack(0x000000b9a7700000,0x000000b9a7800000)]
  0x000002ae18c13260 JavaThread "Reference Handler" daemon [_thread_blocked, id=4000, stack(0x000000b9a7e00000,0x000000b9a7f00000)]
  0x000002ae18c13fe0 JavaThread "Finalizer" daemon [_thread_blocked, id=3044, stack(0x000000b9a7f00000,0x000000b9a8000000)]
  0x000002ae7f56d6f0 JavaThread "Signal Dispatcher" daemon [_thread_blocked, id=11592, stack(0x000000b9a8000000,0x000000b9a8100000)]
  0x000002ae7f56e1b0 JavaThread "Attach Listener" daemon [_thread_blocked, id=10200, stack(0x000000b9a8100000,0x000000b9a8200000)]
  0x000002ae18c4cd00 JavaThread "Service Thread" daemon [_thread_blocked, id=9236, stack(0x000000b9a8200000,0x000000b9a8300000)]
  0x000002ae18c4d1d0 JavaThread "Monitor Deflation Thread" daemon [_thread_blocked, id=7084, stack(0x000000b9a8300000,0x000000b9a8400000)]
  0x000002ae18c4e480 JavaThread "C2 CompilerThread0" daemon [_thread_blocked, id=11520, stack(0x000000b9a8400000,0x000000b9a8500000)]
  0x000002ae18c51870 JavaThread "C1 CompilerThread0" daemon [_thread_blocked, id=11392, stack(0x000000b9a8500000,0x000000b9a8600000)]
  0x000002ae18c34730 JavaThread "Sweeper thread" daemon [_thread_blocked, id=4120, stack(0x000000b9a8600000,0x000000b9a8700000)]
  0x000002ae18db69b0 JavaThread "Common-Cleaner" daemon [_thread_blocked, id=12180, stack(0x000000b9a8700000,0x000000b9a8800000)]
  0x000002ae18db6e80 JavaThread "Notification Thread" daemon [_thread_blocked, id=11460, stack(0x000000b9a8800000,0x000000b9a8900000)]
  0x000002ae18fe7130 JavaThread "C2 CompilerThread1" daemon [_thread_in_native, id=11744, stack(0x000000b9a8a00000,0x000000b9a8b00000)]
  0x000002ae19cf9640 JavaThread "C2 CompilerThread2" daemon [_thread_in_native, id=2144, stack(0x000000b9a8f00000,0x000000b9a9000000)]
  0x000002ae1b4b4260 JavaThread "Daemon health stats" [_thread_blocked, id=9244, stack(0x000000b9a9000000,0x000000b9a9100000)]
  0x000002ae1a324780 JavaThread "Incoming local TCP Connector on port 53256" [_thread_in_native, id=2972, stack(0x000000b9a9100000,0x000000b9a9200000)]
  0x000002ae1bda5030 JavaThread "Daemon periodic checks" [_thread_blocked, id=14756, stack(0x000000b9a9200000,0x000000b9a9300000)]
  0x000002ae1a843c20 JavaThread "Daemon" [_thread_blocked, id=14568, stack(0x000000b9a9300000,0x000000b9a9400000)]
  0x000002ae1a8440f0 JavaThread "Handler for socket connection from /127.0.0.1:53256 to /127.0.0.1:53257" [_thread_in_native, id=5812, stack(0x000000b9a9400000,0x000000b9a9500000)]
  0x000002ae1a725440 JavaThread "Cancel handler" [_thread_blocked, id=10548, stack(0x000000b9a9500000,0x000000b9a9600000)]
  0x000002ae1b4088c0 JavaThread "Daemon worker" [_thread_blocked, id=9164, stack(0x000000b9a9600000,0x000000b9a9700000)]
  0x000002ae1b7cc100 JavaThread "Asynchronous log dispatcher for DefaultDaemonConnection: socket connection from /127.0.0.1:53256 to /127.0.0.1:53257" [_thread_blocked, id=15236, stack(0x000000b9a9700000,0x000000b9a9800000)]
  0x000002ae1b7cb760 JavaThread "Stdin handler" [_thread_blocked, id=6756, stack(0x000000b9a9800000,0x000000b9a9900000)]
  0x000002ae1b7c95b0 JavaThread "Daemon client event forwarder" [_thread_blocked, id=5832, stack(0x000000b9a9900000,0x000000b9a9a00000)]
  0x000002ae1b7ca420 JavaThread "Cache worker for journal cache (C:\Users\scher\.gradle\caches\journal-1)" [_thread_blocked, id=3300, stack(0x000000b9a9e00000,0x000000b9a9f00000)]
  0x000002ae1b7cadc0 JavaThread "File lock request listener" [_thread_in_native, id=12920, stack(0x000000b9a9f00000,0x000000b9aa000000)]
  0x000002ae1b7ccaa0 JavaThread "Cache worker for file hash cache (C:\Users\scher\.gradle\caches\8.0\fileHashes)" [_thread_blocked, id=5384, stack(0x000000b9aa000000,0x000000b9aa100000)]
  0x000002ae1b7cbc30 JavaThread "File watcher server" daemon [_thread_in_native, id=1204, stack(0x000000b9aa100000,0x000000b9aa200000)]
  0x000002ae1b7c9a80 JavaThread "File watcher consumer" daemon [_thread_blocked, id=6896, stack(0x000000b9aa200000,0x000000b9aa300000)]
  0x000002ae1b7cb290 JavaThread "jar transforms" [_thread_blocked, id=12844, stack(0x000000b9aa300000,0x000000b9aa400000)]
  0x000002ae1b7cc5d0 JavaThread "jar transforms Thread 2" [_thread_blocked, id=12208, stack(0x000000b9aa400000,0x000000b9aa500000)]
  0x000002ae1b7c9f50 JavaThread "jar transforms Thread 3" [_thread_blocked, id=10692, stack(0x000000b9aa500000,0x000000b9aa600000)]
  0x000002ae1d2c9ca0 JavaThread "jar transforms Thread 4" [_thread_blocked, id=13236, stack(0x000000b9aa600000,0x000000b9aa700000)]
  0x000002ae1d2c7150 JavaThread "jar transforms Thread 5" [_thread_blocked, id=13436, stack(0x000000b9aa700000,0x000000b9aa800000)]
  0x000002ae1d2c4ad0 JavaThread "jar transforms Thread 6" [_thread_blocked, id=8972, stack(0x000000b9aa800000,0x000000b9aa900000)]
  0x000002ae1d2ca170 JavaThread "jar transforms Thread 7" [_thread_blocked, id=13708, stack(0x000000b9aa900000,0x000000b9aaa00000)]
  0x000002ae1d2c8490 JavaThread "jar transforms Thread 8" [_thread_blocked, id=10156, stack(0x000000b9aaa00000,0x000000b9aab00000)]
  0x000002ae1d2ca640 JavaThread "Cache worker for checksums cache (C:\Users\scher\Documents\PROJETOS ANDROID\RECICLAAI\.gradle\8.0\checksums)" [_thread_blocked, id=13980, stack(0x000000b9aac00000,0x000000b9aad00000)]
  0x000002ae1d2c6c80 JavaThread "Cache worker for cache directory md-rule (C:\Users\scher\.gradle\caches\8.0\md-rule)" [_thread_blocked, id=4668, stack(0x000000b9aad00000,0x000000b9aae00000)]
  0x000002ae1d2c4fa0 JavaThread "Cache worker for file content cache (C:\Users\scher\.gradle\caches\8.0\fileContent)" [_thread_blocked, id=10276, stack(0x000000b9aae00000,0x000000b9aaf00000)]
  0x000002ae1d2c5e10 JavaThread "Cache worker for file hash cache (C:\Users\scher\Documents\PROJETOS ANDROID\RECICLAAI\.gradle\8.0\fileHashes)" [_thread_blocked, id=9152, stack(0x000000b9aaf00000,0x000000b9ab000000)]
  0x000002ae1d2c5470 JavaThread "Cache worker for cache directory md-supplier (C:\Users\scher\.gradle\caches\8.0\md-supplier)" [_thread_blocked, id=5160, stack(0x000000b9ab000000,0x000000b9ab100000)]
  0x000002ae1d2c4130 JavaThread "Cache worker for execution history cache (C:\Users\scher\.gradle\caches\8.0\executionHistory)" [_thread_blocked, id=14428, stack(0x000000b9ab100000,0x000000b9ab200000)]
  0x000002ae1d2c7fc0 JavaThread "Cache worker for dependencies-accessors (C:\Users\scher\Documents\PROJETOS ANDROID\RECICLAAI\.gradle\8.0\dependencies-accessors)" [_thread_blocked, id=1856, stack(0x000000b9ab200000,0x000000b9ab300000)]
  0x000002ae1d2c8e30 JavaThread "Cache worker for Build Output Cleanup Cache (C:\Users\scher\Documents\PROJETOS ANDROID\RECICLAAI\.gradle\buildOutputCleanup)" [_thread_blocked, id=2756, stack(0x000000b9ab300000,0x000000b9ab400000)]
  0x000002ae1c248050 JavaThread "Unconstrained build operations" [_thread_blocked, id=12348, stack(0x000000b9ab400000,0x000000b9ab500000)]
  0x000002ae1c24a200 JavaThread "Unconstrained build operations Thread 2" [_thread_blocked, id=7484, stack(0x000000b9ab500000,0x000000b9ab600000)]
  0x000002ae1c245500 JavaThread "Unconstrained build operations Thread 3" [_thread_blocked, id=7464, stack(0x000000b9ab600000,0x000000b9ab700000)]
  0x000002ae1c248520 JavaThread "Unconstrained build operations Thread 4" [_thread_blocked, id=2172, stack(0x000000b9ab700000,0x000000b9ab800000)]
  0x000002ae1c24c880 JavaThread "Unconstrained build operations Thread 5" [_thread_blocked, id=6984, stack(0x000000b9ab800000,0x000000b9ab900000)]
  0x000002ae1c2471e0 JavaThread "Unconstrained build operations Thread 6" [_thread_blocked, id=7240, stack(0x000000b9ab900000,0x000000b9aba00000)]
  0x000002ae1c24aba0 JavaThread "Unconstrained build operations Thread 7" [_thread_blocked, id=13112, stack(0x000000b9aba00000,0x000000b9abb00000)]
  0x000002ae1c24a6d0 JavaThread "Unconstrained build operations Thread 8" [_thread_blocked, id=3588, stack(0x000000b9abb00000,0x000000b9abc00000)]
  0x000002ae1c249390 JavaThread "Unconstrained build operations Thread 9" [_thread_blocked, id=11076, stack(0x000000b9abc00000,0x000000b9abd00000)]
  0x000002ae1c249860 JavaThread "Unconstrained build operations Thread 10" [_thread_blocked, id=14480, stack(0x000000b9abd00000,0x000000b9abe00000)]
  0x000002ae1c24b070 JavaThread "Unconstrained build operations Thread 11" [_thread_blocked, id=2624, stack(0x000000b9abe00000,0x000000b9abf00000)]
  0x000002ae1c24b540 JavaThread "Unconstrained build operations Thread 12" [_thread_blocked, id=12944, stack(0x000000b9abf00000,0x000000b9ac000000)]
  0x000002ae1c2476b0 JavaThread "Unconstrained build operations Thread 13" [_thread_blocked, id=12320, stack(0x000000b9ac000000,0x000000b9ac100000)]
  0x000002ae1c24ba10 JavaThread "Unconstrained build operations Thread 14" [_thread_blocked, id=9848, stack(0x000000b9ac100000,0x000000b9ac200000)]
  0x000002ae1c245030 JavaThread "Unconstrained build operations Thread 15" [_thread_blocked, id=14908, stack(0x000000b9ac200000,0x000000b9ac300000)]
  0x000002ae1c249d30 JavaThread "Unconstrained build operations Thread 16" [_thread_blocked, id=14396, stack(0x000000b9ac300000,0x000000b9ac400000)]
  0x000002ae1c24bee0 JavaThread "Unconstrained build operations Thread 17" [_thread_blocked, id=5896, stack(0x000000b9ac400000,0x000000b9ac500000)]
  0x000002ae1c24c3b0 JavaThread "Unconstrained build operations Thread 18" [_thread_blocked, id=9044, stack(0x000000b9ac500000,0x000000b9ac600000)]
  0x000002ae1c2489f0 JavaThread "Unconstrained build operations Thread 19" [_thread_blocked, id=4332, stack(0x000000b9ac600000,0x000000b9ac700000)]
  0x000002ae1c2459d0 JavaThread "Unconstrained build operations Thread 20" [_thread_blocked, id=14212, stack(0x000000b9ac700000,0x000000b9ac800000)]
  0x000002ae1c245ea0 JavaThread "Unconstrained build operations Thread 21" [_thread_blocked, id=1740, stack(0x000000b9ac800000,0x000000b9ac900000)]
  0x000002ae1c246370 JavaThread "Unconstrained build operations Thread 22" [_thread_blocked, id=6960, stack(0x000000b9ac900000,0x000000b9aca00000)]
  0x000002ae1c247b80 JavaThread "Unconstrained build operations Thread 23" [_thread_blocked, id=14816, stack(0x000000b9aca00000,0x000000b9acb00000)]
  0x000002ae1c248ec0 JavaThread "Unconstrained build operations Thread 24" [_thread_blocked, id=9276, stack(0x000000b9acb00000,0x000000b9acc00000)]
  0x000002ae1c246840 JavaThread "Unconstrained build operations Thread 25" [_thread_blocked, id=6152, stack(0x000000b9acc00000,0x000000b9acd00000)]
  0x000002ae1c246d10 JavaThread "Unconstrained build operations Thread 26" [_thread_blocked, id=2336, stack(0x000000b9acd00000,0x000000b9ace00000)]
  0x000002ae1d1753a0 JavaThread "Unconstrained build operations Thread 27" [_thread_blocked, id=14368, stack(0x000000b9ace00000,0x000000b9acf00000)]
  0x000002ae1d16e9c0 JavaThread "Unconstrained build operations Thread 28" [_thread_blocked, id=308, stack(0x000000b9acf00000,0x000000b9ad000000)]
  0x000002ae1d16fd00 JavaThread "Unconstrained build operations Thread 29" [_thread_blocked, id=13388, stack(0x000000b9ad000000,0x000000b9ad100000)]
  0x000002ae1d16f830 JavaThread "Unconstrained build operations Thread 30" [_thread_blocked, id=3616, stack(0x000000b9ad100000,0x000000b9ad200000)]
  0x000002ae1d172850 JavaThread "Unconstrained build operations Thread 31" [_thread_blocked, id=13784, stack(0x000000b9ad200000,0x000000b9ad300000)]
  0x000002ae1d16db50 JavaThread "Unconstrained build operations Thread 32" [_thread_blocked, id=12468, stack(0x000000b9ad300000,0x000000b9ad400000)]
  0x000002ae1d16e020 JavaThread "Unconstrained build operations Thread 33" [_thread_blocked, id=8360, stack(0x000000b9ad400000,0x000000b9ad500000)]
  0x000002ae1d16ee90 JavaThread "Unconstrained build operations Thread 34" [_thread_blocked, id=13964, stack(0x000000b9ad500000,0x000000b9ad600000)]
  0x000002ae1d16f360 JavaThread "Unconstrained build operations Thread 35" [_thread_blocked, id=1796, stack(0x000000b9ad600000,0x000000b9ad700000)]
  0x000002ae1d170b70 JavaThread "Unconstrained build operations Thread 36" [_thread_blocked, id=14872, stack(0x000000b9ad700000,0x000000b9ad800000)]
  0x000002ae1d174530 JavaThread "Unconstrained build operations Thread 37" [_thread_blocked, id=540, stack(0x000000b9ad800000,0x000000b9ad900000)]
  0x000002ae1d172d20 JavaThread "Unconstrained build operations Thread 38" [_thread_blocked, id=15336, stack(0x000000b9ad900000,0x000000b9ada00000)]
  0x000002ae1d16e4f0 JavaThread "Unconstrained build operations Thread 39" [_thread_blocked, id=11512, stack(0x000000b9ada00000,0x000000b9adb00000)]
  0x000002ae1d174ed0 JavaThread "Unconstrained build operations Thread 40" [_thread_blocked, id=1780, stack(0x000000b9adb00000,0x000000b9adc00000)]
  0x000002ae1d172380 JavaThread "Unconstrained build operations Thread 41" [_thread_blocked, id=3540, stack(0x000000b9adc00000,0x000000b9add00000)]
  0x000002ae1d1719e0 JavaThread "Unconstrained build operations Thread 42" [_thread_blocked, id=7476, stack(0x000000b9add00000,0x000000b9ade00000)]
  0x000002ae1d1731f0 JavaThread "Unconstrained build operations Thread 43" [_thread_blocked, id=8164, stack(0x000000b9ade00000,0x000000b9adf00000)]
  0x000002ae1d1706a0 JavaThread "Unconstrained build operations Thread 44" [_thread_blocked, id=10432, stack(0x000000b9adf00000,0x000000b9ae000000)]
  0x000002ae1d171040 JavaThread "Unconstrained build operations Thread 45" [_thread_blocked, id=11320, stack(0x000000b9ae000000,0x000000b9ae100000)]
  0x000002ae1d171510 JavaThread "Unconstrained build operations Thread 46" [_thread_blocked, id=12928, stack(0x000000b9ae100000,0x000000b9ae200000)]
  0x000002ae1d1736c0 JavaThread "Unconstrained build operations Thread 47" [_thread_blocked, id=12812, stack(0x000000b9ae200000,0x000000b9ae300000)]
  0x000002ae1d1701d0 JavaThread "Unconstrained build operations Thread 48" [_thread_blocked, id=14192, stack(0x000000b9ae300000,0x000000b9ae400000)]
  0x000002ae1d171eb0 JavaThread "Unconstrained build operations Thread 49" [_thread_blocked, id=12092, stack(0x000000b9ae400000,0x000000b9ae500000)]
  0x000002ae1d173b90 JavaThread "Unconstrained build operations Thread 50" [_thread_blocked, id=9452, stack(0x000000b9ae500000,0x000000b9ae600000)]
  0x000002ae1d174060 JavaThread "Unconstrained build operations Thread 51" [_thread_blocked, id=9456, stack(0x000000b9ae600000,0x000000b9ae700000)]
  0x000002ae1d174a00 JavaThread "Unconstrained build operations Thread 52" [_thread_blocked, id=10848, stack(0x000000b9ae700000,0x000000b9ae800000)]
  0x000002ae1f6daf60 JavaThread "Unconstrained build operations Thread 53" [_thread_blocked, id=8160, stack(0x000000b9ae800000,0x000000b9ae900000)]
  0x000002ae1f6da5c0 JavaThread "Unconstrained build operations Thread 54" [_thread_blocked, id=8252, stack(0x000000b9ae900000,0x000000b9aea00000)]
  0x000002ae1f6daa90 JavaThread "Unconstrained build operations Thread 55" [_thread_blocked, id=6360, stack(0x000000b9aea00000,0x000000b9aeb00000)]
  0x000002ae1f6d9c20 JavaThread "Unconstrained build operations Thread 56" [_thread_blocked, id=14240, stack(0x000000b9aeb00000,0x000000b9aec00000)]
  0x000002ae1f6db430 JavaThread "Unconstrained build operations Thread 57" [_thread_blocked, id=5216, stack(0x000000b9aec00000,0x000000b9aed00000)]
  0x000002ae1f6d9280 JavaThread "Unconstrained build operations Thread 58" [_thread_blocked, id=5140, stack(0x000000b9aed00000,0x000000b9aee00000)]
  0x000002ae1f6d9750 JavaThread "Unconstrained build operations Thread 59" [_thread_blocked, id=11664, stack(0x000000b9aee00000,0x000000b9aef00000)]
  0x000002ae1f6dc770 JavaThread "Unconstrained build operations Thread 60" [_thread_blocked, id=11952, stack(0x000000b9aef00000,0x000000b9af000000)]
  0x000002ae1f6db900 JavaThread "Unconstrained build operations Thread 61" [_thread_blocked, id=14540, stack(0x000000b9af000000,0x000000b9af100000)]
  0x000002ae1f6dcc40 JavaThread "Unconstrained build operations Thread 62" [_thread_blocked, id=12248, stack(0x000000b9af100000,0x000000b9af200000)]
  0x000002ae1f6dbdd0 JavaThread "Unconstrained build operations Thread 63" [_thread_blocked, id=13816, stack(0x000000b9af200000,0x000000b9af300000)]
  0x000002ae1f6dc2a0 JavaThread "Unconstrained build operations Thread 64" [_thread_blocked, id=6004, stack(0x000000b9af300000,0x000000b9af400000)]
  0x000002ae1f6da0f0 JavaThread "Unconstrained build operations Thread 65" [_thread_blocked, id=7276, stack(0x000000b9af400000,0x000000b9af500000)]
  0x000002ae1f6d2a90 JavaThread "Unconstrained build operations Thread 66" [_thread_blocked, id=8896, stack(0x000000b9af500000,0x000000b9af600000)]
  0x000002ae1f6cd3f0 JavaThread "Unconstrained build operations Thread 67" [_thread_blocked, id=12184, stack(0x000000b9af600000,0x000000b9af700000)]
  0x000002ae1f6d42a0 JavaThread "Unconstrained build operations Thread 68" [_thread_blocked, id=12672, stack(0x000000b9af700000,0x000000b9af800000)]
  0x000002ae1f6d0410 JavaThread "Unconstrained build operations Thread 69" [_thread_blocked, id=3932, stack(0x000000b9af800000,0x000000b9af900000)]
  0x000002ae1f6cfa70 JavaThread "Unconstrained build operations Thread 70" [_thread_blocked, id=5424, stack(0x000000b9af900000,0x000000b9afa00000)]
  0x000002ae1f6cdd90 JavaThread "Unconstrained build operations Thread 71" [_thread_blocked, id=11604, stack(0x000000b9afa00000,0x000000b9afb00000)]
  0x000002ae1f6d4770 JavaThread "Unconstrained build operations Thread 72" [_thread_blocked, id=5908, stack(0x000000b9afb00000,0x000000b9afc00000)]
  0x000002ae1f6d25c0 JavaThread "Unconstrained build operations Thread 73" [_thread_blocked, id=3316, stack(0x000000b9afc00000,0x000000b9afd00000)]
  0x000002ae1f6cd8c0 JavaThread "Unconstrained build operations Thread 74" [_thread_blocked, id=3412, stack(0x000000b9afd00000,0x000000b9afe00000)]
  0x000002ae1f6cec00 JavaThread "Unconstrained build operations Thread 75" [_thread_blocked, id=1312, stack(0x000000b9afe00000,0x000000b9aff00000)]
  0x000002ae1f6d2f60 JavaThread "Unconstrained build operations Thread 76" [_thread_blocked, id=1564, stack(0x000000b9aff00000,0x000000b9b0000000)]
  0x000002ae1f6cff40 JavaThread "Unconstrained build operations Thread 77" [_thread_blocked, id=14936, stack(0x000000b9b0000000,0x000000b9b0100000)]
  0x000002ae1f6d3900 JavaThread "Unconstrained build operations Thread 78" [_thread_blocked, id=5016, stack(0x000000b9b0100000,0x000000b9b0200000)]
  0x000002ae1f6cf0d0 JavaThread "Unconstrained build operations Thread 79" [_thread_blocked, id=8780, stack(0x000000b9b0200000,0x000000b9b0300000)]
  0x000002ae1f6d1c20 JavaThread "Unconstrained build operations Thread 80" [_thread_blocked, id=4724, stack(0x000000b9b0300000,0x000000b9b0400000)]
  0x000002ae1f6ce730 JavaThread "Memory manager" [_thread_blocked, id=15092, stack(0x000000b9b0400000,0x000000b9b0500000)]
  0x000002ae1fe5e2e0 JavaThread "included builds" [_thread_blocked, id=7600, stack(0x000000b9b0500000,0x000000b9b0600000)]
  0x000002ae1fe5faf0 JavaThread "Execution worker" [_thread_blocked, id=5052, stack(0x000000b9b0600000,0x000000b9b0700000)]
  0x000002ae1fe60490 JavaThread "Execution worker Thread 2" [_thread_blocked, id=11440, stack(0x000000b9b0700000,0x000000b9b0800000)]
  0x000002ae1fe62640 JavaThread "Execution worker Thread 3" [_thread_blocked, id=13680, stack(0x000000b9b0800000,0x000000b9b0900000)]
  0x000002ae1fe647f0 JavaThread "Execution worker Thread 4" [_thread_blocked, id=10128, stack(0x000000b9b0900000,0x000000b9b0a00000)]
  0x000002ae1fe65190 JavaThread "Execution worker Thread 5" [_thread_blocked, id=11388, stack(0x000000b9b0a00000,0x000000b9b0b00000)]
  0x000002ae1fe5f150 JavaThread "Execution worker Thread 6" [_thread_blocked, id=1432, stack(0x000000b9b0b00000,0x000000b9b0c00000)]
  0x000002ae1fe5ec80 JavaThread "Execution worker Thread 7" [_thread_blocked, id=3720, stack(0x000000b9b0c00000,0x000000b9b0d00000)]
  0x000002ae1fe5f620 JavaThread "Cache worker for execution history cache (C:\Users\scher\Documents\PROJETOS ANDROID\RECICLAAI\.gradle\8.0\executionHistory)" [_thread_blocked, id=6184, stack(0x000000b9b0d00000,0x000000b9b0e00000)]
  0x000002ae1fe5ffc0 JavaThread "idea-tooling-model-converter" [_thread_blocked, id=3904, stack(0x000000b9b0e00000,0x000000b9b0f00000)]

Other Threads:
=>0x000002ae7f553fd0 VMThread "VM Thread" [stack: 0x000000b9a7d00000,0x000000b9a7e00000] [id=12268]
  0x000002ae7db5e300 WatcherThread [stack: 0x000000b9a8900000,0x000000b9a8a00000] [id=7212]
  0x000002ae7db3dec0 GCTaskThread "GC Thread#0" [stack: 0x000000b9a7800000,0x000000b9a7900000] [id=9652]
  0x000002ae18fe6840 GCTaskThread "GC Thread#1" [stack: 0x000000b9a8b00000,0x000000b9a8c00000] [id=11896]
  0x000002ae18fe5010 GCTaskThread "GC Thread#2" [stack: 0x000000b9a8c00000,0x000000b9a8d00000] [id=14160]
  0x000002ae18fe6590 GCTaskThread "GC Thread#3" [stack: 0x000000b9a8d00000,0x000000b9a8e00000] [id=10596]
  0x000002ae18fe5d80 GCTaskThread "GC Thread#4" [stack: 0x000000b9a8e00000,0x000000b9a8f00000] [id=12436]
  0x000002ae18fe6030 GCTaskThread "GC Thread#5" [stack: 0x000000b9a9a00000,0x000000b9a9b00000] [id=13444]
  0x000002ae18fe52c0 GCTaskThread "GC Thread#6" [stack: 0x000000b9a9b00000,0x000000b9a9c00000] [id=8344]
  0x000002ae18fe62e0 GCTaskThread "GC Thread#7" [stack: 0x000000b9a9c00000,0x000000b9a9d00000] [id=12760]
  0x000002ae7db4ed10 ConcurrentGCThread "G1 Main Marker" [stack: 0x000000b9a7900000,0x000000b9a7a00000] [id=13500]
  0x000002ae7db4f630 ConcurrentGCThread "G1 Conc#0" [stack: 0x000000b9a7a00000,0x000000b9a7b00000] [id=5388]
  0x000002ae1bd58b80 ConcurrentGCThread "G1 Conc#1" [stack: 0x000000b9a9d00000,0x000000b9a9e00000] [id=13172]
  0x000002ae7f3b24d0 ConcurrentGCThread "G1 Refine#0" [stack: 0x000000b9a7b00000,0x000000b9a7c00000] [id=4796]
  0x000002ae1b9f81b0 ConcurrentGCThread "G1 Refine#1" [stack: 0x000000b9aab00000,0x000000b9aac00000] [id=6804]
  0x000002ae7f3b3410 ConcurrentGCThread "G1 Service" [stack: 0x000000b9a7c00000,0x000000b9a7d00000] [id=9932]

Threads with active compile tasks:
C2 CompilerThread1     7347 7971       4       java.beans.Introspector::addMethod (196 bytes)
C2 CompilerThread2     7347 8031       4       java.lang.Class::privateGetPublicMethods (224 bytes)

VM state: at safepoint (normal execution)

VM Mutex/Monitor currently owned by a thread:  ([mutex/lock_event])
[0x000002ae7dadc350] Threads_lock - owner thread: 0x000002ae7f553fd0
[0x000002ae7dadc860] Heap_lock - owner thread: 0x000002ae1b7ca420

Heap address: 0x0000000080000000, size: 2048 MB, Compressed Oops mode: 32-bit

CDS archive(s) not mapped
Compressed class space mapped at: 0x0000000100000000-0x0000000140000000, reserved size: 1073741824
Narrow klass base: 0x0000000000000000, Narrow klass shift: 3, Narrow klass range: 0x140000000

GC Precious Log:
 CPUs: 8 total, 8 available
 Memory: 8072M
 Large Page Support: Disabled
 NUMA Support: Disabled
 Compressed Oops: Enabled (32-bit)
 Heap Region Size: 1M
 Heap Min Capacity: 8M
 Heap Initial Capacity: 128M
 Heap Max Capacity: 2G
 Pre-touch: Disabled
 Parallel Workers: 8
 Concurrent Workers: 2
 Concurrent Refinement Workers: 8
 Periodic GC: Disabled

Heap:
 garbage-first heap   total 214016K, used 127363K [0x0000000080000000, 0x0000000100000000)
  region size 1024K, 1 young (1024K), 1 survivors (1024K)
 Metaspace       used 80368K, committed 81024K, reserved 1122304K
  class space    used 10992K, committed 11328K, reserved 1048576K

Heap Regions: E=young(eden), S=young(survivor), O=old, HS=humongous(starts), HC=humongous(continues), CS=collection set, F=free, OA=open archive, CA=closed archive, TAMS=top-at-mark-start (previous, next)
|   0|0x0000000080000000, 0x0000000080100000, 0x0000000080100000|100%|HS|  |TAMS 0x0000000080100000, 0x0000000080000000| Complete 
|   1|0x0000000080100000, 0x0000000080200000, 0x0000000080200000|100%|HC|  |TAMS 0x0000000080200000, 0x0000000080100000| Complete 
|   2|0x0000000080200000, 0x0000000080300000, 0x0000000080300000|100%|HC|  |TAMS 0x0000000080300000, 0x0000000080200000| Complete 
|   3|0x0000000080300000, 0x0000000080400000, 0x0000000080400000|100%|HC|  |TAMS 0x0000000080400000, 0x0000000080300000| Complete 
|   4|0x0000000080400000, 0x0000000080500000, 0x0000000080500000|100%| O|  |TAMS 0x0000000080500000, 0x0000000080400000| Untracked 
|   5|0x0000000080500000, 0x0000000080600000, 0x0000000080600000|100%| O|  |TAMS 0x0000000080600000, 0x0000000080500000| Untracked 
|   6|0x0000000080600000, 0x0000000080700000, 0x0000000080700000|100%| O|  |TAMS 0x0000000080700000, 0x0000000080600000| Untracked 
|   7|0x0000000080700000, 0x0000000080800000, 0x0000000080800000|100%| O|  |TAMS 0x0000000080800000, 0x0000000080700000| Untracked 
|   8|0x0000000080800000, 0x0000000080900000, 0x0000000080900000|100%| O|  |TAMS 0x0000000080900000, 0x0000000080800000| Untracked 
|   9|0x0000000080900000, 0x0000000080a00000, 0x0000000080a00000|100%| O|  |TAMS 0x0000000080a00000, 0x0000000080900000| Untracked 
|  10|0x0000000080a00000, 0x0000000080b00000, 0x0000000080b00000|100%| O|  |TAMS 0x0000000080b00000, 0x0000000080a00000| Untracked 
|  11|0x0000000080b00000, 0x0000000080c00000, 0x0000000080c00000|100%|HS|  |TAMS 0x0000000080c00000, 0x0000000080b00000| Complete 
|  12|0x0000000080c00000, 0x0000000080d00000, 0x0000000080d00000|100%| O|  |TAMS 0x0000000080d00000, 0x0000000080c00000| Untracked 
|  13|0x0000000080d00000, 0x0000000080e00000, 0x0000000080e00000|100%| O|  |TAMS 0x0000000080e00000, 0x0000000080d00000| Untracked 
|  14|0x0000000080e00000, 0x0000000080f00000, 0x0000000080f00000|100%| O|  |TAMS 0x0000000080f00000, 0x0000000080e00000| Untracked 
|  15|0x0000000080f00000, 0x0000000081000000, 0x0000000081000000|100%| O|  |TAMS 0x0000000081000000, 0x0000000080f00000| Untracked 
|  16|0x0000000081000000, 0x0000000081100000, 0x0000000081100000|100%| O|  |TAMS 0x0000000081100000, 0x0000000081000000| Untracked 
|  17|0x0000000081100000, 0x0000000081200000, 0x0000000081200000|100%| O|  |TAMS 0x0000000081200000, 0x0000000081100000| Untracked 
|  18|0x0000000081200000, 0x0000000081300000, 0x0000000081300000|100%| O|  |TAMS 0x0000000081300000, 0x0000000081200000| Untracked 
|  19|0x0000000081300000, 0x0000000081400000, 0x0000000081400000|100%|HS|  |TAMS 0x0000000081400000, 0x0000000081300000| Complete 
|  20|0x0000000081400000, 0x0000000081500000, 0x0000000081500000|100%|HC|  |TAMS 0x0000000081500000, 0x0000000081400000| Complete 
|  21|0x0000000081500000, 0x0000000081600000, 0x0000000081600000|100%|HS|  |TAMS 0x0000000081600000, 0x0000000081500000| Complete 
|  22|0x0000000081600000, 0x0000000081700000, 0x0000000081700000|100%|HC|  |TAMS 0x0000000081700000, 0x0000000081600000| Complete 
|  23|0x0000000081700000, 0x0000000081800000, 0x0000000081800000|100%|HC|  |TAMS 0x0000000081800000, 0x0000000081700000| Complete 
|  24|0x0000000081800000, 0x0000000081900000, 0x0000000081900000|100%| O|  |TAMS 0x0000000081900000, 0x0000000081800000| Untracked 
|  25|0x0000000081900000, 0x0000000081a00000, 0x0000000081a00000|100%| O|  |TAMS 0x0000000081a00000, 0x0000000081900000| Untracked 
|  26|0x0000000081a00000, 0x0000000081b00000, 0x0000000081b00000|100%| O|  |TAMS 0x0000000081b00000, 0x0000000081a00000| Untracked 
|  27|0x0000000081b00000, 0x0000000081c00000, 0x0000000081c00000|100%|HS|  |TAMS 0x0000000081c00000, 0x0000000081b00000| Complete 
|  28|0x0000000081c00000, 0x0000000081d00000, 0x0000000081d00000|100%|HC|  |TAMS 0x0000000081d00000, 0x0000000081c00000| Complete 
|  29|0x0000000081d00000, 0x0000000081e00000, 0x0000000081e00000|100%|HC|  |TAMS 0x0000000081e00000, 0x0000000081d00000| Complete 
|  30|0x0000000081e00000, 0x0000000081f00000, 0x0000000081f00000|100%| O|  |TAMS 0x0000000081f00000, 0x0000000081e00000| Untracked 
|  31|0x0000000081f00000, 0x0000000082000000, 0x0000000082000000|100%| O|  |TAMS 0x0000000081f00000, 0x0000000081f00000| Untracked 
|  32|0x0000000082000000, 0x0000000082100000, 0x0000000082100000|100%| O|  |TAMS 0x0000000082100000, 0x0000000082000000| Untracked 
|  33|0x0000000082100000, 0x0000000082200000, 0x0000000082200000|100%|HS|  |TAMS 0x0000000082200000, 0x0000000082100000| Complete 
|  34|0x0000000082200000, 0x0000000082300000, 0x0000000082300000|100%|HC|  |TAMS 0x0000000082300000, 0x0000000082200000| Complete 
|  35|0x0000000082300000, 0x0000000082300000, 0x0000000082400000|  0%| F|  |TAMS 0x0000000082300000, 0x0000000082300000| Untracked 
|  36|0x0000000082400000, 0x0000000082500000, 0x0000000082500000|100%| O|  |TAMS 0x0000000082500000, 0x0000000082400000| Untracked 
|  37|0x0000000082500000, 0x0000000082600000, 0x0000000082600000|100%| O|  |TAMS 0x0000000082600000, 0x0000000082500000| Untracked 
|  38|0x0000000082600000, 0x0000000082700000, 0x0000000082700000|100%| O|  |TAMS 0x0000000082700000, 0x0000000082600000| Untracked 
|  39|0x0000000082700000, 0x0000000082800000, 0x0000000082800000|100%| O|  |TAMS 0x0000000082800000, 0x0000000082700000| Untracked 
|  40|0x0000000082800000, 0x0000000082900000, 0x0000000082900000|100%| O|  |TAMS 0x0000000082900000, 0x0000000082800000| Untracked 
|  41|0x0000000082900000, 0x0000000082a00000, 0x0000000082a00000|100%| O|  |TAMS 0x0000000082a00000, 0x0000000082900000| Untracked 
|  42|0x0000000082a00000, 0x0000000082b00000, 0x0000000082b00000|100%| O|  |TAMS 0x0000000082b00000, 0x0000000082a00000| Untracked 
|  43|0x0000000082b00000, 0x0000000082c00000, 0x0000000082c00000|100%| O|  |TAMS 0x0000000082c00000, 0x0000000082b00000| Untracked 
|  44|0x0000000082c00000, 0x0000000082d00000, 0x0000000082d00000|100%| O|  |TAMS 0x0000000082d00000, 0x0000000082c00000| Untracked 
|  45|0x0000000082d00000, 0x0000000082e00000, 0x0000000082e00000|100%|HS|  |TAMS 0x0000000082e00000, 0x0000000082d00000| Complete 
|  46|0x0000000082e00000, 0x0000000082f00000, 0x0000000082f00000|100%|HC|  |TAMS 0x0000000082f00000, 0x0000000082e00000| Complete 
|  47|0x0000000082f00000, 0x0000000083000000, 0x0000000083000000|100%|HC|  |TAMS 0x0000000083000000, 0x0000000082f00000| Complete 
|  48|0x0000000083000000, 0x0000000083100000, 0x0000000083100000|100%|HC|  |TAMS 0x0000000083100000, 0x0000000083000000| Complete 
|  49|0x0000000083100000, 0x0000000083200000, 0x0000000083200000|100%|HC|  |TAMS 0x0000000083200000, 0x0000000083100000| Complete 
|  50|0x0000000083200000, 0x0000000083300000, 0x0000000083300000|100%|HC|  |TAMS 0x0000000083300000, 0x0000000083200000| Complete 
|  51|0x0000000083300000, 0x0000000083400000, 0x0000000083400000|100%|HC|  |TAMS 0x0000000083400000, 0x0000000083300000| Complete 
|  52|0x0000000083400000, 0x0000000083500000, 0x0000000083500000|100%|HC|  |TAMS 0x0000000083500000, 0x0000000083400000| Complete 
|  53|0x0000000083500000, 0x0000000083600000, 0x0000000083600000|100%|HC|  |TAMS 0x0000000083600000, 0x0000000083500000| Complete 
|  54|0x0000000083600000, 0x0000000083700000, 0x0000000083700000|100%|HC|  |TAMS 0x0000000083700000, 0x0000000083600000| Complete 
|  55|0x0000000083700000, 0x0000000083800000, 0x0000000083800000|100%|HC|  |TAMS 0x0000000083800000, 0x0000000083700000| Complete 
|  56|0x0000000083800000, 0x0000000083900000, 0x0000000083900000|100%|HC|  |TAMS 0x0000000083900000, 0x0000000083800000| Complete 
|  57|0x0000000083900000, 0x0000000083a00000, 0x0000000083a00000|100%| O|  |TAMS 0x0000000083a00000, 0x0000000083900000| Untracked 
|  58|0x0000000083a00000, 0x0000000083b00000, 0x0000000083b00000|100%| O|  |TAMS 0x0000000083b00000, 0x0000000083a00000| Untracked 
|  59|0x0000000083b00000, 0x0000000083c00000, 0x0000000083c00000|100%| O|  |TAMS 0x0000000083c00000, 0x0000000083b00000| Untracked 
|  60|0x0000000083c00000, 0x0000000083d00000, 0x0000000083d00000|100%|HS|  |TAMS 0x0000000083d00000, 0x0000000083c00000| Complete 
|  61|0x0000000083d00000, 0x0000000083e00000, 0x0000000083e00000|100%|HC|  |TAMS 0x0000000083e00000, 0x0000000083d00000| Complete 
|  62|0x0000000083e00000, 0x0000000083f00000, 0x0000000083f00000|100%|HC|  |TAMS 0x0000000083f00000, 0x0000000083e00000| Complete 
|  63|0x0000000083f00000, 0x0000000084000000, 0x0000000084000000|100%|HS|  |TAMS 0x0000000084000000, 0x0000000083f00000| Complete 
|  64|0x0000000084000000, 0x0000000084100000, 0x0000000084100000|100%|HC|  |TAMS 0x0000000084100000, 0x0000000084000000| Complete 
|  65|0x0000000084100000, 0x0000000084200000, 0x0000000084200000|100%|HC|  |TAMS 0x0000000084200000, 0x0000000084100000| Complete 
|  66|0x0000000084200000, 0x0000000084300000, 0x0000000084300000|100%| O|  |TAMS 0x0000000084300000, 0x0000000084200000| Untracked 
|  67|0x0000000084300000, 0x0000000084400000, 0x0000000084400000|100%| O|  |TAMS 0x0000000084400000, 0x0000000084300000| Untracked 
|  68|0x0000000084400000, 0x0000000084500000, 0x0000000084500000|100%| O|  |TAMS 0x0000000084500000, 0x0000000084400000| Untracked 
|  69|0x0000000084500000, 0x0000000084600000, 0x0000000084600000|100%| O|  |TAMS 0x0000000084600000, 0x0000000084500000| Untracked 
|  70|0x0000000084600000, 0x0000000084700000, 0x0000000084700000|100%|HS|  |TAMS 0x0000000084700000, 0x0000000084600000| Complete 
|  71|0x0000000084700000, 0x0000000084800000, 0x0000000084800000|100%|HS|  |TAMS 0x0000000084800000, 0x0000000084700000| Complete 
|  72|0x0000000084800000, 0x0000000084900000, 0x0000000084900000|100%| O|  |TAMS 0x0000000084900000, 0x0000000084800000| Untracked 
|  73|0x0000000084900000, 0x0000000084a00000, 0x0000000084a00000|100%| O|  |TAMS 0x0000000084a00000, 0x0000000084900000| Untracked 
|  74|0x0000000084a00000, 0x0000000084b00000, 0x0000000084b00000|100%| O|  |TAMS 0x0000000084b00000, 0x0000000084a00000| Untracked 
|  75|0x0000000084b00000, 0x0000000084c00000, 0x0000000084c00000|100%| O|  |TAMS 0x0000000084c00000, 0x0000000084b00000| Untracked 
|  76|0x0000000084c00000, 0x0000000084d00000, 0x0000000084d00000|100%| O|  |TAMS 0x0000000084d00000, 0x0000000084c00000| Untracked 
|  77|0x0000000084d00000, 0x0000000084e00000, 0x0000000084e00000|100%| O|  |TAMS 0x0000000084e00000, 0x0000000084d00000| Untracked 
|  78|0x0000000084e00000, 0x0000000084f00000, 0x0000000084f00000|100%| O|  |TAMS 0x0000000084f00000, 0x0000000084e00000| Untracked 
|  79|0x0000000084f00000, 0x0000000085000000, 0x0000000085000000|100%| O|  |TAMS 0x0000000085000000, 0x0000000084f00000| Untracked 
|  80|0x0000000085000000, 0x0000000085100000, 0x0000000085100000|100%| O|  |TAMS 0x0000000085100000, 0x0000000085000000| Untracked 
|  81|0x0000000085100000, 0x0000000085200000, 0x0000000085200000|100%| O|  |TAMS 0x0000000085200000, 0x0000000085100000| Untracked 
|  82|0x0000000085200000, 0x0000000085300000, 0x0000000085300000|100%| O|  |TAMS 0x0000000085300000, 0x0000000085200000| Untracked 
|  83|0x0000000085300000, 0x0000000085400000, 0x0000000085400000|100%| O|  |TAMS 0x0000000085400000, 0x0000000085300000| Untracked 
|  84|0x0000000085400000, 0x0000000085500000, 0x0000000085500000|100%| O|  |TAMS 0x0000000085500000, 0x0000000085400000| Untracked 
|  85|0x0000000085500000, 0x0000000085600000, 0x0000000085600000|100%| O|  |TAMS 0x0000000085600000, 0x0000000085500000| Untracked 
|  86|0x0000000085600000, 0x0000000085700000, 0x0000000085700000|100%| O|  |TAMS 0x0000000085700000, 0x0000000085600000| Untracked 
|  87|0x0000000085700000, 0x0000000085800000, 0x0000000085800000|100%| O|  |TAMS 0x0000000085800000, 0x0000000085700000| Untracked 
|  88|0x0000000085800000, 0x0000000085900000, 0x0000000085900000|100%| O|  |TAMS 0x0000000085900000, 0x0000000085800000| Untracked 
|  89|0x0000000085900000, 0x0000000085a00000, 0x0000000085a00000|100%| O|  |TAMS 0x0000000085a00000, 0x0000000085900000| Untracked 
|  90|0x0000000085a00000, 0x0000000085b00000, 0x0000000085b00000|100%| O|  |TAMS 0x0000000085b00000, 0x0000000085a00000| Untracked 
|  91|0x0000000085b00000, 0x0000000085c00000, 0x0000000085c00000|100%| O|  |TAMS 0x0000000085c00000, 0x0000000085b00000| Untracked 
|  92|0x0000000085c00000, 0x0000000085d00000, 0x0000000085d00000|100%| O|  |TAMS 0x0000000085d00000, 0x0000000085c00000| Untracked 
|  93|0x0000000085d00000, 0x0000000085e00000, 0x0000000085e00000|100%| O|  |TAMS 0x0000000085e00000, 0x0000000085d00000| Untracked 
|  94|0x0000000085e00000, 0x0000000085f00000, 0x0000000085f00000|100%| O|  |TAMS 0x0000000085f00000, 0x0000000085e00000| Untracked 
|  95|0x0000000085f00000, 0x0000000086000000, 0x0000000086000000|100%| O|  |TAMS 0x0000000086000000, 0x0000000085f00000| Untracked 
|  96|0x0000000086000000, 0x0000000086100000, 0x0000000086100000|100%| O|  |TAMS 0x0000000086061c00, 0x0000000086000000| Untracked 
|  97|0x0000000086100000, 0x0000000086200000, 0x0000000086200000|100%|HS|  |TAMS 0x0000000086200000, 0x0000000086100000| Complete 
|  98|0x0000000086200000, 0x0000000086300000, 0x0000000086300000|100%|HC|  |TAMS 0x0000000086300000, 0x0000000086200000| Complete 
|  99|0x0000000086300000, 0x0000000086400000, 0x0000000086400000|100%|HS|  |TAMS 0x0000000086400000, 0x0000000086300000| Complete 
| 100|0x0000000086400000, 0x0000000086500000, 0x0000000086500000|100%|HC|  |TAMS 0x0000000086500000, 0x0000000086400000| Complete 
| 101|0x0000000086500000, 0x0000000086600000, 0x0000000086600000|100%|HC|  |TAMS 0x0000000086600000, 0x0000000086500000| Complete 
| 102|0x0000000086600000, 0x0000000086700000, 0x0000000086700000|100%|HS|  |TAMS 0x0000000086600000, 0x0000000086600000| Complete 
| 103|0x0000000086700000, 0x0000000086800000, 0x0000000086800000|100%|HC|  |TAMS 0x0000000086700000, 0x0000000086700000| Complete 
| 104|0x0000000086800000, 0x0000000086900000, 0x0000000086900000|100%|HC|  |TAMS 0x0000000086800000, 0x0000000086800000| Complete 
| 105|0x0000000086900000, 0x0000000086a00000, 0x0000000086a00000|100%|HS|  |TAMS 0x0000000086900000, 0x0000000086900000| Complete 
| 106|0x0000000086a00000, 0x0000000086b00000, 0x0000000086b00000|100%|HC|  |TAMS 0x0000000086a00000, 0x0000000086a00000| Complete 
| 107|0x0000000086b00000, 0x0000000086c00000, 0x0000000086c00000|100%|HC|  |TAMS 0x0000000086b00000, 0x0000000086b00000| Complete 
| 108|0x0000000086c00000, 0x0000000086d00000, 0x0000000086d00000|100%|HC|  |TAMS 0x0000000086c00000, 0x0000000086c00000| Complete 
| 109|0x0000000086d00000, 0x0000000086e00000, 0x0000000086e00000|100%|HC|  |TAMS 0x0000000086d00000, 0x0000000086d00000| Complete 
| 110|0x0000000086e00000, 0x0000000086f00000, 0x0000000086f00000|100%|HC|  |TAMS 0x0000000086e00000, 0x0000000086e00000| Complete 
| 111|0x0000000086f00000, 0x0000000087000000, 0x0000000087000000|100%|HC|  |TAMS 0x0000000086f00000, 0x0000000086f00000| Complete 
| 112|0x0000000087000000, 0x0000000087100000, 0x0000000087100000|100%|HC|  |TAMS 0x0000000087000000, 0x0000000087000000| Complete 
| 113|0x0000000087100000, 0x0000000087200000, 0x0000000087200000|100%|HC|  |TAMS 0x0000000087100000, 0x0000000087100000| Complete 
| 114|0x0000000087200000, 0x0000000087300000, 0x0000000087300000|100%|HC|  |TAMS 0x0000000087200000, 0x0000000087200000| Complete 
| 115|0x0000000087300000, 0x0000000087400000, 0x0000000087400000|100%|HC|  |TAMS 0x0000000087300000, 0x0000000087300000| Complete 
| 116|0x0000000087400000, 0x0000000087500000, 0x0000000087500000|100%|HC|  |TAMS 0x0000000087400000, 0x0000000087400000| Complete 
| 117|0x0000000087500000, 0x0000000087600000, 0x0000000087600000|100%|HS|  |TAMS 0x0000000087500000, 0x0000000087500000| Complete 
| 118|0x0000000087600000, 0x0000000087700000, 0x0000000087700000|100%|HC|  |TAMS 0x0000000087600000, 0x0000000087600000| Complete 
| 119|0x0000000087700000, 0x0000000087800000, 0x0000000087800000|100%| O|  |TAMS 0x0000000087700000, 0x0000000087700000| Untracked 
| 120|0x0000000087800000, 0x0000000087900000, 0x0000000087900000|100%| O|  |TAMS 0x0000000087800000, 0x0000000087800000| Untracked 
| 121|0x0000000087900000, 0x0000000087a00000, 0x0000000087a00000|100%| O|  |TAMS 0x0000000087900000, 0x0000000087900000| Untracked 
| 122|0x0000000087a00000, 0x0000000087b00000, 0x0000000087b00000|100%| O|  |TAMS 0x0000000087a00000, 0x0000000087a00000| Untracked 
| 123|0x0000000087b00000, 0x0000000087c00000, 0x0000000087c00000|100%| O|  |TAMS 0x0000000087b00000, 0x0000000087b00000| Untracked 
| 124|0x0000000087c00000, 0x0000000087ce0200, 0x0000000087d00000| 87%| O|  |TAMS 0x0000000087c00000, 0x0000000087c00000| Untracked 
| 125|0x0000000087d00000, 0x0000000087d00000, 0x0000000087e00000|  0%| F|  |TAMS 0x0000000087d00000, 0x0000000087d00000| Untracked 
| 126|0x0000000087e00000, 0x0000000087e00000, 0x0000000087f00000|  0%| F|  |TAMS 0x0000000087e00000, 0x0000000087e00000| Untracked 
| 127|0x0000000087f00000, 0x0000000087f00000, 0x0000000088000000|  0%| F|  |TAMS 0x0000000087f00000, 0x0000000087f00000| Untracked 
| 128|0x0000000088000000, 0x0000000088000000, 0x0000000088100000|  0%| F|  |TAMS 0x0000000088000000, 0x0000000088000000| Untracked 
| 129|0x0000000088100000, 0x0000000088100000, 0x0000000088200000|  0%| F|  |TAMS 0x0000000088100000, 0x0000000088100000| Untracked 
| 130|0x0000000088200000, 0x0000000088200000, 0x0000000088300000|  0%| F|  |TAMS 0x0000000088200000, 0x0000000088200000| Untracked 
| 131|0x0000000088300000, 0x0000000088300000, 0x0000000088400000|  0%| F|  |TAMS 0x0000000088300000, 0x0000000088300000| Untracked 
| 132|0x0000000088400000, 0x0000000088400000, 0x0000000088500000|  0%| F|  |TAMS 0x0000000088400000, 0x0000000088400000| Untracked 
| 133|0x0000000088500000, 0x0000000088500000, 0x0000000088600000|  0%| F|  |TAMS 0x0000000088500000, 0x0000000088500000| Untracked 
| 134|0x0000000088600000, 0x0000000088600000, 0x0000000088700000|  0%| F|  |TAMS 0x0000000088600000, 0x0000000088600000| Untracked 
| 135|0x0000000088700000, 0x0000000088700000, 0x0000000088800000|  0%| F|  |TAMS 0x0000000088700000, 0x0000000088700000| Untracked 
| 136|0x0000000088800000, 0x0000000088800000, 0x0000000088900000|  0%| F|  |TAMS 0x0000000088800000, 0x0000000088800000| Untracked 
| 137|0x0000000088900000, 0x0000000088900000, 0x0000000088a00000|  0%| F|  |TAMS 0x0000000088900000, 0x0000000088900000| Untracked 
| 138|0x0000000088a00000, 0x0000000088a00000, 0x0000000088b00000|  0%| F|  |TAMS 0x0000000088a00000, 0x0000000088a00000| Untracked 
| 139|0x0000000088b00000, 0x0000000088b00000, 0x0000000088c00000|  0%| F|  |TAMS 0x0000000088b00000, 0x0000000088b00000| Untracked 
| 140|0x0000000088c00000, 0x0000000088c00000, 0x0000000088d00000|  0%| F|  |TAMS 0x0000000088c00000, 0x0000000088c00000| Untracked 
| 141|0x0000000088d00000, 0x0000000088d00000, 0x0000000088e00000|  0%| F|  |TAMS 0x0000000088d00000, 0x0000000088d00000| Untracked 
| 142|0x0000000088e00000, 0x0000000088e00000, 0x0000000088f00000|  0%| F|  |TAMS 0x0000000088e00000, 0x0000000088e00000| Untracked 
| 143|0x0000000088f00000, 0x0000000088f00000, 0x0000000089000000|  0%| F|  |TAMS 0x0000000088f00000, 0x0000000088f00000| Untracked 
| 144|0x0000000089000000, 0x0000000089000000, 0x0000000089100000|  0%| F|  |TAMS 0x0000000089000000, 0x0000000089000000| Untracked 
| 145|0x0000000089100000, 0x0000000089100000, 0x0000000089200000|  0%| F|  |TAMS 0x0000000089100000, 0x0000000089100000| Untracked 
| 146|0x0000000089200000, 0x0000000089200000, 0x0000000089300000|  0%| F|  |TAMS 0x0000000089200000, 0x0000000089200000| Untracked 
| 147|0x0000000089300000, 0x0000000089300000, 0x0000000089400000|  0%| F|  |TAMS 0x0000000089300000, 0x0000000089300000| Untracked 
| 148|0x0000000089400000, 0x0000000089400000, 0x0000000089500000|  0%| F|  |TAMS 0x0000000089400000, 0x0000000089400000| Untracked 
| 149|0x0000000089500000, 0x0000000089500000, 0x0000000089600000|  0%| F|  |TAMS 0x0000000089500000, 0x0000000089500000| Untracked 
| 150|0x0000000089600000, 0x0000000089600000, 0x0000000089700000|  0%| F|  |TAMS 0x0000000089600000, 0x0000000089600000| Untracked 
| 151|0x0000000089700000, 0x0000000089700000, 0x0000000089800000|  0%| F|  |TAMS 0x0000000089700000, 0x0000000089700000| Untracked 
| 152|0x0000000089800000, 0x0000000089800000, 0x0000000089900000|  0%| F|  |TAMS 0x0000000089800000, 0x0000000089800000| Untracked 
| 153|0x0000000089900000, 0x0000000089900000, 0x0000000089a00000|  0%| F|  |TAMS 0x0000000089900000, 0x0000000089900000| Untracked 
| 154|0x0000000089a00000, 0x0000000089a00000, 0x0000000089b00000|  0%| F|  |TAMS 0x0000000089a00000, 0x0000000089a00000| Untracked 
| 155|0x0000000089b00000, 0x0000000089b00000, 0x0000000089c00000|  0%| F|  |TAMS 0x0000000089b00000, 0x0000000089b00000| Untracked 
| 156|0x0000000089c00000, 0x0000000089c00000, 0x0000000089d00000|  0%| F|  |TAMS 0x0000000089c00000, 0x0000000089c00000| Untracked 
| 157|0x0000000089d00000, 0x0000000089d00000, 0x0000000089e00000|  0%| F|  |TAMS 0x0000000089d00000, 0x0000000089d00000| Untracked 
| 158|0x0000000089e00000, 0x0000000089e00000, 0x0000000089f00000|  0%| F|  |TAMS 0x0000000089e00000, 0x0000000089e00000| Untracked 
| 159|0x0000000089f00000, 0x0000000089f00000, 0x000000008a000000|  0%| F|  |TAMS 0x0000000089f00000, 0x0000000089f00000| Untracked 
| 160|0x000000008a000000, 0x000000008a000000, 0x000000008a100000|  0%| F|  |TAMS 0x000000008a000000, 0x000000008a000000| Untracked 
| 161|0x000000008a100000, 0x000000008a100000, 0x000000008a200000|  0%| F|  |TAMS 0x000000008a100000, 0x000000008a100000| Untracked 
| 162|0x000000008a200000, 0x000000008a200000, 0x000000008a300000|  0%| F|  |TAMS 0x000000008a200000, 0x000000008a200000| Untracked 
| 163|0x000000008a300000, 0x000000008a300000, 0x000000008a400000|  0%| F|  |TAMS 0x000000008a300000, 0x000000008a300000| Untracked 
| 164|0x000000008a400000, 0x000000008a400000, 0x000000008a500000|  0%| F|  |TAMS 0x000000008a400000, 0x000000008a400000| Untracked 
| 165|0x000000008a500000, 0x000000008a500000, 0x000000008a600000|  0%| F|  |TAMS 0x000000008a500000, 0x000000008a500000| Untracked 
| 166|0x000000008a600000, 0x000000008a600000, 0x000000008a700000|  0%| F|  |TAMS 0x000000008a600000, 0x000000008a600000| Untracked 
| 167|0x000000008a700000, 0x000000008a700000, 0x000000008a800000|  0%| F|  |TAMS 0x000000008a700000, 0x000000008a700000| Untracked 
| 168|0x000000008a800000, 0x000000008a800000, 0x000000008a900000|  0%| F|  |TAMS 0x000000008a800000, 0x000000008a800000| Untracked 
| 169|0x000000008a900000, 0x000000008a900000, 0x000000008aa00000|  0%| F|  |TAMS 0x000000008a900000, 0x000000008a900000| Untracked 
| 170|0x000000008aa00000, 0x000000008aa00000, 0x000000008ab00000|  0%| F|  |TAMS 0x000000008aa00000, 0x000000008aa00000| Untracked 
| 171|0x000000008ab00000, 0x000000008ab00000, 0x000000008ac00000|  0%| F|  |TAMS 0x000000008ab00000, 0x000000008ab00000| Untracked 
| 172|0x000000008ac00000, 0x000000008ac00000, 0x000000008ad00000|  0%| F|  |TAMS 0x000000008ac00000, 0x000000008ac00000| Untracked 
| 173|0x000000008ad00000, 0x000000008ad00000, 0x000000008ae00000|  0%| F|  |TAMS 0x000000008ad00000, 0x000000008ad00000| Untracked 
| 174|0x000000008ae00000, 0x000000008ae00000, 0x000000008af00000|  0%| F|  |TAMS 0x000000008ae00000, 0x000000008ae00000| Untracked 
| 175|0x000000008af00000, 0x000000008af00000, 0x000000008b000000|  0%| F|  |TAMS 0x000000008af00000, 0x000000008af00000| Untracked 
| 176|0x000000008b000000, 0x000000008b000000, 0x000000008b100000|  0%| F|  |TAMS 0x000000008b000000, 0x000000008b000000| Untracked 
| 177|0x000000008b100000, 0x000000008b100000, 0x000000008b200000|  0%| F|  |TAMS 0x000000008b100000, 0x000000008b100000| Untracked 
| 178|0x000000008b200000, 0x000000008b200000, 0x000000008b300000|  0%| F|  |TAMS 0x000000008b200000, 0x000000008b200000| Untracked 
| 179|0x000000008b300000, 0x000000008b300000, 0x000000008b400000|  0%| F|  |TAMS 0x000000008b300000, 0x000000008b300000| Untracked 
| 180|0x000000008b400000, 0x000000008b400000, 0x000000008b500000|  0%| F|  |TAMS 0x000000008b400000, 0x000000008b400000| Untracked 
| 181|0x000000008b500000, 0x000000008b500000, 0x000000008b600000|  0%| F|  |TAMS 0x000000008b500000, 0x000000008b500000| Untracked 
| 182|0x000000008b600000, 0x000000008b600000, 0x000000008b700000|  0%| F|  |TAMS 0x000000008b600000, 0x000000008b600000| Untracked 
| 183|0x000000008b700000, 0x000000008b700000, 0x000000008b800000|  0%| F|  |TAMS 0x000000008b700000, 0x000000008b700000| Untracked 
| 184|0x000000008b800000, 0x000000008b800000, 0x000000008b900000|  0%| F|  |TAMS 0x000000008b800000, 0x000000008b800000| Untracked 
| 185|0x000000008b900000, 0x000000008b900000, 0x000000008ba00000|  0%| F|  |TAMS 0x000000008b900000, 0x000000008b900000| Untracked 
| 186|0x000000008ba00000, 0x000000008ba00000, 0x000000008bb00000|  0%| F|  |TAMS 0x000000008ba00000, 0x000000008ba00000| Untracked 
| 187|0x000000008bb00000, 0x000000008bb00000, 0x000000008bc00000|  0%| F|  |TAMS 0x000000008bb00000, 0x000000008bb00000| Untracked 
| 188|0x000000008bc00000, 0x000000008bc00000, 0x000000008bd00000|  0%| F|  |TAMS 0x000000008bc00000, 0x000000008bc00000| Untracked 
| 189|0x000000008bd00000, 0x000000008bd00000, 0x000000008be00000|  0%| F|  |TAMS 0x000000008bd00000, 0x000000008bd00000| Untracked 
| 190|0x000000008be00000, 0x000000008be00000, 0x000000008bf00000|  0%| F|  |TAMS 0x000000008be00000, 0x000000008be00000| Untracked 
| 191|0x000000008bf00000, 0x000000008bf00000, 0x000000008c000000|  0%| F|  |TAMS 0x000000008bf00000, 0x000000008bf00000| Untracked 
| 192|0x000000008c000000, 0x000000008c000000, 0x000000008c100000|  0%| F|  |TAMS 0x000000008c000000, 0x000000008c000000| Untracked 
| 193|0x000000008c100000, 0x000000008c100000, 0x000000008c200000|  0%| F|  |TAMS 0x000000008c100000, 0x000000008c100000| Untracked 
| 194|0x000000008c200000, 0x000000008c200000, 0x000000008c300000|  0%| F|  |TAMS 0x000000008c200000, 0x000000008c200000| Untracked 
| 195|0x000000008c300000, 0x000000008c300000, 0x000000008c400000|  0%| F|  |TAMS 0x000000008c300000, 0x000000008c300000| Untracked 
| 196|0x000000008c400000, 0x000000008c400000, 0x000000008c500000|  0%| F|  |TAMS 0x000000008c400000, 0x000000008c400000| Untracked 
| 197|0x000000008c500000, 0x000000008c500000, 0x000000008c600000|  0%| F|  |TAMS 0x000000008c500000, 0x000000008c500000| Untracked 
| 198|0x000000008c600000, 0x000000008c600000, 0x000000008c700000|  0%| F|  |TAMS 0x000000008c600000, 0x000000008c600000| Untracked 
| 199|0x000000008c700000, 0x000000008c700000, 0x000000008c800000|  0%| F|  |TAMS 0x000000008c700000, 0x000000008c700000| Untracked 
| 200|0x000000008c800000, 0x000000008c800000, 0x000000008c900000|  0%| F|  |TAMS 0x000000008c800000, 0x000000008c800000| Untracked 
| 201|0x000000008c900000, 0x000000008c900000, 0x000000008ca00000|  0%| F|  |TAMS 0x000000008c900000, 0x000000008c900000| Untracked 
| 202|0x000000008ca00000, 0x000000008ca80d50, 0x000000008cb00000| 50%| S|CS|TAMS 0x000000008ca00000, 0x000000008ca00000| Complete 
| 203|0x000000008cb00000, 0x000000008cb00000, 0x000000008cc00000|  0%| F|  |TAMS 0x000000008cb00000, 0x000000008cb00000| Untracked 
| 204|0x000000008cc00000, 0x000000008cc00000, 0x000000008cd00000|  0%| F|  |TAMS 0x000000008cc00000, 0x000000008cc00000| Untracked 
| 205|0x000000008cd00000, 0x000000008cd00000, 0x000000008ce00000|  0%| F|  |TAMS 0x000000008cd00000, 0x000000008cd00000| Untracked 
| 206|0x000000008ce00000, 0x000000008ce00000, 0x000000008cf00000|  0%| F|  |TAMS 0x000000008ce00000, 0x000000008ce00000| Untracked 
| 207|0x000000008cf00000, 0x000000008cf00000, 0x000000008d000000|  0%| F|  |TAMS 0x000000008cf00000, 0x000000008cf00000| Untracked 
| 208|0x000000008d000000, 0x000000008d000000, 0x000000008d100000|  0%| F|  |TAMS 0x000000008d000000, 0x000000008d000000| Untracked 

Card table byte_map: [0x000002ae7e2d0000,0x000002ae7e6d0000] _byte_map_base: 0x000002ae7ded0000

Marking Bits (Prev, Next): (CMBitMap*) 0x000002ae7db3e420, (CMBitMap*) 0x000002ae7db3e3e0
 Prev Bits: [0x000002ae14400000, 0x000002ae16400000)
 Next Bits: [0x000002ae12400000, 0x000002ae14400000)

Polling page: 0x000002ae7ba00000

Metaspace:

Usage:
  Non-class:     67.75 MB used.
      Class:     10.73 MB used.
       Both:     78.49 MB used.

Virtual space:
  Non-class space:       72.00 MB reserved,      68.06 MB ( 95%) committed,  9 nodes.
      Class space:        1.00 GB reserved,      11.06 MB (  1%) committed,  1 nodes.
             Both:        1.07 GB reserved,      79.12 MB (  7%) committed. 

Chunk freelists:
   Non-Class:  3.81 MB
       Class:  905.00 KB
        Both:  4.70 MB

MaxMetaspaceSize: unlimited
CompressedClassSpaceSize: 1.00 GB
Initial GC threshold: 21.00 MB
Current GC threshold: 127.19 MB
CDS: off
MetaspaceReclaimPolicy: balanced
 - commit_granule_bytes: 65536.
 - commit_granule_words: 8192.
 - virtual_space_node_default_size: 1048576.
 - enlarge_chunks_in_place: 1.
 - new_chunks_are_fully_committed: 0.
 - uncommit_free_chunks: 1.
 - use_allocation_guard: 0.
 - handle_deallocations: 1.


Internal statistics:

num_allocs_failed_limit: 3.
num_arena_births: 826.
num_arena_deaths: 0.
num_vsnodes_births: 10.
num_vsnodes_deaths: 0.
num_space_committed: 1266.
num_space_uncommitted: 0.
num_chunks_returned_to_freelist: 3.
num_chunks_taken_from_freelist: 3742.
num_chunk_merges: 3.
num_chunk_splits: 2456.
num_chunks_enlarged: 1609.
num_purges: 0.
num_inconsistent_stats: 0.

CodeHeap 'non-profiled nmethods': size=120000Kb used=4786Kb max_used=4786Kb free=115213Kb
 bounds [0x000002ae0aed0000, 0x000002ae0b380000, 0x000002ae12400000]
CodeHeap 'profiled nmethods': size=120000Kb used=14756Kb max_used=14756Kb free=105243Kb
 bounds [0x000002ae03400000, 0x000002ae04270000, 0x000002ae0a930000]
CodeHeap 'non-nmethods': size=5760Kb used=2362Kb max_used=2469Kb free=3397Kb
 bounds [0x000002ae0a930000, 0x000002ae0aba0000, 0x000002ae0aed0000]
 total_blobs=8362 nmethods=7470 adapters=804
 compilation: enabled
              stopped_count=0, restarted_count=0
 full_count=0

Compilation events (20 events):
Event: 7.321 Thread 0x000002ae18c51870 8225       3       org.gradle.cache.internal.DefaultMultiProcessSafePersistentIndexedCache$$Lambda$316/0x000000010041a480::<init> (20 bytes)
Event: 7.321 Thread 0x000002ae18c51870 nmethod 8225 0x000002ae04265210 code [0x000002ae042653c0, 0x000002ae04265638]
Event: 7.321 Thread 0x000002ae18c51870 8226       3       org.gradle.cache.internal.DefaultMultiProcessSafePersistentIndexedCache$$Lambda$316/0x000000010041a480::run (16 bytes)
Event: 7.321 Thread 0x000002ae18c51870 nmethod 8226 0x000002ae04265710 code [0x000002ae042658c0, 0x000002ae04265a88]
Event: 7.321 Thread 0x000002ae18c51870 8227       3       org.gradle.cache.internal.DefaultMultiProcessSafePersistentIndexedCache::lambda$put$1 (7 bytes)
Event: 7.322 Thread 0x000002ae18c51870 nmethod 8227 0x000002ae04265b90 code [0x000002ae04265d40, 0x000002ae04265e68]
Event: 7.322 Thread 0x000002ae18c51870 8228       3       org.gradle.cache.internal.InMemoryDecoratedCache::putLater (24 bytes)
Event: 7.322 Thread 0x000002ae18c51870 nmethod 8228 0x000002ae04265f90 code [0x000002ae04266160, 0x000002ae042664b8]
Event: 7.322 Thread 0x000002ae18c51870 8229       3       java.io.FileInputStream$1::close (11 bytes)
Event: 7.322 Thread 0x000002ae18c51870 nmethod 8229 0x000002ae04266690 code [0x000002ae04266860, 0x000002ae04266d58]
Event: 7.322 Thread 0x000002ae18c51870 8230       1       org.jetbrains.plugins.gradle.tooling.util.ModuleComponentIdentifierImpl::getModuleIdentifier (5 bytes)
Event: 7.322 Thread 0x000002ae18c51870 nmethod 8230 0x000002ae0b37c790 code [0x000002ae0b37c920, 0x000002ae0b37c9f8]
Event: 7.322 Thread 0x000002ae18c51870 8231       3       org.gradle.internal.file.impl.SingleDepthFileAccessTracker::markAccessed (79 bytes)
Event: 7.322 Thread 0x000002ae18c51870 nmethod 8231 0x000002ae04266f90 code [0x000002ae042671c0, 0x000002ae04267918]
Event: 7.322 Thread 0x000002ae18c51870 8232       3       sun.nio.fs.WindowsPath::subpath (7 bytes)
Event: 7.322 Thread 0x000002ae18c51870 nmethod 8232 0x000002ae04267b10 code [0x000002ae04267ca0, 0x000002ae04267e48]
Event: 7.322 Thread 0x000002ae18c51870 8233   !   3       org.gradle.cache.internal.AsyncCacheAccessDecoratedCache::putLater (33 bytes)
Event: 7.323 Thread 0x000002ae18c51870 nmethod 8233 0x000002ae04267f10 code [0x000002ae04268140, 0x000002ae04268a48]
Event: 7.323 Thread 0x000002ae18c51870 8234       3       org.gradle.cache.internal.AsyncCacheAccessDecoratedCache$$Lambda$301/0x0000000100418248::<init> (26 bytes)
Event: 7.323 Thread 0x000002ae18c51870 nmethod 8234 0x000002ae04268e10 code [0x000002ae04268fc0, 0x000002ae04269298]

GC Heap History (20 events):
Event: 5.339 GC heap after
{Heap after GC invocations=27 (full 0):
 garbage-first heap   total 168960K, used 85607K [0x0000000080000000, 0x0000000100000000)
  region size 1024K, 8 young (8192K), 8 survivors (8192K)
 Metaspace       used 60689K, committed 61248K, reserved 1105920K
  class space    used 8067K, committed 8320K, reserved 1048576K
}
Event: 5.608 GC heap before
{Heap before GC invocations=27 (full 0):
 garbage-first heap   total 168960K, used 106087K [0x0000000080000000, 0x0000000100000000)
  region size 1024K, 29 young (29696K), 8 survivors (8192K)
 Metaspace       used 64841K, committed 65536K, reserved 1105920K
  class space    used 8628K, committed 8960K, reserved 1048576K
}
Event: 5.612 GC heap after
{Heap after GC invocations=28 (full 0):
 garbage-first heap   total 168960K, used 88684K [0x0000000080000000, 0x0000000100000000)
  region size 1024K, 3 young (3072K), 3 survivors (3072K)
 Metaspace       used 64841K, committed 65536K, reserved 1105920K
  class space    used 8628K, committed 8960K, reserved 1048576K
}
Event: 5.980 GC heap before
{Heap before GC invocations=29 (full 0):
 garbage-first heap   total 179200K, used 139884K [0x0000000080000000, 0x0000000100000000)
  region size 1024K, 47 young (48128K), 3 survivors (3072K)
 Metaspace       used 68193K, committed 68928K, reserved 1114112K
  class space    used 9066K, committed 9408K, reserved 1048576K
}
Event: 5.984 GC heap after
{Heap after GC invocations=30 (full 0):
 garbage-first heap   total 179200K, used 92158K [0x0000000080000000, 0x0000000100000000)
  region size 1024K, 6 young (6144K), 6 survivors (6144K)
 Metaspace       used 68193K, committed 68928K, reserved 1114112K
  class space    used 9066K, committed 9408K, reserved 1048576K
}
Event: 5.998 GC heap before
{Heap before GC invocations=30 (full 0):
 garbage-first heap   total 179200K, used 94206K [0x0000000080000000, 0x0000000100000000)
  region size 1024K, 8 young (8192K), 6 survivors (6144K)
 Metaspace       used 68343K, committed 69056K, reserved 1114112K
  class space    used 9083K, committed 9408K, reserved 1048576K
}
Event: 6.002 GC heap after
{Heap after GC invocations=31 (full 0):
 garbage-first heap   total 179200K, used 92242K [0x0000000080000000, 0x0000000100000000)
  region size 1024K, 1 young (1024K), 1 survivors (1024K)
 Metaspace       used 68343K, committed 69056K, reserved 1114112K
  class space    used 9083K, committed 9408K, reserved 1048576K
}
Event: 6.297 GC heap before
{Heap before GC invocations=31 (full 0):
 garbage-first heap   total 179200K, used 140370K [0x0000000080000000, 0x0000000100000000)
  region size 1024K, 48 young (49152K), 1 survivors (1024K)
 Metaspace       used 70260K, committed 70848K, reserved 1114112K
  class space    used 9368K, committed 9664K, reserved 1048576K
}
Event: 6.300 GC heap after
{Heap after GC invocations=32 (full 0):
 garbage-first heap   total 179200K, used 95260K [0x0000000080000000, 0x0000000100000000)
  region size 1024K, 4 young (4096K), 4 survivors (4096K)
 Metaspace       used 70260K, committed 70848K, reserved 1114112K
  class space    used 9368K, committed 9664K, reserved 1048576K
}
Event: 6.780 GC heap before
{Heap before GC invocations=33 (full 0):
 garbage-first heap   total 179200K, used 143388K [0x0000000080000000, 0x0000000100000000)
  region size 1024K, 50 young (51200K), 4 survivors (4096K)
 Metaspace       used 75599K, committed 76288K, reserved 1122304K
  class space    used 10288K, committed 10624K, reserved 1048576K
}
Event: 6.785 GC heap after
{Heap after GC invocations=34 (full 0):
 garbage-first heap   total 179200K, used 98123K [0x0000000080000000, 0x0000000100000000)
  region size 1024K, 3 young (3072K), 3 survivors (3072K)
 Metaspace       used 75599K, committed 76288K, reserved 1122304K
  class space    used 10288K, committed 10624K, reserved 1048576K
}
Event: 6.852 GC heap before
{Heap before GC invocations=34 (full 0):
 garbage-first heap   total 179200K, used 103243K [0x0000000080000000, 0x0000000100000000)
  region size 1024K, 8 young (8192K), 3 survivors (3072K)
 Metaspace       used 76059K, committed 76736K, reserved 1122304K
  class space    used 10351K, committed 10688K, reserved 1048576K
}
Event: 6.856 GC heap after
{Heap after GC invocations=35 (full 0):
 garbage-first heap   total 179200K, used 98695K [0x0000000080000000, 0x0000000100000000)
  region size 1024K, 1 young (1024K), 1 survivors (1024K)
 Metaspace       used 76059K, committed 76736K, reserved 1122304K
  class space    used 10351K, committed 10688K, reserved 1048576K
}
Event: 6.972 GC heap before
{Heap before GC invocations=35 (full 0):
 garbage-first heap   total 179200K, used 107911K [0x0000000080000000, 0x0000000100000000)
  region size 1024K, 9 young (9216K), 1 survivors (1024K)
 Metaspace       used 77292K, committed 77952K, reserved 1122304K
  class space    used 10515K, committed 10816K, reserved 1048576K
}
Event: 6.974 GC heap after
{Heap after GC invocations=36 (full 0):
 garbage-first heap   total 179200K, used 101259K [0x0000000080000000, 0x0000000100000000)
  region size 1024K, 2 young (2048K), 2 survivors (2048K)
 Metaspace       used 77292K, committed 77952K, reserved 1122304K
  class space    used 10515K, committed 10816K, reserved 1048576K
}
Event: 6.979 GC heap before
{Heap before GC invocations=36 (full 0):
 garbage-first heap   total 179200K, used 104331K [0x0000000080000000, 0x0000000100000000)
  region size 1024K, 3 young (3072K), 2 survivors (2048K)
 Metaspace       used 77292K, committed 77952K, reserved 1122304K
  class space    used 10515K, committed 10816K, reserved 1048576K
}
Event: 6.981 GC heap after
{Heap after GC invocations=37 (full 0):
 garbage-first heap   total 179200K, used 105051K [0x0000000080000000, 0x0000000100000000)
  region size 1024K, 3 young (3072K), 3 survivors (3072K)
 Metaspace       used 77292K, committed 77952K, reserved 1122304K
  class space    used 10515K, committed 10816K, reserved 1048576K
}
Event: 7.266 GC heap before
{Heap before GC invocations=38 (full 0):
 garbage-first heap   total 214016K, used 147035K [0x0000000080000000, 0x0000000100000000)
  region size 1024K, 28 young (28672K), 3 survivors (3072K)
 Metaspace       used 80306K, committed 81024K, reserved 1122304K
  class space    used 10992K, committed 11328K, reserved 1048576K
}
Event: 7.270 GC heap after
{Heap after GC invocations=39 (full 0):
 garbage-first heap   total 214016K, used 126923K [0x0000000080000000, 0x0000000100000000)
  region size 1024K, 4 young (4096K), 4 survivors (4096K)
 Metaspace       used 80306K, committed 81024K, reserved 1122304K
  class space    used 10992K, committed 11328K, reserved 1048576K
}
Event: 7.323 GC heap before
{Heap before GC invocations=39 (full 0):
 garbage-first heap   total 214016K, used 133067K [0x0000000080000000, 0x0000000100000000)
  region size 1024K, 10 young (10240K), 4 survivors (4096K)
 Metaspace       used 80368K, committed 81024K, reserved 1122304K
  class space    used 10992K, committed 11328K, reserved 1048576K
}

Dll operation events (2 events):
Event: 0.006 Loaded shared library C:\Program Files\Android\Android Studio\jbr\bin\java.dll
Event: 0.349 Loaded shared library C:\Program Files\Android\Android Studio\jbr\bin\verify.dll

Deoptimization events (20 events):
Event: 7.131 Thread 0x000002ae1fe5ec80 Uncommon trap: trap_request=0xffffff45 fr.pc=0x000002ae0b10652c relative=0x000000000000066c
Event: 7.131 Thread 0x000002ae1fe5ec80 Uncommon trap: reason=unstable_if action=reinterpret pc=0x000002ae0b10652c method=java.util.HashMap$HashIterator.<init>(Ljava/util/HashMap;)V @ 45 c2
Event: 7.131 Thread 0x000002ae1fe5ec80 DEOPT PACKING pc=0x000002ae0b10652c sp=0x000000b9b0cfeb00
Event: 7.131 Thread 0x000002ae1fe5ec80 DEOPT UNPACKING pc=0x000002ae0a9869a3 sp=0x000000b9b0cfe988 mode 2
Event: 7.140 Thread 0x000002ae1fe60490 Uncommon trap: trap_request=0xffffffde fr.pc=0x000002ae0b0076c8 relative=0x0000000000000b68
Event: 7.140 Thread 0x000002ae1fe60490 Uncommon trap: reason=class_check action=maybe_recompile pc=0x000002ae0b0076c8 method=java.util.Collections$SetFromMap.remove(Ljava/lang/Object;)Z @ 5 c2
Event: 7.140 Thread 0x000002ae1fe60490 DEOPT PACKING pc=0x000002ae0b0076c8 sp=0x000000b9b07fe860
Event: 7.140 Thread 0x000002ae1fe60490 DEOPT UNPACKING pc=0x000002ae0a9869a3 sp=0x000000b9b07fe858 mode 2
Event: 7.158 Thread 0x000002ae1fe5e2e0 Uncommon trap: trap_request=0xffffffde fr.pc=0x000002ae0b0d53a8 relative=0x0000000000000288
Event: 7.158 Thread 0x000002ae1fe5e2e0 Uncommon trap: reason=class_check action=maybe_recompile pc=0x000002ae0b0d53a8 method=java.util.stream.StreamOpFlag.fromCharacteristics(Ljava/util/Spliterator;)I @ 14 c2
Event: 7.158 Thread 0x000002ae1fe5e2e0 DEOPT PACKING pc=0x000002ae0b0d53a8 sp=0x000000b9b05fd740
Event: 7.158 Thread 0x000002ae1fe5e2e0 DEOPT UNPACKING pc=0x000002ae0a9869a3 sp=0x000000b9b05fd628 mode 2
Event: 7.160 Thread 0x000002ae1fe5e2e0 DEOPT PACKING pc=0x000002ae03f61534 sp=0x000000b9b05fda10
Event: 7.160 Thread 0x000002ae1fe5e2e0 DEOPT UNPACKING pc=0x000002ae0a987143 sp=0x000000b9b05fced0 mode 0
Event: 7.164 Thread 0x000002ae1fe5e2e0 DEOPT PACKING pc=0x000002ae0344d0e4 sp=0x000000b9b05fd940
Event: 7.164 Thread 0x000002ae1fe5e2e0 DEOPT UNPACKING pc=0x000002ae0a987143 sp=0x000000b9b05fce00 mode 0
Event: 7.165 Thread 0x000002ae1fe5e2e0 Uncommon trap: trap_request=0xffffffde fr.pc=0x000002ae0b0076c8 relative=0x0000000000000b68
Event: 7.165 Thread 0x000002ae1fe5e2e0 Uncommon trap: reason=class_check action=maybe_recompile pc=0x000002ae0b0076c8 method=java.util.Collections$SetFromMap.remove(Ljava/lang/Object;)Z @ 5 c2
Event: 7.165 Thread 0x000002ae1fe5e2e0 DEOPT PACKING pc=0x000002ae0b0076c8 sp=0x000000b9b05fddc0
Event: 7.165 Thread 0x000002ae1fe5e2e0 DEOPT UNPACKING pc=0x000002ae0a9869a3 sp=0x000000b9b05fddb8 mode 2

Classes unloaded (0 events):
No events

Classes redefined (0 events):
No events

Internal exceptions (20 events):
Event: 7.162 Thread 0x000002ae1b7c95b0 Exception <a 'java/lang/NoSuchMethodError'{0x000000008c401208}: static Lorg/gradle/internal/build/event/types/DefaultTaskDescriptor;.<clinit>()V> (0x000000008c401208) 
thrown [s\src\hotspot\share\prims\jni.cpp, line 1108]
Event: 7.163 Thread 0x000002ae1b7c95b0 Exception <a 'java/lang/NoSuchMethodError'{0x000000008c40df30}: static Lorg/gradle/internal/operations/OperationIdentifier;.<clinit>()V> (0x000000008c40df30) 
thrown [s\src\hotspot\share\prims\jni.cpp, line 1108]
Event: 7.165 Thread 0x000002ae1b7c95b0 Exception <a 'java/lang/NoSuchMethodError'{0x000000008c4183b0}: static Lorg/gradle/internal/build/event/types/DefaultTaskFinishedProgressEvent;.<clinit>()V> (0x000000008c4183b0) 
thrown [s\src\hotspot\share\prims\jni.cpp, line 1108]
Event: 7.167 Thread 0x000002ae1b7c95b0 Exception <a 'java/lang/NoSuchMethodError'{0x000000008c456388}: static Lorg/gradle/internal/build/event/types/DefaultTaskSuccessResult;.<clinit>()V> (0x000000008c456388) 
thrown [s\src\hotspot\share\prims\jni.cpp, line 1108]
Event: 7.167 Thread 0x000002ae1b7c95b0 Exception <a 'java/lang/NoSuchMethodError'{0x000000008c457a90}: static Lorg/gradle/internal/build/event/types/AbstractTaskResult;.<clinit>()V> (0x000000008c457a90) 
thrown [s\src\hotspot\share\prims\jni.cpp, line 1108]
Event: 7.167 Thread 0x000002ae1b7c95b0 Exception <a 'java/lang/NoSuchMethodError'{0x000000008c459888}: static Lorg/gradle/internal/build/event/types/AbstractResult;.<clinit>()V> (0x000000008c459888) 
thrown [s\src\hotspot\share\prims\jni.cpp, line 1108]
Event: 7.223 Thread 0x000002ae1b4088c0 Exception <a 'java/lang/ClassNotFoundException'{0x000000008c1ba4e0}: org/jetbrains/plugins/gradle/tooling/util/SourceSetCachedFinder$1BeanInfo> (0x000000008c1ba4e0) 
thrown [s\src\hotspot\share\classfile\systemDictionary.cpp, line 256]
Event: 7.223 Thread 0x000002ae1b4088c0 Exception <a 'java/lang/ClassNotFoundException'{0x000000008c1c29e8}: org/jetbrains/plugins/gradle/tooling/util/SourceSetCachedFinder$1Customizer> (0x000000008c1c29e8) 
thrown [s\src\hotspot\share\classfile\systemDictionary.cpp, line 256]
Event: 7.225 Thread 0x000002ae1b4088c0 Exception <a 'java/lang/ClassNotFoundException'{0x000000008c06a308}: org/jetbrains/plugins/gradle/tooling/util/SourceSetCachedFinder$2BeanInfo> (0x000000008c06a308) 
thrown [s\src\hotspot\share\classfile\systemDictionary.cpp, line 256]
Event: 7.225 Thread 0x000002ae1b4088c0 Exception <a 'java/lang/ClassNotFoundException'{0x000000008c072810}: org/jetbrains/plugins/gradle/tooling/util/SourceSetCachedFinder$2Customizer> (0x000000008c072810) 
thrown [s\src\hotspot\share\classfile\systemDictionary.cpp, line 256]
Event: 7.227 Thread 0x000002ae1b4088c0 Exception <a 'java/lang/ClassNotFoundException'{0x000000008c09ff20}: org/jetbrains/plugins/gradle/tooling/util/SourceSetCachedFinderBeanInfo> (0x000000008c09ff20) 
thrown [s\src\hotspot\share\classfile\systemDictionary.cpp, line 256]
Event: 7.227 Thread 0x000002ae1b4088c0 Exception <a 'java/lang/ClassNotFoundException'{0x000000008c0a8410}: org/jetbrains/plugins/gradle/tooling/util/SourceSetCachedFinderCustomizer> (0x000000008c0a8410) 
thrown [s\src\hotspot\share\classfile\systemDictionary.cpp, line 256]
Event: 7.229 Thread 0x000002ae1b4088c0 Exception <a 'java/lang/ClassNotFoundException'{0x000000008bf27f58}: org/jetbrains/plugins/gradle/tooling/util/SourceSetCachedFinder$ArtifactsMapBeanInfo> (0x000000008bf27f58) 
thrown [s\src\hotspot\share\classfile\systemDictionary.cpp, line 256]
Event: 7.230 Thread 0x000002ae1b4088c0 Exception <a 'java/lang/ClassNotFoundException'{0x000000008bf30520}: org/jetbrains/plugins/gradle/tooling/util/SourceSetCachedFinder$ArtifactsMapCustomizer> (0x000000008bf30520) 
thrown [s\src\hotspot\share\classfile\systemDictionary.cpp, line 256]
Event: 7.239 Thread 0x000002ae1fe5ffc0 Exception <a 'java/lang/NoSuchMethodError'{0x000000008beb02e8}: static Lorg/jetbrains/kotlin/android/synthetic/idea/AndroidExtensionsGradleModelImpl;.<clinit>()V> (0x000000008beb02e8) 
thrown [s\src\hotspot\share\prims\jni.cpp, line 1108]
Event: 7.239 Thread 0x000002ae1fe5ffc0 Exception <a 'java/lang/NoSuchMethodError'{0x000000008beb8b30}: static Lorg/jetbrains/kotlin/idea/gradleTooling/model/parcelize/ParcelizeGradleModelImpl;.<clinit>()V> (0x000000008beb8b30) 
thrown [s\src\hotspot\share\prims\jni.cpp, line 1108]
Event: 7.240 Thread 0x000002ae1fe5ffc0 Exception <a 'java/lang/NoSuchMethodError'{0x000000008bec0960}: static Lorg/jetbrains/kotlin/idea/gradleTooling/model/assignment/AssignmentModelImpl;.<clinit>()V> (0x000000008bec0960) 
thrown [s\src\hotspot\share\prims\jni.cpp, line 1108]
Event: 7.241 Thread 0x000002ae1fe5ffc0 Exception <a 'java/lang/NoSuchMethodError'{0x000000008bece4f0}: static Lorg/jetbrains/kotlin/idea/gradleTooling/model/samWithReceiver/SamWithReceiverModelImpl;.<clinit>()V> (0x000000008bece4f0) 
thrown [s\src\hotspot\share\prims\jni.cpp, line 1108]
Event: 7.241 Thread 0x000002ae1fe5ffc0 Exception <a 'java/lang/NoSuchMethodError'{0x000000008bed6ce0}: static Lorg/jetbrains/kotlin/idea/gradleTooling/model/noarg/NoArgModelImpl;.<clinit>()V> (0x000000008bed6ce0) 
thrown [s\src\hotspot\share\prims\jni.cpp, line 1108]
Event: 7.241 Thread 0x000002ae1fe5ffc0 Exception <a 'java/lang/NoSuchMethodError'{0x000000008bedf488}: static Lorg/jetbrains/kotlin/idea/gradleTooling/model/allopen/AllOpenModelImpl;.<clinit>()V> (0x000000008bedf488) 
thrown [s\src\hotspot\share\prims\jni.cpp, line 1108]

VM Operations (20 events):
Event: 6.981 Executing VM operation: G1TryInitiateConcMark done
Event: 7.028 Executing VM operation: G1Concurrent
Event: 7.031 Executing VM operation: G1Concurrent done
Event: 7.055 Executing VM operation: G1Concurrent
Event: 7.055 Executing VM operation: G1Concurrent done
Event: 7.153 Executing VM operation: HandshakeAllThreads
Event: 7.153 Executing VM operation: HandshakeAllThreads done
Event: 7.154 Executing VM operation: HandshakeAllThreads
Event: 7.154 Executing VM operation: HandshakeAllThreads done
Event: 7.160 Executing VM operation: HandshakeAllThreads
Event: 7.160 Executing VM operation: HandshakeAllThreads done
Event: 7.163 Executing VM operation: HandshakeAllThreads
Event: 7.163 Executing VM operation: HandshakeAllThreads done
Event: 7.252 Executing VM operation: HandshakeAllThreads
Event: 7.252 Executing VM operation: HandshakeAllThreads done
Event: 7.253 Executing VM operation: HandshakeAllThreads
Event: 7.253 Executing VM operation: HandshakeAllThreads done
Event: 7.266 Executing VM operation: G1CollectForAllocation
Event: 7.270 Executing VM operation: G1CollectForAllocation done
Event: 7.323 Executing VM operation: G1CollectForAllocation

Events (20 events):
Event: 7.086 loading class java/util/IdentityHashMap$IdentityHashMapIterator done
Event: 7.086 loading class java/util/IdentityHashMap$KeyIterator done
Event: 7.124 Thread 0x000002ae1fe5e2e0 Thread added: 0x000002ae1fe5e2e0
Event: 7.128 Thread 0x000002ae1fe5faf0 Thread added: 0x000002ae1fe5faf0
Event: 7.128 Thread 0x000002ae1fe60490 Thread added: 0x000002ae1fe60490
Event: 7.128 Thread 0x000002ae1fe62640 Thread added: 0x000002ae1fe62640
Event: 7.128 Thread 0x000002ae1fe647f0 Thread added: 0x000002ae1fe647f0
Event: 7.128 Thread 0x000002ae1fe65190 Thread added: 0x000002ae1fe65190
Event: 7.128 Thread 0x000002ae1fe5f150 Thread added: 0x000002ae1fe5f150
Event: 7.128 Thread 0x000002ae1fe5ec80 Thread added: 0x000002ae1fe5ec80
Event: 7.143 Thread 0x000002ae1fe5f620 Thread added: 0x000002ae1fe5f620
Event: 7.158 loading class java/util/TreeMap$KeySpliterator
Event: 7.158 loading class java/util/TreeMap$TreeMapSpliterator
Event: 7.158 loading class java/util/TreeMap$TreeMapSpliterator done
Event: 7.158 loading class java/util/TreeMap$KeySpliterator done
Event: 7.167 loading class java/util/concurrent/ConcurrentLinkedQueue$Itr
Event: 7.167 loading class java/util/concurrent/ConcurrentLinkedQueue$Itr done
Event: 7.198 Thread 0x000002ae1fe5ffc0 Thread added: 0x000002ae1fe5ffc0
Event: 7.213 loading class java/io/PushbackInputStream
Event: 7.214 loading class java/io/PushbackInputStream done


Dynamic libraries:
0x00007ff70c0b0000 - 0x00007ff70c0ba000 	C:\Program Files\Android\Android Studio\jbr\bin\java.exe
0x00007ffa2d790000 - 0x00007ffa2d9a7000 	C:\WINDOWS\SYSTEM32\ntdll.dll
0x00007ffa2c990000 - 0x00007ffa2ca54000 	C:\WINDOWS\System32\KERNEL32.DLL
0x00007ffa2ade0000 - 0x00007ffa2b18d000 	C:\WINDOWS\System32\KERNELBASE.dll
0x00007ffa2acc0000 - 0x00007ffa2add1000 	C:\WINDOWS\System32\ucrtbase.dll
0x00007ff9cb6b0000 - 0x00007ff9cb6c7000 	C:\Program Files\Android\Android Studio\jbr\bin\jli.dll
0x00007ffa264e0000 - 0x00007ffa264fb000 	C:\Program Files\Android\Android Studio\jbr\bin\VCRUNTIME140.dll
0x00007ffa2d2c0000 - 0x00007ffa2d46e000 	C:\WINDOWS\System32\USER32.dll
0x00007ffa2b200000 - 0x00007ffa2b226000 	C:\WINDOWS\System32\win32u.dll
0x00007ffa19e20000 - 0x00007ffa1a0b3000 	C:\WINDOWS\WinSxS\amd64_microsoft.windows.common-controls_6595b64144ccf1df_6.0.22621.3672_none_2713b9d173822955\COMCTL32.dll
0x00007ffa2d210000 - 0x00007ffa2d2b7000 	C:\WINDOWS\System32\msvcrt.dll
0x00007ffa2b6f0000 - 0x00007ffa2b719000 	C:\WINDOWS\System32\GDI32.dll
0x00007ffa2b3a0000 - 0x00007ffa2b4b9000 	C:\WINDOWS\System32\gdi32full.dll
0x00007ffa2aab0000 - 0x00007ffa2ab4a000 	C:\WINDOWS\System32\msvcp_win.dll
0x00007ffa2b720000 - 0x00007ffa2b751000 	C:\WINDOWS\System32\IMM32.DLL
0x00007ffa264d0000 - 0x00007ffa264dc000 	C:\Program Files\Android\Android Studio\jbr\bin\vcruntime140_1.dll
0x00007ffa1a5b0000 - 0x00007ffa1a63d000 	C:\Program Files\Android\Android Studio\jbr\bin\msvcp140.dll
0x00007ff9cb9a0000 - 0x00007ff9cc60e000 	C:\Program Files\Android\Android Studio\jbr\bin\server\jvm.dll
0x00007ffa2d630000 - 0x00007ffa2d6e2000 	C:\WINDOWS\System32\ADVAPI32.dll
0x00007ffa2c770000 - 0x00007ffa2c819000 	C:\WINDOWS\System32\sechost.dll
0x00007ffa2ac90000 - 0x00007ffa2acb8000 	C:\WINDOWS\System32\bcrypt.dll
0x00007ffa2ccf0000 - 0x00007ffa2ce04000 	C:\WINDOWS\System32\RPCRT4.dll
0x00007ffa084f0000 - 0x00007ffa084f9000 	C:\WINDOWS\SYSTEM32\WSOCK32.dll
0x00007ffa23e60000 - 0x00007ffa23e6a000 	C:\WINDOWS\SYSTEM32\VERSION.dll
0x00007ffa20890000 - 0x00007ffa208c4000 	C:\WINDOWS\SYSTEM32\WINMM.dll
0x00007ffa2cc10000 - 0x00007ffa2cc81000 	C:\WINDOWS\System32\WS2_32.dll
0x00007ffa29bb0000 - 0x00007ffa29bc8000 	C:\WINDOWS\SYSTEM32\kernel.appcore.dll
0x00007ffa0afb0000 - 0x00007ffa0afba000 	C:\Program Files\Android\Android Studio\jbr\bin\jimage.dll
0x00007ffa28610000 - 0x00007ffa28842000 	C:\WINDOWS\SYSTEM32\DBGHELP.DLL
0x00007ffa2ce20000 - 0x00007ffa2d1ae000 	C:\WINDOWS\System32\combase.dll
0x00007ffa2c560000 - 0x00007ffa2c637000 	C:\WINDOWS\System32\OLEAUT32.dll
0x00007ff9fead0000 - 0x00007ff9feb02000 	C:\WINDOWS\SYSTEM32\dbgcore.DLL
0x00007ffa2ac10000 - 0x00007ffa2ac8b000 	C:\WINDOWS\System32\bcryptPrimitives.dll
0x00007ffa0af80000 - 0x00007ffa0afa5000 	C:\Program Files\Android\Android Studio\jbr\bin\java.dll
0x00007ff9d8190000 - 0x00007ff9d81a8000 	C:\Program Files\Android\Android Studio\jbr\bin\zip.dll
0x00007ffa2bcf0000 - 0x00007ffa2c557000 	C:\WINDOWS\System32\SHELL32.dll
0x00007ffa289b0000 - 0x00007ffa292af000 	C:\WINDOWS\SYSTEM32\windows.storage.dll
0x00007ffa28870000 - 0x00007ffa289af000 	C:\WINDOWS\SYSTEM32\wintypes.dll
0x00007ffa2c650000 - 0x00007ffa2c749000 	C:\WINDOWS\System32\SHCORE.dll
0x00007ffa2d1b0000 - 0x00007ffa2d20e000 	C:\WINDOWS\System32\shlwapi.dll
0x00007ffa2a9e0000 - 0x00007ffa2aa07000 	C:\WINDOWS\SYSTEM32\profapi.dll
0x00007ff9d8170000 - 0x00007ff9d8189000 	C:\Program Files\Android\Android Studio\jbr\bin\net.dll
0x00007ffa26520000 - 0x00007ffa26656000 	C:\WINDOWS\SYSTEM32\WINHTTP.dll
0x00007ffa2a020000 - 0x00007ffa2a089000 	C:\WINDOWS\system32\mswsock.dll
0x00007ff9cb980000 - 0x00007ff9cb996000 	C:\Program Files\Android\Android Studio\jbr\bin\nio.dll
0x00007ffa007e0000 - 0x00007ffa007f0000 	C:\Program Files\Android\Android Studio\jbr\bin\verify.dll
0x00007ffa25a30000 - 0x00007ffa25a57000 	C:\Users\scher\.gradle\native\68d5fa5c4cc2d200863cafc0d521ce42e7d3e7ee720ec0a83991735586a16f82\windows-amd64\native-platform.dll
0x00007ffa15b40000 - 0x00007ffa15c84000 	C:\Users\scher\.gradle\native\e376f236ea51e6404a007f0833ffe2c6e607c4080706a723a18a27aeea778392\windows-amd64\native-platform-file-events.dll
0x00007ffa005f0000 - 0x00007ffa005f9000 	C:\Program Files\Android\Android Studio\jbr\bin\management.dll
0x00007ff9fed60000 - 0x00007ff9fed6b000 	C:\Program Files\Android\Android Studio\jbr\bin\management_ext.dll
0x00007ffa2c820000 - 0x00007ffa2c828000 	C:\WINDOWS\System32\PSAPI.DLL
0x00007ffa2a250000 - 0x00007ffa2a26b000 	C:\WINDOWS\SYSTEM32\CRYPTSP.dll
0x00007ffa29b10000 - 0x00007ffa29b45000 	C:\WINDOWS\system32\rsaenh.dll
0x00007ffa2a0e0000 - 0x00007ffa2a108000 	C:\WINDOWS\SYSTEM32\USERENV.dll
0x00007ffa2a240000 - 0x00007ffa2a24c000 	C:\WINDOWS\SYSTEM32\CRYPTBASE.dll
0x00007ffa29550000 - 0x00007ffa2957d000 	C:\WINDOWS\SYSTEM32\IPHLPAPI.DLL
0x00007ffa2c640000 - 0x00007ffa2c649000 	C:\WINDOWS\System32\NSI.dll
0x00007ffa26500000 - 0x00007ffa26519000 	C:\WINDOWS\SYSTEM32\dhcpcsvc6.DLL
0x00007ffa26440000 - 0x00007ffa2645f000 	C:\WINDOWS\SYSTEM32\dhcpcsvc.DLL
0x00007ffa295d0000 - 0x00007ffa296c8000 	C:\WINDOWS\SYSTEM32\DNSAPI.dll
0x00007ff9f7ae0000 - 0x00007ff9f7ae8000 	C:\WINDOWS\system32\wshunix.dll

dbghelp: loaded successfully - version: 4.0.5 - missing functions: none
symbol engine: initialized successfully - sym options: 0x614 - pdb path: .;C:\Program Files\Android\Android Studio\jbr\bin;C:\WINDOWS\SYSTEM32;C:\WINDOWS\WinSxS\amd64_microsoft.windows.common-controls_6595b64144ccf1df_6.0.22621.3672_none_2713b9d173822955;C:\Program Files\Android\Android Studio\jbr\bin\server;C:\Users\scher\.gradle\native\68d5fa5c4cc2d200863cafc0d521ce42e7d3e7ee720ec0a83991735586a16f82\windows-amd64;C:\Users\scher\.gradle\native\e376f236ea51e6404a007f0833ffe2c6e607c4080706a723a18a27aeea778392\windows-amd64

VM Arguments:
jvm_args: --add-opens=java.base/java.util=ALL-UNNAMED --add-opens=java.base/java.lang=ALL-UNNAMED --add-opens=java.base/java.lang.invoke=ALL-UNNAMED --add-opens=java.prefs/java.util.prefs=ALL-UNNAMED --add-opens=java.base/java.nio.charset=ALL-UNNAMED --add-opens=java.base/java.net=ALL-UNNAMED --add-opens=java.base/java.util.concurrent.atomic=ALL-UNNAMED -Xmx2048m -Dfile.encoding=UTF-8 -Duser.country=BR -Duser.language=pt -Duser.variant 
java_command: org.gradle.launcher.daemon.bootstrap.GradleDaemon 8.0
java_class_path (initial): C:\Users\scher\.gradle\wrapper\dists\gradle-8.0-bin\ca5e32bp14vu59qr306oxotwh\gradle-8.0\lib\gradle-launcher-8.0.jar
Launcher Type: SUN_STANDARD

[Global flags]
     intx CICompilerCount                          = 4                                         {product} {ergonomic}
     uint ConcGCThreads                            = 2                                         {product} {ergonomic}
     uint G1ConcRefinementThreads                  = 8                                         {product} {ergonomic}
   size_t G1HeapRegionSize                         = 1048576                                   {product} {ergonomic}
    uintx GCDrainStackTargetSize                   = 64                                        {product} {ergonomic}
   size_t InitialHeapSize                          = 134217728                                 {product} {ergonomic}
   size_t MarkStackSize                            = 4194304                                   {product} {ergonomic}
   size_t MaxHeapSize                              = 2147483648                                {product} {command line}
   size_t MaxNewSize                               = 1287651328                                {product} {ergonomic}
   size_t MinHeapDeltaBytes                        = 1048576                                   {product} {ergonomic}
   size_t MinHeapSize                              = 8388608                                   {product} {ergonomic}
    uintx NonNMethodCodeHeapSize                   = 5839372                                {pd product} {ergonomic}
    uintx NonProfiledCodeHeapSize                  = 122909434                              {pd product} {ergonomic}
    uintx ProfiledCodeHeapSize                     = 122909434                              {pd product} {ergonomic}
    uintx ReservedCodeCacheSize                    = 251658240                              {pd product} {ergonomic}
     bool SegmentedCodeCache                       = true                                      {product} {ergonomic}
   size_t SoftMaxHeapSize                          = 2147483648                             {manageable} {ergonomic}
     bool UseCompressedClassPointers               = true                           {product lp64_product} {ergonomic}
     bool UseCompressedOops                        = true                           {product lp64_product} {ergonomic}
     bool UseG1GC                                  = true                                      {product} {ergonomic}
     bool UseLargePagesIndividualAllocation        = false                                  {pd product} {ergonomic}

Logging:
Log output configuration:
 #0: stdout all=warning uptime,level,tags
 #1: stderr all=off uptime,level,tags

Environment Variables:
PATH=C:\Program Files\Common Files\Oracle\Java\javapath;C:\Program Files (x86)\Embarcadero\Studio\22.0\bin;C:\Users\Public\Documents\Embarcadero\Studio\22.0\Bpl;C:\Program Files (x86)\Embarcadero\Studio\22.0\bin64;C:\Users\Public\Documents\Embarcadero\Studio\22.0\Bpl\Win64;C:\Program Files (x86)\Embarcadero\Studio\21.0\bin;C:\Users\Public\Documents\Embarcadero\Studio\21.0\Bpl;C:\Program Files (x86)\Embarcadero\Studio\21.0\bin64;C:\Users\Public\Documents\Embarcadero\Studio\21.0\Bpl\Win64;C:\Windows\system32;C:\Windows;C:\Windows\System32\Wbem;C:\Windows\System32\WindowsPowerShell\v1.0\;C:\Windows\System32\OpenSSH\;C:\Program Files (x86)\NVIDIA Corporation\PhysX\Common;C:\Program Files\NVIDIA Corporation\NVIDIA NvDLISR;C:\WINDOWS\system32;C:\WINDOWS;C:\WINDOWS\System32\Wbem;C:\WINDOWS\System32\WindowsPowerShell\v1.0\;C:\WINDOWS\System32\OpenSSH\;C:\Program Files\dotnet\;C:\Program Files (x86)\Windows Kits\10\Windows Performance Toolkit\;C:\Program Files\Git\cmd;C:\Users\scher\AppData\Local\Microsoft\WindowsApps;;C:\Users\scher\AppData\Local\Programs\Microsoft VS Code\bin
USERNAME=scher
OS=Windows_NT
PROCESSOR_IDENTIFIER=Intel64 Family 6 Model 142 Stepping 12, GenuineIntel
TMP=C:\Users\scher\AppData\Local\Temp
TEMP=C:\Users\scher\AppData\Local\Temp


JNI global refs:
JNI global refs: 25, weak refs: 0

JNI global refs memory usage: 843, weak refs: 841


---------------  S Y S T E M  ---------------

OS:
 Windows 11 , 64 bit Build 22621 (10.0.22621.3958)
OS uptime: 0 days 8:47 hours
Hyper-V role detected

CPU: total 8 (initial active 8) (4 cores per cpu, 2 threads per core) family 6 model 142 stepping 12 microcode 0xea, cx8, cmov, fxsr, ht, mmx, 3dnowpref, sse, sse2, sse3, ssse3, sse4.1, sse4.2, popcnt, lzcnt, tsc, tscinvbit, avx, avx2, aes, erms, clmul, bmi1, bmi2, adx, fma, vzeroupper, clflush, clflushopt, hv

Memory: 4k page, system-wide physical 8072M (619M free)
TotalPageFile size 10120M (AvailPageFile size 105M)
current process WorkingSet (physical memory assigned to process): 452M, peak: 452M
current process commit charge ("private bytes"): 500M, peak: 674M

vm_info: OpenJDK 64-Bit Server VM (17.0.6+0-b2043.56-10027231) for windows-amd64 JRE (17.0.6+0-b2043.56-10027231), built on Apr 28 2023 00:43:19 by "androidbuild" with MS VC++ 16.10 / 16.11 (VS2019)

END.
