#
# There is insufficient memory for the Java Runtime Environment to continue.
# Native memory allocation (mmap) failed to map 324009984 bytes for G1 virtual space
# Possible reasons:
#   The system is out of physical RAM or swap space
#   The process is running with CompressedOops enabled, and the Java Heap may be blocking the growth of the native heap
# Possible solutions:
#   Reduce memory load on the system
#   Increase physical memory or swap space
#   Check if swap backing store is full
#   Decrease Java heap size (-Xmx/-Xms)
#   Decrease number of Java threads
#   Decrease Java thread stack sizes (-Xss)
#   Set larger code cache with -XX:ReservedCodeCacheSize=
#   JVM is running with Unscaled Compressed Oops mode in which the Java heap is
#     placed in the first 4GB address space. The Java Heap base address is the
#     maximum limit for the native heap growth. Please use -XX:HeapBaseMinAddress
#     to set the Java Heap base and to place the Java Heap above 4GB virtual address.
# This output file may be truncated or incomplete.
#
#  Out of Memory Error (os_windows.cpp:3769), pid=3000, tid=1292
#
# JRE version: OpenJDK Runtime Environment (17.0.6) (build 17.0.6+0-b2043.56-10027231)
# Java VM: OpenJDK 64-Bit Server VM (17.0.6+0-b2043.56-10027231, mixed mode, tiered, compressed oops, compressed class ptrs, g1 gc, windows-amd64)
# No core dump will be written. Minidumps are not enabled by default on client versions of Windows
#

---------------  S U M M A R Y ------------

Command Line: --add-opens=java.base/java.util=ALL-UNNAMED --add-opens=java.base/java.lang=ALL-UNNAMED --add-opens=java.base/java.lang.invoke=ALL-UNNAMED --add-opens=java.prefs/java.util.prefs=ALL-UNNAMED --add-opens=java.base/java.nio.charset=ALL-UNNAMED --add-opens=java.base/java.net=ALL-UNNAMED --add-opens=java.base/java.util.concurrent.atomic=ALL-UNNAMED -Xmx2048m -Dfile.encoding=UTF-8 -Duser.country=BR -Duser.language=pt -Duser.variant org.gradle.launcher.daemon.bootstrap.GradleDaemon 8.0

Host: Intel(R) Core(TM) i7-8565U CPU @ 1.80GHz, 8 cores, 7G,  Windows 11 , 64 bit Build 22621 (10.0.22621.3958)
Time: Sat Nov  9 22:49:50 2024 Hora oficial do Brasil elapsed time: 8.075570 seconds (0d 0h 0m 8s)

---------------  T H R E A D  ---------------

Current thread (0x0000020ab2674150):  VMThread "VM Thread" [stack: 0x000000d838a00000,0x000000d838b00000] [id=1292]

Stack: [0x000000d838a00000,0x000000d838b00000]
Native frames: (J=compiled Java code, j=interpreted, Vv=VM code, C=native code)
V  [jvm.dll+0x683c9a]
V  [jvm.dll+0x8427a4]
V  [jvm.dll+0x843f9e]
V  [jvm.dll+0x844603]
V  [jvm.dll+0x249b75]
V  [jvm.dll+0x680b69]
V  [jvm.dll+0x67505a]
V  [jvm.dll+0x309acb]
V  [jvm.dll+0x310f86]
V  [jvm.dll+0x3608ee]
V  [jvm.dll+0x360b1f]
V  [jvm.dll+0x2dfbf8]
V  [jvm.dll+0x2ddec4]
V  [jvm.dll+0x2dd4cc]
V  [jvm.dll+0x321f3b]
V  [jvm.dll+0x848ccb]
V  [jvm.dll+0x849a04]
V  [jvm.dll+0x849f1d]
V  [jvm.dll+0x84a2f4]
V  [jvm.dll+0x84a3c0]
V  [jvm.dll+0x7f274a]
V  [jvm.dll+0x682ad5]
C  [ucrtbase.dll+0x29333]
C  [KERNEL32.DLL+0x1257d]
C  [ntdll.dll+0x5af08]

VM_Operation (0x000000d83a3f4690): G1CollectForAllocation, mode: safepoint, requested by thread 0x0000020ab5a1c170


---------------  P R O C E S S  ---------------

Threads class SMR info:
_java_thread_list=0x0000020ab678e520, length=136, elements={
0x0000020a98811ae0, 0x0000020ab3013260, 0x0000020ab3013fe0, 0x0000020ab3033010,
0x0000020ab3033ad0, 0x0000020ab30364a0, 0x0000020ab3036d60, 0x0000020ab3037a00,
0x0000020ab3038b50, 0x0000020ab303b460, 0x0000020ab31e3500, 0x0000020ab31e2390,
0x0000020ab32e7460, 0x0000020ab33fe690, 0x0000020ab476a680, 0x0000020ab48f2850,
0x0000020ab49b2c70, 0x0000020ab4a58350, 0x0000020ab403b040, 0x0000020ab3f2a2e0,
0x0000020ab5a1c170, 0x0000020ab3921850, 0x0000020ab4af1570, 0x0000020ab4af3bf0,
0x0000020ab4af23e0, 0x0000020ab4af10a0, 0x0000020ab4af0700, 0x0000020ab4af1f10,
0x0000020ab4af28b0, 0x0000020ab4af2d80, 0x0000020ab4af3250, 0x0000020ab4af3720,
0x0000020ab4af0bd0, 0x0000020ab4af1a40, 0x0000020ab4af0230, 0x0000020ab65e1f30,
0x0000020ab65dd700, 0x0000020ab65e2400, 0x0000020ab65dcd60, 0x0000020ab65e3c10,
0x0000020ab65e28d0, 0x0000020ab65dfd80, 0x0000020ab65dc890, 0x0000020ab65de570,
0x0000020ab65e3270, 0x0000020ab65de0a0, 0x0000020ab65e3740, 0x0000020ab65e10c0,
0x0000020ab65dd230, 0x0000020ab65ddbd0, 0x0000020ab65df8b0, 0x0000020ab65e0bf0,
0x0000020ab65dea40, 0x0000020ab65e0720, 0x0000020ab65e1590, 0x0000020ab65def10,
0x0000020ab65e1a60, 0x0000020ab9225f20, 0x0000020ab9229db0, 0x0000020ab922cdd0,
0x0000020ab922b0f0, 0x0000020ab922c430, 0x0000020ab922a280, 0x0000020ab922a750,
0x0000020ab922c900, 0x0000020ab922b5c0, 0x0000020ab922ac20, 0x0000020ab92285a0,
0x0000020ab92263f0, 0x0000020ab9228a70, 0x0000020ab922ba90, 0x0000020ab922bf60,
0x0000020ab9227260, 0x0000020ab92268c0, 0x0000020ab9227730, 0x0000020ab922d2a0,
0x0000020ab9225a50, 0x0000020ab9226d90, 0x0000020ab9227c00, 0x0000020ab9228f40,
0x0000020ab92280d0, 0x0000020ab9229410, 0x0000020ab92298e0, 0x0000020abc3f03e0,
0x0000020abc3efa40, 0x0000020abc3eebd0, 0x0000020abc3ef570, 0x0000020abc3eb210,
0x0000020abc3eb6e0, 0x0000020abc3ec550, 0x0000020abc3ebbb0, 0x0000020abc3ec080,
0x0000020abc3ee230, 0x0000020abc3e9ed0, 0x0000020abc3f08b0, 0x0000020abc3f1250,
0x0000020abc3eff10, 0x0000020abc3ee700, 0x0000020abc3ecef0, 0x0000020abc3eca20,
0x0000020abc3f0d80, 0x0000020abc3ea3a0, 0x0000020abc3f1720, 0x0000020abc3ea870,
0x0000020abc3ead40, 0x0000020abc3ed3c0, 0x0000020abc3ed890, 0x0000020abc3edd60,
0x0000020abc3ef0a0, 0x0000020ab9313160, 0x0000020ab9310ae0, 0x0000020ab9315cb0,
0x0000020ab9310fb0, 0x0000020ab9315310, 0x0000020ab9317990, 0x0000020ab9311480,
0x0000020ab93174c0, 0x0000020ab9311950, 0x0000020ab9313fd0, 0x0000020ab93144a0,
0x0000020ab9311e20, 0x0000020ab93157e0, 0x0000020ab9316ff0, 0x0000020ab93127c0,
0x0000020ab9317e60, 0x0000020ab9316180, 0x0000020ab9316b20, 0x0000020ab9313630,
0x0000020ab9313b00, 0x0000020ab9314e40, 0x0000020ab6d9bfa0, 0x0000020ab6d9b130,
0x0000020ab6d9b600, 0x0000020ab6d9f490, 0x0000020ab6d9a2c0, 0x0000020ab6d9c940
}

Java Threads: ( => current thread )
  0x0000020a98811ae0 JavaThread "main" [_thread_blocked, id=3244, stack(0x000000d838400000,0x000000d838500000)]
  0x0000020ab3013260 JavaThread "Reference Handler" daemon [_thread_blocked, id=13384, stack(0x000000d838b00000,0x000000d838c00000)]
  0x0000020ab3013fe0 JavaThread "Finalizer" daemon [_thread_blocked, id=12368, stack(0x000000d838c00000,0x000000d838d00000)]
  0x0000020ab3033010 JavaThread "Signal Dispatcher" daemon [_thread_blocked, id=16940, stack(0x000000d838d00000,0x000000d838e00000)]
  0x0000020ab3033ad0 JavaThread "Attach Listener" daemon [_thread_blocked, id=9568, stack(0x000000d838e00000,0x000000d838f00000)]
  0x0000020ab30364a0 JavaThread "Service Thread" daemon [_thread_blocked, id=11828, stack(0x000000d838f00000,0x000000d839000000)]
  0x0000020ab3036d60 JavaThread "Monitor Deflation Thread" daemon [_thread_blocked, id=2436, stack(0x000000d839000000,0x000000d839100000)]
  0x0000020ab3037a00 JavaThread "C2 CompilerThread0" daemon [_thread_blocked, id=5512, stack(0x000000d839100000,0x000000d839200000)]
  0x0000020ab3038b50 JavaThread "C1 CompilerThread0" daemon [_thread_blocked, id=13816, stack(0x000000d839200000,0x000000d839300000)]
  0x0000020ab303b460 JavaThread "Sweeper thread" daemon [_thread_blocked, id=18676, stack(0x000000d839300000,0x000000d839400000)]
  0x0000020ab31e3500 JavaThread "Common-Cleaner" daemon [_thread_blocked, id=17104, stack(0x000000d839400000,0x000000d839500000)]
  0x0000020ab31e2390 JavaThread "Notification Thread" daemon [_thread_blocked, id=14836, stack(0x000000d839500000,0x000000d839600000)]
  0x0000020ab32e7460 JavaThread "C2 CompilerThread1" daemon [_thread_in_native, id=12632, stack(0x000000d839700000,0x000000d839800000)]
  0x0000020ab33fe690 JavaThread "C2 CompilerThread2" daemon [_thread_blocked, id=8488, stack(0x000000d839800000,0x000000d839900000)]
  0x0000020ab476a680 JavaThread "Daemon health stats" [_thread_blocked, id=17268, stack(0x000000d839d00000,0x000000d839e00000)]
  0x0000020ab48f2850 JavaThread "Incoming local TCP Connector on port 52358" [_thread_in_native, id=7224, stack(0x000000d839e00000,0x000000d839f00000)]
  0x0000020ab49b2c70 JavaThread "Daemon periodic checks" [_thread_blocked, id=5468, stack(0x000000d839f00000,0x000000d83a000000)]
  0x0000020ab4a58350 JavaThread "Daemon" [_thread_blocked, id=11292, stack(0x000000d83a000000,0x000000d83a100000)]
  0x0000020ab403b040 JavaThread "Handler for socket connection from /127.0.0.1:52358 to /127.0.0.1:52359" [_thread_in_native, id=13652, stack(0x000000d83a100000,0x000000d83a200000)]
  0x0000020ab3f2a2e0 JavaThread "Cancel handler" [_thread_blocked, id=11492, stack(0x000000d83a200000,0x000000d83a300000)]
  0x0000020ab5a1c170 JavaThread "Daemon worker" [_thread_blocked, id=3196, stack(0x000000d83a300000,0x000000d83a400000)]
  0x0000020ab3921850 JavaThread "Asynchronous log dispatcher for DefaultDaemonConnection: socket connection from /127.0.0.1:52358 to /127.0.0.1:52359" [_thread_blocked, id=14280, stack(0x000000d83a400000,0x000000d83a500000)]
  0x0000020ab4af1570 JavaThread "Stdin handler" [_thread_blocked, id=15316, stack(0x000000d83a500000,0x000000d83a600000)]
  0x0000020ab4af3bf0 JavaThread "Daemon client event forwarder" [_thread_blocked, id=17924, stack(0x000000d83a600000,0x000000d83a700000)]
  0x0000020ab4af23e0 JavaThread "Cache worker for journal cache (C:\Users\scher\.gradle\caches\journal-1)" [_thread_blocked, id=15348, stack(0x000000d83ab00000,0x000000d83ac00000)]
  0x0000020ab4af10a0 JavaThread "File lock request listener" [_thread_in_native, id=16716, stack(0x000000d83ac00000,0x000000d83ad00000)]
  0x0000020ab4af0700 JavaThread "Cache worker for file hash cache (C:\Users\scher\.gradle\caches\8.0\fileHashes)" [_thread_blocked, id=6964, stack(0x000000d83ad00000,0x000000d83ae00000)]
  0x0000020ab4af1f10 JavaThread "File watcher server" daemon [_thread_in_native, id=16624, stack(0x000000d83ae00000,0x000000d83af00000)]
  0x0000020ab4af28b0 JavaThread "File watcher consumer" daemon [_thread_blocked, id=17940, stack(0x000000d83af00000,0x000000d83b000000)]
  0x0000020ab4af2d80 JavaThread "jar transforms" [_thread_blocked, id=12332, stack(0x000000d83b000000,0x000000d83b100000)]
  0x0000020ab4af3250 JavaThread "jar transforms Thread 2" [_thread_blocked, id=16656, stack(0x000000d83b100000,0x000000d83b200000)]
  0x0000020ab4af3720 JavaThread "jar transforms Thread 3" [_thread_blocked, id=17436, stack(0x000000d83b200000,0x000000d83b300000)]
  0x0000020ab4af0bd0 JavaThread "jar transforms Thread 4" [_thread_blocked, id=9300, stack(0x000000d83b300000,0x000000d83b400000)]
  0x0000020ab4af1a40 JavaThread "jar transforms Thread 5" [_thread_blocked, id=7012, stack(0x000000d83b400000,0x000000d83b500000)]
  0x0000020ab4af0230 JavaThread "jar transforms Thread 6" [_thread_blocked, id=12856, stack(0x000000d83b500000,0x000000d83b600000)]
  0x0000020ab65e1f30 JavaThread "jar transforms Thread 7" [_thread_blocked, id=14612, stack(0x000000d83b600000,0x000000d83b700000)]
  0x0000020ab65dd700 JavaThread "jar transforms Thread 8" [_thread_blocked, id=15964, stack(0x000000d83b700000,0x000000d83b800000)]
  0x0000020ab65e2400 JavaThread "Cache worker for checksums cache (C:\Users\scher\Documents\PROJETOS ANDROID\NOVO\RECICLAAI\.gradle\8.0\checksums)" [_thread_blocked, id=11460, stack(0x000000d83b800000,0x000000d83b900000)]
  0x0000020ab65dcd60 JavaThread "Cache worker for cache directory md-rule (C:\Users\scher\.gradle\caches\8.0\md-rule)" [_thread_blocked, id=16400, stack(0x000000d83b900000,0x000000d83ba00000)]
  0x0000020ab65e3c10 JavaThread "Cache worker for file content cache (C:\Users\scher\.gradle\caches\8.0\fileContent)" [_thread_blocked, id=8508, stack(0x000000d83ba00000,0x000000d83bb00000)]
  0x0000020ab65e28d0 JavaThread "Cache worker for file hash cache (C:\Users\scher\Documents\PROJETOS ANDROID\NOVO\RECICLAAI\.gradle\8.0\fileHashes)" [_thread_blocked, id=18016, stack(0x000000d83bb00000,0x000000d83bc00000)]
  0x0000020ab65dfd80 JavaThread "Cache worker for cache directory md-supplier (C:\Users\scher\.gradle\caches\8.0\md-supplier)" [_thread_blocked, id=16932, stack(0x000000d83bc00000,0x000000d83bd00000)]
  0x0000020ab65dc890 JavaThread "Cache worker for execution history cache (C:\Users\scher\.gradle\caches\8.0\executionHistory)" [_thread_blocked, id=14508, stack(0x000000d83bd00000,0x000000d83be00000)]
  0x0000020ab65de570 JavaThread "Cache worker for dependencies-accessors (C:\Users\scher\Documents\PROJETOS ANDROID\NOVO\RECICLAAI\.gradle\8.0\dependencies-accessors)" [_thread_blocked, id=14776, stack(0x000000d83be00000,0x000000d83bf00000)]
  0x0000020ab65e3270 JavaThread "Cache worker for Build Output Cleanup Cache (C:\Users\scher\Documents\PROJETOS ANDROID\NOVO\RECICLAAI\.gradle\buildOutputCleanup)" [_thread_blocked, id=3892, stack(0x000000d83bf00000,0x000000d83c000000)]
  0x0000020ab65de0a0 JavaThread "Unconstrained build operations" [_thread_blocked, id=19028, stack(0x000000d83c000000,0x000000d83c100000)]
  0x0000020ab65e3740 JavaThread "Unconstrained build operations Thread 2" [_thread_blocked, id=18852, stack(0x000000d83c100000,0x000000d83c200000)]
  0x0000020ab65e10c0 JavaThread "Unconstrained build operations Thread 3" [_thread_blocked, id=18980, stack(0x000000d83c200000,0x000000d83c300000)]
  0x0000020ab65dd230 JavaThread "Unconstrained build operations Thread 4" [_thread_blocked, id=8336, stack(0x000000d83c300000,0x000000d83c400000)]
  0x0000020ab65ddbd0 JavaThread "Unconstrained build operations Thread 5" [_thread_blocked, id=5304, stack(0x000000d83c400000,0x000000d83c500000)]
  0x0000020ab65df8b0 JavaThread "Unconstrained build operations Thread 6" [_thread_blocked, id=7948, stack(0x000000d83c500000,0x000000d83c600000)]
  0x0000020ab65e0bf0 JavaThread "Unconstrained build operations Thread 7" [_thread_blocked, id=6748, stack(0x000000d83c600000,0x000000d83c700000)]
  0x0000020ab65dea40 JavaThread "Unconstrained build operations Thread 8" [_thread_blocked, id=11012, stack(0x000000d83c700000,0x000000d83c800000)]
  0x0000020ab65e0720 JavaThread "Unconstrained build operations Thread 9" [_thread_blocked, id=1308, stack(0x000000d83c800000,0x000000d83c900000)]
  0x0000020ab65e1590 JavaThread "Unconstrained build operations Thread 10" [_thread_blocked, id=2528, stack(0x000000d83c900000,0x000000d83ca00000)]
  0x0000020ab65def10 JavaThread "Unconstrained build operations Thread 11" [_thread_blocked, id=7468, stack(0x000000d83ca00000,0x000000d83cb00000)]
  0x0000020ab65e1a60 JavaThread "Unconstrained build operations Thread 12" [_thread_blocked, id=16540, stack(0x000000d83cb00000,0x000000d83cc00000)]
  0x0000020ab9225f20 JavaThread "Unconstrained build operations Thread 13" [_thread_blocked, id=8232, stack(0x000000d83cc00000,0x000000d83cd00000)]
  0x0000020ab9229db0 JavaThread "Unconstrained build operations Thread 14" [_thread_blocked, id=14428, stack(0x000000d83cd00000,0x000000d83ce00000)]
  0x0000020ab922cdd0 JavaThread "Unconstrained build operations Thread 15" [_thread_blocked, id=17536, stack(0x000000d83ce00000,0x000000d83cf00000)]
  0x0000020ab922b0f0 JavaThread "Unconstrained build operations Thread 16" [_thread_blocked, id=12852, stack(0x000000d83cf00000,0x000000d83d000000)]
  0x0000020ab922c430 JavaThread "Unconstrained build operations Thread 17" [_thread_blocked, id=9820, stack(0x000000d83d000000,0x000000d83d100000)]
  0x0000020ab922a280 JavaThread "Unconstrained build operations Thread 18" [_thread_blocked, id=9968, stack(0x000000d83d100000,0x000000d83d200000)]
  0x0000020ab922a750 JavaThread "Unconstrained build operations Thread 19" [_thread_blocked, id=13756, stack(0x000000d83d200000,0x000000d83d300000)]
  0x0000020ab922c900 JavaThread "Unconstrained build operations Thread 20" [_thread_blocked, id=8360, stack(0x000000d83d300000,0x000000d83d400000)]
  0x0000020ab922b5c0 JavaThread "Unconstrained build operations Thread 21" [_thread_blocked, id=17808, stack(0x000000d83d400000,0x000000d83d500000)]
  0x0000020ab922ac20 JavaThread "Unconstrained build operations Thread 22" [_thread_blocked, id=12412, stack(0x000000d83d500000,0x000000d83d600000)]
  0x0000020ab92285a0 JavaThread "Unconstrained build operations Thread 23" [_thread_blocked, id=14200, stack(0x000000d83d600000,0x000000d83d700000)]
  0x0000020ab92263f0 JavaThread "Unconstrained build operations Thread 24" [_thread_blocked, id=16124, stack(0x000000d83d700000,0x000000d83d800000)]
  0x0000020ab9228a70 JavaThread "Unconstrained build operations Thread 25" [_thread_blocked, id=16172, stack(0x000000d83d800000,0x000000d83d900000)]
  0x0000020ab922ba90 JavaThread "Unconstrained build operations Thread 26" [_thread_blocked, id=13848, stack(0x000000d83d900000,0x000000d83da00000)]
  0x0000020ab922bf60 JavaThread "Unconstrained build operations Thread 27" [_thread_blocked, id=5376, stack(0x000000d83da00000,0x000000d83db00000)]
  0x0000020ab9227260 JavaThread "Unconstrained build operations Thread 28" [_thread_blocked, id=11068, stack(0x000000d83db00000,0x000000d83dc00000)]
  0x0000020ab92268c0 JavaThread "Unconstrained build operations Thread 29" [_thread_blocked, id=18652, stack(0x000000d83dc00000,0x000000d83dd00000)]
  0x0000020ab9227730 JavaThread "Unconstrained build operations Thread 30" [_thread_blocked, id=2956, stack(0x000000d83dd00000,0x000000d83de00000)]
  0x0000020ab922d2a0 JavaThread "Unconstrained build operations Thread 31" [_thread_blocked, id=14804, stack(0x000000d83de00000,0x000000d83df00000)]
  0x0000020ab9225a50 JavaThread "Unconstrained build operations Thread 32" [_thread_blocked, id=18732, stack(0x000000d83df00000,0x000000d83e000000)]
  0x0000020ab9226d90 JavaThread "Unconstrained build operations Thread 33" [_thread_blocked, id=17964, stack(0x000000d83e000000,0x000000d83e100000)]
  0x0000020ab9227c00 JavaThread "Unconstrained build operations Thread 34" [_thread_blocked, id=6088, stack(0x000000d83e100000,0x000000d83e200000)]
  0x0000020ab9228f40 JavaThread "Unconstrained build operations Thread 35" [_thread_blocked, id=5544, stack(0x000000d83e200000,0x000000d83e300000)]
  0x0000020ab92280d0 JavaThread "Unconstrained build operations Thread 36" [_thread_blocked, id=1544, stack(0x000000d83e300000,0x000000d83e400000)]
  0x0000020ab9229410 JavaThread "Unconstrained build operations Thread 37" [_thread_blocked, id=6580, stack(0x000000d83e400000,0x000000d83e500000)]
  0x0000020ab92298e0 JavaThread "Unconstrained build operations Thread 38" [_thread_blocked, id=18500, stack(0x000000d83e500000,0x000000d83e600000)]
  0x0000020abc3f03e0 JavaThread "Unconstrained build operations Thread 39" [_thread_blocked, id=16488, stack(0x000000d83e600000,0x000000d83e700000)]
  0x0000020abc3efa40 JavaThread "Unconstrained build operations Thread 40" [_thread_blocked, id=4420, stack(0x000000d83e700000,0x000000d83e800000)]
  0x0000020abc3eebd0 JavaThread "Unconstrained build operations Thread 41" [_thread_blocked, id=2976, stack(0x000000d83e800000,0x000000d83e900000)]
  0x0000020abc3ef570 JavaThread "Unconstrained build operations Thread 42" [_thread_blocked, id=19324, stack(0x000000d83e900000,0x000000d83ea00000)]
  0x0000020abc3eb210 JavaThread "Unconstrained build operations Thread 43" [_thread_blocked, id=15956, stack(0x000000d83ea00000,0x000000d83eb00000)]
  0x0000020abc3eb6e0 JavaThread "Unconstrained build operations Thread 44" [_thread_blocked, id=19296, stack(0x000000d83eb00000,0x000000d83ec00000)]
  0x0000020abc3ec550 JavaThread "Unconstrained build operations Thread 45" [_thread_blocked, id=12804, stack(0x000000d83ec00000,0x000000d83ed00000)]
  0x0000020abc3ebbb0 JavaThread "Unconstrained build operations Thread 46" [_thread_blocked, id=12780, stack(0x000000d83ed00000,0x000000d83ee00000)]
  0x0000020abc3ec080 JavaThread "Unconstrained build operations Thread 47" [_thread_blocked, id=19384, stack(0x000000d83ee00000,0x000000d83ef00000)]
  0x0000020abc3ee230 JavaThread "Unconstrained build operations Thread 48" [_thread_blocked, id=14396, stack(0x000000d83ef00000,0x000000d83f000000)]
  0x0000020abc3e9ed0 JavaThread "Unconstrained build operations Thread 49" [_thread_blocked, id=13804, stack(0x000000d83f000000,0x000000d83f100000)]
  0x0000020abc3f08b0 JavaThread "Unconstrained build operations Thread 50" [_thread_blocked, id=8968, stack(0x000000d83f100000,0x000000d83f200000)]
  0x0000020abc3f1250 JavaThread "Unconstrained build operations Thread 51" [_thread_blocked, id=12820, stack(0x000000d83f200000,0x000000d83f300000)]
  0x0000020abc3eff10 JavaThread "Unconstrained build operations Thread 52" [_thread_blocked, id=19316, stack(0x000000d83f300000,0x000000d83f400000)]
  0x0000020abc3ee700 JavaThread "Unconstrained build operations Thread 53" [_thread_blocked, id=15480, stack(0x000000d83f400000,0x000000d83f500000)]
  0x0000020abc3ecef0 JavaThread "Unconstrained build operations Thread 54" [_thread_blocked, id=14604, stack(0x000000d83f500000,0x000000d83f600000)]
  0x0000020abc3eca20 JavaThread "Unconstrained build operations Thread 55" [_thread_blocked, id=16920, stack(0x000000d83f600000,0x000000d83f700000)]
  0x0000020abc3f0d80 JavaThread "Unconstrained build operations Thread 56" [_thread_blocked, id=14300, stack(0x000000d83f700000,0x000000d83f800000)]
  0x0000020abc3ea3a0 JavaThread "Unconstrained build operations Thread 57" [_thread_blocked, id=2096, stack(0x000000d83f800000,0x000000d83f900000)]
  0x0000020abc3f1720 JavaThread "Unconstrained build operations Thread 58" [_thread_blocked, id=7460, stack(0x000000d83f900000,0x000000d83fa00000)]
  0x0000020abc3ea870 JavaThread "Unconstrained build operations Thread 59" [_thread_blocked, id=6032, stack(0x000000d83fa00000,0x000000d83fb00000)]
  0x0000020abc3ead40 JavaThread "Unconstrained build operations Thread 60" [_thread_blocked, id=15828, stack(0x000000d83fb00000,0x000000d83fc00000)]
  0x0000020abc3ed3c0 JavaThread "Unconstrained build operations Thread 61" [_thread_blocked, id=16368, stack(0x000000d83fc00000,0x000000d83fd00000)]
  0x0000020abc3ed890 JavaThread "Unconstrained build operations Thread 62" [_thread_blocked, id=8820, stack(0x000000d83fd00000,0x000000d83fe00000)]
  0x0000020abc3edd60 JavaThread "Unconstrained build operations Thread 63" [_thread_blocked, id=3116, stack(0x000000d83fe00000,0x000000d83ff00000)]
  0x0000020abc3ef0a0 JavaThread "Unconstrained build operations Thread 64" [_thread_blocked, id=13268, stack(0x000000d83ff00000,0x000000d840000000)]
  0x0000020ab9313160 JavaThread "Unconstrained build operations Thread 65" [_thread_blocked, id=7352, stack(0x000000d840000000,0x000000d840100000)]
  0x0000020ab9310ae0 JavaThread "Unconstrained build operations Thread 66" [_thread_blocked, id=3016, stack(0x000000d840100000,0x000000d840200000)]
  0x0000020ab9315cb0 JavaThread "Unconstrained build operations Thread 67" [_thread_blocked, id=14660, stack(0x000000d840200000,0x000000d840300000)]
  0x0000020ab9310fb0 JavaThread "Unconstrained build operations Thread 68" [_thread_blocked, id=19300, stack(0x000000d840300000,0x000000d840400000)]
  0x0000020ab9315310 JavaThread "Unconstrained build operations Thread 69" [_thread_blocked, id=7668, stack(0x000000d840400000,0x000000d840500000)]
  0x0000020ab9317990 JavaThread "Unconstrained build operations Thread 70" [_thread_blocked, id=10040, stack(0x000000d840500000,0x000000d840600000)]
  0x0000020ab9311480 JavaThread "Unconstrained build operations Thread 71" [_thread_blocked, id=17836, stack(0x000000d840600000,0x000000d840700000)]
  0x0000020ab93174c0 JavaThread "Unconstrained build operations Thread 72" [_thread_blocked, id=4868, stack(0x000000d840700000,0x000000d840800000)]
  0x0000020ab9311950 JavaThread "Unconstrained build operations Thread 73" [_thread_blocked, id=836, stack(0x000000d840800000,0x000000d840900000)]
  0x0000020ab9313fd0 JavaThread "Unconstrained build operations Thread 74" [_thread_blocked, id=14540, stack(0x000000d840900000,0x000000d840a00000)]
  0x0000020ab93144a0 JavaThread "Unconstrained build operations Thread 75" [_thread_blocked, id=18868, stack(0x000000d840a00000,0x000000d840b00000)]
  0x0000020ab9311e20 JavaThread "Unconstrained build operations Thread 76" [_thread_blocked, id=11164, stack(0x000000d840b00000,0x000000d840c00000)]
  0x0000020ab93157e0 JavaThread "Unconstrained build operations Thread 77" [_thread_blocked, id=5156, stack(0x000000d840c00000,0x000000d840d00000)]
  0x0000020ab9316ff0 JavaThread "Unconstrained build operations Thread 78" [_thread_blocked, id=19352, stack(0x000000d840d00000,0x000000d840e00000)]
  0x0000020ab93127c0 JavaThread "Unconstrained build operations Thread 79" [_thread_blocked, id=18252, stack(0x000000d840e00000,0x000000d840f00000)]
  0x0000020ab9317e60 JavaThread "Unconstrained build operations Thread 80" [_thread_blocked, id=6784, stack(0x000000d840f00000,0x000000d841000000)]
  0x0000020ab9316180 JavaThread "Memory manager" [_thread_blocked, id=13800, stack(0x000000d841000000,0x000000d841100000)]
  0x0000020ab9316b20 JavaThread "included builds" [_thread_blocked, id=14376, stack(0x000000d841100000,0x000000d841200000)]
  0x0000020ab9313630 JavaThread "Execution worker" [_thread_blocked, id=18680, stack(0x000000d841200000,0x000000d841300000)]
  0x0000020ab9313b00 JavaThread "Execution worker Thread 2" [_thread_blocked, id=8992, stack(0x000000d841300000,0x000000d841400000)]
  0x0000020ab9314e40 JavaThread "Execution worker Thread 3" [_thread_blocked, id=15276, stack(0x000000d841400000,0x000000d841500000)]
  0x0000020ab6d9bfa0 JavaThread "Execution worker Thread 4" [_thread_blocked, id=13496, stack(0x000000d841500000,0x000000d841600000)]
  0x0000020ab6d9b130 JavaThread "Execution worker Thread 5" [_thread_blocked, id=7752, stack(0x000000d841600000,0x000000d841700000)]
  0x0000020ab6d9b600 JavaThread "Execution worker Thread 6" [_thread_blocked, id=5236, stack(0x000000d841700000,0x000000d841800000)]
  0x0000020ab6d9f490 JavaThread "Execution worker Thread 7" [_thread_blocked, id=10260, stack(0x000000d841800000,0x000000d841900000)]
  0x0000020ab6d9a2c0 JavaThread "Cache worker for execution history cache (C:\Users\scher\Documents\PROJETOS ANDROID\NOVO\RECICLAAI\.gradle\8.0\executionHistory)" [_thread_blocked, id=14824, stack(0x000000d841900000,0x000000d841a00000)]
  0x0000020ab6d9c940 JavaThread "idea-tooling-model-converter" [_thread_blocked, id=8016, stack(0x000000d841a00000,0x000000d841b00000)]

Other Threads:
=>0x0000020ab2674150 VMThread "VM Thread" [stack: 0x000000d838a00000,0x000000d838b00000] [id=1292]
  0x0000020a98884f60 WatcherThread [stack: 0x000000d839600000,0x000000d839700000] [id=9596]
  0x0000020a9886dab0 GCTaskThread "GC Thread#0" [stack: 0x000000d838500000,0x000000d838600000] [id=9788]
  0x0000020ab422a220 GCTaskThread "GC Thread#1" [stack: 0x000000d839900000,0x000000d839a00000] [id=8296]
  0x0000020ab3985c30 GCTaskThread "GC Thread#2" [stack: 0x000000d839a00000,0x000000d839b00000] [id=11332]
  0x0000020ab413be50 GCTaskThread "GC Thread#3" [stack: 0x000000d839b00000,0x000000d839c00000] [id=14176]
  0x0000020ab439d050 GCTaskThread "GC Thread#4" [stack: 0x000000d839c00000,0x000000d839d00000] [id=16572]
  0x0000020ab419e3a0 GCTaskThread "GC Thread#5" [stack: 0x000000d83a700000,0x000000d83a800000] [id=13668]
  0x0000020ab58234a0 GCTaskThread "GC Thread#6" [stack: 0x000000d83a800000,0x000000d83a900000] [id=14160]
  0x0000020ab5624b20 GCTaskThread "GC Thread#7" [stack: 0x000000d83a900000,0x000000d83aa00000] [id=17560]
  0x0000020a9887e900 ConcurrentGCThread "G1 Main Marker" [stack: 0x000000d838600000,0x000000d838700000] [id=7924]
  0x0000020a9887f230 ConcurrentGCThread "G1 Conc#0" [stack: 0x000000d838700000,0x000000d838800000] [id=4444]
  0x0000020ab3f6ad30 ConcurrentGCThread "G1 Conc#1" [stack: 0x000000d83aa00000,0x000000d83ab00000] [id=16288]
  0x0000020a988cd560 ConcurrentGCThread "G1 Refine#0" [stack: 0x000000d838800000,0x000000d838900000] [id=13812]
  0x0000020a988cde90 ConcurrentGCThread "G1 Service" [stack: 0x000000d838900000,0x000000d838a00000] [id=9748]

Threads with active compile tasks:
C2 CompilerThread1     8088 9430       4       jdk.internal.org.objectweb.asm.MethodWriter::computeAllFrames (510 bytes)
C2 CompilerThread2     8088 9578       4       sun.reflect.annotation.AnnotationInvocationHandler::invoke (178 bytes)

VM state: at safepoint (normal execution)

VM Mutex/Monitor currently owned by a thread:  ([mutex/lock_event])
[0x0000020a9880b9a0] Threads_lock - owner thread: 0x0000020ab2674150
[0x0000020a9880beb0] Heap_lock - owner thread: 0x0000020ab5a1c170

Heap address: 0x0000000080000000, size: 2048 MB, Compressed Oops mode: 32-bit

CDS archive(s) not mapped
Compressed class space mapped at: 0x0000000100000000-0x0000000140000000, reserved size: 1073741824
Narrow klass base: 0x0000000000000000, Narrow klass shift: 3, Narrow klass range: 0x140000000

GC Precious Log:
 CPUs: 8 total, 8 available
 Memory: 8072M
 Large Page Support: Disabled
 NUMA Support: Disabled
 Compressed Oops: Enabled (32-bit)
 Heap Region Size: 1M
 Heap Min Capacity: 8M
 Heap Initial Capacity: 128M
 Heap Max Capacity: 2G
 Pre-touch: Disabled
 Parallel Workers: 8
 Concurrent Workers: 2
 Concurrent Refinement Workers: 8
 Periodic GC: Disabled

Heap:
 garbage-first heap   total 214016K, used 132173K [0x0000000080000000, 0x0000000100000000)
  region size 1024K, 3 young (3072K), 3 survivors (3072K)
 Metaspace       used 92180K, committed 92928K, reserved 1130496K
  class space    used 12564K, committed 12928K, reserved 1048576K

Heap Regions: E=young(eden), S=young(survivor), O=old, HS=humongous(starts), HC=humongous(continues), CS=collection set, F=free, OA=open archive, CA=closed archive, TAMS=top-at-mark-start (previous, next)
|   0|0x0000000080000000, 0x0000000080100000, 0x0000000080100000|100%|HS|  |TAMS 0x0000000080100000, 0x0000000080100000| Complete 
|   1|0x0000000080100000, 0x0000000080200000, 0x0000000080200000|100%|HC|  |TAMS 0x0000000080200000, 0x0000000080200000| Complete 
|   2|0x0000000080200000, 0x0000000080300000, 0x0000000080300000|100%|HC|  |TAMS 0x0000000080300000, 0x0000000080300000| Complete 
|   3|0x0000000080300000, 0x0000000080400000, 0x0000000080400000|100%|HC|  |TAMS 0x0000000080400000, 0x0000000080400000| Complete 
|   4|0x0000000080400000, 0x0000000080500000, 0x0000000080500000|100%| O|  |TAMS 0x0000000080500000, 0x0000000080500000| Untracked 
|   5|0x0000000080500000, 0x0000000080600000, 0x0000000080600000|100%| O|  |TAMS 0x0000000080500000, 0x0000000080600000| Untracked 
|   6|0x0000000080600000, 0x0000000080700000, 0x0000000080700000|100%| O|  |TAMS 0x0000000080700000, 0x0000000080700000| Untracked 
|   7|0x0000000080700000, 0x0000000080800000, 0x0000000080800000|100%| O|  |TAMS 0x0000000080800000, 0x0000000080800000| Untracked 
|   8|0x0000000080800000, 0x0000000080900000, 0x0000000080900000|100%| O|  |TAMS 0x0000000080900000, 0x0000000080900000| Untracked 
|   9|0x0000000080900000, 0x0000000080a00000, 0x0000000080a00000|100%| O|  |TAMS 0x0000000080a00000, 0x0000000080a00000| Untracked 
|  10|0x0000000080a00000, 0x0000000080b00000, 0x0000000080b00000|100%| O|  |TAMS 0x0000000080b00000, 0x0000000080b00000| Untracked 
|  11|0x0000000080b00000, 0x0000000080c00000, 0x0000000080c00000|100%| O|  |TAMS 0x0000000080c00000, 0x0000000080c00000| Untracked 
|  12|0x0000000080c00000, 0x0000000080d00000, 0x0000000080d00000|100%| O|  |TAMS 0x0000000080d00000, 0x0000000080d00000| Untracked 
|  13|0x0000000080d00000, 0x0000000080e00000, 0x0000000080e00000|100%| O|  |TAMS 0x0000000080e00000, 0x0000000080e00000| Untracked 
|  14|0x0000000080e00000, 0x0000000080f00000, 0x0000000080f00000|100%| O|  |TAMS 0x0000000080f00000, 0x0000000080f00000| Untracked 
|  15|0x0000000080f00000, 0x0000000081000000, 0x0000000081000000|100%| O|  |TAMS 0x0000000081000000, 0x0000000081000000| Untracked 
|  16|0x0000000081000000, 0x0000000081100000, 0x0000000081100000|100%| O|  |TAMS 0x0000000081100000, 0x0000000081100000| Untracked 
|  17|0x0000000081100000, 0x0000000081200000, 0x0000000081200000|100%| O|  |TAMS 0x0000000081200000, 0x0000000081200000| Untracked 
|  18|0x0000000081200000, 0x0000000081300000, 0x0000000081300000|100%| O|  |TAMS 0x0000000081300000, 0x0000000081300000| Untracked 
|  19|0x0000000081300000, 0x0000000081400000, 0x0000000081400000|100%|HS|  |TAMS 0x0000000081400000, 0x0000000081400000| Complete 
|  20|0x0000000081400000, 0x0000000081500000, 0x0000000081500000|100%|HC|  |TAMS 0x0000000081500000, 0x0000000081500000| Complete 
|  21|0x0000000081500000, 0x0000000081600000, 0x0000000081600000|100%|HS|  |TAMS 0x0000000081600000, 0x0000000081600000| Complete 
|  22|0x0000000081600000, 0x0000000081700000, 0x0000000081700000|100%|HC|  |TAMS 0x0000000081700000, 0x0000000081700000| Complete 
|  23|0x0000000081700000, 0x0000000081800000, 0x0000000081800000|100%|HC|  |TAMS 0x0000000081800000, 0x0000000081800000| Complete 
|  24|0x0000000081800000, 0x0000000081900000, 0x0000000081900000|100%| O|  |TAMS 0x0000000081900000, 0x0000000081900000| Untracked 
|  25|0x0000000081900000, 0x0000000081a00000, 0x0000000081a00000|100%| O|  |TAMS 0x0000000081a00000, 0x0000000081a00000| Untracked 
|  26|0x0000000081a00000, 0x0000000081b00000, 0x0000000081b00000|100%| O|  |TAMS 0x0000000081b00000, 0x0000000081b00000| Untracked 
|  27|0x0000000081b00000, 0x0000000081c00000, 0x0000000081c00000|100%| O|  |TAMS 0x0000000081c00000, 0x0000000081c00000| Untracked 
|  28|0x0000000081c00000, 0x0000000081d00000, 0x0000000081d00000|100%|HS|  |TAMS 0x0000000081d00000, 0x0000000081d00000| Complete 
|  29|0x0000000081d00000, 0x0000000081e00000, 0x0000000081e00000|100%|HC|  |TAMS 0x0000000081e00000, 0x0000000081e00000| Complete 
|  30|0x0000000081e00000, 0x0000000081f00000, 0x0000000081f00000|100%|HC|  |TAMS 0x0000000081f00000, 0x0000000081f00000| Complete 
|  31|0x0000000081f00000, 0x0000000082000000, 0x0000000082000000|100%| O|  |TAMS 0x0000000082000000, 0x0000000082000000| Untracked 
|  32|0x0000000082000000, 0x0000000082100000, 0x0000000082100000|100%|HS|  |TAMS 0x0000000082100000, 0x0000000082100000| Complete 
|  33|0x0000000082100000, 0x0000000082200000, 0x0000000082200000|100%|HC|  |TAMS 0x0000000082200000, 0x0000000082200000| Complete 
|  34|0x0000000082200000, 0x0000000082300000, 0x0000000082300000|100%|HC|  |TAMS 0x0000000082300000, 0x0000000082300000| Complete 
|  35|0x0000000082300000, 0x0000000082400000, 0x0000000082400000|100%|HC|  |TAMS 0x0000000082400000, 0x0000000082400000| Complete 
|  36|0x0000000082400000, 0x0000000082500000, 0x0000000082500000|100%|HC|  |TAMS 0x0000000082500000, 0x0000000082500000| Complete 
|  37|0x0000000082500000, 0x0000000082600000, 0x0000000082600000|100%|HC|  |TAMS 0x0000000082600000, 0x0000000082600000| Complete 
|  38|0x0000000082600000, 0x0000000082700000, 0x0000000082700000|100%|HC|  |TAMS 0x0000000082700000, 0x0000000082700000| Complete 
|  39|0x0000000082700000, 0x0000000082800000, 0x0000000082800000|100%|HC|  |TAMS 0x0000000082800000, 0x0000000082800000| Complete 
|  40|0x0000000082800000, 0x0000000082900000, 0x0000000082900000|100%|HC|  |TAMS 0x0000000082900000, 0x0000000082900000| Complete 
|  41|0x0000000082900000, 0x0000000082a00000, 0x0000000082a00000|100%|HC|  |TAMS 0x0000000082a00000, 0x0000000082a00000| Complete 
|  42|0x0000000082a00000, 0x0000000082b00000, 0x0000000082b00000|100%|HC|  |TAMS 0x0000000082b00000, 0x0000000082b00000| Complete 
|  43|0x0000000082b00000, 0x0000000082c00000, 0x0000000082c00000|100%|HC|  |TAMS 0x0000000082c00000, 0x0000000082c00000| Complete 
|  44|0x0000000082c00000, 0x0000000082d00000, 0x0000000082d00000|100%| O|  |TAMS 0x0000000082d00000, 0x0000000082d00000| Untracked 
|  45|0x0000000082d00000, 0x0000000082e00000, 0x0000000082e00000|100%|HS|  |TAMS 0x0000000082e00000, 0x0000000082e00000| Complete 
|  46|0x0000000082e00000, 0x0000000082f00000, 0x0000000082f00000|100%|HC|  |TAMS 0x0000000082f00000, 0x0000000082f00000| Complete 
|  47|0x0000000082f00000, 0x0000000083000000, 0x0000000083000000|100%| O|  |TAMS 0x0000000083000000, 0x0000000083000000| Untracked 
|  48|0x0000000083000000, 0x0000000083100000, 0x0000000083100000|100%| O|  |TAMS 0x0000000083100000, 0x0000000083100000| Untracked 
|  49|0x0000000083100000, 0x0000000083200000, 0x0000000083200000|100%| O|  |TAMS 0x0000000083200000, 0x0000000083200000| Untracked 
|  50|0x0000000083200000, 0x0000000083300000, 0x0000000083300000|100%|HS|  |TAMS 0x0000000083300000, 0x0000000083300000| Complete 
|  51|0x0000000083300000, 0x0000000083400000, 0x0000000083400000|100%|HC|  |TAMS 0x0000000083400000, 0x0000000083400000| Complete 
|  52|0x0000000083400000, 0x0000000083500000, 0x0000000083500000|100%|HC|  |TAMS 0x0000000083500000, 0x0000000083500000| Complete 
|  53|0x0000000083500000, 0x0000000083600000, 0x0000000083600000|100%| O|  |TAMS 0x0000000083600000, 0x0000000083600000| Untracked 
|  54|0x0000000083600000, 0x0000000083700000, 0x0000000083700000|100%| O|  |TAMS 0x0000000083700000, 0x0000000083700000| Untracked 
|  55|0x0000000083700000, 0x0000000083800000, 0x0000000083800000|100%| O|  |TAMS 0x0000000083800000, 0x0000000083800000| Untracked 
|  56|0x0000000083800000, 0x0000000083900000, 0x0000000083900000|100%| O|  |TAMS 0x0000000083900000, 0x0000000083900000| Untracked 
|  57|0x0000000083900000, 0x0000000083a00000, 0x0000000083a00000|100%|HS|  |TAMS 0x0000000083a00000, 0x0000000083a00000| Complete 
|  58|0x0000000083a00000, 0x0000000083b00000, 0x0000000083b00000|100%|HC|  |TAMS 0x0000000083b00000, 0x0000000083b00000| Complete 
|  59|0x0000000083b00000, 0x0000000083c00000, 0x0000000083c00000|100%|HC|  |TAMS 0x0000000083c00000, 0x0000000083c00000| Complete 
|  60|0x0000000083c00000, 0x0000000083d00000, 0x0000000083d00000|100%| O|  |TAMS 0x0000000083d00000, 0x0000000083d00000| Untracked 
|  61|0x0000000083d00000, 0x0000000083e00000, 0x0000000083e00000|100%| O|  |TAMS 0x0000000083e00000, 0x0000000083e00000| Untracked 
|  62|0x0000000083e00000, 0x0000000083f00000, 0x0000000083f00000|100%| O|  |TAMS 0x0000000083f00000, 0x0000000083f00000| Untracked 
|  63|0x0000000083f00000, 0x0000000084000000, 0x0000000084000000|100%| O|  |TAMS 0x0000000084000000, 0x0000000084000000| Untracked 
|  64|0x0000000084000000, 0x0000000084100000, 0x0000000084100000|100%| O|  |TAMS 0x0000000084100000, 0x0000000084100000| Untracked 
|  65|0x0000000084100000, 0x0000000084200000, 0x0000000084200000|100%| O|  |TAMS 0x0000000084200000, 0x0000000084200000| Untracked 
|  66|0x0000000084200000, 0x0000000084300000, 0x0000000084300000|100%| O|  |TAMS 0x0000000084300000, 0x0000000084300000| Untracked 
|  67|0x0000000084300000, 0x0000000084400000, 0x0000000084400000|100%| O|  |TAMS 0x0000000084400000, 0x0000000084400000| Untracked 
|  68|0x0000000084400000, 0x0000000084500000, 0x0000000084500000|100%| O|  |TAMS 0x0000000084500000, 0x0000000084500000| Untracked 
|  69|0x0000000084500000, 0x0000000084600000, 0x0000000084600000|100%| O|  |TAMS 0x0000000084600000, 0x0000000084600000| Untracked 
|  70|0x0000000084600000, 0x0000000084700000, 0x0000000084700000|100%| O|  |TAMS 0x0000000084700000, 0x0000000084700000| Untracked 
|  71|0x0000000084700000, 0x0000000084800000, 0x0000000084800000|100%| O|  |TAMS 0x0000000084800000, 0x0000000084800000| Untracked 
|  72|0x0000000084800000, 0x0000000084900000, 0x0000000084900000|100%| O|  |TAMS 0x0000000084900000, 0x0000000084900000| Untracked 
|  73|0x0000000084900000, 0x0000000084a00000, 0x0000000084a00000|100%| O|  |TAMS 0x0000000084a00000, 0x0000000084a00000| Untracked 
|  74|0x0000000084a00000, 0x0000000084b00000, 0x0000000084b00000|100%|HS|  |TAMS 0x0000000084b00000, 0x0000000084b00000| Complete 
|  75|0x0000000084b00000, 0x0000000084c00000, 0x0000000084c00000|100%|HS|  |TAMS 0x0000000084c00000, 0x0000000084c00000| Complete 
|  76|0x0000000084c00000, 0x0000000084d00000, 0x0000000084d00000|100%|HS|  |TAMS 0x0000000084d00000, 0x0000000084d00000| Complete 
|  77|0x0000000084d00000, 0x0000000084e00000, 0x0000000084e00000|100%| O|  |TAMS 0x0000000084e00000, 0x0000000084e00000| Untracked 
|  78|0x0000000084e00000, 0x0000000084f00000, 0x0000000084f00000|100%| O|  |TAMS 0x0000000084f00000, 0x0000000084f00000| Untracked 
|  79|0x0000000084f00000, 0x0000000085000000, 0x0000000085000000|100%| O|  |TAMS 0x0000000085000000, 0x0000000085000000| Untracked 
|  80|0x0000000085000000, 0x0000000085100000, 0x0000000085100000|100%| O|  |TAMS 0x0000000085100000, 0x0000000085100000| Untracked 
|  81|0x0000000085100000, 0x0000000085200000, 0x0000000085200000|100%| O|  |TAMS 0x0000000085200000, 0x0000000085200000| Untracked 
|  82|0x0000000085200000, 0x0000000085200000, 0x0000000085300000|  0%| F|  |TAMS 0x0000000085200000, 0x0000000085200000| Untracked 
|  83|0x0000000085300000, 0x0000000085400000, 0x0000000085400000|100%| O|  |TAMS 0x0000000085400000, 0x0000000085400000| Untracked 
|  84|0x0000000085400000, 0x0000000085500000, 0x0000000085500000|100%| O|  |TAMS 0x0000000085500000, 0x0000000085500000| Untracked 
|  85|0x0000000085500000, 0x0000000085600000, 0x0000000085600000|100%| O|  |TAMS 0x0000000085600000, 0x0000000085600000| Untracked 
|  86|0x0000000085600000, 0x0000000085700000, 0x0000000085700000|100%| O|  |TAMS 0x0000000085700000, 0x0000000085700000| Untracked 
|  87|0x0000000085700000, 0x0000000085800000, 0x0000000085800000|100%| O|  |TAMS 0x0000000085800000, 0x0000000085800000| Untracked 
|  88|0x0000000085800000, 0x0000000085900000, 0x0000000085900000|100%| O|  |TAMS 0x0000000085900000, 0x0000000085900000| Untracked 
|  89|0x0000000085900000, 0x0000000085a00000, 0x0000000085a00000|100%| O|  |TAMS 0x0000000085a00000, 0x0000000085a00000| Untracked 
|  90|0x0000000085a00000, 0x0000000085b00000, 0x0000000085b00000|100%| O|  |TAMS 0x0000000085b00000, 0x0000000085b00000| Untracked 
|  91|0x0000000085b00000, 0x0000000085c00000, 0x0000000085c00000|100%| O|  |TAMS 0x0000000085c00000, 0x0000000085c00000| Untracked 
|  92|0x0000000085c00000, 0x0000000085d00000, 0x0000000085d00000|100%| O|  |TAMS 0x0000000085d00000, 0x0000000085d00000| Untracked 
|  93|0x0000000085d00000, 0x0000000085e00000, 0x0000000085e00000|100%| O|  |TAMS 0x0000000085e00000, 0x0000000085e00000| Untracked 
|  94|0x0000000085e00000, 0x0000000085f00000, 0x0000000085f00000|100%| O|  |TAMS 0x0000000085f00000, 0x0000000085f00000| Untracked 
|  95|0x0000000085f00000, 0x0000000086000000, 0x0000000086000000|100%| O|  |TAMS 0x0000000086000000, 0x0000000086000000| Untracked 
|  96|0x0000000086000000, 0x0000000086100000, 0x0000000086100000|100%| O|  |TAMS 0x00000000860da200, 0x0000000086100000| Untracked 
|  97|0x0000000086100000, 0x0000000086200000, 0x0000000086200000|100%|HS|  |TAMS 0x0000000086100000, 0x0000000086200000| Complete 
|  98|0x0000000086200000, 0x0000000086300000, 0x0000000086300000|100%|HC|  |TAMS 0x0000000086200000, 0x0000000086300000| Complete 
|  99|0x0000000086300000, 0x0000000086400000, 0x0000000086400000|100%|HS|  |TAMS 0x0000000086300000, 0x0000000086400000| Complete 
| 100|0x0000000086400000, 0x0000000086500000, 0x0000000086500000|100%|HC|  |TAMS 0x0000000086400000, 0x0000000086500000| Complete 
| 101|0x0000000086500000, 0x0000000086600000, 0x0000000086600000|100%|HC|  |TAMS 0x0000000086500000, 0x0000000086600000| Complete 
| 102|0x0000000086600000, 0x0000000086700000, 0x0000000086700000|100%|HS|  |TAMS 0x0000000086600000, 0x0000000086700000| Complete 
| 103|0x0000000086700000, 0x0000000086800000, 0x0000000086800000|100%|HC|  |TAMS 0x0000000086700000, 0x0000000086800000| Complete 
| 104|0x0000000086800000, 0x0000000086900000, 0x0000000086900000|100%|HC|  |TAMS 0x0000000086800000, 0x0000000086900000| Complete 
| 105|0x0000000086900000, 0x0000000086a00000, 0x0000000086a00000|100%|HS|  |TAMS 0x0000000086900000, 0x0000000086a00000| Complete 
| 106|0x0000000086a00000, 0x0000000086b00000, 0x0000000086b00000|100%|HC|  |TAMS 0x0000000086a00000, 0x0000000086b00000| Complete 
| 107|0x0000000086b00000, 0x0000000086c00000, 0x0000000086c00000|100%|HC|  |TAMS 0x0000000086b00000, 0x0000000086c00000| Complete 
| 108|0x0000000086c00000, 0x0000000086d00000, 0x0000000086d00000|100%|HC|  |TAMS 0x0000000086c00000, 0x0000000086d00000| Complete 
| 109|0x0000000086d00000, 0x0000000086e00000, 0x0000000086e00000|100%|HC|  |TAMS 0x0000000086d00000, 0x0000000086e00000| Complete 
| 110|0x0000000086e00000, 0x0000000086f00000, 0x0000000086f00000|100%|HC|  |TAMS 0x0000000086e00000, 0x0000000086f00000| Complete 
| 111|0x0000000086f00000, 0x0000000087000000, 0x0000000087000000|100%|HC|  |TAMS 0x0000000086f00000, 0x0000000087000000| Complete 
| 112|0x0000000087000000, 0x0000000087100000, 0x0000000087100000|100%|HC|  |TAMS 0x0000000087000000, 0x0000000087100000| Complete 
| 113|0x0000000087100000, 0x0000000087200000, 0x0000000087200000|100%|HC|  |TAMS 0x0000000087100000, 0x0000000087200000| Complete 
| 114|0x0000000087200000, 0x0000000087300000, 0x0000000087300000|100%|HC|  |TAMS 0x0000000087200000, 0x0000000087300000| Complete 
| 115|0x0000000087300000, 0x0000000087400000, 0x0000000087400000|100%|HC|  |TAMS 0x0000000087300000, 0x0000000087400000| Complete 
| 116|0x0000000087400000, 0x0000000087500000, 0x0000000087500000|100%|HC|  |TAMS 0x0000000087400000, 0x0000000087500000| Complete 
| 117|0x0000000087500000, 0x0000000087600000, 0x0000000087600000|100%|HS|  |TAMS 0x0000000087500000, 0x0000000087600000| Complete 
| 118|0x0000000087600000, 0x0000000087700000, 0x0000000087700000|100%|HC|  |TAMS 0x0000000087600000, 0x0000000087700000| Complete 
| 119|0x0000000087700000, 0x0000000087800000, 0x0000000087800000|100%| O|  |TAMS 0x0000000087700000, 0x0000000087800000| Untracked 
| 120|0x0000000087800000, 0x0000000087900000, 0x0000000087900000|100%| O|  |TAMS 0x0000000087800000, 0x0000000087900000| Untracked 
| 121|0x0000000087900000, 0x0000000087a00000, 0x0000000087a00000|100%| O|  |TAMS 0x0000000087900000, 0x0000000087a00000| Untracked 
| 122|0x0000000087a00000, 0x0000000087b00000, 0x0000000087b00000|100%| O|  |TAMS 0x0000000087a00000, 0x0000000087b00000| Untracked 
| 123|0x0000000087b00000, 0x0000000087c00000, 0x0000000087c00000|100%| O|  |TAMS 0x0000000087b00000, 0x0000000087c00000| Untracked 
| 124|0x0000000087c00000, 0x0000000087d00000, 0x0000000087d00000|100%| O|  |TAMS 0x0000000087c00000, 0x0000000087d00000| Untracked 
| 125|0x0000000087d00000, 0x0000000087e00000, 0x0000000087e00000|100%| O|  |TAMS 0x0000000087d00000, 0x0000000087e00000| Untracked 
| 126|0x0000000087e00000, 0x0000000087f00000, 0x0000000087f00000|100%| O|  |TAMS 0x0000000087e00000, 0x0000000087f00000| Untracked 
| 127|0x0000000087f00000, 0x0000000087fc6200, 0x0000000088000000| 77%| O|  |TAMS 0x0000000087f00000, 0x0000000087fc6200| Untracked 
| 128|0x0000000088000000, 0x0000000088000000, 0x0000000088100000|  0%| F|  |TAMS 0x0000000088000000, 0x0000000088000000| Untracked 
| 129|0x0000000088100000, 0x0000000088100000, 0x0000000088200000|  0%| F|  |TAMS 0x0000000088100000, 0x0000000088100000| Untracked 
| 130|0x0000000088200000, 0x0000000088200000, 0x0000000088300000|  0%| F|  |TAMS 0x0000000088200000, 0x0000000088200000| Untracked 
| 131|0x0000000088300000, 0x0000000088300000, 0x0000000088400000|  0%| F|  |TAMS 0x0000000088300000, 0x0000000088300000| Untracked 
| 132|0x0000000088400000, 0x0000000088400000, 0x0000000088500000|  0%| F|  |TAMS 0x0000000088400000, 0x0000000088400000| Untracked 
| 133|0x0000000088500000, 0x0000000088500000, 0x0000000088600000|  0%| F|  |TAMS 0x0000000088500000, 0x0000000088500000| Untracked 
| 134|0x0000000088600000, 0x0000000088600000, 0x0000000088700000|  0%| F|  |TAMS 0x0000000088600000, 0x0000000088600000| Untracked 
| 135|0x0000000088700000, 0x0000000088700000, 0x0000000088800000|  0%| F|  |TAMS 0x0000000088700000, 0x0000000088700000| Untracked 
| 136|0x0000000088800000, 0x0000000088800000, 0x0000000088900000|  0%| F|  |TAMS 0x0000000088800000, 0x0000000088800000| Untracked 
| 137|0x0000000088900000, 0x0000000088900000, 0x0000000088a00000|  0%| F|  |TAMS 0x0000000088900000, 0x0000000088900000| Untracked 
| 138|0x0000000088a00000, 0x0000000088a00000, 0x0000000088b00000|  0%| F|  |TAMS 0x0000000088a00000, 0x0000000088a00000| Untracked 
| 139|0x0000000088b00000, 0x0000000088b00000, 0x0000000088c00000|  0%| F|  |TAMS 0x0000000088b00000, 0x0000000088b00000| Untracked 
| 140|0x0000000088c00000, 0x0000000088c00000, 0x0000000088d00000|  0%| F|  |TAMS 0x0000000088c00000, 0x0000000088c00000| Untracked 
| 141|0x0000000088d00000, 0x0000000088d00000, 0x0000000088e00000|  0%| F|  |TAMS 0x0000000088d00000, 0x0000000088d00000| Untracked 
| 142|0x0000000088e00000, 0x0000000088e00000, 0x0000000088f00000|  0%| F|  |TAMS 0x0000000088e00000, 0x0000000088e00000| Untracked 
| 143|0x0000000088f00000, 0x0000000088f00000, 0x0000000089000000|  0%| F|  |TAMS 0x0000000088f00000, 0x0000000088f00000| Untracked 
| 144|0x0000000089000000, 0x0000000089000000, 0x0000000089100000|  0%| F|  |TAMS 0x0000000089000000, 0x0000000089000000| Untracked 
| 145|0x0000000089100000, 0x0000000089100000, 0x0000000089200000|  0%| F|  |TAMS 0x0000000089100000, 0x0000000089100000| Untracked 
| 146|0x0000000089200000, 0x0000000089200000, 0x0000000089300000|  0%| F|  |TAMS 0x0000000089200000, 0x0000000089200000| Untracked 
| 147|0x0000000089300000, 0x0000000089300000, 0x0000000089400000|  0%| F|  |TAMS 0x0000000089300000, 0x0000000089300000| Untracked 
| 148|0x0000000089400000, 0x0000000089400000, 0x0000000089500000|  0%| F|  |TAMS 0x0000000089400000, 0x0000000089400000| Untracked 
| 149|0x0000000089500000, 0x0000000089500000, 0x0000000089600000|  0%| F|  |TAMS 0x0000000089500000, 0x0000000089500000| Untracked 
| 150|0x0000000089600000, 0x0000000089600000, 0x0000000089700000|  0%| F|  |TAMS 0x0000000089600000, 0x0000000089600000| Untracked 
| 151|0x0000000089700000, 0x0000000089700000, 0x0000000089800000|  0%| F|  |TAMS 0x0000000089700000, 0x0000000089700000| Untracked 
| 152|0x0000000089800000, 0x0000000089800000, 0x0000000089900000|  0%| F|  |TAMS 0x0000000089800000, 0x0000000089800000| Untracked 
| 153|0x0000000089900000, 0x0000000089900000, 0x0000000089a00000|  0%| F|  |TAMS 0x0000000089900000, 0x0000000089900000| Untracked 
| 154|0x0000000089a00000, 0x0000000089a00000, 0x0000000089b00000|  0%| F|  |TAMS 0x0000000089a00000, 0x0000000089a00000| Untracked 
| 155|0x0000000089b00000, 0x0000000089b00000, 0x0000000089c00000|  0%| F|  |TAMS 0x0000000089b00000, 0x0000000089b00000| Untracked 
| 156|0x0000000089c00000, 0x0000000089c00000, 0x0000000089d00000|  0%| F|  |TAMS 0x0000000089c00000, 0x0000000089c00000| Untracked 
| 157|0x0000000089d00000, 0x0000000089d00000, 0x0000000089e00000|  0%| F|  |TAMS 0x0000000089d00000, 0x0000000089d00000| Untracked 
| 158|0x0000000089e00000, 0x0000000089e00000, 0x0000000089f00000|  0%| F|  |TAMS 0x0000000089e00000, 0x0000000089e00000| Untracked 
| 159|0x0000000089f00000, 0x0000000089f00000, 0x000000008a000000|  0%| F|  |TAMS 0x0000000089f00000, 0x0000000089f00000| Untracked 
| 160|0x000000008a000000, 0x000000008a000000, 0x000000008a100000|  0%| F|  |TAMS 0x000000008a000000, 0x000000008a000000| Untracked 
| 161|0x000000008a100000, 0x000000008a100000, 0x000000008a200000|  0%| F|  |TAMS 0x000000008a100000, 0x000000008a100000| Untracked 
| 162|0x000000008a200000, 0x000000008a200000, 0x000000008a300000|  0%| F|  |TAMS 0x000000008a200000, 0x000000008a200000| Untracked 
| 163|0x000000008a300000, 0x000000008a300000, 0x000000008a400000|  0%| F|  |TAMS 0x000000008a300000, 0x000000008a300000| Untracked 
| 164|0x000000008a400000, 0x000000008a44d328, 0x000000008a500000| 30%| S|CS|TAMS 0x000000008a400000, 0x000000008a400000| Complete 
| 165|0x000000008a500000, 0x000000008a600000, 0x000000008a600000|100%| S|CS|TAMS 0x000000008a500000, 0x000000008a500000| Complete 
| 166|0x000000008a600000, 0x000000008a700000, 0x000000008a700000|100%| S|CS|TAMS 0x000000008a600000, 0x000000008a600000| Complete 
| 167|0x000000008a700000, 0x000000008a700000, 0x000000008a800000|  0%| F|  |TAMS 0x000000008a700000, 0x000000008a700000| Untracked 
| 168|0x000000008a800000, 0x000000008a800000, 0x000000008a900000|  0%| F|  |TAMS 0x000000008a800000, 0x000000008a800000| Untracked 
| 169|0x000000008a900000, 0x000000008a900000, 0x000000008aa00000|  0%| F|  |TAMS 0x000000008a900000, 0x000000008a900000| Untracked 
| 170|0x000000008aa00000, 0x000000008aa00000, 0x000000008ab00000|  0%| F|  |TAMS 0x000000008aa00000, 0x000000008aa00000| Untracked 
| 171|0x000000008ab00000, 0x000000008ab00000, 0x000000008ac00000|  0%| F|  |TAMS 0x000000008ab00000, 0x000000008ab00000| Untracked 
| 172|0x000000008ac00000, 0x000000008ac00000, 0x000000008ad00000|  0%| F|  |TAMS 0x000000008ac00000, 0x000000008ac00000| Untracked 
| 173|0x000000008ad00000, 0x000000008ad00000, 0x000000008ae00000|  0%| F|  |TAMS 0x000000008ad00000, 0x000000008ad00000| Untracked 
| 174|0x000000008ae00000, 0x000000008ae00000, 0x000000008af00000|  0%| F|  |TAMS 0x000000008ae00000, 0x000000008ae00000| Untracked 
| 175|0x000000008af00000, 0x000000008af00000, 0x000000008b000000|  0%| F|  |TAMS 0x000000008af00000, 0x000000008af00000| Untracked 
| 176|0x000000008b000000, 0x000000008b000000, 0x000000008b100000|  0%| F|  |TAMS 0x000000008b000000, 0x000000008b000000| Untracked 
| 177|0x000000008b100000, 0x000000008b100000, 0x000000008b200000|  0%| F|  |TAMS 0x000000008b100000, 0x000000008b100000| Untracked 
| 178|0x000000008b200000, 0x000000008b200000, 0x000000008b300000|  0%| F|  |TAMS 0x000000008b200000, 0x000000008b200000| Untracked 
| 179|0x000000008b300000, 0x000000008b300000, 0x000000008b400000|  0%| F|  |TAMS 0x000000008b300000, 0x000000008b300000| Untracked 
| 180|0x000000008b400000, 0x000000008b400000, 0x000000008b500000|  0%| F|  |TAMS 0x000000008b400000, 0x000000008b400000| Untracked 
| 181|0x000000008b500000, 0x000000008b500000, 0x000000008b600000|  0%| F|  |TAMS 0x000000008b500000, 0x000000008b500000| Untracked 
| 182|0x000000008b600000, 0x000000008b600000, 0x000000008b700000|  0%| F|  |TAMS 0x000000008b600000, 0x000000008b600000| Untracked 
| 183|0x000000008b700000, 0x000000008b700000, 0x000000008b800000|  0%| F|  |TAMS 0x000000008b700000, 0x000000008b700000| Untracked 
| 184|0x000000008b800000, 0x000000008b800000, 0x000000008b900000|  0%| F|  |TAMS 0x000000008b800000, 0x000000008b800000| Untracked 
| 185|0x000000008b900000, 0x000000008b900000, 0x000000008ba00000|  0%| F|  |TAMS 0x000000008b900000, 0x000000008b900000| Untracked 
| 186|0x000000008ba00000, 0x000000008ba00000, 0x000000008bb00000|  0%| F|  |TAMS 0x000000008ba00000, 0x000000008ba00000| Untracked 
| 187|0x000000008bb00000, 0x000000008bb00000, 0x000000008bc00000|  0%| F|  |TAMS 0x000000008bb00000, 0x000000008bb00000| Untracked 
| 188|0x000000008bc00000, 0x000000008bc00000, 0x000000008bd00000|  0%| F|  |TAMS 0x000000008bc00000, 0x000000008bc00000| Untracked 
| 189|0x000000008bd00000, 0x000000008bd00000, 0x000000008be00000|  0%| F|  |TAMS 0x000000008bd00000, 0x000000008bd00000| Untracked 
| 190|0x000000008be00000, 0x000000008be00000, 0x000000008bf00000|  0%| F|  |TAMS 0x000000008be00000, 0x000000008be00000| Untracked 
| 191|0x000000008bf00000, 0x000000008bf00000, 0x000000008c000000|  0%| F|  |TAMS 0x000000008bf00000, 0x000000008bf00000| Untracked 
| 192|0x000000008c000000, 0x000000008c000000, 0x000000008c100000|  0%| F|  |TAMS 0x000000008c000000, 0x000000008c000000| Untracked 
| 193|0x000000008c100000, 0x000000008c100000, 0x000000008c200000|  0%| F|  |TAMS 0x000000008c100000, 0x000000008c100000| Untracked 
| 194|0x000000008c200000, 0x000000008c200000, 0x000000008c300000|  0%| F|  |TAMS 0x000000008c200000, 0x000000008c200000| Untracked 
| 195|0x000000008c300000, 0x000000008c300000, 0x000000008c400000|  0%| F|  |TAMS 0x000000008c300000, 0x000000008c300000| Untracked 
| 196|0x000000008c400000, 0x000000008c400000, 0x000000008c500000|  0%| F|  |TAMS 0x000000008c400000, 0x000000008c400000| Untracked 
| 197|0x000000008c500000, 0x000000008c500000, 0x000000008c600000|  0%| F|  |TAMS 0x000000008c500000, 0x000000008c500000| Untracked 
| 198|0x000000008c600000, 0x000000008c600000, 0x000000008c700000|  0%| F|  |TAMS 0x000000008c600000, 0x000000008c600000| Untracked 
| 199|0x000000008c700000, 0x000000008c700000, 0x000000008c800000|  0%| F|  |TAMS 0x000000008c700000, 0x000000008c700000| Untracked 
| 200|0x000000008c800000, 0x000000008c800000, 0x000000008c900000|  0%| F|  |TAMS 0x000000008c800000, 0x000000008c800000| Untracked 
| 201|0x000000008c900000, 0x000000008c900000, 0x000000008ca00000|  0%| F|  |TAMS 0x000000008c900000, 0x000000008c900000| Untracked 
| 202|0x000000008ca00000, 0x000000008ca00000, 0x000000008cb00000|  0%| F|  |TAMS 0x000000008ca00000, 0x000000008ca00000| Untracked 
| 203|0x000000008cb00000, 0x000000008cb00000, 0x000000008cc00000|  0%| F|  |TAMS 0x000000008cb00000, 0x000000008cb00000| Untracked 
| 204|0x000000008cc00000, 0x000000008cc00000, 0x000000008cd00000|  0%| F|  |TAMS 0x000000008cc00000, 0x000000008cc00000| Untracked 
| 205|0x000000008cd00000, 0x000000008cd00000, 0x000000008ce00000|  0%| F|  |TAMS 0x000000008cd00000, 0x000000008cd00000| Untracked 
| 206|0x000000008ce00000, 0x000000008ce00000, 0x000000008cf00000|  0%| F|  |TAMS 0x000000008ce00000, 0x000000008ce00000| Untracked 
| 207|0x000000008cf00000, 0x000000008cf00000, 0x000000008d000000|  0%| F|  |TAMS 0x000000008cf00000, 0x000000008cf00000| Untracked 
| 208|0x000000008d000000, 0x000000008d000000, 0x000000008d100000|  0%| F|  |TAMS 0x000000008d000000, 0x000000008d000000| Untracked 

Card table byte_map: [0x0000020aab410000,0x0000020aab810000] _byte_map_base: 0x0000020aab010000

Marking Bits (Prev, Next): (CMBitMap*) 0x0000020a9886e010, (CMBitMap*) 0x0000020a9886dfd0
 Prev Bits: [0x0000020aadc10000, 0x0000020aafc10000)
 Next Bits: [0x0000020aabc10000, 0x0000020aadc10000)

Polling page: 0x0000020a967b0000

Metaspace:

Usage:
  Non-class:     77.75 MB used.
      Class:     12.27 MB used.
       Both:     90.02 MB used.

Virtual space:
  Non-class space:       80.00 MB reserved,      78.12 MB ( 98%) committed,  10 nodes.
      Class space:        1.00 GB reserved,      12.62 MB (  1%) committed,  1 nodes.
             Both:        1.08 GB reserved,      90.75 MB (  8%) committed. 

Chunk freelists:
   Non-Class:  1.20 MB
       Class:  3.42 MB
        Both:  4.62 MB

MaxMetaspaceSize: unlimited
CompressedClassSpaceSize: 1.00 GB
Initial GC threshold: 21.00 MB
Current GC threshold: 136.06 MB
CDS: off
MetaspaceReclaimPolicy: balanced
 - commit_granule_bytes: 65536.
 - commit_granule_words: 8192.
 - virtual_space_node_default_size: 1048576.
 - enlarge_chunks_in_place: 1.
 - new_chunks_are_fully_committed: 0.
 - uncommit_free_chunks: 1.
 - use_allocation_guard: 0.
 - handle_deallocations: 1.


Internal statistics:

num_allocs_failed_limit: 3.
num_arena_births: 896.
num_arena_deaths: 4.
num_vsnodes_births: 11.
num_vsnodes_deaths: 0.
num_space_committed: 1452.
num_space_uncommitted: 0.
num_chunks_returned_to_freelist: 12.
num_chunks_taken_from_freelist: 4290.
num_chunk_merges: 5.
num_chunk_splits: 2856.
num_chunks_enlarged: 1918.
num_purges: 4.
num_inconsistent_stats: 0.

CodeHeap 'non-profiled nmethods': size=120000Kb used=4765Kb max_used=5427Kb free=115234Kb
 bounds [0x0000020aa37a0000, 0x0000020aa3cf0000, 0x0000020aaacd0000]
CodeHeap 'profiled nmethods': size=120000Kb used=15460Kb max_used=17168Kb free=104539Kb
 bounds [0x0000020a9bcd0000, 0x0000020a9cda0000, 0x0000020aa3200000]
CodeHeap 'non-nmethods': size=5760Kb used=2387Kb max_used=2496Kb free=3372Kb
 bounds [0x0000020aa3200000, 0x0000020aa3490000, 0x0000020aa37a0000]
 total_blobs=9052 nmethods=8130 adapters=833
 compilation: enabled
              stopped_count=0, restarted_count=0
 full_count=0

Compilation events (20 events):
Event: 8.059 Thread 0x0000020ab3038b50 9580       3       com.sun.xml.bind.v2.util.QNameMap::get (18 bytes)
Event: 8.059 Thread 0x0000020ab3038b50 nmethod 9580 0x0000020a9c085610 code [0x0000020a9c0857c0, 0x0000020a9c085968]
Event: 8.059 Thread 0x0000020ab3038b50 9582       3       com.sun.xml.bind.v2.model.impl.RuntimeTypeRefImpl::getTarget (5 bytes)
Event: 8.059 Thread 0x0000020ab3038b50 nmethod 9582 0x0000020a9bfbdf10 code [0x0000020a9bfbe0c0, 0x0000020a9bfbe408]
Event: 8.060 Thread 0x0000020ab3038b50 9583       1       com.sun.xml.bind.v2.model.impl.TypeRefImpl::isNillable (5 bytes)
Event: 8.060 Thread 0x0000020ab3038b50 nmethod 9583 0x0000020aa39a2490 code [0x0000020aa39a2620, 0x0000020aa39a26f8]
Event: 8.060 Thread 0x0000020ab3038b50 9584       3       com.sun.xml.bind.v2.runtime.NameBuilder::allocIndex (39 bytes)
Event: 8.060 Thread 0x0000020ab3038b50 nmethod 9584 0x0000020a9c390a10 code [0x0000020a9c390c00, 0x0000020a9c391238]
Event: 8.060 Thread 0x0000020ab3038b50 9586       3       com.sun.xml.bind.v2.util.QNameMap::hash (36 bytes)
Event: 8.060 Thread 0x0000020ab3038b50 nmethod 9586 0x0000020a9bf64b10 code [0x0000020a9bf64ca0, 0x0000020a9bf64de8]
Event: 8.060 Thread 0x0000020ab3038b50 9585       3       com.sun.xml.bind.v2.runtime.Name::<init> (41 bytes)
Event: 8.060 Thread 0x0000020ab3038b50 nmethod 9585 0x0000020a9c0a8990 code [0x0000020a9c0a8b40, 0x0000020a9c0a8d78]
Event: 8.060 Thread 0x0000020ab3038b50 9589       3       com.sun.istack.FinalArrayList::<init> (5 bytes)
Event: 8.060 Thread 0x0000020ab3038b50 nmethod 9589 0x0000020a9bfe6790 code [0x0000020a9bfe6940, 0x0000020a9bfe6c38]
Event: 8.061 Thread 0x0000020ab3038b50 9587       1       com.sun.xml.bind.v2.runtime.property.PropertyImpl::hasSerializeURIAction (2 bytes)
Event: 8.061 Thread 0x0000020ab3038b50 nmethod 9587 0x0000020aa39a7390 code [0x0000020aa39a7520, 0x0000020aa39a75f8]
Event: 8.061 Thread 0x0000020ab3038b50 9590       3       com.sun.xml.bind.v2.runtime.JAXBContextImpl::getOrCreate (47 bytes)
Event: 8.061 Thread 0x0000020ab3038b50 nmethod 9590 0x0000020a9c174890 code [0x0000020a9c174a60, 0x0000020a9c174f08]
Event: 8.061 Thread 0x0000020ab3038b50 9588       1       com.sun.xml.bind.v2.model.impl.TypeRefImpl::getDefaultValue (5 bytes)
Event: 8.061 Thread 0x0000020ab3038b50 nmethod 9588 0x0000020aa39a7010 code [0x0000020aa39a71a0, 0x0000020aa39a7278]

GC Heap History (20 events):
Event: 5.344 GC heap after
{Heap after GC invocations=31 (full 0):
 garbage-first heap   total 177152K, used 86907K [0x0000000080000000, 0x0000000100000000)
  region size 1024K, 1 young (1024K), 1 survivors (1024K)
 Metaspace       used 62942K, committed 63552K, reserved 1105920K
  class space    used 8469K, committed 8704K, reserved 1048576K
}
Event: 5.827 GC heap before
{Heap before GC invocations=31 (full 0):
 garbage-first heap   total 177152K, used 125819K [0x0000000080000000, 0x0000000100000000)
  region size 1024K, 40 young (40960K), 1 survivors (1024K)
 Metaspace       used 70182K, committed 70848K, reserved 1114112K
  class space    used 9383K, committed 9664K, reserved 1048576K
}
Event: 5.829 GC heap after
{Heap after GC invocations=32 (full 0):
 garbage-first heap   total 177152K, used 89372K [0x0000000080000000, 0x0000000100000000)
  region size 1024K, 3 young (3072K), 3 survivors (3072K)
 Metaspace       used 70182K, committed 70848K, reserved 1114112K
  class space    used 9383K, committed 9664K, reserved 1048576K
}
Event: 6.228 GC heap before
{Heap before GC invocations=33 (full 0):
 garbage-first heap   total 177152K, used 145692K [0x0000000080000000, 0x0000000100000000)
  region size 1024K, 52 young (53248K), 3 survivors (3072K)
 Metaspace       used 74071K, committed 74752K, reserved 1114112K
  class space    used 9898K, committed 10176K, reserved 1048576K
}
Event: 6.232 GC heap after
{Heap after GC invocations=34 (full 0):
 garbage-first heap   total 177152K, used 93300K [0x0000000080000000, 0x0000000100000000)
  region size 1024K, 7 young (7168K), 7 survivors (7168K)
 Metaspace       used 74071K, committed 74752K, reserved 1114112K
  class space    used 9898K, committed 10176K, reserved 1048576K
}
Event: 6.244 GC heap before
{Heap before GC invocations=34 (full 0):
 garbage-first heap   total 177152K, used 94324K [0x0000000080000000, 0x0000000100000000)
  region size 1024K, 8 young (8192K), 7 survivors (7168K)
 Metaspace       used 74171K, committed 74816K, reserved 1114112K
  class space    used 9917K, committed 10176K, reserved 1048576K
}
Event: 6.248 GC heap after
{Heap after GC invocations=35 (full 0):
 garbage-first heap   total 177152K, used 93732K [0x0000000080000000, 0x0000000100000000)
  region size 1024K, 1 young (1024K), 1 survivors (1024K)
 Metaspace       used 74171K, committed 74816K, reserved 1114112K
  class space    used 9917K, committed 10176K, reserved 1048576K
}
Event: 6.552 GC heap before
{Heap before GC invocations=35 (full 0):
 garbage-first heap   total 177152K, used 140836K [0x0000000080000000, 0x0000000100000000)
  region size 1024K, 47 young (48128K), 1 survivors (1024K)
 Metaspace       used 75735K, committed 76416K, reserved 1122304K
  class space    used 10124K, committed 10432K, reserved 1048576K
}
Event: 6.554 GC heap after
{Heap after GC invocations=36 (full 0):
 garbage-first heap   total 177152K, used 96345K [0x0000000080000000, 0x0000000100000000)
  region size 1024K, 4 young (4096K), 4 survivors (4096K)
 Metaspace       used 75735K, committed 76416K, reserved 1122304K
  class space    used 10124K, committed 10432K, reserved 1048576K
}
Event: 7.015 GC heap before
{Heap before GC invocations=37 (full 0):
 garbage-first heap   total 177152K, used 143449K [0x0000000080000000, 0x0000000100000000)
  region size 1024K, 49 young (50176K), 4 survivors (4096K)
 Metaspace       used 81060K, committed 81728K, reserved 1122304K
  class space    used 11054K, committed 11328K, reserved 1048576K
}
Event: 7.018 GC heap after
{Heap after GC invocations=38 (full 0):
 garbage-first heap   total 177152K, used 98926K [0x0000000080000000, 0x0000000100000000)
  region size 1024K, 7 young (7168K), 7 survivors (7168K)
 Metaspace       used 81060K, committed 81728K, reserved 1122304K
  class space    used 11054K, committed 11328K, reserved 1048576K
}
Event: 7.025 GC heap before
{Heap before GC invocations=38 (full 0):
 garbage-first heap   total 177152K, used 99950K [0x0000000080000000, 0x0000000100000000)
  region size 1024K, 8 young (8192K), 7 survivors (7168K)
 Metaspace       used 81156K, committed 81792K, reserved 1122304K
  class space    used 11064K, committed 11328K, reserved 1048576K
}
Event: 7.029 GC heap after
{Heap after GC invocations=39 (full 0):
 garbage-first heap   total 177152K, used 99058K [0x0000000080000000, 0x0000000100000000)
  region size 1024K, 1 young (1024K), 1 survivors (1024K)
 Metaspace       used 81156K, committed 81792K, reserved 1122304K
  class space    used 11064K, committed 11328K, reserved 1048576K
}
Event: 7.202 GC heap before
{Heap before GC invocations=39 (full 0):
 garbage-first heap   total 177152K, used 112370K [0x0000000080000000, 0x0000000100000000)
  region size 1024K, 16 young (16384K), 1 survivors (1024K)
 Metaspace       used 82866K, committed 83520K, reserved 1122304K
  class space    used 11294K, committed 11584K, reserved 1048576K
}
Event: 7.204 GC heap after
{Heap after GC invocations=40 (full 0):
 garbage-first heap   total 177152K, used 100800K [0x0000000080000000, 0x0000000100000000)
  region size 1024K, 3 young (3072K), 3 survivors (3072K)
 Metaspace       used 82866K, committed 83520K, reserved 1122304K
  class space    used 11294K, committed 11584K, reserved 1048576K
}
Event: 7.605 GC heap before
{Heap before GC invocations=41 (full 0):
 garbage-first heap   total 214016K, used 164288K [0x0000000080000000, 0x0000000100000000)
  region size 1024K, 44 young (45056K), 3 survivors (3072K)
 Metaspace       used 86089K, committed 86784K, reserved 1130496K
  class space    used 11771K, committed 12032K, reserved 1048576K
}
Event: 7.610 GC heap after
{Heap after GC invocations=42 (full 0):
 garbage-first heap   total 214016K, used 130214K [0x0000000080000000, 0x0000000100000000)
  region size 1024K, 6 young (6144K), 6 survivors (6144K)
 Metaspace       used 86089K, committed 86784K, reserved 1130496K
  class space    used 11771K, committed 12032K, reserved 1048576K
}
Event: 7.636 GC heap before
{Heap before GC invocations=42 (full 0):
 garbage-first heap   total 214016K, used 134310K [0x0000000080000000, 0x0000000100000000)
  region size 1024K, 10 young (10240K), 6 survivors (6144K)
 Metaspace       used 86409K, committed 87104K, reserved 1130496K
  class space    used 11823K, committed 12096K, reserved 1048576K
}
Event: 7.639 GC heap after
{Heap after GC invocations=43 (full 0):
 garbage-first heap   total 214016K, used 130194K [0x0000000080000000, 0x0000000100000000)
  region size 1024K, 1 young (1024K), 1 survivors (1024K)
 Metaspace       used 86409K, committed 87104K, reserved 1130496K
  class space    used 11823K, committed 12096K, reserved 1048576K
}
Event: 8.068 GC heap before
{Heap before GC invocations=43 (full 0):
 garbage-first heap   total 214016K, used 172178K [0x0000000080000000, 0x0000000100000000)
  region size 1024K, 42 young (43008K), 1 survivors (1024K)
 Metaspace       used 92180K, committed 92928K, reserved 1130496K
  class space    used 12564K, committed 12928K, reserved 1048576K
}

Dll operation events (2 events):
Event: 0.006 Loaded shared library C:\Program Files\Android\Android Studio\jbr\bin\java.dll
Event: 0.281 Loaded shared library C:\Program Files\Android\Android Studio\jbr\bin\verify.dll

Deoptimization events (20 events):
Event: 7.795 Thread 0x0000020ab5a1c170 Uncommon trap: trap_request=0xffffffde fr.pc=0x0000020aa3c4b440 relative=0x0000000000000500
Event: 7.795 Thread 0x0000020ab5a1c170 Uncommon trap: reason=class_check action=maybe_recompile pc=0x0000020aa3c4b440 method=java.util.regex.Matcher.search(I)Z @ 121 c2
Event: 7.795 Thread 0x0000020ab5a1c170 DEOPT PACKING pc=0x0000020aa3c4b440 sp=0x000000d83a3fb470
Event: 7.795 Thread 0x0000020ab5a1c170 DEOPT UNPACKING pc=0x0000020aa32569a3 sp=0x000000d83a3fb430 mode 2
Event: 7.796 Thread 0x0000020ab5a1c170 Uncommon trap: trap_request=0xffffffde fr.pc=0x0000020aa3c4b440 relative=0x0000000000000500
Event: 7.796 Thread 0x0000020ab5a1c170 Uncommon trap: reason=class_check action=maybe_recompile pc=0x0000020aa3c4b440 method=java.util.regex.Matcher.search(I)Z @ 121 c2
Event: 7.796 Thread 0x0000020ab5a1c170 DEOPT PACKING pc=0x0000020aa3c4b440 sp=0x000000d83a3fb710
Event: 7.796 Thread 0x0000020ab5a1c170 DEOPT UNPACKING pc=0x0000020aa32569a3 sp=0x000000d83a3fb6d0 mode 2
Event: 7.796 Thread 0x0000020ab5a1c170 Uncommon trap: trap_request=0xffffffde fr.pc=0x0000020aa3c4b440 relative=0x0000000000000500
Event: 7.796 Thread 0x0000020ab5a1c170 Uncommon trap: reason=class_check action=maybe_recompile pc=0x0000020aa3c4b440 method=java.util.regex.Matcher.search(I)Z @ 121 c2
Event: 7.796 Thread 0x0000020ab5a1c170 DEOPT PACKING pc=0x0000020aa3c4b440 sp=0x000000d83a3fb460
Event: 7.796 Thread 0x0000020ab5a1c170 DEOPT UNPACKING pc=0x0000020aa32569a3 sp=0x000000d83a3fb420 mode 2
Event: 7.950 Thread 0x0000020ab5a1c170 Uncommon trap: trap_request=0xffffffde fr.pc=0x0000020aa3b30288 relative=0x0000000000002228
Event: 7.950 Thread 0x0000020ab5a1c170 Uncommon trap: reason=class_check action=maybe_recompile pc=0x0000020aa3b30288 method=java.lang.Class.createAnnotationData(I)Ljava/lang/Class$AnnotationData; @ 103 c2
Event: 7.950 Thread 0x0000020ab5a1c170 DEOPT PACKING pc=0x0000020aa3b30288 sp=0x000000d83a3f8950
Event: 7.950 Thread 0x0000020ab5a1c170 DEOPT UNPACKING pc=0x0000020aa32569a3 sp=0x000000d83a3f87a8 mode 2
Event: 7.971 Thread 0x0000020ab5a1c170 Uncommon trap: trap_request=0xfffffff4 fr.pc=0x0000020aa3b30438 relative=0x00000000000023d8
Event: 7.971 Thread 0x0000020ab5a1c170 Uncommon trap: reason=null_check action=make_not_entrant pc=0x0000020aa3b30438 method=java.lang.Class.createAnnotationData(I)Ljava/lang/Class$AnnotationData; @ 14 c2
Event: 7.971 Thread 0x0000020ab5a1c170 DEOPT PACKING pc=0x0000020aa3b30438 sp=0x000000d83a3f7df0
Event: 7.971 Thread 0x0000020ab5a1c170 DEOPT UNPACKING pc=0x0000020aa32569a3 sp=0x000000d83a3f7d70 mode 2

Classes unloaded (9 events):
Event: 5.864 Thread 0x0000020ab2674150 Unloading class 0x0000000100824560 '_BuildScript_$_run_closure1'
Event: 5.864 Thread 0x0000020ab2674150 Unloading class 0x0000000100824000 '_BuildScript_'
Event: 7.246 Thread 0x0000020ab2674150 Unloading class 0x0000000100a00000 '_BuildScript_$_run_closure2'
Event: 7.246 Thread 0x0000020ab2674150 Unloading class 0x00000001009fb820 '_BuildScript_$_run_closure1$_closure5'
Event: 7.246 Thread 0x0000020ab2674150 Unloading class 0x00000001009fb410 '_BuildScript_$_run_closure1$_closure4$_closure6'
Event: 7.246 Thread 0x0000020ab2674150 Unloading class 0x00000001009fb000 '_BuildScript_$_run_closure1$_closure4'
Event: 7.246 Thread 0x0000020ab2674150 Unloading class 0x00000001009fa970 '_BuildScript_$_run_closure1$_closure3'
Event: 7.246 Thread 0x0000020ab2674150 Unloading class 0x00000001009fa560 '_BuildScript_$_run_closure1'
Event: 7.246 Thread 0x0000020ab2674150 Unloading class 0x00000001009fa000 '_BuildScript_'

Classes redefined (0 events):
No events

Internal exceptions (20 events):
Event: 7.650 Thread 0x0000020ab5a1c170 Exception <a 'java/lang/ClassNotFoundException'{0x000000008cf38db8}: org/gradle/internal/service/scopes/ProjectScopeServicesCustomizer> (0x000000008cf38db8) 
thrown [s\src\hotspot\share\classfile\systemDictionary.cpp, line 256]
Event: 7.651 Thread 0x0000020ab5a1c170 Exception <a 'java/lang/ClassNotFoundException'{0x000000008cf53db0}: org/gradle/api/internal/catalog/DefaultDependenciesAccessorsBeanInfo> (0x000000008cf53db0) 
thrown [s\src\hotspot\share\classfile\systemDictionary.cpp, line 256]
Event: 7.651 Thread 0x0000020ab5a1c170 Exception <a 'java/lang/ClassNotFoundException'{0x000000008cf5dd70}: org/gradle/api/internal/catalog/DefaultDependenciesAccessorsCustomizer> (0x000000008cf5dd70) 
thrown [s\src\hotspot\share\classfile\systemDictionary.cpp, line 256]
Event: 7.653 Thread 0x0000020ab5a1c170 Exception <a 'java/lang/ClassNotFoundException'{0x000000008cf7f9c8}: org/gradle/internal/classpath/DefaultClassPathBeanInfo> (0x000000008cf7f9c8) 
thrown [s\src\hotspot\share\classfile\systemDictionary.cpp, line 256]
Event: 7.653 Thread 0x0000020ab5a1c170 Exception <a 'java/lang/ClassNotFoundException'{0x000000008ce050c8}: org/gradle/internal/classpath/DefaultClassPathCustomizer> (0x000000008ce050c8) 
thrown [s\src\hotspot\share\classfile\systemDictionary.cpp, line 256]
Event: 7.656 Thread 0x0000020ab5a1c170 Exception <a 'java/lang/ClassNotFoundException'{0x000000008cd1b298}: org/gradle/internal/classpath/DefaultClassPath$ImmutableUniqueListBeanInfo> (0x000000008cd1b298) 
thrown [s\src\hotspot\share\classfile\systemDictionary.cpp, line 256]
Event: 7.656 Thread 0x0000020ab5a1c170 Exception <a 'java/lang/ClassNotFoundException'{0x000000008cd1f838}: java/util/AbstractListBeanInfo> (0x000000008cd1f838) 
thrown [s\src\hotspot\share\classfile\systemDictionary.cpp, line 256]
Event: 7.656 Thread 0x0000020ab5a1c170 Exception <a 'java/lang/ClassNotFoundException'{0x000000008cd23db0}: java/util/AbstractListCustomizer> (0x000000008cd23db0) 
thrown [s\src\hotspot\share\classfile\systemDictionary.cpp, line 256]
Event: 7.657 Thread 0x0000020ab5a1c170 Exception <a 'java/lang/ClassNotFoundException'{0x000000008cd37028}: org/gradle/internal/classpath/DefaultClassPath$ImmutableUniqueListCustomizer> (0x000000008cd37028) 
thrown [s\src\hotspot\share\classfile\systemDictionary.cpp, line 256]
Event: 7.660 Thread 0x0000020ab5a1c170 Exception <a 'java/lang/ClassNotFoundException'{0x000000008cd79e98}: org/jetbrains/plugins/gradle/model/DefaultDependencyAccessorsModelBeanInfo> (0x000000008cd79e98) 
thrown [s\src\hotspot\share\classfile\systemDictionary.cpp, line 256]
Event: 7.661 Thread 0x0000020ab5a1c170 Exception <a 'java/lang/ClassNotFoundException'{0x000000008cd82588}: org/jetbrains/plugins/gradle/model/DefaultDependencyAccessorsModelCustomizer> (0x000000008cd82588) 
thrown [s\src\hotspot\share\classfile\systemDictionary.cpp, line 256]
Event: 7.665 Thread 0x0000020ab6d9c940 Exception <a 'java/lang/NoSuchMethodError'{0x000000008cfef1a8}: static Lorg/jetbrains/plugins/gradle/tooling/internal/VersionCatalogsModelImpl;.<clinit>()V> (0x000000008cfef1a8) 
thrown [s\src\hotspot\share\prims\jni.cpp, line 1108]
Event: 7.670 Thread 0x0000020ab5a1c170 Exception <a 'java/lang/ClassNotFoundException'{0x000000008cad8ae8}: org/gradle/api/internal/tasks/DefaultSourceSetContainer_DecoratedBeanInfo> (0x000000008cad8ae8) 
thrown [s\src\hotspot\share\classfile\systemDictionary.cpp, line 256]
Event: 7.670 Thread 0x0000020ab5a1c170 Exception <a 'java/lang/ClassNotFoundException'{0x000000008cae2a50}: org/gradle/api/internal/tasks/DefaultSourceSetContainerBeanInfo> (0x000000008cae2a50) 
thrown [s\src\hotspot\share\classfile\systemDictionary.cpp, line 256]
Event: 7.671 Thread 0x0000020ab5a1c170 Exception <a 'java/lang/ClassNotFoundException'{0x000000008caec9d8}: org/gradle/api/internal/tasks/DefaultSourceSetContainerCustomizer> (0x000000008caec9d8) 
thrown [s\src\hotspot\share\classfile\systemDictionary.cpp, line 256]
Event: 7.671 Thread 0x0000020ab5a1c170 Exception <a 'java/lang/ClassNotFoundException'{0x000000008c902608}: org/gradle/api/internal/tasks/DefaultSourceSetContainer_DecoratedCustomizer> (0x000000008c902608) 
thrown [s\src\hotspot\share\classfile\systemDictionary.cpp, line 256]
Event: 7.700 Thread 0x0000020ab6d9c940 Exception <a 'java/lang/NoSuchMethodError'{0x000000008c713fd8}: static Lorg/jetbrains/plugins/gradle/tooling/serialization/internal/adapter/kotlin/dsl/InternalKotlinDslScriptsModel;.<clinit>()V> (0x000000008c713fd8) 
thrown [s\src\hotspot\share\prims\jni.cpp, line 1108]
Event: 7.850 Thread 0x0000020ab5a1c170 Exception <a 'sun/nio/fs/WindowsException'{0x000000008baa8f00}> (0x000000008baa8f00) 
thrown [s\src\hotspot\share\prims\jni.cpp, line 517]
Event: 7.916 Thread 0x0000020ab5a1c170 Exception <a 'java/lang/NullPointerException'{0x000000008b3b3a60}> (0x000000008b3b3a60) 
thrown [s\src\hotspot\share\interpreter\linkResolver.cpp, line 1447]
Event: 7.971 Thread 0x0000020ab5a1c170 Implicit null exception at 0x0000020aa3b2e121 to 0x0000020aa3b30428

VM Operations (20 events):
Event: 7.396 Executing VM operation: HandshakeAllThreads done
Event: 7.466 Executing VM operation: ICBufferFull
Event: 7.466 Executing VM operation: ICBufferFull done
Event: 7.480 Executing VM operation: HandshakeAllThreads
Event: 7.480 Executing VM operation: HandshakeAllThreads done
Event: 7.481 Executing VM operation: HandshakeAllThreads
Event: 7.482 Executing VM operation: HandshakeAllThreads done
Event: 7.605 Executing VM operation: G1CollectForAllocation
Event: 7.610 Executing VM operation: G1CollectForAllocation done
Event: 7.636 Executing VM operation: G1CollectForAllocation
Event: 7.639 Executing VM operation: G1CollectForAllocation done
Event: 7.819 Executing VM operation: HandshakeAllThreads
Event: 7.819 Executing VM operation: HandshakeAllThreads done
Event: 7.894 Executing VM operation: HandshakeAllThreads
Event: 7.894 Executing VM operation: HandshakeAllThreads done
Event: 7.894 Executing VM operation: HandshakeAllThreads
Event: 7.894 Executing VM operation: HandshakeAllThreads done
Event: 7.929 Executing VM operation: HandshakeAllThreads
Event: 7.929 Executing VM operation: HandshakeAllThreads done
Event: 8.068 Executing VM operation: G1CollectForAllocation

Events (20 events):
Event: 7.938 Thread 0x0000020ab303b460 flushing nmethod 0x0000020a9cbeec10
Event: 7.938 Thread 0x0000020ab303b460 flushing nmethod 0x0000020a9cbf1390
Event: 7.938 Thread 0x0000020ab303b460 flushing nmethod 0x0000020a9cc1f590
Event: 7.938 Thread 0x0000020ab303b460 flushing nmethod 0x0000020a9cc26890
Event: 7.997 loading class java/lang/Package$1PackageInfoProxy
Event: 7.997 loading class java/lang/Package$1PackageInfoProxy done
Event: 8.039 loading class java/lang/InstantiationError
Event: 8.039 loading class java/lang/InstantiationError done
Event: 8.049 loading class java/util/Stack
Event: 8.049 loading class java/util/Stack done
Event: 8.050 loading class java/lang/ExceptionInInitializerError
Event: 8.050 loading class java/lang/ExceptionInInitializerError done
Event: 8.064 loading class org/xml/sax/ContentHandler
Event: 8.064 loading class org/xml/sax/ContentHandler done
Event: 8.064 loading class org/xml/sax/helpers/DefaultHandler
Event: 8.065 loading class org/xml/sax/EntityResolver
Event: 8.065 loading class org/xml/sax/EntityResolver done
Event: 8.065 loading class org/xml/sax/DTDHandler
Event: 8.065 loading class org/xml/sax/DTDHandler done
Event: 8.065 loading class org/xml/sax/helpers/DefaultHandler done


Dynamic libraries:
0x00007ff6b44a0000 - 0x00007ff6b44aa000 	C:\Program Files\Android\Android Studio\jbr\bin\java.exe
0x00007fff8f610000 - 0x00007fff8f827000 	C:\WINDOWS\SYSTEM32\ntdll.dll
0x00007fff8eeb0000 - 0x00007fff8ef74000 	C:\WINDOWS\System32\KERNEL32.DLL
0x00007fff8cdc0000 - 0x00007fff8d177000 	C:\WINDOWS\System32\KERNELBASE.dll
0x00007fff8d220000 - 0x00007fff8d331000 	C:\WINDOWS\System32\ucrtbase.dll
0x00007fff79e80000 - 0x00007fff79e9b000 	C:\Program Files\Android\Android Studio\jbr\bin\VCRUNTIME140.dll
0x00007fff88170000 - 0x00007fff88187000 	C:\Program Files\Android\Android Studio\jbr\bin\jli.dll
0x00007fff8f270000 - 0x00007fff8f41f000 	C:\WINDOWS\System32\USER32.dll
0x00007fff8cad0000 - 0x00007fff8caf6000 	C:\WINDOWS\System32\win32u.dll
0x00007fff7a310000 - 0x00007fff7a5a3000 	C:\WINDOWS\WinSxS\amd64_microsoft.windows.common-controls_6595b64144ccf1df_6.0.22621.3672_none_2713b9d173822955\COMCTL32.dll
0x00007fff8ef80000 - 0x00007fff8efa9000 	C:\WINDOWS\System32\GDI32.dll
0x00007fff8db40000 - 0x00007fff8dbe7000 	C:\WINDOWS\System32\msvcrt.dll
0x00007fff8cb30000 - 0x00007fff8cc48000 	C:\WINDOWS\System32\gdi32full.dll
0x00007fff8d180000 - 0x00007fff8d21a000 	C:\WINDOWS\System32\msvcp_win.dll
0x00007fff8e930000 - 0x00007fff8e961000 	C:\WINDOWS\System32\IMM32.DLL
0x00007fff86d70000 - 0x00007fff86d7c000 	C:\Program Files\Android\Android Studio\jbr\bin\vcruntime140_1.dll
0x00007fff65300000 - 0x00007fff6538d000 	C:\Program Files\Android\Android Studio\jbr\bin\msvcp140.dll
0x00007fff40c60000 - 0x00007fff418ce000 	C:\Program Files\Android\Android Studio\jbr\bin\server\jvm.dll
0x00007fff8d900000 - 0x00007fff8d9b2000 	C:\WINDOWS\System32\ADVAPI32.dll
0x00007fff8e680000 - 0x00007fff8e728000 	C:\WINDOWS\System32\sechost.dll
0x00007fff8cb00000 - 0x00007fff8cb28000 	C:\WINDOWS\System32\bcrypt.dll
0x00007fff8e990000 - 0x00007fff8eaa4000 	C:\WINDOWS\System32\RPCRT4.dll
0x00007fff86ba0000 - 0x00007fff86bd4000 	C:\WINDOWS\SYSTEM32\WINMM.dll
0x00007fff86be0000 - 0x00007fff86bea000 	C:\WINDOWS\SYSTEM32\VERSION.dll
0x00007fff634b0000 - 0x00007fff634b9000 	C:\WINDOWS\SYSTEM32\WSOCK32.dll
0x00007fff8f1e0000 - 0x00007fff8f251000 	C:\WINDOWS\System32\WS2_32.dll
0x00007fff8ba20000 - 0x00007fff8ba38000 	C:\WINDOWS\SYSTEM32\kernel.appcore.dll
0x00007fff5ccb0000 - 0x00007fff5ccba000 	C:\Program Files\Android\Android Studio\jbr\bin\jimage.dll
0x00007fff8a300000 - 0x00007fff8a532000 	C:\WINDOWS\SYSTEM32\DBGHELP.DLL
0x00007fff8eb10000 - 0x00007fff8ee9e000 	C:\WINDOWS\System32\combase.dll
0x00007fff8d820000 - 0x00007fff8d8f7000 	C:\WINDOWS\System32\OLEAUT32.dll
0x00007fff67ec0000 - 0x00007fff67ef2000 	C:\WINDOWS\SYSTEM32\dbgcore.DLL
0x00007fff8c9e0000 - 0x00007fff8ca5b000 	C:\WINDOWS\System32\bcryptPrimitives.dll
0x00007fff552b0000 - 0x00007fff552d5000 	C:\Program Files\Android\Android Studio\jbr\bin\java.dll
0x00007fff55cd0000 - 0x00007fff55ce8000 	C:\Program Files\Android\Android Studio\jbr\bin\zip.dll
0x00007fff8dc50000 - 0x00007fff8e4b9000 	C:\WINDOWS\System32\SHELL32.dll
0x00007fff8a810000 - 0x00007fff8b10f000 	C:\WINDOWS\SYSTEM32\windows.storage.dll
0x00007fff8a6d0000 - 0x00007fff8a80f000 	C:\WINDOWS\SYSTEM32\wintypes.dll
0x00007fff8e730000 - 0x00007fff8e829000 	C:\WINDOWS\System32\SHCORE.dll
0x00007fff8dbf0000 - 0x00007fff8dc4e000 	C:\WINDOWS\System32\shlwapi.dll
0x00007fff8c850000 - 0x00007fff8c877000 	C:\WINDOWS\SYSTEM32\profapi.dll
0x00007fff55c00000 - 0x00007fff55c19000 	C:\Program Files\Android\Android Studio\jbr\bin\net.dll
0x00007fff84da0000 - 0x00007fff84ed6000 	C:\WINDOWS\SYSTEM32\WINHTTP.dll
0x00007fff8be90000 - 0x00007fff8bef9000 	C:\WINDOWS\system32\mswsock.dll
0x00007fff51e10000 - 0x00007fff51e26000 	C:\Program Files\Android\Android Studio\jbr\bin\nio.dll
0x00007fff51d00000 - 0x00007fff51d10000 	C:\Program Files\Android\Android Studio\jbr\bin\verify.dll
0x00007fff04a90000 - 0x00007fff04ab7000 	C:\Users\scher\.gradle\native\68d5fa5c4cc2d200863cafc0d521ce42e7d3e7ee720ec0a83991735586a16f82\windows-amd64\native-platform.dll
0x00007fff4d520000 - 0x00007fff4d664000 	C:\Users\scher\.gradle\native\e376f236ea51e6404a007f0833ffe2c6e607c4080706a723a18a27aeea778392\windows-amd64\native-platform-file-events.dll
0x00007fff4b830000 - 0x00007fff4b839000 	C:\Program Files\Android\Android Studio\jbr\bin\management.dll
0x00007fff45e10000 - 0x00007fff45e1b000 	C:\Program Files\Android\Android Studio\jbr\bin\management_ext.dll
0x00007fff8eea0000 - 0x00007fff8eea8000 	C:\WINDOWS\System32\PSAPI.DLL
0x00007fff8c0d0000 - 0x00007fff8c0eb000 	C:\WINDOWS\SYSTEM32\CRYPTSP.dll
0x00007fff8b980000 - 0x00007fff8b9b5000 	C:\WINDOWS\system32\rsaenh.dll
0x00007fff8bf60000 - 0x00007fff8bf88000 	C:\WINDOWS\SYSTEM32\USERENV.dll
0x00007fff8c0f0000 - 0x00007fff8c0fc000 	C:\WINDOWS\SYSTEM32\CRYPTBASE.dll
0x00007fff8b3e0000 - 0x00007fff8b40d000 	C:\WINDOWS\SYSTEM32\IPHLPAPI.DLL
0x00007fff8efb0000 - 0x00007fff8efb9000 	C:\WINDOWS\System32\NSI.dll
0x00007fff859b0000 - 0x00007fff859c9000 	C:\WINDOWS\SYSTEM32\dhcpcsvc6.DLL
0x00007fff846f0000 - 0x00007fff8470f000 	C:\WINDOWS\SYSTEM32\dhcpcsvc.DLL
0x00007fff8b450000 - 0x00007fff8b552000 	C:\WINDOWS\SYSTEM32\DNSAPI.dll
0x00007fff881a0000 - 0x00007fff881a8000 	C:\WINDOWS\system32\wshunix.dll

dbghelp: loaded successfully - version: 4.0.5 - missing functions: none
symbol engine: initialized successfully - sym options: 0x614 - pdb path: .;C:\Program Files\Android\Android Studio\jbr\bin;C:\WINDOWS\SYSTEM32;C:\WINDOWS\WinSxS\amd64_microsoft.windows.common-controls_6595b64144ccf1df_6.0.22621.3672_none_2713b9d173822955;C:\Program Files\Android\Android Studio\jbr\bin\server;C:\Users\scher\.gradle\native\68d5fa5c4cc2d200863cafc0d521ce42e7d3e7ee720ec0a83991735586a16f82\windows-amd64;C:\Users\scher\.gradle\native\e376f236ea51e6404a007f0833ffe2c6e607c4080706a723a18a27aeea778392\windows-amd64

VM Arguments:
jvm_args: --add-opens=java.base/java.util=ALL-UNNAMED --add-opens=java.base/java.lang=ALL-UNNAMED --add-opens=java.base/java.lang.invoke=ALL-UNNAMED --add-opens=java.prefs/java.util.prefs=ALL-UNNAMED --add-opens=java.base/java.nio.charset=ALL-UNNAMED --add-opens=java.base/java.net=ALL-UNNAMED --add-opens=java.base/java.util.concurrent.atomic=ALL-UNNAMED -Xmx2048m -Dfile.encoding=UTF-8 -Duser.country=BR -Duser.language=pt -Duser.variant 
java_command: org.gradle.launcher.daemon.bootstrap.GradleDaemon 8.0
java_class_path (initial): C:\Users\scher\.gradle\wrapper\dists\gradle-8.0-bin\ca5e32bp14vu59qr306oxotwh\gradle-8.0\lib\gradle-launcher-8.0.jar
Launcher Type: SUN_STANDARD

[Global flags]
     intx CICompilerCount                          = 4                                         {product} {ergonomic}
     uint ConcGCThreads                            = 2                                         {product} {ergonomic}
     uint G1ConcRefinementThreads                  = 8                                         {product} {ergonomic}
   size_t G1HeapRegionSize                         = 1048576                                   {product} {ergonomic}
    uintx GCDrainStackTargetSize                   = 64                                        {product} {ergonomic}
   size_t InitialHeapSize                          = 134217728                                 {product} {ergonomic}
   size_t MarkStackSize                            = 4194304                                   {product} {ergonomic}
   size_t MaxHeapSize                              = 2147483648                                {product} {command line}
   size_t MaxNewSize                               = 1287651328                                {product} {ergonomic}
   size_t MinHeapDeltaBytes                        = 1048576                                   {product} {ergonomic}
   size_t MinHeapSize                              = 8388608                                   {product} {ergonomic}
    uintx NonNMethodCodeHeapSize                   = 5839372                                {pd product} {ergonomic}
    uintx NonProfiledCodeHeapSize                  = 122909434                              {pd product} {ergonomic}
    uintx ProfiledCodeHeapSize                     = 122909434                              {pd product} {ergonomic}
    uintx ReservedCodeCacheSize                    = 251658240                              {pd product} {ergonomic}
     bool SegmentedCodeCache                       = true                                      {product} {ergonomic}
   size_t SoftMaxHeapSize                          = 2147483648                             {manageable} {ergonomic}
     bool UseCompressedClassPointers               = true                           {product lp64_product} {ergonomic}
     bool UseCompressedOops                        = true                           {product lp64_product} {ergonomic}
     bool UseG1GC                                  = true                                      {product} {ergonomic}
     bool UseLargePagesIndividualAllocation        = false                                  {pd product} {ergonomic}

Logging:
Log output configuration:
 #0: stdout all=warning uptime,level,tags
 #1: stderr all=off uptime,level,tags

Environment Variables:
PATH=C:\Program Files\Common Files\Oracle\Java\javapath;C:\Program Files (x86)\Embarcadero\Studio\22.0\bin;C:\Users\Public\Documents\Embarcadero\Studio\22.0\Bpl;C:\Program Files (x86)\Embarcadero\Studio\22.0\bin64;C:\Users\Public\Documents\Embarcadero\Studio\22.0\Bpl\Win64;C:\Program Files (x86)\Embarcadero\Studio\21.0\bin;C:\Users\Public\Documents\Embarcadero\Studio\21.0\Bpl;C:\Program Files (x86)\Embarcadero\Studio\21.0\bin64;C:\Users\Public\Documents\Embarcadero\Studio\21.0\Bpl\Win64;C:\Windows\system32;C:\Windows;C:\Windows\System32\Wbem;C:\Windows\System32\WindowsPowerShell\v1.0\;C:\Windows\System32\OpenSSH\;C:\Program Files (x86)\NVIDIA Corporation\PhysX\Common;C:\Program Files\NVIDIA Corporation\NVIDIA NvDLISR;C:\WINDOWS\system32;C:\WINDOWS;C:\WINDOWS\System32\Wbem;C:\WINDOWS\System32\WindowsPowerShell\v1.0\;C:\WINDOWS\System32\OpenSSH\;C:\Program Files\dotnet\;C:\Program Files (x86)\Windows Kits\10\Windows Performance Toolkit\;C:\Program Files\Git\cmd;C:\Users\scher\AppData\Local\Microsoft\WindowsApps;;C:\Users\scher\AppData\Local\Programs\Microsoft VS Code\bin
USERNAME=scher
OS=Windows_NT
PROCESSOR_IDENTIFIER=Intel64 Family 6 Model 142 Stepping 12, GenuineIntel
TMP=C:\Users\scher\AppData\Local\Temp
TEMP=C:\Users\scher\AppData\Local\Temp


JNI global refs:
JNI global refs: 24, weak refs: 0

JNI global refs memory usage: 843, weak refs: 841


---------------  S Y S T E M  ---------------

OS:
 Windows 11 , 64 bit Build 22621 (10.0.22621.3958)
OS uptime: 2 days 21:45 hours
Hyper-V role detected

CPU: total 8 (initial active 8) (4 cores per cpu, 2 threads per core) family 6 model 142 stepping 12 microcode 0xea, cx8, cmov, fxsr, ht, mmx, 3dnowpref, sse, sse2, sse3, ssse3, sse4.1, sse4.2, popcnt, lzcnt, tsc, tscinvbit, avx, avx2, aes, erms, clmul, bmi1, bmi2, adx, fma, vzeroupper, clflush, clflushopt, hv

Memory: 4k page, system-wide physical 8072M (934M free)
TotalPageFile size 10120M (AvailPageFile size 240M)
current process WorkingSet (physical memory assigned to process): 475M, peak: 479M
current process commit charge ("private bytes"): 510M, peak: 819M

vm_info: OpenJDK 64-Bit Server VM (17.0.6+0-b2043.56-10027231) for windows-amd64 JRE (17.0.6+0-b2043.56-10027231), built on Apr 28 2023 00:43:19 by "androidbuild" with MS VC++ 16.10 / 16.11 (VS2019)

END.
