#
# There is insufficient memory for the Java Runtime Environment to continue.
# Native memory allocation (mmap) failed to map 173015040 bytes for G1 virtual space
# Possible reasons:
#   The system is out of physical RAM or swap space
#   The process is running with CompressedOops enabled, and the Java Heap may be blocking the growth of the native heap
# Possible solutions:
#   Reduce memory load on the system
#   Increase physical memory or swap space
#   Check if swap backing store is full
#   Decrease Java heap size (-Xmx/-Xms)
#   Decrease number of Java threads
#   Decrease Java thread stack sizes (-Xss)
#   Set larger code cache with -XX:ReservedCodeCacheSize=
#   JVM is running with Unscaled Compressed Oops mode in which the Java heap is
#     placed in the first 4GB address space. The Java Heap base address is the
#     maximum limit for the native heap growth. Please use -XX:HeapBaseMinAddress
#     to set the Java Heap base and to place the Java Heap above 4GB virtual address.
# This output file may be truncated or incomplete.
#
#  Out of Memory Error (os_windows.cpp:3769), pid=13916, tid=11776
#
# JRE version: OpenJDK Runtime Environment (17.0.6) (build 17.0.6+0-b2043.56-10027231)
# Java VM: OpenJDK 64-Bit Server VM (17.0.6+0-b2043.56-10027231, mixed mode, tiered, compressed oops, compressed class ptrs, g1 gc, windows-amd64)
# No core dump will be written. Minidumps are not enabled by default on client versions of Windows
#

---------------  S U M M A R Y ------------

Command Line: --add-opens=java.base/java.util=ALL-UNNAMED --add-opens=java.base/java.lang=ALL-UNNAMED --add-opens=java.base/java.lang.invoke=ALL-UNNAMED --add-opens=java.prefs/java.util.prefs=ALL-UNNAMED --add-opens=java.base/java.nio.charset=ALL-UNNAMED --add-opens=java.base/java.net=ALL-UNNAMED --add-opens=java.base/java.util.concurrent.atomic=ALL-UNNAMED -Xmx2048m -Dfile.encoding=UTF-8 -Duser.country=BR -Duser.language=pt -Duser.variant org.gradle.launcher.daemon.bootstrap.GradleDaemon 8.0

Host: Intel(R) Core(TM) i7-8565U CPU @ 1.80GHz, 8 cores, 7G,  Windows 11 , 64 bit Build 22621 (10.0.22621.3958)
Time: Sun Sep  1 17:22:58 2024 Hora oficial do Brasil elapsed time: 9.816189 seconds (0d 0h 0m 9s)

---------------  T H R E A D  ---------------

Current thread (0x000001d555813400):  VMThread "VM Thread" [stack: 0x000000bf33400000,0x000000bf33500000] [id=11776]

Stack: [0x000000bf33400000,0x000000bf33500000]
Native frames: (J=compiled Java code, j=interpreted, Vv=VM code, C=native code)
V  [jvm.dll+0x683c9a]
V  [jvm.dll+0x8427a4]
V  [jvm.dll+0x843f9e]
V  [jvm.dll+0x844603]
V  [jvm.dll+0x249b75]
V  [jvm.dll+0x680b69]
V  [jvm.dll+0x67505a]
V  [jvm.dll+0x309acb]
V  [jvm.dll+0x310f86]
V  [jvm.dll+0x3608ee]
V  [jvm.dll+0x360b1f]
V  [jvm.dll+0x2dfbf8]
V  [jvm.dll+0x2ddec4]
V  [jvm.dll+0x2dd4cc]
V  [jvm.dll+0x322261]
V  [jvm.dll+0x848ccb]
V  [jvm.dll+0x849a04]
V  [jvm.dll+0x849f1d]
V  [jvm.dll+0x84a2f4]
V  [jvm.dll+0x84a3c0]
V  [jvm.dll+0x7f274a]
V  [jvm.dll+0x682ad5]
C  [ucrtbase.dll+0x29333]
C  [KERNEL32.DLL+0x1257d]
C  [ntdll.dll+0x5af28]

VM_Operation (0x000000bf34dfb1b0): G1TryInitiateConcMark, mode: safepoint, requested by thread 0x000001d55818bf30


---------------  P R O C E S S  ---------------

Threads class SMR info:
_java_thread_list=0x000001d55d2f21c0, length=126, elements={
0x000001d539041d80, 0x000001d554e89d80, 0x000001d554e85f40, 0x000001d555832c90,
0x000001d555833840, 0x000001d555836300, 0x000001d555836cb0, 0x000001d555837a40,
0x000001d5558384e0, 0x000001d55583e9a0, 0x000001d5559d7350, 0x000001d5559d7820,
0x000001d555b02fe0, 0x000001d5589d1930, 0x000001d55722f9b0, 0x000001d55736dfe0,
0x000001d55887cb70, 0x000001d557de7e10, 0x000001d55817b3f0, 0x000001d55818bf30,
0x000001d557f21d70, 0x000001d557f22240, 0x000001d557f1fbc0, 0x000001d557f1ed50,
0x000001d557f1f220, 0x000001d557f20560, 0x000001d557f213d0, 0x000001d557f1f6f0,
0x000001d557f20090, 0x000001d557f20a30, 0x000001d557f218a0, 0x000001d557f20f00,
0x000001d557f22710, 0x000001d559529040, 0x000001d55952b1f0, 0x000001d55952b6c0,
0x000001d55952d870, 0x000001d559527830, 0x000001d55952a850, 0x000001d55952e6e0,
0x000001d55952ebb0, 0x000001d55952c530, 0x000001d55952ad20, 0x000001d559529510,
0x000001d5595299e0, 0x000001d559529eb0, 0x000001d5595281d0, 0x000001d55952e210,
0x000001d5595286a0, 0x000001d55952a380, 0x000001d55952c060, 0x000001d55952ca00,
0x000001d55952ced0, 0x000001d55952d3a0, 0x000001d55952dd40, 0x000001d5594fb1b0,
0x000001d5594f7320, 0x000001d5594fce90, 0x000001d5594fd830, 0x000001d5594fd360,
0x000001d5594fb680, 0x000001d5594f9e70, 0x000001d5594fe6a0, 0x000001d5594fe1d0,
0x000001d5594fdd00, 0x000001d5594fa810, 0x000001d5594feb70, 0x000001d5594f7cc0,
0x000001d5594fbb50, 0x000001d5594f77f0, 0x000001d5594f8190, 0x000001d5594f8660,
0x000001d5594f8b30, 0x000001d5594fa340, 0x000001d5594f9000, 0x000001d5594fc020,
0x000001d5594f94d0, 0x000001d5594face0, 0x000001d5594f99a0, 0x000001d5594fc4f0,
0x000001d5594fc9c0, 0x000001d55cea7750, 0x000001d55cea68e0, 0x000001d55cea7c20,
0x000001d55cea80f0, 0x000001d55cea6db0, 0x000001d55cea7280, 0x000001d55cea55a0,
0x000001d55cea4730, 0x000001d55cea5a70, 0x000001d55cea4c00, 0x000001d55cea50d0,
0x000001d55cea5f40, 0x000001d55cea6410, 0x000001d55af673c0, 0x000001d55af64d40,
0x000001d55af68bd0, 0x000001d55af690a0, 0x000001d55af67d60, 0x000001d55af6a8b0,
0x000001d55af69a40, 0x000001d55af643a0, 0x000001d55af6a3e0, 0x000001d55af69570,
0x000001d55af63530, 0x000001d55af63a00, 0x000001d55af66ef0, 0x000001d55af65210,
0x000001d55af65bb0, 0x000001d55af656e0, 0x000001d55af68230, 0x000001d55af69f10,
0x000001d55af63060, 0x000001d55af66080, 0x000001d55af63ed0, 0x000001d55af64870,
0x000001d55af66550, 0x000001d55af66a20, 0x000001d55af67890, 0x000001d55af68700,
0x000001d558609e70, 0x000001d558605640, 0x000001d5586094d0, 0x000001d55860c9c0,
0x000001d55958d7f0, 0x000001d55860bb50
}

Java Threads: ( => current thread )
  0x000001d539041d80 JavaThread "main" [_thread_blocked, id=9068, stack(0x000000bf32e00000,0x000000bf32f00000)]
  0x000001d554e89d80 JavaThread "Reference Handler" daemon [_thread_blocked, id=1188, stack(0x000000bf33500000,0x000000bf33600000)]
  0x000001d554e85f40 JavaThread "Finalizer" daemon [_thread_blocked, id=10172, stack(0x000000bf33600000,0x000000bf33700000)]
  0x000001d555832c90 JavaThread "Signal Dispatcher" daemon [_thread_blocked, id=13328, stack(0x000000bf33700000,0x000000bf33800000)]
  0x000001d555833840 JavaThread "Attach Listener" daemon [_thread_blocked, id=15196, stack(0x000000bf33800000,0x000000bf33900000)]
  0x000001d555836300 JavaThread "Service Thread" daemon [_thread_blocked, id=15168, stack(0x000000bf33900000,0x000000bf33a00000)]
  0x000001d555836cb0 JavaThread "Monitor Deflation Thread" daemon [_thread_blocked, id=13800, stack(0x000000bf33a00000,0x000000bf33b00000)]
  0x000001d555837a40 JavaThread "C2 CompilerThread0" daemon [_thread_blocked, id=13872, stack(0x000000bf33b00000,0x000000bf33c00000)]
  0x000001d5558384e0 JavaThread "C1 CompilerThread0" daemon [_thread_blocked, id=16084, stack(0x000000bf33c00000,0x000000bf33d00000)]
  0x000001d55583e9a0 JavaThread "Sweeper thread" daemon [_thread_blocked, id=3980, stack(0x000000bf33d00000,0x000000bf33e00000)]
  0x000001d5559d7350 JavaThread "Common-Cleaner" daemon [_thread_blocked, id=11088, stack(0x000000bf33e00000,0x000000bf33f00000)]
  0x000001d5559d7820 JavaThread "Notification Thread" daemon [_thread_blocked, id=9632, stack(0x000000bf33f00000,0x000000bf34000000)]
  0x000001d555b02fe0 JavaThread "C2 CompilerThread1" daemon [_thread_blocked, id=10964, stack(0x000000bf34100000,0x000000bf34200000)]
  0x000001d5589d1930 JavaThread "Daemon health stats" [_thread_blocked, id=12624, stack(0x000000bf34700000,0x000000bf34800000)]
  0x000001d55722f9b0 JavaThread "Incoming local TCP Connector on port 52812" [_thread_in_native, id=15160, stack(0x000000bf34800000,0x000000bf34900000)]
  0x000001d55736dfe0 JavaThread "Daemon periodic checks" [_thread_blocked, id=7320, stack(0x000000bf34900000,0x000000bf34a00000)]
  0x000001d55887cb70 JavaThread "Daemon" [_thread_blocked, id=15648, stack(0x000000bf34a00000,0x000000bf34b00000)]
  0x000001d557de7e10 JavaThread "Handler for socket connection from /127.0.0.1:52812 to /127.0.0.1:52813" [_thread_in_native, id=10176, stack(0x000000bf34b00000,0x000000bf34c00000)]
  0x000001d55817b3f0 JavaThread "Cancel handler" [_thread_blocked, id=8156, stack(0x000000bf34c00000,0x000000bf34d00000)]
  0x000001d55818bf30 JavaThread "Daemon worker" [_thread_blocked, id=704, stack(0x000000bf34d00000,0x000000bf34e00000)]
  0x000001d557f21d70 JavaThread "Asynchronous log dispatcher for DefaultDaemonConnection: socket connection from /127.0.0.1:52812 to /127.0.0.1:52813" [_thread_blocked, id=10332, stack(0x000000bf34e00000,0x000000bf34f00000)]
  0x000001d557f22240 JavaThread "Stdin handler" [_thread_blocked, id=13744, stack(0x000000bf34f00000,0x000000bf35000000)]
  0x000001d557f1fbc0 JavaThread "Daemon client event forwarder" [_thread_blocked, id=7156, stack(0x000000bf35000000,0x000000bf35100000)]
  0x000001d557f1ed50 JavaThread "Cache worker for journal cache (C:\Users\scher\.gradle\caches\journal-1)" [_thread_blocked, id=10296, stack(0x000000bf34200000,0x000000bf34300000)]
  0x000001d557f1f220 JavaThread "File lock request listener" [_thread_in_native, id=1696, stack(0x000000bf35500000,0x000000bf35600000)]
  0x000001d557f20560 JavaThread "Cache worker for file hash cache (C:\Users\scher\.gradle\caches\8.0\fileHashes)" [_thread_blocked, id=15080, stack(0x000000bf35600000,0x000000bf35700000)]
  0x000001d557f213d0 JavaThread "File watcher server" daemon [_thread_in_native, id=9292, stack(0x000000bf35800000,0x000000bf35900000)]
  0x000001d557f1f6f0 JavaThread "File watcher consumer" daemon [_thread_blocked, id=11672, stack(0x000000bf35900000,0x000000bf35a00000)]
  0x000001d557f20090 JavaThread "jar transforms" [_thread_blocked, id=12588, stack(0x000000bf35a00000,0x000000bf35b00000)]
  0x000001d557f20a30 JavaThread "jar transforms Thread 2" [_thread_blocked, id=10216, stack(0x000000bf35b00000,0x000000bf35c00000)]
  0x000001d557f218a0 JavaThread "jar transforms Thread 3" [_thread_blocked, id=3268, stack(0x000000bf35c00000,0x000000bf35d00000)]
  0x000001d557f20f00 JavaThread "jar transforms Thread 4" [_thread_blocked, id=9232, stack(0x000000bf35d00000,0x000000bf35e00000)]
  0x000001d557f22710 JavaThread "jar transforms Thread 5" [_thread_blocked, id=9728, stack(0x000000bf35e00000,0x000000bf35f00000)]
  0x000001d559529040 JavaThread "jar transforms Thread 6" [_thread_blocked, id=14252, stack(0x000000bf35f00000,0x000000bf36000000)]
  0x000001d55952b1f0 JavaThread "jar transforms Thread 7" [_thread_blocked, id=12180, stack(0x000000bf36000000,0x000000bf36100000)]
  0x000001d55952b6c0 JavaThread "jar transforms Thread 8" [_thread_blocked, id=16648, stack(0x000000bf36100000,0x000000bf36200000)]
  0x000001d55952d870 JavaThread "Cache worker for checksums cache (C:\Users\scher\Documents\PROJETOS ANDROID\RECICLAAI\.gradle\8.0\checksums)" [_thread_blocked, id=6808, stack(0x000000bf36300000,0x000000bf36400000)]
  0x000001d559527830 JavaThread "Cache worker for cache directory md-rule (C:\Users\scher\.gradle\caches\8.0\md-rule)" [_thread_blocked, id=8276, stack(0x000000bf36400000,0x000000bf36500000)]
  0x000001d55952a850 JavaThread "Cache worker for file content cache (C:\Users\scher\.gradle\caches\8.0\fileContent)" [_thread_blocked, id=7072, stack(0x000000bf35700000,0x000000bf35800000)]
  0x000001d55952e6e0 JavaThread "Cache worker for file hash cache (C:\Users\scher\Documents\PROJETOS ANDROID\RECICLAAI\.gradle\8.0\fileHashes)" [_thread_blocked, id=15588, stack(0x000000bf36500000,0x000000bf36600000)]
  0x000001d55952ebb0 JavaThread "Cache worker for cache directory md-supplier (C:\Users\scher\.gradle\caches\8.0\md-supplier)" [_thread_blocked, id=12008, stack(0x000000bf36600000,0x000000bf36700000)]
  0x000001d55952c530 JavaThread "Cache worker for execution history cache (C:\Users\scher\.gradle\caches\8.0\executionHistory)" [_thread_blocked, id=6160, stack(0x000000bf36700000,0x000000bf36800000)]
  0x000001d55952ad20 JavaThread "Cache worker for dependencies-accessors (C:\Users\scher\Documents\PROJETOS ANDROID\RECICLAAI\.gradle\8.0\dependencies-accessors)" [_thread_blocked, id=5032, stack(0x000000bf36900000,0x000000bf36a00000)]
  0x000001d559529510 JavaThread "Cache worker for Build Output Cleanup Cache (C:\Users\scher\Documents\PROJETOS ANDROID\RECICLAAI\.gradle\buildOutputCleanup)" [_thread_blocked, id=13860, stack(0x000000bf36a00000,0x000000bf36b00000)]
  0x000001d5595299e0 JavaThread "Unconstrained build operations" [_thread_blocked, id=3808, stack(0x000000bf36b00000,0x000000bf36c00000)]
  0x000001d559529eb0 JavaThread "Unconstrained build operations Thread 2" [_thread_blocked, id=15748, stack(0x000000bf36c00000,0x000000bf36d00000)]
  0x000001d5595281d0 JavaThread "Unconstrained build operations Thread 3" [_thread_blocked, id=14088, stack(0x000000bf36d00000,0x000000bf36e00000)]
  0x000001d55952e210 JavaThread "Unconstrained build operations Thread 4" [_thread_blocked, id=13500, stack(0x000000bf36e00000,0x000000bf36f00000)]
  0x000001d5595286a0 JavaThread "Unconstrained build operations Thread 5" [_thread_blocked, id=15520, stack(0x000000bf36f00000,0x000000bf37000000)]
  0x000001d55952a380 JavaThread "Unconstrained build operations Thread 6" [_thread_blocked, id=17264, stack(0x000000bf37000000,0x000000bf37100000)]
  0x000001d55952c060 JavaThread "Unconstrained build operations Thread 7" [_thread_blocked, id=13544, stack(0x000000bf37100000,0x000000bf37200000)]
  0x000001d55952ca00 JavaThread "Unconstrained build operations Thread 8" [_thread_blocked, id=5708, stack(0x000000bf37200000,0x000000bf37300000)]
  0x000001d55952ced0 JavaThread "Unconstrained build operations Thread 9" [_thread_blocked, id=16232, stack(0x000000bf37300000,0x000000bf37400000)]
  0x000001d55952d3a0 JavaThread "Unconstrained build operations Thread 10" [_thread_blocked, id=15220, stack(0x000000bf37400000,0x000000bf37500000)]
  0x000001d55952dd40 JavaThread "Unconstrained build operations Thread 11" [_thread_blocked, id=6856, stack(0x000000bf37500000,0x000000bf37600000)]
  0x000001d5594fb1b0 JavaThread "Unconstrained build operations Thread 12" [_thread_blocked, id=17304, stack(0x000000bf37600000,0x000000bf37700000)]
  0x000001d5594f7320 JavaThread "Unconstrained build operations Thread 13" [_thread_blocked, id=11244, stack(0x000000bf37700000,0x000000bf37800000)]
  0x000001d5594fce90 JavaThread "Unconstrained build operations Thread 14" [_thread_blocked, id=11384, stack(0x000000bf37800000,0x000000bf37900000)]
  0x000001d5594fd830 JavaThread "Unconstrained build operations Thread 15" [_thread_blocked, id=12524, stack(0x000000bf37900000,0x000000bf37a00000)]
  0x000001d5594fd360 JavaThread "Unconstrained build operations Thread 16" [_thread_blocked, id=5688, stack(0x000000bf37a00000,0x000000bf37b00000)]
  0x000001d5594fb680 JavaThread "Unconstrained build operations Thread 17" [_thread_blocked, id=15968, stack(0x000000bf37b00000,0x000000bf37c00000)]
  0x000001d5594f9e70 JavaThread "Unconstrained build operations Thread 18" [_thread_blocked, id=3664, stack(0x000000bf37c00000,0x000000bf37d00000)]
  0x000001d5594fe6a0 JavaThread "Unconstrained build operations Thread 19" [_thread_blocked, id=13392, stack(0x000000bf37d00000,0x000000bf37e00000)]
  0x000001d5594fe1d0 JavaThread "Unconstrained build operations Thread 20" [_thread_blocked, id=16060, stack(0x000000bf37e00000,0x000000bf37f00000)]
  0x000001d5594fdd00 JavaThread "Unconstrained build operations Thread 21" [_thread_blocked, id=17296, stack(0x000000bf37f00000,0x000000bf38000000)]
  0x000001d5594fa810 JavaThread "Unconstrained build operations Thread 22" [_thread_blocked, id=8060, stack(0x000000bf38000000,0x000000bf38100000)]
  0x000001d5594feb70 JavaThread "Unconstrained build operations Thread 23" [_thread_blocked, id=6884, stack(0x000000bf38100000,0x000000bf38200000)]
  0x000001d5594f7cc0 JavaThread "Unconstrained build operations Thread 24" [_thread_blocked, id=5768, stack(0x000000bf38200000,0x000000bf38300000)]
  0x000001d5594fbb50 JavaThread "Unconstrained build operations Thread 25" [_thread_blocked, id=2220, stack(0x000000bf38300000,0x000000bf38400000)]
  0x000001d5594f77f0 JavaThread "Unconstrained build operations Thread 26" [_thread_blocked, id=5868, stack(0x000000bf38400000,0x000000bf38500000)]
  0x000001d5594f8190 JavaThread "Unconstrained build operations Thread 27" [_thread_blocked, id=13380, stack(0x000000bf38500000,0x000000bf38600000)]
  0x000001d5594f8660 JavaThread "Unconstrained build operations Thread 28" [_thread_blocked, id=13720, stack(0x000000bf38600000,0x000000bf38700000)]
  0x000001d5594f8b30 JavaThread "Unconstrained build operations Thread 29" [_thread_blocked, id=7636, stack(0x000000bf38700000,0x000000bf38800000)]
  0x000001d5594fa340 JavaThread "Unconstrained build operations Thread 30" [_thread_blocked, id=7056, stack(0x000000bf38800000,0x000000bf38900000)]
  0x000001d5594f9000 JavaThread "Unconstrained build operations Thread 31" [_thread_blocked, id=11184, stack(0x000000bf38900000,0x000000bf38a00000)]
  0x000001d5594fc020 JavaThread "Unconstrained build operations Thread 32" [_thread_blocked, id=14800, stack(0x000000bf38a00000,0x000000bf38b00000)]
  0x000001d5594f94d0 JavaThread "Unconstrained build operations Thread 33" [_thread_blocked, id=7004, stack(0x000000bf38b00000,0x000000bf38c00000)]
  0x000001d5594face0 JavaThread "Unconstrained build operations Thread 34" [_thread_blocked, id=13900, stack(0x000000bf38c00000,0x000000bf38d00000)]
  0x000001d5594f99a0 JavaThread "Unconstrained build operations Thread 35" [_thread_blocked, id=17204, stack(0x000000bf38d00000,0x000000bf38e00000)]
  0x000001d5594fc4f0 JavaThread "Unconstrained build operations Thread 36" [_thread_blocked, id=15784, stack(0x000000bf38e00000,0x000000bf38f00000)]
  0x000001d5594fc9c0 JavaThread "Unconstrained build operations Thread 37" [_thread_blocked, id=9480, stack(0x000000bf38f00000,0x000000bf39000000)]
  0x000001d55cea7750 JavaThread "Unconstrained build operations Thread 38" [_thread_blocked, id=15764, stack(0x000000bf39000000,0x000000bf39100000)]
  0x000001d55cea68e0 JavaThread "Unconstrained build operations Thread 39" [_thread_blocked, id=2912, stack(0x000000bf39100000,0x000000bf39200000)]
  0x000001d55cea7c20 JavaThread "Unconstrained build operations Thread 40" [_thread_blocked, id=2236, stack(0x000000bf39200000,0x000000bf39300000)]
  0x000001d55cea80f0 JavaThread "Unconstrained build operations Thread 41" [_thread_blocked, id=6788, stack(0x000000bf39300000,0x000000bf39400000)]
  0x000001d55cea6db0 JavaThread "Unconstrained build operations Thread 42" [_thread_blocked, id=10956, stack(0x000000bf39400000,0x000000bf39500000)]
  0x000001d55cea7280 JavaThread "Unconstrained build operations Thread 43" [_thread_blocked, id=15812, stack(0x000000bf39500000,0x000000bf39600000)]
  0x000001d55cea55a0 JavaThread "Unconstrained build operations Thread 44" [_thread_blocked, id=6388, stack(0x000000bf39600000,0x000000bf39700000)]
  0x000001d55cea4730 JavaThread "Unconstrained build operations Thread 45" [_thread_blocked, id=4632, stack(0x000000bf39700000,0x000000bf39800000)]
  0x000001d55cea5a70 JavaThread "Unconstrained build operations Thread 46" [_thread_blocked, id=15300, stack(0x000000bf39800000,0x000000bf39900000)]
  0x000001d55cea4c00 JavaThread "Unconstrained build operations Thread 47" [_thread_blocked, id=9112, stack(0x000000bf39900000,0x000000bf39a00000)]
  0x000001d55cea50d0 JavaThread "Unconstrained build operations Thread 48" [_thread_blocked, id=16392, stack(0x000000bf39a00000,0x000000bf39b00000)]
  0x000001d55cea5f40 JavaThread "Unconstrained build operations Thread 49" [_thread_blocked, id=5568, stack(0x000000bf39b00000,0x000000bf39c00000)]
  0x000001d55cea6410 JavaThread "Unconstrained build operations Thread 50" [_thread_blocked, id=8280, stack(0x000000bf39c00000,0x000000bf39d00000)]
  0x000001d55af673c0 JavaThread "Unconstrained build operations Thread 51" [_thread_blocked, id=13488, stack(0x000000bf39d00000,0x000000bf39e00000)]
  0x000001d55af64d40 JavaThread "Unconstrained build operations Thread 52" [_thread_blocked, id=15260, stack(0x000000bf39e00000,0x000000bf39f00000)]
  0x000001d55af68bd0 JavaThread "Unconstrained build operations Thread 53" [_thread_blocked, id=13740, stack(0x000000bf39f00000,0x000000bf3a000000)]
  0x000001d55af690a0 JavaThread "Unconstrained build operations Thread 54" [_thread_blocked, id=15936, stack(0x000000bf3a000000,0x000000bf3a100000)]
  0x000001d55af67d60 JavaThread "Unconstrained build operations Thread 55" [_thread_blocked, id=3788, stack(0x000000bf3a100000,0x000000bf3a200000)]
  0x000001d55af6a8b0 JavaThread "Unconstrained build operations Thread 56" [_thread_blocked, id=16280, stack(0x000000bf3a200000,0x000000bf3a300000)]
  0x000001d55af69a40 JavaThread "Unconstrained build operations Thread 57" [_thread_blocked, id=11520, stack(0x000000bf3a300000,0x000000bf3a400000)]
  0x000001d55af643a0 JavaThread "Unconstrained build operations Thread 58" [_thread_blocked, id=7644, stack(0x000000bf3a400000,0x000000bf3a500000)]
  0x000001d55af6a3e0 JavaThread "Unconstrained build operations Thread 59" [_thread_blocked, id=3504, stack(0x000000bf3a500000,0x000000bf3a600000)]
  0x000001d55af69570 JavaThread "Unconstrained build operations Thread 60" [_thread_blocked, id=9024, stack(0x000000bf3a600000,0x000000bf3a700000)]
  0x000001d55af63530 JavaThread "Unconstrained build operations Thread 61" [_thread_blocked, id=10024, stack(0x000000bf3a700000,0x000000bf3a800000)]
  0x000001d55af63a00 JavaThread "Unconstrained build operations Thread 62" [_thread_blocked, id=14496, stack(0x000000bf3a800000,0x000000bf3a900000)]
  0x000001d55af66ef0 JavaThread "Unconstrained build operations Thread 63" [_thread_blocked, id=17364, stack(0x000000bf3a900000,0x000000bf3aa00000)]
  0x000001d55af65210 JavaThread "Unconstrained build operations Thread 64" [_thread_blocked, id=17228, stack(0x000000bf3aa00000,0x000000bf3ab00000)]
  0x000001d55af65bb0 JavaThread "Unconstrained build operations Thread 65" [_thread_blocked, id=9400, stack(0x000000bf3ab00000,0x000000bf3ac00000)]
  0x000001d55af656e0 JavaThread "Unconstrained build operations Thread 66" [_thread_blocked, id=9768, stack(0x000000bf3ac00000,0x000000bf3ad00000)]
  0x000001d55af68230 JavaThread "Unconstrained build operations Thread 67" [_thread_blocked, id=15088, stack(0x000000bf3ad00000,0x000000bf3ae00000)]
  0x000001d55af69f10 JavaThread "Unconstrained build operations Thread 68" [_thread_blocked, id=8252, stack(0x000000bf3ae00000,0x000000bf3af00000)]
  0x000001d55af63060 JavaThread "Unconstrained build operations Thread 69" [_thread_blocked, id=16144, stack(0x000000bf3af00000,0x000000bf3b000000)]
  0x000001d55af66080 JavaThread "Unconstrained build operations Thread 70" [_thread_blocked, id=10068, stack(0x000000bf3b000000,0x000000bf3b100000)]
  0x000001d55af63ed0 JavaThread "Unconstrained build operations Thread 71" [_thread_blocked, id=15456, stack(0x000000bf3b100000,0x000000bf3b200000)]
  0x000001d55af64870 JavaThread "Unconstrained build operations Thread 72" [_thread_blocked, id=7788, stack(0x000000bf3b200000,0x000000bf3b300000)]
  0x000001d55af66550 JavaThread "Unconstrained build operations Thread 73" [_thread_blocked, id=5444, stack(0x000000bf3b300000,0x000000bf3b400000)]
  0x000001d55af66a20 JavaThread "Unconstrained build operations Thread 74" [_thread_blocked, id=7804, stack(0x000000bf3b400000,0x000000bf3b500000)]
  0x000001d55af67890 JavaThread "Unconstrained build operations Thread 75" [_thread_blocked, id=12044, stack(0x000000bf3b500000,0x000000bf3b600000)]
  0x000001d55af68700 JavaThread "Unconstrained build operations Thread 76" [_thread_blocked, id=14204, stack(0x000000bf3b600000,0x000000bf3b700000)]
  0x000001d558609e70 JavaThread "Unconstrained build operations Thread 77" [_thread_blocked, id=12656, stack(0x000000bf3b700000,0x000000bf3b800000)]
  0x000001d558605640 JavaThread "Unconstrained build operations Thread 78" [_thread_blocked, id=16760, stack(0x000000bf3b800000,0x000000bf3b900000)]
  0x000001d5586094d0 JavaThread "Unconstrained build operations Thread 79" [_thread_blocked, id=10920, stack(0x000000bf3b900000,0x000000bf3ba00000)]
  0x000001d55860c9c0 JavaThread "Unconstrained build operations Thread 80" [_thread_blocked, id=12424, stack(0x000000bf3ba00000,0x000000bf3bb00000)]
  0x000001d55958d7f0 JavaThread "C2 CompilerThread2" daemon [_thread_in_native, id=4404, stack(0x000000bf36800000,0x000000bf36900000)]
  0x000001d55860bb50 JavaThread "Memory manager" [_thread_blocked, id=16728, stack(0x000000bf3bb00000,0x000000bf3bc00000)]

Other Threads:
=>0x000001d555813400 VMThread "VM Thread" [stack: 0x000000bf33400000,0x000000bf33500000] [id=11776]
  0x000001d5390b5fa0 WatcherThread [stack: 0x000000bf34000000,0x000000bf34100000] [id=14916]
  0x000001d53909cf00 GCTaskThread "GC Thread#0" [stack: 0x000000bf32f00000,0x000000bf33000000] [id=9892]
  0x000001d5569f2330 GCTaskThread "GC Thread#1" [stack: 0x000000bf34300000,0x000000bf34400000] [id=7064]
  0x000001d5569f25e0 GCTaskThread "GC Thread#2" [stack: 0x000000bf34400000,0x000000bf34500000] [id=2480]
  0x000001d55627c8d0 GCTaskThread "GC Thread#3" [stack: 0x000000bf34500000,0x000000bf34600000] [id=13888]
  0x000001d5572e3a50 GCTaskThread "GC Thread#4" [stack: 0x000000bf34600000,0x000000bf34700000] [id=7124]
  0x000001d5581a9010 GCTaskThread "GC Thread#5" [stack: 0x000000bf35100000,0x000000bf35200000] [id=4236]
  0x000001d5582ced10 GCTaskThread "GC Thread#6" [stack: 0x000000bf35200000,0x000000bf35300000] [id=11388]
  0x000001d5565852e0 GCTaskThread "GC Thread#7" [stack: 0x000000bf35300000,0x000000bf35400000] [id=10804]
  0x000001d5390ade40 ConcurrentGCThread "G1 Main Marker" [stack: 0x000000bf33000000,0x000000bf33100000] [id=5300]
  0x000001d5390ae850 ConcurrentGCThread "G1 Conc#0" [stack: 0x000000bf33100000,0x000000bf33200000] [id=3760]
  0x000001d557370cb0 ConcurrentGCThread "G1 Conc#1" [stack: 0x000000bf35400000,0x000000bf35500000] [id=1404]
  0x000001d5390fd6f0 ConcurrentGCThread "G1 Refine#0" [stack: 0x000000bf33200000,0x000000bf33300000] [id=8116]
  0x000001d558ef5700 ConcurrentGCThread "G1 Refine#1" [stack: 0x000000bf36200000,0x000000bf36300000] [id=10236]
  0x000001d554cdc110 ConcurrentGCThread "G1 Service" [stack: 0x000000bf33300000,0x000000bf33400000] [id=12128]

Threads with active compile tasks:
C2 CompilerThread0     9842 7870   !   4       java.net.URL::<init> (543 bytes)
C2 CompilerThread1     9842 7871       4       java.net.URL::equals (27 bytes)
C2 CompilerThread2     9842 7571 %     4       org.gradle.internal.instantiation.generator.AbstractClassGenerator::inspectType @ 207 (560 bytes)

VM state: at safepoint (normal execution)

VM Mutex/Monitor currently owned by a thread:  ([mutex/lock_event])
[0x000001d538eeb900] Threads_lock - owner thread: 0x000001d555813400
[0x000001d538eead30] Heap_lock - owner thread: 0x000001d55818bf30

Heap address: 0x0000000080000000, size: 2048 MB, Compressed Oops mode: 32-bit

CDS archive(s) not mapped
Compressed class space mapped at: 0x0000000100000000-0x0000000140000000, reserved size: 1073741824
Narrow klass base: 0x0000000000000000, Narrow klass shift: 3, Narrow klass range: 0x140000000

GC Precious Log:
 CPUs: 8 total, 8 available
 Memory: 8072M
 Large Page Support: Disabled
 NUMA Support: Disabled
 Compressed Oops: Enabled (32-bit)
 Heap Region Size: 1M
 Heap Min Capacity: 8M
 Heap Initial Capacity: 128M
 Heap Max Capacity: 2G
 Pre-touch: Disabled
 Parallel Workers: 8
 Concurrent Workers: 2
 Concurrent Refinement Workers: 8
 Periodic GC: Disabled

Heap:
 garbage-first heap   total 168960K, used 97818K [0x0000000080000000, 0x0000000100000000)
  region size 1024K, 3 young (3072K), 3 survivors (3072K)
 Metaspace       used 77301K, committed 77952K, reserved 1122304K
  class space    used 10514K, committed 10816K, reserved 1048576K

Heap Regions: E=young(eden), S=young(survivor), O=old, HS=humongous(starts), HC=humongous(continues), CS=collection set, F=free, OA=open archive, CA=closed archive, TAMS=top-at-mark-start (previous, next)
|   0|0x0000000080000000, 0x0000000080100000, 0x0000000080100000|100%|HS|  |TAMS 0x0000000080100000, 0x0000000080100000| Complete 
|   1|0x0000000080100000, 0x0000000080200000, 0x0000000080200000|100%|HC|  |TAMS 0x0000000080200000, 0x0000000080200000| Complete 
|   2|0x0000000080200000, 0x0000000080300000, 0x0000000080300000|100%|HC|  |TAMS 0x0000000080300000, 0x0000000080300000| Complete 
|   3|0x0000000080300000, 0x0000000080400000, 0x0000000080400000|100%|HC|  |TAMS 0x0000000080400000, 0x0000000080400000| Complete 
|   4|0x0000000080400000, 0x0000000080500000, 0x0000000080500000|100%| O|  |TAMS 0x0000000080500000, 0x0000000080500000| Untracked 
|   5|0x0000000080500000, 0x0000000080600000, 0x0000000080600000|100%| O|  |TAMS 0x0000000080600000, 0x0000000080600000| Untracked 
|   6|0x0000000080600000, 0x0000000080700000, 0x0000000080700000|100%| O|  |TAMS 0x0000000080700000, 0x0000000080700000| Untracked 
|   7|0x0000000080700000, 0x0000000080800000, 0x0000000080800000|100%| O|  |TAMS 0x0000000080800000, 0x0000000080800000| Untracked 
|   8|0x0000000080800000, 0x0000000080900000, 0x0000000080900000|100%| O|  |TAMS 0x0000000080900000, 0x0000000080900000| Untracked 
|   9|0x0000000080900000, 0x0000000080a00000, 0x0000000080a00000|100%| O|  |TAMS 0x0000000080a00000, 0x0000000080a00000| Untracked 
|  10|0x0000000080a00000, 0x0000000080b00000, 0x0000000080b00000|100%| O|  |TAMS 0x0000000080b00000, 0x0000000080b00000| Untracked 
|  11|0x0000000080b00000, 0x0000000080c00000, 0x0000000080c00000|100%| O|  |TAMS 0x0000000080c00000, 0x0000000080c00000| Untracked 
|  12|0x0000000080c00000, 0x0000000080d00000, 0x0000000080d00000|100%| O|  |TAMS 0x0000000080d00000, 0x0000000080d00000| Untracked 
|  13|0x0000000080d00000, 0x0000000080e00000, 0x0000000080e00000|100%| O|  |TAMS 0x0000000080e00000, 0x0000000080e00000| Untracked 
|  14|0x0000000080e00000, 0x0000000080f00000, 0x0000000080f00000|100%| O|  |TAMS 0x0000000080f00000, 0x0000000080f00000| Untracked 
|  15|0x0000000080f00000, 0x0000000081000000, 0x0000000081000000|100%| O|  |TAMS 0x0000000081000000, 0x0000000081000000| Untracked 
|  16|0x0000000081000000, 0x0000000081100000, 0x0000000081100000|100%| O|  |TAMS 0x0000000081100000, 0x0000000081100000| Untracked 
|  17|0x0000000081100000, 0x0000000081200000, 0x0000000081200000|100%| O|  |TAMS 0x0000000081200000, 0x0000000081200000| Untracked 
|  18|0x0000000081200000, 0x0000000081300000, 0x0000000081300000|100%| O|  |TAMS 0x0000000081300000, 0x0000000081300000| Untracked 
|  19|0x0000000081300000, 0x0000000081400000, 0x0000000081400000|100%|HS|  |TAMS 0x0000000081400000, 0x0000000081400000| Complete 
|  20|0x0000000081400000, 0x0000000081500000, 0x0000000081500000|100%|HC|  |TAMS 0x0000000081500000, 0x0000000081500000| Complete 
|  21|0x0000000081500000, 0x0000000081600000, 0x0000000081600000|100%|HS|  |TAMS 0x0000000081600000, 0x0000000081600000| Complete 
|  22|0x0000000081600000, 0x0000000081700000, 0x0000000081700000|100%|HC|  |TAMS 0x0000000081700000, 0x0000000081700000| Complete 
|  23|0x0000000081700000, 0x0000000081800000, 0x0000000081800000|100%|HC|  |TAMS 0x0000000081800000, 0x0000000081800000| Complete 
|  24|0x0000000081800000, 0x0000000081900000, 0x0000000081900000|100%| O|  |TAMS 0x0000000081900000, 0x0000000081900000| Untracked 
|  25|0x0000000081900000, 0x0000000081a00000, 0x0000000081a00000|100%| O|  |TAMS 0x0000000081a00000, 0x0000000081a00000| Untracked 
|  26|0x0000000081a00000, 0x0000000081b00000, 0x0000000081b00000|100%| O|  |TAMS 0x0000000081b00000, 0x0000000081b00000| Untracked 
|  27|0x0000000081b00000, 0x0000000081c00000, 0x0000000081c00000|100%|HS|  |TAMS 0x0000000081c00000, 0x0000000081c00000| Complete 
|  28|0x0000000081c00000, 0x0000000081d00000, 0x0000000081d00000|100%|HC|  |TAMS 0x0000000081d00000, 0x0000000081d00000| Complete 
|  29|0x0000000081d00000, 0x0000000081e00000, 0x0000000081e00000|100%|HC|  |TAMS 0x0000000081e00000, 0x0000000081e00000| Complete 
|  30|0x0000000081e00000, 0x0000000081f00000, 0x0000000081f00000|100%| O|  |TAMS 0x0000000081f00000, 0x0000000081f00000| Untracked 
|  31|0x0000000081f00000, 0x0000000081f00000, 0x0000000082000000|  0%| F|  |TAMS 0x0000000081f00000, 0x0000000081f00000| Untracked 
|  32|0x0000000082000000, 0x0000000082100000, 0x0000000082100000|100%| O|  |TAMS 0x0000000082100000, 0x0000000082100000| Untracked 
|  33|0x0000000082100000, 0x0000000082200000, 0x0000000082200000|100%|HS|  |TAMS 0x0000000082200000, 0x0000000082200000| Complete 
|  34|0x0000000082200000, 0x0000000082300000, 0x0000000082300000|100%|HC|  |TAMS 0x0000000082300000, 0x0000000082300000| Complete 
|  35|0x0000000082300000, 0x0000000082400000, 0x0000000082400000|100%| O|  |TAMS 0x0000000082400000, 0x0000000082400000| Untracked 
|  36|0x0000000082400000, 0x0000000082500000, 0x0000000082500000|100%| O|  |TAMS 0x0000000082500000, 0x0000000082500000| Untracked 
|  37|0x0000000082500000, 0x0000000082600000, 0x0000000082600000|100%| O|  |TAMS 0x0000000082600000, 0x0000000082600000| Untracked 
|  38|0x0000000082600000, 0x0000000082700000, 0x0000000082700000|100%| O|  |TAMS 0x0000000082600000, 0x0000000082700000| Untracked 
|  39|0x0000000082700000, 0x0000000082800000, 0x0000000082800000|100%| O|  |TAMS 0x0000000082800000, 0x0000000082800000| Untracked 
|  40|0x0000000082800000, 0x0000000082900000, 0x0000000082900000|100%| O|  |TAMS 0x0000000082900000, 0x0000000082900000| Untracked 
|  41|0x0000000082900000, 0x0000000082a00000, 0x0000000082a00000|100%| O|  |TAMS 0x0000000082a00000, 0x0000000082a00000| Untracked 
|  42|0x0000000082a00000, 0x0000000082b00000, 0x0000000082b00000|100%|HS|  |TAMS 0x0000000082b00000, 0x0000000082b00000| Complete 
|  43|0x0000000082b00000, 0x0000000082c00000, 0x0000000082c00000|100%|HC|  |TAMS 0x0000000082c00000, 0x0000000082c00000| Complete 
|  44|0x0000000082c00000, 0x0000000082d00000, 0x0000000082d00000|100%|HC|  |TAMS 0x0000000082d00000, 0x0000000082d00000| Complete 
|  45|0x0000000082d00000, 0x0000000082e00000, 0x0000000082e00000|100%|HS|  |TAMS 0x0000000082e00000, 0x0000000082e00000| Complete 
|  46|0x0000000082e00000, 0x0000000082f00000, 0x0000000082f00000|100%|HC|  |TAMS 0x0000000082f00000, 0x0000000082f00000| Complete 
|  47|0x0000000082f00000, 0x0000000083000000, 0x0000000083000000|100%|HC|  |TAMS 0x0000000083000000, 0x0000000083000000| Complete 
|  48|0x0000000083000000, 0x0000000083100000, 0x0000000083100000|100%|HC|  |TAMS 0x0000000083100000, 0x0000000083100000| Complete 
|  49|0x0000000083100000, 0x0000000083200000, 0x0000000083200000|100%|HC|  |TAMS 0x0000000083200000, 0x0000000083200000| Complete 
|  50|0x0000000083200000, 0x0000000083300000, 0x0000000083300000|100%|HC|  |TAMS 0x0000000083300000, 0x0000000083300000| Complete 
|  51|0x0000000083300000, 0x0000000083400000, 0x0000000083400000|100%|HC|  |TAMS 0x0000000083400000, 0x0000000083400000| Complete 
|  52|0x0000000083400000, 0x0000000083500000, 0x0000000083500000|100%|HC|  |TAMS 0x0000000083500000, 0x0000000083500000| Complete 
|  53|0x0000000083500000, 0x0000000083600000, 0x0000000083600000|100%|HC|  |TAMS 0x0000000083600000, 0x0000000083600000| Complete 
|  54|0x0000000083600000, 0x0000000083700000, 0x0000000083700000|100%|HC|  |TAMS 0x0000000083700000, 0x0000000083700000| Complete 
|  55|0x0000000083700000, 0x0000000083800000, 0x0000000083800000|100%|HC|  |TAMS 0x0000000083800000, 0x0000000083800000| Complete 
|  56|0x0000000083800000, 0x0000000083900000, 0x0000000083900000|100%|HC|  |TAMS 0x0000000083900000, 0x0000000083900000| Complete 
|  57|0x0000000083900000, 0x0000000083a00000, 0x0000000083a00000|100%| O|  |TAMS 0x0000000083a00000, 0x0000000083a00000| Untracked 
|  58|0x0000000083a00000, 0x0000000083b00000, 0x0000000083b00000|100%|HS|  |TAMS 0x0000000083b00000, 0x0000000083b00000| Complete 
|  59|0x0000000083b00000, 0x0000000083c00000, 0x0000000083c00000|100%|HC|  |TAMS 0x0000000083c00000, 0x0000000083c00000| Complete 
|  60|0x0000000083c00000, 0x0000000083d00000, 0x0000000083d00000|100%|HC|  |TAMS 0x0000000083d00000, 0x0000000083d00000| Complete 
|  61|0x0000000083d00000, 0x0000000083e00000, 0x0000000083e00000|100%| O|  |TAMS 0x0000000083e00000, 0x0000000083e00000| Untracked 
|  62|0x0000000083e00000, 0x0000000083f00000, 0x0000000083f00000|100%| O|  |TAMS 0x0000000083f00000, 0x0000000083f00000| Untracked 
|  63|0x0000000083f00000, 0x0000000084000000, 0x0000000084000000|100%| O|  |TAMS 0x0000000084000000, 0x0000000084000000| Untracked 
|  64|0x0000000084000000, 0x0000000084100000, 0x0000000084100000|100%| O|  |TAMS 0x0000000084100000, 0x0000000084100000| Untracked 
|  65|0x0000000084100000, 0x0000000084200000, 0x0000000084200000|100%| O|  |TAMS 0x0000000084200000, 0x0000000084200000| Untracked 
|  66|0x0000000084200000, 0x0000000084300000, 0x0000000084300000|100%| O|  |TAMS 0x0000000084300000, 0x0000000084300000| Untracked 
|  67|0x0000000084300000, 0x0000000084400000, 0x0000000084400000|100%| O|  |TAMS 0x0000000084400000, 0x0000000084400000| Untracked 
|  68|0x0000000084400000, 0x0000000084500000, 0x0000000084500000|100%| O|  |TAMS 0x0000000084500000, 0x0000000084500000| Untracked 
|  69|0x0000000084500000, 0x0000000084600000, 0x0000000084600000|100%| O|  |TAMS 0x0000000084600000, 0x0000000084600000| Untracked 
|  70|0x0000000084600000, 0x0000000084700000, 0x0000000084700000|100%| O|  |TAMS 0x0000000084700000, 0x0000000084700000| Untracked 
|  71|0x0000000084700000, 0x0000000084800000, 0x0000000084800000|100%|HS|  |TAMS 0x0000000084800000, 0x0000000084800000| Complete 
|  72|0x0000000084800000, 0x0000000084900000, 0x0000000084900000|100%|HS|  |TAMS 0x0000000084900000, 0x0000000084900000| Complete 
|  73|0x0000000084900000, 0x0000000084a00000, 0x0000000084a00000|100%| O|  |TAMS 0x0000000084a00000, 0x0000000084a00000| Untracked 
|  74|0x0000000084a00000, 0x0000000084b00000, 0x0000000084b00000|100%|HS|  |TAMS 0x0000000084b00000, 0x0000000084b00000| Complete 
|  75|0x0000000084b00000, 0x0000000084c00000, 0x0000000084c00000|100%| O|  |TAMS 0x0000000084c00000, 0x0000000084c00000| Untracked 
|  76|0x0000000084c00000, 0x0000000084d00000, 0x0000000084d00000|100%| O|  |TAMS 0x0000000084d00000, 0x0000000084d00000| Untracked 
|  77|0x0000000084d00000, 0x0000000084e00000, 0x0000000084e00000|100%| O|  |TAMS 0x0000000084e00000, 0x0000000084e00000| Untracked 
|  78|0x0000000084e00000, 0x0000000084f00000, 0x0000000084f00000|100%| O|  |TAMS 0x0000000084f00000, 0x0000000084f00000| Untracked 
|  79|0x0000000084f00000, 0x0000000085000000, 0x0000000085000000|100%| O|  |TAMS 0x0000000085000000, 0x0000000085000000| Untracked 
|  80|0x0000000085000000, 0x0000000085100000, 0x0000000085100000|100%| O|  |TAMS 0x0000000085100000, 0x0000000085100000| Untracked 
|  81|0x0000000085100000, 0x0000000085200000, 0x0000000085200000|100%| O|  |TAMS 0x0000000085200000, 0x0000000085200000| Untracked 
|  82|0x0000000085200000, 0x0000000085300000, 0x0000000085300000|100%| O|  |TAMS 0x0000000085300000, 0x0000000085300000| Untracked 
|  83|0x0000000085300000, 0x0000000085400000, 0x0000000085400000|100%| O|  |TAMS 0x0000000085400000, 0x0000000085400000| Untracked 
|  84|0x0000000085400000, 0x0000000085500000, 0x0000000085500000|100%| O|  |TAMS 0x0000000085500000, 0x0000000085500000| Untracked 
|  85|0x0000000085500000, 0x0000000085600000, 0x0000000085600000|100%| O|  |TAMS 0x0000000085600000, 0x0000000085600000| Untracked 
|  86|0x0000000085600000, 0x0000000085700000, 0x0000000085700000|100%| O|  |TAMS 0x0000000085700000, 0x0000000085700000| Untracked 
|  87|0x0000000085700000, 0x0000000085800000, 0x0000000085800000|100%| O|  |TAMS 0x00000000857bae00, 0x0000000085800000| Untracked 
|  88|0x0000000085800000, 0x0000000085900000, 0x0000000085900000|100%| O|  |TAMS 0x0000000085800000, 0x0000000085900000| Untracked 
|  89|0x0000000085900000, 0x0000000085a00000, 0x0000000085a00000|100%| O|  |TAMS 0x0000000085a00000, 0x0000000085a00000| Untracked 
|  90|0x0000000085a00000, 0x0000000085b00000, 0x0000000085b00000|100%| O|  |TAMS 0x0000000085a00000, 0x0000000085b00000| Untracked 
|  91|0x0000000085b00000, 0x0000000085c00000, 0x0000000085c00000|100%| O|  |TAMS 0x0000000085b00000, 0x0000000085c00000| Untracked 
|  92|0x0000000085c00000, 0x0000000085d00000, 0x0000000085d00000|100%| O|  |TAMS 0x0000000085c00000, 0x0000000085d00000| Untracked 
|  93|0x0000000085d00000, 0x0000000085da2800, 0x0000000085e00000| 63%| O|  |TAMS 0x0000000085d00000, 0x0000000085da2800| Untracked 
|  94|0x0000000085e00000, 0x0000000085e00000, 0x0000000085f00000|  0%| F|  |TAMS 0x0000000085e00000, 0x0000000085e00000| Untracked 
|  95|0x0000000085f00000, 0x0000000085f00000, 0x0000000086000000|  0%| F|  |TAMS 0x0000000085f00000, 0x0000000085f00000| Untracked 
|  96|0x0000000086000000, 0x0000000086000000, 0x0000000086100000|  0%| F|  |TAMS 0x0000000086000000, 0x0000000086000000| Untracked 
|  97|0x0000000086100000, 0x0000000086100000, 0x0000000086200000|  0%| F|  |TAMS 0x0000000086100000, 0x0000000086100000| Untracked 
|  98|0x0000000086200000, 0x0000000086200000, 0x0000000086300000|  0%| F|  |TAMS 0x0000000086200000, 0x0000000086200000| Untracked 
|  99|0x0000000086300000, 0x0000000086300000, 0x0000000086400000|  0%| F|  |TAMS 0x0000000086300000, 0x0000000086300000| Untracked 
| 100|0x0000000086400000, 0x0000000086400000, 0x0000000086500000|  0%| F|  |TAMS 0x0000000086400000, 0x0000000086400000| Untracked 
| 101|0x0000000086500000, 0x0000000086500000, 0x0000000086600000|  0%| F|  |TAMS 0x0000000086500000, 0x0000000086500000| Untracked 
| 102|0x0000000086600000, 0x0000000086600000, 0x0000000086700000|  0%| F|  |TAMS 0x0000000086600000, 0x0000000086600000| Untracked 
| 103|0x0000000086700000, 0x0000000086700000, 0x0000000086800000|  0%| F|  |TAMS 0x0000000086700000, 0x0000000086700000| Untracked 
| 104|0x0000000086800000, 0x0000000086800000, 0x0000000086900000|  0%| F|  |TAMS 0x0000000086800000, 0x0000000086800000| Untracked 
| 105|0x0000000086900000, 0x0000000086900000, 0x0000000086a00000|  0%| F|  |TAMS 0x0000000086900000, 0x0000000086900000| Untracked 
| 106|0x0000000086a00000, 0x0000000086a00000, 0x0000000086b00000|  0%| F|  |TAMS 0x0000000086a00000, 0x0000000086a00000| Untracked 
| 107|0x0000000086b00000, 0x0000000086b00000, 0x0000000086c00000|  0%| F|  |TAMS 0x0000000086b00000, 0x0000000086b00000| Untracked 
| 108|0x0000000086c00000, 0x0000000086c00000, 0x0000000086d00000|  0%| F|  |TAMS 0x0000000086c00000, 0x0000000086c00000| Untracked 
| 109|0x0000000086d00000, 0x0000000086d00000, 0x0000000086e00000|  0%| F|  |TAMS 0x0000000086d00000, 0x0000000086d00000| Untracked 
| 110|0x0000000086e00000, 0x0000000086e00000, 0x0000000086f00000|  0%| F|  |TAMS 0x0000000086e00000, 0x0000000086e00000| Untracked 
| 111|0x0000000086f00000, 0x0000000086f00000, 0x0000000087000000|  0%| F|  |TAMS 0x0000000086f00000, 0x0000000086f00000| Untracked 
| 112|0x0000000087000000, 0x0000000087000000, 0x0000000087100000|  0%| F|  |TAMS 0x0000000087000000, 0x0000000087000000| Untracked 
| 113|0x0000000087100000, 0x0000000087100000, 0x0000000087200000|  0%| F|  |TAMS 0x0000000087100000, 0x0000000087100000| Untracked 
| 114|0x0000000087200000, 0x0000000087200000, 0x0000000087300000|  0%| F|  |TAMS 0x0000000087200000, 0x0000000087200000| Untracked 
| 115|0x0000000087300000, 0x0000000087300000, 0x0000000087400000|  0%| F|  |TAMS 0x0000000087300000, 0x0000000087300000| Untracked 
| 116|0x0000000087400000, 0x0000000087400000, 0x0000000087500000|  0%| F|  |TAMS 0x0000000087400000, 0x0000000087400000| Untracked 
| 117|0x0000000087500000, 0x0000000087500000, 0x0000000087600000|  0%| F|  |TAMS 0x0000000087500000, 0x0000000087500000| Untracked 
| 118|0x0000000087600000, 0x0000000087600000, 0x0000000087700000|  0%| F|  |TAMS 0x0000000087600000, 0x0000000087600000| Untracked 
| 119|0x0000000087700000, 0x0000000087700000, 0x0000000087800000|  0%| F|  |TAMS 0x0000000087700000, 0x0000000087700000| Untracked 
| 120|0x0000000087800000, 0x0000000087800000, 0x0000000087900000|  0%| F|  |TAMS 0x0000000087800000, 0x0000000087800000| Untracked 
| 121|0x0000000087900000, 0x0000000087900000, 0x0000000087a00000|  0%| F|  |TAMS 0x0000000087900000, 0x0000000087900000| Untracked 
| 122|0x0000000087a00000, 0x0000000087a00000, 0x0000000087b00000|  0%| F|  |TAMS 0x0000000087a00000, 0x0000000087a00000| Untracked 
| 123|0x0000000087b00000, 0x0000000087b00000, 0x0000000087c00000|  0%| F|  |TAMS 0x0000000087b00000, 0x0000000087b00000| Untracked 
| 124|0x0000000087c00000, 0x0000000087c00000, 0x0000000087d00000|  0%| F|  |TAMS 0x0000000087c00000, 0x0000000087c00000| Untracked 
| 125|0x0000000087d00000, 0x0000000087d00000, 0x0000000087e00000|  0%| F|  |TAMS 0x0000000087d00000, 0x0000000087d00000| Untracked 
| 126|0x0000000087e00000, 0x0000000087e00000, 0x0000000087f00000|  0%| F|  |TAMS 0x0000000087e00000, 0x0000000087e00000| Untracked 
| 127|0x0000000087f00000, 0x0000000087fe41b0, 0x0000000088000000| 89%| S|CS|TAMS 0x0000000087f00000, 0x0000000087f00000| Complete 
| 128|0x0000000088000000, 0x0000000088100000, 0x0000000088100000|100%| S|CS|TAMS 0x0000000088000000, 0x0000000088000000| Complete 
| 129|0x0000000088100000, 0x0000000088200000, 0x0000000088200000|100%| S|CS|TAMS 0x0000000088100000, 0x0000000088100000| Complete 
| 130|0x0000000088200000, 0x0000000088200000, 0x0000000088300000|  0%| F|  |TAMS 0x0000000088200000, 0x0000000088200000| Untracked 
| 131|0x0000000088300000, 0x0000000088300000, 0x0000000088400000|  0%| F|  |TAMS 0x0000000088300000, 0x0000000088300000| Untracked 
| 132|0x0000000088400000, 0x0000000088400000, 0x0000000088500000|  0%| F|  |TAMS 0x0000000088400000, 0x0000000088400000| Untracked 
| 133|0x0000000088500000, 0x0000000088500000, 0x0000000088600000|  0%| F|  |TAMS 0x0000000088500000, 0x0000000088500000| Untracked 
| 134|0x0000000088600000, 0x0000000088600000, 0x0000000088700000|  0%| F|  |TAMS 0x0000000088600000, 0x0000000088600000| Untracked 
| 135|0x0000000088700000, 0x0000000088700000, 0x0000000088800000|  0%| F|  |TAMS 0x0000000088700000, 0x0000000088700000| Untracked 
| 136|0x0000000088800000, 0x0000000088800000, 0x0000000088900000|  0%| F|  |TAMS 0x0000000088800000, 0x0000000088800000| Untracked 
| 137|0x0000000088900000, 0x0000000088900000, 0x0000000088a00000|  0%| F|  |TAMS 0x0000000088900000, 0x0000000088900000| Untracked 
| 138|0x0000000088a00000, 0x0000000088a00000, 0x0000000088b00000|  0%| F|  |TAMS 0x0000000088a00000, 0x0000000088a00000| Untracked 
| 139|0x0000000088b00000, 0x0000000088b00000, 0x0000000088c00000|  0%| F|  |TAMS 0x0000000088b00000, 0x0000000088b00000| Untracked 
| 140|0x0000000088c00000, 0x0000000088c00000, 0x0000000088d00000|  0%| F|  |TAMS 0x0000000088c00000, 0x0000000088c00000| Untracked 
| 141|0x0000000088d00000, 0x0000000088d00000, 0x0000000088e00000|  0%| F|  |TAMS 0x0000000088d00000, 0x0000000088d00000| Untracked 
| 142|0x0000000088e00000, 0x0000000088e00000, 0x0000000088f00000|  0%| F|  |TAMS 0x0000000088e00000, 0x0000000088e00000| Untracked 
| 143|0x0000000088f00000, 0x0000000088f00000, 0x0000000089000000|  0%| F|  |TAMS 0x0000000088f00000, 0x0000000088f00000| Untracked 
| 144|0x0000000089000000, 0x0000000089000000, 0x0000000089100000|  0%| F|  |TAMS 0x0000000089000000, 0x0000000089000000| Untracked 
| 145|0x0000000089100000, 0x0000000089100000, 0x0000000089200000|  0%| F|  |TAMS 0x0000000089100000, 0x0000000089100000| Untracked 
| 146|0x0000000089200000, 0x0000000089200000, 0x0000000089300000|  0%| F|  |TAMS 0x0000000089200000, 0x0000000089200000| Untracked 
| 147|0x0000000089300000, 0x0000000089300000, 0x0000000089400000|  0%| F|  |TAMS 0x0000000089300000, 0x0000000089300000| Untracked 
| 148|0x0000000089400000, 0x0000000089400000, 0x0000000089500000|  0%| F|  |TAMS 0x0000000089400000, 0x0000000089400000| Untracked 
| 149|0x0000000089500000, 0x0000000089500000, 0x0000000089600000|  0%| F|  |TAMS 0x0000000089500000, 0x0000000089500000| Untracked 
| 150|0x0000000089600000, 0x0000000089600000, 0x0000000089700000|  0%| F|  |TAMS 0x0000000089600000, 0x0000000089600000| Untracked 
| 151|0x0000000089700000, 0x0000000089700000, 0x0000000089800000|  0%| F|  |TAMS 0x0000000089700000, 0x0000000089700000| Untracked 
| 152|0x0000000089800000, 0x0000000089800000, 0x0000000089900000|  0%| F|  |TAMS 0x0000000089800000, 0x0000000089800000| Untracked 
| 153|0x0000000089900000, 0x0000000089900000, 0x0000000089a00000|  0%| F|  |TAMS 0x0000000089900000, 0x0000000089900000| Untracked 
| 154|0x0000000089a00000, 0x0000000089a00000, 0x0000000089b00000|  0%| F|  |TAMS 0x0000000089a00000, 0x0000000089a00000| Untracked 
| 155|0x0000000089b00000, 0x0000000089b00000, 0x0000000089c00000|  0%| F|  |TAMS 0x0000000089b00000, 0x0000000089b00000| Untracked 
| 156|0x0000000089c00000, 0x0000000089c00000, 0x0000000089d00000|  0%| F|  |TAMS 0x0000000089c00000, 0x0000000089c00000| Untracked 
| 157|0x0000000089d00000, 0x0000000089d00000, 0x0000000089e00000|  0%| F|  |TAMS 0x0000000089d00000, 0x0000000089d00000| Untracked 
| 158|0x0000000089e00000, 0x0000000089e00000, 0x0000000089f00000|  0%| F|  |TAMS 0x0000000089e00000, 0x0000000089e00000| Untracked 
| 159|0x0000000089f00000, 0x0000000089f00000, 0x000000008a000000|  0%| F|  |TAMS 0x0000000089f00000, 0x0000000089f00000| Untracked 
| 160|0x000000008a000000, 0x000000008a000000, 0x000000008a100000|  0%| F|  |TAMS 0x000000008a000000, 0x000000008a000000| Untracked 
| 161|0x000000008a100000, 0x000000008a100000, 0x000000008a200000|  0%| F|  |TAMS 0x000000008a100000, 0x000000008a100000| Untracked 
| 162|0x000000008a200000, 0x000000008a200000, 0x000000008a300000|  0%| F|  |TAMS 0x000000008a200000, 0x000000008a200000| Untracked 
| 163|0x000000008a300000, 0x000000008a300000, 0x000000008a400000|  0%| F|  |TAMS 0x000000008a300000, 0x000000008a300000| Untracked 
| 164|0x000000008a400000, 0x000000008a400000, 0x000000008a500000|  0%| F|  |TAMS 0x000000008a400000, 0x000000008a400000| Untracked 

Card table byte_map: [0x000001d54db90000,0x000001d54df90000] _byte_map_base: 0x000001d54d790000

Marking Bits (Prev, Next): (CMBitMap*) 0x000001d53909d510, (CMBitMap*) 0x000001d53909d550
 Prev Bits: [0x000001d54e390000, 0x000001d550390000)
 Next Bits: [0x000001d550390000, 0x000001d552390000)

Polling page: 0x000001d539100000

Metaspace:

Usage:
  Non-class:     65.22 MB used.
      Class:     10.27 MB used.
       Both:     75.49 MB used.

Virtual space:
  Non-class space:       72.00 MB reserved,      65.56 MB ( 91%) committed,  9 nodes.
      Class space:        1.00 GB reserved,      10.56 MB (  1%) committed,  1 nodes.
             Both:        1.07 GB reserved,      76.12 MB (  7%) committed. 

Chunk freelists:
   Non-Class:  2.42 MB
       Class:  1.38 MB
        Both:  3.80 MB

MaxMetaspaceSize: unlimited
CompressedClassSpaceSize: 1.00 GB
Initial GC threshold: 21.00 MB
Current GC threshold: 113.56 MB
CDS: off
MetaspaceReclaimPolicy: balanced
 - commit_granule_bytes: 65536.
 - commit_granule_words: 8192.
 - virtual_space_node_default_size: 1048576.
 - enlarge_chunks_in_place: 1.
 - new_chunks_are_fully_committed: 0.
 - uncommit_free_chunks: 1.
 - use_allocation_guard: 0.
 - handle_deallocations: 1.


Internal statistics:

num_allocs_failed_limit: 3.
num_arena_births: 746.
num_arena_deaths: 0.
num_vsnodes_births: 10.
num_vsnodes_deaths: 0.
num_space_committed: 1218.
num_space_uncommitted: 0.
num_chunks_returned_to_freelist: 3.
num_chunks_taken_from_freelist: 3481.
num_chunk_merges: 3.
num_chunk_splits: 2307.
num_chunks_enlarged: 1542.
num_purges: 0.
num_inconsistent_stats: 0.

CodeHeap 'non-profiled nmethods': size=120000Kb used=4376Kb max_used=4376Kb free=115623Kb
 bounds [0x000001d5457f0000, 0x000001d545c40000, 0x000001d54cd20000]
CodeHeap 'profiled nmethods': size=120000Kb used=13962Kb max_used=13962Kb free=106037Kb
 bounds [0x000001d53dd20000, 0x000001d53ead0000, 0x000001d545250000]
CodeHeap 'non-nmethods': size=5760Kb used=2363Kb max_used=2464Kb free=3397Kb
 bounds [0x000001d545250000, 0x000001d5454e0000, 0x000001d5457f0000]
 total_blobs=7947 nmethods=7058 adapters=801
 compilation: enabled
              stopped_count=0, restarted_count=0
 full_count=0

Compilation events (20 events):
Event: 9.746 Thread 0x000001d5558384e0 7861       3       java.util.concurrent.locks.ReentrantReadWriteLock$Sync::sharedCount (5 bytes)
Event: 9.746 Thread 0x000001d5558384e0 nmethod 7861 0x000001d53eac0210 code [0x000001d53eac03a0, 0x000001d53eac0498]
Event: 9.746 Thread 0x000001d5558384e0 7862       3       java.util.concurrent.locks.ReentrantReadWriteLock$ReadLock::unlock (10 bytes)
Event: 9.746 Thread 0x000001d5558384e0 nmethod 7862 0x000001d53eac0510 code [0x000001d53eac06e0, 0x000001d53eac09b8]
Event: 9.746 Thread 0x000001d5558384e0 7863       3       java.util.concurrent.locks.ReentrantReadWriteLock$Sync::tryReleaseShared (146 bytes)
Event: 9.747 Thread 0x000001d5558384e0 nmethod 7863 0x000001d53eac0b10 code [0x000001d53eac0d60, 0x000001d53eac1858]
Event: 9.747 Thread 0x000001d5558384e0 7864       3       java.util.concurrent.locks.ReentrantReadWriteLock$NonfairSync::readerShouldBlock (5 bytes)
Event: 9.747 Thread 0x000001d5558384e0 nmethod 7864 0x000001d53eac1c90 code [0x000001d53eac1e20, 0x000001d53eac1f68]
Event: 9.747 Thread 0x000001d5558384e0 7865       3       java.util.concurrent.locks.AbstractQueuedSynchronizer::apparentlyFirstQueuedIsExclusive (38 bytes)
Event: 9.747 Thread 0x000001d5558384e0 nmethod 7865 0x000001d53eac2010 code [0x000001d53eac21c0, 0x000001d53eac24d8]
Event: 9.748 Thread 0x000001d5558384e0 7867       1       java.util.concurrent.locks.ReentrantReadWriteLock::writeLock (5 bytes)
Event: 9.748 Thread 0x000001d5558384e0 nmethod 7867 0x000001d545c2b310 code [0x000001d545c2b4a0, 0x000001d545c2b578]
Event: 9.756 Thread 0x000001d555837a40 nmethod 7866 0x000001d545c2b610 code [0x000001d545c2b7c0, 0x000001d545c2c2a8]
Event: 9.756 Thread 0x000001d555837a40 7868       4       jdk.internal.org.objectweb.asm.MethodWriter::visitVarInsn (302 bytes)
Event: 9.760 Thread 0x000001d5558384e0 7869       3       org.gradle.internal.serialize.kryo.KryoBackedEncoder::writeSmallInt (11 bytes)
Event: 9.761 Thread 0x000001d5558384e0 nmethod 7869 0x000001d53eac2590 code [0x000001d53eac2740, 0x000001d53eac2908]
Event: 9.767 Thread 0x000001d555837a40 nmethod 7868 0x000001d545c2c810 code [0x000001d545c2c9e0, 0x000001d545c2d5c8]
Event: 9.786 Thread 0x000001d555837a40 7870   !   4       java.net.URL::<init> (543 bytes)
Event: 9.804 Thread 0x000001d555b02fe0 nmethod 7595 0x000001d545c2db10 code [0x000001d545c2e0c0, 0x000001d545c333c0]
Event: 9.804 Thread 0x000001d555b02fe0 7871       4       java.net.URL::equals (27 bytes)

GC Heap History (20 events):
Event: 6.702 GC heap after
{Heap after GC invocations=27 (full 0):
 garbage-first heap   total 152576K, used 75657K [0x0000000080000000, 0x0000000100000000)
  region size 1024K, 4 young (4096K), 4 survivors (4096K)
 Metaspace       used 54111K, committed 54656K, reserved 1097728K
  class space    used 7227K, committed 7488K, reserved 1048576K
}
Event: 6.771 GC heap before
{Heap before GC invocations=28 (full 0):
 garbage-first heap   total 152576K, used 80777K [0x0000000080000000, 0x0000000100000000)
  region size 1024K, 8 young (8192K), 4 survivors (4096K)
 Metaspace       used 54232K, committed 54784K, reserved 1097728K
  class space    used 7244K, committed 7488K, reserved 1048576K
}
Event: 6.775 GC heap after
{Heap after GC invocations=29 (full 0):
 garbage-first heap   total 152576K, used 78564K [0x0000000080000000, 0x0000000100000000)
  region size 1024K, 4 young (4096K), 4 survivors (4096K)
 Metaspace       used 54232K, committed 54784K, reserved 1097728K
  class space    used 7244K, committed 7488K, reserved 1048576K
}
Event: 7.241 GC heap before
{Heap before GC invocations=30 (full 0):
 garbage-first heap   total 152576K, used 121572K [0x0000000080000000, 0x0000000100000000)
  region size 1024K, 45 young (46080K), 4 survivors (4096K)
 Metaspace       used 59470K, committed 60096K, reserved 1105920K
  class space    used 7928K, committed 8256K, reserved 1048576K
}
Event: 7.245 GC heap after
{Heap after GC invocations=31 (full 0):
 garbage-first heap   total 152576K, used 84839K [0x0000000080000000, 0x0000000100000000)
  region size 1024K, 6 young (6144K), 6 survivors (6144K)
 Metaspace       used 59470K, committed 60096K, reserved 1105920K
  class space    used 7928K, committed 8256K, reserved 1048576K
}
Event: 7.260 GC heap before
{Heap before GC invocations=31 (full 0):
 garbage-first heap   total 152576K, used 85863K [0x0000000080000000, 0x0000000100000000)
  region size 1024K, 7 young (7168K), 6 survivors (6144K)
 Metaspace       used 59771K, committed 60416K, reserved 1105920K
  class space    used 7958K, committed 8256K, reserved 1048576K
}
Event: 7.263 GC heap after
{Heap after GC invocations=32 (full 0):
 garbage-first heap   total 152576K, used 85301K [0x0000000080000000, 0x0000000100000000)
  region size 1024K, 1 young (1024K), 1 survivors (1024K)
 Metaspace       used 59771K, committed 60416K, reserved 1105920K
  class space    used 7958K, committed 8256K, reserved 1048576K
}
Event: 7.772 GC heap before
{Heap before GC invocations=32 (full 0):
 garbage-first heap   total 152576K, used 111925K [0x0000000080000000, 0x0000000100000000)
  region size 1024K, 28 young (28672K), 1 survivors (1024K)
 Metaspace       used 64824K, committed 65472K, reserved 1105920K
  class space    used 8631K, committed 8960K, reserved 1048576K
}
Event: 7.775 GC heap after
{Heap after GC invocations=33 (full 0):
 garbage-first heap   total 152576K, used 87341K [0x0000000080000000, 0x0000000100000000)
  region size 1024K, 3 young (3072K), 3 survivors (3072K)
 Metaspace       used 64824K, committed 65472K, reserved 1105920K
  class space    used 8631K, committed 8960K, reserved 1048576K
}
Event: 8.185 GC heap before
{Heap before GC invocations=34 (full 0):
 garbage-first heap   total 168960K, used 128301K [0x0000000080000000, 0x0000000100000000)
  region size 1024K, 37 young (37888K), 3 survivors (3072K)
 Metaspace       used 67148K, committed 67840K, reserved 1114112K
  class space    used 8941K, committed 9280K, reserved 1048576K
}
Event: 8.191 GC heap after
{Heap after GC invocations=35 (full 0):
 garbage-first heap   total 168960K, used 90293K [0x0000000080000000, 0x0000000100000000)
  region size 1024K, 5 young (5120K), 5 survivors (5120K)
 Metaspace       used 67148K, committed 67840K, reserved 1114112K
  class space    used 8941K, committed 9280K, reserved 1048576K
}
Event: 8.226 GC heap before
{Heap before GC invocations=35 (full 0):
 garbage-first heap   total 168960K, used 93365K [0x0000000080000000, 0x0000000100000000)
  region size 1024K, 8 young (8192K), 5 survivors (5120K)
 Metaspace       used 67367K, committed 68032K, reserved 1114112K
  class space    used 8966K, committed 9280K, reserved 1048576K
}
Event: 8.233 GC heap after
{Heap after GC invocations=36 (full 0):
 garbage-first heap   total 168960K, used 90551K [0x0000000080000000, 0x0000000100000000)
  region size 1024K, 1 young (1024K), 1 survivors (1024K)
 Metaspace       used 67367K, committed 68032K, reserved 1114112K
  class space    used 8966K, committed 9280K, reserved 1048576K
}
Event: 8.585 GC heap before
{Heap before GC invocations=36 (full 0):
 garbage-first heap   total 168960K, used 131511K [0x0000000080000000, 0x0000000100000000)
  region size 1024K, 41 young (41984K), 1 survivors (1024K)
 Metaspace       used 69028K, committed 69696K, reserved 1114112K
  class space    used 9198K, committed 9536K, reserved 1048576K
}
Event: 8.589 GC heap after
{Heap after GC invocations=37 (full 0):
 garbage-first heap   total 168960K, used 93080K [0x0000000080000000, 0x0000000100000000)
  region size 1024K, 4 young (4096K), 4 survivors (4096K)
 Metaspace       used 69028K, committed 69696K, reserved 1114112K
  class space    used 9198K, committed 9536K, reserved 1048576K
}
Event: 9.167 GC heap before
{Heap before GC invocations=38 (full 0):
 garbage-first heap   total 168960K, used 135064K [0x0000000080000000, 0x0000000100000000)
  region size 1024K, 44 young (45056K), 4 survivors (4096K)
 Metaspace       used 72994K, committed 73664K, reserved 1114112K
  class space    used 9842K, committed 10176K, reserved 1048576K
}
Event: 9.173 GC heap after
{Heap after GC invocations=39 (full 0):
 garbage-first heap   total 168960K, used 95481K [0x0000000080000000, 0x0000000100000000)
  region size 1024K, 6 young (6144K), 6 survivors (6144K)
 Metaspace       used 72994K, committed 73664K, reserved 1114112K
  class space    used 9842K, committed 10176K, reserved 1048576K
}
Event: 9.208 GC heap before
{Heap before GC invocations=39 (full 0):
 garbage-first heap   total 168960K, used 97529K [0x0000000080000000, 0x0000000100000000)
  region size 1024K, 8 young (8192K), 6 survivors (6144K)
 Metaspace       used 73282K, committed 73984K, reserved 1114112K
  class space    used 9912K, committed 10240K, reserved 1048576K
}
Event: 9.215 GC heap after
{Heap after GC invocations=40 (full 0):
 garbage-first heap   total 168960K, used 95534K [0x0000000080000000, 0x0000000100000000)
  region size 1024K, 1 young (1024K), 1 survivors (1024K)
 Metaspace       used 73282K, committed 73984K, reserved 1114112K
  class space    used 9912K, committed 10240K, reserved 1048576K
}
Event: 9.807 GC heap before
{Heap before GC invocations=40 (full 0):
 garbage-first heap   total 168960K, used 129326K [0x0000000080000000, 0x0000000100000000)
  region size 1024K, 35 young (35840K), 1 survivors (1024K)
 Metaspace       used 77301K, committed 77952K, reserved 1122304K
  class space    used 10514K, committed 10816K, reserved 1048576K
}

Dll operation events (2 events):
Event: 0.009 Loaded shared library C:\Program Files\Android\Android Studio\jbr\bin\java.dll
Event: 0.452 Loaded shared library C:\Program Files\Android\Android Studio\jbr\bin\verify.dll

Deoptimization events (20 events):
Event: 9.694 Thread 0x000001d55818bf30 Uncommon trap: trap_request=0xfffffff4 fr.pc=0x000001d545b3875c relative=0x00000000000006fc
Event: 9.694 Thread 0x000001d55818bf30 Uncommon trap: reason=null_check action=make_not_entrant pc=0x000001d545b3875c method=org.gradle.util.internal.SimpleMapInterner.intern(Ljava/lang/Object;)Ljava/lang/Object; @ 2 c2
Event: 9.694 Thread 0x000001d55818bf30 DEOPT PACKING pc=0x000001d545b3875c sp=0x000000bf34df83d0
Event: 9.694 Thread 0x000001d55818bf30 DEOPT UNPACKING pc=0x000001d5452a69a3 sp=0x000000bf34df8398 mode 2
Event: 9.694 Thread 0x000001d55818bf30 Uncommon trap: trap_request=0xffffff45 fr.pc=0x000001d545b3c4dc relative=0x00000000000006fc
Event: 9.694 Thread 0x000001d55818bf30 Uncommon trap: reason=unstable_if action=reinterpret pc=0x000001d545b3c4dc method=org.gradle.util.internal.SimpleMapInterner.intern(Ljava/lang/String;)Ljava/lang/String; @ 1 c2
Event: 9.694 Thread 0x000001d55818bf30 DEOPT PACKING pc=0x000001d545b3c4dc sp=0x000000bf34df8360
Event: 9.695 Thread 0x000001d55818bf30 DEOPT UNPACKING pc=0x000001d5452a69a3 sp=0x000000bf34df8328 mode 2
Event: 9.747 Thread 0x000001d55818bf30 Uncommon trap: trap_request=0xffffff45 fr.pc=0x000001d54592b82c relative=0x00000000000007ec
Event: 9.747 Thread 0x000001d55818bf30 Uncommon trap: reason=unstable_if action=reinterpret pc=0x000001d54592b82c method=java.lang.Integer.stringSize(I)I @ 3 c2
Event: 9.747 Thread 0x000001d55818bf30 DEOPT PACKING pc=0x000001d54592b82c sp=0x000000bf34dfc4a0
Event: 9.747 Thread 0x000001d55818bf30 DEOPT UNPACKING pc=0x000001d5452a69a3 sp=0x000000bf34dfc3f0 mode 2
Event: 9.750 Thread 0x000001d55818bf30 Uncommon trap: trap_request=0xffffff45 fr.pc=0x000001d54592adc0 relative=0x00000000000000c0
Event: 9.750 Thread 0x000001d55818bf30 Uncommon trap: reason=unstable_if action=reinterpret pc=0x000001d54592adc0 method=java.lang.Integer.stringSize(I)I @ 3 c2
Event: 9.750 Thread 0x000001d55818bf30 DEOPT PACKING pc=0x000001d54592adc0 sp=0x000000bf34dfc3b0
Event: 9.750 Thread 0x000001d55818bf30 DEOPT UNPACKING pc=0x000001d5452a69a3 sp=0x000000bf34dfc338 mode 2
Event: 9.756 Thread 0x000001d55818bf30 Uncommon trap: trap_request=0xffffff45 fr.pc=0x000001d545b01724 relative=0x0000000000001244
Event: 9.756 Thread 0x000001d55818bf30 Uncommon trap: reason=unstable_if action=reinterpret pc=0x000001d545b01724 method=jdk.internal.org.objectweb.asm.Frame.getAbstractTypeFromDescriptor(Ljdk/internal/org/objectweb/asm/SymbolTable;Ljava/lang/String;I)I @ 189 c2
Event: 9.756 Thread 0x000001d55818bf30 DEOPT PACKING pc=0x000001d545b01724 sp=0x000000bf34dfbb00
Event: 9.756 Thread 0x000001d55818bf30 DEOPT UNPACKING pc=0x000001d5452a69a3 sp=0x000000bf34dfbac0 mode 2

Classes unloaded (0 events):
No events

Classes redefined (0 events):
No events

Internal exceptions (20 events):
Event: 8.639 Thread 0x000001d55818bf30 Exception <a 'java/lang/ClassNotFoundException'{0x0000000089ffdde8}: build_5lv7fahwyiyox2ea751kber5j$_run_closure1BeanInfo> (0x0000000089ffdde8) 
thrown [s\src\hotspot\share\classfile\systemDictionary.cpp, line 256]
Event: 8.639 Thread 0x000001d55818bf30 Exception <a 'java/lang/ClassNotFoundException'{0x0000000089e09758}: build_5lv7fahwyiyox2ea751kber5j$_run_closure1Customizer> (0x0000000089e09758) 
thrown [s\src\hotspot\share\classfile\systemDictionary.cpp, line 256]
Event: 8.648 Thread 0x000001d55818bf30 Exception <a 'java/lang/ClassNotFoundException'{0x0000000089e47e48}: org/gradle/api/JavaVersionBeanInfo> (0x0000000089e47e48) 
thrown [s\src\hotspot\share\classfile\systemDictionary.cpp, line 256]
Event: 8.650 Thread 0x000001d55818bf30 Exception <a 'java/lang/ClassNotFoundException'{0x0000000089e5ee40}: org/gradle/api/JavaVersionCustomizer> (0x0000000089e5ee40) 
thrown [s\src\hotspot\share\classfile\systemDictionary.cpp, line 256]
Event: 8.653 Thread 0x000001d55818bf30 Exception <a 'java/lang/ClassNotFoundException'{0x0000000089ea3f00}: com/android/build/gradle/internal/CompileOptions$AgpDecorated_DecoratedBeanInfo> (0x0000000089ea3f00) 
thrown [s\src\hotspot\share\classfile\systemDictionary.cpp, line 256]
Event: 8.654 Thread 0x000001d55818bf30 Exception <a 'java/lang/ClassNotFoundException'{0x0000000089eb1560}: com/android/build/gradle/internal/CompileOptions$AgpDecoratedBeanInfo> (0x0000000089eb1560) 
thrown [s\src\hotspot\share\classfile\systemDictionary.cpp, line 256]
Event: 8.655 Thread 0x000001d55818bf30 Exception <a 'java/lang/ClassNotFoundException'{0x0000000089ebf1c0}: com/android/build/gradle/internal/CompileOptionsBeanInfo> (0x0000000089ebf1c0) 
thrown [s\src\hotspot\share\classfile\systemDictionary.cpp, line 256]
Event: 8.656 Thread 0x000001d55818bf30 Exception <a 'java/lang/ClassNotFoundException'{0x0000000089ecc8d8}: com/android/build/gradle/internal/CompileOptionsCustomizer> (0x0000000089ecc8d8) 
thrown [s\src\hotspot\share\classfile\systemDictionary.cpp, line 256]
Event: 8.657 Thread 0x000001d55818bf30 Exception <a 'java/lang/ClassNotFoundException'{0x0000000089ee5248}: com/android/build/gradle/internal/CompileOptions$AgpDecoratedCustomizer> (0x0000000089ee5248) 
thrown [s\src\hotspot\share\classfile\systemDictionary.cpp, line 256]
Event: 8.658 Thread 0x000001d55818bf30 Exception <a 'java/lang/ClassNotFoundException'{0x0000000089ef60c8}: com/android/build/gradle/internal/CompileOptions$AgpDecorated_DecoratedCustomizer> (0x0000000089ef60c8) 
thrown [s\src\hotspot\share\classfile\systemDictionary.cpp, line 256]
Event: 9.346 Thread 0x000001d55818bf30 Exception <a 'java/lang/NoSuchMethodError'{0x0000000089dfbb00}: 'int java.lang.invoke.DirectMethodHandle$Holder.invokeSpecialIFC(java.lang.Object, java.lang.Object, java.lang.Object, java.lang.Object, java.lang.Object)'> (0x0000000089dfbb00) 
thrown [s\src\hotspot\share\interpreter\linkResolver.cpp, line 771]
Event: 9.546 Thread 0x000001d55818bf30 Exception <a 'java/lang/ClassNotFoundException'{0x0000000088f1eba8}: com/android/build/gradle/internal/api/ApkVariantOutputImpl_DecoratedBeanInfo> (0x0000000088f1eba8) 
thrown [s\src\hotspot\share\classfile\systemDictionary.cpp, line 256]
Event: 9.546 Thread 0x000001d55818bf30 Exception <a 'java/lang/ClassNotFoundException'{0x0000000088f2ba28}: com/android/build/gradle/internal/api/ApkVariantOutputImplBeanInfo> (0x0000000088f2ba28) 
thrown [s\src\hotspot\share\classfile\systemDictionary.cpp, line 256]
Event: 9.547 Thread 0x000001d55818bf30 Exception <a 'java/lang/ClassNotFoundException'{0x0000000088f388b8}: com/android/build/gradle/internal/api/BaseVariantOutputImplBeanInfo> (0x0000000088f388b8) 
thrown [s\src\hotspot\share\classfile\systemDictionary.cpp, line 256]
Event: 9.548 Thread 0x000001d55818bf30 Exception <a 'java/lang/ClassNotFoundException'{0x0000000088f45720}: com/android/build/gradle/internal/api/BaseVariantOutputImplCustomizer> (0x0000000088f45720) 
thrown [s\src\hotspot\share\classfile\systemDictionary.cpp, line 256]
Event: 9.549 Thread 0x000001d55818bf30 Exception <a 'java/lang/ClassNotFoundException'{0x0000000088f65500}: com/android/build/gradle/internal/api/ApkVariantOutputImplCustomizer> (0x0000000088f65500) 
thrown [s\src\hotspot\share\classfile\systemDictionary.cpp, line 256]
Event: 9.550 Thread 0x000001d55818bf30 Exception <a 'java/lang/ClassNotFoundException'{0x0000000088f80238}: com/android/build/gradle/internal/api/ApkVariantOutputImpl_DecoratedCustomizer> (0x0000000088f80238) 
thrown [s\src\hotspot\share\classfile\systemDictionary.cpp, line 256]
Event: 9.557 Thread 0x000001d55818bf30 Exception <a 'java/lang/NoClassDefFoundError'{0x0000000088e65ed8}: org/jetbrains/kotlin/gradle/plugin/KotlinBasePluginWrapper> (0x0000000088e65ed8) 
thrown [s\src\hotspot\share\classfile\systemDictionary.cpp, line 245]
Event: 9.694 Thread 0x000001d55818bf30 Implicit null exception at 0x000001d545b3808f to 0x000001d545b3874c
Event: 9.694 Thread 0x000001d55818bf30 Implicit null exception at 0x000001d545b3be14 to 0x000001d545b3c4c4

VM Operations (20 events):
Event: 8.191 Executing VM operation: G1CollectForAllocation done
Event: 8.226 Executing VM operation: G1CollectForAllocation
Event: 8.233 Executing VM operation: G1CollectForAllocation done
Event: 8.585 Executing VM operation: G1CollectForAllocation
Event: 8.589 Executing VM operation: G1CollectForAllocation done
Event: 8.643 Executing VM operation: G1Concurrent
Event: 8.647 Executing VM operation: G1Concurrent done
Event: 8.671 Executing VM operation: G1Concurrent
Event: 8.671 Executing VM operation: G1Concurrent done
Event: 8.687 Executing VM operation: HandshakeAllThreads
Event: 8.688 Executing VM operation: HandshakeAllThreads done
Event: 8.952 Executing VM operation: HandshakeAllThreads
Event: 8.952 Executing VM operation: HandshakeAllThreads done
Event: 9.167 Executing VM operation: G1CollectForAllocation
Event: 9.173 Executing VM operation: G1CollectForAllocation done
Event: 9.207 Executing VM operation: G1CollectForAllocation
Event: 9.215 Executing VM operation: G1CollectForAllocation done
Event: 9.625 Executing VM operation: ICBufferFull
Event: 9.626 Executing VM operation: ICBufferFull done
Event: 9.807 Executing VM operation: G1TryInitiateConcMark

Events (20 events):
Event: 7.883 loading class sun/nio/fs/WindowsException
Event: 7.884 loading class sun/nio/fs/WindowsException done
Event: 8.181 loading class java/security/KeyStore
Event: 8.181 loading class java/security/KeyStore done
Event: 8.181 loading class java/security/KeyStore$1
Event: 8.181 loading class java/security/KeyStore$1 done
Event: 8.313 loading class javax/xml/stream/XMLStreamException
Event: 8.313 loading class javax/xml/stream/XMLStreamException done
Event: 8.329 loading class sun/reflect/annotation/AnnotationInvocationHandler$1
Event: 8.329 loading class sun/reflect/annotation/AnnotationInvocationHandler$1 done
Event: 8.539 loading class java/beans/IntrospectionException
Event: 8.539 loading class java/beans/IntrospectionException done
Event: 8.876 loading class sun/reflect/generics/repository/FieldRepository
Event: 8.876 loading class sun/reflect/generics/repository/FieldRepository done
Event: 8.942 loading class java/util/regex/Pattern$Caret
Event: 8.942 loading class java/util/regex/Pattern$Caret done
Event: 8.959 Thread 0x000001d55583e9a0 flushing nmethod 0x000001d53e14cb90
Event: 8.959 Thread 0x000001d55583e9a0 flushing nmethod 0x000001d53e1be110
Event: 9.754 loading class java/io/NotSerializableException
Event: 9.754 loading class java/io/NotSerializableException done


Dynamic libraries:
0x00007ff6ea2c0000 - 0x00007ff6ea2ca000 	C:\Program Files\Android\Android Studio\jbr\bin\java.exe
0x00007ff882650000 - 0x00007ff882867000 	C:\WINDOWS\SYSTEM32\ntdll.dll
0x00007ff881770000 - 0x00007ff881834000 	C:\WINDOWS\System32\KERNEL32.DLL
0x00007ff87f970000 - 0x00007ff87fd1d000 	C:\WINDOWS\System32\KERNELBASE.dll
0x00007ff87fe40000 - 0x00007ff87ff51000 	C:\WINDOWS\System32\ucrtbase.dll
0x00007ff8699d0000 - 0x00007ff8699e7000 	C:\Program Files\Android\Android Studio\jbr\bin\jli.dll
0x00007ff86a6c0000 - 0x00007ff86a6db000 	C:\Program Files\Android\Android Studio\jbr\bin\VCRUNTIME140.dll
0x00007ff882070000 - 0x00007ff88221e000 	C:\WINDOWS\System32\USER32.dll
0x00007ff8801c0000 - 0x00007ff8801e6000 	C:\WINDOWS\System32\win32u.dll
0x00007ff87ebc0000 - 0x00007ff87ee53000 	C:\WINDOWS\WinSxS\amd64_microsoft.windows.common-controls_6595b64144ccf1df_6.0.22621.3672_none_2713b9d173822955\COMCTL32.dll
0x00007ff880880000 - 0x00007ff8808a9000 	C:\WINDOWS\System32\GDI32.dll
0x00007ff882410000 - 0x00007ff8824b7000 	C:\WINDOWS\System32\msvcrt.dll
0x00007ff8801f0000 - 0x00007ff880309000 	C:\WINDOWS\System32\gdi32full.dll
0x00007ff87fd20000 - 0x00007ff87fdba000 	C:\WINDOWS\System32\msvcp_win.dll
0x00007ff881610000 - 0x00007ff881641000 	C:\WINDOWS\System32\IMM32.DLL
0x00007ff87bc10000 - 0x00007ff87bc1c000 	C:\Program Files\Android\Android Studio\jbr\bin\vcruntime140_1.dll
0x00007ff857f80000 - 0x00007ff85800d000 	C:\Program Files\Android\Android Studio\jbr\bin\msvcp140.dll
0x00007ff83a280000 - 0x00007ff83aeee000 	C:\Program Files\Android\Android Studio\jbr\bin\server\jvm.dll
0x00007ff882550000 - 0x00007ff882602000 	C:\WINDOWS\System32\ADVAPI32.dll
0x00007ff881840000 - 0x00007ff8818e9000 	C:\WINDOWS\System32\sechost.dll
0x00007ff880190000 - 0x00007ff8801b8000 	C:\WINDOWS\System32\bcrypt.dll
0x00007ff881650000 - 0x00007ff881764000 	C:\WINDOWS\System32\RPCRT4.dll
0x00007ff865090000 - 0x00007ff865099000 	C:\WINDOWS\SYSTEM32\WSOCK32.dll
0x00007ff86cc40000 - 0x00007ff86cc74000 	C:\WINDOWS\SYSTEM32\WINMM.dll
0x00007ff87aa90000 - 0x00007ff87aa9a000 	C:\WINDOWS\SYSTEM32\VERSION.dll
0x00007ff882220000 - 0x00007ff882291000 	C:\WINDOWS\System32\WS2_32.dll
0x00007ff87e180000 - 0x00007ff87e198000 	C:\WINDOWS\SYSTEM32\kernel.appcore.dll
0x00007ff878380000 - 0x00007ff87838a000 	C:\Program Files\Android\Android Studio\jbr\bin\jimage.dll
0x00007ff87f2d0000 - 0x00007ff87f502000 	C:\WINDOWS\SYSTEM32\DBGHELP.DLL
0x00007ff880380000 - 0x00007ff88070e000 	C:\WINDOWS\System32\combase.dll
0x00007ff882310000 - 0x00007ff8823e7000 	C:\WINDOWS\System32\OLEAUT32.dll
0x00007ff87f170000 - 0x00007ff87f1a2000 	C:\WINDOWS\SYSTEM32\dbgcore.DLL
0x00007ff87fdc0000 - 0x00007ff87fe3b000 	C:\WINDOWS\System32\bcryptPrimitives.dll
0x00007ff86a190000 - 0x00007ff86a1b5000 	C:\Program Files\Android\Android Studio\jbr\bin\java.dll
0x00007ff86dc90000 - 0x00007ff86dca8000 	C:\Program Files\Android\Android Studio\jbr\bin\zip.dll
0x00007ff880910000 - 0x00007ff881177000 	C:\WINDOWS\System32\SHELL32.dll
0x00007ff87ce10000 - 0x00007ff87d70f000 	C:\WINDOWS\SYSTEM32\windows.storage.dll
0x00007ff87ccd0000 - 0x00007ff87ce0f000 	C:\WINDOWS\SYSTEM32\wintypes.dll
0x00007ff8811e0000 - 0x00007ff8812d9000 	C:\WINDOWS\System32\SHCORE.dll
0x00007ff881180000 - 0x00007ff8811de000 	C:\WINDOWS\System32\shlwapi.dll
0x00007ff87f8a0000 - 0x00007ff87f8c7000 	C:\WINDOWS\SYSTEM32\profapi.dll
0x00007ff86a170000 - 0x00007ff86a189000 	C:\Program Files\Android\Android Studio\jbr\bin\net.dll
0x00007ff87a8b0000 - 0x00007ff87a9e6000 	C:\WINDOWS\SYSTEM32\WINHTTP.dll
0x00007ff87e740000 - 0x00007ff87e7a9000 	C:\WINDOWS\system32\mswsock.dll
0x00007ff86a150000 - 0x00007ff86a166000 	C:\Program Files\Android\Android Studio\jbr\bin\nio.dll
0x00007ff877f90000 - 0x00007ff877fa0000 	C:\Program Files\Android\Android Studio\jbr\bin\verify.dll
0x00007ff878970000 - 0x00007ff878997000 	C:\Users\scher\.gradle\native\68d5fa5c4cc2d200863cafc0d521ce42e7d3e7ee720ec0a83991735586a16f82\windows-amd64\native-platform.dll
0x00007ff8568f0000 - 0x00007ff856a34000 	C:\Users\scher\.gradle\native\e376f236ea51e6404a007f0833ffe2c6e607c4080706a723a18a27aeea778392\windows-amd64\native-platform-file-events.dll
0x00007ff877f80000 - 0x00007ff877f89000 	C:\Program Files\Android\Android Studio\jbr\bin\management.dll
0x00007ff877f70000 - 0x00007ff877f7b000 	C:\Program Files\Android\Android Studio\jbr\bin\management_ext.dll
0x00007ff8818f0000 - 0x00007ff8818f8000 	C:\WINDOWS\System32\PSAPI.DLL
0x00007ff87f610000 - 0x00007ff87f62b000 	C:\WINDOWS\SYSTEM32\CRYPTSP.dll
0x00007ff87e0e0000 - 0x00007ff87e115000 	C:\WINDOWS\system32\rsaenh.dll
0x00007ff87e9a0000 - 0x00007ff87e9c8000 	C:\WINDOWS\SYSTEM32\USERENV.dll
0x00007ff87ea00000 - 0x00007ff87ea0c000 	C:\WINDOWS\SYSTEM32\CRYPTBASE.dll
0x00007ff87db70000 - 0x00007ff87db9d000 	C:\WINDOWS\SYSTEM32\IPHLPAPI.DLL
0x00007ff880870000 - 0x00007ff880879000 	C:\WINDOWS\System32\NSI.dll
0x00007ff87b020000 - 0x00007ff87b039000 	C:\WINDOWS\SYSTEM32\dhcpcsvc6.DLL
0x00007ff87aaa0000 - 0x00007ff87aabf000 	C:\WINDOWS\SYSTEM32\dhcpcsvc.DLL
0x00007ff87dbf0000 - 0x00007ff87dce8000 	C:\WINDOWS\SYSTEM32\DNSAPI.dll
0x00007ff877f60000 - 0x00007ff877f68000 	C:\WINDOWS\system32\wshunix.dll

dbghelp: loaded successfully - version: 4.0.5 - missing functions: none
symbol engine: initialized successfully - sym options: 0x614 - pdb path: .;C:\Program Files\Android\Android Studio\jbr\bin;C:\WINDOWS\SYSTEM32;C:\WINDOWS\WinSxS\amd64_microsoft.windows.common-controls_6595b64144ccf1df_6.0.22621.3672_none_2713b9d173822955;C:\Program Files\Android\Android Studio\jbr\bin\server;C:\Users\scher\.gradle\native\68d5fa5c4cc2d200863cafc0d521ce42e7d3e7ee720ec0a83991735586a16f82\windows-amd64;C:\Users\scher\.gradle\native\e376f236ea51e6404a007f0833ffe2c6e607c4080706a723a18a27aeea778392\windows-amd64

VM Arguments:
jvm_args: --add-opens=java.base/java.util=ALL-UNNAMED --add-opens=java.base/java.lang=ALL-UNNAMED --add-opens=java.base/java.lang.invoke=ALL-UNNAMED --add-opens=java.prefs/java.util.prefs=ALL-UNNAMED --add-opens=java.base/java.nio.charset=ALL-UNNAMED --add-opens=java.base/java.net=ALL-UNNAMED --add-opens=java.base/java.util.concurrent.atomic=ALL-UNNAMED -Xmx2048m -Dfile.encoding=UTF-8 -Duser.country=BR -Duser.language=pt -Duser.variant 
java_command: org.gradle.launcher.daemon.bootstrap.GradleDaemon 8.0
java_class_path (initial): C:\Users\scher\.gradle\wrapper\dists\gradle-8.0-bin\ca5e32bp14vu59qr306oxotwh\gradle-8.0\lib\gradle-launcher-8.0.jar
Launcher Type: SUN_STANDARD

[Global flags]
     intx CICompilerCount                          = 4                                         {product} {ergonomic}
     uint ConcGCThreads                            = 2                                         {product} {ergonomic}
     uint G1ConcRefinementThreads                  = 8                                         {product} {ergonomic}
   size_t G1HeapRegionSize                         = 1048576                                   {product} {ergonomic}
    uintx GCDrainStackTargetSize                   = 64                                        {product} {ergonomic}
   size_t InitialHeapSize                          = 134217728                                 {product} {ergonomic}
   size_t MarkStackSize                            = 4194304                                   {product} {ergonomic}
   size_t MaxHeapSize                              = 2147483648                                {product} {command line}
   size_t MaxNewSize                               = 1287651328                                {product} {ergonomic}
   size_t MinHeapDeltaBytes                        = 1048576                                   {product} {ergonomic}
   size_t MinHeapSize                              = 8388608                                   {product} {ergonomic}
    uintx NonNMethodCodeHeapSize                   = 5839372                                {pd product} {ergonomic}
    uintx NonProfiledCodeHeapSize                  = 122909434                              {pd product} {ergonomic}
    uintx ProfiledCodeHeapSize                     = 122909434                              {pd product} {ergonomic}
    uintx ReservedCodeCacheSize                    = 251658240                              {pd product} {ergonomic}
     bool SegmentedCodeCache                       = true                                      {product} {ergonomic}
   size_t SoftMaxHeapSize                          = 2147483648                             {manageable} {ergonomic}
     bool UseCompressedClassPointers               = true                           {product lp64_product} {ergonomic}
     bool UseCompressedOops                        = true                           {product lp64_product} {ergonomic}
     bool UseG1GC                                  = true                                      {product} {ergonomic}
     bool UseLargePagesIndividualAllocation        = false                                  {pd product} {ergonomic}

Logging:
Log output configuration:
 #0: stdout all=warning uptime,level,tags
 #1: stderr all=off uptime,level,tags

Environment Variables:
PATH=C:\Program Files\Common Files\Oracle\Java\javapath;C:\Program Files (x86)\Embarcadero\Studio\22.0\bin;C:\Users\Public\Documents\Embarcadero\Studio\22.0\Bpl;C:\Program Files (x86)\Embarcadero\Studio\22.0\bin64;C:\Users\Public\Documents\Embarcadero\Studio\22.0\Bpl\Win64;C:\Program Files (x86)\Embarcadero\Studio\21.0\bin;C:\Users\Public\Documents\Embarcadero\Studio\21.0\Bpl;C:\Program Files (x86)\Embarcadero\Studio\21.0\bin64;C:\Users\Public\Documents\Embarcadero\Studio\21.0\Bpl\Win64;C:\Windows\system32;C:\Windows;C:\Windows\System32\Wbem;C:\Windows\System32\WindowsPowerShell\v1.0\;C:\Windows\System32\OpenSSH\;C:\Program Files (x86)\NVIDIA Corporation\PhysX\Common;C:\Program Files\NVIDIA Corporation\NVIDIA NvDLISR;C:\WINDOWS\system32;C:\WINDOWS;C:\WINDOWS\System32\Wbem;C:\WINDOWS\System32\WindowsPowerShell\v1.0\;C:\WINDOWS\System32\OpenSSH\;C:\Program Files\dotnet\;C:\Program Files (x86)\Windows Kits\10\Windows Performance Toolkit\;C:\Program Files\Git\cmd;C:\Users\scher\AppData\Local\Microsoft\WindowsApps;;C:\Users\scher\AppData\Local\Programs\Microsoft VS Code\bin
USERNAME=scher
OS=Windows_NT
PROCESSOR_IDENTIFIER=Intel64 Family 6 Model 142 Stepping 12, GenuineIntel
TMP=C:\Users\scher\AppData\Local\Temp
TEMP=C:\Users\scher\AppData\Local\Temp


JNI global refs:
JNI global refs: 25, weak refs: 0

JNI global refs memory usage: 843, weak refs: 841


---------------  S Y S T E M  ---------------

OS:
 Windows 11 , 64 bit Build 22621 (10.0.22621.3958)
OS uptime: 0 days 14:08 hours
Hyper-V role detected

CPU: total 8 (initial active 8) (4 cores per cpu, 2 threads per core) family 6 model 142 stepping 12 microcode 0xea, cx8, cmov, fxsr, ht, mmx, 3dnowpref, sse, sse2, sse3, ssse3, sse4.1, sse4.2, popcnt, lzcnt, tsc, tscinvbit, avx, avx2, aes, erms, clmul, bmi1, bmi2, adx, fma, vzeroupper, clflush, clflushopt, hv

Memory: 4k page, system-wide physical 8072M (831M free)
TotalPageFile size 10120M (AvailPageFile size 158M)
current process WorkingSet (physical memory assigned to process): 403M, peak: 405M
current process commit charge ("private bytes"): 438M, peak: 605M

vm_info: OpenJDK 64-Bit Server VM (17.0.6+0-b2043.56-10027231) for windows-amd64 JRE (17.0.6+0-b2043.56-10027231), built on Apr 28 2023 00:43:19 by "androidbuild" with MS VC++ 16.10 / 16.11 (VS2019)

END.
