#
# There is insufficient memory for the Java Runtime Environment to continue.
# Native memory allocation (mmap) failed to map 289406976 bytes for G1 virtual space
# Possible reasons:
#   The system is out of physical RAM or swap space
#   The process is running with CompressedOops enabled, and the Java Heap may be blocking the growth of the native heap
# Possible solutions:
#   Reduce memory load on the system
#   Increase physical memory or swap space
#   Check if swap backing store is full
#   Decrease Java heap size (-Xmx/-Xms)
#   Decrease number of Java threads
#   Decrease Java thread stack sizes (-Xss)
#   Set larger code cache with -XX:ReservedCodeCacheSize=
#   JVM is running with Unscaled Compressed Oops mode in which the Java heap is
#     placed in the first 4GB address space. The Java Heap base address is the
#     maximum limit for the native heap growth. Please use -XX:HeapBaseMinAddress
#     to set the Java Heap base and to place the Java Heap above 4GB virtual address.
# This output file may be truncated or incomplete.
#
#  Out of Memory Error (os_windows.cpp:3769), pid=16236, tid=9736
#
# JRE version: OpenJDK Runtime Environment (17.0.6) (build 17.0.6+0-b2043.56-10027231)
# Java VM: OpenJDK 64-Bit Server VM (17.0.6+0-b2043.56-10027231, mixed mode, tiered, compressed oops, compressed class ptrs, g1 gc, windows-amd64)
# No core dump will be written. Minidumps are not enabled by default on client versions of Windows
#

---------------  S U M M A R Y ------------

Command Line: --add-opens=java.base/java.util=ALL-UNNAMED --add-opens=java.base/java.lang=ALL-UNNAMED --add-opens=java.base/java.lang.invoke=ALL-UNNAMED --add-opens=java.prefs/java.util.prefs=ALL-UNNAMED --add-opens=java.base/java.nio.charset=ALL-UNNAMED --add-opens=java.base/java.net=ALL-UNNAMED --add-opens=java.base/java.util.concurrent.atomic=ALL-UNNAMED -Xmx2048m -Dfile.encoding=UTF-8 -Duser.country=BR -Duser.language=pt -Duser.variant org.gradle.launcher.daemon.bootstrap.GradleDaemon 8.0

Host: Intel(R) Core(TM) i7-8565U CPU @ 1.80GHz, 8 cores, 7G,  Windows 11 , 64 bit Build 22621 (10.0.22621.3958)
Time: Sun Sep  1 17:21:53 2024 Hora oficial do Brasil elapsed time: 84.257643 seconds (0d 0h 1m 24s)

---------------  T H R E A D  ---------------

Current thread (0x00000206f07f7940):  VMThread "VM Thread" [stack: 0x000000d9a7000000,0x000000d9a7100000] [id=9736]

Stack: [0x000000d9a7000000,0x000000d9a7100000]
Native frames: (J=compiled Java code, j=interpreted, Vv=VM code, C=native code)
V  [jvm.dll+0x683c9a]
V  [jvm.dll+0x8427a4]
V  [jvm.dll+0x843f9e]
V  [jvm.dll+0x844603]
V  [jvm.dll+0x249b75]
V  [jvm.dll+0x680b69]
V  [jvm.dll+0x67505a]
V  [jvm.dll+0x309acb]
V  [jvm.dll+0x310f86]
V  [jvm.dll+0x3608ee]
V  [jvm.dll+0x360b1f]
V  [jvm.dll+0x2dfbf8]
V  [jvm.dll+0x2ddec4]
V  [jvm.dll+0x2dd4cc]
V  [jvm.dll+0x321f3b]
V  [jvm.dll+0x848ccb]
V  [jvm.dll+0x849a04]
V  [jvm.dll+0x849f1d]
V  [jvm.dll+0x84a2f4]
V  [jvm.dll+0x84a3c0]
V  [jvm.dll+0x7f274a]
V  [jvm.dll+0x682ad5]
C  [ucrtbase.dll+0x29333]
C  [KERNEL32.DLL+0x1257d]
C  [ntdll.dll+0x5af28]

VM_Operation (0x000000d9af7f8f40): G1CollectForAllocation, mode: safepoint, requested by thread 0x00000206fceb1ed0


---------------  P R O C E S S  ---------------

Threads class SMR info:
_java_thread_list=0x00000206f40d2e60, length=136, elements={
0x00000206d698eea0, 0x00000206f1413260, 0x00000206f1413ed0, 0x00000206f080cf00,
0x00000206f080d8b0, 0x00000206f080e260, 0x00000206f1433010, 0x00000206f1433c00,
0x00000206f1435920, 0x00000206f1438230, 0x00000206f15cc130, 0x00000206f15cce20,
0x00000206f4ac8820, 0x00000206f2a6a6f0, 0x00000206f249d040, 0x00000206f2b27bc0,
0x00000206f2b276f0, 0x00000206f2b28a30, 0x00000206f2b28560, 0x00000206f2b25a10,
0x00000206f2b28090, 0x00000206f6ab70a0, 0x00000206f6ab1ed0, 0x00000206f6ab7a40,
0x00000206f6ab83e0, 0x00000206f6ab4080, 0x00000206f6ab3bb0, 0x00000206f5346180,
0x00000206f533f7a0, 0x00000206f5341480, 0x00000206f5344970, 0x00000206f2b52840,
0x00000206f7f9be10, 0x00000206f7f9b940, 0x00000206f42636b0, 0x00000206f7b634f0,
0x00000206f7b63e90, 0x00000206f7b639c0, 0x00000206f44430d0, 0x00000206f4446d90,
0x00000206f8550fe0, 0x00000206f854fca0, 0x00000206f8550170, 0x00000206f8550640,
0x00000206f836ae50, 0x00000206fceb23a0, 0x00000206fb2dc9c0, 0x00000206fb2dce90,
0x00000206fb2db680, 0x00000206fb2dbb50, 0x00000206fab7e7b0, 0x00000206fab7faf0,
0x00000206fab7ffc0, 0x00000206fab7ec80, 0x00000206fab80490, 0x00000206fab80e30,
0x00000206fab80960, 0x00000206fab81300, 0x00000206fab817d0, 0x00000206fab7de10,
0x00000206fab7f150, 0x00000206fab7e2e0, 0x00000206fab7f620, 0x00000206f50dbf40,
0x00000206f50dea90, 0x00000206f50def60, 0x00000206f50db5a0, 0x00000206f50de0f0,
0x00000206f50dc410, 0x00000206f50de5c0, 0x00000206f50dc8e0, 0x00000206f50dcdb0,
0x00000206f50dba70, 0x00000206f50dd750, 0x00000206f50ddc20, 0x00000206f50dd280,
0x00000206f781c490, 0x00000206f781bfc0, 0x00000206f781a7b0, 0x00000206f781baf0,
0x00000206f781b150, 0x00000206f781b620, 0x00000206f781c960, 0x00000206f781ce30,
0x00000206f7819470, 0x00000206f7819940, 0x00000206f7819e10, 0x00000206f781a2e0,
0x00000206f781ac80, 0x00000206fabaf9b0, 0x00000206f4264520, 0x00000206f4262840,
0x00000206f4262370, 0x00000206f7b5ecc0, 0x00000206f7b5f190, 0x00000206f7b5f660,
0x00000206f7b64830, 0x00000206f7b62680, 0x00000206f7a062c0, 0x00000206f7a05920,
0x00000206f7a05df0, 0x00000206fd0bd6f0, 0x00000206fd0be560, 0x00000206fd0bfd70,
0x00000206fd0bdbc0, 0x00000206fd0bf8a0, 0x00000206fd0bcd50, 0x00000206fd0c0240,
0x00000206fd0bea30, 0x00000206fd0bef00, 0x00000206fd0bf3d0, 0x00000206f4263b80,
0x00000206f4265390, 0x00000206f42619d0, 0x00000206f42649f0, 0x00000206f4262d10,
0x00000206f42631e0, 0x00000206f4264050, 0x00000206f4264ec0, 0x00000206f4261ea0,
0x00000206f7abcbb0, 0x00000206f7abb870, 0x00000206f7abc210, 0x00000206f7abc6e0,
0x00000206f7abbd40, 0x00000206f7abb3a0, 0x00000206f2b52370, 0x00000206fceb1ed0,
0x00000206fabb0cf0, 0x00000206fabb2500, 0x00000206fabb29d0, 0x00000206fabafe80,
0x00000206fabb0350, 0x00000206fabaf4e0, 0x00000206fd0c0710, 0x00000206f7b5fb30
}

Java Threads: ( => current thread )
  0x00000206d698eea0 JavaThread "main" [_thread_blocked, id=7228, stack(0x000000d9a6a00000,0x000000d9a6b00000)]
  0x00000206f1413260 JavaThread "Reference Handler" daemon [_thread_blocked, id=13848, stack(0x000000d9a7100000,0x000000d9a7200000)]
  0x00000206f1413ed0 JavaThread "Finalizer" daemon [_thread_blocked, id=11008, stack(0x000000d9a7200000,0x000000d9a7300000)]
  0x00000206f080cf00 JavaThread "Signal Dispatcher" daemon [_thread_blocked, id=10228, stack(0x000000d9a7300000,0x000000d9a7400000)]
  0x00000206f080d8b0 JavaThread "Attach Listener" daemon [_thread_blocked, id=6804, stack(0x000000d9a7400000,0x000000d9a7500000)]
  0x00000206f080e260 JavaThread "Service Thread" daemon [_thread_blocked, id=1732, stack(0x000000d9a7500000,0x000000d9a7600000)]
  0x00000206f1433010 JavaThread "Monitor Deflation Thread" daemon [_thread_blocked, id=4280, stack(0x000000d9a7600000,0x000000d9a7700000)]
  0x00000206f1433c00 JavaThread "C2 CompilerThread0" daemon [_thread_blocked, id=1708, stack(0x000000d9a7700000,0x000000d9a7800000)]
  0x00000206f1435920 JavaThread "C1 CompilerThread0" daemon [_thread_blocked, id=11284, stack(0x000000d9a7800000,0x000000d9a7900000)]
  0x00000206f1438230 JavaThread "Sweeper thread" daemon [_thread_blocked, id=8632, stack(0x000000d9a7900000,0x000000d9a7a00000)]
  0x00000206f15cc130 JavaThread "Common-Cleaner" daemon [_thread_blocked, id=8320, stack(0x000000d9a7a00000,0x000000d9a7b00000)]
  0x00000206f15cce20 JavaThread "Notification Thread" daemon [_thread_blocked, id=16872, stack(0x000000d9a7b00000,0x000000d9a7c00000)]
  0x00000206f4ac8820 JavaThread "Daemon health stats" [_thread_blocked, id=11512, stack(0x000000d9a8300000,0x000000d9a8400000)]
  0x00000206f2a6a6f0 JavaThread "Incoming local TCP Connector on port 52788" [_thread_in_native, id=13540, stack(0x000000d9a8400000,0x000000d9a8500000)]
  0x00000206f249d040 JavaThread "Daemon periodic checks" [_thread_blocked, id=12840, stack(0x000000d9a8500000,0x000000d9a8600000)]
  0x00000206f2b27bc0 JavaThread "Cache worker for journal cache (C:\Users\scher\.gradle\caches\journal-1)" [_thread_blocked, id=8608, stack(0x000000d9a9100000,0x000000d9a9200000)]
  0x00000206f2b276f0 JavaThread "File lock request listener" [_thread_in_native, id=14788, stack(0x000000d9a9200000,0x000000d9a9300000)]
  0x00000206f2b28a30 JavaThread "Cache worker for file hash cache (C:\Users\scher\.gradle\caches\8.0\fileHashes)" [_thread_blocked, id=6952, stack(0x000000d9a9300000,0x000000d9a9400000)]
  0x00000206f2b28560 JavaThread "File watcher server" daemon [_thread_blocked, id=13132, stack(0x000000d9a9400000,0x000000d9a9500000)]
  0x00000206f2b25a10 JavaThread "File watcher consumer" daemon [_thread_blocked, id=14944, stack(0x000000d9a9500000,0x000000d9a9600000)]
  0x00000206f2b28090 JavaThread "Cache worker for file content cache (C:\Users\scher\.gradle\caches\8.0\fileContent)" [_thread_blocked, id=1668, stack(0x000000d9a9800000,0x000000d9a9900000)]
  0x00000206f6ab70a0 JavaThread "Cache worker for execution history cache (C:\Users\scher\.gradle\caches\8.0\executionHistory)" [_thread_blocked, id=13812, stack(0x000000d9a9b00000,0x000000d9a9c00000)]
  0x00000206f6ab1ed0 JavaThread "jar transforms" [_thread_blocked, id=10796, stack(0x000000d9a9c00000,0x000000d9a9d00000)]
  0x00000206f6ab7a40 JavaThread "jar transforms Thread 2" [_thread_blocked, id=6868, stack(0x000000d9a9d00000,0x000000d9a9e00000)]
  0x00000206f6ab83e0 JavaThread "jar transforms Thread 3" [_thread_blocked, id=8092, stack(0x000000d9a9f00000,0x000000d9aa000000)]
  0x00000206f6ab4080 JavaThread "jar transforms Thread 4" [_thread_blocked, id=7512, stack(0x000000d9aa000000,0x000000d9aa100000)]
  0x00000206f6ab3bb0 JavaThread "jar transforms Thread 5" [_thread_blocked, id=1424, stack(0x000000d9aa200000,0x000000d9aa300000)]
  0x00000206f5346180 JavaThread "jar transforms Thread 6" [_thread_blocked, id=2864, stack(0x000000d9af400000,0x000000d9af500000)]
  0x00000206f533f7a0 JavaThread "jar transforms Thread 7" [_thread_blocked, id=3784, stack(0x000000d9af500000,0x000000d9af600000)]
  0x00000206f5341480 JavaThread "jar transforms Thread 8" [_thread_blocked, id=14732, stack(0x000000d9af600000,0x000000d9af700000)]
  0x00000206f5344970 JavaThread "Memory manager" [_thread_blocked, id=15688, stack(0x000000d9af800000,0x000000d9af900000)]
  0x00000206f2b52840 JavaThread "Daemon Thread 2" [_thread_blocked, id=1588, stack(0x000000d9a6700000,0x000000d9a6800000)]
  0x00000206f7f9be10 JavaThread "Handler for socket connection from /127.0.0.1:52788 to /127.0.0.1:52790" [_thread_in_native, id=8536, stack(0x000000d9a6800000,0x000000d9a6900000)]
  0x00000206f7f9b940 JavaThread "Cancel handler" [_thread_blocked, id=13040, stack(0x000000d9a6900000,0x000000d9a6a00000)]
  0x00000206f42636b0 JavaThread "Daemon worker Thread 2" [_thread_blocked, id=5464, stack(0x000000d9a8600000,0x000000d9a8700000)]
  0x00000206f7b634f0 JavaThread "Asynchronous log dispatcher for DefaultDaemonConnection: socket connection from /127.0.0.1:52788 to /127.0.0.1:52790" [_thread_blocked, id=4904, stack(0x000000d9a8700000,0x000000d9a8800000)]
  0x00000206f7b63e90 JavaThread "Stdin handler" [_thread_blocked, id=5092, stack(0x000000d9a8800000,0x000000d9a8900000)]
  0x00000206f7b639c0 JavaThread "Daemon client event forwarder" [_thread_blocked, id=3080, stack(0x000000d9a8900000,0x000000d9a8a00000)]
  0x00000206f44430d0 JavaThread "C2 CompilerThread1" daemon [_thread_blocked, id=12716, stack(0x000000d9a8a00000,0x000000d9a8b00000)]
  0x00000206f4446d90 JavaThread "C2 CompilerThread2" daemon [_thread_blocked, id=14172, stack(0x000000d9a8b00000,0x000000d9a8c00000)]
  0x00000206f8550fe0 JavaThread "Cache worker for checksums cache (C:\Users\scher\Documents\PROJETOS ANDROID\RECICLAAI\.gradle\8.0\checksums)" [_thread_blocked, id=1248, stack(0x000000d9a8c00000,0x000000d9a8d00000)]
  0x00000206f854fca0 JavaThread "Cache worker for cache directory md-rule (C:\Users\scher\.gradle\caches\8.0\md-rule)" [_thread_blocked, id=3860, stack(0x000000d9a9600000,0x000000d9a9700000)]
  0x00000206f8550170 JavaThread "Cache worker for file hash cache (C:\Users\scher\Documents\PROJETOS ANDROID\RECICLAAI\.gradle\8.0\fileHashes)" [_thread_blocked, id=3620, stack(0x000000d9a9700000,0x000000d9a9800000)]
  0x00000206f8550640 JavaThread "Cache worker for cache directory md-supplier (C:\Users\scher\.gradle\caches\8.0\md-supplier)" [_thread_blocked, id=3348, stack(0x000000d9a9900000,0x000000d9a9a00000)]
  0x00000206f836ae50 JavaThread "Cache worker for dependencies-accessors (C:\Users\scher\Documents\PROJETOS ANDROID\RECICLAAI\.gradle\8.0\dependencies-accessors)" [_thread_blocked, id=4156, stack(0x000000d9a9a00000,0x000000d9a9b00000)]
  0x00000206fceb23a0 JavaThread "Cache worker for Build Output Cleanup Cache (C:\Users\scher\Documents\PROJETOS ANDROID\RECICLAAI\.gradle\buildOutputCleanup)" [_thread_blocked, id=13568, stack(0x000000d9aa100000,0x000000d9aa200000)]
  0x00000206fb2dc9c0 JavaThread "Unconstrained build operations" [_thread_blocked, id=16404, stack(0x000000d9aa300000,0x000000d9aa400000)]
  0x00000206fb2dce90 JavaThread "Unconstrained build operations Thread 2" [_thread_blocked, id=10556, stack(0x000000d9aa400000,0x000000d9aa500000)]
  0x00000206fb2db680 JavaThread "Unconstrained build operations Thread 3" [_thread_blocked, id=16312, stack(0x000000d9aa500000,0x000000d9aa600000)]
  0x00000206fb2dbb50 JavaThread "Unconstrained build operations Thread 4" [_thread_blocked, id=8376, stack(0x000000d9aa600000,0x000000d9aa700000)]
  0x00000206fab7e7b0 JavaThread "Unconstrained build operations Thread 5" [_thread_blocked, id=9764, stack(0x000000d9aa700000,0x000000d9aa800000)]
  0x00000206fab7faf0 JavaThread "Unconstrained build operations Thread 6" [_thread_blocked, id=5072, stack(0x000000d9aa800000,0x000000d9aa900000)]
  0x00000206fab7ffc0 JavaThread "Unconstrained build operations Thread 7" [_thread_blocked, id=12868, stack(0x000000d9aa900000,0x000000d9aaa00000)]
  0x00000206fab7ec80 JavaThread "Unconstrained build operations Thread 8" [_thread_blocked, id=11740, stack(0x000000d9aaa00000,0x000000d9aab00000)]
  0x00000206fab80490 JavaThread "Unconstrained build operations Thread 9" [_thread_blocked, id=12444, stack(0x000000d9aab00000,0x000000d9aac00000)]
  0x00000206fab80e30 JavaThread "Unconstrained build operations Thread 10" [_thread_blocked, id=16516, stack(0x000000d9aac00000,0x000000d9aad00000)]
  0x00000206fab80960 JavaThread "Unconstrained build operations Thread 11" [_thread_blocked, id=11768, stack(0x000000d9aad00000,0x000000d9aae00000)]
  0x00000206fab81300 JavaThread "Unconstrained build operations Thread 12" [_thread_blocked, id=11004, stack(0x000000d9aae00000,0x000000d9aaf00000)]
  0x00000206fab817d0 JavaThread "Unconstrained build operations Thread 13" [_thread_blocked, id=6760, stack(0x000000d9aaf00000,0x000000d9ab000000)]
  0x00000206fab7de10 JavaThread "Unconstrained build operations Thread 14" [_thread_blocked, id=12456, stack(0x000000d9ab000000,0x000000d9ab100000)]
  0x00000206fab7f150 JavaThread "Unconstrained build operations Thread 15" [_thread_blocked, id=2780, stack(0x000000d9ab100000,0x000000d9ab200000)]
  0x00000206fab7e2e0 JavaThread "Unconstrained build operations Thread 16" [_thread_blocked, id=15148, stack(0x000000d9ab200000,0x000000d9ab300000)]
  0x00000206fab7f620 JavaThread "Unconstrained build operations Thread 17" [_thread_blocked, id=16752, stack(0x000000d9ab300000,0x000000d9ab400000)]
  0x00000206f50dbf40 JavaThread "Unconstrained build operations Thread 18" [_thread_blocked, id=6916, stack(0x000000d9ab400000,0x000000d9ab500000)]
  0x00000206f50dea90 JavaThread "Unconstrained build operations Thread 19" [_thread_blocked, id=7212, stack(0x000000d9ab500000,0x000000d9ab600000)]
  0x00000206f50def60 JavaThread "Unconstrained build operations Thread 20" [_thread_blocked, id=4492, stack(0x000000d9ab600000,0x000000d9ab700000)]
  0x00000206f50db5a0 JavaThread "Unconstrained build operations Thread 21" [_thread_blocked, id=8740, stack(0x000000d9ab700000,0x000000d9ab800000)]
  0x00000206f50de0f0 JavaThread "Unconstrained build operations Thread 22" [_thread_blocked, id=13272, stack(0x000000d9ab800000,0x000000d9ab900000)]
  0x00000206f50dc410 JavaThread "Unconstrained build operations Thread 23" [_thread_blocked, id=4692, stack(0x000000d9ab900000,0x000000d9aba00000)]
  0x00000206f50de5c0 JavaThread "Unconstrained build operations Thread 24" [_thread_blocked, id=15940, stack(0x000000d9aba00000,0x000000d9abb00000)]
  0x00000206f50dc8e0 JavaThread "Unconstrained build operations Thread 25" [_thread_blocked, id=4836, stack(0x000000d9abb00000,0x000000d9abc00000)]
  0x00000206f50dcdb0 JavaThread "Unconstrained build operations Thread 26" [_thread_blocked, id=7616, stack(0x000000d9abc00000,0x000000d9abd00000)]
  0x00000206f50dba70 JavaThread "Unconstrained build operations Thread 27" [_thread_blocked, id=15340, stack(0x000000d9abd00000,0x000000d9abe00000)]
  0x00000206f50dd750 JavaThread "Unconstrained build operations Thread 28" [_thread_blocked, id=3048, stack(0x000000d9abe00000,0x000000d9abf00000)]
  0x00000206f50ddc20 JavaThread "Unconstrained build operations Thread 29" [_thread_blocked, id=4852, stack(0x000000d9abf00000,0x000000d9ac000000)]
  0x00000206f50dd280 JavaThread "Unconstrained build operations Thread 30" [_thread_blocked, id=11480, stack(0x000000d9ac000000,0x000000d9ac100000)]
  0x00000206f781c490 JavaThread "Unconstrained build operations Thread 31" [_thread_blocked, id=2200, stack(0x000000d9ac100000,0x000000d9ac200000)]
  0x00000206f781bfc0 JavaThread "Unconstrained build operations Thread 32" [_thread_blocked, id=16076, stack(0x000000d9ac200000,0x000000d9ac300000)]
  0x00000206f781a7b0 JavaThread "Unconstrained build operations Thread 33" [_thread_blocked, id=15924, stack(0x000000d9ac300000,0x000000d9ac400000)]
  0x00000206f781baf0 JavaThread "Unconstrained build operations Thread 34" [_thread_blocked, id=6924, stack(0x000000d9ac400000,0x000000d9ac500000)]
  0x00000206f781b150 JavaThread "Unconstrained build operations Thread 35" [_thread_blocked, id=1308, stack(0x000000d9ac500000,0x000000d9ac600000)]
  0x00000206f781b620 JavaThread "Unconstrained build operations Thread 36" [_thread_blocked, id=304, stack(0x000000d9ac600000,0x000000d9ac700000)]
  0x00000206f781c960 JavaThread "Unconstrained build operations Thread 37" [_thread_blocked, id=13528, stack(0x000000d9ac700000,0x000000d9ac800000)]
  0x00000206f781ce30 JavaThread "Unconstrained build operations Thread 38" [_thread_blocked, id=8456, stack(0x000000d9ac800000,0x000000d9ac900000)]
  0x00000206f7819470 JavaThread "Unconstrained build operations Thread 39" [_thread_blocked, id=13620, stack(0x000000d9ac900000,0x000000d9aca00000)]
  0x00000206f7819940 JavaThread "Unconstrained build operations Thread 40" [_thread_blocked, id=16388, stack(0x000000d9aca00000,0x000000d9acb00000)]
  0x00000206f7819e10 JavaThread "Unconstrained build operations Thread 41" [_thread_blocked, id=9796, stack(0x000000d9acb00000,0x000000d9acc00000)]
  0x00000206f781a2e0 JavaThread "Unconstrained build operations Thread 42" [_thread_blocked, id=1972, stack(0x000000d9acc00000,0x000000d9acd00000)]
  0x00000206f781ac80 JavaThread "Unconstrained build operations Thread 43" [_thread_blocked, id=13776, stack(0x000000d9acd00000,0x000000d9ace00000)]
  0x00000206fabaf9b0 JavaThread "Unconstrained build operations Thread 44" [_thread_blocked, id=13632, stack(0x000000d9ace00000,0x000000d9acf00000)]
  0x00000206f4264520 JavaThread "Unconstrained build operations Thread 45" [_thread_blocked, id=3032, stack(0x000000d9acf00000,0x000000d9ad000000)]
  0x00000206f4262840 JavaThread "Unconstrained build operations Thread 46" [_thread_blocked, id=9396, stack(0x000000d9ad000000,0x000000d9ad100000)]
  0x00000206f4262370 JavaThread "Unconstrained build operations Thread 47" [_thread_blocked, id=14320, stack(0x000000d9ad100000,0x000000d9ad200000)]
  0x00000206f7b5ecc0 JavaThread "Unconstrained build operations Thread 48" [_thread_blocked, id=11572, stack(0x000000d9ad200000,0x000000d9ad300000)]
  0x00000206f7b5f190 JavaThread "Unconstrained build operations Thread 49" [_thread_blocked, id=9896, stack(0x000000d9ad300000,0x000000d9ad400000)]
  0x00000206f7b5f660 JavaThread "Unconstrained build operations Thread 50" [_thread_blocked, id=4724, stack(0x000000d9ad400000,0x000000d9ad500000)]
  0x00000206f7b64830 JavaThread "Unconstrained build operations Thread 51" [_thread_blocked, id=11312, stack(0x000000d9ad500000,0x000000d9ad600000)]
  0x00000206f7b62680 JavaThread "Unconstrained build operations Thread 52" [_thread_blocked, id=12420, stack(0x000000d9ad600000,0x000000d9ad700000)]
  0x00000206f7a062c0 JavaThread "Unconstrained build operations Thread 53" [_thread_blocked, id=2360, stack(0x000000d9ad700000,0x000000d9ad800000)]
  0x00000206f7a05920 JavaThread "Unconstrained build operations Thread 54" [_thread_blocked, id=1048, stack(0x000000d9ad800000,0x000000d9ad900000)]
  0x00000206f7a05df0 JavaThread "Unconstrained build operations Thread 55" [_thread_blocked, id=16952, stack(0x000000d9ad900000,0x000000d9ada00000)]
  0x00000206fd0bd6f0 JavaThread "Unconstrained build operations Thread 56" [_thread_blocked, id=6484, stack(0x000000d9ada00000,0x000000d9adb00000)]
  0x00000206fd0be560 JavaThread "Unconstrained build operations Thread 57" [_thread_blocked, id=15804, stack(0x000000d9adb00000,0x000000d9adc00000)]
  0x00000206fd0bfd70 JavaThread "Unconstrained build operations Thread 58" [_thread_blocked, id=11752, stack(0x000000d9adc00000,0x000000d9add00000)]
  0x00000206fd0bdbc0 JavaThread "Unconstrained build operations Thread 59" [_thread_blocked, id=1596, stack(0x000000d9add00000,0x000000d9ade00000)]
  0x00000206fd0bf8a0 JavaThread "Unconstrained build operations Thread 60" [_thread_blocked, id=17380, stack(0x000000d9ade00000,0x000000d9adf00000)]
  0x00000206fd0bcd50 JavaThread "Unconstrained build operations Thread 61" [_thread_blocked, id=10988, stack(0x000000d9adf00000,0x000000d9ae000000)]
  0x00000206fd0c0240 JavaThread "Unconstrained build operations Thread 62" [_thread_blocked, id=8180, stack(0x000000d9ae000000,0x000000d9ae100000)]
  0x00000206fd0bea30 JavaThread "Unconstrained build operations Thread 63" [_thread_blocked, id=12984, stack(0x000000d9ae100000,0x000000d9ae200000)]
  0x00000206fd0bef00 JavaThread "Unconstrained build operations Thread 64" [_thread_blocked, id=9164, stack(0x000000d9ae200000,0x000000d9ae300000)]
  0x00000206fd0bf3d0 JavaThread "Unconstrained build operations Thread 65" [_thread_blocked, id=15052, stack(0x000000d9ae300000,0x000000d9ae400000)]
  0x00000206f4263b80 JavaThread "Unconstrained build operations Thread 66" [_thread_blocked, id=10040, stack(0x000000d9ae400000,0x000000d9ae500000)]
  0x00000206f4265390 JavaThread "Unconstrained build operations Thread 67" [_thread_blocked, id=7016, stack(0x000000d9ae500000,0x000000d9ae600000)]
  0x00000206f42619d0 JavaThread "Unconstrained build operations Thread 68" [_thread_blocked, id=8404, stack(0x000000d9ae600000,0x000000d9ae700000)]
  0x00000206f42649f0 JavaThread "Unconstrained build operations Thread 69" [_thread_blocked, id=13644, stack(0x000000d9ae700000,0x000000d9ae800000)]
  0x00000206f4262d10 JavaThread "Unconstrained build operations Thread 70" [_thread_blocked, id=15636, stack(0x000000d9ae800000,0x000000d9ae900000)]
  0x00000206f42631e0 JavaThread "Unconstrained build operations Thread 71" [_thread_blocked, id=6148, stack(0x000000d9ae900000,0x000000d9aea00000)]
  0x00000206f4264050 JavaThread "Unconstrained build operations Thread 72" [_thread_blocked, id=9808, stack(0x000000d9aea00000,0x000000d9aeb00000)]
  0x00000206f4264ec0 JavaThread "Unconstrained build operations Thread 73" [_thread_blocked, id=12496, stack(0x000000d9aeb00000,0x000000d9aec00000)]
  0x00000206f4261ea0 JavaThread "Unconstrained build operations Thread 74" [_thread_blocked, id=12384, stack(0x000000d9aec00000,0x000000d9aed00000)]
  0x00000206f7abcbb0 JavaThread "Unconstrained build operations Thread 75" [_thread_blocked, id=16300, stack(0x000000d9aed00000,0x000000d9aee00000)]
  0x00000206f7abb870 JavaThread "Unconstrained build operations Thread 76" [_thread_blocked, id=16412, stack(0x000000d9aee00000,0x000000d9aef00000)]
  0x00000206f7abc210 JavaThread "Unconstrained build operations Thread 77" [_thread_blocked, id=11496, stack(0x000000d9aef00000,0x000000d9af000000)]
  0x00000206f7abc6e0 JavaThread "Unconstrained build operations Thread 78" [_thread_blocked, id=16252, stack(0x000000d9af000000,0x000000d9af100000)]
  0x00000206f7abbd40 JavaThread "Unconstrained build operations Thread 79" [_thread_blocked, id=3192, stack(0x000000d9af100000,0x000000d9af200000)]
  0x00000206f7abb3a0 JavaThread "Unconstrained build operations Thread 80" [_thread_blocked, id=11220, stack(0x000000d9af200000,0x000000d9af300000)]
  0x00000206f2b52370 JavaThread "build event listener" [_thread_blocked, id=12616, stack(0x000000d9af300000,0x000000d9af400000)]
  0x00000206fceb1ed0 JavaThread "included builds" [_thread_blocked, id=6516, stack(0x000000d9af700000,0x000000d9af800000)]
  0x00000206fabb0cf0 JavaThread "Execution worker" [_thread_blocked, id=3152, stack(0x000000d9af900000,0x000000d9afa00000)]
  0x00000206fabb2500 JavaThread "Execution worker Thread 2" [_thread_blocked, id=2980, stack(0x000000d9afa00000,0x000000d9afb00000)]
  0x00000206fabb29d0 JavaThread "Execution worker Thread 3" [_thread_blocked, id=8244, stack(0x000000d9afb00000,0x000000d9afc00000)]
  0x00000206fabafe80 JavaThread "Execution worker Thread 4" [_thread_blocked, id=4532, stack(0x000000d9afc00000,0x000000d9afd00000)]
  0x00000206fabb0350 JavaThread "Execution worker Thread 5" [_thread_blocked, id=3728, stack(0x000000d9afd00000,0x000000d9afe00000)]
  0x00000206fabaf4e0 JavaThread "Execution worker Thread 6" [_thread_blocked, id=8572, stack(0x000000d9afe00000,0x000000d9aff00000)]
  0x00000206fd0c0710 JavaThread "Execution worker Thread 7" [_thread_blocked, id=2440, stack(0x000000d9aff00000,0x000000d9b0000000)]
  0x00000206f7b5fb30 JavaThread "Cache worker for execution history cache (C:\Users\scher\Documents\PROJETOS ANDROID\RECICLAAI\.gradle\8.0\executionHistory)" [_thread_blocked, id=8176, stack(0x000000d9b0000000,0x000000d9b0100000)]

Other Threads:
=>0x00000206f07f7940 VMThread "VM Thread" [stack: 0x000000d9a7000000,0x000000d9a7100000] [id=9736]
  0x00000206f15e04e0 WatcherThread [stack: 0x000000d9a7c00000,0x000000d9a7d00000] [id=2080]
  0x00000206d69ee990 GCTaskThread "GC Thread#0" [stack: 0x000000d9a6b00000,0x000000d9a6c00000] [id=13980]
  0x00000206f1fb43f0 GCTaskThread "GC Thread#1" [stack: 0x000000d9a7f00000,0x000000d9a8000000] [id=12084]
  0x00000206f1fb46a0 GCTaskThread "GC Thread#2" [stack: 0x000000d9a8000000,0x000000d9a8100000] [id=13288]
  0x00000206f20e78b0 GCTaskThread "GC Thread#3" [stack: 0x000000d9a8100000,0x000000d9a8200000] [id=6816]
  0x00000206f2c76580 GCTaskThread "GC Thread#4" [stack: 0x000000d9a8200000,0x000000d9a8300000] [id=1684]
  0x00000206f2669f90 GCTaskThread "GC Thread#5" [stack: 0x000000d9a8d00000,0x000000d9a8e00000] [id=15572]
  0x00000206f3f5bfa0 GCTaskThread "GC Thread#6" [stack: 0x000000d9a8e00000,0x000000d9a8f00000] [id=17260]
  0x00000206f4657fe0 GCTaskThread "GC Thread#7" [stack: 0x000000d9a8f00000,0x000000d9a9000000] [id=11452]
  0x00000206d69ff7d0 ConcurrentGCThread "G1 Main Marker" [stack: 0x000000d9a6c00000,0x000000d9a6d00000] [id=5124]
  0x00000206d6a00880 ConcurrentGCThread "G1 Conc#0" [stack: 0x000000d9a6d00000,0x000000d9a6e00000] [id=12480]
  0x00000206f4ac7c20 ConcurrentGCThread "G1 Conc#1" [stack: 0x000000d9a9000000,0x000000d9a9100000] [id=14024]
  0x00000206d6a4e460 ConcurrentGCThread "G1 Refine#0" [stack: 0x000000d9a6e00000,0x000000d9a6f00000] [id=16844]
  0x00000206f477c380 ConcurrentGCThread "G1 Refine#1" [stack: 0x000000d9a9e00000,0x000000d9a9f00000] [id=6500]
  0x00000206fae5a600 ConcurrentGCThread "G1 Refine#2" [stack: 0x000000d9b0100000,0x000000d9b0200000] [id=6240]
  0x00000206fae59a80 ConcurrentGCThread "G1 Refine#3" [stack: 0x000000d9b0200000,0x000000d9b0300000] [id=8916]
  0x00000206fae580a0 ConcurrentGCThread "G1 Refine#4" [stack: 0x000000d9b0300000,0x000000d9b0400000] [id=3272]
  0x00000206f064a100 ConcurrentGCThread "G1 Service" [stack: 0x000000d9a6f00000,0x000000d9a7000000] [id=1220]

Threads with active compile tasks:
C2 CompilerThread0    84275 14094       4       com.google.common.collect.TransformedIterator::next (14 bytes)
C2 CompilerThread1    84275 14083       4       com.google.common.collect.LinkedListMultimap$DistinctKeyIterator::next (89 bytes)
C2 CompilerThread2    84275 14125 % !   4       com.android.ide.common.resources.DataMerger::mergeData @ 247 (611 bytes)

VM state: at safepoint (normal execution)

VM Mutex/Monitor currently owned by a thread:  ([mutex/lock_event])
[0x00000206d698acf0] Threads_lock - owner thread: 0x00000206f07f7940
[0x00000206d698bdd0] Heap_lock - owner thread: 0x00000206fceb1ed0

Heap address: 0x0000000080000000, size: 2048 MB, Compressed Oops mode: 32-bit

CDS archive(s) not mapped
Compressed class space mapped at: 0x0000000100000000-0x0000000140000000, reserved size: 1073741824
Narrow klass base: 0x0000000000000000, Narrow klass shift: 3, Narrow klass range: 0x140000000

GC Precious Log:
 CPUs: 8 total, 8 available
 Memory: 8072M
 Large Page Support: Disabled
 NUMA Support: Disabled
 Compressed Oops: Enabled (32-bit)
 Heap Region Size: 1M
 Heap Min Capacity: 8M
 Heap Initial Capacity: 128M
 Heap Max Capacity: 2G
 Pre-touch: Disabled
 Parallel Workers: 8
 Concurrent Workers: 2
 Concurrent Refinement Workers: 8
 Periodic GC: Disabled

Heap:
 garbage-first heap   total 191488K, used 128000K [0x0000000080000000, 0x0000000100000000)
  region size 1024K, 2 young (2048K), 2 survivors (2048K)
 Metaspace       used 98286K, committed 98944K, reserved 1138688K
  class space    used 13282K, committed 13568K, reserved 1048576K

Heap Regions: E=young(eden), S=young(survivor), O=old, HS=humongous(starts), HC=humongous(continues), CS=collection set, F=free, OA=open archive, CA=closed archive, TAMS=top-at-mark-start (previous, next)
|   0|0x0000000080000000, 0x0000000080100000, 0x0000000080100000|100%|HS|  |TAMS 0x0000000080100000, 0x0000000080000000| Complete 
|   1|0x0000000080100000, 0x0000000080200000, 0x0000000080200000|100%|HC|  |TAMS 0x0000000080200000, 0x0000000080100000| Complete 
|   2|0x0000000080200000, 0x0000000080300000, 0x0000000080300000|100%|HC|  |TAMS 0x0000000080300000, 0x0000000080200000| Complete 
|   3|0x0000000080300000, 0x0000000080400000, 0x0000000080400000|100%|HC|  |TAMS 0x0000000080400000, 0x0000000080300000| Complete 
|   4|0x0000000080400000, 0x0000000080500000, 0x0000000080500000|100%| O|  |TAMS 0x0000000080500000, 0x0000000080400000| Untracked 
|   5|0x0000000080500000, 0x0000000080600000, 0x0000000080600000|100%| O|  |TAMS 0x0000000080600000, 0x0000000080500000| Untracked 
|   6|0x0000000080600000, 0x0000000080700000, 0x0000000080700000|100%| O|  |TAMS 0x0000000080700000, 0x0000000080600000| Untracked 
|   7|0x0000000080700000, 0x0000000080800000, 0x0000000080800000|100%| O|  |TAMS 0x0000000080800000, 0x0000000080700000| Untracked 
|   8|0x0000000080800000, 0x0000000080900000, 0x0000000080900000|100%| O|  |TAMS 0x0000000080900000, 0x0000000080800000| Untracked 
|   9|0x0000000080900000, 0x0000000080a00000, 0x0000000080a00000|100%| O|  |TAMS 0x0000000080a00000, 0x0000000080900000| Untracked 
|  10|0x0000000080a00000, 0x0000000080b00000, 0x0000000080b00000|100%| O|  |TAMS 0x0000000080b00000, 0x0000000080a00000| Untracked 
|  11|0x0000000080b00000, 0x0000000080c00000, 0x0000000080c00000|100%| O|  |TAMS 0x0000000080c00000, 0x0000000080b00000| Untracked 
|  12|0x0000000080c00000, 0x0000000080d00000, 0x0000000080d00000|100%| O|  |TAMS 0x0000000080d00000, 0x0000000080c00000| Untracked 
|  13|0x0000000080d00000, 0x0000000080e00000, 0x0000000080e00000|100%| O|  |TAMS 0x0000000080e00000, 0x0000000080d00000| Untracked 
|  14|0x0000000080e00000, 0x0000000080f00000, 0x0000000080f00000|100%| O|  |TAMS 0x0000000080f00000, 0x0000000080e00000| Untracked 
|  15|0x0000000080f00000, 0x0000000081000000, 0x0000000081000000|100%| O|  |TAMS 0x0000000081000000, 0x0000000080f00000| Untracked 
|  16|0x0000000081000000, 0x0000000081100000, 0x0000000081100000|100%| O|  |TAMS 0x0000000081100000, 0x0000000081000000| Untracked 
|  17|0x0000000081100000, 0x0000000081200000, 0x0000000081200000|100%| O|  |TAMS 0x0000000081200000, 0x0000000081100000| Untracked 
|  18|0x0000000081200000, 0x0000000081300000, 0x0000000081300000|100%| O|  |TAMS 0x0000000081300000, 0x0000000081200000| Untracked 
|  19|0x0000000081300000, 0x0000000081400000, 0x0000000081400000|100%| O|  |TAMS 0x0000000081400000, 0x0000000081300000| Untracked 
|  20|0x0000000081400000, 0x0000000081500000, 0x0000000081500000|100%| O|  |TAMS 0x0000000081500000, 0x0000000081400000| Untracked 
|  21|0x0000000081500000, 0x0000000081600000, 0x0000000081600000|100%| O|  |TAMS 0x0000000081600000, 0x0000000081500000| Untracked 
|  22|0x0000000081600000, 0x0000000081700000, 0x0000000081700000|100%| O|  |TAMS 0x0000000081700000, 0x0000000081600000| Untracked 
|  23|0x0000000081700000, 0x0000000081800000, 0x0000000081800000|100%| O|  |TAMS 0x0000000081800000, 0x0000000081700000| Untracked 
|  24|0x0000000081800000, 0x0000000081900000, 0x0000000081900000|100%|HS|  |TAMS 0x0000000081900000, 0x0000000081800000| Complete 
|  25|0x0000000081900000, 0x0000000081a00000, 0x0000000081a00000|100%| O|  |TAMS 0x0000000081a00000, 0x0000000081900000| Untracked 
|  26|0x0000000081a00000, 0x0000000081b00000, 0x0000000081b00000|100%| O|  |TAMS 0x0000000081b00000, 0x0000000081a00000| Untracked 
|  27|0x0000000081b00000, 0x0000000081c00000, 0x0000000081c00000|100%| O|  |TAMS 0x0000000081c00000, 0x0000000081b00000| Untracked 
|  28|0x0000000081c00000, 0x0000000081d00000, 0x0000000081d00000|100%| O|  |TAMS 0x0000000081d00000, 0x0000000081c00000| Untracked 
|  29|0x0000000081d00000, 0x0000000081e00000, 0x0000000081e00000|100%| O|  |TAMS 0x0000000081e00000, 0x0000000081d00000| Untracked 
|  30|0x0000000081e00000, 0x0000000081f00000, 0x0000000081f00000|100%| O|  |TAMS 0x0000000081f00000, 0x0000000081e00000| Untracked 
|  31|0x0000000081f00000, 0x0000000082000000, 0x0000000082000000|100%| O|  |TAMS 0x0000000082000000, 0x0000000081f00000| Untracked 
|  32|0x0000000082000000, 0x0000000082100000, 0x0000000082100000|100%| O|  |TAMS 0x0000000082100000, 0x0000000082000000| Untracked 
|  33|0x0000000082100000, 0x0000000082200000, 0x0000000082200000|100%|HS|  |TAMS 0x0000000082200000, 0x0000000082100000| Complete 
|  34|0x0000000082200000, 0x0000000082300000, 0x0000000082300000|100%|HS|  |TAMS 0x0000000082300000, 0x0000000082200000| Complete 
|  35|0x0000000082300000, 0x0000000082400000, 0x0000000082400000|100%| O|  |TAMS 0x0000000082400000, 0x0000000082300000| Untracked 
|  36|0x0000000082400000, 0x0000000082500000, 0x0000000082500000|100%| O|  |TAMS 0x0000000082500000, 0x0000000082400000| Untracked 
|  37|0x0000000082500000, 0x0000000082500000, 0x0000000082600000|  0%| F|  |TAMS 0x0000000082500000, 0x0000000082500000| Untracked 
|  38|0x0000000082600000, 0x0000000082700000, 0x0000000082700000|100%| O|  |TAMS 0x0000000082700000, 0x0000000082600000| Untracked 
|  39|0x0000000082700000, 0x0000000082800000, 0x0000000082800000|100%| O|  |TAMS 0x0000000082800000, 0x0000000082700000| Untracked 
|  40|0x0000000082800000, 0x0000000082900000, 0x0000000082900000|100%| O|  |TAMS 0x0000000082900000, 0x0000000082800000| Untracked 
|  41|0x0000000082900000, 0x0000000082a00000, 0x0000000082a00000|100%| O|  |TAMS 0x0000000082a00000, 0x0000000082900000| Untracked 
|  42|0x0000000082a00000, 0x0000000082b00000, 0x0000000082b00000|100%| O|  |TAMS 0x0000000082b00000, 0x0000000082a00000| Untracked 
|  43|0x0000000082b00000, 0x0000000082c00000, 0x0000000082c00000|100%| O|  |TAMS 0x0000000082c00000, 0x0000000082b00000| Untracked 
|  44|0x0000000082c00000, 0x0000000082d00000, 0x0000000082d00000|100%| O|  |TAMS 0x0000000082d00000, 0x0000000082c00000| Untracked 
|  45|0x0000000082d00000, 0x0000000082e00000, 0x0000000082e00000|100%| O|  |TAMS 0x0000000082e00000, 0x0000000082d00000| Untracked 
|  46|0x0000000082e00000, 0x0000000082f00000, 0x0000000082f00000|100%| O|  |TAMS 0x0000000082f00000, 0x0000000082e00000| Untracked 
|  47|0x0000000082f00000, 0x0000000083000000, 0x0000000083000000|100%| O|  |TAMS 0x0000000083000000, 0x0000000082f00000| Untracked 
|  48|0x0000000083000000, 0x0000000083100000, 0x0000000083100000|100%| O|  |TAMS 0x0000000083100000, 0x0000000083000000| Untracked 
|  49|0x0000000083100000, 0x0000000083200000, 0x0000000083200000|100%| O|  |TAMS 0x0000000083200000, 0x0000000083100000| Untracked 
|  50|0x0000000083200000, 0x0000000083300000, 0x0000000083300000|100%| O|  |TAMS 0x0000000083300000, 0x0000000083200000| Untracked 
|  51|0x0000000083300000, 0x0000000083400000, 0x0000000083400000|100%| O|  |TAMS 0x0000000083400000, 0x0000000083300000| Untracked 
|  52|0x0000000083400000, 0x0000000083500000, 0x0000000083500000|100%| O|  |TAMS 0x0000000083500000, 0x0000000083400000| Untracked 
|  53|0x0000000083500000, 0x0000000083600000, 0x0000000083600000|100%| O|  |TAMS 0x0000000083600000, 0x0000000083500000| Untracked 
|  54|0x0000000083600000, 0x0000000083700000, 0x0000000083700000|100%| O|  |TAMS 0x0000000083700000, 0x0000000083600000| Untracked 
|  55|0x0000000083700000, 0x0000000083800000, 0x0000000083800000|100%| O|  |TAMS 0x0000000083800000, 0x0000000083700000| Untracked 
|  56|0x0000000083800000, 0x0000000083900000, 0x0000000083900000|100%| O|  |TAMS 0x0000000083900000, 0x0000000083800000| Untracked 
|  57|0x0000000083900000, 0x0000000083a00000, 0x0000000083a00000|100%| O|  |TAMS 0x0000000083a00000, 0x0000000083900000| Untracked 
|  58|0x0000000083a00000, 0x0000000083b00000, 0x0000000083b00000|100%| O|  |TAMS 0x0000000083b00000, 0x0000000083a00000| Untracked 
|  59|0x0000000083b00000, 0x0000000083c00000, 0x0000000083c00000|100%| O|  |TAMS 0x0000000083c00000, 0x0000000083b00000| Untracked 
|  60|0x0000000083c00000, 0x0000000083d00000, 0x0000000083d00000|100%| O|  |TAMS 0x0000000083d00000, 0x0000000083c00000| Untracked 
|  61|0x0000000083d00000, 0x0000000083e00000, 0x0000000083e00000|100%| O|  |TAMS 0x0000000083e00000, 0x0000000083d00000| Untracked 
|  62|0x0000000083e00000, 0x0000000083f00000, 0x0000000083f00000|100%| O|  |TAMS 0x0000000083f00000, 0x0000000083e00000| Untracked 
|  63|0x0000000083f00000, 0x0000000083f00000, 0x0000000084000000|  0%| F|  |TAMS 0x0000000083f00000, 0x0000000083f00000| Untracked 
|  64|0x0000000084000000, 0x0000000084100000, 0x0000000084100000|100%| O|  |TAMS 0x0000000084100000, 0x0000000084000000| Untracked 
|  65|0x0000000084100000, 0x0000000084200000, 0x0000000084200000|100%| O|  |TAMS 0x0000000084200000, 0x0000000084100000| Untracked 
|  66|0x0000000084200000, 0x0000000084300000, 0x0000000084300000|100%| O|  |TAMS 0x0000000084300000, 0x0000000084200000| Untracked 
|  67|0x0000000084300000, 0x0000000084400000, 0x0000000084400000|100%| O|  |TAMS 0x0000000084400000, 0x0000000084300000| Untracked 
|  68|0x0000000084400000, 0x0000000084500000, 0x0000000084500000|100%| O|  |TAMS 0x0000000084500000, 0x0000000084400000| Untracked 
|  69|0x0000000084500000, 0x0000000084600000, 0x0000000084600000|100%| O|  |TAMS 0x0000000084600000, 0x0000000084500000| Untracked 
|  70|0x0000000084600000, 0x0000000084700000, 0x0000000084700000|100%| O|  |TAMS 0x0000000084700000, 0x0000000084600000| Untracked 
|  71|0x0000000084700000, 0x0000000084800000, 0x0000000084800000|100%| O|  |TAMS 0x0000000084800000, 0x0000000084700000| Untracked 
|  72|0x0000000084800000, 0x0000000084800000, 0x0000000084900000|  0%| F|  |TAMS 0x0000000084800000, 0x0000000084800000| Untracked 
|  73|0x0000000084900000, 0x0000000084900000, 0x0000000084a00000|  0%| F|  |TAMS 0x0000000084900000, 0x0000000084900000| Untracked 
|  74|0x0000000084a00000, 0x0000000084b00000, 0x0000000084b00000|100%| O|  |TAMS 0x0000000084b00000, 0x0000000084a00000| Untracked 
|  75|0x0000000084b00000, 0x0000000084b00000, 0x0000000084c00000|  0%| F|  |TAMS 0x0000000084b00000, 0x0000000084b00000| Untracked 
|  76|0x0000000084c00000, 0x0000000084d00000, 0x0000000084d00000|100%| O|  |TAMS 0x0000000084d00000, 0x0000000084c00000| Untracked 
|  77|0x0000000084d00000, 0x0000000084e00000, 0x0000000084e00000|100%| O|  |TAMS 0x0000000084e00000, 0x0000000084d00000| Untracked 
|  78|0x0000000084e00000, 0x0000000084f00000, 0x0000000084f00000|100%| O|  |TAMS 0x0000000084f00000, 0x0000000084e00000| Untracked 
|  79|0x0000000084f00000, 0x0000000084f00000, 0x0000000085000000|  0%| F|  |TAMS 0x0000000084f00000, 0x0000000084f00000| Untracked 
|  80|0x0000000085000000, 0x0000000085000000, 0x0000000085100000|  0%| F|  |TAMS 0x0000000085000000, 0x0000000085000000| Untracked 
|  81|0x0000000085100000, 0x0000000085200000, 0x0000000085200000|100%| O|  |TAMS 0x0000000085200000, 0x0000000085100000| Untracked 
|  82|0x0000000085200000, 0x0000000085300000, 0x0000000085300000|100%| O|  |TAMS 0x0000000085200000, 0x0000000085200000| Untracked 
|  83|0x0000000085300000, 0x0000000085400000, 0x0000000085400000|100%| O|  |TAMS 0x0000000085300000, 0x0000000085300000| Untracked 
|  84|0x0000000085400000, 0x0000000085500000, 0x0000000085500000|100%| O|  |TAMS 0x0000000085500000, 0x0000000085400000| Untracked 
|  85|0x0000000085500000, 0x0000000085600000, 0x0000000085600000|100%| O|  |TAMS 0x0000000085500000, 0x0000000085500000| Untracked 
|  86|0x0000000085600000, 0x0000000085600000, 0x0000000085700000|  0%| F|  |TAMS 0x0000000085600000, 0x0000000085600000| Untracked 
|  87|0x0000000085700000, 0x0000000085800000, 0x0000000085800000|100%| O|  |TAMS 0x0000000085800000, 0x0000000085700000| Untracked 
|  88|0x0000000085800000, 0x0000000085900000, 0x0000000085900000|100%| O|  |TAMS 0x0000000085900000, 0x0000000085800000| Untracked 
|  89|0x0000000085900000, 0x0000000085a00000, 0x0000000085a00000|100%| O|  |TAMS 0x0000000085a00000, 0x0000000085900000| Untracked 
|  90|0x0000000085a00000, 0x0000000085b00000, 0x0000000085b00000|100%| O|  |TAMS 0x0000000085b00000, 0x0000000085a00000| Untracked 
|  91|0x0000000085b00000, 0x0000000085c00000, 0x0000000085c00000|100%| O|  |TAMS 0x0000000085c00000, 0x0000000085b00000| Untracked 
|  92|0x0000000085c00000, 0x0000000085d00000, 0x0000000085d00000|100%| O|  |TAMS 0x0000000085d00000, 0x0000000085c00000| Untracked 
|  93|0x0000000085d00000, 0x0000000085d00000, 0x0000000085e00000|  0%| F|  |TAMS 0x0000000085d00000, 0x0000000085d00000| Untracked 
|  94|0x0000000085e00000, 0x0000000085f00000, 0x0000000085f00000|100%| O|  |TAMS 0x0000000085f00000, 0x0000000085e00000| Untracked 
|  95|0x0000000085f00000, 0x0000000086000000, 0x0000000086000000|100%| O|  |TAMS 0x0000000086000000, 0x0000000085f00000| Untracked 
|  96|0x0000000086000000, 0x0000000086100000, 0x0000000086100000|100%| O|  |TAMS 0x0000000086100000, 0x0000000086000000| Untracked 
|  97|0x0000000086100000, 0x0000000086200000, 0x0000000086200000|100%| O|  |TAMS 0x0000000086200000, 0x0000000086100000| Untracked 
|  98|0x0000000086200000, 0x0000000086300000, 0x0000000086300000|100%| O|  |TAMS 0x0000000086300000, 0x0000000086200000| Untracked 
|  99|0x0000000086300000, 0x0000000086400000, 0x0000000086400000|100%| O|  |TAMS 0x0000000086400000, 0x0000000086300000| Untracked 
| 100|0x0000000086400000, 0x0000000086500000, 0x0000000086500000|100%| O|  |TAMS 0x0000000086423200, 0x0000000086400000| Untracked 
| 101|0x0000000086500000, 0x0000000086600000, 0x0000000086600000|100%| O|  |TAMS 0x0000000086500000, 0x0000000086500000| Untracked 
| 102|0x0000000086600000, 0x0000000086700000, 0x0000000086700000|100%| O|  |TAMS 0x0000000086600000, 0x0000000086600000| Untracked 
| 103|0x0000000086700000, 0x0000000086800000, 0x0000000086800000|100%| O|  |TAMS 0x0000000086700000, 0x0000000086700000| Untracked 
| 104|0x0000000086800000, 0x0000000086900000, 0x0000000086900000|100%| O|  |TAMS 0x0000000086800000, 0x0000000086800000| Untracked 
| 105|0x0000000086900000, 0x0000000086a00000, 0x0000000086a00000|100%| O|  |TAMS 0x0000000086900000, 0x0000000086900000| Untracked 
| 106|0x0000000086a00000, 0x0000000086b00000, 0x0000000086b00000|100%| O|  |TAMS 0x0000000086a00000, 0x0000000086a00000| Untracked 
| 107|0x0000000086b00000, 0x0000000086c00000, 0x0000000086c00000|100%| O|  |TAMS 0x0000000086b00000, 0x0000000086b00000| Untracked 
| 108|0x0000000086c00000, 0x0000000086d00000, 0x0000000086d00000|100%| O|  |TAMS 0x0000000086c00000, 0x0000000086c00000| Untracked 
| 109|0x0000000086d00000, 0x0000000086e00000, 0x0000000086e00000|100%| O|  |TAMS 0x0000000086d00000, 0x0000000086d00000| Untracked 
| 110|0x0000000086e00000, 0x0000000086f00000, 0x0000000086f00000|100%| O|  |TAMS 0x0000000086e00000, 0x0000000086e00000| Untracked 
| 111|0x0000000086f00000, 0x0000000087000000, 0x0000000087000000|100%| O|  |TAMS 0x0000000086f00000, 0x0000000086f00000| Untracked 
| 112|0x0000000087000000, 0x0000000087100000, 0x0000000087100000|100%| O|  |TAMS 0x0000000087000000, 0x0000000087000000| Untracked 
| 113|0x0000000087100000, 0x0000000087200000, 0x0000000087200000|100%| O|  |TAMS 0x0000000087100000, 0x0000000087100000| Untracked 
| 114|0x0000000087200000, 0x0000000087300000, 0x0000000087300000|100%| O|  |TAMS 0x0000000087200000, 0x0000000087200000| Untracked 
| 115|0x0000000087300000, 0x0000000087400000, 0x0000000087400000|100%| O|  |TAMS 0x0000000087300000, 0x0000000087300000| Untracked 
| 116|0x0000000087400000, 0x0000000087500000, 0x0000000087500000|100%| O|  |TAMS 0x0000000087400000, 0x0000000087400000| Untracked 
| 117|0x0000000087500000, 0x0000000087600000, 0x0000000087600000|100%| O|  |TAMS 0x0000000087500000, 0x0000000087500000| Untracked 
| 118|0x0000000087600000, 0x0000000087700000, 0x0000000087700000|100%| O|  |TAMS 0x0000000087600000, 0x0000000087600000| Untracked 
| 119|0x0000000087700000, 0x0000000087800000, 0x0000000087800000|100%| O|  |TAMS 0x0000000087700000, 0x0000000087700000| Untracked 
| 120|0x0000000087800000, 0x0000000087900000, 0x0000000087900000|100%| O|  |TAMS 0x0000000087800000, 0x0000000087800000| Untracked 
| 121|0x0000000087900000, 0x0000000087a00000, 0x0000000087a00000|100%| O|  |TAMS 0x0000000087900000, 0x0000000087900000| Untracked 
| 122|0x0000000087a00000, 0x0000000087b00000, 0x0000000087b00000|100%| O|  |TAMS 0x0000000087a00000, 0x0000000087a00000| Untracked 
| 123|0x0000000087b00000, 0x0000000087c00000, 0x0000000087c00000|100%| O|  |TAMS 0x0000000087b00000, 0x0000000087b00000| Untracked 
| 124|0x0000000087c00000, 0x0000000087d00000, 0x0000000087d00000|100%| O|  |TAMS 0x0000000087c00000, 0x0000000087c00000| Untracked 
| 125|0x0000000087d00000, 0x0000000087e00000, 0x0000000087e00000|100%| O|  |TAMS 0x0000000087d00000, 0x0000000087d00000| Untracked 
| 126|0x0000000087e00000, 0x0000000087f00000, 0x0000000087f00000|100%| O|  |TAMS 0x0000000087e00000, 0x0000000087e00000| Untracked 
| 127|0x0000000087f00000, 0x0000000088000000, 0x0000000088000000|100%| O|  |TAMS 0x0000000087f00000, 0x0000000087f00000| Untracked 
| 128|0x0000000088000000, 0x0000000088100000, 0x0000000088100000|100%| O|  |TAMS 0x0000000088000000, 0x0000000088000000| Untracked 
| 129|0x0000000088100000, 0x0000000088200000, 0x0000000088200000|100%| O|  |TAMS 0x0000000088100000, 0x0000000088100000| Untracked 
| 130|0x0000000088200000, 0x0000000088300000, 0x0000000088300000|100%| O|  |TAMS 0x0000000088200000, 0x0000000088200000| Untracked 
| 131|0x0000000088300000, 0x0000000088400000, 0x0000000088400000|100%| O|  |TAMS 0x0000000088300000, 0x0000000088300000| Untracked 
| 132|0x0000000088400000, 0x0000000088400000, 0x0000000088500000|  0%| F|  |TAMS 0x0000000088400000, 0x0000000088400000| Untracked 
| 133|0x0000000088500000, 0x0000000088500000, 0x0000000088600000|  0%| F|  |TAMS 0x0000000088500000, 0x0000000088500000| Untracked 
| 134|0x0000000088600000, 0x0000000088600000, 0x0000000088700000|  0%| F|  |TAMS 0x0000000088600000, 0x0000000088600000| Untracked 
| 135|0x0000000088700000, 0x0000000088700000, 0x0000000088800000|  0%| F|  |TAMS 0x0000000088700000, 0x0000000088700000| Untracked 
| 136|0x0000000088800000, 0x0000000088800000, 0x0000000088900000|  0%| F|  |TAMS 0x0000000088800000, 0x0000000088800000| Untracked 
| 137|0x0000000088900000, 0x0000000088900000, 0x0000000088a00000|  0%| F|  |TAMS 0x0000000088900000, 0x0000000088900000| Untracked 
| 138|0x0000000088a00000, 0x0000000088a00000, 0x0000000088b00000|  0%| F|  |TAMS 0x0000000088a00000, 0x0000000088a00000| Untracked 
| 139|0x0000000088b00000, 0x0000000088b00000, 0x0000000088c00000|  0%| F|  |TAMS 0x0000000088b00000, 0x0000000088b00000| Untracked 
| 140|0x0000000088c00000, 0x0000000088c00000, 0x0000000088d00000|  0%| F|  |TAMS 0x0000000088c00000, 0x0000000088c00000| Untracked 
| 141|0x0000000088d00000, 0x0000000088d00000, 0x0000000088e00000|  0%| F|  |TAMS 0x0000000088d00000, 0x0000000088d00000| Untracked 
| 142|0x0000000088e00000, 0x0000000088e00000, 0x0000000088f00000|  0%| F|  |TAMS 0x0000000088e00000, 0x0000000088e00000| Untracked 
| 143|0x0000000088f00000, 0x0000000088f00000, 0x0000000089000000|  0%| F|  |TAMS 0x0000000088f00000, 0x0000000088f00000| Untracked 
| 144|0x0000000089000000, 0x0000000089000000, 0x0000000089100000|  0%| F|  |TAMS 0x0000000089000000, 0x0000000089000000| Untracked 
| 145|0x0000000089100000, 0x0000000089100000, 0x0000000089200000|  0%| F|  |TAMS 0x0000000089100000, 0x0000000089100000| Untracked 
| 146|0x0000000089200000, 0x0000000089200000, 0x0000000089300000|  0%| F|  |TAMS 0x0000000089200000, 0x0000000089200000| Untracked 
| 147|0x0000000089300000, 0x0000000089300000, 0x0000000089400000|  0%| F|  |TAMS 0x0000000089300000, 0x0000000089300000| Untracked 
| 148|0x0000000089400000, 0x0000000089400000, 0x0000000089500000|  0%| F|  |TAMS 0x0000000089400000, 0x0000000089400000| Untracked 
| 149|0x0000000089500000, 0x0000000089500000, 0x0000000089600000|  0%| F|  |TAMS 0x0000000089500000, 0x0000000089500000| Untracked 
| 150|0x0000000089600000, 0x0000000089600000, 0x0000000089700000|  0%| F|  |TAMS 0x0000000089600000, 0x0000000089600000| Untracked 
| 151|0x0000000089700000, 0x0000000089700000, 0x0000000089800000|  0%| F|  |TAMS 0x0000000089700000, 0x0000000089700000| Untracked 
| 152|0x0000000089800000, 0x0000000089800000, 0x0000000089900000|  0%| F|  |TAMS 0x0000000089800000, 0x0000000089800000| Untracked 
| 153|0x0000000089900000, 0x0000000089900000, 0x0000000089a00000|  0%| F|  |TAMS 0x0000000089900000, 0x0000000089900000| Untracked 
| 154|0x0000000089a00000, 0x0000000089a00000, 0x0000000089b00000|  0%| F|  |TAMS 0x0000000089a00000, 0x0000000089a00000| Untracked 
| 155|0x0000000089b00000, 0x0000000089b00000, 0x0000000089c00000|  0%| F|  |TAMS 0x0000000089b00000, 0x0000000089b00000| Untracked 
| 156|0x0000000089c00000, 0x0000000089c00000, 0x0000000089d00000|  0%| F|  |TAMS 0x0000000089c00000, 0x0000000089c00000| Untracked 
| 157|0x0000000089d00000, 0x0000000089d00000, 0x0000000089e00000|  0%| F|  |TAMS 0x0000000089d00000, 0x0000000089d00000| Untracked 
| 158|0x0000000089e00000, 0x0000000089e00000, 0x0000000089f00000|  0%| F|  |TAMS 0x0000000089e00000, 0x0000000089e00000| Untracked 
| 159|0x0000000089f00000, 0x0000000089f00000, 0x000000008a000000|  0%| F|  |TAMS 0x0000000089f00000, 0x0000000089f00000| Untracked 
| 160|0x000000008a000000, 0x000000008a000000, 0x000000008a100000|  0%| F|  |TAMS 0x000000008a000000, 0x000000008a000000| Untracked 
| 161|0x000000008a100000, 0x000000008a100000, 0x000000008a200000|  0%| F|  |TAMS 0x000000008a100000, 0x000000008a100000| Untracked 
| 162|0x000000008a200000, 0x000000008a200000, 0x000000008a300000|  0%| F|  |TAMS 0x000000008a200000, 0x000000008a200000| Untracked 
| 163|0x000000008a300000, 0x000000008a300000, 0x000000008a400000|  0%| F|  |TAMS 0x000000008a300000, 0x000000008a300000| Untracked 
| 164|0x000000008a400000, 0x000000008a400000, 0x000000008a500000|  0%| F|  |TAMS 0x000000008a400000, 0x000000008a400000| Untracked 
| 165|0x000000008a500000, 0x000000008a500000, 0x000000008a600000|  0%| F|  |TAMS 0x000000008a500000, 0x000000008a500000| Untracked 
| 166|0x000000008a600000, 0x000000008a600000, 0x000000008a700000|  0%| F|  |TAMS 0x000000008a600000, 0x000000008a600000| Untracked 
| 167|0x000000008a700000, 0x000000008a700000, 0x000000008a800000|  0%| F|  |TAMS 0x000000008a700000, 0x000000008a700000| Untracked 
| 168|0x000000008a800000, 0x000000008a800000, 0x000000008a900000|  0%| F|  |TAMS 0x000000008a800000, 0x000000008a800000| Untracked 
| 169|0x000000008a900000, 0x000000008a900000, 0x000000008aa00000|  0%| F|  |TAMS 0x000000008a900000, 0x000000008a900000| Untracked 
| 170|0x000000008aa00000, 0x000000008aa00000, 0x000000008ab00000|  0%| F|  |TAMS 0x000000008aa00000, 0x000000008aa00000| Untracked 
| 171|0x000000008ab00000, 0x000000008ab00000, 0x000000008ac00000|  0%| F|  |TAMS 0x000000008ab00000, 0x000000008ab00000| Untracked 
| 172|0x000000008ac00000, 0x000000008ac00000, 0x000000008ad00000|  0%| F|  |TAMS 0x000000008ac00000, 0x000000008ac00000| Untracked 
| 173|0x000000008ad00000, 0x000000008ad00000, 0x000000008ae00000|  0%| F|  |TAMS 0x000000008ad00000, 0x000000008ad00000| Untracked 
| 174|0x000000008ae00000, 0x000000008ae00000, 0x000000008af00000|  0%| F|  |TAMS 0x000000008ae00000, 0x000000008ae00000| Untracked 
| 175|0x000000008af00000, 0x000000008af00000, 0x000000008b000000|  0%| F|  |TAMS 0x000000008af00000, 0x000000008af00000| Untracked 
| 176|0x000000008b000000, 0x000000008b000000, 0x000000008b100000|  0%| F|  |TAMS 0x000000008b000000, 0x000000008b000000| Untracked 
| 177|0x000000008b100000, 0x000000008b100000, 0x000000008b200000|  0%| F|  |TAMS 0x000000008b100000, 0x000000008b100000| Untracked 
| 178|0x000000008b200000, 0x000000008b200000, 0x000000008b300000|  0%| F|  |TAMS 0x000000008b200000, 0x000000008b200000| Untracked 
| 179|0x000000008b300000, 0x000000008b300000, 0x000000008b400000|  0%| F|  |TAMS 0x000000008b300000, 0x000000008b300000| Untracked 
| 180|0x000000008b400000, 0x000000008b400000, 0x000000008b500000|  0%| F|  |TAMS 0x000000008b400000, 0x000000008b400000| Untracked 
| 181|0x000000008b500000, 0x000000008b500000, 0x000000008b600000|  0%| F|  |TAMS 0x000000008b500000, 0x000000008b500000| Untracked 
| 182|0x000000008b600000, 0x000000008b600000, 0x000000008b700000|  0%| F|  |TAMS 0x000000008b600000, 0x000000008b600000| Untracked 
| 183|0x000000008b700000, 0x000000008b800000, 0x000000008b800000|100%| S|CS|TAMS 0x000000008b700000, 0x000000008b700000| Complete 
| 184|0x000000008b800000, 0x000000008b900000, 0x000000008b900000|100%| S|CS|TAMS 0x000000008b800000, 0x000000008b800000| Complete 
| 185|0x000000008b900000, 0x000000008b900000, 0x000000008ba00000|  0%| F|  |TAMS 0x000000008b900000, 0x000000008b900000| Untracked 
| 186|0x000000008ba00000, 0x000000008ba00000, 0x000000008bb00000|  0%| F|  |TAMS 0x000000008ba00000, 0x000000008ba00000| Untracked 

Card table byte_map: [0x00000206e9590000,0x00000206e9990000] _byte_map_base: 0x00000206e9190000

Marking Bits (Prev, Next): (CMBitMap*) 0x00000206d69eeee0, (CMBitMap*) 0x00000206d69eeea0
 Prev Bits: [0x00000206ebd90000, 0x00000206edd90000)
 Next Bits: [0x00000206e9d90000, 0x00000206ebd90000)

Polling page: 0x00000206d6150000

Metaspace:

Usage:
  Non-class:     83.01 MB used.
      Class:     12.97 MB used.
       Both:     95.98 MB used.

Virtual space:
  Non-class space:       88.00 MB reserved,      83.38 MB ( 95%) committed,  11 nodes.
      Class space:        1.00 GB reserved,      13.25 MB (  1%) committed,  1 nodes.
             Both:        1.09 GB reserved,      96.62 MB (  9%) committed. 

Chunk freelists:
   Non-Class:  320.00 KB
       Class:  2.75 MB
        Both:  3.06 MB

MaxMetaspaceSize: unlimited
CompressedClassSpaceSize: 1.00 GB
Initial GC threshold: 21.00 MB
Current GC threshold: 159.69 MB
CDS: off
MetaspaceReclaimPolicy: balanced
 - commit_granule_bytes: 65536.
 - commit_granule_words: 8192.
 - virtual_space_node_default_size: 1048576.
 - enlarge_chunks_in_place: 1.
 - new_chunks_are_fully_committed: 0.
 - uncommit_free_chunks: 1.
 - use_allocation_guard: 0.
 - handle_deallocations: 1.


Internal statistics:

num_allocs_failed_limit: 12.
num_arena_births: 1128.
num_arena_deaths: 14.
num_vsnodes_births: 12.
num_vsnodes_deaths: 0.
num_space_committed: 1545.
num_space_uncommitted: 0.
num_chunks_returned_to_freelist: 30.
num_chunks_taken_from_freelist: 4820.
num_chunk_merges: 15.
num_chunk_splits: 3154.
num_chunks_enlarged: 2050.
num_purges: 2.
num_inconsistent_stats: 0.

CodeHeap 'non-profiled nmethods': size=120000Kb used=8073Kb max_used=8073Kb free=111926Kb
 bounds [0x00000206e1920000, 0x00000206e2110000, 0x00000206e8e50000]
CodeHeap 'profiled nmethods': size=120000Kb used=24933Kb max_used=24933Kb free=95066Kb
 bounds [0x00000206d9e50000, 0x00000206db6b0000, 0x00000206e1380000]
CodeHeap 'non-nmethods': size=5760Kb used=2399Kb max_used=2519Kb free=3360Kb
 bounds [0x00000206e1380000, 0x00000206e1610000, 0x00000206e1920000]
 total_blobs=13422 nmethods=12488 adapters=846
 compilation: enabled
              stopped_count=0, restarted_count=0
 full_count=0

Compilation events (20 events):
Event: 84.181 Thread 0x00000206f1435920 14185       2       java.lang.StringUTF16::compress (20 bytes)
Event: 84.181 Thread 0x00000206f1435920 nmethod 14185 0x00000206db69b690 code [0x00000206db69b840, 0x00000206db69ba28]
Event: 84.184 Thread 0x00000206f1435920 14188 %     3       com.android.ide.common.resources.NodeUtils::updateNamespace @ 132 (167 bytes)
Event: 84.184 Thread 0x00000206f1435920 nmethod 14188% 0x00000206db69bb10 code [0x00000206db69bdc0, 0x00000206db69cc98]
Event: 84.184 Thread 0x00000206f1435920 14189 %     3       com.android.ide.common.resources.NodeUtils::duplicateNode @ 187 (315 bytes)
Event: 84.186 Thread 0x00000206f1435920 nmethod 14189% 0x00000206db69d110 code [0x00000206db69d580, 0x00000206db69ff18]
Event: 84.186 Thread 0x00000206f1435920 14190       3       com.android.ide.common.resources.NodeUtils::updateNamespace (167 bytes)
Event: 84.187 Thread 0x00000206f1435920 nmethod 14190 0x00000206db6a0b90 code [0x00000206db6a0e40, 0x00000206db6a1c78]
Event: 84.187 Thread 0x00000206f1435920 14191       3       com.android.ide.common.resources.NodeUtils::duplicateNode (315 bytes)
Event: 84.188 Thread 0x00000206f1435920 nmethod 14191 0x00000206db6a2090 code [0x00000206db6a2500, 0x00000206db6a4db8]
Event: 84.200 Thread 0x00000206f1435920 14196 %     3       java.lang.StringUTF16::compress @ 10 (59 bytes)
Event: 84.200 Thread 0x00000206f1435920 nmethod 14196% 0x00000206db6a5990 code [0x00000206db6a5b60, 0x00000206db6a5f68]
Event: 84.204 Thread 0x00000206f1435920 14201 %     3       org.apache.xerces.dom.ParentNode::nodeListItem @ 93 (243 bytes)
Event: 84.205 Thread 0x00000206f1435920 nmethod 14201% 0x00000206db6a6190 code [0x00000206db6a6420, 0x00000206db6a74b8]
Event: 84.205 Thread 0x00000206f1435920 14202       1       org.apache.xerces.dom.CoreDocumentImpl::isXML11Version (5 bytes)
Event: 84.205 Thread 0x00000206f1435920 nmethod 14202 0x00000206e2102190 code [0x00000206e2102320, 0x00000206e21023f8]
Event: 84.206 Thread 0x00000206f1435920 14203       3       org.apache.xerces.dom.ParentNode::nodeListItem (243 bytes)
Event: 84.206 Thread 0x00000206f1435920 nmethod 14203 0x00000206db6a7910 code [0x00000206db6a7ba0, 0x00000206db6a8bb8]
Event: 84.236 Thread 0x00000206f1435920 14205       3       java.lang.StringUTF16::compress (59 bytes)
Event: 84.237 Thread 0x00000206f1435920 nmethod 14205 0x00000206db6a8f90 code [0x00000206db6a9160, 0x00000206db6a94a8]

GC Heap History (20 events):
Event: 9.972 GC heap after
{Heap after GC invocations=31 (full 0):
 garbage-first heap   total 152576K, used 86910K [0x0000000080000000, 0x0000000100000000)
  region size 1024K, 5 young (5120K), 5 survivors (5120K)
 Metaspace       used 85844K, committed 86528K, reserved 1130496K
  class space    used 11800K, committed 12096K, reserved 1048576K
}
Event: 10.007 GC heap before
{Heap before GC invocations=31 (full 0):
 garbage-first heap   total 152576K, used 89982K [0x0000000080000000, 0x0000000100000000)
  region size 1024K, 7 young (7168K), 5 survivors (5120K)
 Metaspace       used 86557K, committed 87168K, reserved 1130496K
  class space    used 11831K, committed 12096K, reserved 1048576K
}
Event: 10.012 GC heap after
{Heap after GC invocations=32 (full 0):
 garbage-first heap   total 183296K, used 86389K [0x0000000080000000, 0x0000000100000000)
  region size 1024K, 1 young (1024K), 1 survivors (1024K)
 Metaspace       used 86557K, committed 87168K, reserved 1130496K
  class space    used 11831K, committed 12096K, reserved 1048576K
}
Event: 11.134 GC heap before
{Heap before GC invocations=32 (full 0):
 garbage-first heap   total 183296K, used 146805K [0x0000000080000000, 0x0000000100000000)
  region size 1024K, 61 young (62464K), 1 survivors (1024K)
 Metaspace       used 91053K, committed 91712K, reserved 1130496K
  class space    used 12398K, committed 12672K, reserved 1048576K
}
Event: 11.139 GC heap after
{Heap after GC invocations=33 (full 0):
 garbage-first heap   total 183296K, used 88872K [0x0000000080000000, 0x0000000100000000)
  region size 1024K, 4 young (4096K), 4 survivors (4096K)
 Metaspace       used 91053K, committed 91712K, reserved 1130496K
  class space    used 12398K, committed 12672K, reserved 1048576K
}
Event: 12.446 GC heap before
{Heap before GC invocations=34 (full 0):
 garbage-first heap   total 183296K, used 147240K [0x0000000080000000, 0x0000000100000000)
  region size 1024K, 62 young (63488K), 4 survivors (4096K)
 Metaspace       used 95444K, committed 96128K, reserved 1138688K
  class space    used 12987K, committed 13312K, reserved 1048576K
}
Event: 12.455 GC heap after
{Heap after GC invocations=35 (full 0):
 garbage-first heap   total 183296K, used 94135K [0x0000000080000000, 0x0000000100000000)
  region size 1024K, 8 young (8192K), 8 survivors (8192K)
 Metaspace       used 95444K, committed 96128K, reserved 1138688K
  class space    used 12987K, committed 13312K, reserved 1048576K
}
Event: 12.463 GC heap before
{Heap before GC invocations=35 (full 0):
 garbage-first heap   total 183296K, used 95159K [0x0000000080000000, 0x0000000100000000)
  region size 1024K, 9 young (9216K), 8 survivors (8192K)
 Metaspace       used 95444K, committed 96128K, reserved 1138688K
  class space    used 12987K, committed 13312K, reserved 1048576K
}
Event: 12.473 GC heap after
{Heap after GC invocations=36 (full 0):
 garbage-first heap   total 183296K, used 93844K [0x0000000080000000, 0x0000000100000000)
  region size 1024K, 1 young (1024K), 1 survivors (1024K)
 Metaspace       used 95444K, committed 96128K, reserved 1138688K
  class space    used 12987K, committed 13312K, reserved 1048576K
}
Event: 13.049 GC heap before
{Heap before GC invocations=36 (full 0):
 garbage-first heap   total 183296K, used 149140K [0x0000000080000000, 0x0000000100000000)
  region size 1024K, 56 young (57344K), 1 survivors (1024K)
 Metaspace       used 95560K, committed 96256K, reserved 1138688K
  class space    used 12991K, committed 13312K, reserved 1048576K
}
Event: 13.055 GC heap after
{Heap after GC invocations=37 (full 0):
 garbage-first heap   total 183296K, used 97356K [0x0000000080000000, 0x0000000100000000)
  region size 1024K, 5 young (5120K), 5 survivors (5120K)
 Metaspace       used 95560K, committed 96256K, reserved 1138688K
  class space    used 12991K, committed 13312K, reserved 1048576K
}
Event: 83.302 GC heap before
{Heap before GC invocations=38 (full 0):
 garbage-first heap   total 186368K, used 148556K [0x0000000080000000, 0x0000000100000000)
  region size 1024K, 56 young (57344K), 5 survivors (5120K)
 Metaspace       used 96667K, committed 97344K, reserved 1138688K
  class space    used 13144K, committed 13440K, reserved 1048576K
}
Event: 83.308 GC heap after
{Heap after GC invocations=39 (full 0):
 garbage-first heap   total 186368K, used 101047K [0x0000000080000000, 0x0000000100000000)
  region size 1024K, 5 young (5120K), 5 survivors (5120K)
 Metaspace       used 96667K, committed 97344K, reserved 1138688K
  class space    used 13144K, committed 13440K, reserved 1048576K
}
Event: 83.342 GC heap before
{Heap before GC invocations=39 (full 0):
 garbage-first heap   total 186368K, used 105143K [0x0000000080000000, 0x0000000100000000)
  region size 1024K, 9 young (9216K), 5 survivors (5120K)
 Metaspace       used 96705K, committed 97344K, reserved 1138688K
  class space    used 13144K, committed 13440K, reserved 1048576K
}
Event: 83.346 GC heap after
{Heap after GC invocations=40 (full 0):
 garbage-first heap   total 186368K, used 100599K [0x0000000080000000, 0x0000000100000000)
  region size 1024K, 2 young (2048K), 2 survivors (2048K)
 Metaspace       used 96705K, committed 97344K, reserved 1138688K
  class space    used 13144K, committed 13440K, reserved 1048576K
}
Event: 83.745 GC heap before
{Heap before GC invocations=40 (full 0):
 garbage-first heap   total 186368K, used 143607K [0x0000000080000000, 0x0000000100000000)
  region size 1024K, 46 young (47104K), 2 survivors (2048K)
 Metaspace       used 97361K, committed 98048K, reserved 1138688K
  class space    used 13187K, committed 13504K, reserved 1048576K
}
Event: 83.749 GC heap after
{Heap after GC invocations=41 (full 0):
 garbage-first heap   total 186368K, used 106157K [0x0000000080000000, 0x0000000100000000)
  region size 1024K, 7 young (7168K), 7 survivors (7168K)
 Metaspace       used 97361K, committed 98048K, reserved 1138688K
  class space    used 13187K, committed 13504K, reserved 1048576K
}
Event: 84.213 GC heap before
{Heap before GC invocations=42 (full 0):
 garbage-first heap   total 191488K, used 153261K [0x0000000080000000, 0x0000000100000000)
  region size 1024K, 51 young (52224K), 7 survivors (7168K)
 Metaspace       used 98286K, committed 98944K, reserved 1138688K
  class space    used 13282K, committed 13568K, reserved 1048576K
}
Event: 84.227 GC heap after
{Heap after GC invocations=43 (full 0):
 garbage-first heap   total 191488K, used 128585K [0x0000000080000000, 0x0000000100000000)
  region size 1024K, 7 young (7168K), 7 survivors (7168K)
 Metaspace       used 98286K, committed 98944K, reserved 1138688K
  class space    used 13282K, committed 13568K, reserved 1048576K
}
Event: 84.247 GC heap before
{Heap before GC invocations=43 (full 0):
 garbage-first heap   total 191488K, used 130633K [0x0000000080000000, 0x0000000100000000)
  region size 1024K, 9 young (9216K), 7 survivors (7168K)
 Metaspace       used 98286K, committed 98944K, reserved 1138688K
  class space    used 13282K, committed 13568K, reserved 1048576K
}

Dll operation events (2 events):
Event: 0.006 Loaded shared library C:\Program Files\Android\Android Studio\jbr\bin\java.dll
Event: 0.288 Loaded shared library C:\Program Files\Android\Android Studio\jbr\bin\verify.dll

Deoptimization events (20 events):
Event: 84.150 Thread 0x00000206fceb1ed0 DEOPT PACKING pc=0x00000206e20196ac sp=0x000000d9af7f9330
Event: 84.150 Thread 0x00000206fceb1ed0 DEOPT UNPACKING pc=0x00000206e13d69a3 sp=0x000000d9af7f92d8 mode 2
Event: 84.157 Thread 0x00000206fceb1ed0 Uncommon trap: trap_request=0xffffff45 fr.pc=0x00000206e1ceae30 relative=0x00000000000018f0
Event: 84.157 Thread 0x00000206fceb1ed0 Uncommon trap: reason=unstable_if action=reinterpret pc=0x00000206e1ceae30 method=com.google.gson.stream.JsonReader.nextQuotedValue(C)Ljava/lang/String; @ 96 c2
Event: 84.157 Thread 0x00000206fceb1ed0 DEOPT PACKING pc=0x00000206e1ceae30 sp=0x000000d9af7f8e40
Event: 84.157 Thread 0x00000206fceb1ed0 DEOPT UNPACKING pc=0x00000206e13d69a3 sp=0x000000d9af7f8e28 mode 2
Event: 84.163 Thread 0x00000206fceb1ed0 Uncommon trap: trap_request=0xffffff45 fr.pc=0x00000206e20e0bdc relative=0x00000000000001bc
Event: 84.163 Thread 0x00000206fceb1ed0 Uncommon trap: reason=unstable_if action=reinterpret pc=0x00000206e20e0bdc method=org.apache.xerces.dom.ElementImpl.getAttributes()Lorg/w3c/dom/NamedNodeMap; @ 4 c2
Event: 84.163 Thread 0x00000206fceb1ed0 DEOPT PACKING pc=0x00000206e20e0bdc sp=0x000000d9af7f98c0
Event: 84.163 Thread 0x00000206fceb1ed0 DEOPT UNPACKING pc=0x00000206e13d69a3 sp=0x000000d9af7f9880 mode 2
Event: 84.166 Thread 0x00000206fceb1ed0 Uncommon trap: trap_request=0xffffff45 fr.pc=0x00000206e20dda1c relative=0x00000000000005dc
Event: 84.166 Thread 0x00000206fceb1ed0 Uncommon trap: reason=unstable_if action=reinterpret pc=0x00000206e20dda1c method=org.apache.xerces.dom.ParentNode.nodeListItem(I)Lorg/w3c/dom/Node; @ 87 c2
Event: 84.166 Thread 0x00000206fceb1ed0 DEOPT PACKING pc=0x00000206e20dda1c sp=0x000000d9af7f95e0
Event: 84.166 Thread 0x00000206fceb1ed0 DEOPT UNPACKING pc=0x00000206e13d69a3 sp=0x000000d9af7f9528 mode 2
Event: 84.166 Thread 0x00000206fceb1ed0 Uncommon trap: trap_request=0xffffff45 fr.pc=0x00000206e20de71c relative=0x00000000000005dc
Event: 84.166 Thread 0x00000206fceb1ed0 Uncommon trap: reason=unstable_if action=reinterpret pc=0x00000206e20de71c method=org.apache.xerces.dom.ParentNode.nodeListItem(I)Lorg/w3c/dom/Node; @ 87 c2
Event: 84.166 Thread 0x00000206fceb1ed0 DEOPT PACKING pc=0x00000206e20de71c sp=0x000000d9af7f9570
Event: 84.166 Thread 0x00000206fceb1ed0 DEOPT UNPACKING pc=0x00000206e13d69a3 sp=0x000000d9af7f9520 mode 2
Event: 84.236 Thread 0x00000206fceb1ed0 DEOPT PACKING pc=0x00000206db69ad9b sp=0x000000d9af7f9270
Event: 84.236 Thread 0x00000206fceb1ed0 DEOPT UNPACKING pc=0x00000206e13d7143 sp=0x000000d9af7f8730 mode 0

Classes unloaded (7 events):
Event: 11.288 Thread 0x00000206f07f7940 Unloading class 0x0000000100bb1c00 'java/lang/invoke/LambdaForm$DMH+0x0000000100bb1c00'
Event: 11.288 Thread 0x00000206f07f7940 Unloading class 0x0000000100bb1800 'java/lang/invoke/LambdaForm$DMH+0x0000000100bb1800'
Event: 11.288 Thread 0x00000206f07f7940 Unloading class 0x0000000100bb1400 'java/lang/invoke/LambdaForm$DMH+0x0000000100bb1400'
Event: 11.288 Thread 0x00000206f07f7940 Unloading class 0x0000000100bb1000 'java/lang/invoke/LambdaForm$DMH+0x0000000100bb1000'
Event: 11.288 Thread 0x00000206f07f7940 Unloading class 0x0000000100bb0c00 'java/lang/invoke/LambdaForm$DMH+0x0000000100bb0c00'
Event: 11.288 Thread 0x00000206f07f7940 Unloading class 0x0000000100bb0800 'java/lang/invoke/LambdaForm$DMH+0x0000000100bb0800'
Event: 11.288 Thread 0x00000206f07f7940 Unloading class 0x0000000100bb0400 'java/lang/invoke/LambdaForm$DMH+0x0000000100bb0400'

Classes redefined (0 events):
No events

Internal exceptions (20 events):
Event: 13.732 Thread 0x00000206f26b2900 Exception <a 'java/lang/NoSuchMethodError'{0x0000000088c75720}: static [Ljava/net/URL;.<clinit>()V> (0x0000000088c75720) 
thrown [s\src\hotspot\share\prims\jni.cpp, line 1108]
Event: 13.734 Thread 0x00000206f26b2900 Exception <a 'java/lang/NoSuchMethodError'{0x0000000088c89b38}: static Lorg/gradle/internal/classloader/FilteringClassLoader$Spec;.<clinit>()V> (0x0000000088c89b38) 
thrown [s\src\hotspot\share\prims\jni.cpp, line 1108]
Event: 13.735 Thread 0x00000206f26b2900 Exception <a 'java/lang/NoSuchMethodError'{0x0000000088c97ad0}: static Lorg/gradle/internal/classloader/CachingClassLoader$Spec;.<clinit>()V> (0x0000000088c97ad0) 
thrown [s\src\hotspot\share\prims\jni.cpp, line 1108]
Event: 13.748 Thread 0x00000206f25d62d0 Implicit null exception at 0x00000206e1fff090 to 0x00000206e2001e50
Event: 21.213 Thread 0x00000206f249d040 Implicit null exception at 0x00000206e195f172 to 0x00000206e195f7a8
Event: 83.167 Thread 0x00000206f2b25a10 Implicit null exception at 0x00000206e1ebaba7 to 0x00000206e1ebb4a8
Event: 83.412 Thread 0x00000206f42636b0 Exception <a 'sun/nio/fs/WindowsException'{0x000000008a854e08}> (0x000000008a854e08) 
thrown [s\src\hotspot\share\prims\jni.cpp, line 517]
Event: 83.466 Thread 0x00000206f42636b0 Exception <a 'java/lang/NoClassDefFoundError'{0x000000008a5f26a8}: org/jetbrains/kotlin/gradle/plugin/KotlinBasePluginWrapper> (0x000000008a5f26a8) 
thrown [s\src\hotspot\share\oops\constantPool.cpp, line 835]
Event: 83.511 Thread 0x00000206f42636b0 Exception <a 'sun/nio/fs/WindowsException'{0x000000008a173bc8}> (0x000000008a173bc8) 
thrown [s\src\hotspot\share\prims\jni.cpp, line 517]
Event: 83.520 Thread 0x00000206f42636b0 Exception <a 'sun/nio/fs/WindowsException'{0x000000008a0121c8}> (0x000000008a0121c8) 
thrown [s\src\hotspot\share\prims\jni.cpp, line 517]
Event: 83.520 Thread 0x00000206f42636b0 Exception <a 'sun/nio/fs/WindowsException'{0x000000008a013540}> (0x000000008a013540) 
thrown [s\src\hotspot\share\prims\jni.cpp, line 517]
Event: 83.520 Thread 0x00000206f42636b0 Exception <a 'sun/nio/fs/WindowsException'{0x000000008a014908}> (0x000000008a014908) 
thrown [s\src\hotspot\share\prims\jni.cpp, line 517]
Event: 83.520 Thread 0x00000206f42636b0 Exception <a 'sun/nio/fs/WindowsException'{0x000000008a015cd0}> (0x000000008a015cd0) 
thrown [s\src\hotspot\share\prims\jni.cpp, line 517]
Event: 83.578 Thread 0x00000206fd0c0710 Exception <a 'sun/nio/fs/WindowsException'{0x0000000089df29f0}> (0x0000000089df29f0) 
thrown [s\src\hotspot\share\prims\jni.cpp, line 517]
Event: 83.716 Thread 0x00000206fd0c0710 Exception <a 'sun/nio/fs/WindowsException'{0x0000000088b24550}> (0x0000000088b24550) 
thrown [s\src\hotspot\share\prims\jni.cpp, line 517]
Event: 83.716 Thread 0x00000206fd0c0710 Exception <a 'sun/nio/fs/WindowsException'{0x0000000088b24930}> (0x0000000088b24930) 
thrown [s\src\hotspot\share\prims\jni.cpp, line 517]
Event: 84.149 Thread 0x00000206fceb1ed0 Exception <a 'sun/nio/fs/WindowsException'{0x0000000089487e98}> (0x0000000089487e98) 
thrown [s\src\hotspot\share\prims\jni.cpp, line 517]
Event: 84.149 Thread 0x00000206fceb1ed0 Exception <a 'sun/nio/fs/WindowsException'{0x0000000089488318}> (0x0000000089488318) 
thrown [s\src\hotspot\share\prims\jni.cpp, line 517]
Event: 84.150 Thread 0x00000206fceb1ed0 Exception <a 'sun/nio/fs/WindowsException'{0x000000008948d0e8}> (0x000000008948d0e8) 
thrown [s\src\hotspot\share\prims\jni.cpp, line 517]
Event: 84.150 Thread 0x00000206fceb1ed0 Exception <a 'sun/nio/fs/WindowsException'{0x000000008948d530}> (0x000000008948d530) 
thrown [s\src\hotspot\share\prims\jni.cpp, line 517]

VM Operations (20 events):
Event: 83.590 Executing VM operation: ICBufferFull done
Event: 83.692 Executing VM operation: ICBufferFull
Event: 83.692 Executing VM operation: ICBufferFull done
Event: 83.744 Executing VM operation: G1TryInitiateConcMark
Event: 83.749 Executing VM operation: G1TryInitiateConcMark done
Event: 83.828 Executing VM operation: G1Concurrent
Event: 83.835 Executing VM operation: G1Concurrent done
Event: 83.878 Executing VM operation: G1Concurrent
Event: 83.878 Executing VM operation: G1Concurrent done
Event: 83.888 Executing VM operation: HandshakeAllThreads
Event: 83.888 Executing VM operation: HandshakeAllThreads done
Event: 83.890 Executing VM operation: HandshakeAllThreads
Event: 83.891 Executing VM operation: HandshakeAllThreads done
Event: 84.024 Executing VM operation: HandshakeAllThreads
Event: 84.024 Executing VM operation: HandshakeAllThreads done
Event: 84.086 Executing VM operation: HandshakeAllThreads
Event: 84.086 Executing VM operation: HandshakeAllThreads done
Event: 84.212 Executing VM operation: G1CollectForAllocation
Event: 84.227 Executing VM operation: G1CollectForAllocation done
Event: 84.247 Executing VM operation: G1CollectForAllocation

Events (20 events):
Event: 83.360 Thread 0x00000206f7abc210 Thread added: 0x00000206f7abc210
Event: 83.361 Thread 0x00000206f7abc6e0 Thread added: 0x00000206f7abc6e0
Event: 83.361 Thread 0x00000206f7abbd40 Thread added: 0x00000206f7abbd40
Event: 83.361 Thread 0x00000206f7abb3a0 Thread added: 0x00000206f7abb3a0
Event: 83.390 Thread 0x00000206f2b52370 Thread added: 0x00000206f2b52370
Event: 83.562 Thread 0x00000206fceb1ed0 Thread added: 0x00000206fceb1ed0
Event: 83.562 Thread 0x00000206fabb0cf0 Thread added: 0x00000206fabb0cf0
Event: 83.562 Thread 0x00000206fabb2500 Thread added: 0x00000206fabb2500
Event: 83.562 Thread 0x00000206fabb29d0 Thread added: 0x00000206fabb29d0
Event: 83.562 Thread 0x00000206fabafe80 Thread added: 0x00000206fabafe80
Event: 83.563 Thread 0x00000206fabb0350 Thread added: 0x00000206fabb0350
Event: 83.563 Thread 0x00000206fabaf4e0 Thread added: 0x00000206fabaf4e0
Event: 83.563 Thread 0x00000206fd0c0710 Thread added: 0x00000206fd0c0710
Event: 83.564 Thread 0x00000206f7b5fb30 Thread added: 0x00000206f7b5fb30
Event: 84.070 loading class java/util/concurrent/ConcurrentLinkedDeque
Event: 84.070 loading class java/util/concurrent/ConcurrentLinkedDeque done
Event: 84.070 loading class java/util/concurrent/ConcurrentLinkedDeque$Node
Event: 84.070 loading class java/util/concurrent/ConcurrentLinkedDeque$Node done
Event: 84.148 loading class java/nio/file/Files$2
Event: 84.148 loading class java/nio/file/Files$2 done


Dynamic libraries:
0x00007ff6ea2c0000 - 0x00007ff6ea2ca000 	C:\Program Files\Android\Android Studio\jbr\bin\java.exe
0x00007ff882650000 - 0x00007ff882867000 	C:\WINDOWS\SYSTEM32\ntdll.dll
0x00007ff881770000 - 0x00007ff881834000 	C:\WINDOWS\System32\KERNEL32.DLL
0x00007ff87f970000 - 0x00007ff87fd1d000 	C:\WINDOWS\System32\KERNELBASE.dll
0x00007ff87fe40000 - 0x00007ff87ff51000 	C:\WINDOWS\System32\ucrtbase.dll
0x00007ff8699d0000 - 0x00007ff8699e7000 	C:\Program Files\Android\Android Studio\jbr\bin\jli.dll
0x00007ff86a6c0000 - 0x00007ff86a6db000 	C:\Program Files\Android\Android Studio\jbr\bin\VCRUNTIME140.dll
0x00007ff882070000 - 0x00007ff88221e000 	C:\WINDOWS\System32\USER32.dll
0x00007ff8801c0000 - 0x00007ff8801e6000 	C:\WINDOWS\System32\win32u.dll
0x00007ff87ebc0000 - 0x00007ff87ee53000 	C:\WINDOWS\WinSxS\amd64_microsoft.windows.common-controls_6595b64144ccf1df_6.0.22621.3672_none_2713b9d173822955\COMCTL32.dll
0x00007ff882410000 - 0x00007ff8824b7000 	C:\WINDOWS\System32\msvcrt.dll
0x00007ff880880000 - 0x00007ff8808a9000 	C:\WINDOWS\System32\GDI32.dll
0x00007ff8801f0000 - 0x00007ff880309000 	C:\WINDOWS\System32\gdi32full.dll
0x00007ff87fd20000 - 0x00007ff87fdba000 	C:\WINDOWS\System32\msvcp_win.dll
0x00007ff881610000 - 0x00007ff881641000 	C:\WINDOWS\System32\IMM32.DLL
0x00007ff87bc10000 - 0x00007ff87bc1c000 	C:\Program Files\Android\Android Studio\jbr\bin\vcruntime140_1.dll
0x00007ff857f80000 - 0x00007ff85800d000 	C:\Program Files\Android\Android Studio\jbr\bin\msvcp140.dll
0x00007ff83a280000 - 0x00007ff83aeee000 	C:\Program Files\Android\Android Studio\jbr\bin\server\jvm.dll
0x00007ff882550000 - 0x00007ff882602000 	C:\WINDOWS\System32\ADVAPI32.dll
0x00007ff881840000 - 0x00007ff8818e9000 	C:\WINDOWS\System32\sechost.dll
0x00007ff880190000 - 0x00007ff8801b8000 	C:\WINDOWS\System32\bcrypt.dll
0x00007ff881650000 - 0x00007ff881764000 	C:\WINDOWS\System32\RPCRT4.dll
0x00007ff865090000 - 0x00007ff865099000 	C:\WINDOWS\SYSTEM32\WSOCK32.dll
0x00007ff882220000 - 0x00007ff882291000 	C:\WINDOWS\System32\WS2_32.dll
0x00007ff86cc40000 - 0x00007ff86cc74000 	C:\WINDOWS\SYSTEM32\WINMM.dll
0x00007ff87aa90000 - 0x00007ff87aa9a000 	C:\WINDOWS\SYSTEM32\VERSION.dll
0x00007ff87e180000 - 0x00007ff87e198000 	C:\WINDOWS\SYSTEM32\kernel.appcore.dll
0x00007ff878380000 - 0x00007ff87838a000 	C:\Program Files\Android\Android Studio\jbr\bin\jimage.dll
0x00007ff87f2d0000 - 0x00007ff87f502000 	C:\WINDOWS\SYSTEM32\DBGHELP.DLL
0x00007ff880380000 - 0x00007ff88070e000 	C:\WINDOWS\System32\combase.dll
0x00007ff882310000 - 0x00007ff8823e7000 	C:\WINDOWS\System32\OLEAUT32.dll
0x00007ff87f170000 - 0x00007ff87f1a2000 	C:\WINDOWS\SYSTEM32\dbgcore.DLL
0x00007ff87fdc0000 - 0x00007ff87fe3b000 	C:\WINDOWS\System32\bcryptPrimitives.dll
0x00007ff86a190000 - 0x00007ff86a1b5000 	C:\Program Files\Android\Android Studio\jbr\bin\java.dll
0x00007ff86dc90000 - 0x00007ff86dca8000 	C:\Program Files\Android\Android Studio\jbr\bin\zip.dll
0x00007ff880910000 - 0x00007ff881177000 	C:\WINDOWS\System32\SHELL32.dll
0x00007ff87ce10000 - 0x00007ff87d70f000 	C:\WINDOWS\SYSTEM32\windows.storage.dll
0x00007ff87ccd0000 - 0x00007ff87ce0f000 	C:\WINDOWS\SYSTEM32\wintypes.dll
0x00007ff8811e0000 - 0x00007ff8812d9000 	C:\WINDOWS\System32\SHCORE.dll
0x00007ff881180000 - 0x00007ff8811de000 	C:\WINDOWS\System32\shlwapi.dll
0x00007ff87f8a0000 - 0x00007ff87f8c7000 	C:\WINDOWS\SYSTEM32\profapi.dll
0x00007ff86a170000 - 0x00007ff86a189000 	C:\Program Files\Android\Android Studio\jbr\bin\net.dll
0x00007ff87a8b0000 - 0x00007ff87a9e6000 	C:\WINDOWS\SYSTEM32\WINHTTP.dll
0x00007ff87e740000 - 0x00007ff87e7a9000 	C:\WINDOWS\system32\mswsock.dll
0x00007ff86a150000 - 0x00007ff86a166000 	C:\Program Files\Android\Android Studio\jbr\bin\nio.dll
0x00007ff877f90000 - 0x00007ff877fa0000 	C:\Program Files\Android\Android Studio\jbr\bin\verify.dll
0x00007ff878970000 - 0x00007ff878997000 	C:\Users\scher\.gradle\native\68d5fa5c4cc2d200863cafc0d521ce42e7d3e7ee720ec0a83991735586a16f82\windows-amd64\native-platform.dll
0x00007ff8568f0000 - 0x00007ff856a34000 	C:\Users\scher\.gradle\native\e376f236ea51e6404a007f0833ffe2c6e607c4080706a723a18a27aeea778392\windows-amd64\native-platform-file-events.dll
0x00007ff877f80000 - 0x00007ff877f89000 	C:\Program Files\Android\Android Studio\jbr\bin\management.dll
0x00007ff877f70000 - 0x00007ff877f7b000 	C:\Program Files\Android\Android Studio\jbr\bin\management_ext.dll
0x00007ff8818f0000 - 0x00007ff8818f8000 	C:\WINDOWS\System32\PSAPI.DLL
0x00007ff87f610000 - 0x00007ff87f62b000 	C:\WINDOWS\SYSTEM32\CRYPTSP.dll
0x00007ff87e0e0000 - 0x00007ff87e115000 	C:\WINDOWS\system32\rsaenh.dll
0x00007ff87e9a0000 - 0x00007ff87e9c8000 	C:\WINDOWS\SYSTEM32\USERENV.dll
0x00007ff87ea00000 - 0x00007ff87ea0c000 	C:\WINDOWS\SYSTEM32\CRYPTBASE.dll
0x00007ff87db70000 - 0x00007ff87db9d000 	C:\WINDOWS\SYSTEM32\IPHLPAPI.DLL
0x00007ff880870000 - 0x00007ff880879000 	C:\WINDOWS\System32\NSI.dll
0x00007ff87b020000 - 0x00007ff87b039000 	C:\WINDOWS\SYSTEM32\dhcpcsvc6.DLL
0x00007ff87aaa0000 - 0x00007ff87aabf000 	C:\WINDOWS\SYSTEM32\dhcpcsvc.DLL
0x00007ff87dbf0000 - 0x00007ff87dce8000 	C:\WINDOWS\SYSTEM32\DNSAPI.dll
0x00007ff877f60000 - 0x00007ff877f68000 	C:\WINDOWS\system32\wshunix.dll

dbghelp: loaded successfully - version: 4.0.5 - missing functions: none
symbol engine: initialized successfully - sym options: 0x614 - pdb path: .;C:\Program Files\Android\Android Studio\jbr\bin;C:\WINDOWS\SYSTEM32;C:\WINDOWS\WinSxS\amd64_microsoft.windows.common-controls_6595b64144ccf1df_6.0.22621.3672_none_2713b9d173822955;C:\Program Files\Android\Android Studio\jbr\bin\server;C:\Users\scher\.gradle\native\68d5fa5c4cc2d200863cafc0d521ce42e7d3e7ee720ec0a83991735586a16f82\windows-amd64;C:\Users\scher\.gradle\native\e376f236ea51e6404a007f0833ffe2c6e607c4080706a723a18a27aeea778392\windows-amd64

VM Arguments:
jvm_args: --add-opens=java.base/java.util=ALL-UNNAMED --add-opens=java.base/java.lang=ALL-UNNAMED --add-opens=java.base/java.lang.invoke=ALL-UNNAMED --add-opens=java.prefs/java.util.prefs=ALL-UNNAMED --add-opens=java.base/java.nio.charset=ALL-UNNAMED --add-opens=java.base/java.net=ALL-UNNAMED --add-opens=java.base/java.util.concurrent.atomic=ALL-UNNAMED -Xmx2048m -Dfile.encoding=UTF-8 -Duser.country=BR -Duser.language=pt -Duser.variant 
java_command: org.gradle.launcher.daemon.bootstrap.GradleDaemon 8.0
java_class_path (initial): C:\Users\scher\.gradle\wrapper\dists\gradle-8.0-bin\ca5e32bp14vu59qr306oxotwh\gradle-8.0\lib\gradle-launcher-8.0.jar
Launcher Type: SUN_STANDARD

[Global flags]
     intx CICompilerCount                          = 4                                         {product} {ergonomic}
     uint ConcGCThreads                            = 2                                         {product} {ergonomic}
     uint G1ConcRefinementThreads                  = 8                                         {product} {ergonomic}
   size_t G1HeapRegionSize                         = 1048576                                   {product} {ergonomic}
    uintx GCDrainStackTargetSize                   = 64                                        {product} {ergonomic}
   size_t InitialHeapSize                          = 134217728                                 {product} {ergonomic}
   size_t MarkStackSize                            = 4194304                                   {product} {ergonomic}
   size_t MaxHeapSize                              = 2147483648                                {product} {command line}
   size_t MaxNewSize                               = 1287651328                                {product} {ergonomic}
   size_t MinHeapDeltaBytes                        = 1048576                                   {product} {ergonomic}
   size_t MinHeapSize                              = 8388608                                   {product} {ergonomic}
    uintx NonNMethodCodeHeapSize                   = 5839372                                {pd product} {ergonomic}
    uintx NonProfiledCodeHeapSize                  = 122909434                              {pd product} {ergonomic}
    uintx ProfiledCodeHeapSize                     = 122909434                              {pd product} {ergonomic}
    uintx ReservedCodeCacheSize                    = 251658240                              {pd product} {ergonomic}
     bool SegmentedCodeCache                       = true                                      {product} {ergonomic}
   size_t SoftMaxHeapSize                          = 2147483648                             {manageable} {ergonomic}
     bool UseCompressedClassPointers               = true                           {product lp64_product} {ergonomic}
     bool UseCompressedOops                        = true                           {product lp64_product} {ergonomic}
     bool UseG1GC                                  = true                                      {product} {ergonomic}
     bool UseLargePagesIndividualAllocation        = false                                  {pd product} {ergonomic}

Logging:
Log output configuration:
 #0: stdout all=warning uptime,level,tags
 #1: stderr all=off uptime,level,tags

Environment Variables:
PATH=C:\Program Files\Common Files\Oracle\Java\javapath;C:\Program Files (x86)\Embarcadero\Studio\22.0\bin;C:\Users\Public\Documents\Embarcadero\Studio\22.0\Bpl;C:\Program Files (x86)\Embarcadero\Studio\22.0\bin64;C:\Users\Public\Documents\Embarcadero\Studio\22.0\Bpl\Win64;C:\Program Files (x86)\Embarcadero\Studio\21.0\bin;C:\Users\Public\Documents\Embarcadero\Studio\21.0\Bpl;C:\Program Files (x86)\Embarcadero\Studio\21.0\bin64;C:\Users\Public\Documents\Embarcadero\Studio\21.0\Bpl\Win64;C:\Windows\system32;C:\Windows;C:\Windows\System32\Wbem;C:\Windows\System32\WindowsPowerShell\v1.0\;C:\Windows\System32\OpenSSH\;C:\Program Files (x86)\NVIDIA Corporation\PhysX\Common;C:\Program Files\NVIDIA Corporation\NVIDIA NvDLISR;C:\WINDOWS\system32;C:\WINDOWS;C:\WINDOWS\System32\Wbem;C:\WINDOWS\System32\WindowsPowerShell\v1.0\;C:\WINDOWS\System32\OpenSSH\;C:\Program Files\dotnet\;C:\Program Files (x86)\Windows Kits\10\Windows Performance Toolkit\;C:\Program Files\Git\cmd;C:\Users\scher\AppData\Local\Microsoft\WindowsApps;;C:\Users\scher\AppData\Local\Programs\Microsoft VS Code\bin
USERNAME=scher
OS=Windows_NT
PROCESSOR_IDENTIFIER=Intel64 Family 6 Model 142 Stepping 12, GenuineIntel
TMP=C:\Users\scher\AppData\Local\Temp
TEMP=C:\Users\scher\AppData\Local\Temp


JNI global refs:
JNI global refs: 28, weak refs: 38

JNI global refs memory usage: 843, weak refs: 841


---------------  S Y S T E M  ---------------

OS:
 Windows 11 , 64 bit Build 22621 (10.0.22621.3958)
OS uptime: 0 days 14:07 hours
Hyper-V role detected

CPU: total 8 (initial active 8) (4 cores per cpu, 2 threads per core) family 6 model 142 stepping 12 microcode 0xea, cx8, cmov, fxsr, ht, mmx, 3dnowpref, sse, sse2, sse3, ssse3, sse4.1, sse4.2, popcnt, lzcnt, tsc, tscinvbit, avx, avx2, aes, erms, clmul, bmi1, bmi2, adx, fma, vzeroupper, clflush, clflushopt, hv

Memory: 4k page, system-wide physical 8072M (851M free)
TotalPageFile size 10120M (AvailPageFile size 113M)
current process WorkingSet (physical memory assigned to process): 468M, peak: 472M
current process commit charge ("private bytes"): 503M, peak: 782M

vm_info: OpenJDK 64-Bit Server VM (17.0.6+0-b2043.56-10027231) for windows-amd64 JRE (17.0.6+0-b2043.56-10027231), built on Apr 28 2023 00:43:19 by "androidbuild" with MS VC++ 16.10 / 16.11 (VS2019)

END.
