#
# There is insufficient memory for the Java Runtime Environment to continue.
# Native memory allocation (malloc) failed to allocate 754528 bytes for Chunk::new
# Possible reasons:
#   The system is out of physical RAM or swap space
#   The process is running with CompressedOops enabled, and the Java Heap may be blocking the growth of the native heap
# Possible solutions:
#   Reduce memory load on the system
#   Increase physical memory or swap space
#   Check if swap backing store is full
#   Decrease Java heap size (-Xmx/-Xms)
#   Decrease number of Java threads
#   Decrease Java thread stack sizes (-Xss)
#   Set larger code cache with -XX:ReservedCodeCacheSize=
#   JVM is running with Unscaled Compressed Oops mode in which the Java heap is
#     placed in the first 4GB address space. The Java Heap base address is the
#     maximum limit for the native heap growth. Please use -XX:HeapBaseMinAddress
#     to set the Java Heap base and to place the Java Heap above 4GB virtual address.
# This output file may be truncated or incomplete.
#
#  Out of Memory Error (arena.cpp:189), pid=8904, tid=14504
#
# JRE version: OpenJDK Runtime Environment (17.0.6) (build 17.0.6+0-b2043.56-10027231)
# Java VM: OpenJDK 64-Bit Server VM (17.0.6+0-b2043.56-10027231, mixed mode, tiered, compressed oops, compressed class ptrs, g1 gc, windows-amd64)
# No core dump will be written. Minidumps are not enabled by default on client versions of Windows
#

---------------  S U M M A R Y ------------

Command Line: --add-opens=java.base/java.util=ALL-UNNAMED --add-opens=java.base/java.lang=ALL-UNNAMED --add-opens=java.base/java.lang.invoke=ALL-UNNAMED --add-opens=java.prefs/java.util.prefs=ALL-UNNAMED --add-opens=java.base/java.nio.charset=ALL-UNNAMED --add-opens=java.base/java.net=ALL-UNNAMED --add-opens=java.base/java.util.concurrent.atomic=ALL-UNNAMED -Xmx2048m -Dfile.encoding=UTF-8 -Duser.country=BR -Duser.language=pt -Duser.variant org.gradle.launcher.daemon.bootstrap.GradleDaemon 8.0

Host: Intel(R) Core(TM) i7-8565U CPU @ 1.80GHz, 8 cores, 7G,  Windows 11 , 64 bit Build 22621 (10.0.22621.3958)
Time: Wed Aug 28 21:43:18 2024 Hora oficial do Brasil elapsed time: 3.266837 seconds (0d 0h 0m 3s)

---------------  T H R E A D  ---------------

Current thread (0x000001c0c748c920):  JavaThread "C2 CompilerThread1" daemon [_thread_in_native, id=14504, stack(0x0000002da5a00000,0x0000002da5b00000)]


Current CompileTask:
C2:   3266 3941       4       java.lang.PublicMethods::merge (81 bytes)

Stack: [0x0000002da5a00000,0x0000002da5b00000]
Native frames: (J=compiled Java code, j=interpreted, Vv=VM code, C=native code)
V  [jvm.dll+0x683c9a]
V  [jvm.dll+0x8427a4]
V  [jvm.dll+0x843f9e]
V  [jvm.dll+0x844603]
V  [jvm.dll+0x249b75]
V  [jvm.dll+0xabcac]
V  [jvm.dll+0xac27c]
V  [jvm.dll+0x368857]
V  [jvm.dll+0x332f31]
V  [jvm.dll+0x3323da]
V  [jvm.dll+0x21c201]
V  [jvm.dll+0x21b621]
V  [jvm.dll+0x1a4fdd]
V  [jvm.dll+0x22b098]
V  [jvm.dll+0x229159]
V  [jvm.dll+0x7f81ec]
V  [jvm.dll+0x7f274a]
V  [jvm.dll+0x682ad5]
C  [ucrtbase.dll+0x29333]
C  [KERNEL32.DLL+0x1257d]
C  [ntdll.dll+0x5af28]


---------------  P R O C E S S  ---------------

Threads class SMR info:
_java_thread_list=0x000001c0cc8f94d0, length=40, elements={
0x000001c0ac7be850, 0x000001c0c7015270, 0x000001c0c7015ff0, 0x000001c0c662dcd0,
0x000001c0c662e790, 0x000001c0c7038410, 0x000001c0c7038cd0, 0x000001c0c70398c0,
0x000001c0c703d6c0, 0x000001c0c703dfc0, 0x000001c0c71db010, 0x000001c0c71e1900,
0x000001c0c748c920, 0x000001c0c73f28f0, 0x000001c0c89e0d10, 0x000001c0c88e8020,
0x000001c0c944e470, 0x000001c0c9660840, 0x000001c0ca22b3d0, 0x000001c0c9b60830,
0x000001c0c9df9030, 0x000001c0ca2ae030, 0x000001c0c85a8230, 0x000001c0c89b1c30,
0x000001c0c846e3c0, 0x000001c0c84713e0, 0x000001c0c846f230, 0x000001c0c8470f10,
0x000001c0c84718b0, 0x000001c0c846ed60, 0x000001c0c846f700, 0x000001c0c846fbd0,
0x000001c0c8471d80, 0x000001c0c84700a0, 0x000001c0ccced990, 0x000001c0ccced4c0,
0x000001c0cccef1a0, 0x000001c0cccf2b60, 0x000001c0cccf3ea0, 0x000001c0cccf2690
}

Java Threads: ( => current thread )
  0x000001c0ac7be850 JavaThread "main" [_thread_blocked, id=10320, stack(0x0000002da4700000,0x0000002da4800000)]
  0x000001c0c7015270 JavaThread "Reference Handler" daemon [_thread_blocked, id=2744, stack(0x0000002da4e00000,0x0000002da4f00000)]
  0x000001c0c7015ff0 JavaThread "Finalizer" daemon [_thread_blocked, id=13968, stack(0x0000002da4f00000,0x0000002da5000000)]
  0x000001c0c662dcd0 JavaThread "Signal Dispatcher" daemon [_thread_blocked, id=13392, stack(0x0000002da5000000,0x0000002da5100000)]
  0x000001c0c662e790 JavaThread "Attach Listener" daemon [_thread_blocked, id=6552, stack(0x0000002da5100000,0x0000002da5200000)]
  0x000001c0c7038410 JavaThread "Service Thread" daemon [_thread_blocked, id=10692, stack(0x0000002da5200000,0x0000002da5300000)]
  0x000001c0c7038cd0 JavaThread "Monitor Deflation Thread" daemon [_thread_blocked, id=8028, stack(0x0000002da5300000,0x0000002da5400000)]
  0x000001c0c70398c0 JavaThread "C2 CompilerThread0" daemon [_thread_in_native, id=16204, stack(0x0000002da5400000,0x0000002da5500000)]
  0x000001c0c703d6c0 JavaThread "C1 CompilerThread0" daemon [_thread_blocked, id=4260, stack(0x0000002da5500000,0x0000002da5600000)]
  0x000001c0c703dfc0 JavaThread "Sweeper thread" daemon [_thread_blocked, id=14660, stack(0x0000002da5600000,0x0000002da5700000)]
  0x000001c0c71db010 JavaThread "Common-Cleaner" daemon [_thread_blocked, id=17360, stack(0x0000002da5700000,0x0000002da5800000)]
  0x000001c0c71e1900 JavaThread "Notification Thread" daemon [_thread_blocked, id=3812, stack(0x0000002da5800000,0x0000002da5900000)]
=>0x000001c0c748c920 JavaThread "C2 CompilerThread1" daemon [_thread_in_native, id=14504, stack(0x0000002da5a00000,0x0000002da5b00000)]
  0x000001c0c73f28f0 JavaThread "C2 CompilerThread2" daemon [_thread_in_native, id=13308, stack(0x0000002da5b00000,0x0000002da5c00000)]
  0x000001c0c89e0d10 JavaThread "Daemon health stats" [_thread_blocked, id=10328, stack(0x0000002da6000000,0x0000002da6100000)]
  0x000001c0c88e8020 JavaThread "Incoming local TCP Connector on port 53102" [_thread_in_native, id=16724, stack(0x0000002da6100000,0x0000002da6200000)]
  0x000001c0c944e470 JavaThread "Daemon periodic checks" [_thread_blocked, id=13480, stack(0x0000002da6200000,0x0000002da6300000)]
  0x000001c0c9660840 JavaThread "Daemon" [_thread_blocked, id=1416, stack(0x0000002da6300000,0x0000002da6400000)]
  0x000001c0ca22b3d0 JavaThread "Handler for socket connection from /127.0.0.1:53102 to /127.0.0.1:53103" [_thread_in_native, id=15856, stack(0x0000002da6400000,0x0000002da6500000)]
  0x000001c0c9b60830 JavaThread "Cancel handler" [_thread_blocked, id=5728, stack(0x0000002da6500000,0x0000002da6600000)]
  0x000001c0c9df9030 JavaThread "Daemon worker" [_thread_in_native, id=10180, stack(0x0000002da6600000,0x0000002da6700000)]
  0x000001c0ca2ae030 JavaThread "Asynchronous log dispatcher for DefaultDaemonConnection: socket connection from /127.0.0.1:53102 to /127.0.0.1:53103" [_thread_blocked, id=11760, stack(0x0000002da6700000,0x0000002da6800000)]
  0x000001c0c85a8230 JavaThread "Stdin handler" [_thread_blocked, id=10096, stack(0x0000002da6800000,0x0000002da6900000)]
  0x000001c0c89b1c30 JavaThread "Daemon client event forwarder" [_thread_blocked, id=8368, stack(0x0000002da6900000,0x0000002da6a00000)]
  0x000001c0c846e3c0 JavaThread "Cache worker for journal cache (C:\Users\scher\.gradle\caches\journal-1)" [_thread_blocked, id=16440, stack(0x0000002da6e00000,0x0000002da6f00000)]
  0x000001c0c84713e0 JavaThread "File lock request listener" [_thread_in_native, id=15228, stack(0x0000002da6f00000,0x0000002da7000000)]
  0x000001c0c846f230 JavaThread "Cache worker for file hash cache (C:\Users\scher\.gradle\caches\8.0\fileHashes)" [_thread_blocked, id=4456, stack(0x0000002da7000000,0x0000002da7100000)]
  0x000001c0c8470f10 JavaThread "File watcher server" daemon [_thread_in_native, id=10700, stack(0x0000002da7100000,0x0000002da7200000)]
  0x000001c0c84718b0 JavaThread "File watcher consumer" daemon [_thread_blocked, id=17076, stack(0x0000002da7200000,0x0000002da7300000)]
  0x000001c0c846ed60 JavaThread "Cache worker for checksums cache (C:\Users\scher\Documents\PROJETOS ANDROID\RECICLAAI\.gradle\8.0\checksums)" [_thread_blocked, id=17164, stack(0x0000002da7300000,0x0000002da7400000)]
  0x000001c0c846f700 JavaThread "Cache worker for cache directory md-rule (C:\Users\scher\.gradle\caches\8.0\md-rule)" [_thread_blocked, id=11320, stack(0x0000002da7400000,0x0000002da7500000)]
  0x000001c0c846fbd0 JavaThread "Cache worker for file content cache (C:\Users\scher\.gradle\caches\8.0\fileContent)" [_thread_blocked, id=16784, stack(0x0000002da7500000,0x0000002da7600000)]
  0x000001c0c8471d80 JavaThread "Cache worker for file hash cache (C:\Users\scher\Documents\PROJETOS ANDROID\RECICLAAI\.gradle\8.0\fileHashes)" [_thread_blocked, id=16984, stack(0x0000002da7600000,0x0000002da7700000)]
  0x000001c0c84700a0 JavaThread "Cache worker for cache directory md-supplier (C:\Users\scher\.gradle\caches\8.0\md-supplier)" [_thread_blocked, id=15336, stack(0x0000002da7700000,0x0000002da7800000)]
  0x000001c0ccced990 JavaThread "Cache worker for execution history cache (C:\Users\scher\.gradle\caches\8.0\executionHistory)" [_thread_blocked, id=16696, stack(0x0000002da7800000,0x0000002da7900000)]
  0x000001c0ccced4c0 JavaThread "jar transforms" [_thread_blocked, id=8052, stack(0x0000002da7900000,0x0000002da7a00000)]
  0x000001c0cccef1a0 JavaThread "jar transforms Thread 2" [_thread_blocked, id=11120, stack(0x0000002da7a00000,0x0000002da7b00000)]
  0x000001c0cccf2b60 JavaThread "jar transforms Thread 3" [_thread_blocked, id=14316, stack(0x0000002da7b00000,0x0000002da7c00000)]
  0x000001c0cccf3ea0 JavaThread "jar transforms Thread 4" [_thread_blocked, id=16996, stack(0x0000002da7e00000,0x0000002da7f00000)]
  0x000001c0cccf2690 JavaThread "Cache worker for dependencies-accessors (C:\Users\scher\Documents\PROJETOS ANDROID\RECICLAAI\.gradle\8.0\dependencies-accessors)" [_thread_blocked, id=11724, stack(0x0000002da7f00000,0x0000002da8000000)]

Other Threads:
  0x000001c0c6612920 VMThread "VM Thread" [stack: 0x0000002da4d00000,0x0000002da4e00000] [id=8612]
  0x000001c0c71c7010 WatcherThread [stack: 0x0000002da5900000,0x0000002da5a00000] [id=15896]
  0x000001c0ac81c920 GCTaskThread "GC Thread#0" [stack: 0x0000002da4800000,0x0000002da4900000] [id=4008]
  0x000001c0c743c780 GCTaskThread "GC Thread#1" [stack: 0x0000002da5c00000,0x0000002da5d00000] [id=1536]
  0x000001c0c78d0de0 GCTaskThread "GC Thread#2" [stack: 0x0000002da5d00000,0x0000002da5e00000] [id=13980]
  0x000001c0c7eb0df0 GCTaskThread "GC Thread#3" [stack: 0x0000002da5e00000,0x0000002da5f00000] [id=8704]
  0x000001c0c86d4c00 GCTaskThread "GC Thread#4" [stack: 0x0000002da5f00000,0x0000002da6000000] [id=16520]
  0x000001c0c8a21f20 GCTaskThread "GC Thread#5" [stack: 0x0000002da6a00000,0x0000002da6b00000] [id=3436]
  0x000001c0c8623ba0 GCTaskThread "GC Thread#6" [stack: 0x0000002da6b00000,0x0000002da6c00000] [id=13780]
  0x000001c0ca2ae500 GCTaskThread "GC Thread#7" [stack: 0x0000002da6c00000,0x0000002da6d00000] [id=17392]
  0x000001c0ac82e780 ConcurrentGCThread "G1 Main Marker" [stack: 0x0000002da4900000,0x0000002da4a00000] [id=16096]
  0x000001c0ac82f0a0 ConcurrentGCThread "G1 Conc#0" [stack: 0x0000002da4a00000,0x0000002da4b00000] [id=15716]
  0x000001c0c8476bf0 ConcurrentGCThread "G1 Conc#1" [stack: 0x0000002da6d00000,0x0000002da6e00000] [id=2332]
  0x000001c0ac87dd00 ConcurrentGCThread "G1 Refine#0" [stack: 0x0000002da4b00000,0x0000002da4c00000] [id=17228]
  0x000001c0c8a502f0 ConcurrentGCThread "G1 Refine#1" [stack: 0x0000002da7c00000,0x0000002da7d00000] [id=8692]
  0x000001c0c8a505d0 ConcurrentGCThread "G1 Refine#2" [stack: 0x0000002da7d00000,0x0000002da7e00000] [id=17288]
  0x000001c0ac87e630 ConcurrentGCThread "G1 Service" [stack: 0x0000002da4c00000,0x0000002da4d00000] [id=12976]

Threads with active compile tasks:
C2 CompilerThread0     3281 3879       4       org.objectweb.asm.Frame::execute (2318 bytes)
C2 CompilerThread1     3281 3941       4       java.lang.PublicMethods::merge (81 bytes)
C2 CompilerThread2     3281 3948       4       java.io.WinNTFileSystem::normalize (224 bytes)

VM state: not at safepoint (normal execution)

VM Mutex/Monitor currently owned by a thread: None

Heap address: 0x0000000080000000, size: 2048 MB, Compressed Oops mode: 32-bit

CDS archive(s) not mapped
Compressed class space mapped at: 0x0000000100000000-0x0000000140000000, reserved size: 1073741824
Narrow klass base: 0x0000000000000000, Narrow klass shift: 3, Narrow klass range: 0x140000000

GC Precious Log:
 CPUs: 8 total, 8 available
 Memory: 8072M
 Large Page Support: Disabled
 NUMA Support: Disabled
 Compressed Oops: Enabled (32-bit)
 Heap Region Size: 1M
 Heap Min Capacity: 8M
 Heap Initial Capacity: 128M
 Heap Max Capacity: 2G
 Pre-touch: Disabled
 Parallel Workers: 8
 Concurrent Workers: 2
 Concurrent Refinement Workers: 8
 Periodic GC: Disabled

Heap:
 garbage-first heap   total 92160K, used 51746K [0x0000000080000000, 0x0000000100000000)
  region size 1024K, 29 young (29696K), 7 survivors (7168K)
 Metaspace       used 44707K, committed 45120K, reserved 1089536K
  class space    used 5918K, committed 6080K, reserved 1048576K

Heap Regions: E=young(eden), S=young(survivor), O=old, HS=humongous(starts), HC=humongous(continues), CS=collection set, F=free, OA=open archive, CA=closed archive, TAMS=top-at-mark-start (previous, next)
|   0|0x0000000080000000, 0x0000000080100000, 0x0000000080100000|100%|HS|  |TAMS 0x0000000080100000, 0x0000000080000000| Complete 
|   1|0x0000000080100000, 0x0000000080200000, 0x0000000080200000|100%|HC|  |TAMS 0x0000000080200000, 0x0000000080100000| Complete 
|   2|0x0000000080200000, 0x0000000080300000, 0x0000000080300000|100%|HC|  |TAMS 0x0000000080300000, 0x0000000080200000| Complete 
|   3|0x0000000080300000, 0x0000000080400000, 0x0000000080400000|100%|HC|  |TAMS 0x0000000080400000, 0x0000000080300000| Complete 
|   4|0x0000000080400000, 0x0000000080500000, 0x0000000080500000|100%| O|  |TAMS 0x0000000080500000, 0x0000000080400000| Untracked 
|   5|0x0000000080500000, 0x0000000080600000, 0x0000000080600000|100%| O|  |TAMS 0x0000000080600000, 0x0000000080500000| Untracked 
|   6|0x0000000080600000, 0x0000000080700000, 0x0000000080700000|100%| O|  |TAMS 0x0000000080700000, 0x0000000080600000| Untracked 
|   7|0x0000000080700000, 0x0000000080800000, 0x0000000080800000|100%| O|  |TAMS 0x0000000080800000, 0x0000000080700000| Untracked 
|   8|0x0000000080800000, 0x0000000080900000, 0x0000000080900000|100%| O|  |TAMS 0x0000000080900000, 0x0000000080800000| Untracked 
|   9|0x0000000080900000, 0x0000000080a00000, 0x0000000080a00000|100%| O|  |TAMS 0x0000000080a00000, 0x0000000080900000| Untracked 
|  10|0x0000000080a00000, 0x0000000080b00000, 0x0000000080b00000|100%| O|  |TAMS 0x0000000080b00000, 0x0000000080a00000| Untracked 
|  11|0x0000000080b00000, 0x0000000080b00000, 0x0000000080c00000|  0%| F|  |TAMS 0x0000000080b00000, 0x0000000080b00000| Untracked 
|  12|0x0000000080c00000, 0x0000000080d00000, 0x0000000080d00000|100%| O|  |TAMS 0x0000000080d00000, 0x0000000080c00000| Untracked 
|  13|0x0000000080d00000, 0x0000000080e00000, 0x0000000080e00000|100%| O|  |TAMS 0x0000000080e00000, 0x0000000080d00000| Untracked 
|  14|0x0000000080e00000, 0x0000000080f00000, 0x0000000080f00000|100%| O|  |TAMS 0x0000000080f00000, 0x0000000080e00000| Untracked 
|  15|0x0000000080f00000, 0x0000000081000000, 0x0000000081000000|100%| O|  |TAMS 0x0000000081000000, 0x0000000080f00000| Untracked 
|  16|0x0000000081000000, 0x0000000081100000, 0x0000000081100000|100%| O|  |TAMS 0x0000000081100000, 0x0000000081000000| Untracked 
|  17|0x0000000081100000, 0x0000000081200000, 0x0000000081200000|100%| O|  |TAMS 0x0000000081200000, 0x0000000081100000| Untracked 
|  18|0x0000000081200000, 0x0000000081300000, 0x0000000081300000|100%| O|  |TAMS 0x0000000081300000, 0x0000000081200000| Untracked 
|  19|0x0000000081300000, 0x0000000081400000, 0x0000000081400000|100%| O|  |TAMS 0x0000000081400000, 0x0000000081300000| Untracked 
|  20|0x0000000081400000, 0x0000000081500000, 0x0000000081500000|100%| O|  |TAMS 0x0000000081500000, 0x0000000081400000| Untracked 
|  21|0x0000000081500000, 0x0000000081511a00, 0x0000000081600000|  6%| O|  |TAMS 0x0000000081511a00, 0x0000000081500000| Untracked 
|  22|0x0000000081600000, 0x0000000081600000, 0x0000000081700000|  0%| F|  |TAMS 0x0000000081600000, 0x0000000081600000| Untracked 
|  23|0x0000000081700000, 0x0000000081700000, 0x0000000081800000|  0%| F|  |TAMS 0x0000000081700000, 0x0000000081700000| Untracked 
|  24|0x0000000081800000, 0x0000000081900000, 0x0000000081900000|100%| O|  |TAMS 0x0000000081800000, 0x0000000081800000| Untracked 
|  25|0x0000000081900000, 0x0000000081a00000, 0x0000000081a00000|100%| O|  |TAMS 0x0000000081900000, 0x0000000081900000| Untracked 
|  26|0x0000000081a00000, 0x0000000081a76e00, 0x0000000081b00000| 46%| O|  |TAMS 0x0000000081a00000, 0x0000000081a00000| Untracked 
|  27|0x0000000081b00000, 0x0000000081b00000, 0x0000000081c00000|  0%| F|  |TAMS 0x0000000081b00000, 0x0000000081b00000| Untracked 
|  28|0x0000000081c00000, 0x0000000081c00000, 0x0000000081d00000|  0%| F|  |TAMS 0x0000000081c00000, 0x0000000081c00000| Untracked 
|  29|0x0000000081d00000, 0x0000000081d00000, 0x0000000081e00000|  0%| F|  |TAMS 0x0000000081d00000, 0x0000000081d00000| Untracked 
|  30|0x0000000081e00000, 0x0000000081f00000, 0x0000000081f00000|100%| S|CS|TAMS 0x0000000081e00000, 0x0000000081e00000| Complete 
|  31|0x0000000081f00000, 0x0000000082000000, 0x0000000082000000|100%| S|CS|TAMS 0x0000000081f00000, 0x0000000081f00000| Complete 
|  32|0x0000000082000000, 0x0000000082100000, 0x0000000082100000|100%| S|CS|TAMS 0x0000000082000000, 0x0000000082000000| Complete 
|  33|0x0000000082100000, 0x0000000082200000, 0x0000000082200000|100%| S|CS|TAMS 0x0000000082100000, 0x0000000082100000| Complete 
|  34|0x0000000082200000, 0x0000000082300000, 0x0000000082300000|100%| S|CS|TAMS 0x0000000082200000, 0x0000000082200000| Complete 
|  35|0x0000000082300000, 0x0000000082400000, 0x0000000082400000|100%| S|CS|TAMS 0x0000000082300000, 0x0000000082300000| Complete 
|  36|0x0000000082400000, 0x0000000082500000, 0x0000000082500000|100%| S|CS|TAMS 0x0000000082400000, 0x0000000082400000| Complete 
|  37|0x0000000082500000, 0x0000000082500000, 0x0000000082600000|  0%| F|  |TAMS 0x0000000082500000, 0x0000000082500000| Untracked 
|  38|0x0000000082600000, 0x0000000082600000, 0x0000000082700000|  0%| F|  |TAMS 0x0000000082600000, 0x0000000082600000| Untracked 
|  39|0x0000000082700000, 0x0000000082700000, 0x0000000082800000|  0%| F|  |TAMS 0x0000000082700000, 0x0000000082700000| Untracked 
|  40|0x0000000082800000, 0x0000000082800000, 0x0000000082900000|  0%| F|  |TAMS 0x0000000082800000, 0x0000000082800000| Untracked 
|  41|0x0000000082900000, 0x0000000082900000, 0x0000000082a00000|  0%| F|  |TAMS 0x0000000082900000, 0x0000000082900000| Untracked 
|  42|0x0000000082a00000, 0x0000000082a00000, 0x0000000082b00000|  0%| F|  |TAMS 0x0000000082a00000, 0x0000000082a00000| Untracked 
|  43|0x0000000082b00000, 0x0000000082b00000, 0x0000000082c00000|  0%| F|  |TAMS 0x0000000082b00000, 0x0000000082b00000| Untracked 
|  44|0x0000000082c00000, 0x0000000082c00000, 0x0000000082d00000|  0%| F|  |TAMS 0x0000000082c00000, 0x0000000082c00000| Untracked 
|  45|0x0000000082d00000, 0x0000000082d00000, 0x0000000082e00000|  0%| F|  |TAMS 0x0000000082d00000, 0x0000000082d00000| Untracked 
|  46|0x0000000082e00000, 0x0000000082e00000, 0x0000000082f00000|  0%| F|  |TAMS 0x0000000082e00000, 0x0000000082e00000| Untracked 
|  47|0x0000000082f00000, 0x0000000082f00000, 0x0000000083000000|  0%| F|  |TAMS 0x0000000082f00000, 0x0000000082f00000| Untracked 
|  48|0x0000000083000000, 0x0000000083000000, 0x0000000083100000|  0%| F|  |TAMS 0x0000000083000000, 0x0000000083000000| Untracked 
|  49|0x0000000083100000, 0x0000000083100000, 0x0000000083200000|  0%| F|  |TAMS 0x0000000083100000, 0x0000000083100000| Untracked 
|  50|0x0000000083200000, 0x0000000083200000, 0x0000000083300000|  0%| F|  |TAMS 0x0000000083200000, 0x0000000083200000| Untracked 
|  51|0x0000000083300000, 0x0000000083300000, 0x0000000083400000|  0%| F|  |TAMS 0x0000000083300000, 0x0000000083300000| Untracked 
|  52|0x0000000083400000, 0x0000000083400000, 0x0000000083500000|  0%| F|  |TAMS 0x0000000083400000, 0x0000000083400000| Untracked 
|  53|0x0000000083500000, 0x0000000083500000, 0x0000000083600000|  0%| F|  |TAMS 0x0000000083500000, 0x0000000083500000| Untracked 
|  54|0x0000000083600000, 0x0000000083600000, 0x0000000083700000|  0%| F|  |TAMS 0x0000000083600000, 0x0000000083600000| Untracked 
|  55|0x0000000083700000, 0x0000000083700000, 0x0000000083800000|  0%| F|  |TAMS 0x0000000083700000, 0x0000000083700000| Untracked 
|  56|0x0000000083800000, 0x0000000083800000, 0x0000000083900000|  0%| F|  |TAMS 0x0000000083800000, 0x0000000083800000| Untracked 
|  57|0x0000000083900000, 0x0000000083900000, 0x0000000083a00000|  0%| F|  |TAMS 0x0000000083900000, 0x0000000083900000| Untracked 
|  58|0x0000000083a00000, 0x0000000083a00000, 0x0000000083b00000|  0%| F|  |TAMS 0x0000000083a00000, 0x0000000083a00000| Untracked 
|  59|0x0000000083b00000, 0x0000000083b00000, 0x0000000083c00000|  0%| F|  |TAMS 0x0000000083b00000, 0x0000000083b00000| Untracked 
|  60|0x0000000083c00000, 0x0000000083c00000, 0x0000000083d00000|  0%| F|  |TAMS 0x0000000083c00000, 0x0000000083c00000| Untracked 
|  61|0x0000000083d00000, 0x0000000083d00000, 0x0000000083e00000|  0%| F|  |TAMS 0x0000000083d00000, 0x0000000083d00000| Untracked 
|  62|0x0000000083e00000, 0x0000000083e00000, 0x0000000083f00000|  0%| F|  |TAMS 0x0000000083e00000, 0x0000000083e00000| Untracked 
|  63|0x0000000083f00000, 0x0000000083f00000, 0x0000000084000000|  0%| F|  |TAMS 0x0000000083f00000, 0x0000000083f00000| Untracked 
|  64|0x0000000084000000, 0x0000000084000000, 0x0000000084100000|  0%| F|  |TAMS 0x0000000084000000, 0x0000000084000000| Untracked 
|  65|0x0000000084100000, 0x0000000084100000, 0x0000000084200000|  0%| F|  |TAMS 0x0000000084100000, 0x0000000084100000| Untracked 
|  66|0x0000000084200000, 0x0000000084200000, 0x0000000084300000|  0%| F|  |TAMS 0x0000000084200000, 0x0000000084200000| Untracked 
|  67|0x0000000084300000, 0x0000000084300000, 0x0000000084400000|  0%| F|  |TAMS 0x0000000084300000, 0x0000000084300000| Untracked 
|  68|0x0000000084400000, 0x0000000084500000, 0x0000000084500000|100%| E|  |TAMS 0x0000000084400000, 0x0000000084400000| Complete 
|  69|0x0000000084500000, 0x0000000084600000, 0x0000000084600000|100%| E|CS|TAMS 0x0000000084500000, 0x0000000084500000| Complete 
|  70|0x0000000084600000, 0x0000000084700000, 0x0000000084700000|100%| E|CS|TAMS 0x0000000084600000, 0x0000000084600000| Complete 
|  71|0x0000000084700000, 0x0000000084800000, 0x0000000084800000|100%| E|CS|TAMS 0x0000000084700000, 0x0000000084700000| Complete 
|  72|0x0000000084800000, 0x0000000084900000, 0x0000000084900000|100%| E|CS|TAMS 0x0000000084800000, 0x0000000084800000| Complete 
|  73|0x0000000084900000, 0x0000000084a00000, 0x0000000084a00000|100%| E|CS|TAMS 0x0000000084900000, 0x0000000084900000| Complete 
|  74|0x0000000084a00000, 0x0000000084b00000, 0x0000000084b00000|100%| E|CS|TAMS 0x0000000084a00000, 0x0000000084a00000| Complete 
|  75|0x0000000084b00000, 0x0000000084c00000, 0x0000000084c00000|100%| E|CS|TAMS 0x0000000084b00000, 0x0000000084b00000| Complete 
|  76|0x0000000084c00000, 0x0000000084d00000, 0x0000000084d00000|100%| E|CS|TAMS 0x0000000084c00000, 0x0000000084c00000| Complete 
|  77|0x0000000084d00000, 0x0000000084e00000, 0x0000000084e00000|100%| E|CS|TAMS 0x0000000084d00000, 0x0000000084d00000| Complete 
|  78|0x0000000084e00000, 0x0000000084f00000, 0x0000000084f00000|100%| E|CS|TAMS 0x0000000084e00000, 0x0000000084e00000| Complete 
|  79|0x0000000084f00000, 0x0000000085000000, 0x0000000085000000|100%| E|CS|TAMS 0x0000000084f00000, 0x0000000084f00000| Complete 
|  80|0x0000000085000000, 0x0000000085100000, 0x0000000085100000|100%| E|CS|TAMS 0x0000000085000000, 0x0000000085000000| Complete 
|  81|0x0000000085100000, 0x0000000085200000, 0x0000000085200000|100%| E|CS|TAMS 0x0000000085100000, 0x0000000085100000| Complete 
|  82|0x0000000085200000, 0x0000000085300000, 0x0000000085300000|100%| E|CS|TAMS 0x0000000085200000, 0x0000000085200000| Complete 
|  83|0x0000000085300000, 0x0000000085400000, 0x0000000085400000|100%| E|CS|TAMS 0x0000000085300000, 0x0000000085300000| Complete 
|  84|0x0000000085400000, 0x0000000085500000, 0x0000000085500000|100%| E|CS|TAMS 0x0000000085400000, 0x0000000085400000| Complete 
|  85|0x0000000085500000, 0x0000000085600000, 0x0000000085600000|100%| E|CS|TAMS 0x0000000085500000, 0x0000000085500000| Complete 
|  86|0x0000000085600000, 0x0000000085700000, 0x0000000085700000|100%| E|CS|TAMS 0x0000000085600000, 0x0000000085600000| Complete 
|  87|0x0000000085700000, 0x0000000085800000, 0x0000000085800000|100%| E|CS|TAMS 0x0000000085700000, 0x0000000085700000| Complete 
|  94|0x0000000085e00000, 0x0000000085f00000, 0x0000000085f00000|100%| E|CS|TAMS 0x0000000085e00000, 0x0000000085e00000| Complete 
| 127|0x0000000087f00000, 0x0000000088000000, 0x0000000088000000|100%| E|CS|TAMS 0x0000000087f00000, 0x0000000087f00000| Complete 

Card table byte_map: [0x000001c0bf3b0000,0x000001c0bf7b0000] _byte_map_base: 0x000001c0befb0000

Marking Bits (Prev, Next): (CMBitMap*) 0x000001c0ac81de50, (CMBitMap*) 0x000001c0ac81de90
 Prev Bits: [0x000001c0bfbb0000, 0x000001c0c1bb0000)
 Next Bits: [0x000001c0c1bb0000, 0x000001c0c3bb0000)

Polling page: 0x000001c0aa740000

Metaspace:

Usage:
  Non-class:     37.92 MB used.
      Class:      5.78 MB used.
       Both:     43.70 MB used.

Virtual space:
  Non-class space:       40.00 MB reserved,      38.12 MB ( 95%) committed,  5 nodes.
      Class space:        1.00 GB reserved,       5.94 MB ( <1%) committed,  1 nodes.
             Both:        1.04 GB reserved,      44.06 MB (  4%) committed. 

Chunk freelists:
   Non-Class:  1.47 MB
       Class:  2.00 MB
        Both:  3.47 MB

MaxMetaspaceSize: unlimited
CompressedClassSpaceSize: 1.00 GB
Initial GC threshold: 21.00 MB
Current GC threshold: 59.00 MB
CDS: off
MetaspaceReclaimPolicy: balanced
 - commit_granule_bytes: 65536.
 - commit_granule_words: 8192.
 - virtual_space_node_default_size: 1048576.
 - enlarge_chunks_in_place: 1.
 - new_chunks_are_fully_committed: 0.
 - uncommit_free_chunks: 1.
 - use_allocation_guard: 0.
 - handle_deallocations: 1.


Internal statistics:

num_allocs_failed_limit: 6.
num_arena_births: 356.
num_arena_deaths: 0.
num_vsnodes_births: 6.
num_vsnodes_deaths: 0.
num_space_committed: 705.
num_space_uncommitted: 0.
num_chunks_returned_to_freelist: 6.
num_chunks_taken_from_freelist: 1663.
num_chunk_merges: 6.
num_chunk_splits: 1103.
num_chunks_enlarged: 773.
num_purges: 0.
num_inconsistent_stats: 0.

CodeHeap 'non-profiled nmethods': size=120000Kb used=2374Kb max_used=2374Kb free=117625Kb
 bounds [0x000001c0b7750000, 0x000001c0b79c0000, 0x000001c0bec80000]
CodeHeap 'profiled nmethods': size=120000Kb used=8159Kb max_used=8159Kb free=111840Kb
 bounds [0x000001c0afc80000, 0x000001c0b0480000, 0x000001c0b71b0000]
CodeHeap 'non-nmethods': size=5760Kb used=2288Kb max_used=2351Kb free=3471Kb
 bounds [0x000001c0b71b0000, 0x000001c0b7420000, 0x000001c0b7750000]
 total_blobs=4763 nmethods=3967 adapters=708
 compilation: enabled
              stopped_count=0, restarted_count=0
 full_count=0

Compilation events (20 events):
Event: 3.246 Thread 0x000001c0c703d6c0 3958       3       jdk.internal.reflect.ClassFileAssembler::emitConstantPoolNameAndType (28 bytes)
Event: 3.246 Thread 0x000001c0c703d6c0 nmethod 3958 0x000001c0b046f710 code [0x000001c0b046f940, 0x000001c0b046ffa8]
Event: 3.247 Thread 0x000001c0c703d6c0 3959       3       org.gradle.internal.operations.OperationIdentifier::hashCode (14 bytes)
Event: 3.247 Thread 0x000001c0c703d6c0 nmethod 3959 0x000001c0b0470310 code [0x000001c0b04704a0, 0x000001c0b04705b8]
Event: 3.247 Thread 0x000001c0c703d6c0 3960  s    3       java.io.DataOutputStream::write (16 bytes)
Event: 3.247 Thread 0x000001c0c703d6c0 nmethod 3960 0x000001c0b0470690 code [0x000001c0b0470840, 0x000001c0b0470b68]
Event: 3.248 Thread 0x000001c0c703d6c0 3961       3       jdk.internal.reflect.ClassFileAssembler::emitConstantPoolClass (23 bytes)
Event: 3.248 Thread 0x000001c0c703d6c0 nmethod 3961 0x000001c0b0470c90 code [0x000001c0b0470e80, 0x000001c0b04712a8]
Event: 3.251 Thread 0x000001c0c703d6c0 3963       3       sun.reflect.generics.scope.AbstractScope::lookup (66 bytes)
Event: 3.251 Thread 0x000001c0c703d6c0 nmethod 3963 0x000001c0b0471510 code [0x000001c0b0471720, 0x000001c0b0471e98]
Event: 3.253 Thread 0x000001c0c703d6c0 3964       3       java.lang.Long::bitCount (61 bytes)
Event: 3.253 Thread 0x000001c0c703d6c0 nmethod 3964 0x000001c0b0472190 code [0x000001c0b0472320, 0x000001c0b0472498]
Event: 3.255 Thread 0x000001c0c703d6c0 3966       3       sun.reflect.generics.parser.SignatureParser::parseTypeVariableSignature (95 bytes)
Event: 3.255 Thread 0x000001c0c703d6c0 nmethod 3966 0x000001c0b0472510 code [0x000001c0b04727e0, 0x000001c0b04732c8]
Event: 3.258 Thread 0x000001c0c73f28f0 nmethod 3728 0x000001c0b7996110 code [0x000001c0b7996700, 0x000001c0b799d918]
Event: 3.259 Thread 0x000001c0c73f28f0 3948       4       java.io.WinNTFileSystem::normalize (224 bytes)
Event: 3.261 Thread 0x000001c0c703d6c0 3967       3       com.google.common.cache.LocalCache::expiresAfterWrite (15 bytes)
Event: 3.261 Thread 0x000001c0c703d6c0 nmethod 3967 0x000001c0b0473710 code [0x000001c0b04738a0, 0x000001c0b0473a18]
Event: 3.262 Thread 0x000001c0c703d6c0 3968       3       sun.reflect.generics.reflectiveObjects.LazyReflectiveObjectGenerator::reifyBounds (51 bytes)
Event: 3.262 Thread 0x000001c0c703d6c0 nmethod 3968 0x000001c0b0473a90 code [0x000001c0b0473c80, 0x000001c0b04744c8]

GC Heap History (16 events):
Event: 0.517 GC heap before
{Heap before GC invocations=0 (full 0):
 garbage-first heap   total 131072K, used 26624K [0x0000000080000000, 0x0000000100000000)
  region size 1024K, 23 young (23552K), 0 survivors (0K)
 Metaspace       used 10274K, committed 10432K, reserved 1064960K
  class space    used 1061K, committed 1152K, reserved 1048576K
}
Event: 0.521 GC heap after
{Heap after GC invocations=1 (full 0):
 garbage-first heap   total 131072K, used 10368K [0x0000000080000000, 0x0000000100000000)
  region size 1024K, 3 young (3072K), 3 survivors (3072K)
 Metaspace       used 10274K, committed 10432K, reserved 1064960K
  class space    used 1061K, committed 1152K, reserved 1048576K
}
Event: 0.798 GC heap before
{Heap before GC invocations=1 (full 0):
 garbage-first heap   total 131072K, used 40064K [0x0000000080000000, 0x0000000100000000)
  region size 1024K, 32 young (32768K), 3 survivors (3072K)
 Metaspace       used 11217K, committed 11456K, reserved 1064960K
  class space    used 1164K, committed 1280K, reserved 1048576K
}
Event: 0.803 GC heap after
{Heap after GC invocations=2 (full 0):
 garbage-first heap   total 131072K, used 14571K [0x0000000080000000, 0x0000000100000000)
  region size 1024K, 4 young (4096K), 4 survivors (4096K)
 Metaspace       used 11217K, committed 11456K, reserved 1064960K
  class space    used 1164K, committed 1280K, reserved 1048576K
}
Event: 1.421 GC heap before
{Heap before GC invocations=2 (full 0):
 garbage-first heap   total 131072K, used 50411K [0x0000000080000000, 0x0000000100000000)
  region size 1024K, 40 young (40960K), 4 survivors (4096K)
 Metaspace       used 21217K, committed 21504K, reserved 1073152K
  class space    used 2585K, committed 2752K, reserved 1048576K
}
Event: 1.426 GC heap after
{Heap after GC invocations=3 (full 0):
 garbage-first heap   total 131072K, used 18539K [0x0000000080000000, 0x0000000100000000)
  region size 1024K, 8 young (8192K), 8 survivors (8192K)
 Metaspace       used 21217K, committed 21504K, reserved 1073152K
  class space    used 2585K, committed 2752K, reserved 1048576K
}
Event: 1.872 GC heap before
{Heap before GC invocations=4 (full 0):
 garbage-first heap   total 68608K, used 50283K [0x0000000080000000, 0x0000000100000000)
  region size 1024K, 40 young (40960K), 8 survivors (8192K)
 Metaspace       used 26356K, committed 26688K, reserved 1073152K
  class space    used 3476K, committed 3584K, reserved 1048576K
}
Event: 1.879 GC heap after
{Heap after GC invocations=5 (full 0):
 garbage-first heap   total 68608K, used 20615K [0x0000000080000000, 0x0000000100000000)
  region size 1024K, 3 young (3072K), 3 survivors (3072K)
 Metaspace       used 26356K, committed 26688K, reserved 1073152K
  class space    used 3476K, committed 3584K, reserved 1048576K
}
Event: 1.891 GC heap before
{Heap before GC invocations=5 (full 0):
 garbage-first heap   total 68608K, used 21639K [0x0000000080000000, 0x0000000100000000)
  region size 1024K, 4 young (4096K), 3 survivors (3072K)
 Metaspace       used 26531K, committed 26880K, reserved 1073152K
  class space    used 3504K, committed 3648K, reserved 1048576K
}
Event: 1.893 GC heap after
{Heap after GC invocations=6 (full 0):
 garbage-first heap   total 68608K, used 20915K [0x0000000080000000, 0x0000000100000000)
  region size 1024K, 1 young (1024K), 1 survivors (1024K)
 Metaspace       used 26531K, committed 26880K, reserved 1073152K
  class space    used 3504K, committed 3648K, reserved 1048576K
}
Event: 2.220 GC heap before
{Heap before GC invocations=6 (full 0):
 garbage-first heap   total 68608K, used 46515K [0x0000000080000000, 0x0000000100000000)
  region size 1024K, 26 young (26624K), 1 survivors (1024K)
 Metaspace       used 30456K, committed 30784K, reserved 1081344K
  class space    used 4144K, committed 4288K, reserved 1048576K
}
Event: 2.222 GC heap after
{Heap after GC invocations=7 (full 0):
 garbage-first heap   total 98304K, used 22092K [0x0000000080000000, 0x0000000100000000)
  region size 1024K, 2 young (2048K), 2 survivors (2048K)
 Metaspace       used 30456K, committed 30784K, reserved 1081344K
  class space    used 4144K, committed 4288K, reserved 1048576K
}
Event: 2.590 GC heap before
{Heap before GC invocations=7 (full 0):
 garbage-first heap   total 98304K, used 50764K [0x0000000080000000, 0x0000000100000000)
  region size 1024K, 31 young (31744K), 2 survivors (2048K)
 Metaspace       used 35589K, committed 35968K, reserved 1081344K
  class space    used 4877K, committed 5056K, reserved 1048576K
}
Event: 2.593 GC heap after
{Heap after GC invocations=8 (full 0):
 garbage-first heap   total 98304K, used 24224K [0x0000000080000000, 0x0000000100000000)
  region size 1024K, 4 young (4096K), 4 survivors (4096K)
 Metaspace       used 35589K, committed 35968K, reserved 1081344K
  class space    used 4877K, committed 5056K, reserved 1048576K
}
Event: 3.056 GC heap before
{Heap before GC invocations=9 (full 0):
 garbage-first heap   total 92160K, used 76448K [0x0000000080000000, 0x0000000100000000)
  region size 1024K, 53 young (54272K), 4 survivors (4096K)
 Metaspace       used 42528K, committed 42880K, reserved 1089536K
  class space    used 5567K, committed 5760K, reserved 1048576K
}
Event: 3.062 GC heap after
{Heap after GC invocations=10 (full 0):
 garbage-first heap   total 92160K, used 30242K [0x0000000080000000, 0x0000000100000000)
  region size 1024K, 7 young (7168K), 7 survivors (7168K)
 Metaspace       used 42528K, committed 42880K, reserved 1089536K
  class space    used 5567K, committed 5760K, reserved 1048576K
}

Dll operation events (2 events):
Event: 0.005 Loaded shared library C:\Program Files\Android\Android Studio\jbr\bin\java.dll
Event: 0.275 Loaded shared library C:\Program Files\Android\Android Studio\jbr\bin\verify.dll

Deoptimization events (20 events):
Event: 3.147 Thread 0x000001c0c9df9030 DEOPT PACKING pc=0x000001c0b7918dac sp=0x0000002da66f90d0
Event: 3.147 Thread 0x000001c0c9df9030 DEOPT UNPACKING pc=0x000001c0b72069a3 sp=0x0000002da66f9048 mode 2
Event: 3.174 Thread 0x000001c0c9df9030 Uncommon trap: trap_request=0xffffffde fr.pc=0x000001c0b7953de4 relative=0x0000000000003284
Event: 3.174 Thread 0x000001c0c9df9030 Uncommon trap: reason=class_check action=maybe_recompile pc=0x000001c0b7953de4 method=java.util.regex.Pattern$CharProperty.study(Ljava/util/regex/Pattern$TreeInfo;)Z @ 25 c2
Event: 3.174 Thread 0x000001c0c9df9030 DEOPT PACKING pc=0x000001c0b7953de4 sp=0x0000002da66fa4c0
Event: 3.174 Thread 0x000001c0c9df9030 DEOPT UNPACKING pc=0x000001c0b72069a3 sp=0x0000002da66fa3b8 mode 2
Event: 3.236 Thread 0x000001c0c9df9030 Uncommon trap: trap_request=0xffffffde fr.pc=0x000001c0b7953de4 relative=0x0000000000003284
Event: 3.236 Thread 0x000001c0c9df9030 Uncommon trap: reason=class_check action=maybe_recompile pc=0x000001c0b7953de4 method=java.util.regex.Pattern$CharProperty.study(Ljava/util/regex/Pattern$TreeInfo;)Z @ 25 c2
Event: 3.236 Thread 0x000001c0c9df9030 DEOPT PACKING pc=0x000001c0b7953de4 sp=0x0000002da66fa0e0
Event: 3.236 Thread 0x000001c0c9df9030 DEOPT UNPACKING pc=0x000001c0b72069a3 sp=0x0000002da66f9fd8 mode 2
Event: 3.237 Thread 0x000001c0c9df9030 DEOPT PACKING pc=0x000001c0afd27dc3 sp=0x0000002da66f9de0
Event: 3.237 Thread 0x000001c0c9df9030 DEOPT UNPACKING pc=0x000001c0b7207143 sp=0x0000002da66f9300 mode 0
Event: 3.237 Thread 0x000001c0c9df9030 Uncommon trap: trap_request=0xffffffde fr.pc=0x000001c0b7953de4 relative=0x0000000000003284
Event: 3.237 Thread 0x000001c0c9df9030 Uncommon trap: reason=class_check action=maybe_recompile pc=0x000001c0b7953de4 method=java.util.regex.Pattern$CharProperty.study(Ljava/util/regex/Pattern$TreeInfo;)Z @ 25 c2
Event: 3.237 Thread 0x000001c0c9df9030 DEOPT PACKING pc=0x000001c0b7953de4 sp=0x0000002da66fa0e0
Event: 3.237 Thread 0x000001c0c9df9030 DEOPT UNPACKING pc=0x000001c0b72069a3 sp=0x0000002da66f9fd8 mode 2
Event: 3.237 Thread 0x000001c0c9df9030 Uncommon trap: trap_request=0xffffffde fr.pc=0x000001c0b7953de4 relative=0x0000000000003284
Event: 3.237 Thread 0x000001c0c9df9030 Uncommon trap: reason=class_check action=maybe_recompile pc=0x000001c0b7953de4 method=java.util.regex.Pattern$CharProperty.study(Ljava/util/regex/Pattern$TreeInfo;)Z @ 25 c2
Event: 3.237 Thread 0x000001c0c9df9030 DEOPT PACKING pc=0x000001c0b7953de4 sp=0x0000002da66fa0e0
Event: 3.237 Thread 0x000001c0c9df9030 DEOPT UNPACKING pc=0x000001c0b72069a3 sp=0x0000002da66f9fd8 mode 2

Classes unloaded (0 events):
No events

Classes redefined (0 events):
No events

Internal exceptions (20 events):
Event: 3.126 Thread 0x000001c0c9df9030 Exception <a 'java/lang/ClassNotFoundException'{0x000000008512cfa0}: org/gradle/internal/management/DefaultDependencyResolutionManagementCustomizer> (0x000000008512cfa0) 
thrown [s\src\hotspot\share\classfile\systemDictionary.cpp, line 256]
Event: 3.127 Thread 0x000001c0c9df9030 Exception <a 'java/lang/ClassNotFoundException'{0x0000000085153628}: org/gradle/internal/management/DefaultDependencyResolutionManagement_DecoratedCustomizer> (0x0000000085153628) 
thrown [s\src\hotspot\share\classfile\systemDictionary.cpp, line 256]
Event: 3.130 Thread 0x000001c0c9df9030 Exception <a 'java/lang/ClassNotFoundException'{0x00000000851a0208}: org/gradle/api/initialization/resolve/RepositoriesModeBeanInfo> (0x00000000851a0208) 
thrown [s\src\hotspot\share\classfile\systemDictionary.cpp, line 256]
Event: 3.130 Thread 0x000001c0c9df9030 Exception <a 'java/lang/ClassNotFoundException'{0x00000000851a5050}: java/lang/EnumBeanInfo> (0x00000000851a5050) 
thrown [s\src\hotspot\share\classfile\systemDictionary.cpp, line 256]
Event: 3.130 Thread 0x000001c0c9df9030 Exception <a 'java/lang/ClassNotFoundException'{0x00000000851a9eb8}: java/lang/EnumCustomizer> (0x00000000851a9eb8) 
thrown [s\src\hotspot\share\classfile\systemDictionary.cpp, line 256]
Event: 3.131 Thread 0x000001c0c9df9030 Exception <a 'java/lang/ClassNotFoundException'{0x00000000851c29e0}: org/gradle/api/initialization/resolve/RepositoriesModeCustomizer> (0x00000000851c29e0) 
thrown [s\src\hotspot\share\classfile\systemDictionary.cpp, line 256]
Event: 3.135 Thread 0x000001c0c9df9030 Exception <a 'java/lang/ClassNotFoundException'{0x0000000085030500}: org/gradle/api/internal/provider/DefaultPropertyBeanInfo> (0x0000000085030500) 
thrown [s\src\hotspot\share\classfile\systemDictionary.cpp, line 256]
Event: 3.135 Thread 0x000001c0c9df9030 Exception <a 'java/lang/ClassNotFoundException'{0x0000000085041718}: org/gradle/api/internal/provider/AbstractPropertyBeanInfo> (0x0000000085041718) 
thrown [s\src\hotspot\share\classfile\systemDictionary.cpp, line 256]
Event: 3.136 Thread 0x000001c0c9df9030 Exception <a 'java/lang/ClassNotFoundException'{0x0000000085053208}: org/gradle/api/internal/provider/AbstractMinimalProviderBeanInfo> (0x0000000085053208) 
thrown [s\src\hotspot\share\classfile\systemDictionary.cpp, line 256]
Event: 3.137 Thread 0x000001c0c9df9030 Exception <a 'java/lang/ClassNotFoundException'{0x0000000085064530}: org/gradle/api/internal/provider/AbstractMinimalProviderCustomizer> (0x0000000085064530) 
thrown [s\src\hotspot\share\classfile\systemDictionary.cpp, line 256]
Event: 3.138 Thread 0x000001c0c9df9030 Exception <a 'java/lang/ClassNotFoundException'{0x000000008508e8f0}: org/gradle/api/internal/provider/AbstractPropertyCustomizer> (0x000000008508e8f0) 
thrown [s\src\hotspot\share\classfile\systemDictionary.cpp, line 256]
Event: 3.139 Thread 0x000001c0c9df9030 Exception <a 'java/lang/ClassNotFoundException'{0x00000000850ab6c8}: org/gradle/api/internal/provider/DefaultPropertyCustomizer> (0x00000000850ab6c8) 
thrown [s\src\hotspot\share\classfile\systemDictionary.cpp, line 256]
Event: 3.145 Thread 0x000001c0c9df9030 Exception <a 'java/lang/ClassNotFoundException'{0x0000000084f14988}: org/gradle/initialization/DefaultProjectDescriptorBeanInfo> (0x0000000084f14988) 
thrown [s\src\hotspot\share\classfile\systemDictionary.cpp, line 256]
Event: 3.145 Thread 0x000001c0c9df9030 Exception <a 'java/lang/ClassNotFoundException'{0x0000000084f22e78}: org/gradle/initialization/DefaultProjectDescriptorCustomizer> (0x0000000084f22e78) 
thrown [s\src\hotspot\share\classfile\systemDictionary.cpp, line 256]
Event: 3.147 Thread 0x000001c0c9df9030 Implicit null exception at 0x000001c0b7918cec to 0x000001c0b7918d90
Event: 3.245 Thread 0x000001c0c89b1c30 Exception <a 'java/lang/NoSuchMethodError'{0x000000008478fe00}: static Lorg/gradle/internal/build/event/types/DefaultOperationStartedProgressEvent;.<clinit>()V> (0x000000008478fe00) 
thrown [s\src\hotspot\share\prims\jni.cpp, line 1108]
Event: 3.245 Thread 0x000001c0c89b1c30 Exception <a 'java/lang/NoSuchMethodError'{0x0000000084791488}: static Lorg/gradle/internal/build/event/types/AbstractProgressEvent;.<clinit>()V> (0x0000000084791488) 
thrown [s\src\hotspot\share\prims\jni.cpp, line 1108]
Event: 3.247 Thread 0x000001c0c89b1c30 Exception <a 'java/lang/NoSuchMethodError'{0x00000000847a19e0}: static Lorg/gradle/internal/build/event/types/DefaultProjectConfigurationDescriptor;.<clinit>()V> (0x00000000847a19e0) 
thrown [s\src\hotspot\share\prims\jni.cpp, line 1108]
Event: 3.247 Thread 0x000001c0c89b1c30 Exception <a 'java/lang/NoSuchMethodError'{0x0000000084600468}: static Lorg/gradle/internal/build/event/types/DefaultOperationDescriptor;.<clinit>()V> (0x0000000084600468) 
thrown [s\src\hotspot\share\prims\jni.cpp, line 1108]
Event: 3.248 Thread 0x000001c0c89b1c30 Exception <a 'java/lang/NoSuchMethodError'{0x0000000084615108}: static Lorg/gradle/internal/operations/OperationIdentifier;.<clinit>()V> (0x0000000084615108) 
thrown [s\src\hotspot\share\prims\jni.cpp, line 1108]

VM Operations (20 events):
Event: 2.762 Executing VM operation: HandshakeAllThreads
Event: 2.762 Executing VM operation: HandshakeAllThreads done
Event: 2.762 Executing VM operation: HandshakeAllThreads
Event: 2.762 Executing VM operation: HandshakeAllThreads done
Event: 2.764 Executing VM operation: HandshakeAllThreads
Event: 2.764 Executing VM operation: HandshakeAllThreads done
Event: 2.767 Executing VM operation: HandshakeAllThreads
Event: 2.767 Executing VM operation: HandshakeAllThreads done
Event: 2.772 Executing VM operation: HandshakeAllThreads
Event: 2.772 Executing VM operation: HandshakeAllThreads done
Event: 2.813 Executing VM operation: HandshakeAllThreads
Event: 2.813 Executing VM operation: HandshakeAllThreads done
Event: 2.885 Executing VM operation: ICBufferFull
Event: 2.885 Executing VM operation: ICBufferFull done
Event: 3.056 Executing VM operation: G1CollectForAllocation
Event: 3.062 Executing VM operation: G1CollectForAllocation done
Event: 3.209 Executing VM operation: HandshakeAllThreads
Event: 3.209 Executing VM operation: HandshakeAllThreads done
Event: 3.234 Executing VM operation: HandshakeAllThreads
Event: 3.234 Executing VM operation: HandshakeAllThreads done

Events (20 events):
Event: 3.244 loading class java/io/ObjectStreamClass$FieldReflectorKey
Event: 3.244 loading class java/io/ObjectStreamClass$FieldReflectorKey done
Event: 3.244 loading class java/io/ObjectStreamClass$FieldReflector
Event: 3.244 loading class java/io/ObjectStreamClass$FieldReflector done
Event: 3.245 loading class java/io/ObjectStreamClass$1
Event: 3.245 loading class java/io/ObjectStreamClass$1 done
Event: 3.245 loading class java/io/ObjectStreamClass$MemberSignature
Event: 3.245 loading class java/io/ObjectStreamClass$MemberSignature done
Event: 3.245 loading class java/io/ObjectStreamClass$3
Event: 3.245 loading class java/io/ObjectStreamClass$3 done
Event: 3.245 loading class java/io/ObjectStreamClass$4
Event: 3.245 loading class java/io/ObjectStreamClass$4 done
Event: 3.245 loading class java/io/ObjectStreamClass$5
Event: 3.245 loading class java/io/ObjectStreamClass$5 done
Event: 3.245 loading class java/io/ObjectStreamClass$ClassDataSlot
Event: 3.245 loading class java/io/ObjectStreamClass$ClassDataSlot done
Event: 3.247 loading class jdk/internal/reflect/UnsafeQualifiedStaticLongFieldAccessorImpl
Event: 3.247 loading class jdk/internal/reflect/UnsafeQualifiedStaticLongFieldAccessorImpl done
Event: 3.248 loading class java/io/SerialCallbackContext
Event: 3.248 loading class java/io/SerialCallbackContext done


Dynamic libraries:
0x00007ff63c730000 - 0x00007ff63c73a000 	C:\Program Files\Android\Android Studio\jbr\bin\java.exe
0x00007ffd37bf0000 - 0x00007ffd37e07000 	C:\WINDOWS\SYSTEM32\ntdll.dll
0x00007ffd36830000 - 0x00007ffd368f4000 	C:\WINDOWS\System32\KERNEL32.DLL
0x00007ffd35570000 - 0x00007ffd3591d000 	C:\WINDOWS\System32\KERNELBASE.dll
0x00007ffd35260000 - 0x00007ffd35371000 	C:\WINDOWS\System32\ucrtbase.dll
0x00007ffd27580000 - 0x00007ffd27597000 	C:\Program Files\Android\Android Studio\jbr\bin\jli.dll
0x00007ffd27230000 - 0x00007ffd2724b000 	C:\Program Files\Android\Android Studio\jbr\bin\VCRUNTIME140.dll
0x00007ffd360b0000 - 0x00007ffd3625e000 	C:\WINDOWS\System32\USER32.dll
0x00007ffd34150000 - 0x00007ffd343e3000 	C:\WINDOWS\WinSxS\amd64_microsoft.windows.common-controls_6595b64144ccf1df_6.0.22621.3672_none_2713b9d173822955\COMCTL32.dll
0x00007ffd35420000 - 0x00007ffd35446000 	C:\WINDOWS\System32\win32u.dll
0x00007ffd35920000 - 0x00007ffd359c7000 	C:\WINDOWS\System32\msvcrt.dll
0x00007ffd37b00000 - 0x00007ffd37b29000 	C:\WINDOWS\System32\GDI32.dll
0x00007ffd35140000 - 0x00007ffd35259000 	C:\WINDOWS\System32\gdi32full.dll
0x00007ffd35380000 - 0x00007ffd3541a000 	C:\WINDOWS\System32\msvcp_win.dll
0x00007ffd36060000 - 0x00007ffd36091000 	C:\WINDOWS\System32\IMM32.DLL
0x00007ffd27220000 - 0x00007ffd2722c000 	C:\Program Files\Android\Android Studio\jbr\bin\vcruntime140_1.dll
0x00007ffd18b30000 - 0x00007ffd18bbd000 	C:\Program Files\Android\Android Studio\jbr\bin\msvcp140.dll
0x00007ffceeb40000 - 0x00007ffcef7ae000 	C:\Program Files\Android\Android Studio\jbr\bin\server\jvm.dll
0x00007ffd35b20000 - 0x00007ffd35bd2000 	C:\WINDOWS\System32\ADVAPI32.dll
0x00007ffd36410000 - 0x00007ffd364b9000 	C:\WINDOWS\System32\sechost.dll
0x00007ffd35540000 - 0x00007ffd35568000 	C:\WINDOWS\System32\bcrypt.dll
0x00007ffd35a00000 - 0x00007ffd35b14000 	C:\WINDOWS\System32\RPCRT4.dll
0x00007ffd159b0000 - 0x00007ffd159b9000 	C:\WINDOWS\SYSTEM32\WSOCK32.dll
0x00007ffd2de20000 - 0x00007ffd2de2a000 	C:\WINDOWS\SYSTEM32\VERSION.dll
0x00007ffd2ef40000 - 0x00007ffd2ef74000 	C:\WINDOWS\SYSTEM32\WINMM.dll
0x00007ffd37b30000 - 0x00007ffd37ba1000 	C:\WINDOWS\System32\WS2_32.dll
0x00007ffd33700000 - 0x00007ffd33718000 	C:\WINDOWS\SYSTEM32\kernel.appcore.dll
0x00007ffd2f130000 - 0x00007ffd2f13a000 	C:\Program Files\Android\Android Studio\jbr\bin\jimage.dll
0x00007ffd34860000 - 0x00007ffd34a92000 	C:\WINDOWS\SYSTEM32\DBGHELP.DLL
0x00007ffd37710000 - 0x00007ffd37a9d000 	C:\WINDOWS\System32\combase.dll
0x00007ffd364c0000 - 0x00007ffd36597000 	C:\WINDOWS\System32\OLEAUT32.dll
0x00007ffd34700000 - 0x00007ffd34732000 	C:\WINDOWS\SYSTEM32\dbgcore.DLL
0x00007ffd354c0000 - 0x00007ffd3553b000 	C:\WINDOWS\System32\bcryptPrimitives.dll
0x00007ffd2f060000 - 0x00007ffd2f085000 	C:\Program Files\Android\Android Studio\jbr\bin\java.dll
0x00007ffd2f110000 - 0x00007ffd2f128000 	C:\Program Files\Android\Android Studio\jbr\bin\zip.dll
0x00007ffd36ea0000 - 0x00007ffd37708000 	C:\WINDOWS\System32\SHELL32.dll
0x00007ffd323b0000 - 0x00007ffd32cae000 	C:\WINDOWS\SYSTEM32\windows.storage.dll
0x00007ffd32250000 - 0x00007ffd3238f000 	C:\WINDOWS\SYSTEM32\wintypes.dll
0x00007ffd36ca0000 - 0x00007ffd36d99000 	C:\WINDOWS\System32\SHCORE.dll
0x00007ffd36770000 - 0x00007ffd367ce000 	C:\WINDOWS\System32\shlwapi.dll
0x00007ffd34e40000 - 0x00007ffd34e61000 	C:\WINDOWS\SYSTEM32\profapi.dll
0x00007ffd2b9e0000 - 0x00007ffd2b9f9000 	C:\Program Files\Android\Android Studio\jbr\bin\net.dll
0x00007ffd2dba0000 - 0x00007ffd2dcd6000 	C:\WINDOWS\SYSTEM32\WINHTTP.dll
0x00007ffd33cb0000 - 0x00007ffd33d19000 	C:\WINDOWS\system32\mswsock.dll
0x00007ffd2a1c0000 - 0x00007ffd2a1d6000 	C:\Program Files\Android\Android Studio\jbr\bin\nio.dll
0x00007ffd2a1b0000 - 0x00007ffd2a1c0000 	C:\Program Files\Android\Android Studio\jbr\bin\verify.dll
0x00007ffd1ed50000 - 0x00007ffd1ed77000 	C:\Users\scher\.gradle\native\68d5fa5c4cc2d200863cafc0d521ce42e7d3e7ee720ec0a83991735586a16f82\windows-amd64\native-platform.dll
0x00007ffcfe090000 - 0x00007ffcfe1d4000 	C:\Users\scher\.gradle\native\e376f236ea51e6404a007f0833ffe2c6e607c4080706a723a18a27aeea778392\windows-amd64\native-platform-file-events.dll
0x00007ffd27570000 - 0x00007ffd27579000 	C:\Program Files\Android\Android Studio\jbr\bin\management.dll
0x00007ffd27420000 - 0x00007ffd2742b000 	C:\Program Files\Android\Android Studio\jbr\bin\management_ext.dll
0x00007ffd359f0000 - 0x00007ffd359f8000 	C:\WINDOWS\System32\PSAPI.DLL
0x00007ffd34ba0000 - 0x00007ffd34bbb000 	C:\WINDOWS\SYSTEM32\CRYPTSP.dll
0x00007ffd33660000 - 0x00007ffd33695000 	C:\WINDOWS\system32\rsaenh.dll
0x00007ffd33f60000 - 0x00007ffd33f88000 	C:\WINDOWS\SYSTEM32\USERENV.dll
0x00007ffd33f90000 - 0x00007ffd33f9c000 	C:\WINDOWS\SYSTEM32\CRYPTBASE.dll
0x00007ffd330e0000 - 0x00007ffd3310d000 	C:\WINDOWS\SYSTEM32\IPHLPAPI.DLL
0x00007ffd365a0000 - 0x00007ffd365a9000 	C:\WINDOWS\System32\NSI.dll
0x00007ffd2ce10000 - 0x00007ffd2ce29000 	C:\WINDOWS\SYSTEM32\dhcpcsvc6.DLL
0x00007ffd2ca00000 - 0x00007ffd2ca1f000 	C:\WINDOWS\SYSTEM32\dhcpcsvc.DLL
0x00007ffd331d0000 - 0x00007ffd332c8000 	C:\WINDOWS\SYSTEM32\DNSAPI.dll
0x00007ffd27410000 - 0x00007ffd27418000 	C:\WINDOWS\system32\wshunix.dll

dbghelp: loaded successfully - version: 4.0.5 - missing functions: none
symbol engine: initialized successfully - sym options: 0x614 - pdb path: .;C:\Program Files\Android\Android Studio\jbr\bin;C:\WINDOWS\SYSTEM32;C:\WINDOWS\WinSxS\amd64_microsoft.windows.common-controls_6595b64144ccf1df_6.0.22621.3672_none_2713b9d173822955;C:\Program Files\Android\Android Studio\jbr\bin\server;C:\Users\scher\.gradle\native\68d5fa5c4cc2d200863cafc0d521ce42e7d3e7ee720ec0a83991735586a16f82\windows-amd64;C:\Users\scher\.gradle\native\e376f236ea51e6404a007f0833ffe2c6e607c4080706a723a18a27aeea778392\windows-amd64

VM Arguments:
jvm_args: --add-opens=java.base/java.util=ALL-UNNAMED --add-opens=java.base/java.lang=ALL-UNNAMED --add-opens=java.base/java.lang.invoke=ALL-UNNAMED --add-opens=java.prefs/java.util.prefs=ALL-UNNAMED --add-opens=java.base/java.nio.charset=ALL-UNNAMED --add-opens=java.base/java.net=ALL-UNNAMED --add-opens=java.base/java.util.concurrent.atomic=ALL-UNNAMED -Xmx2048m -Dfile.encoding=UTF-8 -Duser.country=BR -Duser.language=pt -Duser.variant 
java_command: org.gradle.launcher.daemon.bootstrap.GradleDaemon 8.0
java_class_path (initial): C:\Users\scher\.gradle\wrapper\dists\gradle-8.0-bin\ca5e32bp14vu59qr306oxotwh\gradle-8.0\lib\gradle-launcher-8.0.jar
Launcher Type: SUN_STANDARD

[Global flags]
     intx CICompilerCount                          = 4                                         {product} {ergonomic}
     uint ConcGCThreads                            = 2                                         {product} {ergonomic}
     uint G1ConcRefinementThreads                  = 8                                         {product} {ergonomic}
   size_t G1HeapRegionSize                         = 1048576                                   {product} {ergonomic}
    uintx GCDrainStackTargetSize                   = 64                                        {product} {ergonomic}
   size_t InitialHeapSize                          = 134217728                                 {product} {ergonomic}
   size_t MarkStackSize                            = 4194304                                   {product} {ergonomic}
   size_t MaxHeapSize                              = 2147483648                                {product} {command line}
   size_t MaxNewSize                               = 1287651328                                {product} {ergonomic}
   size_t MinHeapDeltaBytes                        = 1048576                                   {product} {ergonomic}
   size_t MinHeapSize                              = 8388608                                   {product} {ergonomic}
    uintx NonNMethodCodeHeapSize                   = 5839372                                {pd product} {ergonomic}
    uintx NonProfiledCodeHeapSize                  = 122909434                              {pd product} {ergonomic}
    uintx ProfiledCodeHeapSize                     = 122909434                              {pd product} {ergonomic}
    uintx ReservedCodeCacheSize                    = 251658240                              {pd product} {ergonomic}
     bool SegmentedCodeCache                       = true                                      {product} {ergonomic}
   size_t SoftMaxHeapSize                          = 2147483648                             {manageable} {ergonomic}
     bool UseCompressedClassPointers               = true                           {product lp64_product} {ergonomic}
     bool UseCompressedOops                        = true                           {product lp64_product} {ergonomic}
     bool UseG1GC                                  = true                                      {product} {ergonomic}
     bool UseLargePagesIndividualAllocation        = false                                  {pd product} {ergonomic}

Logging:
Log output configuration:
 #0: stdout all=warning uptime,level,tags
 #1: stderr all=off uptime,level,tags

Environment Variables:
PATH=C:\Program Files\Common Files\Oracle\Java\javapath;C:\Program Files (x86)\Embarcadero\Studio\22.0\bin;C:\Users\Public\Documents\Embarcadero\Studio\22.0\Bpl;C:\Program Files (x86)\Embarcadero\Studio\22.0\bin64;C:\Users\Public\Documents\Embarcadero\Studio\22.0\Bpl\Win64;C:\Program Files (x86)\Embarcadero\Studio\21.0\bin;C:\Users\Public\Documents\Embarcadero\Studio\21.0\Bpl;C:\Program Files (x86)\Embarcadero\Studio\21.0\bin64;C:\Users\Public\Documents\Embarcadero\Studio\21.0\Bpl\Win64;C:\Windows\system32;C:\Windows;C:\Windows\System32\Wbem;C:\Windows\System32\WindowsPowerShell\v1.0\;C:\Windows\System32\OpenSSH\;C:\Program Files (x86)\NVIDIA Corporation\PhysX\Common;C:\Program Files\NVIDIA Corporation\NVIDIA NvDLISR;C:\WINDOWS\system32;C:\WINDOWS;C:\WINDOWS\System32\Wbem;C:\WINDOWS\System32\WindowsPowerShell\v1.0\;C:\WINDOWS\System32\OpenSSH\;C:\Program Files\dotnet\;C:\Program Files (x86)\Windows Kits\10\Windows Performance Toolkit\;C:\Program Files\Git\cmd;C:\Users\scher\AppData\Local\Microsoft\WindowsApps;;C:\Users\scher\AppData\Local\Programs\Microsoft VS Code\bin
USERNAME=scher
OS=Windows_NT
PROCESSOR_IDENTIFIER=Intel64 Family 6 Model 142 Stepping 12, GenuineIntel
TMP=C:\Users\scher\AppData\Local\Temp
TEMP=C:\Users\scher\AppData\Local\Temp


JNI global refs:
JNI global refs: 25, weak refs: 0

JNI global refs memory usage: 843, weak refs: 841


---------------  S Y S T E M  ---------------

OS:
 Windows 11 , 64 bit Build 22621 (10.0.22621.3958)
OS uptime: 0 days 22:42 hours
Hyper-V role detected

CPU: total 8 (initial active 8) (4 cores per cpu, 2 threads per core) family 6 model 142 stepping 12 microcode 0xea, cx8, cmov, fxsr, ht, mmx, 3dnowpref, sse, sse2, sse3, ssse3, sse4.1, sse4.2, popcnt, lzcnt, tsc, tscinvbit, avx, avx2, aes, erms, clmul, bmi1, bmi2, adx, fma, vzeroupper, clflush, clflushopt, hv

Memory: 4k page, system-wide physical 8072M (949M free)
TotalPageFile size 10120M (AvailPageFile size 6M)
current process WorkingSet (physical memory assigned to process): 257M, peak: 258M
current process commit charge ("private bytes"): 292M, peak: 295M

vm_info: OpenJDK 64-Bit Server VM (17.0.6+0-b2043.56-10027231) for windows-amd64 JRE (17.0.6+0-b2043.56-10027231), built on Apr 28 2023 00:43:19 by "androidbuild" with MS VC++ 16.10 / 16.11 (VS2019)

END.
