#
# There is insufficient memory for the Java Runtime Environment to continue.
# Native memory allocation (mmap) failed to map 183500800 bytes for G1 virtual space
# Possible reasons:
#   The system is out of physical RAM or swap space
#   The process is running with CompressedOops enabled, and the Java Heap may be blocking the growth of the native heap
# Possible solutions:
#   Reduce memory load on the system
#   Increase physical memory or swap space
#   Check if swap backing store is full
#   Decrease Java heap size (-Xmx/-Xms)
#   Decrease number of Java threads
#   Decrease Java thread stack sizes (-Xss)
#   Set larger code cache with -XX:ReservedCodeCacheSize=
#   JVM is running with Unscaled Compressed Oops mode in which the Java heap is
#     placed in the first 4GB address space. The Java Heap base address is the
#     maximum limit for the native heap growth. Please use -XX:HeapBaseMinAddress
#     to set the Java Heap base and to place the Java Heap above 4GB virtual address.
# This output file may be truncated or incomplete.
#
#  Out of Memory Error (os_windows.cpp:3769), pid=14164, tid=17312
#
# JRE version: OpenJDK Runtime Environment (17.0.6) (build 17.0.6+0-b2043.56-10027231)
# Java VM: OpenJDK 64-Bit Server VM (17.0.6+0-b2043.56-10027231, mixed mode, tiered, compressed oops, compressed class ptrs, g1 gc, windows-amd64)
# No core dump will be written. Minidumps are not enabled by default on client versions of Windows
#

---------------  S U M M A R Y ------------

Command Line: --add-opens=java.base/java.util=ALL-UNNAMED --add-opens=java.base/java.lang=ALL-UNNAMED --add-opens=java.base/java.lang.invoke=ALL-UNNAMED --add-opens=java.prefs/java.util.prefs=ALL-UNNAMED --add-opens=java.base/java.nio.charset=ALL-UNNAMED --add-opens=java.base/java.net=ALL-UNNAMED --add-opens=java.base/java.util.concurrent.atomic=ALL-UNNAMED -Xmx2048m -Dfile.encoding=UTF-8 -Duser.country=BR -Duser.language=pt -Duser.variant -javaagent:C:\Users\scher\.gradle\wrapper\dists\gradle-8.1-bin\2eyty4r6kz6fpakefpk52nbbm\gradle-8.1\lib\agents\gradle-instrumentation-agent-8.1.jar org.gradle.launcher.daemon.bootstrap.GradleDaemon 8.1

Host: Intel(R) Core(TM) i7-8565U CPU @ 1.80GHz, 8 cores, 7G,  Windows 11 , 64 bit Build 22621 (10.0.22621.3958)
Time: Wed Dec  4 22:57:19 2024 Hora oficial do Brasil elapsed time: 12.722647 seconds (0d 0h 0m 12s)

---------------  T H R E A D  ---------------

Current thread (0x00000239dded0c30):  VMThread "VM Thread" [stack: 0x000000de3c200000,0x000000de3c300000] [id=17312]

Stack: [0x000000de3c200000,0x000000de3c300000]
Native frames: (J=compiled Java code, j=interpreted, Vv=VM code, C=native code)
V  [jvm.dll+0x683c9a]
V  [jvm.dll+0x8427a4]
V  [jvm.dll+0x843f9e]
V  [jvm.dll+0x844603]
V  [jvm.dll+0x249b75]
V  [jvm.dll+0x680b69]
V  [jvm.dll+0x67505a]
V  [jvm.dll+0x309acb]
V  [jvm.dll+0x310f86]
V  [jvm.dll+0x3608ee]
V  [jvm.dll+0x360b1f]
V  [jvm.dll+0x2dfbf8]
V  [jvm.dll+0x2ddec4]
V  [jvm.dll+0x2dd4cc]
V  [jvm.dll+0x321f3b]
V  [jvm.dll+0x848ccb]
V  [jvm.dll+0x849a04]
V  [jvm.dll+0x849f1d]
V  [jvm.dll+0x84a2f4]
V  [jvm.dll+0x84a3c0]
V  [jvm.dll+0x7f274a]
V  [jvm.dll+0x682ad5]
C  [ucrtbase.dll+0x29333]
C  [KERNEL32.DLL+0x1257d]
C  [ntdll.dll+0x5af08]

VM_Operation (0x000000de403f4f20): G1CollectForAllocation, mode: safepoint, requested by thread 0x00000239e49f0700


---------------  P R O C E S S  ---------------

Threads class SMR info:
_java_thread_list=0x00000239e7c6ed60, length=126, elements={
0x00000239c406ff00, 0x00000239dde6f770, 0x00000239ddeb60c0, 0x00000239de835290,
0x00000239de835b50, 0x00000239de838510, 0x00000239de838ec0, 0x00000239de83a680,
0x00000239de83b120, 0x00000239de845b30, 0x00000239de9b7fc0, 0x00000239deb1f060,
0x00000239dec386c0, 0x00000239e15e9af0, 0x00000239dffe9810, 0x00000239e03bb120,
0x00000239e0e2b850, 0x00000239e0c930f0, 0x00000239e0281dc0, 0x00000239e009ff70,
0x00000239e0cc3840, 0x00000239df7704d0, 0x00000239dfffd4f0, 0x00000239e0000510,
0x00000239dffff6a0, 0x00000239dfffe830, 0x00000239e00009e0, 0x00000239dfffd9c0,
0x00000239dfffe360, 0x00000239dfffed00, 0x00000239dffff1d0, 0x00000239dffffb70,
0x00000239e0000040, 0x00000239e0000eb0, 0x00000239e0d3b850, 0x00000239e0d3bd20,
0x00000239e0d40550, 0x00000239e0d42bd0, 0x00000239e0d3b380, 0x00000239e0d3c6c0,
0x00000239e0d3da00, 0x00000239e0d3cb90, 0x00000239e0d3e3a0, 0x00000239e0d3d060,
0x00000239e0d3d530, 0x00000239e0d41890, 0x00000239e0d3e870, 0x00000239e0d41d60,
0x00000239e0d3f210, 0x00000239e0d3ded0, 0x00000239e0d40ef0, 0x00000239e0d413c0,
0x00000239e49f0230, 0x00000239e49edbb0, 0x00000239e49ee080, 0x00000239e49f0700,
0x00000239e49f0bd0, 0x00000239e49f1f10, 0x00000239e49f10a0, 0x00000239e49eeef0,
0x00000239e49eb530, 0x00000239e49f1570, 0x00000239e49ebed0, 0x00000239e49f1a40,
0x00000239e49ef3c0, 0x00000239e49ef890, 0x00000239e49f23e0, 0x00000239e49f28b0,
0x00000239e49eb060, 0x00000239e49ec870, 0x00000239e49ec3a0, 0x00000239e5407340,
0x00000239e7d678a0, 0x00000239e7d66090, 0x00000239e7d66560, 0x00000239e7d66a30,
0x00000239e7d66f00, 0x00000239e7d673d0, 0x00000239e4c13b30, 0x00000239e7d3e7f0,
0x00000239e7d3de50, 0x00000239e7d3ecc0, 0x00000239e7d3f190, 0x00000239e7d3e320,
0x00000239e7d3d980, 0x00000239e7cd1c60, 0x00000239e7cd1790, 0x00000239e4c12cc0,
0x00000239e4c11e50, 0x00000239e4c114b0, 0x00000239e4c12320, 0x00000239e4c10170,
0x00000239e4c11980, 0x00000239e4c10640, 0x00000239e7cd0920, 0x00000239e7cd2130,
0x00000239e7cd0df0, 0x00000239e7cd12c0, 0x00000239e86a3270, 0x00000239e86a3c10,
0x00000239e86a1590, 0x00000239e86a40e0, 0x00000239e8091e30, 0x00000239e49eba00,
0x00000239e8086ac0, 0x00000239e8089610, 0x00000239e80865f0, 0x00000239e8087e00,
0x00000239e8086f90, 0x00000239e7e120c0, 0x00000239e7e12590, 0x00000239e7e11720,
0x00000239e7e10d80, 0x00000239e7e11250, 0x00000239e7e11bf0, 0x00000239e4cfa210,
0x00000239e8089fb0, 0x00000239e8089ae0, 0x00000239e80882d0, 0x00000239e80887a0,
0x00000239e8092300, 0x00000239e80927d0, 0x00000239e8091490, 0x00000239e4fadee0,
0x00000239e4fada10, 0x00000239e4fad070
}

Java Threads: ( => current thread )
  0x00000239c406ff00 JavaThread "main" [_thread_blocked, id=14484, stack(0x000000de3bc00000,0x000000de3bd00000)]
  0x00000239dde6f770 JavaThread "Reference Handler" daemon [_thread_blocked, id=4004, stack(0x000000de3c300000,0x000000de3c400000)]
  0x00000239ddeb60c0 JavaThread "Finalizer" daemon [_thread_blocked, id=13612, stack(0x000000de3c400000,0x000000de3c500000)]
  0x00000239de835290 JavaThread "Signal Dispatcher" daemon [_thread_blocked, id=14280, stack(0x000000de3c500000,0x000000de3c600000)]
  0x00000239de835b50 JavaThread "Attach Listener" daemon [_thread_blocked, id=9560, stack(0x000000de3c600000,0x000000de3c700000)]
  0x00000239de838510 JavaThread "Service Thread" daemon [_thread_blocked, id=13968, stack(0x000000de3c700000,0x000000de3c800000)]
  0x00000239de838ec0 JavaThread "Monitor Deflation Thread" daemon [_thread_blocked, id=3844, stack(0x000000de3c800000,0x000000de3c900000)]
  0x00000239de83a680 JavaThread "C2 CompilerThread0" daemon [_thread_blocked, id=14268, stack(0x000000de3c900000,0x000000de3ca00000)]
  0x00000239de83b120 JavaThread "C1 CompilerThread0" daemon [_thread_blocked, id=9480, stack(0x000000de3ca00000,0x000000de3cb00000)]
  0x00000239de845b30 JavaThread "Sweeper thread" daemon [_thread_blocked, id=10200, stack(0x000000de3cb00000,0x000000de3cc00000)]
  0x00000239de9b7fc0 JavaThread "Common-Cleaner" daemon [_thread_blocked, id=15056, stack(0x000000de3cc00000,0x000000de3cd00000)]
  0x00000239deb1f060 JavaThread "Notification Thread" daemon [_thread_blocked, id=6736, stack(0x000000de3cd00000,0x000000de3ce00000)]
  0x00000239dec386c0 JavaThread "C2 CompilerThread1" daemon [_thread_blocked, id=11460, stack(0x000000de3cf00000,0x000000de3d000000)]
  0x00000239e15e9af0 JavaThread "Daemon health stats" [_thread_blocked, id=5252, stack(0x000000de3d500000,0x000000de3d600000)]
  0x00000239dffe9810 JavaThread "Incoming local TCP Connector on port 55737" [_thread_in_native, id=11052, stack(0x000000de3d600000,0x000000de3d700000)]
  0x00000239e03bb120 JavaThread "Daemon periodic checks" [_thread_blocked, id=10088, stack(0x000000de3d700000,0x000000de3d800000)]
  0x00000239e0e2b850 JavaThread "Daemon" [_thread_blocked, id=8048, stack(0x000000de3d800000,0x000000de3d900000)]
  0x00000239e0c930f0 JavaThread "Handler for socket connection from /127.0.0.1:55737 to /127.0.0.1:55738" [_thread_in_native, id=17404, stack(0x000000de3d900000,0x000000de3da00000)]
  0x00000239e0281dc0 JavaThread "Cancel handler" [_thread_blocked, id=13916, stack(0x000000de3da00000,0x000000de3db00000)]
  0x00000239e009ff70 JavaThread "Daemon worker" [_thread_blocked, id=7132, stack(0x000000de3db00000,0x000000de3dc00000)]
  0x00000239e0cc3840 JavaThread "Asynchronous log dispatcher for DefaultDaemonConnection: socket connection from /127.0.0.1:55737 to /127.0.0.1:55738" [_thread_blocked, id=1272, stack(0x000000de3dc00000,0x000000de3dd00000)]
  0x00000239df7704d0 JavaThread "Stdin handler" [_thread_blocked, id=10396, stack(0x000000de3dd00000,0x000000de3de00000)]
  0x00000239dfffd4f0 JavaThread "Daemon client event forwarder" [_thread_blocked, id=16128, stack(0x000000de3de00000,0x000000de3df00000)]
  0x00000239e0000510 JavaThread "Cache worker for journal cache (C:\Users\scher\.gradle\caches\journal-1)" [_thread_blocked, id=15408, stack(0x000000de3e200000,0x000000de3e300000)]
  0x00000239dffff6a0 JavaThread "File lock request listener" [_thread_in_native, id=16596, stack(0x000000de3e300000,0x000000de3e400000)]
  0x00000239dfffe830 JavaThread "Cache worker for file hash cache (C:\Users\scher\.gradle\caches\8.1\fileHashes)" [_thread_blocked, id=4132, stack(0x000000de3e400000,0x000000de3e500000)]
  0x00000239e00009e0 JavaThread "File watcher server" daemon [_thread_blocked, id=3356, stack(0x000000de3e600000,0x000000de3e700000)]
  0x00000239dfffd9c0 JavaThread "File watcher consumer" daemon [_thread_blocked, id=2748, stack(0x000000de3e700000,0x000000de3e800000)]
  0x00000239dfffe360 JavaThread "Cache worker for checksums cache (C:\Users\scher\Documents\PROJETOS ANDROID\NOVO\RECICLAAI\.gradle\8.1\checksums)" [_thread_blocked, id=11360, stack(0x000000de3e800000,0x000000de3e900000)]
  0x00000239dfffed00 JavaThread "Cache worker for cache directory md-rule (C:\Users\scher\.gradle\caches\8.1\md-rule)" [_thread_blocked, id=12768, stack(0x000000de3e900000,0x000000de3ea00000)]
  0x00000239dffff1d0 JavaThread "Cache worker for file content cache (C:\Users\scher\.gradle\caches\8.1\fileContent)" [_thread_blocked, id=1472, stack(0x000000de3ea00000,0x000000de3eb00000)]
  0x00000239dffffb70 JavaThread "Cache worker for file hash cache (C:\Users\scher\Documents\PROJETOS ANDROID\NOVO\RECICLAAI\.gradle\8.1\fileHashes)" [_thread_blocked, id=7068, stack(0x000000de3eb00000,0x000000de3ec00000)]
  0x00000239e0000040 JavaThread "Cache worker for cache directory md-supplier (C:\Users\scher\.gradle\caches\8.1\md-supplier)" [_thread_blocked, id=13984, stack(0x000000de3ec00000,0x000000de3ed00000)]
  0x00000239e0000eb0 JavaThread "Cache worker for execution history cache (C:\Users\scher\.gradle\caches\8.1\executionHistory)" [_thread_blocked, id=10936, stack(0x000000de3e500000,0x000000de3e600000)]
  0x00000239e0d3b850 JavaThread "jar transforms" [_thread_blocked, id=5436, stack(0x000000de3ed00000,0x000000de3ee00000)]
  0x00000239e0d3bd20 JavaThread "jar transforms Thread 2" [_thread_blocked, id=12420, stack(0x000000de3ee00000,0x000000de3ef00000)]
  0x00000239e0d40550 JavaThread "jar transforms Thread 3" [_thread_blocked, id=4708, stack(0x000000de3f000000,0x000000de3f100000)]
  0x00000239e0d42bd0 JavaThread "jar transforms Thread 4" [_thread_blocked, id=8736, stack(0x000000de3f100000,0x000000de3f200000)]
  0x00000239e0d3b380 JavaThread "Cache worker for dependencies-accessors (C:\Users\scher\Documents\PROJETOS ANDROID\NOVO\RECICLAAI\.gradle\8.1\dependencies-accessors)" [_thread_blocked, id=15404, stack(0x000000de3f200000,0x000000de3f300000)]
  0x00000239e0d3c6c0 JavaThread "jar transforms Thread 5" [_thread_blocked, id=13748, stack(0x000000de3f300000,0x000000de3f400000)]
  0x00000239e0d3da00 JavaThread "Cache worker for Build Output Cleanup Cache (C:\Users\scher\Documents\PROJETOS ANDROID\NOVO\RECICLAAI\.gradle\buildOutputCleanup)" [_thread_blocked, id=3300, stack(0x000000de3f400000,0x000000de3f500000)]
  0x00000239e0d3cb90 JavaThread "Unconstrained build operations" [_thread_blocked, id=17068, stack(0x000000de3f500000,0x000000de3f600000)]
  0x00000239e0d3e3a0 JavaThread "Unconstrained build operations Thread 2" [_thread_blocked, id=15256, stack(0x000000de3f600000,0x000000de3f700000)]
  0x00000239e0d3d060 JavaThread "Unconstrained build operations Thread 3" [_thread_blocked, id=10368, stack(0x000000de3f700000,0x000000de3f800000)]
  0x00000239e0d3d530 JavaThread "Unconstrained build operations Thread 4" [_thread_blocked, id=1772, stack(0x000000de3f800000,0x000000de3f900000)]
  0x00000239e0d41890 JavaThread "Unconstrained build operations Thread 5" [_thread_blocked, id=4360, stack(0x000000de3f900000,0x000000de3fa00000)]
  0x00000239e0d3e870 JavaThread "Unconstrained build operations Thread 6" [_thread_blocked, id=15032, stack(0x000000de3fa00000,0x000000de3fb00000)]
  0x00000239e0d41d60 JavaThread "Unconstrained build operations Thread 7" [_thread_blocked, id=10524, stack(0x000000de3fb00000,0x000000de3fc00000)]
  0x00000239e0d3f210 JavaThread "jar transforms Thread 6" [_thread_blocked, id=11268, stack(0x000000de3fc00000,0x000000de3fd00000)]
  0x00000239e0d3ded0 JavaThread "jar transforms Thread 7" [_thread_blocked, id=13476, stack(0x000000de3fd00000,0x000000de3fe00000)]
  0x00000239e0d40ef0 JavaThread "jar transforms Thread 8" [_thread_blocked, id=4456, stack(0x000000de3fe00000,0x000000de3ff00000)]
  0x00000239e0d413c0 JavaThread "build event listener" [_thread_blocked, id=13644, stack(0x000000de3ff00000,0x000000de40000000)]
  0x00000239e49f0230 JavaThread "Memory manager" [_thread_blocked, id=17268, stack(0x000000de40000000,0x000000de40100000)]
  0x00000239e49edbb0 JavaThread "included builds" [_thread_blocked, id=7452, stack(0x000000de40100000,0x000000de40200000)]
  0x00000239e49ee080 JavaThread "Execution worker" [_thread_blocked, id=11568, stack(0x000000de40200000,0x000000de40300000)]
  0x00000239e49f0700 JavaThread "Execution worker Thread 2" [_thread_blocked, id=8608, stack(0x000000de40300000,0x000000de40400000)]
  0x00000239e49f0bd0 JavaThread "Execution worker Thread 3" [_thread_blocked, id=7920, stack(0x000000de40400000,0x000000de40500000)]
  0x00000239e49f1f10 JavaThread "Execution worker Thread 4" [_thread_blocked, id=2312, stack(0x000000de40500000,0x000000de40600000)]
  0x00000239e49f10a0 JavaThread "Execution worker Thread 5" [_thread_blocked, id=8084, stack(0x000000de40600000,0x000000de40700000)]
  0x00000239e49eeef0 JavaThread "Execution worker Thread 6" [_thread_blocked, id=7400, stack(0x000000de40700000,0x000000de40800000)]
  0x00000239e49eb530 JavaThread "Execution worker Thread 7" [_thread_blocked, id=1344, stack(0x000000de40800000,0x000000de40900000)]
  0x00000239e49f1570 JavaThread "Cache worker for execution history cache (C:\Users\scher\Documents\PROJETOS ANDROID\NOVO\RECICLAAI\.gradle\8.1\executionHistory)" [_thread_blocked, id=1336, stack(0x000000de40900000,0x000000de40a00000)]
  0x00000239e49ebed0 JavaThread "Unconstrained build operations Thread 8" [_thread_blocked, id=10800, stack(0x000000de40a00000,0x000000de40b00000)]
  0x00000239e49f1a40 JavaThread "Unconstrained build operations Thread 9" [_thread_blocked, id=16840, stack(0x000000de40b00000,0x000000de40c00000)]
  0x00000239e49ef3c0 JavaThread "Unconstrained build operations Thread 10" [_thread_blocked, id=3540, stack(0x000000de40c00000,0x000000de40d00000)]
  0x00000239e49ef890 JavaThread "Unconstrained build operations Thread 11" [_thread_blocked, id=17120, stack(0x000000de40d00000,0x000000de40e00000)]
  0x00000239e49f23e0 JavaThread "Unconstrained build operations Thread 12" [_thread_blocked, id=8896, stack(0x000000de40e00000,0x000000de40f00000)]
  0x00000239e49f28b0 JavaThread "Unconstrained build operations Thread 13" [_thread_blocked, id=15944, stack(0x000000de40f00000,0x000000de41000000)]
  0x00000239e49eb060 JavaThread "Unconstrained build operations Thread 14" [_thread_blocked, id=2632, stack(0x000000de41000000,0x000000de41100000)]
  0x00000239e49ec870 JavaThread "Unconstrained build operations Thread 15" [_thread_blocked, id=7388, stack(0x000000de41100000,0x000000de41200000)]
  0x00000239e49ec3a0 JavaThread "Unconstrained build operations Thread 16" [_thread_blocked, id=14360, stack(0x000000de41200000,0x000000de41300000)]
  0x00000239e5407340 JavaThread "C2 CompilerThread2" daemon [_thread_in_native, id=8436, stack(0x000000de3ef00000,0x000000de3f000000)]
  0x00000239e7d678a0 JavaThread "Unconstrained build operations Thread 17" [_thread_blocked, id=1376, stack(0x000000de41300000,0x000000de41400000)]
  0x00000239e7d66090 JavaThread "Unconstrained build operations Thread 18" [_thread_blocked, id=1292, stack(0x000000de41400000,0x000000de41500000)]
  0x00000239e7d66560 JavaThread "Unconstrained build operations Thread 19" [_thread_blocked, id=3600, stack(0x000000de41500000,0x000000de41600000)]
  0x00000239e7d66a30 JavaThread "Unconstrained build operations Thread 20" [_thread_blocked, id=12696, stack(0x000000de41600000,0x000000de41700000)]
  0x00000239e7d66f00 JavaThread "Unconstrained build operations Thread 21" [_thread_blocked, id=8004, stack(0x000000de41700000,0x000000de41800000)]
  0x00000239e7d673d0 JavaThread "Unconstrained build operations Thread 22" [_thread_blocked, id=9876, stack(0x000000de41800000,0x000000de41900000)]
  0x00000239e4c13b30 JavaThread "Unconstrained build operations Thread 23" [_thread_blocked, id=16972, stack(0x000000de41900000,0x000000de41a00000)]
  0x00000239e7d3e7f0 JavaThread "Unconstrained build operations Thread 24" [_thread_blocked, id=8288, stack(0x000000de41a00000,0x000000de41b00000)]
  0x00000239e7d3de50 JavaThread "Unconstrained build operations Thread 25" [_thread_blocked, id=10944, stack(0x000000de41b00000,0x000000de41c00000)]
  0x00000239e7d3ecc0 JavaThread "Unconstrained build operations Thread 26" [_thread_blocked, id=9744, stack(0x000000de41c00000,0x000000de41d00000)]
  0x00000239e7d3f190 JavaThread "Unconstrained build operations Thread 27" [_thread_blocked, id=14388, stack(0x000000de41d00000,0x000000de41e00000)]
  0x00000239e7d3e320 JavaThread "Unconstrained build operations Thread 28" [_thread_blocked, id=15172, stack(0x000000de41e00000,0x000000de41f00000)]
  0x00000239e7d3d980 JavaThread "Unconstrained build operations Thread 29" [_thread_blocked, id=13220, stack(0x000000de41f00000,0x000000de42000000)]
  0x00000239e7cd1c60 JavaThread "Unconstrained build operations Thread 30" [_thread_blocked, id=6644, stack(0x000000de42000000,0x000000de42100000)]
  0x00000239e7cd1790 JavaThread "Unconstrained build operations Thread 31" [_thread_blocked, id=2896, stack(0x000000de42100000,0x000000de42200000)]
  0x00000239e4c12cc0 JavaThread "Unconstrained build operations Thread 32" [_thread_blocked, id=8596, stack(0x000000de42200000,0x000000de42300000)]
  0x00000239e4c11e50 JavaThread "Unconstrained build operations Thread 33" [_thread_blocked, id=9948, stack(0x000000de42300000,0x000000de42400000)]
  0x00000239e4c114b0 JavaThread "Unconstrained build operations Thread 34" [_thread_blocked, id=4296, stack(0x000000de42400000,0x000000de42500000)]
  0x00000239e4c12320 JavaThread "Unconstrained build operations Thread 35" [_thread_blocked, id=13960, stack(0x000000de42500000,0x000000de42600000)]
  0x00000239e4c10170 JavaThread "Unconstrained build operations Thread 36" [_thread_blocked, id=3744, stack(0x000000de42600000,0x000000de42700000)]
  0x00000239e4c11980 JavaThread "Unconstrained build operations Thread 37" [_thread_blocked, id=12648, stack(0x000000de42700000,0x000000de42800000)]
  0x00000239e4c10640 JavaThread "Unconstrained build operations Thread 38" [_thread_blocked, id=12680, stack(0x000000de42800000,0x000000de42900000)]
  0x00000239e7cd0920 JavaThread "Unconstrained build operations Thread 39" [_thread_blocked, id=16148, stack(0x000000de42900000,0x000000de42a00000)]
  0x00000239e7cd2130 JavaThread "Unconstrained build operations Thread 40" [_thread_blocked, id=1304, stack(0x000000de42a00000,0x000000de42b00000)]
  0x00000239e7cd0df0 JavaThread "Unconstrained build operations Thread 41" [_thread_blocked, id=1932, stack(0x000000de42b00000,0x000000de42c00000)]
  0x00000239e7cd12c0 JavaThread "Unconstrained build operations Thread 42" [_thread_blocked, id=16660, stack(0x000000de42c00000,0x000000de42d00000)]
  0x00000239e86a3270 JavaThread "Unconstrained build operations Thread 43" [_thread_blocked, id=10180, stack(0x000000de42d00000,0x000000de42e00000)]
  0x00000239e86a3c10 JavaThread "Unconstrained build operations Thread 44" [_thread_blocked, id=16020, stack(0x000000de42e00000,0x000000de42f00000)]
  0x00000239e86a1590 JavaThread "Unconstrained build operations Thread 45" [_thread_blocked, id=2568, stack(0x000000de42f00000,0x000000de43000000)]
  0x00000239e86a40e0 JavaThread "Unconstrained build operations Thread 46" [_thread_blocked, id=8332, stack(0x000000de43000000,0x000000de43100000)]
  0x00000239e8091e30 JavaThread "Unconstrained build operations Thread 47" [_thread_blocked, id=13944, stack(0x000000de43100000,0x000000de43200000)]
  0x00000239e49eba00 JavaThread "Unconstrained build operations Thread 48" [_thread_blocked, id=6788, stack(0x000000de43200000,0x000000de43300000)]
  0x00000239e8086ac0 JavaThread "Unconstrained build operations Thread 49" [_thread_blocked, id=9248, stack(0x000000de43300000,0x000000de43400000)]
  0x00000239e8089610 JavaThread "Unconstrained build operations Thread 50" [_thread_blocked, id=8888, stack(0x000000de43400000,0x000000de43500000)]
  0x00000239e80865f0 JavaThread "Unconstrained build operations Thread 51" [_thread_blocked, id=15304, stack(0x000000de43500000,0x000000de43600000)]
  0x00000239e8087e00 JavaThread "Unconstrained build operations Thread 52" [_thread_blocked, id=3456, stack(0x000000de43600000,0x000000de43700000)]
  0x00000239e8086f90 JavaThread "Unconstrained build operations Thread 53" [_thread_blocked, id=5368, stack(0x000000de43700000,0x000000de43800000)]
  0x00000239e7e120c0 JavaThread "Unconstrained build operations Thread 54" [_thread_blocked, id=15336, stack(0x000000de43800000,0x000000de43900000)]
  0x00000239e7e12590 JavaThread "Unconstrained build operations Thread 55" [_thread_blocked, id=11328, stack(0x000000de43900000,0x000000de43a00000)]
  0x00000239e7e11720 JavaThread "Unconstrained build operations Thread 56" [_thread_blocked, id=7048, stack(0x000000de43a00000,0x000000de43b00000)]
  0x00000239e7e10d80 JavaThread "Unconstrained build operations Thread 57" [_thread_blocked, id=12820, stack(0x000000de43b00000,0x000000de43c00000)]
  0x00000239e7e11250 JavaThread "Unconstrained build operations Thread 58" [_thread_blocked, id=11192, stack(0x000000de43c00000,0x000000de43d00000)]
  0x00000239e7e11bf0 JavaThread "Unconstrained build operations Thread 59" [_thread_blocked, id=6048, stack(0x000000de43d00000,0x000000de43e00000)]
  0x00000239e4cfa210 JavaThread "Unconstrained build operations Thread 60" [_thread_blocked, id=3364, stack(0x000000de43e00000,0x000000de43f00000)]
  0x00000239e8089fb0 JavaThread "Unconstrained build operations Thread 61" [_thread_blocked, id=15952, stack(0x000000de43f00000,0x000000de44000000)]
  0x00000239e8089ae0 JavaThread "Unconstrained build operations Thread 62" [_thread_blocked, id=2552, stack(0x000000de44000000,0x000000de44100000)]
  0x00000239e80882d0 JavaThread "Cache worker for Java compile cache (C:\Users\scher\.gradle\caches\8.1\javaCompile)" [_thread_blocked, id=12172, stack(0x000000de44100000,0x000000de44200000)]
  0x00000239e80887a0 JavaThread "Build operations" [_thread_blocked, id=10156, stack(0x000000de44200000,0x000000de44300000)]
  0x00000239e8092300 JavaThread "Build operations Thread 2" [_thread_blocked, id=3076, stack(0x000000de44300000,0x000000de44400000)]
  0x00000239e80927d0 JavaThread "Build operations Thread 3" [_thread_blocked, id=8524, stack(0x000000de44400000,0x000000de44500000)]
  0x00000239e8091490 JavaThread "Build operations Thread 4" [_thread_blocked, id=2788, stack(0x000000de44500000,0x000000de44600000)]
  0x00000239e4fadee0 JavaThread "Build operations Thread 5" [_thread_blocked, id=13192, stack(0x000000de44600000,0x000000de44700000)]
  0x00000239e4fada10 JavaThread "Build operations Thread 6" [_thread_blocked, id=16928, stack(0x000000de44700000,0x000000de44800000)]
  0x00000239e4fad070 JavaThread "Build operations Thread 7" [_thread_blocked, id=13436, stack(0x000000de44800000,0x000000de44900000)]

Other Threads:
=>0x00000239dded0c30 VMThread "VM Thread" [stack: 0x000000de3c200000,0x000000de3c300000] [id=17312]
  0x00000239dea76900 WatcherThread [stack: 0x000000de3ce00000,0x000000de3cf00000] [id=12092]
  0x00000239c40cdeb0 GCTaskThread "GC Thread#0" [stack: 0x000000de3bd00000,0x000000de3be00000] [id=12340]
  0x00000239df15f760 GCTaskThread "GC Thread#1" [stack: 0x000000de3d100000,0x000000de3d200000] [id=7520]
  0x00000239df15fa10 GCTaskThread "GC Thread#2" [stack: 0x000000de3d200000,0x000000de3d300000] [id=11244]
  0x00000239df94ffd0 GCTaskThread "GC Thread#3" [stack: 0x000000de3d300000,0x000000de3d400000] [id=9316]
  0x00000239e00a54b0 GCTaskThread "GC Thread#4" [stack: 0x000000de3d400000,0x000000de3d500000] [id=4984]
  0x00000239e1023300 GCTaskThread "GC Thread#5" [stack: 0x000000de3d000000,0x000000de3d100000] [id=4420]
  0x00000239e1020560 GCTaskThread "GC Thread#6" [stack: 0x000000de3df00000,0x000000de3e000000] [id=17200]
  0x00000239df63c030 GCTaskThread "GC Thread#7" [stack: 0x000000de3e000000,0x000000de3e100000] [id=8552]
  0x00000239c40e0e00 ConcurrentGCThread "G1 Main Marker" [stack: 0x000000de3be00000,0x000000de3bf00000] [id=4524]
  0x00000239c40e1810 ConcurrentGCThread "G1 Conc#0" [stack: 0x000000de3bf00000,0x000000de3c000000] [id=7712]
  0x00000239e1836320 ConcurrentGCThread "G1 Conc#1" [stack: 0x000000de3e100000,0x000000de3e200000] [id=6472]
  0x00000239ddd240e0 ConcurrentGCThread "G1 Refine#0" [stack: 0x000000de3c000000,0x000000de3c100000] [id=8696]
  0x00000239ddd24b00 ConcurrentGCThread "G1 Service" [stack: 0x000000de3c100000,0x000000de3c200000] [id=7964]

Threads with active compile tasks:
C2 CompilerThread0    12737 11253       4       org.gradle.api.internal.tasks.compile.incremental.serialization.HierarchicalNameSerializer::readFirstOccurrenceOfName (60 bytes)
C2 CompilerThread1    12737 11256       4       com.google.common.collect.HashBiMap::put (188 bytes)
C2 CompilerThread2    12737 11266       4       org.gradle.api.internal.tasks.compile.incremental.compilerapi.deps.DependentSetSerializer::read (198 bytes)

VM state: at safepoint (normal execution)

VM Mutex/Monitor currently owned by a thread:  ([mutex/lock_event])
[0x00000239c406bf40] Threads_lock - owner thread: 0x00000239dded0c30
[0x00000239c406c330] Heap_lock - owner thread: 0x00000239e49f0700

Heap address: 0x0000000080000000, size: 2048 MB, Compressed Oops mode: 32-bit

CDS archive(s) not mapped
Compressed class space mapped at: 0x0000000100000000-0x0000000140000000, reserved size: 1073741824
Narrow klass base: 0x0000000000000000, Narrow klass shift: 3, Narrow klass range: 0x140000000

GC Precious Log:
 CPUs: 8 total, 8 available
 Memory: 8072M
 Large Page Support: Disabled
 NUMA Support: Disabled
 Compressed Oops: Enabled (32-bit)
 Heap Region Size: 1M
 Heap Min Capacity: 8M
 Heap Initial Capacity: 128M
 Heap Max Capacity: 2G
 Pre-touch: Disabled
 Parallel Workers: 8
 Concurrent Workers: 2
 Concurrent Refinement Workers: 8
 Periodic GC: Disabled

Heap:
 garbage-first heap   total 179200K, used 99214K [0x0000000080000000, 0x0000000100000000)
  region size 1024K, 7 young (7168K), 7 survivors (7168K)
 Metaspace       used 91004K, committed 91648K, reserved 1130496K
  class space    used 12524K, committed 12800K, reserved 1048576K

Heap Regions: E=young(eden), S=young(survivor), O=old, HS=humongous(starts), HC=humongous(continues), CS=collection set, F=free, OA=open archive, CA=closed archive, TAMS=top-at-mark-start (previous, next)
|   0|0x0000000080000000, 0x0000000080100000, 0x0000000080100000|100%|HS|  |TAMS 0x0000000080100000, 0x0000000080100000| Complete 
|   1|0x0000000080100000, 0x0000000080200000, 0x0000000080200000|100%|HC|  |TAMS 0x0000000080200000, 0x0000000080200000| Complete 
|   2|0x0000000080200000, 0x0000000080300000, 0x0000000080300000|100%|HC|  |TAMS 0x0000000080300000, 0x0000000080300000| Complete 
|   3|0x0000000080300000, 0x0000000080400000, 0x0000000080400000|100%|HC|  |TAMS 0x0000000080400000, 0x0000000080400000| Complete 
|   4|0x0000000080400000, 0x0000000080500000, 0x0000000080500000|100%| O|  |TAMS 0x0000000080500000, 0x0000000080500000| Untracked 
|   5|0x0000000080500000, 0x0000000080600000, 0x0000000080600000|100%| O|  |TAMS 0x0000000080600000, 0x0000000080600000| Untracked 
|   6|0x0000000080600000, 0x0000000080700000, 0x0000000080700000|100%| O|  |TAMS 0x0000000080700000, 0x0000000080700000| Untracked 
|   7|0x0000000080700000, 0x0000000080800000, 0x0000000080800000|100%| O|  |TAMS 0x0000000080800000, 0x0000000080800000| Untracked 
|   8|0x0000000080800000, 0x0000000080900000, 0x0000000080900000|100%| O|  |TAMS 0x0000000080900000, 0x0000000080900000| Untracked 
|   9|0x0000000080900000, 0x0000000080a00000, 0x0000000080a00000|100%| O|  |TAMS 0x0000000080a00000, 0x0000000080a00000| Untracked 
|  10|0x0000000080a00000, 0x0000000080b00000, 0x0000000080b00000|100%| O|  |TAMS 0x0000000080b00000, 0x0000000080b00000| Untracked 
|  11|0x0000000080b00000, 0x0000000080c00000, 0x0000000080c00000|100%| O|  |TAMS 0x0000000080c00000, 0x0000000080c00000| Untracked 
|  12|0x0000000080c00000, 0x0000000080d00000, 0x0000000080d00000|100%| O|  |TAMS 0x0000000080d00000, 0x0000000080d00000| Untracked 
|  13|0x0000000080d00000, 0x0000000080e00000, 0x0000000080e00000|100%| O|  |TAMS 0x0000000080e00000, 0x0000000080e00000| Untracked 
|  14|0x0000000080e00000, 0x0000000080f00000, 0x0000000080f00000|100%| O|  |TAMS 0x0000000080f00000, 0x0000000080f00000| Untracked 
|  15|0x0000000080f00000, 0x0000000081000000, 0x0000000081000000|100%| O|  |TAMS 0x0000000081000000, 0x0000000081000000| Untracked 
|  16|0x0000000081000000, 0x0000000081100000, 0x0000000081100000|100%| O|  |TAMS 0x0000000081100000, 0x0000000081100000| Untracked 
|  17|0x0000000081100000, 0x0000000081200000, 0x0000000081200000|100%| O|  |TAMS 0x0000000081200000, 0x0000000081200000| Untracked 
|  18|0x0000000081200000, 0x0000000081300000, 0x0000000081300000|100%| O|  |TAMS 0x0000000081300000, 0x0000000081300000| Untracked 
|  19|0x0000000081300000, 0x0000000081400000, 0x0000000081400000|100%| O|  |TAMS 0x0000000081400000, 0x0000000081400000| Untracked 
|  20|0x0000000081400000, 0x0000000081500000, 0x0000000081500000|100%|HS|  |TAMS 0x0000000081500000, 0x0000000081500000| Complete 
|  21|0x0000000081500000, 0x0000000081600000, 0x0000000081600000|100%|HS|  |TAMS 0x0000000081600000, 0x0000000081600000| Complete 
|  22|0x0000000081600000, 0x0000000081700000, 0x0000000081700000|100%| O|  |TAMS 0x0000000081700000, 0x0000000081700000| Untracked 
|  23|0x0000000081700000, 0x0000000081800000, 0x0000000081800000|100%| O|  |TAMS 0x0000000081800000, 0x0000000081800000| Untracked 
|  24|0x0000000081800000, 0x0000000081900000, 0x0000000081900000|100%| O|  |TAMS 0x0000000081900000, 0x0000000081900000| Untracked 
|  25|0x0000000081900000, 0x0000000081a00000, 0x0000000081a00000|100%| O|  |TAMS 0x0000000081a00000, 0x0000000081a00000| Untracked 
|  26|0x0000000081a00000, 0x0000000081b00000, 0x0000000081b00000|100%| O|  |TAMS 0x0000000081b00000, 0x0000000081b00000| Untracked 
|  27|0x0000000081b00000, 0x0000000081c00000, 0x0000000081c00000|100%|HS|  |TAMS 0x0000000081c00000, 0x0000000081c00000| Complete 
|  28|0x0000000081c00000, 0x0000000081d00000, 0x0000000081d00000|100%| O|  |TAMS 0x0000000081d00000, 0x0000000081d00000| Untracked 
|  29|0x0000000081d00000, 0x0000000081e00000, 0x0000000081e00000|100%|HS|  |TAMS 0x0000000081e00000, 0x0000000081e00000| Complete 
|  30|0x0000000081e00000, 0x0000000081f00000, 0x0000000081f00000|100%| O|  |TAMS 0x0000000081f00000, 0x0000000081f00000| Untracked 
|  31|0x0000000081f00000, 0x0000000082000000, 0x0000000082000000|100%| O|  |TAMS 0x0000000082000000, 0x0000000082000000| Untracked 
|  32|0x0000000082000000, 0x0000000082100000, 0x0000000082100000|100%| O|  |TAMS 0x0000000082100000, 0x0000000082100000| Untracked 
|  33|0x0000000082100000, 0x0000000082200000, 0x0000000082200000|100%| O|  |TAMS 0x0000000082200000, 0x0000000082200000| Untracked 
|  34|0x0000000082200000, 0x0000000082300000, 0x0000000082300000|100%| O|  |TAMS 0x0000000082300000, 0x0000000082300000| Untracked 
|  35|0x0000000082300000, 0x0000000082400000, 0x0000000082400000|100%| O|  |TAMS 0x0000000082400000, 0x0000000082400000| Untracked 
|  36|0x0000000082400000, 0x0000000082500000, 0x0000000082500000|100%| O|  |TAMS 0x0000000082500000, 0x0000000082500000| Untracked 
|  37|0x0000000082500000, 0x0000000082600000, 0x0000000082600000|100%| O|  |TAMS 0x0000000082600000, 0x0000000082600000| Untracked 
|  38|0x0000000082600000, 0x0000000082700000, 0x0000000082700000|100%| O|  |TAMS 0x0000000082700000, 0x0000000082700000| Untracked 
|  39|0x0000000082700000, 0x0000000082800000, 0x0000000082800000|100%| O|  |TAMS 0x0000000082800000, 0x0000000082800000| Untracked 
|  40|0x0000000082800000, 0x0000000082900000, 0x0000000082900000|100%| O|  |TAMS 0x0000000082900000, 0x0000000082900000| Untracked 
|  41|0x0000000082900000, 0x0000000082a00000, 0x0000000082a00000|100%| O|  |TAMS 0x0000000082a00000, 0x0000000082a00000| Untracked 
|  42|0x0000000082a00000, 0x0000000082b00000, 0x0000000082b00000|100%| O|  |TAMS 0x0000000082b00000, 0x0000000082b00000| Untracked 
|  43|0x0000000082b00000, 0x0000000082c00000, 0x0000000082c00000|100%| O|  |TAMS 0x0000000082c00000, 0x0000000082c00000| Untracked 
|  44|0x0000000082c00000, 0x0000000082d00000, 0x0000000082d00000|100%| O|  |TAMS 0x0000000082d00000, 0x0000000082d00000| Untracked 
|  45|0x0000000082d00000, 0x0000000082e00000, 0x0000000082e00000|100%| O|  |TAMS 0x0000000082e00000, 0x0000000082e00000| Untracked 
|  46|0x0000000082e00000, 0x0000000082f00000, 0x0000000082f00000|100%| O|  |TAMS 0x0000000082f00000, 0x0000000082f00000| Untracked 
|  47|0x0000000082f00000, 0x0000000083000000, 0x0000000083000000|100%| O|  |TAMS 0x0000000083000000, 0x0000000083000000| Untracked 
|  48|0x0000000083000000, 0x0000000083100000, 0x0000000083100000|100%| O|  |TAMS 0x0000000083100000, 0x0000000083100000| Untracked 
|  49|0x0000000083100000, 0x0000000083200000, 0x0000000083200000|100%| O|  |TAMS 0x0000000083200000, 0x0000000083200000| Untracked 
|  50|0x0000000083200000, 0x0000000083300000, 0x0000000083300000|100%| O|  |TAMS 0x0000000083300000, 0x0000000083300000| Untracked 
|  51|0x0000000083300000, 0x0000000083400000, 0x0000000083400000|100%| O|  |TAMS 0x0000000083400000, 0x0000000083400000| Untracked 
|  52|0x0000000083400000, 0x0000000083500000, 0x0000000083500000|100%| O|  |TAMS 0x0000000083500000, 0x0000000083500000| Untracked 
|  53|0x0000000083500000, 0x0000000083600000, 0x0000000083600000|100%| O|  |TAMS 0x0000000083600000, 0x0000000083600000| Untracked 
|  54|0x0000000083600000, 0x0000000083700000, 0x0000000083700000|100%| O|  |TAMS 0x0000000083700000, 0x0000000083700000| Untracked 
|  55|0x0000000083700000, 0x0000000083800000, 0x0000000083800000|100%| O|  |TAMS 0x0000000083800000, 0x0000000083800000| Untracked 
|  56|0x0000000083800000, 0x0000000083900000, 0x0000000083900000|100%| O|  |TAMS 0x0000000083900000, 0x0000000083900000| Untracked 
|  57|0x0000000083900000, 0x0000000083a00000, 0x0000000083a00000|100%| O|  |TAMS 0x0000000083a00000, 0x0000000083a00000| Untracked 
|  58|0x0000000083a00000, 0x0000000083b00000, 0x0000000083b00000|100%| O|  |TAMS 0x0000000083b00000, 0x0000000083b00000| Untracked 
|  59|0x0000000083b00000, 0x0000000083c00000, 0x0000000083c00000|100%| O|  |TAMS 0x0000000083c00000, 0x0000000083c00000| Untracked 
|  60|0x0000000083c00000, 0x0000000083d00000, 0x0000000083d00000|100%| O|  |TAMS 0x0000000083d00000, 0x0000000083d00000| Untracked 
|  61|0x0000000083d00000, 0x0000000083e00000, 0x0000000083e00000|100%| O|  |TAMS 0x0000000083e00000, 0x0000000083e00000| Untracked 
|  62|0x0000000083e00000, 0x0000000083f00000, 0x0000000083f00000|100%| O|  |TAMS 0x0000000083f00000, 0x0000000083f00000| Untracked 
|  63|0x0000000083f00000, 0x0000000084000000, 0x0000000084000000|100%| O|  |TAMS 0x0000000084000000, 0x0000000084000000| Untracked 
|  64|0x0000000084000000, 0x0000000084100000, 0x0000000084100000|100%| O|  |TAMS 0x0000000084100000, 0x0000000084100000| Untracked 
|  65|0x0000000084100000, 0x0000000084200000, 0x0000000084200000|100%| O|  |TAMS 0x0000000084200000, 0x0000000084200000| Untracked 
|  66|0x0000000084200000, 0x0000000084300000, 0x0000000084300000|100%| O|  |TAMS 0x0000000084300000, 0x0000000084300000| Untracked 
|  67|0x0000000084300000, 0x0000000084400000, 0x0000000084400000|100%| O|  |TAMS 0x0000000084400000, 0x0000000084400000| Untracked 
|  68|0x0000000084400000, 0x0000000084500000, 0x0000000084500000|100%| O|  |TAMS 0x0000000084500000, 0x0000000084500000| Untracked 
|  69|0x0000000084500000, 0x0000000084600000, 0x0000000084600000|100%| O|  |TAMS 0x0000000084600000, 0x0000000084600000| Untracked 
|  70|0x0000000084600000, 0x0000000084700000, 0x0000000084700000|100%| O|  |TAMS 0x0000000084700000, 0x0000000084700000| Untracked 
|  71|0x0000000084700000, 0x0000000084800000, 0x0000000084800000|100%| O|  |TAMS 0x0000000084800000, 0x0000000084800000| Untracked 
|  72|0x0000000084800000, 0x0000000084900000, 0x0000000084900000|100%| O|  |TAMS 0x0000000084900000, 0x0000000084900000| Untracked 
|  73|0x0000000084900000, 0x0000000084a00000, 0x0000000084a00000|100%| O|  |TAMS 0x0000000084a00000, 0x0000000084a00000| Untracked 
|  74|0x0000000084a00000, 0x0000000084b00000, 0x0000000084b00000|100%| O|  |TAMS 0x0000000084b00000, 0x0000000084b00000| Untracked 
|  75|0x0000000084b00000, 0x0000000084c00000, 0x0000000084c00000|100%| O|  |TAMS 0x0000000084c00000, 0x0000000084c00000| Untracked 
|  76|0x0000000084c00000, 0x0000000084d00000, 0x0000000084d00000|100%| O|  |TAMS 0x0000000084d00000, 0x0000000084d00000| Untracked 
|  77|0x0000000084d00000, 0x0000000084e00000, 0x0000000084e00000|100%| O|  |TAMS 0x0000000084e00000, 0x0000000084e00000| Untracked 
|  78|0x0000000084e00000, 0x0000000084e00000, 0x0000000084f00000|  0%| F|  |TAMS 0x0000000084e00000, 0x0000000084e00000| Untracked 
|  79|0x0000000084f00000, 0x0000000085000000, 0x0000000085000000|100%| O|  |TAMS 0x0000000084f00000, 0x0000000085000000| Untracked 
|  80|0x0000000085000000, 0x0000000085100000, 0x0000000085100000|100%| O|  |TAMS 0x0000000085000000, 0x0000000085100000| Untracked 
|  81|0x0000000085100000, 0x0000000085200000, 0x0000000085200000|100%| O|  |TAMS 0x0000000085100000, 0x0000000085200000| Untracked 
|  82|0x0000000085200000, 0x0000000085300000, 0x0000000085300000|100%| O|  |TAMS 0x0000000085200000, 0x0000000085300000| Untracked 
|  83|0x0000000085300000, 0x0000000085400000, 0x0000000085400000|100%| O|  |TAMS 0x0000000085300000, 0x0000000085400000| Untracked 
|  84|0x0000000085400000, 0x0000000085500000, 0x0000000085500000|100%| O|  |TAMS 0x0000000085400000, 0x0000000085500000| Untracked 
|  85|0x0000000085500000, 0x0000000085600000, 0x0000000085600000|100%| O|  |TAMS 0x0000000085500000, 0x0000000085600000| Untracked 
|  86|0x0000000085600000, 0x0000000085700000, 0x0000000085700000|100%| O|  |TAMS 0x0000000085600000, 0x0000000085700000| Untracked 
|  87|0x0000000085700000, 0x0000000085800000, 0x0000000085800000|100%| O|  |TAMS 0x0000000085700000, 0x0000000085800000| Untracked 
|  88|0x0000000085800000, 0x0000000085900000, 0x0000000085900000|100%| O|  |TAMS 0x0000000085800000, 0x0000000085900000| Untracked 
|  89|0x0000000085900000, 0x0000000085a00000, 0x0000000085a00000|100%| O|  |TAMS 0x0000000085900000, 0x00000000859fb000| Untracked 
|  90|0x0000000085a00000, 0x0000000085a00000, 0x0000000085b00000|  0%| F|  |TAMS 0x0000000085a00000, 0x0000000085a00000| Untracked 
|  91|0x0000000085b00000, 0x0000000085b00000, 0x0000000085c00000|  0%| F|  |TAMS 0x0000000085b00000, 0x0000000085b00000| Untracked 
|  92|0x0000000085c00000, 0x0000000085c00000, 0x0000000085d00000|  0%| F|  |TAMS 0x0000000085c00000, 0x0000000085c00000| Untracked 
|  93|0x0000000085d00000, 0x0000000085d00000, 0x0000000085e00000|  0%| F|  |TAMS 0x0000000085d00000, 0x0000000085d00000| Untracked 
|  94|0x0000000085e00000, 0x0000000085ee3a00, 0x0000000085f00000| 88%| O|  |TAMS 0x0000000085e00000, 0x0000000085e00000| Untracked 
|  95|0x0000000085f00000, 0x0000000085f00000, 0x0000000086000000|  0%| F|  |TAMS 0x0000000085f00000, 0x0000000085f00000| Untracked 
|  96|0x0000000086000000, 0x0000000086000000, 0x0000000086100000|  0%| F|  |TAMS 0x0000000086000000, 0x0000000086000000| Untracked 
|  97|0x0000000086100000, 0x0000000086100000, 0x0000000086200000|  0%| F|  |TAMS 0x0000000086100000, 0x0000000086100000| Untracked 
|  98|0x0000000086200000, 0x0000000086200000, 0x0000000086300000|  0%| F|  |TAMS 0x0000000086200000, 0x0000000086200000| Untracked 
|  99|0x0000000086300000, 0x0000000086300000, 0x0000000086400000|  0%| F|  |TAMS 0x0000000086300000, 0x0000000086300000| Untracked 
| 100|0x0000000086400000, 0x0000000086400000, 0x0000000086500000|  0%| F|  |TAMS 0x0000000086400000, 0x0000000086400000| Untracked 
| 101|0x0000000086500000, 0x0000000086500000, 0x0000000086600000|  0%| F|  |TAMS 0x0000000086500000, 0x0000000086500000| Untracked 
| 102|0x0000000086600000, 0x0000000086600000, 0x0000000086700000|  0%| F|  |TAMS 0x0000000086600000, 0x0000000086600000| Untracked 
| 103|0x0000000086700000, 0x0000000086700000, 0x0000000086800000|  0%| F|  |TAMS 0x0000000086700000, 0x0000000086700000| Untracked 
| 104|0x0000000086800000, 0x0000000086800000, 0x0000000086900000|  0%| F|  |TAMS 0x0000000086800000, 0x0000000086800000| Untracked 
| 105|0x0000000086900000, 0x0000000086900000, 0x0000000086a00000|  0%| F|  |TAMS 0x0000000086900000, 0x0000000086900000| Untracked 
| 106|0x0000000086a00000, 0x0000000086a00000, 0x0000000086b00000|  0%| F|  |TAMS 0x0000000086a00000, 0x0000000086a00000| Untracked 
| 107|0x0000000086b00000, 0x0000000086b00000, 0x0000000086c00000|  0%| F|  |TAMS 0x0000000086b00000, 0x0000000086b00000| Untracked 
| 108|0x0000000086c00000, 0x0000000086c00000, 0x0000000086d00000|  0%| F|  |TAMS 0x0000000086c00000, 0x0000000086c00000| Untracked 
| 109|0x0000000086d00000, 0x0000000086d00000, 0x0000000086e00000|  0%| F|  |TAMS 0x0000000086d00000, 0x0000000086d00000| Untracked 
| 110|0x0000000086e00000, 0x0000000086e00000, 0x0000000086f00000|  0%| F|  |TAMS 0x0000000086e00000, 0x0000000086e00000| Untracked 
| 111|0x0000000086f00000, 0x0000000086f00000, 0x0000000087000000|  0%| F|  |TAMS 0x0000000086f00000, 0x0000000086f00000| Untracked 
| 112|0x0000000087000000, 0x0000000087100000, 0x0000000087100000|100%| S|CS|TAMS 0x0000000087000000, 0x0000000087000000| Complete 
| 113|0x0000000087100000, 0x0000000087200000, 0x0000000087200000|100%| S|CS|TAMS 0x0000000087100000, 0x0000000087100000| Complete 
| 114|0x0000000087200000, 0x0000000087300000, 0x0000000087300000|100%| S|CS|TAMS 0x0000000087200000, 0x0000000087200000| Complete 
| 115|0x0000000087300000, 0x0000000087400000, 0x0000000087400000|100%| S|CS|TAMS 0x0000000087300000, 0x0000000087300000| Complete 
| 116|0x0000000087400000, 0x0000000087500000, 0x0000000087500000|100%| S|CS|TAMS 0x0000000087400000, 0x0000000087400000| Complete 
| 117|0x0000000087500000, 0x0000000087600000, 0x0000000087600000|100%| S|CS|TAMS 0x0000000087500000, 0x0000000087500000| Complete 
| 118|0x0000000087600000, 0x0000000087700000, 0x0000000087700000|100%| S|CS|TAMS 0x0000000087600000, 0x0000000087600000| Complete 
| 119|0x0000000087700000, 0x0000000087700000, 0x0000000087800000|  0%| F|  |TAMS 0x0000000087700000, 0x0000000087700000| Untracked 
| 120|0x0000000087800000, 0x0000000087800000, 0x0000000087900000|  0%| F|  |TAMS 0x0000000087800000, 0x0000000087800000| Untracked 
| 121|0x0000000087900000, 0x0000000087900000, 0x0000000087a00000|  0%| F|  |TAMS 0x0000000087900000, 0x0000000087900000| Untracked 
| 122|0x0000000087a00000, 0x0000000087a00000, 0x0000000087b00000|  0%| F|  |TAMS 0x0000000087a00000, 0x0000000087a00000| Untracked 
| 123|0x0000000087b00000, 0x0000000087b00000, 0x0000000087c00000|  0%| F|  |TAMS 0x0000000087b00000, 0x0000000087b00000| Untracked 
| 124|0x0000000087c00000, 0x0000000087c00000, 0x0000000087d00000|  0%| F|  |TAMS 0x0000000087c00000, 0x0000000087c00000| Untracked 
| 125|0x0000000087d00000, 0x0000000087d00000, 0x0000000087e00000|  0%| F|  |TAMS 0x0000000087d00000, 0x0000000087d00000| Untracked 
| 126|0x0000000087e00000, 0x0000000087e00000, 0x0000000087f00000|  0%| F|  |TAMS 0x0000000087e00000, 0x0000000087e00000| Untracked 
| 127|0x0000000087f00000, 0x0000000087f00000, 0x0000000088000000|  0%| F|  |TAMS 0x0000000087f00000, 0x0000000087f00000| Untracked 
| 128|0x0000000088000000, 0x0000000088000000, 0x0000000088100000|  0%| F|  |TAMS 0x0000000088000000, 0x0000000088000000| Untracked 
| 129|0x0000000088100000, 0x0000000088100000, 0x0000000088200000|  0%| F|  |TAMS 0x0000000088100000, 0x0000000088100000| Untracked 
| 130|0x0000000088200000, 0x0000000088200000, 0x0000000088300000|  0%| F|  |TAMS 0x0000000088200000, 0x0000000088200000| Untracked 
| 131|0x0000000088300000, 0x0000000088300000, 0x0000000088400000|  0%| F|  |TAMS 0x0000000088300000, 0x0000000088300000| Untracked 
| 132|0x0000000088400000, 0x0000000088400000, 0x0000000088500000|  0%| F|  |TAMS 0x0000000088400000, 0x0000000088400000| Untracked 
| 133|0x0000000088500000, 0x0000000088500000, 0x0000000088600000|  0%| F|  |TAMS 0x0000000088500000, 0x0000000088500000| Untracked 
| 134|0x0000000088600000, 0x0000000088600000, 0x0000000088700000|  0%| F|  |TAMS 0x0000000088600000, 0x0000000088600000| Untracked 
| 135|0x0000000088700000, 0x0000000088700000, 0x0000000088800000|  0%| F|  |TAMS 0x0000000088700000, 0x0000000088700000| Untracked 
| 136|0x0000000088800000, 0x0000000088800000, 0x0000000088900000|  0%| F|  |TAMS 0x0000000088800000, 0x0000000088800000| Untracked 
| 137|0x0000000088900000, 0x0000000088900000, 0x0000000088a00000|  0%| F|  |TAMS 0x0000000088900000, 0x0000000088900000| Untracked 
| 138|0x0000000088a00000, 0x0000000088a00000, 0x0000000088b00000|  0%| F|  |TAMS 0x0000000088a00000, 0x0000000088a00000| Untracked 
| 139|0x0000000088b00000, 0x0000000088b00000, 0x0000000088c00000|  0%| F|  |TAMS 0x0000000088b00000, 0x0000000088b00000| Untracked 
| 140|0x0000000088c00000, 0x0000000088c00000, 0x0000000088d00000|  0%| F|  |TAMS 0x0000000088c00000, 0x0000000088c00000| Untracked 
| 141|0x0000000088d00000, 0x0000000088d00000, 0x0000000088e00000|  0%| F|  |TAMS 0x0000000088d00000, 0x0000000088d00000| Untracked 
| 142|0x0000000088e00000, 0x0000000088e00000, 0x0000000088f00000|  0%| F|  |TAMS 0x0000000088e00000, 0x0000000088e00000| Untracked 
| 143|0x0000000088f00000, 0x0000000088f00000, 0x0000000089000000|  0%| F|  |TAMS 0x0000000088f00000, 0x0000000088f00000| Untracked 
| 144|0x0000000089000000, 0x0000000089000000, 0x0000000089100000|  0%| F|  |TAMS 0x0000000089000000, 0x0000000089000000| Untracked 
| 145|0x0000000089100000, 0x0000000089100000, 0x0000000089200000|  0%| F|  |TAMS 0x0000000089100000, 0x0000000089100000| Untracked 
| 146|0x0000000089200000, 0x0000000089200000, 0x0000000089300000|  0%| F|  |TAMS 0x0000000089200000, 0x0000000089200000| Untracked 
| 147|0x0000000089300000, 0x0000000089300000, 0x0000000089400000|  0%| F|  |TAMS 0x0000000089300000, 0x0000000089300000| Untracked 
| 148|0x0000000089400000, 0x0000000089400000, 0x0000000089500000|  0%| F|  |TAMS 0x0000000089400000, 0x0000000089400000| Untracked 
| 149|0x0000000089500000, 0x0000000089500000, 0x0000000089600000|  0%| F|  |TAMS 0x0000000089500000, 0x0000000089500000| Untracked 
| 150|0x0000000089600000, 0x0000000089600000, 0x0000000089700000|  0%| F|  |TAMS 0x0000000089600000, 0x0000000089600000| Untracked 
| 151|0x0000000089700000, 0x0000000089700000, 0x0000000089800000|  0%| F|  |TAMS 0x0000000089700000, 0x0000000089700000| Untracked 
| 152|0x0000000089800000, 0x0000000089800000, 0x0000000089900000|  0%| F|  |TAMS 0x0000000089800000, 0x0000000089800000| Untracked 
| 153|0x0000000089900000, 0x0000000089900000, 0x0000000089a00000|  0%| F|  |TAMS 0x0000000089900000, 0x0000000089900000| Untracked 
| 154|0x0000000089a00000, 0x0000000089a00000, 0x0000000089b00000|  0%| F|  |TAMS 0x0000000089a00000, 0x0000000089a00000| Untracked 
| 155|0x0000000089b00000, 0x0000000089b00000, 0x0000000089c00000|  0%| F|  |TAMS 0x0000000089b00000, 0x0000000089b00000| Untracked 
| 156|0x0000000089c00000, 0x0000000089c00000, 0x0000000089d00000|  0%| F|  |TAMS 0x0000000089c00000, 0x0000000089c00000| Untracked 
| 157|0x0000000089d00000, 0x0000000089d00000, 0x0000000089e00000|  0%| F|  |TAMS 0x0000000089d00000, 0x0000000089d00000| Untracked 
| 158|0x0000000089e00000, 0x0000000089e00000, 0x0000000089f00000|  0%| F|  |TAMS 0x0000000089e00000, 0x0000000089e00000| Untracked 
| 159|0x0000000089f00000, 0x0000000089f00000, 0x000000008a000000|  0%| F|  |TAMS 0x0000000089f00000, 0x0000000089f00000| Untracked 
| 160|0x000000008a000000, 0x000000008a000000, 0x000000008a100000|  0%| F|  |TAMS 0x000000008a000000, 0x000000008a000000| Untracked 
| 161|0x000000008a100000, 0x000000008a100000, 0x000000008a200000|  0%| F|  |TAMS 0x000000008a100000, 0x000000008a100000| Untracked 
| 162|0x000000008a200000, 0x000000008a200000, 0x000000008a300000|  0%| F|  |TAMS 0x000000008a200000, 0x000000008a200000| Untracked 
| 163|0x000000008a300000, 0x000000008a300000, 0x000000008a400000|  0%| F|  |TAMS 0x000000008a300000, 0x000000008a300000| Untracked 
| 164|0x000000008a400000, 0x000000008a400000, 0x000000008a500000|  0%| F|  |TAMS 0x000000008a400000, 0x000000008a400000| Untracked 
| 165|0x000000008a500000, 0x000000008a500000, 0x000000008a600000|  0%| F|  |TAMS 0x000000008a500000, 0x000000008a500000| Untracked 
| 166|0x000000008a600000, 0x000000008a600000, 0x000000008a700000|  0%| F|  |TAMS 0x000000008a600000, 0x000000008a600000| Untracked 
| 167|0x000000008a700000, 0x000000008a700000, 0x000000008a800000|  0%| F|  |TAMS 0x000000008a700000, 0x000000008a700000| Untracked 
| 168|0x000000008a800000, 0x000000008a800000, 0x000000008a900000|  0%| F|  |TAMS 0x000000008a800000, 0x000000008a800000| Untracked 
| 169|0x000000008a900000, 0x000000008a900000, 0x000000008aa00000|  0%| F|  |TAMS 0x000000008a900000, 0x000000008a900000| Untracked 
| 170|0x000000008aa00000, 0x000000008aa00000, 0x000000008ab00000|  0%| F|  |TAMS 0x000000008aa00000, 0x000000008aa00000| Untracked 
| 171|0x000000008ab00000, 0x000000008ab00000, 0x000000008ac00000|  0%| F|  |TAMS 0x000000008ab00000, 0x000000008ab00000| Untracked 
| 172|0x000000008ac00000, 0x000000008ac00000, 0x000000008ad00000|  0%| F|  |TAMS 0x000000008ac00000, 0x000000008ac00000| Untracked 
| 173|0x000000008ad00000, 0x000000008ad00000, 0x000000008ae00000|  0%| F|  |TAMS 0x000000008ad00000, 0x000000008ad00000| Untracked 
| 174|0x000000008ae00000, 0x000000008ae00000, 0x000000008af00000|  0%| F|  |TAMS 0x000000008ae00000, 0x000000008ae00000| Untracked 

Card table byte_map: [0x00000239d6c60000,0x00000239d7060000] _byte_map_base: 0x00000239d6860000

Marking Bits (Prev, Next): (CMBitMap*) 0x00000239c40ce500, (CMBitMap*) 0x00000239c40ce4c0
 Prev Bits: [0x00000239d9460000, 0x00000239db460000)
 Next Bits: [0x00000239d7460000, 0x00000239d9460000)

Polling page: 0x00000239c2050000

Metaspace:

Usage:
  Non-class:     76.64 MB used.
      Class:     12.23 MB used.
       Both:     88.87 MB used.

Virtual space:
  Non-class space:       80.00 MB reserved,      77.00 MB ( 96%) committed,  10 nodes.
      Class space:        1.00 GB reserved,      12.50 MB (  1%) committed,  1 nodes.
             Both:        1.08 GB reserved,      89.50 MB (  8%) committed. 

Chunk freelists:
   Non-Class:  2.11 MB
       Class:  3.46 MB
        Both:  5.56 MB

MaxMetaspaceSize: unlimited
CompressedClassSpaceSize: 1.00 GB
Initial GC threshold: 21.00 MB
Current GC threshold: 143.12 MB
CDS: off
MetaspaceReclaimPolicy: balanced
 - commit_granule_bytes: 65536.
 - commit_granule_words: 8192.
 - virtual_space_node_default_size: 1048576.
 - enlarge_chunks_in_place: 1.
 - new_chunks_are_fully_committed: 0.
 - uncommit_free_chunks: 1.
 - use_allocation_guard: 0.
 - handle_deallocations: 1.


Internal statistics:

num_allocs_failed_limit: 6.
num_arena_births: 900.
num_arena_deaths: 0.
num_vsnodes_births: 11.
num_vsnodes_deaths: 0.
num_space_committed: 1431.
num_space_uncommitted: 0.
num_chunks_returned_to_freelist: 6.
num_chunks_taken_from_freelist: 4262.
num_chunk_merges: 6.
num_chunk_splits: 2759.
num_chunks_enlarged: 1808.
num_purges: 0.
num_inconsistent_stats: 0.

CodeHeap 'non-profiled nmethods': size=120000Kb used=5972Kb max_used=5972Kb free=114027Kb
 bounds [0x00000239cf000000, 0x00000239cf5e0000, 0x00000239d6530000]
CodeHeap 'profiled nmethods': size=120000Kb used=18996Kb max_used=18996Kb free=101003Kb
 bounds [0x00000239c7530000, 0x00000239c87c0000, 0x00000239cea60000]
CodeHeap 'non-nmethods': size=5760Kb used=2449Kb max_used=2484Kb free=3310Kb
 bounds [0x00000239cea60000, 0x00000239cece0000, 0x00000239cf000000]
 total_blobs=10744 nmethods=9835 adapters=819
 compilation: enabled
              stopped_count=0, restarted_count=0
 full_count=0

Compilation events (20 events):
Event: 12.674 Thread 0x00000239de83b120 11396       2       com.sun.tools.javac.file.CacheFSInfo::isFile (27 bytes)
Event: 12.675 Thread 0x00000239de83b120 nmethod 11396 0x00000239c87b8c90 code [0x00000239c87b8e80, 0x00000239c87b92a8]
Event: 12.675 Thread 0x00000239de83b120 11397       2       com.sun.tools.javac.file.CacheFSInfo$$Lambda$1697/0x0000000100c847c8::apply (13 bytes)
Event: 12.675 Thread 0x00000239de83b120 nmethod 11397 0x00000239c87b9510 code [0x00000239c87b96c0, 0x00000239c87b9868]
Event: 12.680 Thread 0x00000239dec386c0 nmethod 11263 0x00000239cf5d1810 code [0x00000239cf5d1a00, 0x00000239cf5d26f8]
Event: 12.680 Thread 0x00000239dec386c0 11255       4       org.gradle.api.internal.tasks.compile.incremental.serialization.HierarchicalNameSerializer::read (20 bytes)
Event: 12.681 Thread 0x00000239dec386c0 nmethod 11255 0x00000239cf5d2d10 code [0x00000239cf5d2ec0, 0x00000239cf5d2fd8]
Event: 12.681 Thread 0x00000239dec386c0 11254       4       com.google.common.collect.HashBiMap::put (8 bytes)
Event: 12.683 Thread 0x00000239de83b120 11399   !   3       java.lang.invoke.LambdaForm::lambdaName (49 bytes)
Event: 12.683 Thread 0x00000239de83b120 nmethod 11399 0x00000239c87b9910 code [0x00000239c87b9aa0, 0x00000239c87b9bb8]
Event: 12.683 Thread 0x00000239de83b120 11401       3       java.lang.invoke.InvokerBytecodeGenerator::addMethod (725 bytes)
Event: 12.685 Thread 0x00000239de83b120 nmethod 11401 0x00000239c87b9c90 code [0x00000239c87ba1c0, 0x00000239c87bc578]
Event: 12.685 Thread 0x00000239de83b120 11400       3       java.lang.invoke.InvokerBytecodeGenerator::classFilePrologue (63 bytes)
Event: 12.686 Thread 0x00000239de83b120 nmethod 11400 0x00000239c87bd190 code [0x00000239c87bd3e0, 0x00000239c87bdb98]
Event: 12.686 Thread 0x00000239de83b120 11402       3       java.lang.invoke.MethodHandleNatives::classData (17 bytes)
Event: 12.687 Thread 0x00000239de83b120 nmethod 11402 0x00000239c87bde90 code [0x00000239c87be060, 0x00000239c87be398]
Event: 12.689 Thread 0x00000239de83b120 11406       3       java.security.PermissionCollection::<init> (5 bytes)
Event: 12.690 Thread 0x00000239de83b120 nmethod 11406 0x00000239c87be510 code [0x00000239c87be6a0, 0x00000239c87be7f8]
Event: 12.691 Thread 0x00000239dec386c0 nmethod 11254 0x00000239cf5d4090 code [0x00000239cf5d4260, 0x00000239cf5d4b78]
Event: 12.691 Thread 0x00000239dec386c0 11256       4       com.google.common.collect.HashBiMap::put (188 bytes)

GC Heap History (20 events):
Event: 9.185 GC heap after
{Heap after GC invocations=26 (full 0):
 garbage-first heap   total 125952K, used 64494K [0x0000000080000000, 0x0000000100000000)
  region size 1024K, 5 young (5120K), 5 survivors (5120K)
 Metaspace       used 77062K, committed 77632K, reserved 1122304K
  class space    used 10533K, committed 10752K, reserved 1048576K
}
Event: 9.690 GC heap before
{Heap before GC invocations=26 (full 0):
 garbage-first heap   total 125952K, used 102382K [0x0000000080000000, 0x0000000100000000)
  region size 1024K, 42 young (43008K), 5 survivors (5120K)
 Metaspace       used 80240K, committed 80832K, reserved 1122304K
  class space    used 11052K, committed 11328K, reserved 1048576K
}
Event: 9.696 GC heap after
{Heap after GC invocations=27 (full 0):
 garbage-first heap   total 125952K, used 66377K [0x0000000080000000, 0x0000000100000000)
  region size 1024K, 5 young (5120K), 5 survivors (5120K)
 Metaspace       used 80240K, committed 80832K, reserved 1122304K
  class space    used 11052K, committed 11328K, reserved 1048576K
}
Event: 10.131 GC heap before
{Heap before GC invocations=28 (full 0):
 garbage-first heap   total 125952K, used 103241K [0x0000000080000000, 0x0000000100000000)
  region size 1024K, 41 young (41984K), 5 survivors (5120K)
 Metaspace       used 83329K, committed 83968K, reserved 1122304K
  class space    used 11455K, committed 11776K, reserved 1048576K
}
Event: 10.137 GC heap after
{Heap after GC invocations=29 (full 0):
 garbage-first heap   total 125952K, used 69417K [0x0000000080000000, 0x0000000100000000)
  region size 1024K, 5 young (5120K), 5 survivors (5120K)
 Metaspace       used 83329K, committed 83968K, reserved 1122304K
  class space    used 11455K, committed 11776K, reserved 1048576K
}
Event: 10.341 GC heap before
{Heap before GC invocations=29 (full 0):
 garbage-first heap   total 125952K, used 104233K [0x0000000080000000, 0x0000000100000000)
  region size 1024K, 39 young (39936K), 5 survivors (5120K)
 Metaspace       used 83529K, committed 84160K, reserved 1122304K
  class space    used 11471K, committed 11776K, reserved 1048576K
}
Event: 10.350 GC heap after
{Heap after GC invocations=30 (full 0):
 garbage-first heap   total 151552K, used 74864K [0x0000000080000000, 0x0000000100000000)
  region size 1024K, 5 young (5120K), 5 survivors (5120K)
 Metaspace       used 83529K, committed 84160K, reserved 1122304K
  class space    used 11471K, committed 11776K, reserved 1048576K
}
Event: 10.913 GC heap before
{Heap before GC invocations=31 (full 0):
 garbage-first heap   total 151552K, used 120944K [0x0000000080000000, 0x0000000100000000)
  region size 1024K, 51 young (52224K), 5 survivors (5120K)
 Metaspace       used 86194K, committed 86848K, reserved 1130496K
  class space    used 12007K, committed 12288K, reserved 1048576K
}
Event: 10.922 GC heap after
{Heap after GC invocations=32 (full 0):
 garbage-first heap   total 151552K, used 80899K [0x0000000080000000, 0x0000000100000000)
  region size 1024K, 6 young (6144K), 6 survivors (6144K)
 Metaspace       used 86194K, committed 86848K, reserved 1130496K
  class space    used 12007K, committed 12288K, reserved 1048576K
}
Event: 11.374 GC heap before
{Heap before GC invocations=32 (full 0):
 garbage-first heap   total 151552K, used 121859K [0x0000000080000000, 0x0000000100000000)
  region size 1024K, 47 young (48128K), 6 survivors (6144K)
 Metaspace       used 86446K, committed 87168K, reserved 1130496K
  class space    used 12009K, committed 12352K, reserved 1048576K
}
Event: 11.379 GC heap after
{Heap after GC invocations=33 (full 0):
 garbage-first heap   total 151552K, used 83524K [0x0000000080000000, 0x0000000100000000)
  region size 1024K, 3 young (3072K), 3 survivors (3072K)
 Metaspace       used 86446K, committed 87168K, reserved 1130496K
  class space    used 12009K, committed 12352K, reserved 1048576K
}
Event: 11.748 GC heap before
{Heap before GC invocations=34 (full 0):
 garbage-first heap   total 155648K, used 123460K [0x0000000080000000, 0x0000000100000000)
  region size 1024K, 43 young (44032K), 3 survivors (3072K)
 Metaspace       used 86975K, committed 87616K, reserved 1130496K
  class space    used 12056K, committed 12352K, reserved 1048576K
}
Event: 11.752 GC heap after
{Heap after GC invocations=35 (full 0):
 garbage-first heap   total 155648K, used 86117K [0x0000000080000000, 0x0000000100000000)
  region size 1024K, 6 young (6144K), 6 survivors (6144K)
 Metaspace       used 86975K, committed 87616K, reserved 1130496K
  class space    used 12056K, committed 12352K, reserved 1048576K
}
Event: 11.938 GC heap before
{Heap before GC invocations=35 (full 0):
 garbage-first heap   total 155648K, used 127077K [0x0000000080000000, 0x0000000100000000)
  region size 1024K, 47 young (48128K), 6 survivors (6144K)
 Metaspace       used 87239K, committed 87808K, reserved 1130496K
  class space    used 12071K, committed 12352K, reserved 1048576K
}
Event: 11.942 GC heap after
{Heap after GC invocations=36 (full 0):
 garbage-first heap   total 155648K, used 88949K [0x0000000080000000, 0x0000000100000000)
  region size 1024K, 6 young (6144K), 6 survivors (6144K)
 Metaspace       used 87239K, committed 87808K, reserved 1130496K
  class space    used 12071K, committed 12352K, reserved 1048576K
}
Event: 12.231 GC heap before
{Heap before GC invocations=37 (full 0):
 garbage-first heap   total 179200K, used 127861K [0x0000000080000000, 0x0000000100000000)
  region size 1024K, 45 young (46080K), 6 survivors (6144K)
 Metaspace       used 87664K, committed 88320K, reserved 1130496K
  class space    used 12112K, committed 12416K, reserved 1048576K
}
Event: 12.237 GC heap after
{Heap after GC invocations=38 (full 0):
 garbage-first heap   total 179200K, used 92010K [0x0000000080000000, 0x0000000100000000)
  region size 1024K, 6 young (6144K), 6 survivors (6144K)
 Metaspace       used 87664K, committed 88320K, reserved 1130496K
  class space    used 12112K, committed 12416K, reserved 1048576K
}
Event: 12.243 GC heap before
{Heap before GC invocations=38 (full 0):
 garbage-first heap   total 179200K, used 94058K [0x0000000080000000, 0x0000000100000000)
  region size 1024K, 8 young (8192K), 6 survivors (6144K)
 Metaspace       used 87665K, committed 88320K, reserved 1130496K
  class space    used 12112K, committed 12416K, reserved 1048576K
}
Event: 12.247 GC heap after
{Heap after GC invocations=39 (full 0):
 garbage-first heap   total 179200K, used 92140K [0x0000000080000000, 0x0000000100000000)
  region size 1024K, 1 young (1024K), 1 survivors (1024K)
 Metaspace       used 87665K, committed 88320K, reserved 1130496K
  class space    used 12112K, committed 12416K, reserved 1048576K
}
Event: 12.700 GC heap before
{Heap before GC invocations=39 (full 0):
 garbage-first heap   total 179200K, used 152556K [0x0000000080000000, 0x0000000100000000)
  region size 1024K, 56 young (57344K), 1 survivors (1024K)
 Metaspace       used 91004K, committed 91648K, reserved 1130496K
  class space    used 12524K, committed 12800K, reserved 1048576K
}

Dll operation events (3 events):
Event: 0.124 Loaded shared library C:\Program Files\Android\Android Studio\jbr\bin\java.dll
Event: 0.326 Loaded shared library C:\Program Files\Android\Android Studio\jbr\bin\zip.dll
Event: 0.601 Loaded shared library C:\Program Files\Android\Android Studio\jbr\bin\verify.dll

Deoptimization events (20 events):
Event: 12.385 Thread 0x00000239e80882d0 DEOPT PACKING pc=0x00000239cf256ce0 sp=0x000000de441fe660
Event: 12.385 Thread 0x00000239e80882d0 DEOPT UNPACKING pc=0x00000239ceab69a3 sp=0x000000de441fe608 mode 2
Event: 12.448 Thread 0x00000239e49f0700 Uncommon trap: trap_request=0xffffffc6 fr.pc=0x00000239cf1530f4 relative=0x0000000000000394
Event: 12.448 Thread 0x00000239e49f0700 Uncommon trap: reason=bimorphic_or_optimized_type_check action=maybe_recompile pc=0x00000239cf1530f4 method=java.util.ArrayList$ArrayListSpliterator.tryAdvance(Ljava/util/function/Consumer;)Z @ 48 c2
Event: 12.448 Thread 0x00000239e49f0700 DEOPT PACKING pc=0x00000239cf1530f4 sp=0x000000de403f9710
Event: 12.448 Thread 0x00000239e49f0700 DEOPT UNPACKING pc=0x00000239ceab69a3 sp=0x000000de403f96a0 mode 2
Event: 12.474 Thread 0x00000239e49f0700 Uncommon trap: trap_request=0xffffff45 fr.pc=0x00000239cf2dca60 relative=0x0000000000005d20
Event: 12.474 Thread 0x00000239e49f0700 Uncommon trap: reason=unstable_if action=reinterpret pc=0x00000239cf2dca60 method=java.nio.file.FileTreeWalker.getAttributes(Ljava/nio/file/Path;Z)Ljava/nio/file/attribute/BasicFileAttributes; @ 35 c2
Event: 12.474 Thread 0x00000239e49f0700 DEOPT PACKING pc=0x00000239cf2dca60 sp=0x000000de403f9290
Event: 12.474 Thread 0x00000239e49f0700 DEOPT UNPACKING pc=0x00000239ceab69a3 sp=0x000000de403f91a0 mode 2
Event: 12.514 Thread 0x00000239e49f0700 DEOPT PACKING pc=0x00000239c7da9951 sp=0x000000de403f8f40
Event: 12.514 Thread 0x00000239e49f0700 DEOPT UNPACKING pc=0x00000239ceab7143 sp=0x000000de403f8438 mode 0
Event: 12.691 Thread 0x00000239e49f0700 Uncommon trap: trap_request=0xffffffc6 fr.pc=0x00000239cf2895b8 relative=0x0000000000003ad8
Event: 12.691 Thread 0x00000239e49f0700 Uncommon trap: reason=bimorphic_or_optimized_type_check action=maybe_recompile pc=0x00000239cf2895b8 method=jdk.internal.loader.BuiltinClassLoader.loadClassOrNull(Ljava/lang/String;)Ljava/lang/Class; @ 3 c2
Event: 12.691 Thread 0x00000239e49f0700 DEOPT PACKING pc=0x00000239cf2895b8 sp=0x000000de403f53a0
Event: 12.691 Thread 0x00000239e49f0700 DEOPT UNPACKING pc=0x00000239ceab69a3 sp=0x000000de403f5328 mode 2
Event: 12.692 Thread 0x00000239e49f0700 Uncommon trap: trap_request=0xffffffc6 fr.pc=0x00000239cf2895b8 relative=0x0000000000003ad8
Event: 12.692 Thread 0x00000239e49f0700 Uncommon trap: reason=bimorphic_or_optimized_type_check action=maybe_recompile pc=0x00000239cf2895b8 method=jdk.internal.loader.BuiltinClassLoader.loadClassOrNull(Ljava/lang/String;)Ljava/lang/Class; @ 3 c2
Event: 12.692 Thread 0x00000239e49f0700 DEOPT PACKING pc=0x00000239cf2895b8 sp=0x000000de403f81e0
Event: 12.692 Thread 0x00000239e49f0700 DEOPT UNPACKING pc=0x00000239ceab69a3 sp=0x000000de403f8168 mode 2

Classes unloaded (0 events):
No events

Classes redefined (0 events):
No events

Internal exceptions (20 events):
Event: 11.274 Thread 0x00000239e49f23e0 Implicit null exception at 0x00000239cf59ec60 to 0x00000239cf59f584
Event: 11.274 Thread 0x00000239e49f23e0 Implicit null exception at 0x00000239cf59ec60 to 0x00000239cf59f584
Event: 11.276 Thread 0x00000239e49ef3c0 Implicit null exception at 0x00000239cf59ec60 to 0x00000239cf59f584
Event: 11.277 Thread 0x00000239e49ef3c0 Implicit null exception at 0x00000239cf59ec60 to 0x00000239cf59f584
Event: 11.394 Thread 0x00000239e49ef890 Implicit null exception at 0x00000239cf5ae308 to 0x00000239cf5aec98
Event: 11.872 Thread 0x00000239e49f0700 Exception <a 'java/lang/NoSuchMethodError'{0x0000000087d86a50}: static Lcom/android/build/gradle/internal/scope/InternalArtifactType;.<clinit>()V> (0x0000000087d86a50) 
thrown [s\src\hotspot\share\prims\jni.cpp, line 1108]
Event: 11.872 Thread 0x00000239e49f0700 Exception <a 'java/lang/NoSuchMethodError'{0x0000000087d881a8}: static Lcom/android/build/gradle/internal/scope/InternalArtifactType;.<clinit>()V> (0x0000000087d881a8) 
thrown [s\src\hotspot\share\prims\jni.cpp, line 1108]
Event: 11.872 Thread 0x00000239e49f0700 Exception <a 'java/lang/NoSuchMethodError'{0x0000000087d8b348}: static Lcom/android/build/api/artifact/Artifact$Single;.<clinit>()V> (0x0000000087d8b348) 
thrown [s\src\hotspot\share\prims\jni.cpp, line 1108]
Event: 11.872 Thread 0x00000239e49f0700 Exception <a 'java/lang/NoSuchMethodError'{0x0000000087d8d948}: static Ljava/lang/Object;.<clinit>()V> (0x0000000087d8d948) 
thrown [s\src\hotspot\share\prims\jni.cpp, line 1108]
Event: 11.873 Thread 0x00000239e49f0700 Exception <a 'java/lang/NoSuchMethodError'{0x0000000087da4a30}: static Lcom/android/build/api/artifact/ArtifactKind;.<clinit>()V> (0x0000000087da4a30) 
thrown [s\src\hotspot\share\prims\jni.cpp, line 1108]
Event: 11.873 Thread 0x00000239e49f0700 Exception <a 'java/lang/NoSuchMethodError'{0x0000000087da5bf0}: static Lcom/android/build/api/artifact/ArtifactKind;.<clinit>()V> (0x0000000087da5bf0) 
thrown [s\src\hotspot\share\prims\jni.cpp, line 1108]
Event: 12.192 Thread 0x00000239e49f0700 Exception <a 'java/lang/NoSuchMethodError'{0x000000008a1d25d0}: 'int java.lang.invoke.DirectMethodHandle$Holder.invokeSpecial(java.lang.Object, java.lang.Object, java.lang.Object, java.lang.Object, java.lang.Object)'> (0x000000008a1d25d0) 
thrown [s\src\hotspot\share\interpreter\linkResolver.cpp, line 771]
Event: 12.207 Thread 0x00000239e49f0700 Exception <a 'java/lang/NoSuchMethodError'{0x0000000089f61f68}: static Ljava/lang/Object;.<clinit>()V> (0x0000000089f61f68) 
thrown [s\src\hotspot\share\prims\jni.cpp, line 1108]
Event: 12.214 Thread 0x00000239e49f0700 Implicit null exception at 0x00000239cf2970f3 to 0x00000239cf297798
Event: 12.468 Thread 0x00000239e49f0700 Exception <a 'java/lang/IncompatibleClassChangeError'{0x0000000088228a08}: Found class java.lang.Object, but interface was expected> (0x0000000088228a08) 
thrown [s\src\hotspot\share\interpreter\linkResolver.cpp, line 838]
Event: 12.479 Thread 0x00000239e49f0700 Exception <a 'sun/nio/fs/WindowsException'{0x00000000882b1cc8}> (0x00000000882b1cc8) 
thrown [s\src\hotspot\share\prims\jni.cpp, line 517]
Event: 12.481 Thread 0x00000239e49f0700 Exception <a 'sun/nio/fs/WindowsException'{0x00000000882b9b08}> (0x00000000882b9b08) 
thrown [s\src\hotspot\share\prims\jni.cpp, line 517]
Event: 12.483 Thread 0x00000239e49f0700 Exception <a 'sun/nio/fs/WindowsException'{0x00000000882baa30}> (0x00000000882baa30) 
thrown [s\src\hotspot\share\prims\jni.cpp, line 517]
Event: 12.495 Thread 0x00000239e49f0700 Exception <a 'java/lang/NoSuchMethodError'{0x000000008812e070}: 'java.lang.Object java.lang.invoke.DirectMethodHandle$Holder.invokeSpecial(java.lang.Object, java.lang.Object, int, java.lang.Object, java.lang.Object, java.lang.Object, java.lang.Object)'> (0x000000008812e070) 
thrown [s\src\hotspot\share\interpreter\linkResolver.cpp, line 771]
Event: 12.691 Thread 0x00000239e49f0700 Exception <a 'java/lang/NoSuchMethodError'{0x0000000087775ce8}: 'void java.lang.invoke.DirectMethodHandle$Holder.invokeVirtual(java.lang.Object, java.lang.Object, java.lang.Object, java.lang.Object)'> (0x0000000087775ce8) 
thrown [s\src\hotspot\share\interpreter\linkResolver.cpp, line 771]

VM Operations (20 events):
Event: 11.942 Executing VM operation: G1CollectForAllocation done
Event: 12.029 Executing VM operation: G1Concurrent
Event: 12.034 Executing VM operation: G1Concurrent done
Event: 12.073 Executing VM operation: G1Concurrent
Event: 12.074 Executing VM operation: G1Concurrent done
Event: 12.110 Executing VM operation: HandshakeAllThreads
Event: 12.110 Executing VM operation: HandshakeAllThreads done
Event: 12.174 Executing VM operation: ICBufferFull
Event: 12.174 Executing VM operation: ICBufferFull done
Event: 12.182 Executing VM operation: HandshakeAllThreads
Event: 12.182 Executing VM operation: HandshakeAllThreads done
Event: 12.231 Executing VM operation: G1CollectForAllocation
Event: 12.237 Executing VM operation: G1CollectForAllocation done
Event: 12.243 Executing VM operation: G1CollectForAllocation
Event: 12.247 Executing VM operation: G1CollectForAllocation done
Event: 12.553 Executing VM operation: HandshakeAllThreads
Event: 12.553 Executing VM operation: HandshakeAllThreads done
Event: 12.609 Executing VM operation: HandshakeAllThreads
Event: 12.609 Executing VM operation: HandshakeAllThreads done
Event: 12.700 Executing VM operation: G1CollectForAllocation

Events (20 events):
Event: 12.533 loading class java/nio/charset/IllegalCharsetNameException
Event: 12.533 loading class java/nio/charset/IllegalCharsetNameException done
Event: 12.533 loading class java/nio/charset/UnsupportedCharsetException
Event: 12.533 loading class java/nio/charset/UnsupportedCharsetException done
Event: 12.534 loading class java/nio/file/ProviderNotFoundException
Event: 12.534 loading class java/nio/file/ProviderNotFoundException done
Event: 12.552 loading class java/util/JumboEnumSet
Event: 12.552 loading class java/util/JumboEnumSet done
Event: 12.560 loading class java/util/JumboEnumSet$EnumSetIterator
Event: 12.560 loading class java/util/JumboEnumSet$EnumSetIterator done
Event: 12.564 loading class java/util/ResourceBundle$KeyElementReference
Event: 12.564 loading class java/util/ResourceBundle$CacheKeyReference
Event: 12.564 loading class java/util/ResourceBundle$CacheKeyReference done
Event: 12.564 loading class java/util/ResourceBundle$KeyElementReference done
Event: 12.564 loading class java/util/ResourceBundle$3
Event: 12.564 loading class java/util/ResourceBundle$3 done
Event: 12.569 loading class java/util/ResourceBundle$BundleReference
Event: 12.569 loading class java/util/ResourceBundle$BundleReference done
Event: 12.600 loading class java/util/ServiceLoader$ProviderSpliterator
Event: 12.601 loading class java/util/ServiceLoader$ProviderSpliterator done


Dynamic libraries:
0x00007ff7aba20000 - 0x00007ff7aba2a000 	C:\Program Files\Android\Android Studio\jbr\bin\java.exe
0x00007ffec4130000 - 0x00007ffec4347000 	C:\WINDOWS\SYSTEM32\ntdll.dll
0x00007ffec3c70000 - 0x00007ffec3d34000 	C:\WINDOWS\System32\KERNEL32.DLL
0x00007ffec17e0000 - 0x00007ffec1b97000 	C:\WINDOWS\System32\KERNELBASE.dll
0x00007ffec1580000 - 0x00007ffec1691000 	C:\WINDOWS\System32\ucrtbase.dll
0x00007ffebb980000 - 0x00007ffebb997000 	C:\Program Files\Android\Android Studio\jbr\bin\jli.dll
0x00007ffebb8e0000 - 0x00007ffebb8fb000 	C:\Program Files\Android\Android Studio\jbr\bin\VCRUNTIME140.dll
0x00007ffec2d60000 - 0x00007ffec2f0f000 	C:\WINDOWS\System32\USER32.dll
0x00007ffec1740000 - 0x00007ffec1766000 	C:\WINDOWS\System32\win32u.dll
0x00007ffeaeef0000 - 0x00007ffeaf183000 	C:\WINDOWS\WinSxS\amd64_microsoft.windows.common-controls_6595b64144ccf1df_6.0.22621.3672_none_2713b9d173822955\COMCTL32.dll
0x00007ffec38a0000 - 0x00007ffec38c9000 	C:\WINDOWS\System32\GDI32.dll
0x00007ffec3a10000 - 0x00007ffec3ab7000 	C:\WINDOWS\System32\msvcrt.dll
0x00007ffec1d10000 - 0x00007ffec1e28000 	C:\WINDOWS\System32\gdi32full.dll
0x00007ffec16a0000 - 0x00007ffec173a000 	C:\WINDOWS\System32\msvcp_win.dll
0x00007ffec38f0000 - 0x00007ffec3921000 	C:\WINDOWS\System32\IMM32.DLL
0x00007ffebc7b0000 - 0x00007ffebc7bc000 	C:\Program Files\Android\Android Studio\jbr\bin\vcruntime140_1.dll
0x00007ffe96aa0000 - 0x00007ffe96b2d000 	C:\Program Files\Android\Android Studio\jbr\bin\msvcp140.dll
0x00007ffe76820000 - 0x00007ffe7748e000 	C:\Program Files\Android\Android Studio\jbr\bin\server\jvm.dll
0x00007ffec2f10000 - 0x00007ffec2fc2000 	C:\WINDOWS\System32\ADVAPI32.dll
0x00007ffec3d60000 - 0x00007ffec3e08000 	C:\WINDOWS\System32\sechost.dll
0x00007ffec1e30000 - 0x00007ffec1e58000 	C:\WINDOWS\System32\bcrypt.dll
0x00007ffec30a0000 - 0x00007ffec31b4000 	C:\WINDOWS\System32\RPCRT4.dll
0x00007ffebb7f0000 - 0x00007ffebb824000 	C:\WINDOWS\SYSTEM32\WINMM.dll
0x00007ffebb4a0000 - 0x00007ffebb4aa000 	C:\WINDOWS\SYSTEM32\VERSION.dll
0x00007ffebcd90000 - 0x00007ffebcd99000 	C:\WINDOWS\SYSTEM32\WSOCK32.dll
0x00007ffec3fd0000 - 0x00007ffec4041000 	C:\WINDOWS\System32\WS2_32.dll
0x00007ffec0540000 - 0x00007ffec0558000 	C:\WINDOWS\SYSTEM32\kernel.appcore.dll
0x00007ffebcb00000 - 0x00007ffebcb0a000 	C:\Program Files\Android\Android Studio\jbr\bin\jimage.dll
0x00007ffebef90000 - 0x00007ffebf1c2000 	C:\WINDOWS\SYSTEM32\DBGHELP.DLL
0x00007ffec33b0000 - 0x00007ffec373e000 	C:\WINDOWS\System32\combase.dll
0x00007ffec31c0000 - 0x00007ffec3297000 	C:\WINDOWS\System32\OLEAUT32.dll
0x00007ffe9c980000 - 0x00007ffe9c9b2000 	C:\WINDOWS\SYSTEM32\dbgcore.DLL
0x00007ffec1440000 - 0x00007ffec14bb000 	C:\WINDOWS\System32\bcryptPrimitives.dll
0x00007ffebc760000 - 0x00007ffebc76e000 	C:\Program Files\Android\Android Studio\jbr\bin\instrument.dll
0x00007ffebc700000 - 0x00007ffebc725000 	C:\Program Files\Android\Android Studio\jbr\bin\java.dll
0x00007ffebc6e0000 - 0x00007ffebc6f8000 	C:\Program Files\Android\Android Studio\jbr\bin\zip.dll
0x00007ffec24f0000 - 0x00007ffec2d59000 	C:\WINDOWS\System32\SHELL32.dll
0x00007ffebf330000 - 0x00007ffebfc2f000 	C:\WINDOWS\SYSTEM32\windows.storage.dll
0x00007ffebf1f0000 - 0x00007ffebf32f000 	C:\WINDOWS\SYSTEM32\wintypes.dll
0x00007ffec32a0000 - 0x00007ffec3399000 	C:\WINDOWS\System32\SHCORE.dll
0x00007ffec3930000 - 0x00007ffec398e000 	C:\WINDOWS\System32\shlwapi.dll
0x00007ffec1370000 - 0x00007ffec1397000 	C:\WINDOWS\SYSTEM32\profapi.dll
0x00007ffebc6a0000 - 0x00007ffebc6b9000 	C:\Program Files\Android\Android Studio\jbr\bin\net.dll
0x00007ffeb8cf0000 - 0x00007ffeb8e26000 	C:\WINDOWS\SYSTEM32\WINHTTP.dll
0x00007ffec09b0000 - 0x00007ffec0a19000 	C:\WINDOWS\system32\mswsock.dll
0x00007ffebc680000 - 0x00007ffebc696000 	C:\Program Files\Android\Android Studio\jbr\bin\nio.dll
0x00007ffebc910000 - 0x00007ffebc920000 	C:\Program Files\Android\Android Studio\jbr\bin\verify.dll
0x00007ffebc7c0000 - 0x00007ffebc7e7000 	C:\Users\scher\.gradle\native\68d5fa5c4cc2d200863cafc0d521ce42e7d3e7ee720ec0a83991735586a16f82\windows-amd64\native-platform.dll
0x00007ffe882e0000 - 0x00007ffe88424000 	C:\Users\scher\.gradle\native\e376f236ea51e6404a007f0833ffe2c6e607c4080706a723a18a27aeea778392\windows-amd64\native-platform-file-events.dll
0x00007ffebc650000 - 0x00007ffebc659000 	C:\Program Files\Android\Android Studio\jbr\bin\management.dll
0x00007ffebc610000 - 0x00007ffebc61b000 	C:\Program Files\Android\Android Studio\jbr\bin\management_ext.dll
0x00007ffec40e0000 - 0x00007ffec40e8000 	C:\WINDOWS\System32\PSAPI.DLL
0x00007ffec0bf0000 - 0x00007ffec0c0b000 	C:\WINDOWS\SYSTEM32\CRYPTSP.dll
0x00007ffec04a0000 - 0x00007ffec04d5000 	C:\WINDOWS\system32\rsaenh.dll
0x00007ffec0a70000 - 0x00007ffec0a98000 	C:\WINDOWS\SYSTEM32\USERENV.dll
0x00007ffec0c10000 - 0x00007ffec0c1c000 	C:\WINDOWS\SYSTEM32\CRYPTBASE.dll
0x00007ffebff00000 - 0x00007ffebff2d000 	C:\WINDOWS\SYSTEM32\IPHLPAPI.DLL
0x00007ffec38d0000 - 0x00007ffec38d9000 	C:\WINDOWS\System32\NSI.dll
0x00007ffeb8ae0000 - 0x00007ffeb8af9000 	C:\WINDOWS\SYSTEM32\dhcpcsvc6.DLL
0x00007ffeb8a90000 - 0x00007ffeb8aaf000 	C:\WINDOWS\SYSTEM32\dhcpcsvc.DLL
0x00007ffebff70000 - 0x00007ffec0072000 	C:\WINDOWS\SYSTEM32\DNSAPI.dll
0x00007ffebc4c0000 - 0x00007ffebc4c8000 	C:\WINDOWS\system32\wshunix.dll

dbghelp: loaded successfully - version: 4.0.5 - missing functions: none
symbol engine: initialized successfully - sym options: 0x614 - pdb path: .;C:\Program Files\Android\Android Studio\jbr\bin;C:\WINDOWS\SYSTEM32;C:\WINDOWS\WinSxS\amd64_microsoft.windows.common-controls_6595b64144ccf1df_6.0.22621.3672_none_2713b9d173822955;C:\Program Files\Android\Android Studio\jbr\bin\server;C:\Users\scher\.gradle\native\68d5fa5c4cc2d200863cafc0d521ce42e7d3e7ee720ec0a83991735586a16f82\windows-amd64;C:\Users\scher\.gradle\native\e376f236ea51e6404a007f0833ffe2c6e607c4080706a723a18a27aeea778392\windows-amd64

VM Arguments:
jvm_args: --add-opens=java.base/java.util=ALL-UNNAMED --add-opens=java.base/java.lang=ALL-UNNAMED --add-opens=java.base/java.lang.invoke=ALL-UNNAMED --add-opens=java.prefs/java.util.prefs=ALL-UNNAMED --add-opens=java.base/java.nio.charset=ALL-UNNAMED --add-opens=java.base/java.net=ALL-UNNAMED --add-opens=java.base/java.util.concurrent.atomic=ALL-UNNAMED -Xmx2048m -Dfile.encoding=UTF-8 -Duser.country=BR -Duser.language=pt -Duser.variant -javaagent:C:\Users\scher\.gradle\wrapper\dists\gradle-8.1-bin\2eyty4r6kz6fpakefpk52nbbm\gradle-8.1\lib\agents\gradle-instrumentation-agent-8.1.jar 
java_command: org.gradle.launcher.daemon.bootstrap.GradleDaemon 8.1
java_class_path (initial): C:\Users\scher\.gradle\wrapper\dists\gradle-8.1-bin\2eyty4r6kz6fpakefpk52nbbm\gradle-8.1\lib\gradle-launcher-8.1.jar
Launcher Type: SUN_STANDARD

[Global flags]
     intx CICompilerCount                          = 4                                         {product} {ergonomic}
     uint ConcGCThreads                            = 2                                         {product} {ergonomic}
     uint G1ConcRefinementThreads                  = 8                                         {product} {ergonomic}
   size_t G1HeapRegionSize                         = 1048576                                   {product} {ergonomic}
    uintx GCDrainStackTargetSize                   = 64                                        {product} {ergonomic}
   size_t InitialHeapSize                          = 134217728                                 {product} {ergonomic}
   size_t MarkStackSize                            = 4194304                                   {product} {ergonomic}
   size_t MaxHeapSize                              = 2147483648                                {product} {command line}
   size_t MaxNewSize                               = 1287651328                                {product} {ergonomic}
   size_t MinHeapDeltaBytes                        = 1048576                                   {product} {ergonomic}
   size_t MinHeapSize                              = 8388608                                   {product} {ergonomic}
    uintx NonNMethodCodeHeapSize                   = 5839372                                {pd product} {ergonomic}
    uintx NonProfiledCodeHeapSize                  = 122909434                              {pd product} {ergonomic}
    uintx ProfiledCodeHeapSize                     = 122909434                              {pd product} {ergonomic}
    uintx ReservedCodeCacheSize                    = 251658240                              {pd product} {ergonomic}
     bool SegmentedCodeCache                       = true                                      {product} {ergonomic}
   size_t SoftMaxHeapSize                          = 2147483648                             {manageable} {ergonomic}
     bool UseCompressedClassPointers               = true                           {product lp64_product} {ergonomic}
     bool UseCompressedOops                        = true                           {product lp64_product} {ergonomic}
     bool UseG1GC                                  = true                                      {product} {ergonomic}
     bool UseLargePagesIndividualAllocation        = false                                  {pd product} {ergonomic}

Logging:
Log output configuration:
 #0: stdout all=warning uptime,level,tags
 #1: stderr all=off uptime,level,tags

Environment Variables:
PATH=C:\Program Files\Common Files\Oracle\Java\javapath;C:\Program Files (x86)\Embarcadero\Studio\22.0\bin;C:\Users\Public\Documents\Embarcadero\Studio\22.0\Bpl;C:\Program Files (x86)\Embarcadero\Studio\22.0\bin64;C:\Users\Public\Documents\Embarcadero\Studio\22.0\Bpl\Win64;C:\Program Files (x86)\Embarcadero\Studio\21.0\bin;C:\Users\Public\Documents\Embarcadero\Studio\21.0\Bpl;C:\Program Files (x86)\Embarcadero\Studio\21.0\bin64;C:\Users\Public\Documents\Embarcadero\Studio\21.0\Bpl\Win64;C:\Windows\system32;C:\Windows;C:\Windows\System32\Wbem;C:\Windows\System32\WindowsPowerShell\v1.0\;C:\Windows\System32\OpenSSH\;C:\Program Files (x86)\NVIDIA Corporation\PhysX\Common;C:\Program Files\NVIDIA Corporation\NVIDIA NvDLISR;C:\WINDOWS\system32;C:\WINDOWS;C:\WINDOWS\System32\Wbem;C:\WINDOWS\System32\WindowsPowerShell\v1.0\;C:\WINDOWS\System32\OpenSSH\;C:\Program Files\dotnet\;C:\Program Files (x86)\Windows Kits\10\Windows Performance Toolkit\;C:\Program Files\Git\cmd;C:\Users\scher\AppData\Local\Microsoft\WindowsApps;;C:\Users\scher\AppData\Local\Programs\Microsoft VS Code\bin
USERNAME=scher
OS=Windows_NT
PROCESSOR_IDENTIFIER=Intel64 Family 6 Model 142 Stepping 12, GenuineIntel
TMP=C:\Users\scher\AppData\Local\Temp
TEMP=C:\Users\scher\AppData\Local\Temp


JNI global refs:
JNI global refs: 29, weak refs: 10

JNI global refs memory usage: 843, weak refs: 841


---------------  S Y S T E M  ---------------

OS:
 Windows 11 , 64 bit Build 22621 (10.0.22621.3958)
OS uptime: 5 days 22:52 hours
Hyper-V role detected

CPU: total 8 (initial active 8) (4 cores per cpu, 2 threads per core) family 6 model 142 stepping 12 microcode 0xea, cx8, cmov, fxsr, ht, mmx, 3dnowpref, sse, sse2, sse3, ssse3, sse4.1, sse4.2, popcnt, lzcnt, tsc, tscinvbit, avx, avx2, aes, erms, clmul, bmi1, bmi2, adx, fma, vzeroupper, clflush, clflushopt, hv

Memory: 4k page, system-wide physical 8072M (586M free)
TotalPageFile size 10120M (AvailPageFile size 94M)
current process WorkingSet (physical memory assigned to process): 464M, peak: 473M
current process commit charge ("private bytes"): 498M, peak: 677M

vm_info: OpenJDK 64-Bit Server VM (17.0.6+0-b2043.56-10027231) for windows-amd64 JRE (17.0.6+0-b2043.56-10027231), built on Apr 28 2023 00:43:19 by "androidbuild" with MS VC++ 16.10 / 16.11 (VS2019)

END.
