#
# There is insufficient memory for the Java Runtime Environment to continue.
# Native memory allocation (mmap) failed to map 214958080 bytes for G1 virtual space
# Possible reasons:
#   The system is out of physical RAM or swap space
#   The process is running with CompressedOops enabled, and the Java Heap may be blocking the growth of the native heap
# Possible solutions:
#   Reduce memory load on the system
#   Increase physical memory or swap space
#   Check if swap backing store is full
#   Decrease Java heap size (-Xmx/-Xms)
#   Decrease number of Java threads
#   Decrease Java thread stack sizes (-Xss)
#   Set larger code cache with -XX:ReservedCodeCacheSize=
#   JVM is running with Unscaled Compressed Oops mode in which the Java heap is
#     placed in the first 4GB address space. The Java Heap base address is the
#     maximum limit for the native heap growth. Please use -XX:HeapBaseMinAddress
#     to set the Java Heap base and to place the Java Heap above 4GB virtual address.
# This output file may be truncated or incomplete.
#
#  Out of Memory Error (os_windows.cpp:3769), pid=11620, tid=17272
#
# JRE version: OpenJDK Runtime Environment (17.0.6) (build 17.0.6+0-b2043.56-10027231)
# Java VM: OpenJDK 64-Bit Server VM (17.0.6+0-b2043.56-10027231, mixed mode, tiered, compressed oops, compressed class ptrs, g1 gc, windows-amd64)
# No core dump will be written. Minidumps are not enabled by default on client versions of Windows
#

---------------  S U M M A R Y ------------

Command Line: --add-opens=java.base/java.util=ALL-UNNAMED --add-opens=java.base/java.lang=ALL-UNNAMED --add-opens=java.base/java.lang.invoke=ALL-UNNAMED --add-opens=java.prefs/java.util.prefs=ALL-UNNAMED --add-opens=java.base/java.nio.charset=ALL-UNNAMED --add-opens=java.base/java.net=ALL-UNNAMED --add-opens=java.base/java.util.concurrent.atomic=ALL-UNNAMED -Xmx2048m -Dfile.encoding=UTF-8 -Duser.country=BR -Duser.language=pt -Duser.variant org.gradle.launcher.daemon.bootstrap.GradleDaemon 8.0

Host: Intel(R) Core(TM) i7-8565U CPU @ 1.80GHz, 8 cores, 7G,  Windows 11 , 64 bit Build 22621 (10.0.22621.3958)
Time: Sun Sep  1 17:24:13 2024 Hora oficial do Brasil elapsed time: 9.246416 seconds (0d 0h 0m 9s)

---------------  T H R E A D  ---------------

Current thread (0x000002464e814330):  VMThread "VM Thread" [stack: 0x000000f4bd200000,0x000000f4bd300000] [id=17272]

Stack: [0x000000f4bd200000,0x000000f4bd300000]
Native frames: (J=compiled Java code, j=interpreted, Vv=VM code, C=native code)
V  [jvm.dll+0x683c9a]
V  [jvm.dll+0x8427a4]
V  [jvm.dll+0x843f9e]
V  [jvm.dll+0x844603]
V  [jvm.dll+0x249b75]
V  [jvm.dll+0x680b69]
V  [jvm.dll+0x67505a]
V  [jvm.dll+0x309acb]
V  [jvm.dll+0x310f86]
V  [jvm.dll+0x3608ee]
V  [jvm.dll+0x360b1f]
V  [jvm.dll+0x2dfbf8]
V  [jvm.dll+0x2ddec4]
V  [jvm.dll+0x2dd4cc]
V  [jvm.dll+0x322261]
V  [jvm.dll+0x848ccb]
V  [jvm.dll+0x849a04]
V  [jvm.dll+0x849f1d]
V  [jvm.dll+0x84a2f4]
V  [jvm.dll+0x84a3c0]
V  [jvm.dll+0x7f274a]
V  [jvm.dll+0x682ad5]
C  [ucrtbase.dll+0x29333]
C  [KERNEL32.DLL+0x1257d]
C  [ntdll.dll+0x5af28]

VM_Operation (0x000000f4bebf7de0): G1TryInitiateConcMark, mode: safepoint, requested by thread 0x000002464fa77ef0


---------------  P R O C E S S  ---------------

Threads class SMR info:
_java_thread_list=0x0000024654e7c930, length=136, elements={
0x00000246340df260, 0x000002464e836260, 0x000002464e8370d0, 0x000002464e822a90,
0x000002464e856000, 0x000002464e8588d0, 0x000002464e859280, 0x000002464e85a010,
0x000002464e862ac0, 0x000002464e8689c0, 0x000002464e9cd8f0, 0x000002464e9cddc0,
0x000002464ed28510, 0x000002464f29c3d0, 0x000002464fa783c0, 0x000002464fa77080,
0x000002464fa79230, 0x000002464fa7a570, 0x000002464fa7aa40, 0x000002464fa77550,
0x000002464fa77ef0, 0x000002464fa77a20, 0x000002464fa78890, 0x000002464fa79700,
0x000002464fa78d60, 0x000002464fa79bd0, 0x000002464fa7a0a0, 0x0000024652ba8490,
0x0000024652baab10, 0x0000024652ba9300, 0x0000024652baccc0, 0x0000024652baa640,
0x0000024652bad190, 0x0000024652bac7f0, 0x0000024652baa170, 0x0000024652bad660,
0x0000024652ba9ca0, 0x0000024652baafe0, 0x0000024652baee70, 0x0000024652baf340,
0x0000024652badb30, 0x0000024652baf810, 0x0000024652bab4b0, 0x0000024652ba8960,
0x0000024652bab980, 0x0000024652ba97d0, 0x0000024652babe50, 0x0000024652bac320,
0x0000024653f426d0, 0x0000024653f3ae80, 0x0000024653f3cb60, 0x0000024653f3bcf0,
0x0000024653f41d30, 0x0000024653f3b350, 0x0000024653f41860, 0x0000024653f3b820,
0x0000024653f3d9d0, 0x0000024653f3dea0, 0x0000024653f42200, 0x0000024653f3f1e0,
0x0000024653f3c1c0, 0x0000024653f3f6b0, 0x0000024653f3e370, 0x0000024653f3fb80,
0x0000024653f3c690, 0x0000024653f3d030, 0x0000024653f3d500, 0x0000024653f3e840,
0x0000024653f40050, 0x0000024653f3ed10, 0x0000024653f409f0, 0x0000024653f40520,
0x0000024653f40ec0, 0x0000024653f41390, 0x00000246523e5d10, 0x00000246523e9200,
0x00000246523ec6f0, 0x00000246523e8390, 0x00000246523e61e0, 0x00000246523eb880,
0x00000246523ecbc0, 0x00000246523eaee0, 0x00000246523e66b0, 0x00000246523e6b80,
0x00000246523e7050, 0x00000246523e8860, 0x00000246523e7520, 0x00000246523e8d30,
0x00000246523e79f0, 0x00000246523e7ec0, 0x00000246523ebd50, 0x00000246523ed090,
0x00000246523eaa10, 0x00000246523ed560, 0x00000246523e96d0, 0x00000246523e9ba0,
0x00000246523ea070, 0x00000246523ec220, 0x00000246523ea540, 0x00000246523eb3b0,
0x00000246542304e0, 0x0000024654231820, 0x00000246542309b0, 0x000002465422f670,
0x000002465422ecd0, 0x00000246542321c0, 0x000002465422fb40, 0x0000024654230e80,
0x0000024654231350, 0x0000024654232690, 0x0000024654231cf0, 0x000002465422f1a0,
0x0000024654230010, 0x000002464ee27ee0, 0x000002464ee2d0b0, 0x000002464ee2df20,
0x000002464ee2a090, 0x000002464ee2a560, 0x000002464ee2b8a0, 0x000002464ee2af00,
0x000002464ee2bd70, 0x000002464ee296f0, 0x000002464ee283b0, 0x000002464ee2aa30,
0x000002464ee2b3d0, 0x000002464ee2cbe0, 0x000002464ee2c710, 0x000002464ee2da50,
0x000002464ee26ba0, 0x000002464ee28880, 0x000002464ee27070, 0x000002464ee28d50,
0x000002464ee27540, 0x000002464ee29220, 0x000002464ee29bc0, 0x0000024658880dc0
}

Java Threads: ( => current thread )
  0x00000246340df260 JavaThread "main" [_thread_blocked, id=3560, stack(0x000000f4bcc00000,0x000000f4bcd00000)]
  0x000002464e836260 JavaThread "Reference Handler" daemon [_thread_blocked, id=3896, stack(0x000000f4bd300000,0x000000f4bd400000)]
  0x000002464e8370d0 JavaThread "Finalizer" daemon [_thread_blocked, id=16744, stack(0x000000f4bd400000,0x000000f4bd500000)]
  0x000002464e822a90 JavaThread "Signal Dispatcher" daemon [_thread_blocked, id=16508, stack(0x000000f4bd500000,0x000000f4bd600000)]
  0x000002464e856000 JavaThread "Attach Listener" daemon [_thread_blocked, id=1884, stack(0x000000f4bd600000,0x000000f4bd700000)]
  0x000002464e8588d0 JavaThread "Service Thread" daemon [_thread_blocked, id=15344, stack(0x000000f4bd700000,0x000000f4bd800000)]
  0x000002464e859280 JavaThread "Monitor Deflation Thread" daemon [_thread_blocked, id=15600, stack(0x000000f4bd800000,0x000000f4bd900000)]
  0x000002464e85a010 JavaThread "C2 CompilerThread0" daemon [_thread_blocked, id=1104, stack(0x000000f4bd900000,0x000000f4bda00000)]
  0x000002464e862ac0 JavaThread "C1 CompilerThread0" daemon [_thread_blocked, id=8036, stack(0x000000f4bda00000,0x000000f4bdb00000)]
  0x000002464e8689c0 JavaThread "Sweeper thread" daemon [_thread_blocked, id=12428, stack(0x000000f4bdb00000,0x000000f4bdc00000)]
  0x000002464e9cd8f0 JavaThread "Common-Cleaner" daemon [_thread_blocked, id=15412, stack(0x000000f4bdc00000,0x000000f4bdd00000)]
  0x000002464e9cddc0 JavaThread "Notification Thread" daemon [_thread_blocked, id=16148, stack(0x000000f4bdd00000,0x000000f4bde00000)]
  0x000002464ed28510 JavaThread "C2 CompilerThread1" daemon [_thread_blocked, id=9840, stack(0x000000f4bdf00000,0x000000f4be000000)]
  0x000002464f29c3d0 JavaThread "C2 CompilerThread2" daemon [_thread_blocked, id=8716, stack(0x000000f4be000000,0x000000f4be100000)]
  0x000002464fa783c0 JavaThread "Daemon health stats" [_thread_blocked, id=6468, stack(0x000000f4be500000,0x000000f4be600000)]
  0x000002464fa77080 JavaThread "Incoming local TCP Connector on port 52831" [_thread_in_native, id=1504, stack(0x000000f4be600000,0x000000f4be700000)]
  0x000002464fa79230 JavaThread "Daemon periodic checks" [_thread_blocked, id=10784, stack(0x000000f4be700000,0x000000f4be800000)]
  0x000002464fa7a570 JavaThread "Daemon" [_thread_blocked, id=9128, stack(0x000000f4be800000,0x000000f4be900000)]
  0x000002464fa7aa40 JavaThread "Handler for socket connection from /127.0.0.1:52831 to /127.0.0.1:52832" [_thread_in_native, id=5220, stack(0x000000f4be900000,0x000000f4bea00000)]
  0x000002464fa77550 JavaThread "Cancel handler" [_thread_blocked, id=4372, stack(0x000000f4bea00000,0x000000f4beb00000)]
  0x000002464fa77ef0 JavaThread "Daemon worker" [_thread_blocked, id=5668, stack(0x000000f4beb00000,0x000000f4bec00000)]
  0x000002464fa77a20 JavaThread "Asynchronous log dispatcher for DefaultDaemonConnection: socket connection from /127.0.0.1:52831 to /127.0.0.1:52832" [_thread_blocked, id=14048, stack(0x000000f4bec00000,0x000000f4bed00000)]
  0x000002464fa78890 JavaThread "Stdin handler" [_thread_blocked, id=9680, stack(0x000000f4bed00000,0x000000f4bee00000)]
  0x000002464fa79700 JavaThread "Daemon client event forwarder" [_thread_blocked, id=4132, stack(0x000000f4bee00000,0x000000f4bef00000)]
  0x000002464fa78d60 JavaThread "Cache worker for journal cache (C:\Users\scher\.gradle\caches\journal-1)" [_thread_blocked, id=14460, stack(0x000000f4bf300000,0x000000f4bf400000)]
  0x000002464fa79bd0 JavaThread "File lock request listener" [_thread_in_native, id=16228, stack(0x000000f4bf400000,0x000000f4bf500000)]
  0x000002464fa7a0a0 JavaThread "Cache worker for file hash cache (C:\Users\scher\.gradle\caches\8.0\fileHashes)" [_thread_blocked, id=8112, stack(0x000000f4bf500000,0x000000f4bf600000)]
  0x0000024652ba8490 JavaThread "File watcher server" daemon [_thread_in_native, id=6648, stack(0x000000f4bf600000,0x000000f4bf700000)]
  0x0000024652baab10 JavaThread "File watcher consumer" daemon [_thread_blocked, id=7232, stack(0x000000f4bf700000,0x000000f4bf800000)]
  0x0000024652ba9300 JavaThread "jar transforms" [_thread_blocked, id=14044, stack(0x000000f4bf800000,0x000000f4bf900000)]
  0x0000024652baccc0 JavaThread "jar transforms Thread 2" [_thread_blocked, id=15416, stack(0x000000f4bf900000,0x000000f4bfa00000)]
  0x0000024652baa640 JavaThread "jar transforms Thread 3" [_thread_blocked, id=16724, stack(0x000000f4bfa00000,0x000000f4bfb00000)]
  0x0000024652bad190 JavaThread "jar transforms Thread 4" [_thread_blocked, id=13700, stack(0x000000f4bfb00000,0x000000f4bfc00000)]
  0x0000024652bac7f0 JavaThread "jar transforms Thread 5" [_thread_blocked, id=13020, stack(0x000000f4bfc00000,0x000000f4bfd00000)]
  0x0000024652baa170 JavaThread "jar transforms Thread 6" [_thread_blocked, id=14392, stack(0x000000f4bfd00000,0x000000f4bfe00000)]
  0x0000024652bad660 JavaThread "jar transforms Thread 7" [_thread_blocked, id=2328, stack(0x000000f4bfe00000,0x000000f4bff00000)]
  0x0000024652ba9ca0 JavaThread "jar transforms Thread 8" [_thread_blocked, id=6872, stack(0x000000f4bff00000,0x000000f4c0000000)]
  0x0000024652baafe0 JavaThread "Cache worker for checksums cache (C:\Users\scher\Documents\PROJETOS ANDROID\RECICLAAI\.gradle\8.0\checksums)" [_thread_blocked, id=12724, stack(0x000000f4c0100000,0x000000f4c0200000)]
  0x0000024652baee70 JavaThread "Cache worker for cache directory md-rule (C:\Users\scher\.gradle\caches\8.0\md-rule)" [_thread_blocked, id=14004, stack(0x000000f4c0200000,0x000000f4c0300000)]
  0x0000024652baf340 JavaThread "Cache worker for file content cache (C:\Users\scher\.gradle\caches\8.0\fileContent)" [_thread_blocked, id=6948, stack(0x000000f4c0300000,0x000000f4c0400000)]
  0x0000024652badb30 JavaThread "Cache worker for file hash cache (C:\Users\scher\Documents\PROJETOS ANDROID\RECICLAAI\.gradle\8.0\fileHashes)" [_thread_blocked, id=9312, stack(0x000000f4c0400000,0x000000f4c0500000)]
  0x0000024652baf810 JavaThread "Cache worker for cache directory md-supplier (C:\Users\scher\.gradle\caches\8.0\md-supplier)" [_thread_blocked, id=11576, stack(0x000000f4c0500000,0x000000f4c0600000)]
  0x0000024652bab4b0 JavaThread "Cache worker for execution history cache (C:\Users\scher\.gradle\caches\8.0\executionHistory)" [_thread_blocked, id=14184, stack(0x000000f4c0600000,0x000000f4c0700000)]
  0x0000024652ba8960 JavaThread "Cache worker for dependencies-accessors (C:\Users\scher\Documents\PROJETOS ANDROID\RECICLAAI\.gradle\8.0\dependencies-accessors)" [_thread_blocked, id=16400, stack(0x000000f4c0700000,0x000000f4c0800000)]
  0x0000024652bab980 JavaThread "Cache worker for Build Output Cleanup Cache (C:\Users\scher\Documents\PROJETOS ANDROID\RECICLAAI\.gradle\buildOutputCleanup)" [_thread_blocked, id=9236, stack(0x000000f4c0800000,0x000000f4c0900000)]
  0x0000024652ba97d0 JavaThread "Unconstrained build operations" [_thread_blocked, id=13208, stack(0x000000f4c0900000,0x000000f4c0a00000)]
  0x0000024652babe50 JavaThread "Unconstrained build operations Thread 2" [_thread_blocked, id=8968, stack(0x000000f4c0a00000,0x000000f4c0b00000)]
  0x0000024652bac320 JavaThread "Unconstrained build operations Thread 3" [_thread_blocked, id=9508, stack(0x000000f4c0b00000,0x000000f4c0c00000)]
  0x0000024653f426d0 JavaThread "Unconstrained build operations Thread 4" [_thread_blocked, id=7440, stack(0x000000f4c0c00000,0x000000f4c0d00000)]
  0x0000024653f3ae80 JavaThread "Unconstrained build operations Thread 5" [_thread_blocked, id=12612, stack(0x000000f4c0d00000,0x000000f4c0e00000)]
  0x0000024653f3cb60 JavaThread "Unconstrained build operations Thread 6" [_thread_blocked, id=12056, stack(0x000000f4c0e00000,0x000000f4c0f00000)]
  0x0000024653f3bcf0 JavaThread "Unconstrained build operations Thread 7" [_thread_blocked, id=9712, stack(0x000000f4c0f00000,0x000000f4c1000000)]
  0x0000024653f41d30 JavaThread "Unconstrained build operations Thread 8" [_thread_blocked, id=2488, stack(0x000000f4c1000000,0x000000f4c1100000)]
  0x0000024653f3b350 JavaThread "Unconstrained build operations Thread 9" [_thread_blocked, id=4576, stack(0x000000f4c1100000,0x000000f4c1200000)]
  0x0000024653f41860 JavaThread "Unconstrained build operations Thread 10" [_thread_blocked, id=6412, stack(0x000000f4c1200000,0x000000f4c1300000)]
  0x0000024653f3b820 JavaThread "Unconstrained build operations Thread 11" [_thread_blocked, id=16856, stack(0x000000f4c1300000,0x000000f4c1400000)]
  0x0000024653f3d9d0 JavaThread "Unconstrained build operations Thread 12" [_thread_blocked, id=11032, stack(0x000000f4c1400000,0x000000f4c1500000)]
  0x0000024653f3dea0 JavaThread "Unconstrained build operations Thread 13" [_thread_blocked, id=14960, stack(0x000000f4c1500000,0x000000f4c1600000)]
  0x0000024653f42200 JavaThread "Unconstrained build operations Thread 14" [_thread_blocked, id=4496, stack(0x000000f4c1600000,0x000000f4c1700000)]
  0x0000024653f3f1e0 JavaThread "Unconstrained build operations Thread 15" [_thread_blocked, id=5048, stack(0x000000f4c1700000,0x000000f4c1800000)]
  0x0000024653f3c1c0 JavaThread "Unconstrained build operations Thread 16" [_thread_blocked, id=10696, stack(0x000000f4c1800000,0x000000f4c1900000)]
  0x0000024653f3f6b0 JavaThread "Unconstrained build operations Thread 17" [_thread_blocked, id=12440, stack(0x000000f4c1900000,0x000000f4c1a00000)]
  0x0000024653f3e370 JavaThread "Unconstrained build operations Thread 18" [_thread_blocked, id=12824, stack(0x000000f4c1a00000,0x000000f4c1b00000)]
  0x0000024653f3fb80 JavaThread "Unconstrained build operations Thread 19" [_thread_blocked, id=7996, stack(0x000000f4c1b00000,0x000000f4c1c00000)]
  0x0000024653f3c690 JavaThread "Unconstrained build operations Thread 20" [_thread_blocked, id=6392, stack(0x000000f4c1c00000,0x000000f4c1d00000)]
  0x0000024653f3d030 JavaThread "Unconstrained build operations Thread 21" [_thread_blocked, id=12816, stack(0x000000f4c1d00000,0x000000f4c1e00000)]
  0x0000024653f3d500 JavaThread "Unconstrained build operations Thread 22" [_thread_blocked, id=16768, stack(0x000000f4c1e00000,0x000000f4c1f00000)]
  0x0000024653f3e840 JavaThread "Unconstrained build operations Thread 23" [_thread_blocked, id=3676, stack(0x000000f4c1f00000,0x000000f4c2000000)]
  0x0000024653f40050 JavaThread "Unconstrained build operations Thread 24" [_thread_blocked, id=10516, stack(0x000000f4c2000000,0x000000f4c2100000)]
  0x0000024653f3ed10 JavaThread "Unconstrained build operations Thread 25" [_thread_blocked, id=9288, stack(0x000000f4c2100000,0x000000f4c2200000)]
  0x0000024653f409f0 JavaThread "Unconstrained build operations Thread 26" [_thread_blocked, id=12500, stack(0x000000f4c2200000,0x000000f4c2300000)]
  0x0000024653f40520 JavaThread "Unconstrained build operations Thread 27" [_thread_blocked, id=9784, stack(0x000000f4c2300000,0x000000f4c2400000)]
  0x0000024653f40ec0 JavaThread "Unconstrained build operations Thread 28" [_thread_blocked, id=14820, stack(0x000000f4c2400000,0x000000f4c2500000)]
  0x0000024653f41390 JavaThread "Unconstrained build operations Thread 29" [_thread_blocked, id=10616, stack(0x000000f4c2500000,0x000000f4c2600000)]
  0x00000246523e5d10 JavaThread "Unconstrained build operations Thread 30" [_thread_blocked, id=14780, stack(0x000000f4c2600000,0x000000f4c2700000)]
  0x00000246523e9200 JavaThread "Unconstrained build operations Thread 31" [_thread_blocked, id=14696, stack(0x000000f4c2700000,0x000000f4c2800000)]
  0x00000246523ec6f0 JavaThread "Unconstrained build operations Thread 32" [_thread_blocked, id=2820, stack(0x000000f4c2800000,0x000000f4c2900000)]
  0x00000246523e8390 JavaThread "Unconstrained build operations Thread 33" [_thread_blocked, id=9552, stack(0x000000f4c2900000,0x000000f4c2a00000)]
  0x00000246523e61e0 JavaThread "Unconstrained build operations Thread 34" [_thread_blocked, id=13876, stack(0x000000f4c2a00000,0x000000f4c2b00000)]
  0x00000246523eb880 JavaThread "Unconstrained build operations Thread 35" [_thread_blocked, id=5240, stack(0x000000f4c2b00000,0x000000f4c2c00000)]
  0x00000246523ecbc0 JavaThread "Unconstrained build operations Thread 36" [_thread_blocked, id=9368, stack(0x000000f4c2c00000,0x000000f4c2d00000)]
  0x00000246523eaee0 JavaThread "Unconstrained build operations Thread 37" [_thread_blocked, id=10936, stack(0x000000f4c2d00000,0x000000f4c2e00000)]
  0x00000246523e66b0 JavaThread "Unconstrained build operations Thread 38" [_thread_blocked, id=15200, stack(0x000000f4c2e00000,0x000000f4c2f00000)]
  0x00000246523e6b80 JavaThread "Unconstrained build operations Thread 39" [_thread_blocked, id=14884, stack(0x000000f4c2f00000,0x000000f4c3000000)]
  0x00000246523e7050 JavaThread "Unconstrained build operations Thread 40" [_thread_blocked, id=13376, stack(0x000000f4c3000000,0x000000f4c3100000)]
  0x00000246523e8860 JavaThread "Unconstrained build operations Thread 41" [_thread_blocked, id=2464, stack(0x000000f4c3100000,0x000000f4c3200000)]
  0x00000246523e7520 JavaThread "Unconstrained build operations Thread 42" [_thread_blocked, id=1664, stack(0x000000f4c3200000,0x000000f4c3300000)]
  0x00000246523e8d30 JavaThread "Unconstrained build operations Thread 43" [_thread_blocked, id=2552, stack(0x000000f4c3300000,0x000000f4c3400000)]
  0x00000246523e79f0 JavaThread "Unconstrained build operations Thread 44" [_thread_blocked, id=14192, stack(0x000000f4c3400000,0x000000f4c3500000)]
  0x00000246523e7ec0 JavaThread "Unconstrained build operations Thread 45" [_thread_blocked, id=5848, stack(0x000000f4c3500000,0x000000f4c3600000)]
  0x00000246523ebd50 JavaThread "Unconstrained build operations Thread 46" [_thread_blocked, id=8332, stack(0x000000f4c3600000,0x000000f4c3700000)]
  0x00000246523ed090 JavaThread "Unconstrained build operations Thread 47" [_thread_blocked, id=7268, stack(0x000000f4c3700000,0x000000f4c3800000)]
  0x00000246523eaa10 JavaThread "Unconstrained build operations Thread 48" [_thread_blocked, id=1560, stack(0x000000f4c3800000,0x000000f4c3900000)]
  0x00000246523ed560 JavaThread "Unconstrained build operations Thread 49" [_thread_blocked, id=10760, stack(0x000000f4c3900000,0x000000f4c3a00000)]
  0x00000246523e96d0 JavaThread "Unconstrained build operations Thread 50" [_thread_blocked, id=7544, stack(0x000000f4c3a00000,0x000000f4c3b00000)]
  0x00000246523e9ba0 JavaThread "Unconstrained build operations Thread 51" [_thread_blocked, id=4680, stack(0x000000f4c3b00000,0x000000f4c3c00000)]
  0x00000246523ea070 JavaThread "Unconstrained build operations Thread 52" [_thread_blocked, id=15620, stack(0x000000f4c3c00000,0x000000f4c3d00000)]
  0x00000246523ec220 JavaThread "Unconstrained build operations Thread 53" [_thread_blocked, id=17180, stack(0x000000f4c3d00000,0x000000f4c3e00000)]
  0x00000246523ea540 JavaThread "Unconstrained build operations Thread 54" [_thread_blocked, id=15796, stack(0x000000f4c3e00000,0x000000f4c3f00000)]
  0x00000246523eb3b0 JavaThread "Unconstrained build operations Thread 55" [_thread_blocked, id=8012, stack(0x000000f4c3f00000,0x000000f4c4000000)]
  0x00000246542304e0 JavaThread "Unconstrained build operations Thread 56" [_thread_blocked, id=16212, stack(0x000000f4c4000000,0x000000f4c4100000)]
  0x0000024654231820 JavaThread "Unconstrained build operations Thread 57" [_thread_blocked, id=2252, stack(0x000000f4c4100000,0x000000f4c4200000)]
  0x00000246542309b0 JavaThread "Unconstrained build operations Thread 58" [_thread_blocked, id=2388, stack(0x000000f4c4200000,0x000000f4c4300000)]
  0x000002465422f670 JavaThread "Unconstrained build operations Thread 59" [_thread_blocked, id=2660, stack(0x000000f4c4300000,0x000000f4c4400000)]
  0x000002465422ecd0 JavaThread "Unconstrained build operations Thread 60" [_thread_blocked, id=6264, stack(0x000000f4c4400000,0x000000f4c4500000)]
  0x00000246542321c0 JavaThread "Unconstrained build operations Thread 61" [_thread_blocked, id=15524, stack(0x000000f4c4500000,0x000000f4c4600000)]
  0x000002465422fb40 JavaThread "Unconstrained build operations Thread 62" [_thread_blocked, id=13024, stack(0x000000f4c4600000,0x000000f4c4700000)]
  0x0000024654230e80 JavaThread "Unconstrained build operations Thread 63" [_thread_blocked, id=16124, stack(0x000000f4c4700000,0x000000f4c4800000)]
  0x0000024654231350 JavaThread "Unconstrained build operations Thread 64" [_thread_blocked, id=8936, stack(0x000000f4c4800000,0x000000f4c4900000)]
  0x0000024654232690 JavaThread "Unconstrained build operations Thread 65" [_thread_blocked, id=3276, stack(0x000000f4c4900000,0x000000f4c4a00000)]
  0x0000024654231cf0 JavaThread "Unconstrained build operations Thread 66" [_thread_blocked, id=12520, stack(0x000000f4c4a00000,0x000000f4c4b00000)]
  0x000002465422f1a0 JavaThread "Unconstrained build operations Thread 67" [_thread_blocked, id=12484, stack(0x000000f4c4b00000,0x000000f4c4c00000)]
  0x0000024654230010 JavaThread "Unconstrained build operations Thread 68" [_thread_blocked, id=12832, stack(0x000000f4c4c00000,0x000000f4c4d00000)]
  0x000002464ee27ee0 JavaThread "Unconstrained build operations Thread 69" [_thread_blocked, id=7128, stack(0x000000f4c4d00000,0x000000f4c4e00000)]
  0x000002464ee2d0b0 JavaThread "Unconstrained build operations Thread 70" [_thread_blocked, id=17188, stack(0x000000f4c4e00000,0x000000f4c4f00000)]
  0x000002464ee2df20 JavaThread "Unconstrained build operations Thread 71" [_thread_blocked, id=17176, stack(0x000000f4c4f00000,0x000000f4c5000000)]
  0x000002464ee2a090 JavaThread "Unconstrained build operations Thread 72" [_thread_blocked, id=10532, stack(0x000000f4c5000000,0x000000f4c5100000)]
  0x000002464ee2a560 JavaThread "Unconstrained build operations Thread 73" [_thread_blocked, id=8984, stack(0x000000f4c5100000,0x000000f4c5200000)]
  0x000002464ee2b8a0 JavaThread "Unconstrained build operations Thread 74" [_thread_blocked, id=8468, stack(0x000000f4c5200000,0x000000f4c5300000)]
  0x000002464ee2af00 JavaThread "Unconstrained build operations Thread 75" [_thread_blocked, id=5784, stack(0x000000f4c5300000,0x000000f4c5400000)]
  0x000002464ee2bd70 JavaThread "Unconstrained build operations Thread 76" [_thread_blocked, id=16828, stack(0x000000f4c5400000,0x000000f4c5500000)]
  0x000002464ee296f0 JavaThread "Unconstrained build operations Thread 77" [_thread_blocked, id=4564, stack(0x000000f4c5500000,0x000000f4c5600000)]
  0x000002464ee283b0 JavaThread "Unconstrained build operations Thread 78" [_thread_blocked, id=5476, stack(0x000000f4c5600000,0x000000f4c5700000)]
  0x000002464ee2aa30 JavaThread "Unconstrained build operations Thread 79" [_thread_blocked, id=12156, stack(0x000000f4c5700000,0x000000f4c5800000)]
  0x000002464ee2b3d0 JavaThread "Unconstrained build operations Thread 80" [_thread_blocked, id=13060, stack(0x000000f4c5800000,0x000000f4c5900000)]
  0x000002464ee2cbe0 JavaThread "Memory manager" [_thread_blocked, id=11288, stack(0x000000f4c5900000,0x000000f4c5a00000)]
  0x000002464ee2c710 JavaThread "included builds" [_thread_blocked, id=14592, stack(0x000000f4c5a00000,0x000000f4c5b00000)]
  0x000002464ee2da50 JavaThread "Execution worker" [_thread_blocked, id=15760, stack(0x000000f4c5b00000,0x000000f4c5c00000)]
  0x000002464ee26ba0 JavaThread "Execution worker Thread 2" [_thread_blocked, id=14844, stack(0x000000f4c5c00000,0x000000f4c5d00000)]
  0x000002464ee28880 JavaThread "Execution worker Thread 3" [_thread_blocked, id=11204, stack(0x000000f4c5d00000,0x000000f4c5e00000)]
  0x000002464ee27070 JavaThread "Execution worker Thread 4" [_thread_blocked, id=796, stack(0x000000f4c5e00000,0x000000f4c5f00000)]
  0x000002464ee28d50 JavaThread "Execution worker Thread 5" [_thread_blocked, id=14936, stack(0x000000f4c5f00000,0x000000f4c6000000)]
  0x000002464ee27540 JavaThread "Execution worker Thread 6" [_thread_blocked, id=12364, stack(0x000000f4c6000000,0x000000f4c6100000)]
  0x000002464ee29220 JavaThread "Execution worker Thread 7" [_thread_blocked, id=15916, stack(0x000000f4c6100000,0x000000f4c6200000)]
  0x000002464ee29bc0 JavaThread "Cache worker for execution history cache (C:\Users\scher\Documents\PROJETOS ANDROID\RECICLAAI\.gradle\8.0\executionHistory)" [_thread_blocked, id=15472, stack(0x000000f4c6200000,0x000000f4c6300000)]
  0x0000024658880dc0 JavaThread "idea-tooling-model-converter" [_thread_blocked, id=836, stack(0x000000f4c6300000,0x000000f4c6400000)]

Other Threads:
=>0x000002464e814330 VMThread "VM Thread" [stack: 0x000000f4bd200000,0x000000f4bd300000] [id=17272]
  0x000002464e943ef0 WatcherThread [stack: 0x000000f4bde00000,0x000000f4bdf00000] [id=9972]
  0x000002463413b320 GCTaskThread "GC Thread#0" [stack: 0x000000f4bcd00000,0x000000f4bce00000] [id=10584]
  0x000002464f185d80 GCTaskThread "GC Thread#1" [stack: 0x000000f4be100000,0x000000f4be200000] [id=17400]
  0x000002464f186030 GCTaskThread "GC Thread#2" [stack: 0x000000f4be200000,0x000000f4be300000] [id=5684]
  0x000002464f7acac0 GCTaskThread "GC Thread#3" [stack: 0x000000f4be300000,0x000000f4be400000] [id=4284]
  0x000002464fec4740 GCTaskThread "GC Thread#4" [stack: 0x000000f4be400000,0x000000f4be500000] [id=13088]
  0x00000246502ef4d0 GCTaskThread "GC Thread#5" [stack: 0x000000f4bef00000,0x000000f4bf000000] [id=12504]
  0x0000024651c55040 GCTaskThread "GC Thread#6" [stack: 0x000000f4bf000000,0x000000f4bf100000] [id=16632]
  0x0000024651c552f0 GCTaskThread "GC Thread#7" [stack: 0x000000f4bf100000,0x000000f4bf200000] [id=14208]
  0x000002463414c260 ConcurrentGCThread "G1 Main Marker" [stack: 0x000000f4bce00000,0x000000f4bcf00000] [id=15996]
  0x000002463414cc70 ConcurrentGCThread "G1 Conc#0" [stack: 0x000000f4bcf00000,0x000000f4bd000000] [id=16308]
  0x0000024651ca9450 ConcurrentGCThread "G1 Conc#1" [stack: 0x000000f4bf200000,0x000000f4bf300000] [id=7536]
  0x000002464ddaded0 ConcurrentGCThread "G1 Refine#0" [stack: 0x000000f4bd000000,0x000000f4bd100000] [id=3196]
  0x000002465255d390 ConcurrentGCThread "G1 Refine#1" [stack: 0x000000f4c0000000,0x000000f4c0100000] [id=16428]
  0x000002464ddb0900 ConcurrentGCThread "G1 Service" [stack: 0x000000f4bd100000,0x000000f4bd200000] [id=16088]

Threads with active compile tasks:
C2 CompilerThread0     9273 8401   !   4       java.util.zip.ZipFile$ZipEntryIterator::next (71 bytes)
C2 CompilerThread1     9273 8452       4       java.lang.reflect.Method::getGenericReturnType (20 bytes)
C2 CompilerThread2     9273 8397       4       java.util.zip.ZipFile::getZipEntry (322 bytes)

VM state: at safepoint (normal execution)

VM Mutex/Monitor currently owned by a thread:  ([mutex/lock_event])
[0x00000246340d9630] Threads_lock - owner thread: 0x000002464e814330
[0x00000246340d9f30] Heap_lock - owner thread: 0x000002464fa77ef0

Heap address: 0x0000000080000000, size: 2048 MB, Compressed Oops mode: 32-bit

CDS archive(s) not mapped
Compressed class space mapped at: 0x0000000100000000-0x0000000140000000, reserved size: 1073741824
Narrow klass base: 0x0000000000000000, Narrow klass shift: 3, Narrow klass range: 0x140000000

GC Precious Log:
 CPUs: 8 total, 8 available
 Memory: 8072M
 Large Page Support: Disabled
 NUMA Support: Disabled
 Compressed Oops: Enabled (32-bit)
 Heap Region Size: 1M
 Heap Min Capacity: 8M
 Heap Initial Capacity: 128M
 Heap Max Capacity: 2G
 Pre-touch: Disabled
 Parallel Workers: 8
 Concurrent Workers: 2
 Concurrent Refinement Workers: 8
 Periodic GC: Disabled

Heap:
 garbage-first heap   total 209920K, used 129015K [0x0000000080000000, 0x0000000100000000)
  region size 1024K, 2 young (2048K), 2 survivors (2048K)
 Metaspace       used 82043K, committed 82752K, reserved 1122304K
  class space    used 11185K, committed 11520K, reserved 1048576K

Heap Regions: E=young(eden), S=young(survivor), O=old, HS=humongous(starts), HC=humongous(continues), CS=collection set, F=free, OA=open archive, CA=closed archive, TAMS=top-at-mark-start (previous, next)
|   0|0x0000000080000000, 0x0000000080100000, 0x0000000080100000|100%|HS|  |TAMS 0x0000000080100000, 0x0000000080100000| Complete 
|   1|0x0000000080100000, 0x0000000080200000, 0x0000000080200000|100%|HC|  |TAMS 0x0000000080200000, 0x0000000080200000| Complete 
|   2|0x0000000080200000, 0x0000000080300000, 0x0000000080300000|100%|HC|  |TAMS 0x0000000080300000, 0x0000000080300000| Complete 
|   3|0x0000000080300000, 0x0000000080400000, 0x0000000080400000|100%|HC|  |TAMS 0x0000000080400000, 0x0000000080400000| Complete 
|   4|0x0000000080400000, 0x0000000080500000, 0x0000000080500000|100%| O|  |TAMS 0x0000000080500000, 0x0000000080500000| Untracked 
|   5|0x0000000080500000, 0x0000000080600000, 0x0000000080600000|100%| O|  |TAMS 0x0000000080600000, 0x0000000080600000| Untracked 
|   6|0x0000000080600000, 0x0000000080700000, 0x0000000080700000|100%| O|  |TAMS 0x0000000080700000, 0x0000000080700000| Untracked 
|   7|0x0000000080700000, 0x0000000080800000, 0x0000000080800000|100%| O|  |TAMS 0x0000000080800000, 0x0000000080800000| Untracked 
|   8|0x0000000080800000, 0x0000000080900000, 0x0000000080900000|100%| O|  |TAMS 0x0000000080900000, 0x0000000080900000| Untracked 
|   9|0x0000000080900000, 0x0000000080a00000, 0x0000000080a00000|100%| O|  |TAMS 0x0000000080a00000, 0x0000000080a00000| Untracked 
|  10|0x0000000080a00000, 0x0000000080b00000, 0x0000000080b00000|100%| O|  |TAMS 0x0000000080b00000, 0x0000000080b00000| Untracked 
|  11|0x0000000080b00000, 0x0000000080c00000, 0x0000000080c00000|100%| O|  |TAMS 0x0000000080c00000, 0x0000000080c00000| Untracked 
|  12|0x0000000080c00000, 0x0000000080d00000, 0x0000000080d00000|100%| O|  |TAMS 0x0000000080d00000, 0x0000000080d00000| Untracked 
|  13|0x0000000080d00000, 0x0000000080e00000, 0x0000000080e00000|100%| O|  |TAMS 0x0000000080e00000, 0x0000000080e00000| Untracked 
|  14|0x0000000080e00000, 0x0000000080f00000, 0x0000000080f00000|100%| O|  |TAMS 0x0000000080f00000, 0x0000000080f00000| Untracked 
|  15|0x0000000080f00000, 0x0000000081000000, 0x0000000081000000|100%| O|  |TAMS 0x0000000081000000, 0x0000000081000000| Untracked 
|  16|0x0000000081000000, 0x0000000081100000, 0x0000000081100000|100%| O|  |TAMS 0x0000000081100000, 0x0000000081100000| Untracked 
|  17|0x0000000081100000, 0x0000000081200000, 0x0000000081200000|100%| O|  |TAMS 0x0000000081200000, 0x0000000081200000| Untracked 
|  18|0x0000000081200000, 0x0000000081300000, 0x0000000081300000|100%| O|  |TAMS 0x0000000081300000, 0x0000000081300000| Untracked 
|  19|0x0000000081300000, 0x0000000081400000, 0x0000000081400000|100%|HS|  |TAMS 0x0000000081400000, 0x0000000081400000| Complete 
|  20|0x0000000081400000, 0x0000000081500000, 0x0000000081500000|100%|HC|  |TAMS 0x0000000081500000, 0x0000000081500000| Complete 
|  21|0x0000000081500000, 0x0000000081600000, 0x0000000081600000|100%|HS|  |TAMS 0x0000000081600000, 0x0000000081600000| Complete 
|  22|0x0000000081600000, 0x0000000081700000, 0x0000000081700000|100%|HC|  |TAMS 0x0000000081700000, 0x0000000081700000| Complete 
|  23|0x0000000081700000, 0x0000000081800000, 0x0000000081800000|100%|HC|  |TAMS 0x0000000081800000, 0x0000000081800000| Complete 
|  24|0x0000000081800000, 0x0000000081900000, 0x0000000081900000|100%| O|  |TAMS 0x0000000081900000, 0x0000000081900000| Untracked 
|  25|0x0000000081900000, 0x0000000081a00000, 0x0000000081a00000|100%| O|  |TAMS 0x0000000081a00000, 0x0000000081a00000| Untracked 
|  26|0x0000000081a00000, 0x0000000081b00000, 0x0000000081b00000|100%| O|  |TAMS 0x0000000081b00000, 0x0000000081b00000| Untracked 
|  27|0x0000000081b00000, 0x0000000081c00000, 0x0000000081c00000|100%|HS|  |TAMS 0x0000000081c00000, 0x0000000081c00000| Complete 
|  28|0x0000000081c00000, 0x0000000081d00000, 0x0000000081d00000|100%|HC|  |TAMS 0x0000000081d00000, 0x0000000081d00000| Complete 
|  29|0x0000000081d00000, 0x0000000081e00000, 0x0000000081e00000|100%|HC|  |TAMS 0x0000000081e00000, 0x0000000081e00000| Complete 
|  30|0x0000000081e00000, 0x0000000081f00000, 0x0000000081f00000|100%| O|  |TAMS 0x0000000081f00000, 0x0000000081f00000| Untracked 
|  31|0x0000000081f00000, 0x0000000081f00000, 0x0000000082000000|  0%| F|  |TAMS 0x0000000081f00000, 0x0000000081f00000| Untracked 
|  32|0x0000000082000000, 0x0000000082100000, 0x0000000082100000|100%| O|  |TAMS 0x0000000082100000, 0x0000000082100000| Untracked 
|  33|0x0000000082100000, 0x0000000082200000, 0x0000000082200000|100%|HS|  |TAMS 0x0000000082200000, 0x0000000082200000| Complete 
|  34|0x0000000082200000, 0x0000000082300000, 0x0000000082300000|100%|HC|  |TAMS 0x0000000082300000, 0x0000000082300000| Complete 
|  35|0x0000000082300000, 0x0000000082400000, 0x0000000082400000|100%| O|  |TAMS 0x0000000082400000, 0x0000000082400000| Untracked 
|  36|0x0000000082400000, 0x0000000082500000, 0x0000000082500000|100%| O|  |TAMS 0x0000000082500000, 0x0000000082500000| Untracked 
|  37|0x0000000082500000, 0x0000000082600000, 0x0000000082600000|100%| O|  |TAMS 0x0000000082600000, 0x0000000082600000| Untracked 
|  38|0x0000000082600000, 0x0000000082700000, 0x0000000082700000|100%| O|  |TAMS 0x0000000082600000, 0x0000000082700000| Untracked 
|  39|0x0000000082700000, 0x0000000082800000, 0x0000000082800000|100%| O|  |TAMS 0x0000000082800000, 0x0000000082800000| Untracked 
|  40|0x0000000082800000, 0x0000000082900000, 0x0000000082900000|100%| O|  |TAMS 0x0000000082900000, 0x0000000082900000| Untracked 
|  41|0x0000000082900000, 0x0000000082a00000, 0x0000000082a00000|100%| O|  |TAMS 0x0000000082a00000, 0x0000000082a00000| Untracked 
|  42|0x0000000082a00000, 0x0000000082b00000, 0x0000000082b00000|100%|HS|  |TAMS 0x0000000082b00000, 0x0000000082b00000| Complete 
|  43|0x0000000082b00000, 0x0000000082c00000, 0x0000000082c00000|100%|HC|  |TAMS 0x0000000082c00000, 0x0000000082c00000| Complete 
|  44|0x0000000082c00000, 0x0000000082d00000, 0x0000000082d00000|100%|HC|  |TAMS 0x0000000082d00000, 0x0000000082d00000| Complete 
|  45|0x0000000082d00000, 0x0000000082e00000, 0x0000000082e00000|100%| O|  |TAMS 0x0000000082e00000, 0x0000000082e00000| Untracked 
|  46|0x0000000082e00000, 0x0000000082f00000, 0x0000000082f00000|100%|HS|  |TAMS 0x0000000082f00000, 0x0000000082f00000| Complete 
|  47|0x0000000082f00000, 0x0000000083000000, 0x0000000083000000|100%|HC|  |TAMS 0x0000000083000000, 0x0000000083000000| Complete 
|  48|0x0000000083000000, 0x0000000083100000, 0x0000000083100000|100%|HC|  |TAMS 0x0000000083100000, 0x0000000083100000| Complete 
|  49|0x0000000083100000, 0x0000000083200000, 0x0000000083200000|100%|HC|  |TAMS 0x0000000083200000, 0x0000000083200000| Complete 
|  50|0x0000000083200000, 0x0000000083300000, 0x0000000083300000|100%|HC|  |TAMS 0x0000000083300000, 0x0000000083300000| Complete 
|  51|0x0000000083300000, 0x0000000083400000, 0x0000000083400000|100%|HC|  |TAMS 0x0000000083400000, 0x0000000083400000| Complete 
|  52|0x0000000083400000, 0x0000000083500000, 0x0000000083500000|100%|HC|  |TAMS 0x0000000083500000, 0x0000000083500000| Complete 
|  53|0x0000000083500000, 0x0000000083600000, 0x0000000083600000|100%|HC|  |TAMS 0x0000000083600000, 0x0000000083600000| Complete 
|  54|0x0000000083600000, 0x0000000083700000, 0x0000000083700000|100%|HC|  |TAMS 0x0000000083700000, 0x0000000083700000| Complete 
|  55|0x0000000083700000, 0x0000000083800000, 0x0000000083800000|100%|HC|  |TAMS 0x0000000083800000, 0x0000000083800000| Complete 
|  56|0x0000000083800000, 0x0000000083900000, 0x0000000083900000|100%|HC|  |TAMS 0x0000000083900000, 0x0000000083900000| Complete 
|  57|0x0000000083900000, 0x0000000083a00000, 0x0000000083a00000|100%|HC|  |TAMS 0x0000000083a00000, 0x0000000083a00000| Complete 
|  58|0x0000000083a00000, 0x0000000083b00000, 0x0000000083b00000|100%|HS|  |TAMS 0x0000000083b00000, 0x0000000083b00000| Complete 
|  59|0x0000000083b00000, 0x0000000083c00000, 0x0000000083c00000|100%|HC|  |TAMS 0x0000000083c00000, 0x0000000083c00000| Complete 
|  60|0x0000000083c00000, 0x0000000083d00000, 0x0000000083d00000|100%|HC|  |TAMS 0x0000000083d00000, 0x0000000083d00000| Complete 
|  61|0x0000000083d00000, 0x0000000083e00000, 0x0000000083e00000|100%| O|  |TAMS 0x0000000083e00000, 0x0000000083e00000| Untracked 
|  62|0x0000000083e00000, 0x0000000083f00000, 0x0000000083f00000|100%| O|  |TAMS 0x0000000083f00000, 0x0000000083f00000| Untracked 
|  63|0x0000000083f00000, 0x0000000084000000, 0x0000000084000000|100%| O|  |TAMS 0x0000000084000000, 0x0000000084000000| Untracked 
|  64|0x0000000084000000, 0x0000000084100000, 0x0000000084100000|100%| O|  |TAMS 0x0000000084100000, 0x0000000084100000| Untracked 
|  65|0x0000000084100000, 0x0000000084200000, 0x0000000084200000|100%| O|  |TAMS 0x0000000084200000, 0x0000000084200000| Untracked 
|  66|0x0000000084200000, 0x0000000084300000, 0x0000000084300000|100%| O|  |TAMS 0x0000000084300000, 0x0000000084300000| Untracked 
|  67|0x0000000084300000, 0x0000000084400000, 0x0000000084400000|100%| O|  |TAMS 0x0000000084400000, 0x0000000084400000| Untracked 
|  68|0x0000000084400000, 0x0000000084500000, 0x0000000084500000|100%| O|  |TAMS 0x0000000084500000, 0x0000000084500000| Untracked 
|  69|0x0000000084500000, 0x0000000084600000, 0x0000000084600000|100%| O|  |TAMS 0x0000000084600000, 0x0000000084600000| Untracked 
|  70|0x0000000084600000, 0x0000000084700000, 0x0000000084700000|100%| O|  |TAMS 0x0000000084700000, 0x0000000084700000| Untracked 
|  71|0x0000000084700000, 0x0000000084800000, 0x0000000084800000|100%| O|  |TAMS 0x0000000084800000, 0x0000000084800000| Untracked 
|  72|0x0000000084800000, 0x0000000084900000, 0x0000000084900000|100%| O|  |TAMS 0x0000000084900000, 0x0000000084900000| Untracked 
|  73|0x0000000084900000, 0x0000000084a00000, 0x0000000084a00000|100%| O|  |TAMS 0x0000000084a00000, 0x0000000084a00000| Untracked 
|  74|0x0000000084a00000, 0x0000000084b00000, 0x0000000084b00000|100%|HS|  |TAMS 0x0000000084b00000, 0x0000000084b00000| Complete 
|  75|0x0000000084b00000, 0x0000000084c00000, 0x0000000084c00000|100%|HS|  |TAMS 0x0000000084c00000, 0x0000000084c00000| Complete 
|  76|0x0000000084c00000, 0x0000000084d00000, 0x0000000084d00000|100%|HS|  |TAMS 0x0000000084d00000, 0x0000000084d00000| Complete 
|  77|0x0000000084d00000, 0x0000000084e00000, 0x0000000084e00000|100%| O|  |TAMS 0x0000000084e00000, 0x0000000084e00000| Untracked 
|  78|0x0000000084e00000, 0x0000000084f00000, 0x0000000084f00000|100%| O|  |TAMS 0x0000000084f00000, 0x0000000084f00000| Untracked 
|  79|0x0000000084f00000, 0x0000000085000000, 0x0000000085000000|100%| O|  |TAMS 0x0000000085000000, 0x0000000085000000| Untracked 
|  80|0x0000000085000000, 0x0000000085100000, 0x0000000085100000|100%| O|  |TAMS 0x0000000085100000, 0x0000000085100000| Untracked 
|  81|0x0000000085100000, 0x0000000085200000, 0x0000000085200000|100%| O|  |TAMS 0x0000000085200000, 0x0000000085200000| Untracked 
|  82|0x0000000085200000, 0x0000000085300000, 0x0000000085300000|100%| O|  |TAMS 0x0000000085300000, 0x0000000085300000| Untracked 
|  83|0x0000000085300000, 0x0000000085400000, 0x0000000085400000|100%| O|  |TAMS 0x0000000085400000, 0x0000000085400000| Untracked 
|  84|0x0000000085400000, 0x0000000085500000, 0x0000000085500000|100%| O|  |TAMS 0x0000000085500000, 0x0000000085500000| Untracked 
|  85|0x0000000085500000, 0x0000000085600000, 0x0000000085600000|100%| O|  |TAMS 0x0000000085600000, 0x0000000085600000| Untracked 
|  86|0x0000000085600000, 0x0000000085700000, 0x0000000085700000|100%| O|  |TAMS 0x0000000085700000, 0x0000000085700000| Untracked 
|  87|0x0000000085700000, 0x0000000085800000, 0x0000000085800000|100%| O|  |TAMS 0x0000000085800000, 0x0000000085800000| Untracked 
|  88|0x0000000085800000, 0x0000000085900000, 0x0000000085900000|100%| O|  |TAMS 0x0000000085900000, 0x0000000085900000| Untracked 
|  89|0x0000000085900000, 0x0000000085a00000, 0x0000000085a00000|100%| O|  |TAMS 0x0000000085a00000, 0x0000000085a00000| Untracked 
|  90|0x0000000085a00000, 0x0000000085b00000, 0x0000000085b00000|100%| O|  |TAMS 0x0000000085b00000, 0x0000000085b00000| Untracked 
|  91|0x0000000085b00000, 0x0000000085c00000, 0x0000000085c00000|100%| O|  |TAMS 0x0000000085c00000, 0x0000000085c00000| Untracked 
|  92|0x0000000085c00000, 0x0000000085d00000, 0x0000000085d00000|100%| O|  |TAMS 0x0000000085d00000, 0x0000000085d00000| Untracked 
|  93|0x0000000085d00000, 0x0000000085e00000, 0x0000000085e00000|100%| O|  |TAMS 0x0000000085e00000, 0x0000000085e00000| Untracked 
|  94|0x0000000085e00000, 0x0000000085f00000, 0x0000000085f00000|100%| O|  |TAMS 0x0000000085f00000, 0x0000000085f00000| Untracked 
|  95|0x0000000085f00000, 0x0000000086000000, 0x0000000086000000|100%| O|  |TAMS 0x0000000085f4a800, 0x0000000086000000| Untracked 
|  96|0x0000000086000000, 0x0000000086100000, 0x0000000086100000|100%|HS|  |TAMS 0x0000000086000000, 0x0000000086100000| Complete 
|  97|0x0000000086100000, 0x0000000086200000, 0x0000000086200000|100%|HC|  |TAMS 0x0000000086100000, 0x0000000086200000| Complete 
|  98|0x0000000086200000, 0x0000000086300000, 0x0000000086300000|100%|HS|  |TAMS 0x0000000086200000, 0x0000000086300000| Complete 
|  99|0x0000000086300000, 0x0000000086400000, 0x0000000086400000|100%|HC|  |TAMS 0x0000000086300000, 0x0000000086400000| Complete 
| 100|0x0000000086400000, 0x0000000086500000, 0x0000000086500000|100%|HC|  |TAMS 0x0000000086400000, 0x0000000086500000| Complete 
| 101|0x0000000086500000, 0x0000000086600000, 0x0000000086600000|100%|HS|  |TAMS 0x0000000086500000, 0x0000000086600000| Complete 
| 102|0x0000000086600000, 0x0000000086700000, 0x0000000086700000|100%|HC|  |TAMS 0x0000000086600000, 0x0000000086700000| Complete 
| 103|0x0000000086700000, 0x0000000086800000, 0x0000000086800000|100%|HC|  |TAMS 0x0000000086700000, 0x0000000086800000| Complete 
| 104|0x0000000086800000, 0x0000000086900000, 0x0000000086900000|100%|HS|  |TAMS 0x0000000086800000, 0x0000000086900000| Complete 
| 105|0x0000000086900000, 0x0000000086a00000, 0x0000000086a00000|100%|HC|  |TAMS 0x0000000086900000, 0x0000000086a00000| Complete 
| 106|0x0000000086a00000, 0x0000000086b00000, 0x0000000086b00000|100%|HC|  |TAMS 0x0000000086a00000, 0x0000000086b00000| Complete 
| 107|0x0000000086b00000, 0x0000000086c00000, 0x0000000086c00000|100%|HC|  |TAMS 0x0000000086b00000, 0x0000000086c00000| Complete 
| 108|0x0000000086c00000, 0x0000000086d00000, 0x0000000086d00000|100%|HC|  |TAMS 0x0000000086c00000, 0x0000000086d00000| Complete 
| 109|0x0000000086d00000, 0x0000000086e00000, 0x0000000086e00000|100%|HC|  |TAMS 0x0000000086d00000, 0x0000000086e00000| Complete 
| 110|0x0000000086e00000, 0x0000000086f00000, 0x0000000086f00000|100%|HC|  |TAMS 0x0000000086e00000, 0x0000000086f00000| Complete 
| 111|0x0000000086f00000, 0x0000000087000000, 0x0000000087000000|100%|HC|  |TAMS 0x0000000086f00000, 0x0000000087000000| Complete 
| 112|0x0000000087000000, 0x0000000087100000, 0x0000000087100000|100%|HC|  |TAMS 0x0000000087000000, 0x0000000087100000| Complete 
| 113|0x0000000087100000, 0x0000000087200000, 0x0000000087200000|100%|HC|  |TAMS 0x0000000087100000, 0x0000000087200000| Complete 
| 114|0x0000000087200000, 0x0000000087300000, 0x0000000087300000|100%|HC|  |TAMS 0x0000000087200000, 0x0000000087300000| Complete 
| 115|0x0000000087300000, 0x0000000087400000, 0x0000000087400000|100%|HC|  |TAMS 0x0000000087300000, 0x0000000087400000| Complete 
| 116|0x0000000087400000, 0x0000000087500000, 0x0000000087500000|100%|HS|  |TAMS 0x0000000087400000, 0x0000000087500000| Complete 
| 117|0x0000000087500000, 0x0000000087600000, 0x0000000087600000|100%|HC|  |TAMS 0x0000000087500000, 0x0000000087600000| Complete 
| 118|0x0000000087600000, 0x0000000087700000, 0x0000000087700000|100%| O|  |TAMS 0x0000000087600000, 0x0000000087700000| Untracked 
| 119|0x0000000087700000, 0x0000000087800000, 0x0000000087800000|100%| O|  |TAMS 0x0000000087700000, 0x0000000087800000| Untracked 
| 120|0x0000000087800000, 0x0000000087900000, 0x0000000087900000|100%| O|  |TAMS 0x0000000087800000, 0x0000000087900000| Untracked 
| 121|0x0000000087900000, 0x0000000087a00000, 0x0000000087a00000|100%| O|  |TAMS 0x0000000087900000, 0x0000000087a00000| Untracked 
| 122|0x0000000087a00000, 0x0000000087b00000, 0x0000000087b00000|100%| O|  |TAMS 0x0000000087a00000, 0x0000000087b00000| Untracked 
| 123|0x0000000087b00000, 0x0000000087c00000, 0x0000000087c00000|100%| O|  |TAMS 0x0000000087b00000, 0x0000000087c00000| Untracked 
| 124|0x0000000087c00000, 0x0000000087d00000, 0x0000000087d00000|100%| O|  |TAMS 0x0000000087c00000, 0x0000000087d00000| Untracked 
| 125|0x0000000087d00000, 0x0000000087d94200, 0x0000000087e00000| 57%| O|  |TAMS 0x0000000087d00000, 0x0000000087d94200| Untracked 
| 126|0x0000000087e00000, 0x0000000087e00000, 0x0000000087f00000|  0%| F|  |TAMS 0x0000000087e00000, 0x0000000087e00000| Untracked 
| 127|0x0000000087f00000, 0x0000000087f00000, 0x0000000088000000|  0%| F|  |TAMS 0x0000000087f00000, 0x0000000087f00000| Untracked 
| 128|0x0000000088000000, 0x0000000088000000, 0x0000000088100000|  0%| F|  |TAMS 0x0000000088000000, 0x0000000088000000| Untracked 
| 129|0x0000000088100000, 0x0000000088100000, 0x0000000088200000|  0%| F|  |TAMS 0x0000000088100000, 0x0000000088100000| Untracked 
| 130|0x0000000088200000, 0x0000000088200000, 0x0000000088300000|  0%| F|  |TAMS 0x0000000088200000, 0x0000000088200000| Untracked 
| 131|0x0000000088300000, 0x0000000088300000, 0x0000000088400000|  0%| F|  |TAMS 0x0000000088300000, 0x0000000088300000| Untracked 
| 132|0x0000000088400000, 0x0000000088400000, 0x0000000088500000|  0%| F|  |TAMS 0x0000000088400000, 0x0000000088400000| Untracked 
| 133|0x0000000088500000, 0x0000000088500000, 0x0000000088600000|  0%| F|  |TAMS 0x0000000088500000, 0x0000000088500000| Untracked 
| 134|0x0000000088600000, 0x0000000088600000, 0x0000000088700000|  0%| F|  |TAMS 0x0000000088600000, 0x0000000088600000| Untracked 
| 135|0x0000000088700000, 0x0000000088700000, 0x0000000088800000|  0%| F|  |TAMS 0x0000000088700000, 0x0000000088700000| Untracked 
| 136|0x0000000088800000, 0x0000000088800000, 0x0000000088900000|  0%| F|  |TAMS 0x0000000088800000, 0x0000000088800000| Untracked 
| 137|0x0000000088900000, 0x0000000088900000, 0x0000000088a00000|  0%| F|  |TAMS 0x0000000088900000, 0x0000000088900000| Untracked 
| 138|0x0000000088a00000, 0x0000000088a00000, 0x0000000088b00000|  0%| F|  |TAMS 0x0000000088a00000, 0x0000000088a00000| Untracked 
| 139|0x0000000088b00000, 0x0000000088b00000, 0x0000000088c00000|  0%| F|  |TAMS 0x0000000088b00000, 0x0000000088b00000| Untracked 
| 140|0x0000000088c00000, 0x0000000088c00000, 0x0000000088d00000|  0%| F|  |TAMS 0x0000000088c00000, 0x0000000088c00000| Untracked 
| 141|0x0000000088d00000, 0x0000000088d00000, 0x0000000088e00000|  0%| F|  |TAMS 0x0000000088d00000, 0x0000000088d00000| Untracked 
| 142|0x0000000088e00000, 0x0000000088e00000, 0x0000000088f00000|  0%| F|  |TAMS 0x0000000088e00000, 0x0000000088e00000| Untracked 
| 143|0x0000000088f00000, 0x0000000088f00000, 0x0000000089000000|  0%| F|  |TAMS 0x0000000088f00000, 0x0000000088f00000| Untracked 
| 144|0x0000000089000000, 0x0000000089000000, 0x0000000089100000|  0%| F|  |TAMS 0x0000000089000000, 0x0000000089000000| Untracked 
| 145|0x0000000089100000, 0x0000000089100000, 0x0000000089200000|  0%| F|  |TAMS 0x0000000089100000, 0x0000000089100000| Untracked 
| 146|0x0000000089200000, 0x0000000089200000, 0x0000000089300000|  0%| F|  |TAMS 0x0000000089200000, 0x0000000089200000| Untracked 
| 147|0x0000000089300000, 0x0000000089300000, 0x0000000089400000|  0%| F|  |TAMS 0x0000000089300000, 0x0000000089300000| Untracked 
| 148|0x0000000089400000, 0x0000000089400000, 0x0000000089500000|  0%| F|  |TAMS 0x0000000089400000, 0x0000000089400000| Untracked 
| 149|0x0000000089500000, 0x0000000089500000, 0x0000000089600000|  0%| F|  |TAMS 0x0000000089500000, 0x0000000089500000| Untracked 
| 150|0x0000000089600000, 0x0000000089600000, 0x0000000089700000|  0%| F|  |TAMS 0x0000000089600000, 0x0000000089600000| Untracked 
| 151|0x0000000089700000, 0x0000000089700000, 0x0000000089800000|  0%| F|  |TAMS 0x0000000089700000, 0x0000000089700000| Untracked 
| 152|0x0000000089800000, 0x0000000089800000, 0x0000000089900000|  0%| F|  |TAMS 0x0000000089800000, 0x0000000089800000| Untracked 
| 153|0x0000000089900000, 0x0000000089900000, 0x0000000089a00000|  0%| F|  |TAMS 0x0000000089900000, 0x0000000089900000| Untracked 
| 154|0x0000000089a00000, 0x0000000089a00000, 0x0000000089b00000|  0%| F|  |TAMS 0x0000000089a00000, 0x0000000089a00000| Untracked 
| 155|0x0000000089b00000, 0x0000000089b00000, 0x0000000089c00000|  0%| F|  |TAMS 0x0000000089b00000, 0x0000000089b00000| Untracked 
| 156|0x0000000089c00000, 0x0000000089c00000, 0x0000000089d00000|  0%| F|  |TAMS 0x0000000089c00000, 0x0000000089c00000| Untracked 
| 157|0x0000000089d00000, 0x0000000089d00000, 0x0000000089e00000|  0%| F|  |TAMS 0x0000000089d00000, 0x0000000089d00000| Untracked 
| 158|0x0000000089e00000, 0x0000000089e00000, 0x0000000089f00000|  0%| F|  |TAMS 0x0000000089e00000, 0x0000000089e00000| Untracked 
| 159|0x0000000089f00000, 0x0000000089f00000, 0x000000008a000000|  0%| F|  |TAMS 0x0000000089f00000, 0x0000000089f00000| Untracked 
| 160|0x000000008a000000, 0x000000008a000000, 0x000000008a100000|  0%| F|  |TAMS 0x000000008a000000, 0x000000008a000000| Untracked 
| 161|0x000000008a100000, 0x000000008a100000, 0x000000008a200000|  0%| F|  |TAMS 0x000000008a100000, 0x000000008a100000| Untracked 
| 162|0x000000008a200000, 0x000000008a200000, 0x000000008a300000|  0%| F|  |TAMS 0x000000008a200000, 0x000000008a200000| Untracked 
| 163|0x000000008a300000, 0x000000008a300000, 0x000000008a400000|  0%| F|  |TAMS 0x000000008a300000, 0x000000008a300000| Untracked 
| 164|0x000000008a400000, 0x000000008a400000, 0x000000008a500000|  0%| F|  |TAMS 0x000000008a400000, 0x000000008a400000| Untracked 
| 165|0x000000008a500000, 0x000000008a500000, 0x000000008a600000|  0%| F|  |TAMS 0x000000008a500000, 0x000000008a500000| Untracked 
| 166|0x000000008a600000, 0x000000008a600000, 0x000000008a700000|  0%| F|  |TAMS 0x000000008a600000, 0x000000008a600000| Untracked 
| 167|0x000000008a700000, 0x000000008a700000, 0x000000008a800000|  0%| F|  |TAMS 0x000000008a700000, 0x000000008a700000| Untracked 
| 168|0x000000008a800000, 0x000000008a800000, 0x000000008a900000|  0%| F|  |TAMS 0x000000008a800000, 0x000000008a800000| Untracked 
| 169|0x000000008a900000, 0x000000008a900000, 0x000000008aa00000|  0%| F|  |TAMS 0x000000008a900000, 0x000000008a900000| Untracked 
| 170|0x000000008aa00000, 0x000000008aa00000, 0x000000008ab00000|  0%| F|  |TAMS 0x000000008aa00000, 0x000000008aa00000| Untracked 
| 171|0x000000008ab00000, 0x000000008ab00000, 0x000000008ac00000|  0%| F|  |TAMS 0x000000008ab00000, 0x000000008ab00000| Untracked 
| 172|0x000000008ac00000, 0x000000008ac00000, 0x000000008ad00000|  0%| F|  |TAMS 0x000000008ac00000, 0x000000008ac00000| Untracked 
| 173|0x000000008ad00000, 0x000000008ad00000, 0x000000008ae00000|  0%| F|  |TAMS 0x000000008ad00000, 0x000000008ad00000| Untracked 
| 174|0x000000008ae00000, 0x000000008ae00000, 0x000000008af00000|  0%| F|  |TAMS 0x000000008ae00000, 0x000000008ae00000| Untracked 
| 175|0x000000008af00000, 0x000000008af00000, 0x000000008b000000|  0%| F|  |TAMS 0x000000008af00000, 0x000000008af00000| Untracked 
| 176|0x000000008b000000, 0x000000008b000000, 0x000000008b100000|  0%| F|  |TAMS 0x000000008b000000, 0x000000008b000000| Untracked 
| 177|0x000000008b100000, 0x000000008b100000, 0x000000008b200000|  0%| F|  |TAMS 0x000000008b100000, 0x000000008b100000| Untracked 
| 178|0x000000008b200000, 0x000000008b200000, 0x000000008b300000|  0%| F|  |TAMS 0x000000008b200000, 0x000000008b200000| Untracked 
| 179|0x000000008b300000, 0x000000008b300000, 0x000000008b400000|  0%| F|  |TAMS 0x000000008b300000, 0x000000008b300000| Untracked 
| 180|0x000000008b400000, 0x000000008b400000, 0x000000008b500000|  0%| F|  |TAMS 0x000000008b400000, 0x000000008b400000| Untracked 
| 181|0x000000008b500000, 0x000000008b500000, 0x000000008b600000|  0%| F|  |TAMS 0x000000008b500000, 0x000000008b500000| Untracked 
| 182|0x000000008b600000, 0x000000008b600000, 0x000000008b700000|  0%| F|  |TAMS 0x000000008b600000, 0x000000008b600000| Untracked 
| 183|0x000000008b700000, 0x000000008b700000, 0x000000008b800000|  0%| F|  |TAMS 0x000000008b700000, 0x000000008b700000| Untracked 
| 184|0x000000008b800000, 0x000000008b800000, 0x000000008b900000|  0%| F|  |TAMS 0x000000008b800000, 0x000000008b800000| Untracked 
| 185|0x000000008b900000, 0x000000008b900000, 0x000000008ba00000|  0%| F|  |TAMS 0x000000008b900000, 0x000000008b900000| Untracked 
| 186|0x000000008ba00000, 0x000000008ba00000, 0x000000008bb00000|  0%| F|  |TAMS 0x000000008ba00000, 0x000000008ba00000| Untracked 
| 187|0x000000008bb00000, 0x000000008bb00000, 0x000000008bc00000|  0%| F|  |TAMS 0x000000008bb00000, 0x000000008bb00000| Untracked 
| 188|0x000000008bc00000, 0x000000008bc00000, 0x000000008bd00000|  0%| F|  |TAMS 0x000000008bc00000, 0x000000008bc00000| Untracked 
| 189|0x000000008bd00000, 0x000000008bd00000, 0x000000008be00000|  0%| F|  |TAMS 0x000000008bd00000, 0x000000008bd00000| Untracked 
| 190|0x000000008be00000, 0x000000008be69b28, 0x000000008bf00000| 41%| S|CS|TAMS 0x000000008be00000, 0x000000008be00000| Complete 
| 191|0x000000008bf00000, 0x000000008c000000, 0x000000008c000000|100%| S|CS|TAMS 0x000000008bf00000, 0x000000008bf00000| Complete 
| 192|0x000000008c000000, 0x000000008c000000, 0x000000008c100000|  0%| F|  |TAMS 0x000000008c000000, 0x000000008c000000| Untracked 
| 193|0x000000008c100000, 0x000000008c100000, 0x000000008c200000|  0%| F|  |TAMS 0x000000008c100000, 0x000000008c100000| Untracked 
| 194|0x000000008c200000, 0x000000008c200000, 0x000000008c300000|  0%| F|  |TAMS 0x000000008c200000, 0x000000008c200000| Untracked 
| 195|0x000000008c300000, 0x000000008c300000, 0x000000008c400000|  0%| F|  |TAMS 0x000000008c300000, 0x000000008c300000| Untracked 
| 196|0x000000008c400000, 0x000000008c400000, 0x000000008c500000|  0%| F|  |TAMS 0x000000008c400000, 0x000000008c400000| Untracked 
| 197|0x000000008c500000, 0x000000008c500000, 0x000000008c600000|  0%| F|  |TAMS 0x000000008c500000, 0x000000008c500000| Untracked 
| 198|0x000000008c600000, 0x000000008c600000, 0x000000008c700000|  0%| F|  |TAMS 0x000000008c600000, 0x000000008c600000| Untracked 
| 199|0x000000008c700000, 0x000000008c700000, 0x000000008c800000|  0%| F|  |TAMS 0x000000008c700000, 0x000000008c700000| Untracked 
| 200|0x000000008c800000, 0x000000008c800000, 0x000000008c900000|  0%| F|  |TAMS 0x000000008c800000, 0x000000008c800000| Untracked 
| 201|0x000000008c900000, 0x000000008c900000, 0x000000008ca00000|  0%| F|  |TAMS 0x000000008c900000, 0x000000008c900000| Untracked 
| 202|0x000000008ca00000, 0x000000008ca00000, 0x000000008cb00000|  0%| F|  |TAMS 0x000000008ca00000, 0x000000008ca00000| Untracked 
| 203|0x000000008cb00000, 0x000000008cb00000, 0x000000008cc00000|  0%| F|  |TAMS 0x000000008cb00000, 0x000000008cb00000| Untracked 
| 204|0x000000008cc00000, 0x000000008cc00000, 0x000000008cd00000|  0%| F|  |TAMS 0x000000008cc00000, 0x000000008cc00000| Untracked 

Card table byte_map: [0x0000024646cd0000,0x00000246470d0000] _byte_map_base: 0x00000246468d0000

Marking Bits (Prev, Next): (CMBitMap*) 0x000002463413b970, (CMBitMap*) 0x000002463413b930
 Prev Bits: [0x00000246494d0000, 0x000002464b4d0000)
 Next Bits: [0x00000246474d0000, 0x00000246494d0000)

Polling page: 0x0000024632080000

Metaspace:

Usage:
  Non-class:     69.20 MB used.
      Class:     10.92 MB used.
       Both:     80.12 MB used.

Virtual space:
  Non-class space:       72.00 MB reserved,      69.56 MB ( 97%) committed,  9 nodes.
      Class space:        1.00 GB reserved,      11.25 MB (  1%) committed,  1 nodes.
             Both:        1.07 GB reserved,      80.81 MB (  7%) committed. 

Chunk freelists:
   Non-Class:  1.59 MB
       Class:  720.00 KB
        Both:  2.30 MB

MaxMetaspaceSize: unlimited
CompressedClassSpaceSize: 1.00 GB
Initial GC threshold: 21.00 MB
Current GC threshold: 127.75 MB
CDS: off
MetaspaceReclaimPolicy: balanced
 - commit_granule_bytes: 65536.
 - commit_granule_words: 8192.
 - virtual_space_node_default_size: 1048576.
 - enlarge_chunks_in_place: 1.
 - new_chunks_are_fully_committed: 0.
 - uncommit_free_chunks: 1.
 - use_allocation_guard: 0.
 - handle_deallocations: 1.


Internal statistics:

num_allocs_failed_limit: 3.
num_arena_births: 844.
num_arena_deaths: 0.
num_vsnodes_births: 10.
num_vsnodes_deaths: 0.
num_space_committed: 1293.
num_space_uncommitted: 0.
num_chunks_returned_to_freelist: 3.
num_chunks_taken_from_freelist: 3834.
num_chunk_merges: 3.
num_chunk_splits: 2519.
num_chunks_enlarged: 1659.
num_purges: 0.
num_inconsistent_stats: 0.

CodeHeap 'non-profiled nmethods': size=120000Kb used=4733Kb max_used=4733Kb free=115267Kb
 bounds [0x000002463f070000, 0x000002463f510000, 0x00000246465a0000]
CodeHeap 'profiled nmethods': size=120000Kb used=15487Kb max_used=15487Kb free=104513Kb
 bounds [0x00000246375a0000, 0x00000246384c0000, 0x000002463ead0000]
CodeHeap 'non-nmethods': size=5760Kb used=2373Kb max_used=2530Kb free=3386Kb
 bounds [0x000002463ead0000, 0x000002463ed70000, 0x000002463f070000]
 total_blobs=8638 nmethods=7736 adapters=814
 compilation: enabled
              stopped_count=0, restarted_count=0
 full_count=0

Compilation events (20 events):
Event: 9.213 Thread 0x000002464e862ac0 8502       3       org.gradle.tooling.internal.adapter.ProtocolToModelAdapter$MixInTypeMappingAction::<init> (11 bytes)
Event: 9.213 Thread 0x000002464e862ac0 nmethod 8502 0x00000246384bf710 code [0x00000246384bf8c0, 0x00000246384bfb38]
Event: 9.215 Thread 0x000002464f29c3d0 nmethod 8140 0x000002463f4fdc10 code [0x000002463f4fdda0, 0x000002463f4fe138]
Event: 9.215 Thread 0x000002464f29c3d0 8285       4       org.gradle.util.internal.SimpleMapInterner::intern (9 bytes)
Event: 9.216 Thread 0x000002464e85a010 nmethod 8167 0x000002463f4fe410 code [0x000002463f4fe5c0, 0x000002463f4fe898]
Event: 9.216 Thread 0x000002464e85a010 8396       4       java.util.zip.ZipCoder$UTF8ZipCoder::toString (12 bytes)
Event: 9.217 Thread 0x000002464e85a010 nmethod 8396 0x000002463f4feb10 code [0x000002463f4feca0, 0x000002463f4fed48]
Event: 9.217 Thread 0x000002464e85a010 8399       4       java.util.zip.ZipFile$ZipEntryIterator::hasMoreElements (5 bytes)
Event: 9.217 Thread 0x000002464e85a010 nmethod 8399 0x000002463f4fee10 code [0x000002463f4fef80, 0x000002463f4ff018]
Event: 9.217 Thread 0x000002464e85a010 8400       4       java.util.zip.ZipFile$ZipEntryIterator::nextElement (5 bytes)
Event: 9.219 Thread 0x000002464ed28510 nmethod 8004 0x000002463f4ff110 code [0x000002463f4ffa00, 0x000002463f5081e0]
Event: 9.220 Thread 0x000002464ed28510 8452       4       java.lang.reflect.Method::getGenericReturnType (20 bytes)
Event: 9.228 Thread 0x000002464f29c3d0 nmethod 8285 0x000002463f50c410 code [0x000002463f50c5e0, 0x000002463f50cdb8]
Event: 9.228 Thread 0x000002464f29c3d0 8031       4       java.lang.Long::valueOf (40 bytes)
Event: 9.229 Thread 0x000002464f29c3d0 nmethod 8031 0x000002463f50d310 code [0x000002463f50d4a0, 0x000002463f50d598]
Event: 9.229 Thread 0x000002464f29c3d0 8398       4       java.util.zip.ZipEntry::<init> (84 bytes)
Event: 9.232 Thread 0x000002464f29c3d0 nmethod 8398 0x000002463f50d690 code [0x000002463f50d800, 0x000002463f50d9d8]
Event: 9.232 Thread 0x000002464f29c3d0 8397       4       java.util.zip.ZipFile::getZipEntry (322 bytes)
Event: 9.236 Thread 0x000002464e85a010 nmethod 8400 0x000002463f50db10 code [0x000002463f50dce0, 0x000002463f50eb68]
Event: 9.236 Thread 0x000002464e85a010 8401   !   4       java.util.zip.ZipFile$ZipEntryIterator::next (71 bytes)

GC Heap History (20 events):
Event: 5.837 GC heap after
{Heap after GC invocations=32 (full 0):
 garbage-first heap   total 168960K, used 85048K [0x0000000080000000, 0x0000000100000000)
  region size 1024K, 1 young (1024K), 1 survivors (1024K)
 Metaspace       used 58019K, committed 58688K, reserved 1105920K
  class space    used 7758K, committed 8064K, reserved 1048576K
}
Event: 6.548 GC heap before
{Heap before GC invocations=32 (full 0):
 garbage-first heap   total 168960K, used 124984K [0x0000000080000000, 0x0000000100000000)
  region size 1024K, 41 young (41984K), 1 survivors (1024K)
 Metaspace       used 65286K, committed 65984K, reserved 1105920K
  class space    used 8682K, committed 9024K, reserved 1048576K
}
Event: 6.552 GC heap after
{Heap after GC invocations=33 (full 0):
 garbage-first heap   total 168960K, used 87596K [0x0000000080000000, 0x0000000100000000)
  region size 1024K, 3 young (3072K), 3 survivors (3072K)
 Metaspace       used 65286K, committed 65984K, reserved 1105920K
  class space    used 8682K, committed 9024K, reserved 1048576K
}
Event: 7.073 GC heap before
{Heap before GC invocations=34 (full 0):
 garbage-first heap   total 178176K, used 138796K [0x0000000080000000, 0x0000000100000000)
  region size 1024K, 47 young (48128K), 3 survivors (3072K)
 Metaspace       used 68658K, committed 69312K, reserved 1114112K
  class space    used 9120K, committed 9408K, reserved 1048576K
}
Event: 7.079 GC heap after
{Heap after GC invocations=35 (full 0):
 garbage-first heap   total 178176K, used 91129K [0x0000000080000000, 0x0000000100000000)
  region size 1024K, 6 young (6144K), 6 survivors (6144K)
 Metaspace       used 68658K, committed 69312K, reserved 1114112K
  class space    used 9120K, committed 9408K, reserved 1048576K
}
Event: 7.099 GC heap before
{Heap before GC invocations=35 (full 0):
 garbage-first heap   total 178176K, used 93177K [0x0000000080000000, 0x0000000100000000)
  region size 1024K, 8 young (8192K), 6 survivors (6144K)
 Metaspace       used 68813K, committed 69440K, reserved 1114112K
  class space    used 9138K, committed 9408K, reserved 1048576K
}
Event: 7.104 GC heap after
{Heap after GC invocations=36 (full 0):
 garbage-first heap   total 178176K, used 91733K [0x0000000080000000, 0x0000000100000000)
  region size 1024K, 1 young (1024K), 1 survivors (1024K)
 Metaspace       used 68813K, committed 69440K, reserved 1114112K
  class space    used 9138K, committed 9408K, reserved 1048576K
}
Event: 7.501 GC heap before
{Heap before GC invocations=36 (full 0):
 garbage-first heap   total 178176K, used 136789K [0x0000000080000000, 0x0000000100000000)
  region size 1024K, 45 young (46080K), 1 survivors (1024K)
 Metaspace       used 70528K, committed 71168K, reserved 1114112K
  class space    used 9383K, committed 9664K, reserved 1048576K
}
Event: 7.506 GC heap after
{Heap after GC invocations=37 (full 0):
 garbage-first heap   total 178176K, used 94546K [0x0000000080000000, 0x0000000100000000)
  region size 1024K, 4 young (4096K), 4 survivors (4096K)
 Metaspace       used 70528K, committed 71168K, reserved 1114112K
  class space    used 9383K, committed 9664K, reserved 1048576K
}
Event: 8.191 GC heap before
{Heap before GC invocations=38 (full 0):
 garbage-first heap   total 178176K, used 139602K [0x0000000080000000, 0x0000000100000000)
  region size 1024K, 47 young (48128K), 4 survivors (4096K)
 Metaspace       used 75617K, committed 76288K, reserved 1122304K
  class space    used 10270K, committed 10560K, reserved 1048576K
}
Event: 8.197 GC heap after
{Heap after GC invocations=39 (full 0):
 garbage-first heap   total 178176K, used 96943K [0x0000000080000000, 0x0000000100000000)
  region size 1024K, 3 young (3072K), 3 survivors (3072K)
 Metaspace       used 75617K, committed 76288K, reserved 1122304K
  class space    used 10270K, committed 10560K, reserved 1048576K
}
Event: 8.261 GC heap before
{Heap before GC invocations=39 (full 0):
 garbage-first heap   total 178176K, used 102063K [0x0000000080000000, 0x0000000100000000)
  region size 1024K, 8 young (8192K), 3 survivors (3072K)
 Metaspace       used 76059K, committed 76736K, reserved 1122304K
  class space    used 10336K, committed 10624K, reserved 1048576K
}
Event: 8.267 GC heap after
{Heap after GC invocations=40 (full 0):
 garbage-first heap   total 178176K, used 97235K [0x0000000080000000, 0x0000000100000000)
  region size 1024K, 1 young (1024K), 1 survivors (1024K)
 Metaspace       used 76059K, committed 76736K, reserved 1122304K
  class space    used 10336K, committed 10624K, reserved 1048576K
}
Event: 8.524 GC heap before
{Heap before GC invocations=40 (full 0):
 garbage-first heap   total 178176K, used 110547K [0x0000000080000000, 0x0000000100000000)
  region size 1024K, 15 young (15360K), 1 survivors (1024K)
 Metaspace       used 77772K, committed 78464K, reserved 1122304K
  class space    used 10566K, committed 10880K, reserved 1048576K
}
Event: 8.527 GC heap after
{Heap after GC invocations=41 (full 0):
 garbage-first heap   total 178176K, used 98274K [0x0000000080000000, 0x0000000100000000)
  region size 1024K, 2 young (2048K), 2 survivors (2048K)
 Metaspace       used 77772K, committed 78464K, reserved 1122304K
  class space    used 10566K, committed 10880K, reserved 1048576K
}
Event: 9.074 GC heap before
{Heap before GC invocations=42 (full 0):
 garbage-first heap   total 209920K, used 161762K [0x0000000080000000, 0x0000000100000000)
  region size 1024K, 43 young (44032K), 2 survivors (2048K)
 Metaspace       used 80999K, committed 81728K, reserved 1122304K
  class space    used 11054K, committed 11392K, reserved 1048576K
}
Event: 9.080 GC heap after
{Heap after GC invocations=43 (full 0):
 garbage-first heap   total 209920K, used 127081K [0x0000000080000000, 0x0000000100000000)
  region size 1024K, 6 young (6144K), 6 survivors (6144K)
 Metaspace       used 80999K, committed 81728K, reserved 1122304K
  class space    used 11054K, committed 11392K, reserved 1048576K
}
Event: 9.116 GC heap before
{Heap before GC invocations=43 (full 0):
 garbage-first heap   total 209920K, used 131177K [0x0000000080000000, 0x0000000100000000)
  region size 1024K, 10 young (10240K), 6 survivors (6144K)
 Metaspace       used 81329K, committed 82048K, reserved 1122304K
  class space    used 11106K, committed 11456K, reserved 1048576K
}
Event: 9.121 GC heap after
{Heap after GC invocations=44 (full 0):
 garbage-first heap   total 209920K, used 128151K [0x0000000080000000, 0x0000000100000000)
  region size 1024K, 1 young (1024K), 1 survivors (1024K)
 Metaspace       used 81329K, committed 82048K, reserved 1122304K
  class space    used 11106K, committed 11456K, reserved 1048576K
}
Event: 9.239 GC heap before
{Heap before GC invocations=44 (full 0):
 garbage-first heap   total 209920K, used 138391K [0x0000000080000000, 0x0000000100000000)
  region size 1024K, 13 young (13312K), 1 survivors (1024K)
 Metaspace       used 82043K, committed 82752K, reserved 1122304K
  class space    used 11185K, committed 11520K, reserved 1048576K
}

Dll operation events (2 events):
Event: 0.005 Loaded shared library C:\Program Files\Android\Android Studio\jbr\bin\java.dll
Event: 0.277 Loaded shared library C:\Program Files\Android\Android Studio\jbr\bin\verify.dll

Deoptimization events (20 events):
Event: 9.104 Thread 0x000002464fa77ef0 Uncommon trap: trap_request=0xffffffde fr.pc=0x000002463f0c665c relative=0x000000000000005c
Event: 9.104 Thread 0x000002464fa77ef0 Uncommon trap: reason=class_check action=maybe_recompile pc=0x000002463f0c665c method=groovy.lang.MetaMethod.isStatic()Z @ 1 c2
Event: 9.104 Thread 0x000002464fa77ef0 DEOPT PACKING pc=0x000002463f0c665c sp=0x000000f4bebf9b90
Event: 9.104 Thread 0x000002464fa77ef0 DEOPT UNPACKING pc=0x000002463eb269a3 sp=0x000000f4bebf9b18 mode 2
Event: 9.104 Thread 0x000002464fa77ef0 Uncommon trap: trap_request=0xffffffde fr.pc=0x000002463f0c665c relative=0x000000000000005c
Event: 9.104 Thread 0x000002464fa77ef0 Uncommon trap: reason=class_check action=maybe_recompile pc=0x000002463f0c665c method=groovy.lang.MetaMethod.isStatic()Z @ 1 c2
Event: 9.104 Thread 0x000002464fa77ef0 DEOPT PACKING pc=0x000002463f0c665c sp=0x000000f4bebf9b90
Event: 9.104 Thread 0x000002464fa77ef0 DEOPT UNPACKING pc=0x000002463eb269a3 sp=0x000000f4bebf9b18 mode 2
Event: 9.152 Thread 0x000002464fa77ef0 Uncommon trap: trap_request=0xffffffde fr.pc=0x000002463f2d1c10 relative=0x0000000000000c90
Event: 9.152 Thread 0x000002464fa77ef0 Uncommon trap: reason=class_check action=maybe_recompile pc=0x000002463f2d1c10 method=org.codehaus.groovy.reflection.ParameterTypes.getParametersTypes0()V @ 16 c2
Event: 9.152 Thread 0x000002464fa77ef0 DEOPT PACKING pc=0x000002463f2d1c10 sp=0x000000f4bebfaa00
Event: 9.152 Thread 0x000002464fa77ef0 DEOPT UNPACKING pc=0x000002463eb269a3 sp=0x000000f4bebfa988 mode 2
Event: 9.216 Thread 0x000002464fa77ef0 Uncommon trap: trap_request=0xffffffde fr.pc=0x000002463f308a80 relative=0x00000000000003a0
Event: 9.216 Thread 0x000002464fa77ef0 Uncommon trap: reason=class_check action=maybe_recompile pc=0x000002463f308a80 method=java.util.stream.AbstractPipeline.copyIntoWithCancel(Ljava/util/stream/Sink;Ljava/util/Spliterator;)Z @ 32 c2
Event: 9.216 Thread 0x000002464fa77ef0 DEOPT PACKING pc=0x000002463f308a80 sp=0x000000f4bebfb2d0
Event: 9.216 Thread 0x000002464fa77ef0 DEOPT UNPACKING pc=0x000002463eb269a3 sp=0x000000f4bebfb190 mode 2
Event: 9.216 Thread 0x000002464fa77ef0 Uncommon trap: trap_request=0xffffffde fr.pc=0x000002463f2fa0f8 relative=0x0000000000000298
Event: 9.216 Thread 0x000002464fa77ef0 Uncommon trap: reason=class_check action=maybe_recompile pc=0x000002463f2fa0f8 method=java.util.stream.AbstractPipeline.copyIntoWithCancel(Ljava/util/stream/Sink;Ljava/util/Spliterator;)Z @ 32 c2
Event: 9.216 Thread 0x000002464fa77ef0 DEOPT PACKING pc=0x000002463f2fa0f8 sp=0x000000f4bebfb270
Event: 9.216 Thread 0x000002464fa77ef0 DEOPT UNPACKING pc=0x000002463eb269a3 sp=0x000000f4bebfb190 mode 2

Classes unloaded (0 events):
No events

Classes redefined (0 events):
No events

Internal exceptions (20 events):
Event: 9.124 Thread 0x000002464fa77ef0 Exception <a 'java/lang/ClassNotFoundException'{0x000000008cc54828}: org/gradle/internal/extensibility/ExtensionsStorage$ExtensionHolderBeanInfo> (0x000000008cc54828) 
thrown [s\src\hotspot\share\classfile\systemDictionary.cpp, line 256]
Event: 9.124 Thread 0x000002464fa77ef0 Exception <a 'java/lang/ClassNotFoundException'{0x000000008cc5cc20}: org/gradle/internal/extensibility/ExtensionsStorage$ExtensionHolderCustomizer> (0x000000008cc5cc20) 
thrown [s\src\hotspot\share\classfile\systemDictionary.cpp, line 256]
Event: 9.132 Thread 0x000002464fa77ef0 Exception <a 'java/lang/ClassNotFoundException'{0x000000008cb53bf0}: org/gradle/internal/service/scopes/ProjectScopeServicesBeanInfo> (0x000000008cb53bf0) 
thrown [s\src\hotspot\share\classfile\systemDictionary.cpp, line 256]
Event: 9.132 Thread 0x000002464fa77ef0 Exception <a 'java/lang/ClassNotFoundException'{0x000000008cb5bf08}: org/gradle/internal/service/scopes/ProjectScopeServicesCustomizer> (0x000000008cb5bf08) 
thrown [s\src\hotspot\share\classfile\systemDictionary.cpp, line 256]
Event: 9.133 Thread 0x000002464fa77ef0 Exception <a 'java/lang/ClassNotFoundException'{0x000000008cb76df8}: org/gradle/api/internal/catalog/DefaultDependenciesAccessorsBeanInfo> (0x000000008cb76df8) 
thrown [s\src\hotspot\share\classfile\systemDictionary.cpp, line 256]
Event: 9.134 Thread 0x000002464fa77ef0 Exception <a 'java/lang/ClassNotFoundException'{0x000000008cb80d40}: org/gradle/api/internal/catalog/DefaultDependenciesAccessorsCustomizer> (0x000000008cb80d40) 
thrown [s\src\hotspot\share\classfile\systemDictionary.cpp, line 256]
Event: 9.136 Thread 0x000002464fa77ef0 Exception <a 'java/lang/ClassNotFoundException'{0x000000008ca08178}: org/gradle/internal/classpath/DefaultClassPathBeanInfo> (0x000000008ca08178) 
thrown [s\src\hotspot\share\classfile\systemDictionary.cpp, line 256]
Event: 9.137 Thread 0x000002464fa77ef0 Exception <a 'java/lang/ClassNotFoundException'{0x000000008ca10218}: org/gradle/internal/classpath/DefaultClassPathCustomizer> (0x000000008ca10218) 
thrown [s\src\hotspot\share\classfile\systemDictionary.cpp, line 256]
Event: 9.143 Thread 0x000002464fa77ef0 Exception <a 'java/lang/ClassNotFoundException'{0x000000008c926270}: org/gradle/internal/classpath/DefaultClassPath$ImmutableUniqueListBeanInfo> (0x000000008c926270) 
thrown [s\src\hotspot\share\classfile\systemDictionary.cpp, line 256]
Event: 9.143 Thread 0x000002464fa77ef0 Exception <a 'java/lang/ClassNotFoundException'{0x000000008c92a7e0}: java/util/AbstractListBeanInfo> (0x000000008c92a7e0) 
thrown [s\src\hotspot\share\classfile\systemDictionary.cpp, line 256]
Event: 9.143 Thread 0x000002464fa77ef0 Exception <a 'java/lang/ClassNotFoundException'{0x000000008c92ed28}: java/util/AbstractListCustomizer> (0x000000008c92ed28) 
thrown [s\src\hotspot\share\classfile\systemDictionary.cpp, line 256]
Event: 9.144 Thread 0x000002464fa77ef0 Exception <a 'java/lang/ClassNotFoundException'{0x000000008c941f40}: org/gradle/internal/classpath/DefaultClassPath$ImmutableUniqueListCustomizer> (0x000000008c941f40) 
thrown [s\src\hotspot\share\classfile\systemDictionary.cpp, line 256]
Event: 9.151 Thread 0x000002464fa77ef0 Exception <a 'java/lang/ClassNotFoundException'{0x000000008c984ea8}: org/jetbrains/plugins/gradle/model/DefaultDependencyAccessorsModelBeanInfo> (0x000000008c984ea8) 
thrown [s\src\hotspot\share\classfile\systemDictionary.cpp, line 256]
Event: 9.151 Thread 0x000002464fa77ef0 Exception <a 'java/lang/ClassNotFoundException'{0x000000008c98d2b8}: org/jetbrains/plugins/gradle/model/DefaultDependencyAccessorsModelCustomizer> (0x000000008c98d2b8) 
thrown [s\src\hotspot\share\classfile\systemDictionary.cpp, line 256]
Event: 9.157 Thread 0x0000024658880dc0 Exception <a 'java/lang/NoSuchMethodError'{0x000000008c70bfe8}: static Lorg/jetbrains/plugins/gradle/tooling/internal/VersionCatalogsModelImpl;.<clinit>()V> (0x000000008c70bfe8) 
thrown [s\src\hotspot\share\prims\jni.cpp, line 1108]
Event: 9.165 Thread 0x000002464fa77ef0 Exception <a 'java/lang/ClassNotFoundException'{0x000000008c509c30}: org/gradle/api/internal/tasks/DefaultSourceSetContainer_DecoratedBeanInfo> (0x000000008c509c30) 
thrown [s\src\hotspot\share\classfile\systemDictionary.cpp, line 256]
Event: 9.166 Thread 0x000002464fa77ef0 Exception <a 'java/lang/ClassNotFoundException'{0x000000008c513b20}: org/gradle/api/internal/tasks/DefaultSourceSetContainerBeanInfo> (0x000000008c513b20) 
thrown [s\src\hotspot\share\classfile\systemDictionary.cpp, line 256]
Event: 9.166 Thread 0x000002464fa77ef0 Exception <a 'java/lang/ClassNotFoundException'{0x000000008c51da30}: org/gradle/api/internal/tasks/DefaultSourceSetContainerCustomizer> (0x000000008c51da30) 
thrown [s\src\hotspot\share\classfile\systemDictionary.cpp, line 256]
Event: 9.167 Thread 0x000002464fa77ef0 Exception <a 'java/lang/ClassNotFoundException'{0x000000008c533070}: org/gradle/api/internal/tasks/DefaultSourceSetContainer_DecoratedCustomizer> (0x000000008c533070) 
thrown [s\src\hotspot\share\classfile\systemDictionary.cpp, line 256]
Event: 9.216 Thread 0x0000024658880dc0 Exception <a 'java/lang/NoSuchMethodError'{0x000000008c207d48}: static Lorg/jetbrains/plugins/gradle/tooling/serialization/internal/adapter/kotlin/dsl/InternalKotlinDslScriptsModel;.<clinit>()V> (0x000000008c207d48) 
thrown [s\src\hotspot\share\prims\jni.cpp, line 1108]

VM Operations (20 events):
Event: 8.617 Executing VM operation: G1Concurrent done
Event: 8.769 Executing VM operation: HandshakeAllThreads
Event: 8.770 Executing VM operation: HandshakeAllThreads done
Event: 8.771 Executing VM operation: HandshakeAllThreads
Event: 8.771 Executing VM operation: HandshakeAllThreads done
Event: 8.779 Executing VM operation: HandshakeAllThreads
Event: 8.779 Executing VM operation: HandshakeAllThreads done
Event: 8.782 Executing VM operation: HandshakeAllThreads
Event: 8.783 Executing VM operation: HandshakeAllThreads done
Event: 8.903 Executing VM operation: HandshakeAllThreads
Event: 8.904 Executing VM operation: HandshakeAllThreads done
Event: 8.905 Executing VM operation: HandshakeAllThreads
Event: 8.905 Executing VM operation: HandshakeAllThreads done
Event: 8.914 Executing VM operation: ICBufferFull
Event: 8.914 Executing VM operation: ICBufferFull done
Event: 9.074 Executing VM operation: G1CollectForAllocation
Event: 9.080 Executing VM operation: G1CollectForAllocation done
Event: 9.116 Executing VM operation: G1CollectForAllocation
Event: 9.121 Executing VM operation: G1CollectForAllocation done
Event: 9.239 Executing VM operation: G1TryInitiateConcMark

Events (20 events):
Event: 9.105 loading class java/lang/NumberBeanInfo
Event: 9.105 loading class java/lang/NumberBeanInfo done
Event: 9.105 loading class java/lang/NumberCustomizer
Event: 9.105 loading class java/lang/NumberCustomizer done
Event: 9.106 loading class java/lang/NumberCustomizer
Event: 9.106 loading class java/lang/NumberCustomizer done
Event: 9.106 loading class java/lang/IntegerCustomizer
Event: 9.106 loading class java/lang/IntegerCustomizer done
Event: 9.106 loading class java/lang/IntegerCustomizer
Event: 9.106 loading class java/lang/IntegerCustomizer done
Event: 9.106 loading class jdk/internal/ValueBased
Event: 9.106 loading class jdk/internal/ValueBased done
Event: 9.143 loading class java/util/AbstractListBeanInfo
Event: 9.143 loading class java/util/AbstractListBeanInfo done
Event: 9.143 loading class java/util/AbstractListBeanInfo
Event: 9.143 loading class java/util/AbstractListBeanInfo done
Event: 9.143 loading class java/util/AbstractListCustomizer
Event: 9.143 loading class java/util/AbstractListCustomizer done
Event: 9.143 loading class java/util/AbstractListCustomizer
Event: 9.143 loading class java/util/AbstractListCustomizer done


Dynamic libraries:
0x00007ff6ea2c0000 - 0x00007ff6ea2ca000 	C:\Program Files\Android\Android Studio\jbr\bin\java.exe
0x00007ff882650000 - 0x00007ff882867000 	C:\WINDOWS\SYSTEM32\ntdll.dll
0x00007ff881770000 - 0x00007ff881834000 	C:\WINDOWS\System32\KERNEL32.DLL
0x00007ff87f970000 - 0x00007ff87fd1d000 	C:\WINDOWS\System32\KERNELBASE.dll
0x00007ff87fe40000 - 0x00007ff87ff51000 	C:\WINDOWS\System32\ucrtbase.dll
0x00007ff8699d0000 - 0x00007ff8699e7000 	C:\Program Files\Android\Android Studio\jbr\bin\jli.dll
0x00007ff86a0c0000 - 0x00007ff86a0db000 	C:\Program Files\Android\Android Studio\jbr\bin\VCRUNTIME140.dll
0x00007ff882070000 - 0x00007ff88221e000 	C:\WINDOWS\System32\USER32.dll
0x00007ff8801c0000 - 0x00007ff8801e6000 	C:\WINDOWS\System32\win32u.dll
0x00007ff87ebc0000 - 0x00007ff87ee53000 	C:\WINDOWS\WinSxS\amd64_microsoft.windows.common-controls_6595b64144ccf1df_6.0.22621.3672_none_2713b9d173822955\COMCTL32.dll
0x00007ff880880000 - 0x00007ff8808a9000 	C:\WINDOWS\System32\GDI32.dll
0x00007ff882410000 - 0x00007ff8824b7000 	C:\WINDOWS\System32\msvcrt.dll
0x00007ff8801f0000 - 0x00007ff880309000 	C:\WINDOWS\System32\gdi32full.dll
0x00007ff87fd20000 - 0x00007ff87fdba000 	C:\WINDOWS\System32\msvcp_win.dll
0x00007ff881610000 - 0x00007ff881641000 	C:\WINDOWS\System32\IMM32.DLL
0x00007ff87bc10000 - 0x00007ff87bc1c000 	C:\Program Files\Android\Android Studio\jbr\bin\vcruntime140_1.dll
0x00007ff8569b0000 - 0x00007ff856a3d000 	C:\Program Files\Android\Android Studio\jbr\bin\msvcp140.dll
0x00007ff83a280000 - 0x00007ff83aeee000 	C:\Program Files\Android\Android Studio\jbr\bin\server\jvm.dll
0x00007ff882550000 - 0x00007ff882602000 	C:\WINDOWS\System32\ADVAPI32.dll
0x00007ff881840000 - 0x00007ff8818e9000 	C:\WINDOWS\System32\sechost.dll
0x00007ff880190000 - 0x00007ff8801b8000 	C:\WINDOWS\System32\bcrypt.dll
0x00007ff881650000 - 0x00007ff881764000 	C:\WINDOWS\System32\RPCRT4.dll
0x00007ff865090000 - 0x00007ff865099000 	C:\WINDOWS\SYSTEM32\WSOCK32.dll
0x00007ff86cc40000 - 0x00007ff86cc74000 	C:\WINDOWS\SYSTEM32\WINMM.dll
0x00007ff87aa90000 - 0x00007ff87aa9a000 	C:\WINDOWS\SYSTEM32\VERSION.dll
0x00007ff882220000 - 0x00007ff882291000 	C:\WINDOWS\System32\WS2_32.dll
0x00007ff87e180000 - 0x00007ff87e198000 	C:\WINDOWS\SYSTEM32\kernel.appcore.dll
0x00007ff878380000 - 0x00007ff87838a000 	C:\Program Files\Android\Android Studio\jbr\bin\jimage.dll
0x00007ff87f2d0000 - 0x00007ff87f502000 	C:\WINDOWS\SYSTEM32\DBGHELP.DLL
0x00007ff880380000 - 0x00007ff88070e000 	C:\WINDOWS\System32\combase.dll
0x00007ff882310000 - 0x00007ff8823e7000 	C:\WINDOWS\System32\OLEAUT32.dll
0x00007ff87f170000 - 0x00007ff87f1a2000 	C:\WINDOWS\SYSTEM32\dbgcore.DLL
0x00007ff87fdc0000 - 0x00007ff87fe3b000 	C:\WINDOWS\System32\bcryptPrimitives.dll
0x00007ff86a190000 - 0x00007ff86a1b5000 	C:\Program Files\Android\Android Studio\jbr\bin\java.dll
0x00007ff86dc90000 - 0x00007ff86dca8000 	C:\Program Files\Android\Android Studio\jbr\bin\zip.dll
0x00007ff880910000 - 0x00007ff881177000 	C:\WINDOWS\System32\SHELL32.dll
0x00007ff87ce10000 - 0x00007ff87d70f000 	C:\WINDOWS\SYSTEM32\windows.storage.dll
0x00007ff87ccd0000 - 0x00007ff87ce0f000 	C:\WINDOWS\SYSTEM32\wintypes.dll
0x00007ff8811e0000 - 0x00007ff8812d9000 	C:\WINDOWS\System32\SHCORE.dll
0x00007ff881180000 - 0x00007ff8811de000 	C:\WINDOWS\System32\shlwapi.dll
0x00007ff87f8a0000 - 0x00007ff87f8c7000 	C:\WINDOWS\SYSTEM32\profapi.dll
0x00007ff86a170000 - 0x00007ff86a189000 	C:\Program Files\Android\Android Studio\jbr\bin\net.dll
0x00007ff87a8b0000 - 0x00007ff87a9e6000 	C:\WINDOWS\SYSTEM32\WINHTTP.dll
0x00007ff87e740000 - 0x00007ff87e7a9000 	C:\WINDOWS\system32\mswsock.dll
0x00007ff86a150000 - 0x00007ff86a166000 	C:\Program Files\Android\Android Studio\jbr\bin\nio.dll
0x00007ff877f90000 - 0x00007ff877fa0000 	C:\Program Files\Android\Android Studio\jbr\bin\verify.dll
0x00007ff878970000 - 0x00007ff878997000 	C:\Users\scher\.gradle\native\68d5fa5c4cc2d200863cafc0d521ce42e7d3e7ee720ec0a83991735586a16f82\windows-amd64\native-platform.dll
0x00007ff844a80000 - 0x00007ff844bc4000 	C:\Users\scher\.gradle\native\e376f236ea51e6404a007f0833ffe2c6e607c4080706a723a18a27aeea778392\windows-amd64\native-platform-file-events.dll
0x00007ff877f80000 - 0x00007ff877f89000 	C:\Program Files\Android\Android Studio\jbr\bin\management.dll
0x00007ff877f70000 - 0x00007ff877f7b000 	C:\Program Files\Android\Android Studio\jbr\bin\management_ext.dll
0x00007ff8818f0000 - 0x00007ff8818f8000 	C:\WINDOWS\System32\PSAPI.DLL
0x00007ff87f610000 - 0x00007ff87f62b000 	C:\WINDOWS\SYSTEM32\CRYPTSP.dll
0x00007ff87e0e0000 - 0x00007ff87e115000 	C:\WINDOWS\system32\rsaenh.dll
0x00007ff87e9a0000 - 0x00007ff87e9c8000 	C:\WINDOWS\SYSTEM32\USERENV.dll
0x00007ff87ea00000 - 0x00007ff87ea0c000 	C:\WINDOWS\SYSTEM32\CRYPTBASE.dll
0x00007ff87db70000 - 0x00007ff87db9d000 	C:\WINDOWS\SYSTEM32\IPHLPAPI.DLL
0x00007ff880870000 - 0x00007ff880879000 	C:\WINDOWS\System32\NSI.dll
0x00007ff87b020000 - 0x00007ff87b039000 	C:\WINDOWS\SYSTEM32\dhcpcsvc6.DLL
0x00007ff87aaa0000 - 0x00007ff87aabf000 	C:\WINDOWS\SYSTEM32\dhcpcsvc.DLL
0x00007ff87dbf0000 - 0x00007ff87dce8000 	C:\WINDOWS\SYSTEM32\DNSAPI.dll
0x00007ff877f60000 - 0x00007ff877f68000 	C:\WINDOWS\system32\wshunix.dll

dbghelp: loaded successfully - version: 4.0.5 - missing functions: none
symbol engine: initialized successfully - sym options: 0x614 - pdb path: .;C:\Program Files\Android\Android Studio\jbr\bin;C:\WINDOWS\SYSTEM32;C:\WINDOWS\WinSxS\amd64_microsoft.windows.common-controls_6595b64144ccf1df_6.0.22621.3672_none_2713b9d173822955;C:\Program Files\Android\Android Studio\jbr\bin\server;C:\Users\scher\.gradle\native\68d5fa5c4cc2d200863cafc0d521ce42e7d3e7ee720ec0a83991735586a16f82\windows-amd64;C:\Users\scher\.gradle\native\e376f236ea51e6404a007f0833ffe2c6e607c4080706a723a18a27aeea778392\windows-amd64

VM Arguments:
jvm_args: --add-opens=java.base/java.util=ALL-UNNAMED --add-opens=java.base/java.lang=ALL-UNNAMED --add-opens=java.base/java.lang.invoke=ALL-UNNAMED --add-opens=java.prefs/java.util.prefs=ALL-UNNAMED --add-opens=java.base/java.nio.charset=ALL-UNNAMED --add-opens=java.base/java.net=ALL-UNNAMED --add-opens=java.base/java.util.concurrent.atomic=ALL-UNNAMED -Xmx2048m -Dfile.encoding=UTF-8 -Duser.country=BR -Duser.language=pt -Duser.variant 
java_command: org.gradle.launcher.daemon.bootstrap.GradleDaemon 8.0
java_class_path (initial): C:\Users\scher\.gradle\wrapper\dists\gradle-8.0-bin\ca5e32bp14vu59qr306oxotwh\gradle-8.0\lib\gradle-launcher-8.0.jar
Launcher Type: SUN_STANDARD

[Global flags]
     intx CICompilerCount                          = 4                                         {product} {ergonomic}
     uint ConcGCThreads                            = 2                                         {product} {ergonomic}
     uint G1ConcRefinementThreads                  = 8                                         {product} {ergonomic}
   size_t G1HeapRegionSize                         = 1048576                                   {product} {ergonomic}
    uintx GCDrainStackTargetSize                   = 64                                        {product} {ergonomic}
   size_t InitialHeapSize                          = 134217728                                 {product} {ergonomic}
   size_t MarkStackSize                            = 4194304                                   {product} {ergonomic}
   size_t MaxHeapSize                              = 2147483648                                {product} {command line}
   size_t MaxNewSize                               = 1287651328                                {product} {ergonomic}
   size_t MinHeapDeltaBytes                        = 1048576                                   {product} {ergonomic}
   size_t MinHeapSize                              = 8388608                                   {product} {ergonomic}
    uintx NonNMethodCodeHeapSize                   = 5839372                                {pd product} {ergonomic}
    uintx NonProfiledCodeHeapSize                  = 122909434                              {pd product} {ergonomic}
    uintx ProfiledCodeHeapSize                     = 122909434                              {pd product} {ergonomic}
    uintx ReservedCodeCacheSize                    = 251658240                              {pd product} {ergonomic}
     bool SegmentedCodeCache                       = true                                      {product} {ergonomic}
   size_t SoftMaxHeapSize                          = 2147483648                             {manageable} {ergonomic}
     bool UseCompressedClassPointers               = true                           {product lp64_product} {ergonomic}
     bool UseCompressedOops                        = true                           {product lp64_product} {ergonomic}
     bool UseG1GC                                  = true                                      {product} {ergonomic}
     bool UseLargePagesIndividualAllocation        = false                                  {pd product} {ergonomic}

Logging:
Log output configuration:
 #0: stdout all=warning uptime,level,tags
 #1: stderr all=off uptime,level,tags

Environment Variables:
PATH=C:\Program Files\Common Files\Oracle\Java\javapath;C:\Program Files (x86)\Embarcadero\Studio\22.0\bin;C:\Users\Public\Documents\Embarcadero\Studio\22.0\Bpl;C:\Program Files (x86)\Embarcadero\Studio\22.0\bin64;C:\Users\Public\Documents\Embarcadero\Studio\22.0\Bpl\Win64;C:\Program Files (x86)\Embarcadero\Studio\21.0\bin;C:\Users\Public\Documents\Embarcadero\Studio\21.0\Bpl;C:\Program Files (x86)\Embarcadero\Studio\21.0\bin64;C:\Users\Public\Documents\Embarcadero\Studio\21.0\Bpl\Win64;C:\Windows\system32;C:\Windows;C:\Windows\System32\Wbem;C:\Windows\System32\WindowsPowerShell\v1.0\;C:\Windows\System32\OpenSSH\;C:\Program Files (x86)\NVIDIA Corporation\PhysX\Common;C:\Program Files\NVIDIA Corporation\NVIDIA NvDLISR;C:\WINDOWS\system32;C:\WINDOWS;C:\WINDOWS\System32\Wbem;C:\WINDOWS\System32\WindowsPowerShell\v1.0\;C:\WINDOWS\System32\OpenSSH\;C:\Program Files\dotnet\;C:\Program Files (x86)\Windows Kits\10\Windows Performance Toolkit\;C:\Program Files\Git\cmd;C:\Users\scher\AppData\Local\Microsoft\WindowsApps;;C:\Users\scher\AppData\Local\Programs\Microsoft VS Code\bin
USERNAME=scher
OS=Windows_NT
PROCESSOR_IDENTIFIER=Intel64 Family 6 Model 142 Stepping 12, GenuineIntel
TMP=C:\Users\scher\AppData\Local\Temp
TEMP=C:\Users\scher\AppData\Local\Temp


JNI global refs:
JNI global refs: 25, weak refs: 0

JNI global refs memory usage: 843, weak refs: 841


---------------  S Y S T E M  ---------------

OS:
 Windows 11 , 64 bit Build 22621 (10.0.22621.3958)
OS uptime: 0 days 14:10 hours
Hyper-V role detected

CPU: total 8 (initial active 8) (4 cores per cpu, 2 threads per core) family 6 model 142 stepping 12 microcode 0xea, cx8, cmov, fxsr, ht, mmx, 3dnowpref, sse, sse2, sse3, ssse3, sse4.1, sse4.2, popcnt, lzcnt, tsc, tscinvbit, avx, avx2, aes, erms, clmul, bmi1, bmi2, adx, fma, vzeroupper, clflush, clflushopt, hv

Memory: 4k page, system-wide physical 8072M (681M free)
TotalPageFile size 10120M (AvailPageFile size 39M)
current process WorkingSet (physical memory assigned to process): 453M, peak: 465M
current process commit charge ("private bytes"): 493M, peak: 698M

vm_info: OpenJDK 64-Bit Server VM (17.0.6+0-b2043.56-10027231) for windows-amd64 JRE (17.0.6+0-b2043.56-10027231), built on Apr 28 2023 00:43:19 by "androidbuild" with MS VC++ 16.10 / 16.11 (VS2019)

END.
